#
# A fatal error has been detected by the Java Runtime Environment:
#
#  EXCEPTION_ACCESS_VIOLATION (0xc0000005) at pc=0x00007ffac8f882d7, pid=12556, tid=12468
#
# JRE version: OpenJDK Runtime Environment Corretto-17.0.12.7.1 (17.0.12+7) (build 17.0.12+7-LTS)
# Java VM: OpenJDK 64-Bit Server VM Corretto-17.0.12.7.1 (17.0.12+7-LTS, mixed mode, sharing, tiered, compressed oops, compressed class ptrs, g1 gc, windows-amd64)
# Problematic frame:
# C  [glass.dll+0x282d7]
#
# No core dump will be written. Minidumps are not enabled by default on client versions of Windows
#
# If you would like to submit a bug report, please visit:
#   https://github.com/corretto/corretto-17/issues/
#

---------------  S U M M A R Y ------------

Command Line: --module-path=D:\Proyecto Terminal\openjfx-22.0.1_windows-x64_bin-sdk\javafx-sdk-22.0.1\lib --add-modules=javafx.controls,javafx.fxml -javaagent:C:\Program Files\JetBrains\IntelliJ IDEA 2024.1.3\lib\idea_rt.jar=55697:C:\Program Files\JetBrains\IntelliJ IDEA 2024.1.3\bin -Dfile.encoding=UTF-8 optiuam.bc.controller.OptiUAM24

Host: AMD Ryzen 5 3500U with Radeon Vega Mobile Gfx  , 8 cores, 6G,  Windows 11 , 64 bit Build 22621 (10.0.22621.3958)
Time: Thu Aug  8 13:31:51 2024 Hora estándar central (México) elapsed time: 62.812288 seconds (0d 0h 1m 2s)

---------------  T H R E A D  ---------------

Current thread (0x0000020de230a330):  VMThread "VM Thread" [stack: 0x000000fb8aa00000,0x000000fb8ab00000] [id=12468]

Stack: [0x000000fb8aa00000,0x000000fb8ab00000],  sp=0x000000fb8aaff0f0,  free space=1020k
Native frames: (J=compiled Java code, j=interpreted, Vv=VM code, C=native code)
C  [glass.dll+0x282d7]


siginfo: EXCEPTION_ACCESS_VIOLATION (0xc0000005), reading address 0x0000000000000000


Registers:
RAX=0x0000000000000000, RBX=0x0000020de231e758, RCX=0x0000020de230a330, RDX=0x000000fb8aaff0f0
RSP=0x000000fb8aaff0f0, RBP=0x0000020de71e1b18, RSI=0x000000fb8aaff1f8, RDI=0x0000020de71e1af0
R8 =0x0000000000010002, R9 =0x0000020de71e1af0, R10=0x85f13e9656da4870, R11=0x000000fb8aaff080
R12=0x00007ffac8f85be0, R13=0x00007ffa87755fe0, R14=0x0000f01247d1b32e, R15=0x0000020de71e1af0
RIP=0x00007ffac8f882d7, EFLAGS=0x0000000000010206


Register to memory mapping:

RIP=0x00007ffac8f882d7 glass.dll
RAX=0x0 is NULL
RBX=0x0000020de231e758 is a global jni handle
RCX=0x0000020de230a330 points into unknown readable memory: 0x00007ffa87580bb8 | b8 0b 58 87 fa 7f 00 00
RDX=0x000000fb8aaff0f0 points into unknown readable memory: 0x0000000000000000 | 00 00 00 00 00 00 00 00
RSP=0x000000fb8aaff0f0 points into unknown readable memory: 0x0000000000000000 | 00 00 00 00 00 00 00 00
RBP=0x0000020de71e1b18 points into unknown readable memory: 0x0000f01247d1b32e | 2e b3 d1 47 12 f0 00 00
RSI=0x000000fb8aaff1f8 points into unknown readable memory: 0x000000fb8aaff1e0 | e0 f1 af 8a fb 00 00 00
RDI=0x0000020de71e1af0 points into unknown readable memory: 0x15bef012582f0110 | 10 01 2f 58 12 f0 be 15
R8 =0x0000000000010002 is an unknown value
R9 =0x0000020de71e1af0 points into unknown readable memory: 0x15bef012582f0110 | 10 01 2f 58 12 f0 be 15
R10=0x85f13e9656da4870 is an unknown value
R11=0x000000fb8aaff080 points into unknown readable memory: 0x0000020de71e1af0 | f0 1a 1e e7 0d 02 00 00
R12=0x00007ffac8f85be0 glass.dll
R13=0x00007ffa87755fe0 jvm.dll
R14=0x0000f01247d1b32e is an unknown value
R15=0x0000020de71e1af0 points into unknown readable memory: 0x15bef012582f0110 | 10 01 2f 58 12 f0 be 15


Top of Stack: (sp=0x000000fb8aaff0f0)
0x000000fb8aaff0f0:   0000000000000000 000000fb8aaff1f8
0x000000fb8aaff100:   00007ffa87755fe0 00007ffac8f85be0
0x000000fb8aaff110:   0000020de71e1af8 00007ffadf0a3a93
0x000000fb8aaff120:   0000020de71e1af0 0000020d00000000
0x000000fb8aaff130:   0000020de71e1b18 000000fb8aaff1f8
0x000000fb8aaff140:   fffffffffffffffe 0000000000000000
0x000000fb8aaff150:   0000000000000001 00007ffac8f60000
0x000000fb8aaff160:   000000fb8aaff1e8 00007ffadf07042e
0x000000fb8aaff170:   0000000000000000 000000fb8aaff1f8
0x000000fb8aaff180:   000000fb8aaff4e0 0000000000000001
0x000000fb8aaff190:   0000000000000001 00007ffadf06dddd
0x000000fb8aaff1a0:   0000000000000000 00007ffac8f853d9
0x000000fb8aaff1b0:   0000000000000000 000000fb8aaff1e8
0x000000fb8aaff1c0:   fffffffffffffffe 0000000000000001
0x000000fb8aaff1d0:   0000000000000001 00007ffac8f85a6d
0x000000fb8aaff1e0:   00007ffac8f9d078 00007ffa00000002
0x000000fb8aaff1f0:   0000000000000002 000000fb8aaff1e0
0x000000fb8aaff200:   0000000000000000 00007ffae1bf8ae3
0x000000fb8aaff210:   0000000000000000 00007ffac8f85b92
0x000000fb8aaff220:   0000000000000001 000000fb8aaff400
0x000000fb8aaff230:   0000000000000001 0000000000000001
0x000000fb8aaff240:   0000020dc26e0a98 00007ffade612223
0x000000fb8aaff250:   0000020d00000001 0000000000000016
0x000000fb8aaff260:   00007ffac8f60000 000000007ffe0384
0x000000fb8aaff270:   0000000000000000 00007ffae1bf8b7f
0x000000fb8aaff280:   00007ffac8f60000 0000000000000000
0x000000fb8aaff290:   0000000000000001 000000007ffe0385
0x000000fb8aaff2a0:   0000000000000000 00007ffae1c217c9
0x000000fb8aaff2b0:   000058b342654800 0000000000000014
0x000000fb8aaff2c0:   00007ffac8f85be0 0000000000000000
0x000000fb8aaff2d0:   0000000000000000 000000fb89fdd000
0x000000fb8aaff2e0:   0000020de72444a0 00007ffae1c21586 

Instructions: (pc=0x00007ffac8f882d7)
0x00007ffac8f881d7:   8b 4d 58 e8 49 cf ff ff 48 8b 4d 60 e8 40 cf ff
0x00007ffac8f881e7:   ff 48 8b 95 80 00 00 00 48 8b 8d 18 01 00 00 e8
0x00007ffac8f881f7:   26 c5 ff ff 33 d2 33 c9 e8 8c e1 ff ff 90 48 89
0x00007ffac8f88207:   54 24 10 55 48 83 ec 20 48 8b ea 48 b8 00 00 00
0x00007ffac8f88217:   00 00 00 00 00 48 83 c4 20 5d c3 cc 40 55 48 8b
0x00007ffac8f88227:   ea 48 8b 01 33 c9 81 38 05 00 00 c0 0f 94 c1 8b
0x00007ffac8f88237:   c1 5d c3 cc 40 55 48 83 ec 20 48 8b ea 8a 4d 40
0x00007ffac8f88247:   48 83 c4 20 5d e9 33 d3 ff ff cc 40 55 48 83 ec
0x00007ffac8f88257:   20 48 8b ea 8a 4d 20 e8 21 d3 ff ff 90 48 83 c4
0x00007ffac8f88267:   20 5d c3 cc 40 55 48 83 ec 20 48 8b ea 48 83 c4
0x00007ffac8f88277:   20 5d e9 82 d1 ff ff cc 40 55 48 83 ec 30 48 8b
0x00007ffac8f88287:   ea 48 8b 01 8b 10 48 89 4c 24 28 89 54 24 20 4c
0x00007ffac8f88297:   8d 0d 23 d6 ff ff 4c 8b 45 70 8b 55 68 48 8b 4d
0x00007ffac8f882a7:   60 e8 c3 d0 ff ff 90 48 83 c4 30 5d c3 cc cc cc
0x00007ffac8f882b7:   cc cc cc cc cc cc cc cc cc 40 53 48 83 ec 20 48
0x00007ffac8f882c7:   8b 1d 6b 47 01 00 48 85 db 74 16 e8 39 90 ff ff
0x00007ffac8f882d7:   4c 8b 00 48 8b d3 48 8b c8 41 ff 90 b0 00 00 00
0x00007ffac8f882e7:   90 48 83 c4 20 5b c3 cc cc 40 53 48 83 ec 20 48
0x00007ffac8f882f7:   8b 1d ab 48 01 00 48 85 db 74 57 b8 ff ff ff ff
0x00007ffac8f88307:   f0 0f c1 43 10 83 f8 01 75 3d 48 85 db 74 38 48
0x00007ffac8f88317:   8b 0b 48 85 c9 74 0d ff 15 8c 0f 00 00 48 c7 03
0x00007ffac8f88327:   00 00 00 00 48 8b 4b 08 48 85 c9 74 0d e8 ef cd
0x00007ffac8f88337:   ff ff 48 c7 43 08 00 00 00 00 ba 18 00 00 00 48
0x00007ffac8f88347:   8b cb e8 da cd ff ff 48 c7 05 4f 48 01 00 00 00
0x00007ffac8f88357:   00 00 48 83 c4 20 5b c3 cc 40 53 48 83 ec 20 48
0x00007ffac8f88367:   8b 1d 1b 48 01 00 48 85 db 74 57 b8 ff ff ff ff
0x00007ffac8f88377:   f0 0f c1 43 10 83 f8 01 75 3d 48 85 db 74 38 48
0x00007ffac8f88387:   8b 0b 48 85 c9 74 0d ff 15 1c 0f 00 00 48 c7 03
0x00007ffac8f88397:   00 00 00 00 48 8b 4b 08 48 85 c9 74 0d e8 7f cd
0x00007ffac8f883a7:   ff ff 48 c7 43 08 00 00 00 00 ba 18 00 00 00 48
0x00007ffac8f883b7:   8b cb e8 6a cd ff ff 48 c7 05 bf 47 01 00 00 00
0x00007ffac8f883c7:   00 00 48 83 c4 20 5b c3 cc 40 53 48 83 ec 20 48 


Stack slot to memory mapping:
stack at sp + 0 slots: 0x0 is NULL
stack at sp + 1 slots: 0x000000fb8aaff1f8 points into unknown readable memory: 0x000000fb8aaff1e0 | e0 f1 af 8a fb 00 00 00
stack at sp + 2 slots: 0x00007ffa87755fe0 jvm.dll
stack at sp + 3 slots: 0x00007ffac8f85be0 glass.dll
stack at sp + 4 slots: 0x0000020de71e1af8 points into unknown readable memory: 0x0000f01247d1b32e | 2e b3 d1 47 12 f0 00 00
stack at sp + 5 slots: 0x00007ffadf0a3a93 ucrtbase.dll
stack at sp + 6 slots: 0x0000020de71e1af0 points into unknown readable memory: 0x15bef012582f0110 | 10 01 2f 58 12 f0 be 15
stack at sp + 7 slots: 0x0000020d00000000 is an unknown value

VM_Operation (0x000000fb8a1fed40): Exit, mode: safepoint, requested by thread 0x0000020de77001b0


---------------  P R O C E S S  ---------------

Threads class SMR info:
_java_thread_list=0x0000020ded0b0670, length=20, elements={
0x0000020dc48b6f80, 0x0000020de2311350, 0x0000020de23121d0, 0x0000020de2323150,
0x0000020de2325a30, 0x0000020de232e310, 0x0000020de2357c70, 0x0000020de235aa40,
0x0000020de235c360, 0x0000020de22fb4f0, 0x0000020de2630030, 0x0000020de26fe680,
0x0000020de260e540, 0x0000020de730c3f0, 0x0000020de725f950, 0x0000020de7409040,
0x0000020de743ddf0, 0x0000020de76ff790, 0x0000020de76fde40, 0x0000020de77001b0
}

Java Threads: ( => current thread )
  0x0000020dc48b6f80 JavaThread "main" [_thread_blocked, id=14620, stack(0x000000fb8a400000,0x000000fb8a500000)]
  0x0000020de2311350 JavaThread "Reference Handler" daemon [_thread_blocked, id=15376, stack(0x000000fb8ab00000,0x000000fb8ac00000)]
  0x0000020de23121d0 JavaThread "Finalizer" daemon [_thread_blocked, id=11400, stack(0x000000fb8ac00000,0x000000fb8ad00000)]
  0x0000020de2323150 JavaThread "Attach Listener" daemon [_thread_blocked, id=14000, stack(0x000000fb8ae00000,0x000000fb8af00000)]
  0x0000020de2325a30 JavaThread "Service Thread" daemon [_thread_blocked, id=2464, stack(0x000000fb8af00000,0x000000fb8b000000)]
  0x0000020de232e310 JavaThread "Monitor Deflation Thread" daemon [_thread_blocked, id=11316, stack(0x000000fb8b000000,0x000000fb8b100000)]
  0x0000020de2357c70 JavaThread "C2 CompilerThread0" daemon [_thread_blocked, id=4332, stack(0x000000fb8b100000,0x000000fb8b200000)]
  0x0000020de235aa40 JavaThread "C1 CompilerThread0" daemon [_thread_blocked, id=10184, stack(0x000000fb8b200000,0x000000fb8b300000)]
  0x0000020de235c360 JavaThread "Sweeper thread" daemon [_thread_blocked, id=3744, stack(0x000000fb8b300000,0x000000fb8b400000)]
  0x0000020de22fb4f0 JavaThread "Common-Cleaner" daemon [_thread_blocked, id=7164, stack(0x000000fb8b400000,0x000000fb8b500000)]
  0x0000020de2630030 JavaThread "Monitor Ctrl-Break" daemon [_thread_in_native, id=5148, stack(0x000000fb8b600000,0x000000fb8b700000)]
  0x0000020de26fe680 JavaThread "Notification Thread" daemon [_thread_blocked, id=15132, stack(0x000000fb8b700000,0x000000fb8b800000)]
  0x0000020de260e540 JavaThread "QuantumRenderer-0" daemon [_thread_blocked, id=7736, stack(0x000000fb8b500000,0x000000fb8b600000)]
  0x0000020de730c3f0 JavaThread "InvokeLaterDispatcher" daemon [_thread_blocked, id=15664, stack(0x000000fb8bb00000,0x000000fb8bc00000)]
  0x0000020de725f950 JavaThread "JavaFX Application Thread" [_thread_blocked, id=14992, stack(0x000000fb8bc00000,0x000000fb8bd00000)]
  0x0000020de7409040 JavaThread "JavaFX-Launcher" [_thread_blocked, id=4120, stack(0x000000fb8c400000,0x000000fb8c500000)]
  0x0000020de743ddf0 JavaThread "Thread-2" daemon [_thread_in_native, id=3868, stack(0x000000fb8c300000,0x000000fb8c400000)]
  0x0000020de76ff790 JavaThread "Prism Font Disposer" daemon [_thread_blocked, id=16720, stack(0x000000fb8ce00000,0x000000fb8cf00000)]
  0x0000020de76fde40 JavaThread "Cleaner-0" daemon [_thread_blocked, id=10488, stack(0x000000fb8cf00000,0x000000fb8d000000)]
  0x0000020de77001b0 JavaThread "SIGINT handler" daemon [_thread_blocked, id=12120, stack(0x000000fb8a100000,0x000000fb8a200000)]

Other Threads:
=>0x0000020de230a330 VMThread "VM Thread" [stack: 0x000000fb8aa00000,0x000000fb8ab00000] [id=12468]
  0x0000020dc490d770 GCTaskThread "GC Thread#0" [stack: 0x000000fb8a500000,0x000000fb8a600000] [id=14008]
  0x0000020de758afc0 GCTaskThread "GC Thread#1" [stack: 0x000000fb8c600000,0x000000fb8c700000] [id=9028]
  0x0000020de7484630 GCTaskThread "GC Thread#2" [stack: 0x000000fb8c700000,0x000000fb8c800000] [id=13872]
  0x0000020de74848f0 GCTaskThread "GC Thread#3" [stack: 0x000000fb8c800000,0x000000fb8c900000] [id=16700]
  0x0000020de7484bb0 GCTaskThread "GC Thread#4" [stack: 0x000000fb8c900000,0x000000fb8ca00000] [id=12140]
  0x0000020de7484e70 GCTaskThread "GC Thread#5" [stack: 0x000000fb8ca00000,0x000000fb8cb00000] [id=9428]
  0x0000020de7718bd0 GCTaskThread "GC Thread#6" [stack: 0x000000fb8cb00000,0x000000fb8cc00000] [id=4836]
  0x0000020deca08730 GCTaskThread "GC Thread#7" [stack: 0x000000fb8cc00000,0x000000fb8cd00000] [id=7316]
  0x0000020dc491c4c0 ConcurrentGCThread "G1 Main Marker" terminated
  0x0000020dc491cee0 ConcurrentGCThread "G1 Conc#0" [stack: 0x000000fb8a700000,0x000000fb8a800000] [id=7028]
  0x0000020dc496eca0 ConcurrentGCThread "G1 Refine#0" terminated
  0x0000020dec84e930 ConcurrentGCThread "G1 Refine#1" terminated
  0x0000020de21c8820 ConcurrentGCThread "G1 Service" terminated

Threads with active compile tasks:
C1 CompilerThread0  
[error occurred during error reporting (printing all threads), id 0xc0000005, EXCEPTION_ACCESS_VIOLATION (0xc0000005) at pc=0x00007ffa87384d43]

VM state: at safepoint (shutting down)

VM Mutex/Monitor currently owned by a thread:  ([mutex/lock_event])
[0x0000020dc48b19d0] Threads_lock - owner thread: 0x0000020de230a330
[0x0000020dc48b1f70] Heap_lock - owner thread: 0x0000020de77001b0

Heap address: 0x0000000091000000, size: 1776 MB, Compressed Oops mode: 32-bit

CDS archive(s) mapped at: [0x0000020d80000000-0x0000020d80bb0000-0x0000020d80bb0000), size 12255232, SharedBaseAddress: 0x0000020d80000000, ArchiveRelocationMode: 1.
Compressed class space mapped at: 0x0000020d81000000-0x0000020dc1000000, reserved size: 1073741824
Narrow klass base: 0x0000020d80000000, Narrow klass shift: 0, Narrow klass range: 0x100000000

GC Precious Log:
 CPUs: 8 total, 8 available
 Memory: 7103M
 Large Page Support: Disabled
 NUMA Support: Disabled
 Compressed Oops: Enabled (32-bit)
 Heap Region Size: 1M
 Heap Min Capacity: 8M
 Heap Initial Capacity: 112M
 Heap Max Capacity: 1776M
 Pre-touch: Disabled
 Parallel Workers: 8
 Concurrent Workers: 2
 Concurrent Refinement Workers: 8
 Periodic GC: Disabled

Heap:
 garbage-first heap   total 114688K, used 33665K [0x0000000091000000, 0x0000000100000000)
  region size 1024K, 9 young (9216K), 8 survivors (8192K)
 Metaspace       used 21042K, committed 21248K, reserved 1114112K
  class space    used 3101K, committed 3200K, reserved 1048576K

Heap Regions: E=young(eden), S=young(survivor), O=old, HS=humongous(starts), HC=humongous(continues), CS=collection set, F=free, OA=open archive, CA=closed archive, TAMS=top-at-mark-start (previous, next)
|   0|0x0000000091000000, 0x0000000091100000, 0x0000000091100000|100%| O|  |TAMS 0x0000000091000000, 0x0000000091000000| Untracked 
|   1|0x0000000091100000, 0x0000000091200000, 0x0000000091200000|100%| O|  |TAMS 0x0000000091100000, 0x0000000091100000| Untracked 
|   2|0x0000000091200000, 0x0000000091300000, 0x0000000091300000|100%|HS|  |TAMS 0x0000000091200000, 0x0000000091200000| Complete 
|   3|0x0000000091300000, 0x0000000091400000, 0x0000000091400000|100%|HS|  |TAMS 0x0000000091300000, 0x0000000091300000| Complete 
|   4|0x0000000091400000, 0x0000000091500000, 0x0000000091500000|100%|HS|  |TAMS 0x0000000091400000, 0x0000000091400000| Complete 
|   5|0x0000000091500000, 0x0000000091600000, 0x0000000091600000|100%| O|  |TAMS 0x0000000091500000, 0x0000000091500000| Untracked 
|   6|0x0000000091600000, 0x0000000091700000, 0x0000000091700000|100%| O|  |TAMS 0x0000000091600000, 0x0000000091600000| Untracked 
|   7|0x0000000091700000, 0x0000000091800000, 0x0000000091800000|100%| O|  |TAMS 0x0000000091700000, 0x0000000091700000| Untracked 
|   8|0x0000000091800000, 0x0000000091900000, 0x0000000091900000|100%|HS|  |TAMS 0x0000000091800000, 0x0000000091800000| Complete 
|   9|0x0000000091900000, 0x0000000091a00000, 0x0000000091a00000|100%|HC|  |TAMS 0x0000000091900000, 0x0000000091900000| Complete 
|  10|0x0000000091a00000, 0x0000000091b00000, 0x0000000091b00000|100%|HC|  |TAMS 0x0000000091a00000, 0x0000000091a00000| Complete 
|  11|0x0000000091b00000, 0x0000000091c00000, 0x0000000091c00000|100%|HC|  |TAMS 0x0000000091b00000, 0x0000000091b00000| Complete 
|  12|0x0000000091c00000, 0x0000000091d00000, 0x0000000091d00000|100%|HC|  |TAMS 0x0000000091c00000, 0x0000000091c00000| Complete 
|  13|0x0000000091d00000, 0x0000000091e00000, 0x0000000091e00000|100%|HC|  |TAMS 0x0000000091d00000, 0x0000000091d00000| Complete 
|  14|0x0000000091e00000, 0x0000000091f00000, 0x0000000091f00000|100%|HC|  |TAMS 0x0000000091e00000, 0x0000000091e00000| Complete 
|  15|0x0000000091f00000, 0x0000000092000000, 0x0000000092000000|100%|HC|  |TAMS 0x0000000091f00000, 0x0000000091f00000| Complete 
|  16|0x0000000092000000, 0x0000000092100000, 0x0000000092100000|100%|HC|  |TAMS 0x0000000092000000, 0x0000000092000000| Complete 
|  17|0x0000000092100000, 0x0000000092200000, 0x0000000092200000|100%|HC|  |TAMS 0x0000000092100000, 0x0000000092100000| Complete 
|  18|0x0000000092200000, 0x0000000092300000, 0x0000000092300000|100%|HC|  |TAMS 0x0000000092200000, 0x0000000092200000| Complete 
|  19|0x0000000092300000, 0x0000000092400000, 0x0000000092400000|100%|HC|  |TAMS 0x0000000092300000, 0x0000000092300000| Complete 
|  20|0x0000000092400000, 0x0000000092500000, 0x0000000092500000|100%|HC|  |TAMS 0x0000000092400000, 0x0000000092400000| Complete 
|  21|0x0000000092500000, 0x0000000092500000, 0x0000000092600000|  0%| F|  |TAMS 0x0000000092500000, 0x0000000092500000| Untracked 
|  22|0x0000000092600000, 0x0000000092700000, 0x0000000092700000|100%|HS|  |TAMS 0x0000000092600000, 0x0000000092600000| Complete 
|  23|0x0000000092700000, 0x0000000092800000, 0x0000000092800000|100%|HC|  |TAMS 0x0000000092700000, 0x0000000092700000| Complete 
|  24|0x0000000092800000, 0x0000000092900000, 0x0000000092900000|100%|HS|  |TAMS 0x0000000092800000, 0x0000000092800000| Complete 
|  25|0x0000000092900000, 0x0000000092900000, 0x0000000092a00000|  0%| F|  |TAMS 0x0000000092900000, 0x0000000092900000| Untracked 
|  26|0x0000000092a00000, 0x0000000092ae0600, 0x0000000092b00000| 87%| O|  |TAMS 0x0000000092a00000, 0x0000000092a00000| Untracked 
|  27|0x0000000092b00000, 0x0000000092b00000, 0x0000000092c00000|  0%| F|  |TAMS 0x0000000092b00000, 0x0000000092b00000| Untracked 
|  28|0x0000000092c00000, 0x0000000092c00000, 0x0000000092d00000|  0%| F|  |TAMS 0x0000000092c00000, 0x0000000092c00000| Untracked 
|  29|0x0000000092d00000, 0x0000000092d00000, 0x0000000092e00000|  0%| F|  |TAMS 0x0000000092d00000, 0x0000000092d00000| Untracked 
|  30|0x0000000092e00000, 0x0000000092e00000, 0x0000000092f00000|  0%| F|  |TAMS 0x0000000092e00000, 0x0000000092e00000| Untracked 
|  31|0x0000000092f00000, 0x0000000092f00000, 0x0000000093000000|  0%| F|  |TAMS 0x0000000092f00000, 0x0000000092f00000| Untracked 
|  32|0x0000000093000000, 0x0000000093000000, 0x0000000093100000|  0%| F|  |TAMS 0x0000000093000000, 0x0000000093000000| Untracked 
|  33|0x0000000093100000, 0x0000000093100000, 0x0000000093200000|  0%| F|  |TAMS 0x0000000093100000, 0x0000000093100000| Untracked 
|  34|0x0000000093200000, 0x0000000093200000, 0x0000000093300000|  0%| F|  |TAMS 0x0000000093200000, 0x0000000093200000| Untracked 
|  35|0x0000000093300000, 0x0000000093300000, 0x0000000093400000|  0%| F|  |TAMS 0x0000000093300000, 0x0000000093300000| Untracked 
|  36|0x0000000093400000, 0x0000000093400000, 0x0000000093500000|  0%| F|  |TAMS 0x0000000093400000, 0x0000000093400000| Untracked 
|  37|0x0000000093500000, 0x0000000093500000, 0x0000000093600000|  0%| F|  |TAMS 0x0000000093500000, 0x0000000093500000| Untracked 
|  38|0x0000000093600000, 0x0000000093600000, 0x0000000093700000|  0%| F|  |TAMS 0x0000000093600000, 0x0000000093600000| Untracked 
|  39|0x0000000093700000, 0x0000000093700000, 0x0000000093800000|  0%| F|  |TAMS 0x0000000093700000, 0x0000000093700000| Untracked 
|  40|0x0000000093800000, 0x0000000093800000, 0x0000000093900000|  0%| F|  |TAMS 0x0000000093800000, 0x0000000093800000| Untracked 
|  41|0x0000000093900000, 0x0000000093900000, 0x0000000093a00000|  0%| F|  |TAMS 0x0000000093900000, 0x0000000093900000| Untracked 
|  42|0x0000000093a00000, 0x0000000093a00000, 0x0000000093b00000|  0%| F|  |TAMS 0x0000000093a00000, 0x0000000093a00000| Untracked 
|  43|0x0000000093b00000, 0x0000000093b00000, 0x0000000093c00000|  0%| F|  |TAMS 0x0000000093b00000, 0x0000000093b00000| Untracked 
|  44|0x0000000093c00000, 0x0000000093c00000, 0x0000000093d00000|  0%| F|  |TAMS 0x0000000093c00000, 0x0000000093c00000| Untracked 
|  45|0x0000000093d00000, 0x0000000093d00000, 0x0000000093e00000|  0%| F|  |TAMS 0x0000000093d00000, 0x0000000093d00000| Untracked 
|  46|0x0000000093e00000, 0x0000000093e00000, 0x0000000093f00000|  0%| F|  |TAMS 0x0000000093e00000, 0x0000000093e00000| Untracked 
|  47|0x0000000093f00000, 0x0000000094000000, 0x0000000094000000|100%| S|CS|TAMS 0x0000000093f00000, 0x0000000093f00000| Complete 
|  48|0x0000000094000000, 0x0000000094100000, 0x0000000094100000|100%| S|CS|TAMS 0x0000000094000000, 0x0000000094000000| Complete 
|  49|0x0000000094100000, 0x0000000094200000, 0x0000000094200000|100%| S|CS|TAMS 0x0000000094100000, 0x0000000094100000| Complete 
|  50|0x0000000094200000, 0x0000000094300000, 0x0000000094300000|100%| S|CS|TAMS 0x0000000094200000, 0x0000000094200000| Complete 
|  51|0x0000000094300000, 0x0000000094400000, 0x0000000094400000|100%| S|CS|TAMS 0x0000000094300000, 0x0000000094300000| Complete 
|  52|0x0000000094400000, 0x0000000094500000, 0x0000000094500000|100%| S|CS|TAMS 0x0000000094400000, 0x0000000094400000| Complete 
|  53|0x0000000094500000, 0x0000000094600000, 0x0000000094600000|100%| S|CS|TAMS 0x0000000094500000, 0x0000000094500000| Complete 
|  54|0x0000000094600000, 0x0000000094700000, 0x0000000094700000|100%| S|CS|TAMS 0x0000000094600000, 0x0000000094600000| Complete 
|  55|0x0000000094700000, 0x0000000094700000, 0x0000000094800000|  0%| F|  |TAMS 0x0000000094700000, 0x0000000094700000| Untracked 
|  56|0x0000000094800000, 0x0000000094800000, 0x0000000094900000|  0%| F|  |TAMS 0x0000000094800000, 0x0000000094800000| Untracked 
|  57|0x0000000094900000, 0x0000000094900000, 0x0000000094a00000|  0%| F|  |TAMS 0x0000000094900000, 0x0000000094900000| Untracked 
|  58|0x0000000094a00000, 0x0000000094a00000, 0x0000000094b00000|  0%| F|  |TAMS 0x0000000094a00000, 0x0000000094a00000| Untracked 
|  59|0x0000000094b00000, 0x0000000094b00000, 0x0000000094c00000|  0%| F|  |TAMS 0x0000000094b00000, 0x0000000094b00000| Untracked 
|  60|0x0000000094c00000, 0x0000000094c00000, 0x0000000094d00000|  0%| F|  |TAMS 0x0000000094c00000, 0x0000000094c00000| Untracked 
|  61|0x0000000094d00000, 0x0000000094d00000, 0x0000000094e00000|  0%| F|  |TAMS 0x0000000094d00000, 0x0000000094d00000| Untracked 
|  62|0x0000000094e00000, 0x0000000094e00000, 0x0000000094f00000|  0%| F|  |TAMS 0x0000000094e00000, 0x0000000094e00000| Untracked 
|  63|0x0000000094f00000, 0x0000000094f00000, 0x0000000095000000|  0%| F|  |TAMS 0x0000000094f00000, 0x0000000094f00000| Untracked 
|  64|0x0000000095000000, 0x0000000095000000, 0x0000000095100000|  0%| F|  |TAMS 0x0000000095000000, 0x0000000095000000| Untracked 
|  65|0x0000000095100000, 0x0000000095100000, 0x0000000095200000|  0%| F|  |TAMS 0x0000000095100000, 0x0000000095100000| Untracked 
|  66|0x0000000095200000, 0x0000000095200000, 0x0000000095300000|  0%| F|  |TAMS 0x0000000095200000, 0x0000000095200000| Untracked 
|  67|0x0000000095300000, 0x0000000095300000, 0x0000000095400000|  0%| F|  |TAMS 0x0000000095300000, 0x0000000095300000| Untracked 
|  68|0x0000000095400000, 0x0000000095400000, 0x0000000095500000|  0%| F|  |TAMS 0x0000000095400000, 0x0000000095400000| Untracked 
|  69|0x0000000095500000, 0x0000000095500000, 0x0000000095600000|  0%| F|  |TAMS 0x0000000095500000, 0x0000000095500000| Untracked 
|  70|0x0000000095600000, 0x0000000095600000, 0x0000000095700000|  0%| F|  |TAMS 0x0000000095600000, 0x0000000095600000| Untracked 
|  71|0x0000000095700000, 0x0000000095700000, 0x0000000095800000|  0%| F|  |TAMS 0x0000000095700000, 0x0000000095700000| Untracked 
|  72|0x0000000095800000, 0x0000000095800000, 0x0000000095900000|  0%| F|  |TAMS 0x0000000095800000, 0x0000000095800000| Untracked 
|  73|0x0000000095900000, 0x0000000095900000, 0x0000000095a00000|  0%| F|  |TAMS 0x0000000095900000, 0x0000000095900000| Untracked 
|  74|0x0000000095a00000, 0x0000000095a00000, 0x0000000095b00000|  0%| F|  |TAMS 0x0000000095a00000, 0x0000000095a00000| Untracked 
|  75|0x0000000095b00000, 0x0000000095b00000, 0x0000000095c00000|  0%| F|  |TAMS 0x0000000095b00000, 0x0000000095b00000| Untracked 
|  76|0x0000000095c00000, 0x0000000095c00000, 0x0000000095d00000|  0%| F|  |TAMS 0x0000000095c00000, 0x0000000095c00000| Untracked 
|  77|0x0000000095d00000, 0x0000000095d00000, 0x0000000095e00000|  0%| F|  |TAMS 0x0000000095d00000, 0x0000000095d00000| Untracked 
|  78|0x0000000095e00000, 0x0000000095e00000, 0x0000000095f00000|  0%| F|  |TAMS 0x0000000095e00000, 0x0000000095e00000| Untracked 
|  79|0x0000000095f00000, 0x0000000095f00000, 0x0000000096000000|  0%| F|  |TAMS 0x0000000095f00000, 0x0000000095f00000| Untracked 
|  80|0x0000000096000000, 0x0000000096000000, 0x0000000096100000|  0%| F|  |TAMS 0x0000000096000000, 0x0000000096000000| Untracked 
|  81|0x0000000096100000, 0x0000000096100000, 0x0000000096200000|  0%| F|  |TAMS 0x0000000096100000, 0x0000000096100000| Untracked 
|  82|0x0000000096200000, 0x0000000096200000, 0x0000000096300000|  0%| F|  |TAMS 0x0000000096200000, 0x0000000096200000| Untracked 
|  83|0x0000000096300000, 0x0000000096300000, 0x0000000096400000|  0%| F|  |TAMS 0x0000000096300000, 0x0000000096300000| Untracked 
|  84|0x0000000096400000, 0x0000000096400000, 0x0000000096500000|  0%| F|  |TAMS 0x0000000096400000, 0x0000000096400000| Untracked 
|  85|0x0000000096500000, 0x0000000096500000, 0x0000000096600000|  0%| F|  |TAMS 0x0000000096500000, 0x0000000096500000| Untracked 
|  86|0x0000000096600000, 0x0000000096600000, 0x0000000096700000|  0%| F|  |TAMS 0x0000000096600000, 0x0000000096600000| Untracked 
|  87|0x0000000096700000, 0x0000000096700000, 0x0000000096800000|  0%| F|  |TAMS 0x0000000096700000, 0x0000000096700000| Untracked 
|  88|0x0000000096800000, 0x0000000096800000, 0x0000000096900000|  0%| F|  |TAMS 0x0000000096800000, 0x0000000096800000| Untracked 
|  89|0x0000000096900000, 0x0000000096900000, 0x0000000096a00000|  0%| F|  |TAMS 0x0000000096900000, 0x0000000096900000| Untracked 
|  90|0x0000000096a00000, 0x0000000096a00000, 0x0000000096b00000|  0%| F|  |TAMS 0x0000000096a00000, 0x0000000096a00000| Untracked 
|  91|0x0000000096b00000, 0x0000000096b00000, 0x0000000096c00000|  0%| F|  |TAMS 0x0000000096b00000, 0x0000000096b00000| Untracked 
|  92|0x0000000096c00000, 0x0000000096c00000, 0x0000000096d00000|  0%| F|  |TAMS 0x0000000096c00000, 0x0000000096c00000| Untracked 
|  93|0x0000000096d00000, 0x0000000096d00000, 0x0000000096e00000|  0%| F|  |TAMS 0x0000000096d00000, 0x0000000096d00000| Untracked 
|  94|0x0000000096e00000, 0x0000000096e00000, 0x0000000096f00000|  0%| F|  |TAMS 0x0000000096e00000, 0x0000000096e00000| Untracked 
|  95|0x0000000096f00000, 0x0000000096f00000, 0x0000000097000000|  0%| F|  |TAMS 0x0000000096f00000, 0x0000000096f00000| Untracked 
|  96|0x0000000097000000, 0x0000000097000000, 0x0000000097100000|  0%| F|  |TAMS 0x0000000097000000, 0x0000000097000000| Untracked 
|  97|0x0000000097100000, 0x0000000097100000, 0x0000000097200000|  0%| F|  |TAMS 0x0000000097100000, 0x0000000097100000| Untracked 
|  98|0x0000000097200000, 0x0000000097200000, 0x0000000097300000|  0%| F|  |TAMS 0x0000000097200000, 0x0000000097200000| Untracked 
|  99|0x0000000097300000, 0x0000000097300000, 0x0000000097400000|  0%| F|  |TAMS 0x0000000097300000, 0x0000000097300000| Untracked 
| 100|0x0000000097400000, 0x0000000097400000, 0x0000000097500000|  0%| F|  |TAMS 0x0000000097400000, 0x0000000097400000| Untracked 
| 101|0x0000000097500000, 0x0000000097500000, 0x0000000097600000|  0%| F|  |TAMS 0x0000000097500000, 0x0000000097500000| Untracked 
| 102|0x0000000097600000, 0x0000000097600000, 0x0000000097700000|  0%| F|  |TAMS 0x0000000097600000, 0x0000000097600000| Untracked 
| 103|0x0000000097700000, 0x0000000097700000, 0x0000000097800000|  0%| F|  |TAMS 0x0000000097700000, 0x0000000097700000| Untracked 
| 104|0x0000000097800000, 0x0000000097800000, 0x0000000097900000|  0%| F|  |TAMS 0x0000000097800000, 0x0000000097800000| Untracked 
| 105|0x0000000097900000, 0x0000000097900000, 0x0000000097a00000|  0%| F|  |TAMS 0x0000000097900000, 0x0000000097900000| Untracked 
| 106|0x0000000097a00000, 0x0000000097a00000, 0x0000000097b00000|  0%| F|  |TAMS 0x0000000097a00000, 0x0000000097a00000| Untracked 
| 107|0x0000000097b00000, 0x0000000097b00000, 0x0000000097c00000|  0%| F|  |TAMS 0x0000000097b00000, 0x0000000097b00000| Untracked 
| 108|0x0000000097c00000, 0x0000000097c00000, 0x0000000097d00000|  0%| F|  |TAMS 0x0000000097c00000, 0x0000000097c00000| Untracked 
| 109|0x0000000097d00000, 0x0000000097d00000, 0x0000000097e00000|  0%| F|  |TAMS 0x0000000097d00000, 0x0000000097d00000| Untracked 
| 110|0x0000000097e00000, 0x0000000097e00000, 0x0000000097f00000|  0%| F|  |TAMS 0x0000000097e00000, 0x0000000097e00000| Untracked 
| 111|0x0000000097f00000, 0x0000000097f90c40, 0x0000000098000000| 56%| E|  |TAMS 0x0000000097f00000, 0x0000000097f00000| Complete 

Card table byte_map: [0x0000020ddbaa0000,0x0000020ddbe20000] _byte_map_base: 0x0000020ddb618000

Marking Bits (Prev, Next): (CMBitMap*) 0x0000020dc490dd90, (CMBitMap*) 0x0000020dc490ddd0
 Prev Bits: [0x0000020ddc1a0000, 0x0000020dddd60000)
 Next Bits: [0x0000020dddd60000, 0x0000020ddf920000)

Polling page: 0x0000020dc27f0000

Metaspace:

Usage:
  Non-class:     17.52 MB used.
      Class:      3.03 MB used.
       Both:     20.55 MB used.

Virtual space:
  Non-class space:       64.00 MB reserved,      17.62 MB ( 28%) committed,  1 nodes.
      Class space:        1.00 GB reserved,       3.12 MB ( <1%) committed,  1 nodes.
             Both:        1.06 GB reserved,      20.75 MB (  2%) committed. 

Chunk freelists:
   Non-Class:  13.62 MB
       Class:  12.89 MB
        Both:  26.52 MB

MaxMetaspaceSize: unlimited
CompressedClassSpaceSize: 1.00 GB
Initial GC threshold: 21.00 MB
Current GC threshold: 21.00 MB
CDS: on
MetaspaceReclaimPolicy: balanced
 - commit_granule_bytes: 65536.
 - commit_granule_words: 8192.
 - virtual_space_node_default_size: 8388608.
 - enlarge_chunks_in_place: 1.
 - new_chunks_are_fully_committed: 0.
 - uncommit_free_chunks: 1.
 - use_allocation_guard: 0.
 - handle_deallocations: 1.


Internal statistics:

num_allocs_failed_limit: 0.
num_arena_births: 312.
num_arena_deaths: 0.
num_vsnodes_births: 2.
num_vsnodes_deaths: 0.
num_space_committed: 332.
num_space_uncommitted: 0.
num_chunks_returned_to_freelist: 0.
num_chunks_taken_from_freelist: 1059.
num_chunk_merges: 0.
num_chunk_splits: 718.
num_chunks_enlarged: 540.
num_inconsistent_stats: 0.

CodeHeap 'non-profiled nmethods': size=120000Kb used=2292Kb max_used=2292Kb free=117707Kb
 bounds [0x0000020dd3eb0000, 0x0000020dd4120000, 0x0000020ddb3e0000]
CodeHeap 'profiled nmethods': size=120000Kb used=10520Kb max_used=10520Kb free=109479Kb
 bounds [0x0000020dcc3e0000, 0x0000020dcce30000, 0x0000020dd3910000]
CodeHeap 'non-nmethods': size=5760Kb used=1450Kb max_used=1473Kb free=4309Kb
 bounds [0x0000020dd3910000, 0x0000020dd3b80000, 0x0000020dd3eb0000]
 total_blobs=5689 nmethods=4878 adapters=722
 compilation: enabled
              stopped_count=0, restarted_count=0
 full_count=0

Compilation events (20 events):
Event: 50.681 Thread 0x0000020de2357c70 nmethod 4870 0x0000020dd40ebb10 code [0x0000020dd40ebcc0, 0x0000020dd40ebe58]
Event: 62.292 Thread 0x0000020de235aa40 4872   !   3       jdk.internal.ref.Cleaner::clean (35 bytes)
Event: 62.292 Thread 0x0000020de2357c70 4871       4       java.util.concurrent.atomic.AtomicLong::addAndGet (14 bytes)
Event: 62.292 Thread 0x0000020de235aa40 nmethod 4872 0x0000020dcce23990 code [0x0000020dcce23ba0, 0x0000020dcce24188]
Event: 62.292 Thread 0x0000020de235aa40 4880       3       java.nio.Bits::unreserveMemory (64 bytes)
Event: 62.292 Thread 0x0000020de2357c70 nmethod 4871 0x0000020dd40ec410 code [0x0000020dd40ec580, 0x0000020dd40ec618]
Event: 62.293 Thread 0x0000020de2357c70 4879       4       jdk.internal.misc.Unsafe::weakCompareAndSetLong (11 bytes)
Event: 62.293 Thread 0x0000020de235aa40 nmethod 4880 0x0000020dcce24410 code [0x0000020dcce245e0, 0x0000020dcce247a8]
Event: 62.293 Thread 0x0000020de235aa40 4877       3       jdk.internal.misc.Unsafe::freeMemory (18 bytes)
Event: 62.293 Thread 0x0000020de235aa40 nmethod 4877 0x0000020dcce24910 code [0x0000020dcce24ae0, 0x0000020dcce24db8]
Event: 62.293 Thread 0x0000020de235aa40 4873  s    3       jdk.internal.ref.Cleaner::remove (89 bytes)
Event: 62.293 Thread 0x0000020de2357c70 nmethod 4879 0x0000020dd40ec710 code [0x0000020dd40ec880, 0x0000020dd40ec918]
Event: 62.293 Thread 0x0000020de235aa40 nmethod 4873 0x0000020dcce24f10 code [0x0000020dcce250e0, 0x0000020dcce25698]
Event: 62.293 Thread 0x0000020de2357c70 4883       4       java.util.concurrent.ConcurrentHashMap::spread (10 bytes)
Event: 62.293 Thread 0x0000020de235aa40 4874       3       java.nio.DirectByteBuffer$Deallocator::run (38 bytes)
Event: 62.294 Thread 0x0000020de2357c70 nmethod 4883 0x0000020dd40eca10 code [0x0000020dd40ecb80, 0x0000020dd40ecbf8]
Event: 62.294 Thread 0x0000020de235aa40 nmethod 4874 0x0000020dcce25810 code [0x0000020dcce25a00, 0x0000020dcce25e28]
Event: 62.294 Thread 0x0000020de235aa40 4876       3       java.util.concurrent.atomic.AtomicLong::decrementAndGet (16 bytes)
Event: 62.294 Thread 0x0000020de235aa40 nmethod 4876 0x0000020dcce25f90 code [0x0000020dcce26120, 0x0000020dcce26258]
Event: 62.294 Thread 0x0000020de235aa40 4884   !   3       java.util.concurrent.ConcurrentHashMap::replaceNode (437 bytes)

GC Heap History (6 events):
Event: 2.010 GC heap before
{Heap before GC invocations=0 (full 0):
 garbage-first heap   total 114688K, used 22528K [0x0000000091000000, 0x0000000100000000)
  region size 1024K, 23 young (23552K), 0 survivors (0K)
 Metaspace       used 4653K, committed 4864K, reserved 1114112K
  class space    used 532K, committed 640K, reserved 1048576K
}
Event: 2.019 GC heap after
{Heap after GC invocations=1 (full 0):
 garbage-first heap   total 114688K, used 4160K [0x0000000091000000, 0x0000000100000000)
  region size 1024K, 3 young (3072K), 3 survivors (3072K)
 Metaspace       used 4653K, committed 4864K, reserved 1114112K
  class space    used 532K, committed 640K, reserved 1048576K
}
Event: 5.333 GC heap before
{Heap before GC invocations=1 (full 0):
 garbage-first heap   total 114688K, used 37952K [0x0000000091000000, 0x0000000100000000)
  region size 1024K, 33 young (33792K), 3 survivors (3072K)
 Metaspace       used 11503K, committed 11712K, reserved 1114112K
  class space    used 1551K, committed 1664K, reserved 1048576K
}
Event: 5.338 GC heap after
{Heap after GC invocations=2 (full 0):
 garbage-first heap   total 114688K, used 10117K [0x0000000091000000, 0x0000000100000000)
  region size 1024K, 4 young (4096K), 4 survivors (4096K)
 Metaspace       used 11503K, committed 11712K, reserved 1114112K
  class space    used 1551K, committed 1664K, reserved 1048576K
}
Event: 62.280 GC heap before
{Heap before GC invocations=2 (full 0):
 garbage-first heap   total 114688K, used 82821K [0x0000000091000000, 0x0000000100000000)
  region size 1024K, 57 young (58368K), 4 survivors (4096K)
 Metaspace       used 21030K, committed 21248K, reserved 1114112K
  class space    used 3099K, committed 3200K, reserved 1048576K
}
Event: 62.291 GC heap after
{Heap after GC invocations=3 (full 0):
 garbage-first heap   total 114688K, used 33665K [0x0000000091000000, 0x0000000100000000)
  region size 1024K, 8 young (8192K), 8 survivors (8192K)
 Metaspace       used 21030K, committed 21248K, reserved 1114112K
  class space    used 3099K, committed 3200K, reserved 1048576K
}

Dll operation events (20 events):
Event: 0.419 Loaded shared library D:\Proyecto Terminal\openjfx-22.0.1_windows-x64_bin-sdk\javafx-sdk-22.0.1\bin\api-ms-win-crt-math-l1-1-0.dll
Event: 0.420 Loaded shared library D:\Proyecto Terminal\openjfx-22.0.1_windows-x64_bin-sdk\javafx-sdk-22.0.1\bin\api-ms-win-crt-multibyte-l1-1-0.dll
Event: 0.423 Loaded shared library D:\Proyecto Terminal\openjfx-22.0.1_windows-x64_bin-sdk\javafx-sdk-22.0.1\bin\api-ms-win-crt-private-l1-1-0.dll
Event: 0.427 Loaded shared library D:\Proyecto Terminal\openjfx-22.0.1_windows-x64_bin-sdk\javafx-sdk-22.0.1\bin\api-ms-win-crt-process-l1-1-0.dll
Event: 0.429 Loaded shared library D:\Proyecto Terminal\openjfx-22.0.1_windows-x64_bin-sdk\javafx-sdk-22.0.1\bin\api-ms-win-crt-runtime-l1-1-0.dll
Event: 0.430 Loaded shared library D:\Proyecto Terminal\openjfx-22.0.1_windows-x64_bin-sdk\javafx-sdk-22.0.1\bin\api-ms-win-crt-stdio-l1-1-0.dll
Event: 0.433 Loaded shared library D:\Proyecto Terminal\openjfx-22.0.1_windows-x64_bin-sdk\javafx-sdk-22.0.1\bin\api-ms-win-crt-string-l1-1-0.dll
Event: 0.435 Loaded shared library D:\Proyecto Terminal\openjfx-22.0.1_windows-x64_bin-sdk\javafx-sdk-22.0.1\bin\api-ms-win-crt-time-l1-1-0.dll
Event: 0.437 Loaded shared library D:\Proyecto Terminal\openjfx-22.0.1_windows-x64_bin-sdk\javafx-sdk-22.0.1\bin\api-ms-win-crt-utility-l1-1-0.dll
Event: 0.439 Loaded shared library D:\Proyecto Terminal\openjfx-22.0.1_windows-x64_bin-sdk\javafx-sdk-22.0.1\bin\ucrtbase.dll
Event: 0.441 Loaded shared library D:\Proyecto Terminal\openjfx-22.0.1_windows-x64_bin-sdk\javafx-sdk-22.0.1\bin\vcruntime140.dll
Event: 0.443 Loaded shared library D:\Proyecto Terminal\openjfx-22.0.1_windows-x64_bin-sdk\javafx-sdk-22.0.1\bin\vcruntime140_1.dll
Event: 0.445 Loaded shared library D:\Proyecto Terminal\openjfx-22.0.1_windows-x64_bin-sdk\javafx-sdk-22.0.1\bin\msvcp140.dll
Event: 0.447 Loaded shared library D:\Proyecto Terminal\openjfx-22.0.1_windows-x64_bin-sdk\javafx-sdk-22.0.1\bin\msvcp140_1.dll
Event: 0.449 Loaded shared library D:\Proyecto Terminal\openjfx-22.0.1_windows-x64_bin-sdk\javafx-sdk-22.0.1\bin\msvcp140_2.dll
Event: 0.518 Loaded shared library D:\Proyecto Terminal\openjfx-22.0.1_windows-x64_bin-sdk\javafx-sdk-22.0.1\bin\prism_d3d.dll
Event: 0.903 Loaded shared library D:\Proyecto Terminal\openjfx-22.0.1_windows-x64_bin-sdk\javafx-sdk-22.0.1\bin\glass.dll
Event: 1.520 Loaded shared library C:\Users\diego\.jdks\corretto-17.0.12\bin\jimage.dll
Event: 2.852 Loaded shared library D:\Proyecto Terminal\openjfx-22.0.1_windows-x64_bin-sdk\javafx-sdk-22.0.1\bin\javafx_font.dll
Event: 7.071 Loaded shared library D:\Proyecto Terminal\openjfx-22.0.1_windows-x64_bin-sdk\javafx-sdk-22.0.1\bin\javafx_iio.dll

Deoptimization events (20 events):
Event: 22.125 Thread 0x0000020de725f950 DEOPT PACKING pc=0x0000020dcce14d85 sp=0x000000fb8bcf9180
Event: 22.125 Thread 0x0000020de725f950 DEOPT UNPACKING pc=0x0000020dd3967143 sp=0x000000fb8bcf8608 mode 0
Event: 22.125 Thread 0x0000020de725f950 DEOPT PACKING pc=0x0000020dcce14d85 sp=0x000000fb8bcf9180
Event: 22.125 Thread 0x0000020de725f950 DEOPT UNPACKING pc=0x0000020dd3967143 sp=0x000000fb8bcf8608 mode 0
Event: 22.125 Thread 0x0000020de725f950 DEOPT PACKING pc=0x0000020dcce14d85 sp=0x000000fb8bcf9180
Event: 22.125 Thread 0x0000020de725f950 DEOPT UNPACKING pc=0x0000020dd3967143 sp=0x000000fb8bcf8608 mode 0
Event: 22.125 Thread 0x0000020de725f950 DEOPT PACKING pc=0x0000020dcce14d85 sp=0x000000fb8bcf9180
Event: 22.125 Thread 0x0000020de725f950 DEOPT UNPACKING pc=0x0000020dd3967143 sp=0x000000fb8bcf8608 mode 0
Event: 22.125 Thread 0x0000020de725f950 DEOPT PACKING pc=0x0000020dcce14d85 sp=0x000000fb8bcf9180
Event: 22.125 Thread 0x0000020de725f950 DEOPT UNPACKING pc=0x0000020dd3967143 sp=0x000000fb8bcf8608 mode 0
Event: 22.126 Thread 0x0000020de725f950 DEOPT PACKING pc=0x0000020dcce14d85 sp=0x000000fb8bcf9180
Event: 22.126 Thread 0x0000020de725f950 DEOPT UNPACKING pc=0x0000020dd3967143 sp=0x000000fb8bcf8608 mode 0
Event: 22.126 Thread 0x0000020de725f950 DEOPT PACKING pc=0x0000020dcce14d85 sp=0x000000fb8bcf9180
Event: 22.126 Thread 0x0000020de725f950 DEOPT UNPACKING pc=0x0000020dd3967143 sp=0x000000fb8bcf8608 mode 0
Event: 22.126 Thread 0x0000020de725f950 DEOPT PACKING pc=0x0000020dcce14d85 sp=0x000000fb8bcf9180
Event: 22.126 Thread 0x0000020de725f950 DEOPT UNPACKING pc=0x0000020dd3967143 sp=0x000000fb8bcf8608 mode 0
Event: 22.126 Thread 0x0000020de725f950 DEOPT PACKING pc=0x0000020dcce14d85 sp=0x000000fb8bcf9180
Event: 22.126 Thread 0x0000020de725f950 DEOPT UNPACKING pc=0x0000020dd3967143 sp=0x000000fb8bcf8608 mode 0
Event: 22.577 Thread 0x0000020de725f950 DEOPT PACKING pc=0x0000020dcce16554 sp=0x000000fb8bcf9150
Event: 22.577 Thread 0x0000020de725f950 DEOPT UNPACKING pc=0x0000020dd3967143 sp=0x000000fb8bcf8730 mode 0

Classes loaded (20 events):
Event: 22.090 Loading class java/beans/PropertyVetoException
Event: 22.090 Loading class java/beans/PropertyVetoException done
Event: 22.091 Loading class javax/swing/event/EventListenerList
Event: 22.091 Loading class javax/swing/event/EventListenerList done
Event: 22.091 Loading class java/beans/PropertyChangeSupport
Event: 22.091 Loading class java/beans/PropertyChangeSupport done
Event: 22.091 Loading class java/beans/PropertyChangeSupport$PropertyChangeListenerMap
Event: 22.092 Loading class java/beans/ChangeListenerMap
Event: 22.092 Loading class java/beans/ChangeListenerMap done
Event: 22.092 Loading class java/beans/PropertyChangeSupport$PropertyChangeListenerMap done
Event: 22.092 Loading class java/beans/PropertyChangeListener
Event: 22.092 Loading class java/beans/PropertyChangeListener done
Event: 22.092 Loading class java/beans/VetoableChangeSupport
Event: 22.092 Loading class java/beans/VetoableChangeSupport done
Event: 22.092 Loading class java/beans/VetoableChangeSupport$VetoableChangeListenerMap
Event: 22.092 Loading class java/beans/VetoableChangeSupport$VetoableChangeListenerMap done
Event: 22.092 Loading class java/beans/VetoableChangeListener
Event: 22.092 Loading class java/beans/VetoableChangeListener done
Event: 62.279 Loading class jdk/internal/misc/Signal$1
Event: 62.279 Loading class jdk/internal/misc/Signal$1 done

Classes unloaded (0 events):
No events

Classes redefined (0 events):
No events

Internal exceptions (20 events):
Event: 5.299 Thread 0x0000020de725f950 Implicit null exception at 0x0000020dd3f3b311 to 0x0000020dd3f3b73c
Event: 5.300 Thread 0x0000020de725f950 Exception <a 'java/lang/NoSuchMethodError'{0x0000000095f1efd0}: 'void java.lang.invoke.DirectMethodHandle$Holder.invokeStaticInit(java.lang.Object, java.lang.Object)'> (0x0000000095f1efd0) 
thrown [s\src\hotspot\share\interpreter\linkResolver.cpp, line 759]
Event: 5.307 Thread 0x0000020de725f950 Exception <a 'java/lang/NoSuchMethodError'{0x0000000095f59390}: 'void java.lang.invoke.DirectMethodHandle$Holder.invokeSpecial(java.lang.Object, java.lang.Object, java.lang.Object, java.lang.Object, java.lang.Object)'> (0x0000000095f59390) 
thrown [s\src\hotspot\share\interpreter\linkResolver.cpp, line 759]
Event: 5.574 Thread 0x0000020de725f950 Exception <a 'java/lang/NoSuchMethodError'{0x00000000978377a0}: 'java.lang.Object java.lang.invoke.DirectMethodHandle$Holder.invokeInterface(java.lang.Object, java.lang.Object, java.lang.Object)'> (0x00000000978377a0) 
thrown [s\src\hotspot\share\interpreter\linkResolver.cpp, line 759]
Event: 5.574 Thread 0x0000020de725f950 Exception <a 'java/lang/IncompatibleClassChangeError'{0x000000009783b128}: Found class java.lang.Object, but interface was expected> (0x000000009783b128) 
thrown [s\src\hotspot\share\interpreter\linkResolver.cpp, line 826]
Event: 5.615 Thread 0x0000020de725f950 Exception <a 'java/lang/NoSuchMethodError'{0x00000000977ee018}: 'void java.lang.invoke.DirectMethodHandle$Holder.invokeSpecialIFC(java.lang.Object, java.lang.Object, java.lang.Object, java.lang.Object)'> (0x00000000977ee018) 
thrown [s\src\hotspot\share\interpreter\linkResolver.cpp, line 759]
Event: 5.771 Thread 0x0000020de725f950 Exception <a 'java/lang/NoSuchMethodError'{0x0000000097018ef0}: 'void java.lang.invoke.DirectMethodHandle$Holder.invokeSpecial(java.lang.Object, java.lang.Object, java.lang.Object, java.lang.Object, java.lang.Object, java.lang.Object)'> (0x0000000097018ef0) 
thrown [s\src\hotspot\share\interpreter\linkResolver.cpp, line 759]
Event: 6.052 Thread 0x0000020de260e540 Exception <a 'java/lang/NoSuchMethodError'{0x00000000969925f0}: 'java.lang.Object java.lang.invoke.DirectMethodHandle$Holder.invokeStaticInit(java.lang.Object, int)'> (0x00000000969925f0) 
thrown [s\src\hotspot\share\interpreter\linkResolver.cpp, line 759]
Event: 6.985 Thread 0x0000020de725f950 Exception <a 'java/lang/NoSuchMethodError'{0x000000009667d888}: 'long java.lang.invoke.DirectMethodHandle$Holder.invokeStatic(java.lang.Object, java.lang.Object, java.lang.Object)'> (0x000000009667d888) 
thrown [s\src\hotspot\share\interpreter\linkResolver.cpp, line 759]
Event: 6.985 Thread 0x0000020de725f950 Exception <a 'java/lang/NoSuchMethodError'{0x0000000096681030}: 'long java.lang.invoke.DirectMethodHandle$Holder.invokeStaticInit(java.lang.Object, java.lang.Object, java.lang.Object)'> (0x0000000096681030) 
thrown [s\src\hotspot\share\interpreter\linkResolver.cpp, line 759]
Event: 6.989 Thread 0x0000020de725f950 Exception <a 'java/lang/NoSuchMethodError'{0x0000000096698e08}: 'java.lang.Object java.lang.invoke.DirectMethodHandle$Holder.newInvokeSpecial(java.lang.Object, java.lang.Object, long)'> (0x0000000096698e08) 
thrown [s\src\hotspot\share\interpreter\linkResolver.cpp, line 759]
Event: 6.990 Thread 0x0000020de725f950 Exception <a 'java/lang/NoSuchMethodError'{0x000000009669c978}: 'java.lang.Object java.lang.invoke.Invokers$Holder.linkToTargetMethod(java.lang.Object, long, java.lang.Object)'> (0x000000009669c978) 
thrown [s\src\hotspot\share\interpreter\linkResolver.cpp, line 759]
Event: 7.234 Thread 0x0000020de725f950 Exception <a 'java/lang/ClassNotFoundException'{0x0000000095f68088}: com/sun/javafx/scene/control/skin/resources/controls> (0x0000000095f68088) 
thrown [s\src\hotspot\share\prims\jni.cpp, line 535]
Event: 7.235 Thread 0x0000020de725f950 Exception <a 'java/lang/ClassNotFoundException'{0x0000000095f76a58}: com/sun/javafx/scene/control/skin/resources/controls_es> (0x0000000095f76a58) 
thrown [s\src\hotspot\share\prims\jni.cpp, line 535]
Event: 7.236 Thread 0x0000020de725f950 Exception <a 'java/lang/ClassNotFoundException'{0x0000000095f84eb8}: com/sun/javafx/scene/control/skin/resources/controls_es_MX> (0x0000000095f84eb8) 
thrown [s\src\hotspot\share\prims\jni.cpp, line 535]
Event: 7.269 Thread 0x0000020de725f950 Exception <a 'java/lang/NoSuchMethodError'{0x0000000095af7858}: 'int java.lang.invoke.DirectMethodHandle$Holder.invokeSpecial(java.lang.Object, java.lang.Object, int)'> (0x0000000095af7858) 
thrown [s\src\hotspot\share\interpreter\linkResolver.cpp, line 759]
Event: 8.693 Thread 0x0000020de725f950 Exception <a 'java/lang/NoSuchMethodError'{0x0000000095106c10}: 'void java.lang.invoke.DirectMethodHandle$Holder.invokeVirtual(java.lang.Object, java.lang.Object)'> (0x0000000095106c10) 
thrown [s\src\hotspot\share\interpreter\linkResolver.cpp, line 759]
Event: 9.534 Thread 0x0000020de725f950 Exception <a 'java/lang/NoSuchMethodError'{0x0000000095140668}: 'java.lang.Object java.lang.invoke.DirectMethodHandle$Holder.newInvokeSpecial(java.lang.Object, java.lang.Object, int, int, int, int, int, java.lang.Object)'> (0x0000000095140668) 
thrown [s\src\hotspot\share\interpreter\linkResolver.cpp, line 759]
Event: 9.538 Thread 0x0000020de725f950 Exception <a 'java/lang/NoSuchMethodError'{0x0000000095153b90}: 'java.lang.Object java.lang.invoke.DirectMethodHandle$Holder.newInvokeSpecial(java.lang.Object, java.lang.Object, java.lang.Object, int, int, int, int, int)'> (0x0000000095153b90) 
thrown [s\src\hotspot\share\interpreter\linkResolver.cpp, line 759]
Event: 9.540 Thread 0x0000020de725f950 Exception <a 'java/lang/NoSuchMethodError'{0x000000009515bbe8}: 'java.lang.Object java.lang.invoke.Invokers$Holder.linkToTargetMethod(java.lang.Object, java.lang.Object, int, int, int, int, int, java.lang.Object)'> (0x000000009515bbe8) 
thrown [s\src\hotspot\share\interpreter\linkResolver.cpp, line 759]

VM Operations (20 events):
Event: 14.699 Executing VM operation: Cleanup done
Event: 16.699 Executing VM operation: Cleanup
Event: 16.699 Executing VM operation: Cleanup done
Event: 18.700 Executing VM operation: Cleanup
Event: 18.700 Executing VM operation: Cleanup done
Event: 19.701 Executing VM operation: Cleanup
Event: 19.701 Executing VM operation: Cleanup done
Event: 20.701 Executing VM operation: Cleanup
Event: 20.701 Executing VM operation: Cleanup done
Event: 21.702 Executing VM operation: Cleanup
Event: 21.702 Executing VM operation: Cleanup done
Event: 22.702 Executing VM operation: Cleanup
Event: 22.702 Executing VM operation: Cleanup done
Event: 50.836 Executing VM operation: Cleanup
Event: 50.836 Executing VM operation: Cleanup done
Event: 60.221 Executing VM operation: HandshakeAllThreads
Event: 60.221 Executing VM operation: HandshakeAllThreads done
Event: 62.279 Executing VM operation: G1CollectForAllocation
Event: 62.291 Executing VM operation: G1CollectForAllocation done
Event: 62.294 Executing VM operation: Exit

Events (20 events):
Event: 0.914 Thread 0x0000020de730c3f0 Thread added: 0x0000020de730c3f0
Event: 1.002 Thread 0x0000020de725f950 Thread added: 0x0000020de725f950
Event: 1.860 Thread 0x0000020de7409040 Thread added: 0x0000020de7409040
Event: 1.862 Thread 0x0000020de743ddf0 Thread added: 0x0000020de743ddf0
Event: 1.980 Thread 0x0000020de7483230 Thread added: 0x0000020de7483230
Event: 2.766 Thread 0x0000020de76ff790 Thread added: 0x0000020de76ff790
Event: 2.942 Thread 0x0000020de7483230 Thread exited: 0x0000020de7483230
Event: 5.169 Thread 0x0000020de76ff790 Thread exited: 0x0000020de76ff790
Event: 5.260 Thread 0x0000020decaa5940 Thread added: 0x0000020decaa5940
Event: 5.570 Thread 0x0000020de76ff790 Thread added: 0x0000020de76ff790
Event: 6.013 Thread 0x0000020de76fde40 Thread added: 0x0000020de76fde40
Event: 6.467 Thread 0x0000020decaa5940 Thread exited: 0x0000020decaa5940
Event: 6.793 Thread 0x0000020decaa5940 Thread added: 0x0000020decaa5940
Event: 7.760 Thread 0x0000020decaa5940 Thread exited: 0x0000020decaa5940
Event: 62.279 Thread 0x0000020de77001b0 Thread added: 0x0000020de77001b0
Event: 62.291 Thread 0x0000020de77006c0 Thread added: 0x0000020de77006c0
Event: 62.291 Thread 0x0000020de7700bd0 Thread added: 0x0000020de7700bd0
Event: 62.292 Thread 0x0000020de77006c0 Thread exited: 0x0000020de77006c0
Event: 62.294 Thread 0x0000020de7700bd0 Thread exited: 0x0000020de7700bd0
Event: 62.294 Thread 0x0000020de2322680 Thread exited: 0x0000020de2322680


Dynamic libraries:
0x00007ff7df590000 - 0x00007ff7df59e000 	C:\Users\diego\.jdks\corretto-17.0.12\bin\java.exe
0x00007ffae1bd0000 - 0x00007ffae1de7000 	C:\Windows\SYSTEM32\ntdll.dll
0x00007ffae0ac0000 - 0x00007ffae0b84000 	C:\Windows\System32\KERNEL32.DLL
0x00007ffadf1a0000 - 0x00007ffadf54d000 	C:\Windows\System32\KERNELBASE.dll
0x00007ffadf050000 - 0x00007ffadf161000 	C:\Windows\System32\ucrtbase.dll
0x00007ffad9310000 - 0x00007ffad9327000 	C:\Users\diego\.jdks\corretto-17.0.12\bin\jli.dll
0x00007ffad95d0000 - 0x00007ffad95eb000 	C:\Users\diego\.jdks\corretto-17.0.12\bin\VCRUNTIME140.dll
0x00007ffae0620000 - 0x00007ffae07ce000 	C:\Windows\System32\USER32.dll
0x00007ffadf170000 - 0x00007ffadf196000 	C:\Windows\System32\win32u.dll
0x00007ffac5e80000 - 0x00007ffac6113000 	C:\Windows\WinSxS\amd64_microsoft.windows.common-controls_6595b64144ccf1df_6.0.22621.3672_none_2713b9d173822955\COMCTL32.dll
0x00007ffadf990000 - 0x00007ffadf9b9000 	C:\Windows\System32\GDI32.dll
0x00007ffae0570000 - 0x00007ffae0617000 	C:\Windows\System32\msvcrt.dll
0x00007ffadf5c0000 - 0x00007ffadf6d9000 	C:\Windows\System32\gdi32full.dll
0x00007ffadefb0000 - 0x00007ffadf04a000 	C:\Windows\System32\msvcp_win.dll
0x00007ffae03c0000 - 0x00007ffae03f1000 	C:\Windows\System32\IMM32.DLL
0x00007ffadad00000 - 0x00007ffadad0c000 	C:\Users\diego\.jdks\corretto-17.0.12\bin\vcruntime140_1.dll
0x00007fface0f0000 - 0x00007fface17d000 	C:\Users\diego\.jdks\corretto-17.0.12\bin\msvcp140.dll
0x00007ffa86b90000 - 0x00007ffa877fa000 	C:\Users\diego\.jdks\corretto-17.0.12\bin\server\jvm.dll
0x00007ffae1ad0000 - 0x00007ffae1b82000 	C:\Windows\System32\ADVAPI32.dll
0x00007ffae11d0000 - 0x00007ffae1279000 	C:\Windows\System32\sechost.dll
0x00007ffadf8d0000 - 0x00007ffadf8f8000 	C:\Windows\System32\bcrypt.dll
0x00007ffae1670000 - 0x00007ffae1784000 	C:\Windows\System32\RPCRT4.dll
0x00007ffae04f0000 - 0x00007ffae0561000 	C:\Windows\System32\WS2_32.dll
0x00007ffadedb0000 - 0x00007ffadedfd000 	C:\Windows\SYSTEM32\POWRPROF.dll
0x00007ffadb8f0000 - 0x00007ffadb924000 	C:\Windows\SYSTEM32\WINMM.dll
0x00007ffad7270000 - 0x00007ffad727a000 	C:\Windows\SYSTEM32\VERSION.dll
0x00007ffaded90000 - 0x00007ffadeda3000 	C:\Windows\SYSTEM32\UMPDC.dll
0x00007ffaddf20000 - 0x00007ffaddf38000 	C:\Windows\SYSTEM32\kernel.appcore.dll
0x00007ffad9b40000 - 0x00007ffad9b4a000 	C:\Users\diego\.jdks\corretto-17.0.12\bin\jimage.dll
0x00007ffadc3b0000 - 0x00007ffadc5e2000 	C:\Windows\SYSTEM32\DBGHELP.DLL
0x00007ffae12e0000 - 0x00007ffae166d000 	C:\Windows\System32\combase.dll
0x00007ffae0410000 - 0x00007ffae04e7000 	C:\Windows\System32\OLEAUT32.dll
0x00007ffaa5930000 - 0x00007ffaa5962000 	C:\Windows\SYSTEM32\dbgcore.DLL
0x00007ffadf850000 - 0x00007ffadf8cb000 	C:\Windows\System32\bcryptPrimitives.dll
0x00007ffad9850000 - 0x00007ffad985e000 	C:\Users\diego\.jdks\corretto-17.0.12\bin\instrument.dll
0x00007ffacf820000 - 0x00007ffacf845000 	C:\Users\diego\.jdks\corretto-17.0.12\bin\java.dll
0x00007ffac74b0000 - 0x00007ffac7587000 	C:\Users\diego\.jdks\corretto-17.0.12\bin\jsvml.dll
0x00007ffadfb50000 - 0x00007ffae03b7000 	C:\Windows\System32\SHELL32.dll
0x00007ffadce40000 - 0x00007ffadd73e000 	C:\Windows\SYSTEM32\windows.storage.dll
0x00007ffadcd00000 - 0x00007ffadce3f000 	C:\Windows\SYSTEM32\wintypes.dll
0x00007ffae0be0000 - 0x00007ffae0cd9000 	C:\Windows\System32\SHCORE.dll
0x00007ffae0880000 - 0x00007ffae08de000 	C:\Windows\System32\shlwapi.dll
0x00007ffadee20000 - 0x00007ffadee41000 	C:\Windows\SYSTEM32\profapi.dll
0x00007ffad92f0000 - 0x00007ffad9309000 	C:\Users\diego\.jdks\corretto-17.0.12\bin\net.dll
0x00007ffad8c40000 - 0x00007ffad8d76000 	C:\Windows\SYSTEM32\WINHTTP.dll
0x00007ffade390000 - 0x00007ffade3f9000 	C:\Windows\system32\mswsock.dll
0x00007ffad7b60000 - 0x00007ffad7b76000 	C:\Users\diego\.jdks\corretto-17.0.12\bin\nio.dll
0x00007ffad7580000 - 0x00007ffad7598000 	C:\Users\diego\.jdks\corretto-17.0.12\bin\zip.dll
0x00007ffacf4a0000 - 0x00007ffacf4ba000 	C:\Program Files\JetBrains\IntelliJ IDEA 2024.1.3\bin\breakgen64.dll
0x00007ffad9400000 - 0x00007ffad9409000 	C:\Users\diego\.jdks\corretto-17.0.12\bin\extnet.dll
0x0000020dc47a0000 - 0x0000020dc47a3000 	D:\Proyecto Terminal\openjfx-22.0.1_windows-x64_bin-sdk\javafx-sdk-22.0.1\bin\api-ms-win-core-console-l1-1-0.dll
0x0000020dc47b0000 - 0x0000020dc47b3000 	D:\Proyecto Terminal\openjfx-22.0.1_windows-x64_bin-sdk\javafx-sdk-22.0.1\bin\api-ms-win-core-console-l1-2-0.dll
0x0000020dc47c0000 - 0x0000020dc47c3000 	D:\Proyecto Terminal\openjfx-22.0.1_windows-x64_bin-sdk\javafx-sdk-22.0.1\bin\api-ms-win-core-datetime-l1-1-0.dll
0x0000020dc47d0000 - 0x0000020dc47d3000 	D:\Proyecto Terminal\openjfx-22.0.1_windows-x64_bin-sdk\javafx-sdk-22.0.1\bin\api-ms-win-core-debug-l1-1-0.dll
0x0000020dc47e0000 - 0x0000020dc47e3000 	D:\Proyecto Terminal\openjfx-22.0.1_windows-x64_bin-sdk\javafx-sdk-22.0.1\bin\api-ms-win-core-errorhandling-l1-1-0.dll
0x0000020dc47f0000 - 0x0000020dc47f4000 	D:\Proyecto Terminal\openjfx-22.0.1_windows-x64_bin-sdk\javafx-sdk-22.0.1\bin\api-ms-win-core-file-l1-1-0.dll
0x0000020dc4800000 - 0x0000020dc4803000 	D:\Proyecto Terminal\openjfx-22.0.1_windows-x64_bin-sdk\javafx-sdk-22.0.1\bin\api-ms-win-core-file-l1-2-0.dll
0x0000020dc4810000 - 0x0000020dc4813000 	D:\Proyecto Terminal\openjfx-22.0.1_windows-x64_bin-sdk\javafx-sdk-22.0.1\bin\api-ms-win-core-file-l2-1-0.dll
0x0000020dc4820000 - 0x0000020dc4823000 	D:\Proyecto Terminal\openjfx-22.0.1_windows-x64_bin-sdk\javafx-sdk-22.0.1\bin\api-ms-win-core-handle-l1-1-0.dll
0x0000020dc4830000 - 0x0000020dc4833000 	D:\Proyecto Terminal\openjfx-22.0.1_windows-x64_bin-sdk\javafx-sdk-22.0.1\bin\api-ms-win-core-heap-l1-1-0.dll
0x0000020dc4840000 - 0x0000020dc4843000 	D:\Proyecto Terminal\openjfx-22.0.1_windows-x64_bin-sdk\javafx-sdk-22.0.1\bin\api-ms-win-core-interlocked-l1-1-0.dll
0x0000020dc4850000 - 0x0000020dc4853000 	D:\Proyecto Terminal\openjfx-22.0.1_windows-x64_bin-sdk\javafx-sdk-22.0.1\bin\api-ms-win-core-libraryloader-l1-1-0.dll
0x0000020dc4860000 - 0x0000020dc4863000 	D:\Proyecto Terminal\openjfx-22.0.1_windows-x64_bin-sdk\javafx-sdk-22.0.1\bin\api-ms-win-core-localization-l1-2-0.dll
0x0000020de28d0000 - 0x0000020de28d3000 	D:\Proyecto Terminal\openjfx-22.0.1_windows-x64_bin-sdk\javafx-sdk-22.0.1\bin\api-ms-win-core-memory-l1-1-0.dll
0x0000020de28e0000 - 0x0000020de28e3000 	D:\Proyecto Terminal\openjfx-22.0.1_windows-x64_bin-sdk\javafx-sdk-22.0.1\bin\api-ms-win-core-namedpipe-l1-1-0.dll
0x0000020de28f0000 - 0x0000020de28f3000 	D:\Proyecto Terminal\openjfx-22.0.1_windows-x64_bin-sdk\javafx-sdk-22.0.1\bin\api-ms-win-core-processenvironment-l1-1-0.dll
0x0000020de2900000 - 0x0000020de2903000 	D:\Proyecto Terminal\openjfx-22.0.1_windows-x64_bin-sdk\javafx-sdk-22.0.1\bin\api-ms-win-core-processthreads-l1-1-0.dll
0x0000020de2910000 - 0x0000020de2913000 	D:\Proyecto Terminal\openjfx-22.0.1_windows-x64_bin-sdk\javafx-sdk-22.0.1\bin\api-ms-win-core-processthreads-l1-1-1.dll
0x0000020de2920000 - 0x0000020de2923000 	D:\Proyecto Terminal\openjfx-22.0.1_windows-x64_bin-sdk\javafx-sdk-22.0.1\bin\api-ms-win-core-profile-l1-1-0.dll
0x0000020de2930000 - 0x0000020de2933000 	D:\Proyecto Terminal\openjfx-22.0.1_windows-x64_bin-sdk\javafx-sdk-22.0.1\bin\api-ms-win-core-rtlsupport-l1-1-0.dll
0x0000020de2940000 - 0x0000020de2943000 	D:\Proyecto Terminal\openjfx-22.0.1_windows-x64_bin-sdk\javafx-sdk-22.0.1\bin\api-ms-win-core-string-l1-1-0.dll
0x0000020de2950000 - 0x0000020de2953000 	D:\Proyecto Terminal\openjfx-22.0.1_windows-x64_bin-sdk\javafx-sdk-22.0.1\bin\api-ms-win-core-synch-l1-1-0.dll
0x0000020de2960000 - 0x0000020de2963000 	D:\Proyecto Terminal\openjfx-22.0.1_windows-x64_bin-sdk\javafx-sdk-22.0.1\bin\api-ms-win-core-synch-l1-2-0.dll
0x0000020de2970000 - 0x0000020de2973000 	D:\Proyecto Terminal\openjfx-22.0.1_windows-x64_bin-sdk\javafx-sdk-22.0.1\bin\api-ms-win-core-sysinfo-l1-1-0.dll
0x0000020de2980000 - 0x0000020de2983000 	D:\Proyecto Terminal\openjfx-22.0.1_windows-x64_bin-sdk\javafx-sdk-22.0.1\bin\api-ms-win-core-timezone-l1-1-0.dll
0x0000020de2990000 - 0x0000020de2993000 	D:\Proyecto Terminal\openjfx-22.0.1_windows-x64_bin-sdk\javafx-sdk-22.0.1\bin\api-ms-win-core-util-l1-1-0.dll
0x0000020de29a0000 - 0x0000020de29a3000 	D:\Proyecto Terminal\openjfx-22.0.1_windows-x64_bin-sdk\javafx-sdk-22.0.1\bin\api-ms-win-crt-conio-l1-1-0.dll
0x0000020de29b0000 - 0x0000020de29b4000 	D:\Proyecto Terminal\openjfx-22.0.1_windows-x64_bin-sdk\javafx-sdk-22.0.1\bin\api-ms-win-crt-convert-l1-1-0.dll
0x0000020de29c0000 - 0x0000020de29c3000 	D:\Proyecto Terminal\openjfx-22.0.1_windows-x64_bin-sdk\javafx-sdk-22.0.1\bin\api-ms-win-crt-environment-l1-1-0.dll
0x0000020de29d0000 - 0x0000020de29d3000 	D:\Proyecto Terminal\openjfx-22.0.1_windows-x64_bin-sdk\javafx-sdk-22.0.1\bin\api-ms-win-crt-filesystem-l1-1-0.dll
0x0000020de29e0000 - 0x0000020de29e3000 	D:\Proyecto Terminal\openjfx-22.0.1_windows-x64_bin-sdk\javafx-sdk-22.0.1\bin\api-ms-win-crt-heap-l1-1-0.dll
0x0000020de29f0000 - 0x0000020de29f3000 	D:\Proyecto Terminal\openjfx-22.0.1_windows-x64_bin-sdk\javafx-sdk-22.0.1\bin\api-ms-win-crt-locale-l1-1-0.dll
0x0000020de2a00000 - 0x0000020de2a05000 	D:\Proyecto Terminal\openjfx-22.0.1_windows-x64_bin-sdk\javafx-sdk-22.0.1\bin\api-ms-win-crt-math-l1-1-0.dll
0x0000020de2a10000 - 0x0000020de2a15000 	D:\Proyecto Terminal\openjfx-22.0.1_windows-x64_bin-sdk\javafx-sdk-22.0.1\bin\api-ms-win-crt-multibyte-l1-1-0.dll
0x0000020de2a20000 - 0x0000020de2a30000 	D:\Proyecto Terminal\openjfx-22.0.1_windows-x64_bin-sdk\javafx-sdk-22.0.1\bin\api-ms-win-crt-private-l1-1-0.dll
0x0000020de2a30000 - 0x0000020de2a33000 	D:\Proyecto Terminal\openjfx-22.0.1_windows-x64_bin-sdk\javafx-sdk-22.0.1\bin\api-ms-win-crt-process-l1-1-0.dll
0x0000020de2a40000 - 0x0000020de2a44000 	D:\Proyecto Terminal\openjfx-22.0.1_windows-x64_bin-sdk\javafx-sdk-22.0.1\bin\api-ms-win-crt-runtime-l1-1-0.dll
0x0000020de2a50000 - 0x0000020de2a54000 	D:\Proyecto Terminal\openjfx-22.0.1_windows-x64_bin-sdk\javafx-sdk-22.0.1\bin\api-ms-win-crt-stdio-l1-1-0.dll
0x0000020de2a60000 - 0x0000020de2a64000 	D:\Proyecto Terminal\openjfx-22.0.1_windows-x64_bin-sdk\javafx-sdk-22.0.1\bin\api-ms-win-crt-string-l1-1-0.dll
0x0000020de2a70000 - 0x0000020de2a73000 	D:\Proyecto Terminal\openjfx-22.0.1_windows-x64_bin-sdk\javafx-sdk-22.0.1\bin\api-ms-win-crt-time-l1-1-0.dll
0x0000020de2a80000 - 0x0000020de2a83000 	D:\Proyecto Terminal\openjfx-22.0.1_windows-x64_bin-sdk\javafx-sdk-22.0.1\bin\api-ms-win-crt-utility-l1-1-0.dll
0x00007ffac7230000 - 0x00007ffac732c000 	D:\Proyecto Terminal\openjfx-22.0.1_windows-x64_bin-sdk\javafx-sdk-22.0.1\bin\ucrtbase.dll
0x00007ffacecd0000 - 0x00007ffaceceb000 	D:\Proyecto Terminal\openjfx-22.0.1_windows-x64_bin-sdk\javafx-sdk-22.0.1\bin\vcruntime140.dll
0x00007ffacf490000 - 0x00007ffacf49c000 	D:\Proyecto Terminal\openjfx-22.0.1_windows-x64_bin-sdk\javafx-sdk-22.0.1\bin\vcruntime140_1.dll
0x00007fface060000 - 0x00007fface0ee000 	D:\Proyecto Terminal\openjfx-22.0.1_windows-x64_bin-sdk\javafx-sdk-22.0.1\bin\msvcp140.dll
0x00007ffaceb10000 - 0x00007ffaceb19000 	D:\Proyecto Terminal\openjfx-22.0.1_windows-x64_bin-sdk\javafx-sdk-22.0.1\bin\msvcp140_1.dll
0x00007ffacb630000 - 0x00007ffacb671000 	D:\Proyecto Terminal\openjfx-22.0.1_windows-x64_bin-sdk\javafx-sdk-22.0.1\bin\msvcp140_2.dll
0x00007fface030000 - 0x00007fface060000 	D:\Proyecto Terminal\openjfx-22.0.1_windows-x64_bin-sdk\javafx-sdk-22.0.1\bin\prism_d3d.dll
0x00007ffa93a90000 - 0x00007ffa93c38000 	C:\Windows\system32\d3d9.dll
0x00007ffadbff0000 - 0x00007ffadc01b000 	C:\Windows\SYSTEM32\dwmapi.dll
0x00007ffadbcb0000 - 0x00007ffadbce7000 	C:\Windows\SYSTEM32\dxcore.dll
0x00007ffadbbb0000 - 0x00007ffadbc60000 	C:\Windows\system32\uxtheme.dll
0x00007ffae0910000 - 0x00007ffae0ab5000 	C:\Windows\System32\ole32.dll
0x00007ffad5680000 - 0x00007ffad56c9000 	C:\Windows\SYSTEM32\directxdatabasehelper.dll
0x00007ffac8f60000 - 0x00007ffac8fa5000 	D:\Proyecto Terminal\openjfx-22.0.1_windows-x64_bin-sdk\javafx-sdk-22.0.1\bin\glass.dll
0x00007ffae1790000 - 0x00007ffae188f000 	C:\Windows\System32\COMDLG32.dll
0x00007ffac1350000 - 0x00007ffac13ae000 	C:\Program Files\Huawei\PCManager\plugins\PerfWndMonModule.dll
0x00007ffadf9c0000 - 0x00007ffadfb1b000 	C:\Windows\System32\MSCTF.dll
0x00007ffae07d0000 - 0x00007ffae0880000 	C:\Windows\System32\clbcatq.dll
0x00007ffac9770000 - 0x00007ffac98e5000 	C:\Windows\System32\Windows.UI.dll
0x00007ffac8d40000 - 0x00007ffac8eb5000 	C:\Windows\System32\Windows.UI.Immersive.dll
0x00007ffacd4d0000 - 0x00007ffacd4e5000 	D:\Proyecto Terminal\openjfx-22.0.1_windows-x64_bin-sdk\javafx-sdk-22.0.1\bin\javafx_font.dll
0x00007ffadb310000 - 0x00007ffadb583000 	C:\Windows\SYSTEM32\dwrite.dll
0x00007ffadb9b0000 - 0x00007ffadbb61000 	C:\Windows\SYSTEM32\WindowsCodecs.dll
0x00007ffacc530000 - 0x00007ffacc58e000 	C:\Windows\system32\dataexchange.dll
0x00007ffad4150000 - 0x00007ffad43da000 	C:\Windows\system32\twinapi.appcore.dll
0x00007ffacb5f0000 - 0x00007ffacb622000 	C:\Program Files\Common Files\Microsoft Shared\Ink\rtscom.dll
0x00007ffac91e0000 - 0x00007ffac932e000 	C:\Windows\SYSTEM32\textinputframework.dll
0x00007ffad6d60000 - 0x00007ffad6e93000 	C:\Windows\SYSTEM32\CoreMessaging.dll
0x00007ffad5070000 - 0x00007ffad53dd000 	C:\Windows\SYSTEM32\CoreUIComponents.dll
0x00007ffade610000 - 0x00007ffade61c000 	C:\Windows\SYSTEM32\CRYPTBASE.DLL
0x00007ffac8f30000 - 0x00007ffac8f5d000 	D:\Proyecto Terminal\openjfx-22.0.1_windows-x64_bin-sdk\javafx-sdk-22.0.1\bin\javafx_iio.dll
0x00007ffadad20000 - 0x00007ffadb30e000 	C:\Windows\SYSTEM32\d2d1.dll
0x00007ffadb680000 - 0x00007ffadb8d7000 	C:\Windows\SYSTEM32\d3d11.dll
0x00007ffadbd00000 - 0x00007ffadbdf7000 	C:\Windows\SYSTEM32\dxgi.dll
0x00007ffad4750000 - 0x00007ffad4e61000 	C:\Windows\SYSTEM32\D3D10Warp.dll

dbghelp: loaded successfully - version: 4.0.5 - missing functions: none
symbol engine: initialized successfully - sym options: 0x614 - pdb path: .;C:\Users\diego\.jdks\corretto-17.0.12\bin;C:\Windows\SYSTEM32;C:\Windows\WinSxS\amd64_microsoft.windows.common-controls_6595b64144ccf1df_6.0.22621.3672_none_2713b9d173822955;C:\Users\diego\.jdks\corretto-17.0.12\bin\server;C:\Program Files\JetBrains\IntelliJ IDEA 2024.1.3\bin;D:\Proyecto Terminal\openjfx-22.0.1_windows-x64_bin-sdk\javafx-sdk-22.0.1\bin;C:\Windows\System32\DriverStore\FileRepository\u0355756.inf_amd64_5146fc3a012e7afa\B354291;C:\Program Files\Huawei\PCManager\plugins;C:\Program Files\Common Files\Microsoft Shared\Ink

VM Arguments:
jvm_args: --module-path=D:\Proyecto Terminal\openjfx-22.0.1_windows-x64_bin-sdk\javafx-sdk-22.0.1\lib --add-modules=javafx.controls,javafx.fxml -javaagent:C:\Program Files\JetBrains\IntelliJ IDEA 2024.1.3\lib\idea_rt.jar=55697:C:\Program Files\JetBrains\IntelliJ IDEA 2024.1.3\bin -Dfile.encoding=UTF-8 
java_command: optiuam.bc.controller.OptiUAM24
java_class_path (initial): D:\Proyecto Terminal\Código\OptiUAM24\out\production\OptiUAM24;D:\Proyecto Terminal\Código\OptiUAM24\OptiUAM\Librerias\jfreechart-1.0.19.jar;D:\Proyecto Terminal\Código\OptiUAM24\OptiUAM\Librerias\jcommon-1.0.23.jar;D:\Proyecto Terminal\Código\OptiUAM24\OptiUAM\dist\lib\jcommon-1.0.23.jar;D:\Proyecto Terminal\Código\OptiUAM24\OptiUAM\dist\lib\jfreechart-1.0.19.jar;D:\Proyecto Terminal\openjfx-22.0.1_windows-x64_bin-sdk\javafx-sdk-22.0.1\lib\javafx-swt.jar;D:\Proyecto Terminal\openjfx-22.0.1_windows-x64_bin-sdk\javafx-sdk-22.0.1\lib\javafx.base.jar;D:\Proyecto Terminal\openjfx-22.0.1_windows-x64_bin-sdk\javafx-sdk-22.0.1\lib\javafx.controls.jar;D:\Proyecto Terminal\openjfx-22.0.1_windows-x64_bin-sdk\javafx-sdk-22.0.1\lib\javafx.fxml.jar;D:\Proyecto Terminal\openjfx-22.0.1_windows-x64_bin-sdk\javafx-sdk-22.0.1\lib\javafx.graphics.jar;D:\Proyecto Terminal\openjfx-22.0.1_windows-x64_bin-sdk\javafx-sdk-22.0.1\lib\javafx.media.jar;D:\Proyecto Terminal\openjfx-22.0.1_windows-x64_bin-sdk\javafx-sdk-22.0.1\lib\javafx.swing.jar;D:\Proyecto Terminal\openjfx-22.0.1_windows-x64_bin-sdk\javafx-sdk-22.0.1\lib\javafx.web.jar
Launcher Type: SUN_STANDARD

[Global flags]
     intx CICompilerCount                          = 4                                         {product} {ergonomic}
     uint ConcGCThreads                            = 2                                         {product} {ergonomic}
     uint G1ConcRefinementThreads                  = 8                                         {product} {ergonomic}
   size_t G1HeapRegionSize                         = 1048576                                   {product} {ergonomic}
    uintx GCDrainStackTargetSize                   = 64                                        {product} {ergonomic}
   size_t InitialHeapSize                          = 117440512                                 {product} {ergonomic}
   size_t MarkStackSize                            = 4194304                                   {product} {ergonomic}
   size_t MaxHeapSize                              = 1862270976                                {product} {ergonomic}
   size_t MaxNewSize                               = 1116733440                                {product} {ergonomic}
   size_t MinHeapDeltaBytes                        = 1048576                                   {product} {ergonomic}
   size_t MinHeapSize                              = 8388608                                   {product} {ergonomic}
    uintx NonNMethodCodeHeapSize                   = 5839372                                {pd product} {ergonomic}
    uintx NonProfiledCodeHeapSize                  = 122909434                              {pd product} {ergonomic}
    uintx ProfiledCodeHeapSize                     = 122909434                              {pd product} {ergonomic}
    uintx ReservedCodeCacheSize                    = 251658240                              {pd product} {ergonomic}
     bool SegmentedCodeCache                       = true                                      {product} {ergonomic}
   size_t SoftMaxHeapSize                          = 1862270976                             {manageable} {ergonomic}
     bool UseCompressedClassPointers               = true                           {product lp64_product} {ergonomic}
     bool UseCompressedOops                        = true                           {product lp64_product} {ergonomic}
     bool UseG1GC                                  = true                                      {product} {ergonomic}
     bool UseLargePagesIndividualAllocation        = false                                  {pd product} {ergonomic}

Logging:
Log output configuration:
 #0: stdout all=off uptime,level,tags
 #1: stderr all=off uptime,level,tags

Environment Variables:
PATH=C:\Program Files\Common Files\Oracle\Java\javapath;C:\Users\diego\Desktop\oracle\bin;C:\Windows\system32;C:\Windows;C:\Windows\System32\Wbem;C:\Windows\System32\WindowsPowerShell\v1.0\;C:\Windows\System32\OpenSSH\;C:\Program Files\Git\cmd;C:\Users\diego\AppData\Local\Microsoft\WindowsApps;C:\Program Files\JetBrains\IntelliJ IDEA 2024.1.3\bin;;C:\Users\diego\AppData\Local\GitHubDesktop\bin;C:\Program Files\JetBrains\PyCharm 2024.1.4\bin;;C:\Users\diego\AppData\Local\Programs\Microsoft VS Code\bin
USERNAME=diego
OS=Windows_NT
PROCESSOR_IDENTIFIER=AMD64 Family 23 Model 24 Stepping 1, AuthenticAMD
TMP=C:\Users\diego\AppData\Local\Temp
TEMP=C:\Users\diego\AppData\Local\Temp



Periodic native trim disabled


---------------  S Y S T E M  ---------------

OS:
 Windows 11 , 64 bit Build 22621 (10.0.22621.3958)
OS uptime: 2 days 9:28 hours

CPU: total 8 (initial active 8) (8 cores per cpu, 2 threads per core) family 23 model 24 stepping 1 microcode 0x0, cx8, cmov, fxsr, ht, mmx, 3dnowpref, sse, sse2, sse3, ssse3, sse4a, sse4.1, sse4.2, popcnt, lzcnt, tsc, tscinvbit, avx, avx2, aes, clmul, bmi1, bmi2, adx, sha, fma, vzeroupper, clflush, clflushopt
Processor Information for all 8 processors :
  Max Mhz: 2100, Current Mhz: 2100, Mhz Limit: 2100

Memory: 4k page, system-wide physical 7103M (406M free)
TotalPageFile size 14527M (AvailPageFile size 3100M)
current process WorkingSet (physical memory assigned to process): 203M, peak: 228M
current process commit charge ("private bytes"): 340M, peak: 379M

vm_info: OpenJDK 64-Bit Server VM (17.0.12+7-LTS) for windows-amd64 JRE (17.0.12+7-LTS), built on Jul 10 2024 20:46:33 by "Administrator" with MS VC++ 16.10 / 16.11 (VS2019)

END.
