#
# A fatal error has been detected by the Java Runtime Environment:
#
#  EXCEPTION_ACCESS_VIOLATION (0xc0000005) at pc=0x00007ffa6cd582d7, pid=17164, tid=12832
#
# JRE version: OpenJDK Runtime Environment Corretto-17.0.12.7.1 (17.0.12+7) (build 17.0.12+7-LTS)
# Java VM: OpenJDK 64-Bit Server VM Corretto-17.0.12.7.1 (17.0.12+7-LTS, mixed mode, sharing, tiered, compressed oops, compressed class ptrs, g1 gc, windows-amd64)
# Problematic frame:
# C  [glass.dll+0x282d7]
#
# No core dump will be written. Minidumps are not enabled by default on client versions of Windows
#
# If you would like to submit a bug report, please visit:
#   https://github.com/corretto/corretto-17/issues/
#

---------------  S U M M A R Y ------------

Command Line: -agentlib:jdwp=transport=dt_socket,address=127.0.0.1:6038,suspend=y,server=n --module-path=D:\Proyecto Terminal\openjfx-22.0.1_windows-x64_bin-sdk\javafx-sdk-22.0.1\lib --add-modules=javafx.controls,javafx.fxml -javaagent:C:\Users\diego\AppData\Local\JetBrains\IntelliJIdea2024.1\captureAgent\debugger-agent.jar -Dfile.encoding=UTF-8 optiuam.bc.controller.OptiUAM24

Host: AMD Ryzen 5 3500U with Radeon Vega Mobile Gfx  , 8 cores, 6G,  Windows 11 , 64 bit Build 22621 (10.0.22621.3958)
Time: Tue Aug 20 11:20:39 2024 Hora est嫕dar central (M憖ico) elapsed time: 89.492611 seconds (0d 0h 1m 29s)

---------------  T H R E A D  ---------------

Current thread (0x00000223113962b0):  VMThread "VM Thread" [stack: 0x000000c439300000,0x000000c439400000] [id=12832]

Stack: [0x000000c439300000,0x000000c439400000],  sp=0x000000c4393feed0,  free space=1019k
Native frames: (J=compiled Java code, j=interpreted, Vv=VM code, C=native code)
C  [glass.dll+0x282d7]


siginfo: EXCEPTION_ACCESS_VIOLATION (0xc0000005), reading address 0x0000000000000000


Registers:
RAX=0x0000000000000000, RBX=0x000002235d8ad820, RCX=0x00000223113962b0, RDX=0x000000c4393feed0
RSP=0x000000c4393feed0, RBP=0x0000022357973d98, RSI=0x000000c4393fefd8, RDI=0x0000022357973d70
R8 =0x0000000000010002, R9 =0x0000022357973d70, R10=0x85f13e9656da4870, R11=0x000000c4393fee60
R12=0x00007ffa6cd55be0, R13=0x00007ffa62995fe0, R14=0x00002d283bf5fb31, R15=0x0000022357973d70
RIP=0x00007ffa6cd582d7, EFLAGS=0x0000000000010202


Register to memory mapping:

RIP=0x00007ffa6cd582d7 glass.dll
RAX=0x0 is NULL
RBX=0x000002235d8ad820 is a global jni handle
RCX=0x00000223113962b0 points into unknown readable memory: 0x00007ffa627c0bb8 | b8 0b 7c 62 fa 7f 00 00
RDX=0x000000c4393feed0 points into unknown readable memory: 0x0000000000000000 | 00 00 00 00 00 00 00 00
RSP=0x000000c4393feed0 points into unknown readable memory: 0x0000000000000000 | 00 00 00 00 00 00 00 00
RBP=0x0000022357973d98 points into unknown readable memory: 0x00002d283bf5fb31 | 31 fb f5 3b 28 2d 00 00
RSI=0x000000c4393fefd8 points into unknown readable memory: 0x000000c4393fefc0 | c0 ef 3f 39 c4 00 00 00
RDI=0x0000022357973d70 points into unknown readable memory: 0xadf02d28c401229b | 9b 22 01 c4 28 2d f0 ad
R8 =0x0000000000010002 is an unknown value
R9 =0x0000022357973d70 points into unknown readable memory: 0xadf02d28c401229b | 9b 22 01 c4 28 2d f0 ad
R10=0x85f13e9656da4870 is an unknown value
R11=0x000000c4393fee60 points into unknown readable memory: 0x0000022357973d70 | 70 3d 97 57 23 02 00 00
R12=0x00007ffa6cd55be0 glass.dll
R13=0x00007ffa62995fe0 jvm.dll
R14=0x00002d283bf5fb31 is an unknown value
R15=0x0000022357973d70 points into unknown readable memory: 0xadf02d28c401229b | 9b 22 01 c4 28 2d f0 ad


Top of Stack: (sp=0x000000c4393feed0)
0x000000c4393feed0:   0000000000000000 000000c4393fefd8
0x000000c4393feee0:   00007ffa62995fe0 00007ffa6cd55be0
0x000000c4393feef0:   0000022357973d78 00007ffac2c23a93
0x000000c4393fef00:   0000022357973d70 0000022300000000
0x000000c4393fef10:   0000022357973d98 000000c4393fefd8
0x000000c4393fef20:   fffffffffffffffe 0000000000000000
0x000000c4393fef30:   0000000000000001 00007ffa6cd30000
0x000000c4393fef40:   000000c4393fefc8 00007ffac2bf042e
0x000000c4393fef50:   0000000000000000 000000c4393fefd8
0x000000c4393fef60:   000000c4393ff2c0 0000000000000001
0x000000c4393fef70:   0000000000000001 00007ffac2bedddd
0x000000c4393fef80:   0000000000000000 00007ffa6cd553d9
0x000000c4393fef90:   0000000000000000 000000c4393fefc8
0x000000c4393fefa0:   fffffffffffffffe 0000000000000001
0x000000c4393fefb0:   0000000000000001 00007ffa6cd55a6d
0x000000c4393fefc0:   00007ffa6cd6d078 00007ffa00000002
0x000000c4393fefd0:   0000000000000002 000000c4393fefc0
0x000000c4393fefe0:   0000000000000000 00007ffac5618ae3
0x000000c4393feff0:   0000000000000000 00007ffa6cd55b92
0x000000c4393ff000:   0000000000000001 000000c4393ff200
0x000000c4393ff010:   0000000000000001 0000000000000001
0x000000c4393ff020:   000000007ffe0384 00007ffac2032223
0x000000c4393ff030:   00007ffa00000001 000000c4393ff2c0
0x000000c4393ff040:   00007ffa6cd30000 000000007ffe0384
0x000000c4393ff050:   0000000000000000 00007ffac5618b7f
0x000000c4393ff060:   00007ffa6cd30000 0000000000000000
0x000000c4393ff070:   0000000000000001 000000007ffe0385
0x000000c4393ff080:   0000000000000000 00007ffac56417c9
0x000000c4393ff090:   0000fcc202f4da00 0000000000000014
0x000000c4393ff0a0:   00007ffa6cd55be0 0000000000000000
0x000000c4393ff0b0:   0000000000000000 000000c4389ba000
0x000000c4393ff0c0:   00000223576a6a90 00007ffac5641586 

Instructions: (pc=0x00007ffa6cd582d7)
0x00007ffa6cd581d7:   8b 4d 58 e8 49 cf ff ff 48 8b 4d 60 e8 40 cf ff
0x00007ffa6cd581e7:   ff 48 8b 95 80 00 00 00 48 8b 8d 18 01 00 00 e8
0x00007ffa6cd581f7:   26 c5 ff ff 33 d2 33 c9 e8 8c e1 ff ff 90 48 89
0x00007ffa6cd58207:   54 24 10 55 48 83 ec 20 48 8b ea 48 b8 00 00 00
0x00007ffa6cd58217:   00 00 00 00 00 48 83 c4 20 5d c3 cc 40 55 48 8b
0x00007ffa6cd58227:   ea 48 8b 01 33 c9 81 38 05 00 00 c0 0f 94 c1 8b
0x00007ffa6cd58237:   c1 5d c3 cc 40 55 48 83 ec 20 48 8b ea 8a 4d 40
0x00007ffa6cd58247:   48 83 c4 20 5d e9 33 d3 ff ff cc 40 55 48 83 ec
0x00007ffa6cd58257:   20 48 8b ea 8a 4d 20 e8 21 d3 ff ff 90 48 83 c4
0x00007ffa6cd58267:   20 5d c3 cc 40 55 48 83 ec 20 48 8b ea 48 83 c4
0x00007ffa6cd58277:   20 5d e9 82 d1 ff ff cc 40 55 48 83 ec 30 48 8b
0x00007ffa6cd58287:   ea 48 8b 01 8b 10 48 89 4c 24 28 89 54 24 20 4c
0x00007ffa6cd58297:   8d 0d 23 d6 ff ff 4c 8b 45 70 8b 55 68 48 8b 4d
0x00007ffa6cd582a7:   60 e8 c3 d0 ff ff 90 48 83 c4 30 5d c3 cc cc cc
0x00007ffa6cd582b7:   cc cc cc cc cc cc cc cc cc 40 53 48 83 ec 20 48
0x00007ffa6cd582c7:   8b 1d 6b 47 01 00 48 85 db 74 16 e8 39 90 ff ff
0x00007ffa6cd582d7:   4c 8b 00 48 8b d3 48 8b c8 41 ff 90 b0 00 00 00
0x00007ffa6cd582e7:   90 48 83 c4 20 5b c3 cc cc 40 53 48 83 ec 20 48
0x00007ffa6cd582f7:   8b 1d ab 48 01 00 48 85 db 74 57 b8 ff ff ff ff
0x00007ffa6cd58307:   f0 0f c1 43 10 83 f8 01 75 3d 48 85 db 74 38 48
0x00007ffa6cd58317:   8b 0b 48 85 c9 74 0d ff 15 8c 0f 00 00 48 c7 03
0x00007ffa6cd58327:   00 00 00 00 48 8b 4b 08 48 85 c9 74 0d e8 ef cd
0x00007ffa6cd58337:   ff ff 48 c7 43 08 00 00 00 00 ba 18 00 00 00 48
0x00007ffa6cd58347:   8b cb e8 da cd ff ff 48 c7 05 4f 48 01 00 00 00
0x00007ffa6cd58357:   00 00 48 83 c4 20 5b c3 cc 40 53 48 83 ec 20 48
0x00007ffa6cd58367:   8b 1d 1b 48 01 00 48 85 db 74 57 b8 ff ff ff ff
0x00007ffa6cd58377:   f0 0f c1 43 10 83 f8 01 75 3d 48 85 db 74 38 48
0x00007ffa6cd58387:   8b 0b 48 85 c9 74 0d ff 15 1c 0f 00 00 48 c7 03
0x00007ffa6cd58397:   00 00 00 00 48 8b 4b 08 48 85 c9 74 0d e8 7f cd
0x00007ffa6cd583a7:   ff ff 48 c7 43 08 00 00 00 00 ba 18 00 00 00 48
0x00007ffa6cd583b7:   8b cb e8 6a cd ff ff 48 c7 05 bf 47 01 00 00 00
0x00007ffa6cd583c7:   00 00 48 83 c4 20 5b c3 cc 40 53 48 83 ec 20 48 


Stack slot to memory mapping:
stack at sp + 0 slots: 0x0 is NULL
stack at sp + 1 slots: 0x000000c4393fefd8 points into unknown readable memory: 0x000000c4393fefc0 | c0 ef 3f 39 c4 00 00 00
stack at sp + 2 slots: 0x00007ffa62995fe0 jvm.dll
stack at sp + 3 slots: 0x00007ffa6cd55be0 glass.dll
stack at sp + 4 slots: 0x0000022357973d78 points into unknown readable memory: 0x00002d283bf5fb31 | 31 fb f5 3b 28 2d 00 00
stack at sp + 5 slots: 0x00007ffac2c23a93 ucrtbase.dll
stack at sp + 6 slots: 0x0000022357973d70 points into unknown readable memory: 0xadf02d28c401229b | 9b 22 01 c4 28 2d f0 ad
stack at sp + 7 slots: 0x0000022300000000 points into unknown readable memory: 0x000000000000007b | 7b 00 00 00 00 00 00 00

VM_Operation (0x000000c438bff4e0): Exit, mode: safepoint, requested by thread 0x0000022358612ad0


---------------  P R O C E S S  ---------------

Threads class SMR info:
_java_thread_list=0x0000022364d66800, length=23, elements={
0x00000223738a9420, 0x000002231139d670, 0x00000223113a10a0, 0x00000223113b2d60,
0x00000223113b3830, 0x00000223113b68b0, 0x00000223113b7920, 0x00000223113c5580,
0x00000223113e66f0, 0x00000223113e87b0, 0x000002231163a250, 0x000002235710ca20,
0x0000022357124c80, 0x00000223578586d0, 0x0000022357864f40, 0x0000022357a7e3f0,
0x0000022357a80d30, 0x0000022358610c70, 0x0000022358612fe0, 0x0000022358611180,
0x0000022358613f10, 0x0000022358611ba0, 0x0000022358612ad0
}

Java Threads: ( => current thread )
  0x00000223738a9420 JavaThread "main" [_thread_blocked, id=16516, stack(0x000000c438d00000,0x000000c438e00000)]
  0x000002231139d670 JavaThread "Reference Handler" daemon [_thread_blocked, id=6608, stack(0x000000c439400000,0x000000c439500000)]
  0x00000223113a10a0 JavaThread "Finalizer" daemon [_thread_blocked, id=9184, stack(0x000000c439500000,0x000000c439600000)]
  0x00000223113b2d60 JavaThread "Signal Dispatcher" daemon [_thread_blocked, id=16692, stack(0x000000c439600000,0x000000c439700000)]
  0x00000223113b3830 JavaThread "Attach Listener" daemon [_thread_blocked, id=11540, stack(0x000000c439700000,0x000000c439800000)]
  0x00000223113b68b0 JavaThread "Service Thread" daemon [_thread_blocked, id=5408, stack(0x000000c439800000,0x000000c439900000)]
  0x00000223113b7920 JavaThread "Monitor Deflation Thread" daemon [_thread_blocked, id=6620, stack(0x000000c439900000,0x000000c439a00000)]
  0x00000223113c5580 JavaThread "C2 CompilerThread0" daemon [_thread_blocked, id=6524, stack(0x000000c439a00000,0x000000c439b00000)]
  0x00000223113e66f0 JavaThread "C1 CompilerThread0" daemon [_thread_blocked, id=12580, stack(0x000000c439b00000,0x000000c439c00000)]
  0x00000223113e87b0 JavaThread "Sweeper thread" daemon [_thread_blocked, id=12976, stack(0x000000c439c00000,0x000000c439d00000)]
  0x000002231163a250 JavaThread "Common-Cleaner" daemon [_thread_blocked, id=15224, stack(0x000000c439d00000,0x000000c439e00000)]
  0x000002235710ca20 JavaThread "JDWP Event Helper Thread" daemon [_thread_blocked, id=2236, stack(0x000000c43a100000,0x000000c43a200000)]
  0x0000022357124c80 JavaThread "Notification Thread" daemon [_thread_blocked, id=2184, stack(0x000000c439e00000,0x000000c439f00000)]
  0x00000223578586d0 JavaThread "InvokeLaterDispatcher" daemon [_thread_blocked, id=12092, stack(0x000000c43a600000,0x000000c43a700000)]
  0x0000022357864f40 JavaThread "JavaFX Application Thread" [_thread_blocked, id=15760, stack(0x000000c43a700000,0x000000c43a800000)]
  0x0000022357a7e3f0 JavaThread "JavaFX-Launcher" [_thread_blocked, id=13152, stack(0x000000c43af00000,0x000000c43b000000)]
  0x0000022357a80d30 JavaThread "Thread-2" daemon [_thread_in_native, id=16576, stack(0x000000c43ae00000,0x000000c43af00000)]
  0x0000022358610c70 JavaThread "Prism Font Disposer" daemon [_thread_blocked, id=15812, stack(0x000000c43ba00000,0x000000c43bb00000)]
  0x0000022358612fe0 JavaThread "Cleaner-0" daemon [_thread_blocked, id=5696, stack(0x000000c43bb00000,0x000000c43bc00000)]
  0x0000022358611180 JavaThread "Java2D Disposer" daemon [_thread_blocked, id=2232, stack(0x000000c43c000000,0x000000c43c100000)]
  0x0000022358613f10 JavaThread "AWT-Shutdown" [_thread_blocked, id=12728, stack(0x000000c43c100000,0x000000c43c200000)]
  0x0000022358611ba0 JavaThread "AWT-EventQueue-0" [_thread_blocked, id=9624, stack(0x000000c43c800000,0x000000c43c900000)]
  0x0000022358612ad0 JavaThread "SIGINT handler" daemon [_thread_blocked, id=10028, stack(0x000000c438b00000,0x000000c438c00000)]

Other Threads:
=>0x00000223113962b0 VMThread "VM Thread" [stack: 0x000000c439300000,0x000000c439400000] [id=12832]
  0x00000223738fda00 GCTaskThread "GC Thread#0" [stack: 0x000000c438e00000,0x000000c438f00000] [id=10916]
  0x0000022357b1d7d0 GCTaskThread "GC Thread#1" [stack: 0x000000c43b200000,0x000000c43b300000] [id=7720]
  0x0000022357b1da90 GCTaskThread "GC Thread#2" [stack: 0x000000c43b300000,0x000000c43b400000] [id=11948]
  0x0000022357b1dd50 GCTaskThread "GC Thread#3" [stack: 0x000000c43b400000,0x000000c43b500000] [id=13324]
  0x0000022357b175e0 GCTaskThread "GC Thread#4" [stack: 0x000000c43b500000,0x000000c43b600000] [id=17160]
  0x0000022357b180b0 GCTaskThread "GC Thread#5" [stack: 0x000000c43b600000,0x000000c43b700000] [id=11368]
  0x0000022357b75400 GCTaskThread "GC Thread#6" [stack: 0x000000c43b700000,0x000000c43b800000] [id=4572]
  0x0000022357b756c0 GCTaskThread "GC Thread#7" [stack: 0x000000c43b800000,0x000000c43b900000] [id=4700]
  0x000002237390c750 ConcurrentGCThread "G1 Main Marker" terminated
  0x000002237390d170 ConcurrentGCThread "G1 Conc#0" [stack: 0x000000c439000000,0x000000c439100000] [id=16812]
  0x0000022364d69b90 ConcurrentGCThread "G1 Conc#1" [stack: 0x000000c43b100000,0x000000c43b200000] [id=11436]
  0x000002237395e8c0 ConcurrentGCThread "G1 Refine#0" terminated
  0x0000022368f96650 ConcurrentGCThread "G1 Refine#1" terminated
  0x0000022311254410 ConcurrentGCThread "G1 Service" terminated

Threads with active compile tasks:

VM state: at safepoint (shutting down)

VM Mutex/Monitor currently owned by a thread:  ([mutex/lock_event])
[0x00000223738a4530] Threads_lock - owner thread: 0x00000223113962b0
[0x00000223738a5b20] Heap_lock - owner thread: 0x0000022358612ad0

Heap address: 0x0000000091000000, size: 1776 MB, Compressed Oops mode: 32-bit

CDS archive(s) mapped at: [0x0000022312000000-0x0000022312bb0000-0x0000022312bb0000), size 12255232, SharedBaseAddress: 0x0000022312000000, ArchiveRelocationMode: 1.
Compressed class space mapped at: 0x0000022313000000-0x0000022353000000, reserved size: 1073741824
Narrow klass base: 0x0000022312000000, Narrow klass shift: 0, Narrow klass range: 0x100000000

GC Precious Log:
 CPUs: 8 total, 8 available
 Memory: 7103M
 Large Page Support: Disabled
 NUMA Support: Disabled
 Compressed Oops: Enabled (32-bit)
 Heap Region Size: 1M
 Heap Min Capacity: 8M
 Heap Initial Capacity: 112M
 Heap Max Capacity: 1776M
 Pre-touch: Disabled
 Parallel Workers: 8
 Concurrent Workers: 2
 Concurrent Refinement Workers: 8
 Periodic GC: Disabled

Heap:
 garbage-first heap   total 114688K, used 54421K [0x0000000091000000, 0x0000000100000000)
  region size 1024K, 21 young (21504K), 2 survivors (2048K)
 Metaspace       used 28788K, committed 29120K, reserved 1114112K
  class space    used 3962K, committed 4096K, reserved 1048576K

Heap Regions: E=young(eden), S=young(survivor), O=old, HS=humongous(starts), HC=humongous(continues), CS=collection set, F=free, OA=open archive, CA=closed archive, TAMS=top-at-mark-start (previous, next)
|   0|0x0000000091000000, 0x0000000091100000, 0x0000000091100000|100%| O|  |TAMS 0x0000000091100000, 0x0000000091000000| Untracked 
|   1|0x0000000091100000, 0x0000000091200000, 0x0000000091200000|100%|HS|  |TAMS 0x0000000091200000, 0x0000000091100000| Complete 
|   2|0x0000000091200000, 0x0000000091300000, 0x0000000091300000|100%|HS|  |TAMS 0x0000000091300000, 0x0000000091200000| Complete 
|   3|0x0000000091300000, 0x0000000091400000, 0x0000000091400000|100%|HS|  |TAMS 0x0000000091400000, 0x0000000091300000| Complete 
|   4|0x0000000091400000, 0x0000000091500000, 0x0000000091500000|100%| O|  |TAMS 0x0000000091500000, 0x0000000091400000| Untracked 
|   5|0x0000000091500000, 0x0000000091600000, 0x0000000091600000|100%| O|  |TAMS 0x0000000091600000, 0x0000000091500000| Untracked 
|   6|0x0000000091600000, 0x0000000091700000, 0x0000000091700000|100%|HS|  |TAMS 0x0000000091700000, 0x0000000091600000| Complete 
|   7|0x0000000091700000, 0x0000000091800000, 0x0000000091800000|100%|HC|  |TAMS 0x0000000091800000, 0x0000000091700000| Complete 
|   8|0x0000000091800000, 0x0000000091900000, 0x0000000091900000|100%|HC|  |TAMS 0x0000000091900000, 0x0000000091800000| Complete 
|   9|0x0000000091900000, 0x0000000091a00000, 0x0000000091a00000|100%|HC|  |TAMS 0x0000000091a00000, 0x0000000091900000| Complete 
|  10|0x0000000091a00000, 0x0000000091b00000, 0x0000000091b00000|100%|HC|  |TAMS 0x0000000091b00000, 0x0000000091a00000| Complete 
|  11|0x0000000091b00000, 0x0000000091c00000, 0x0000000091c00000|100%|HC|  |TAMS 0x0000000091c00000, 0x0000000091b00000| Complete 
|  12|0x0000000091c00000, 0x0000000091d00000, 0x0000000091d00000|100%|HC|  |TAMS 0x0000000091d00000, 0x0000000091c00000| Complete 
|  13|0x0000000091d00000, 0x0000000091e00000, 0x0000000091e00000|100%|HC|  |TAMS 0x0000000091e00000, 0x0000000091d00000| Complete 
|  14|0x0000000091e00000, 0x0000000091f00000, 0x0000000091f00000|100%|HC|  |TAMS 0x0000000091f00000, 0x0000000091e00000| Complete 
|  15|0x0000000091f00000, 0x0000000092000000, 0x0000000092000000|100%|HC|  |TAMS 0x0000000092000000, 0x0000000091f00000| Complete 
|  16|0x0000000092000000, 0x0000000092100000, 0x0000000092100000|100%|HC|  |TAMS 0x0000000092100000, 0x0000000092000000| Complete 
|  17|0x0000000092100000, 0x0000000092200000, 0x0000000092200000|100%|HC|  |TAMS 0x0000000092200000, 0x0000000092100000| Complete 
|  18|0x0000000092200000, 0x0000000092300000, 0x0000000092300000|100%|HC|  |TAMS 0x0000000092300000, 0x0000000092200000| Complete 
|  19|0x0000000092300000, 0x0000000092400000, 0x0000000092400000|100%| O|  |TAMS 0x0000000092300000, 0x0000000092300000| Untracked 
|  20|0x0000000092400000, 0x0000000092500000, 0x0000000092500000|100%|HS|  |TAMS 0x0000000092500000, 0x0000000092400000| Complete 
|  21|0x0000000092500000, 0x0000000092600000, 0x0000000092600000|100%|HC|  |TAMS 0x0000000092600000, 0x0000000092500000| Complete 
|  22|0x0000000092600000, 0x0000000092700000, 0x0000000092700000|100%|HS|  |TAMS 0x0000000092700000, 0x0000000092600000| Complete 
|  23|0x0000000092700000, 0x0000000092800000, 0x0000000092800000|100%| O|  |TAMS 0x0000000092700000, 0x0000000092700000| Untracked 
|  24|0x0000000092800000, 0x0000000092900000, 0x0000000092900000|100%| O|  |TAMS 0x0000000092900000, 0x0000000092800000| Untracked 
|  25|0x0000000092900000, 0x0000000092a00000, 0x0000000092a00000|100%| O|  |TAMS 0x0000000092a00000, 0x0000000092900000| Untracked 
|  26|0x0000000092a00000, 0x0000000092b00000, 0x0000000092b00000|100%| O|  |TAMS 0x0000000092a9a200, 0x0000000092a00000| Complete 
|  27|0x0000000092b00000, 0x0000000092c00000, 0x0000000092c00000|100%| O|  |TAMS 0x0000000092b00000, 0x0000000092b00000| Untracked 
|  28|0x0000000092c00000, 0x0000000092d00000, 0x0000000092d00000|100%| O|  |TAMS 0x0000000092c00000, 0x0000000092c00000| Untracked 
|  29|0x0000000092d00000, 0x0000000092e00000, 0x0000000092e00000|100%| O|  |TAMS 0x0000000092d00000, 0x0000000092d00000| Untracked 
|  30|0x0000000092e00000, 0x0000000092f00000, 0x0000000092f00000|100%| O|  |TAMS 0x0000000092e00000, 0x0000000092e00000| Untracked 
|  31|0x0000000092f00000, 0x0000000092fa4c00, 0x0000000093000000| 64%| O|  |TAMS 0x0000000092f00000, 0x0000000092f00000| Untracked 
|  32|0x0000000093000000, 0x0000000093100000, 0x0000000093100000|100%|HS|  |TAMS 0x0000000093000000, 0x0000000093000000| Complete 
|  33|0x0000000093100000, 0x0000000093200000, 0x0000000093200000|100%|HC|  |TAMS 0x0000000093100000, 0x0000000093100000| Complete 
|  34|0x0000000093200000, 0x0000000093200000, 0x0000000093300000|  0%| F|  |TAMS 0x0000000093200000, 0x0000000093200000| Untracked 
|  35|0x0000000093300000, 0x0000000093300000, 0x0000000093400000|  0%| F|  |TAMS 0x0000000093300000, 0x0000000093300000| Untracked 
|  36|0x0000000093400000, 0x0000000093400000, 0x0000000093500000|  0%| F|  |TAMS 0x0000000093400000, 0x0000000093400000| Untracked 
|  37|0x0000000093500000, 0x0000000093500000, 0x0000000093600000|  0%| F|  |TAMS 0x0000000093500000, 0x0000000093500000| Untracked 
|  38|0x0000000093600000, 0x0000000093600000, 0x0000000093700000|  0%| F|  |TAMS 0x0000000093600000, 0x0000000093600000| Untracked 
|  39|0x0000000093700000, 0x0000000093700000, 0x0000000093800000|  0%| F|  |TAMS 0x0000000093700000, 0x0000000093700000| Untracked 
|  40|0x0000000093800000, 0x0000000093800000, 0x0000000093900000|  0%| F|  |TAMS 0x0000000093800000, 0x0000000093800000| Untracked 
|  41|0x0000000093900000, 0x0000000093900000, 0x0000000093a00000|  0%| F|  |TAMS 0x0000000093900000, 0x0000000093900000| Untracked 
|  42|0x0000000093a00000, 0x0000000093a00000, 0x0000000093b00000|  0%| F|  |TAMS 0x0000000093a00000, 0x0000000093a00000| Untracked 
|  43|0x0000000093b00000, 0x0000000093b00000, 0x0000000093c00000|  0%| F|  |TAMS 0x0000000093b00000, 0x0000000093b00000| Untracked 
|  44|0x0000000093c00000, 0x0000000093c00000, 0x0000000093d00000|  0%| F|  |TAMS 0x0000000093c00000, 0x0000000093c00000| Untracked 
|  45|0x0000000093d00000, 0x0000000093d00000, 0x0000000093e00000|  0%| F|  |TAMS 0x0000000093d00000, 0x0000000093d00000| Untracked 
|  46|0x0000000093e00000, 0x0000000093e00000, 0x0000000093f00000|  0%| F|  |TAMS 0x0000000093e00000, 0x0000000093e00000| Untracked 
|  47|0x0000000093f00000, 0x0000000093f00000, 0x0000000094000000|  0%| F|  |TAMS 0x0000000093f00000, 0x0000000093f00000| Untracked 
|  48|0x0000000094000000, 0x0000000094000000, 0x0000000094100000|  0%| F|  |TAMS 0x0000000094000000, 0x0000000094000000| Untracked 
|  49|0x0000000094100000, 0x0000000094100000, 0x0000000094200000|  0%| F|  |TAMS 0x0000000094100000, 0x0000000094100000| Untracked 
|  50|0x0000000094200000, 0x0000000094200000, 0x0000000094300000|  0%| F|  |TAMS 0x0000000094200000, 0x0000000094200000| Untracked 
|  51|0x0000000094300000, 0x0000000094300000, 0x0000000094400000|  0%| F|  |TAMS 0x0000000094300000, 0x0000000094300000| Untracked 
|  52|0x0000000094400000, 0x0000000094400000, 0x0000000094500000|  0%| F|  |TAMS 0x0000000094400000, 0x0000000094400000| Untracked 
|  53|0x0000000094500000, 0x0000000094500000, 0x0000000094600000|  0%| F|  |TAMS 0x0000000094500000, 0x0000000094500000| Untracked 
|  54|0x0000000094600000, 0x0000000094600000, 0x0000000094700000|  0%| F|  |TAMS 0x0000000094600000, 0x0000000094600000| Untracked 
|  55|0x0000000094700000, 0x0000000094700000, 0x0000000094800000|  0%| F|  |TAMS 0x0000000094700000, 0x0000000094700000| Untracked 
|  56|0x0000000094800000, 0x0000000094800000, 0x0000000094900000|  0%| F|  |TAMS 0x0000000094800000, 0x0000000094800000| Untracked 
|  57|0x0000000094900000, 0x0000000094900000, 0x0000000094a00000|  0%| F|  |TAMS 0x0000000094900000, 0x0000000094900000| Untracked 
|  58|0x0000000094a00000, 0x0000000094a00000, 0x0000000094b00000|  0%| F|  |TAMS 0x0000000094a00000, 0x0000000094a00000| Untracked 
|  59|0x0000000094b00000, 0x0000000094b00000, 0x0000000094c00000|  0%| F|  |TAMS 0x0000000094b00000, 0x0000000094b00000| Untracked 
|  60|0x0000000094c00000, 0x0000000094c00000, 0x0000000094d00000|  0%| F|  |TAMS 0x0000000094c00000, 0x0000000094c00000| Untracked 
|  61|0x0000000094d00000, 0x0000000094d00000, 0x0000000094e00000|  0%| F|  |TAMS 0x0000000094d00000, 0x0000000094d00000| Untracked 
|  62|0x0000000094e00000, 0x0000000094e00000, 0x0000000094f00000|  0%| F|  |TAMS 0x0000000094e00000, 0x0000000094e00000| Untracked 
|  63|0x0000000094f00000, 0x0000000094f00000, 0x0000000095000000|  0%| F|  |TAMS 0x0000000094f00000, 0x0000000094f00000| Untracked 
|  64|0x0000000095000000, 0x0000000095000000, 0x0000000095100000|  0%| F|  |TAMS 0x0000000095000000, 0x0000000095000000| Untracked 
|  65|0x0000000095100000, 0x0000000095100000, 0x0000000095200000|  0%| F|  |TAMS 0x0000000095100000, 0x0000000095100000| Untracked 
|  66|0x0000000095200000, 0x0000000095200000, 0x0000000095300000|  0%| F|  |TAMS 0x0000000095200000, 0x0000000095200000| Untracked 
|  67|0x0000000095300000, 0x0000000095300000, 0x0000000095400000|  0%| F|  |TAMS 0x0000000095300000, 0x0000000095300000| Untracked 
|  68|0x0000000095400000, 0x0000000095400000, 0x0000000095500000|  0%| F|  |TAMS 0x0000000095400000, 0x0000000095400000| Untracked 
|  69|0x0000000095500000, 0x0000000095500000, 0x0000000095600000|  0%| F|  |TAMS 0x0000000095500000, 0x0000000095500000| Untracked 
|  70|0x0000000095600000, 0x0000000095600000, 0x0000000095700000|  0%| F|  |TAMS 0x0000000095600000, 0x0000000095600000| Untracked 
|  71|0x0000000095700000, 0x0000000095700000, 0x0000000095800000|  0%| F|  |TAMS 0x0000000095700000, 0x0000000095700000| Untracked 
|  72|0x0000000095800000, 0x0000000095800000, 0x0000000095900000|  0%| F|  |TAMS 0x0000000095800000, 0x0000000095800000| Untracked 
|  73|0x0000000095900000, 0x0000000095900000, 0x0000000095a00000|  0%| F|  |TAMS 0x0000000095900000, 0x0000000095900000| Untracked 
|  74|0x0000000095a00000, 0x0000000095a00000, 0x0000000095b00000|  0%| F|  |TAMS 0x0000000095a00000, 0x0000000095a00000| Untracked 
|  75|0x0000000095b00000, 0x0000000095b00000, 0x0000000095c00000|  0%| F|  |TAMS 0x0000000095b00000, 0x0000000095b00000| Untracked 
|  76|0x0000000095c00000, 0x0000000095c00000, 0x0000000095d00000|  0%| F|  |TAMS 0x0000000095c00000, 0x0000000095c00000| Untracked 
|  77|0x0000000095d00000, 0x0000000095d00000, 0x0000000095e00000|  0%| F|  |TAMS 0x0000000095d00000, 0x0000000095d00000| Untracked 
|  78|0x0000000095e00000, 0x0000000095e00000, 0x0000000095f00000|  0%| F|  |TAMS 0x0000000095e00000, 0x0000000095e00000| Untracked 
|  79|0x0000000095f00000, 0x0000000095f00000, 0x0000000096000000|  0%| F|  |TAMS 0x0000000095f00000, 0x0000000095f00000| Untracked 
|  80|0x0000000096000000, 0x0000000096000000, 0x0000000096100000|  0%| F|  |TAMS 0x0000000096000000, 0x0000000096000000| Untracked 
|  81|0x0000000096100000, 0x0000000096100000, 0x0000000096200000|  0%| F|  |TAMS 0x0000000096100000, 0x0000000096100000| Untracked 
|  82|0x0000000096200000, 0x0000000096200000, 0x0000000096300000|  0%| F|  |TAMS 0x0000000096200000, 0x0000000096200000| Untracked 
|  83|0x0000000096300000, 0x0000000096300000, 0x0000000096400000|  0%| F|  |TAMS 0x0000000096300000, 0x0000000096300000| Untracked 
|  84|0x0000000096400000, 0x0000000096400000, 0x0000000096500000|  0%| F|  |TAMS 0x0000000096400000, 0x0000000096400000| Untracked 
|  85|0x0000000096500000, 0x0000000096500000, 0x0000000096600000|  0%| F|  |TAMS 0x0000000096500000, 0x0000000096500000| Untracked 
|  86|0x0000000096600000, 0x0000000096600000, 0x0000000096700000|  0%| F|  |TAMS 0x0000000096600000, 0x0000000096600000| Untracked 
|  87|0x0000000096700000, 0x0000000096700000, 0x0000000096800000|  0%| F|  |TAMS 0x0000000096700000, 0x0000000096700000| Untracked 
|  88|0x0000000096800000, 0x0000000096800000, 0x0000000096900000|  0%| F|  |TAMS 0x0000000096800000, 0x0000000096800000| Untracked 
|  89|0x0000000096900000, 0x0000000096900000, 0x0000000096a00000|  0%| F|  |TAMS 0x0000000096900000, 0x0000000096900000| Untracked 
|  90|0x0000000096a00000, 0x0000000096a00000, 0x0000000096b00000|  0%| F|  |TAMS 0x0000000096a00000, 0x0000000096a00000| Untracked 
|  91|0x0000000096b00000, 0x0000000096b59be8, 0x0000000096c00000| 35%| E|  |TAMS 0x0000000096b00000, 0x0000000096b00000| Complete 
|  92|0x0000000096c00000, 0x0000000096d00000, 0x0000000096d00000|100%| E|CS|TAMS 0x0000000096c00000, 0x0000000096c00000| Complete 
|  93|0x0000000096d00000, 0x0000000096e00000, 0x0000000096e00000|100%| E|CS|TAMS 0x0000000096d00000, 0x0000000096d00000| Complete 
|  94|0x0000000096e00000, 0x0000000096e80a00, 0x0000000096f00000| 50%| S|CS|TAMS 0x0000000096e00000, 0x0000000096e00000| Complete 
|  95|0x0000000096f00000, 0x0000000097000000, 0x0000000097000000|100%| S|CS|TAMS 0x0000000096f00000, 0x0000000096f00000| Complete 
|  96|0x0000000097000000, 0x0000000097100000, 0x0000000097100000|100%| E|CS|TAMS 0x0000000097000000, 0x0000000097000000| Complete 
|  97|0x0000000097100000, 0x0000000097200000, 0x0000000097200000|100%| E|CS|TAMS 0x0000000097100000, 0x0000000097100000| Complete 
|  98|0x0000000097200000, 0x0000000097300000, 0x0000000097300000|100%| E|CS|TAMS 0x0000000097200000, 0x0000000097200000| Complete 
|  99|0x0000000097300000, 0x0000000097400000, 0x0000000097400000|100%| E|CS|TAMS 0x0000000097300000, 0x0000000097300000| Complete 
| 100|0x0000000097400000, 0x0000000097500000, 0x0000000097500000|100%| E|CS|TAMS 0x0000000097400000, 0x0000000097400000| Complete 
| 101|0x0000000097500000, 0x0000000097600000, 0x0000000097600000|100%| E|CS|TAMS 0x0000000097500000, 0x0000000097500000| Complete 
| 102|0x0000000097600000, 0x0000000097700000, 0x0000000097700000|100%| E|CS|TAMS 0x0000000097600000, 0x0000000097600000| Complete 
| 103|0x0000000097700000, 0x0000000097800000, 0x0000000097800000|100%| E|CS|TAMS 0x0000000097700000, 0x0000000097700000| Complete 
| 104|0x0000000097800000, 0x0000000097900000, 0x0000000097900000|100%| E|CS|TAMS 0x0000000097800000, 0x0000000097800000| Complete 
| 105|0x0000000097900000, 0x0000000097a00000, 0x0000000097a00000|100%| E|CS|TAMS 0x0000000097900000, 0x0000000097900000| Complete 
| 106|0x0000000097a00000, 0x0000000097b00000, 0x0000000097b00000|100%| E|CS|TAMS 0x0000000097a00000, 0x0000000097a00000| Complete 
| 107|0x0000000097b00000, 0x0000000097c00000, 0x0000000097c00000|100%| E|CS|TAMS 0x0000000097b00000, 0x0000000097b00000| Complete 
| 108|0x0000000097c00000, 0x0000000097d00000, 0x0000000097d00000|100%| E|CS|TAMS 0x0000000097c00000, 0x0000000097c00000| Complete 
| 109|0x0000000097d00000, 0x0000000097e00000, 0x0000000097e00000|100%| E|CS|TAMS 0x0000000097d00000, 0x0000000097d00000| Complete 
| 110|0x0000000097e00000, 0x0000000097f00000, 0x0000000097f00000|100%| E|CS|TAMS 0x0000000097e00000, 0x0000000097e00000| Complete 
| 111|0x0000000097f00000, 0x0000000098000000, 0x0000000098000000|100%| E|CS|TAMS 0x0000000097f00000, 0x0000000097f00000| Complete 

Card table byte_map: [0x000002237ba90000,0x000002237be10000] _byte_map_base: 0x000002237b608000

Marking Bits (Prev, Next): (CMBitMap*) 0x00000223738fe060, (CMBitMap*) 0x00000223738fe020
 Prev Bits: [0x000002237dd50000, 0x000002237f910000)
 Next Bits: [0x000002237c190000, 0x000002237dd50000)

Polling page: 0x0000022371860000

Metaspace:

Usage:
  Non-class:     24.24 MB used.
      Class:      3.87 MB used.
       Both:     28.11 MB used.

Virtual space:
  Non-class space:       64.00 MB reserved,      24.44 MB ( 38%) committed,  1 nodes.
      Class space:        1.00 GB reserved,       4.00 MB ( <1%) committed,  1 nodes.
             Both:        1.06 GB reserved,      28.44 MB (  3%) committed. 

Chunk freelists:
   Non-Class:  6.72 MB
       Class:  12.00 MB
        Both:  18.72 MB

MaxMetaspaceSize: unlimited
CompressedClassSpaceSize: 1.00 GB
Initial GC threshold: 21.00 MB
Current GC threshold: 35.12 MB
CDS: on
MetaspaceReclaimPolicy: balanced
 - commit_granule_bytes: 65536.
 - commit_granule_words: 8192.
 - virtual_space_node_default_size: 8388608.
 - enlarge_chunks_in_place: 1.
 - new_chunks_are_fully_committed: 0.
 - uncommit_free_chunks: 1.
 - use_allocation_guard: 0.
 - handle_deallocations: 1.


Internal statistics:

num_allocs_failed_limit: 3.
num_arena_births: 442.
num_arena_deaths: 0.
num_vsnodes_births: 2.
num_vsnodes_deaths: 0.
num_space_committed: 455.
num_space_uncommitted: 0.
num_chunks_returned_to_freelist: 3.
num_chunks_taken_from_freelist: 1343.
num_chunk_merges: 3.
num_chunk_splits: 896.
num_chunks_enlarged: 622.
num_inconsistent_stats: 0.

CodeHeap 'non-profiled nmethods': size=120000Kb used=2713Kb max_used=3411Kb free=117286Kb
 bounds [0x0000022307ad0000, 0x0000022307e30000, 0x000002230f000000]
CodeHeap 'profiled nmethods': size=120000Kb used=9655Kb max_used=11673Kb free=110344Kb
 bounds [0x0000022300000000, 0x0000022300b70000, 0x0000022307530000]
CodeHeap 'non-nmethods': size=5760Kb used=1646Kb max_used=1674Kb free=4113Kb
 bounds [0x0000022307530000, 0x00000223077a0000, 0x0000022307ad0000]
 total_blobs=5593 nmethods=4607 adapters=898
 compilation: enabled
              stopped_count=0, restarted_count=0
 full_count=0

Compilation events (20 events):
Event: 88.886 Thread 0x00000223113c5580 5367       4       jdk.internal.misc.Unsafe::getCharUnaligned (12 bytes)
Event: 88.887 Thread 0x00000223113c5580 nmethod 5367 0x0000022307b32f90 code [0x0000022307b33100, 0x0000022307b331d8]
Event: 88.887 Thread 0x00000223113c5580 5382       4       java.nio.ByteBufferAsIntBufferB::get (30 bytes)
Event: 88.888 Thread 0x00000223113c5580 nmethod 5382 0x0000022307cd8f10 code [0x0000022307cd9080, 0x0000022307cd9198]
Event: 88.892 Thread 0x00000223113e66f0 5391       3       java.nio.ByteBufferAsCharBufferB::get (30 bytes)
Event: 88.893 Thread 0x00000223113e66f0 nmethod 5391 0x0000022300321990 code [0x0000022300321be0, 0x0000022300322588]
Event: 88.893 Thread 0x00000223113e66f0 5392       3       java.nio.ByteBufferAsCharBufferB::byteOffset (9 bytes)
Event: 88.893 Thread 0x00000223113e66f0 nmethod 5392 0x000002230030ce10 code [0x000002230030cfa0, 0x000002230030d0b8]
Event: 88.897 Thread 0x00000223113e66f0 5393       3       java.text.StringCharacterIterator::current (37 bytes)
Event: 88.898 Thread 0x00000223113e66f0 nmethod 5393 0x0000022300007210 code [0x0000022300007420, 0x0000022300007a98]
Event: 88.898 Thread 0x00000223113e66f0 5394       1       java.text.StringCharacterIterator::getEndIndex (5 bytes)
Event: 88.898 Thread 0x00000223113e66f0 nmethod 5394 0x0000022307c97910 code [0x0000022307c97aa0, 0x0000022307c97b78]
Event: 88.898 Thread 0x00000223113e66f0 5395       1       java.text.StringCharacterIterator::getIndex (5 bytes)
Event: 88.898 Thread 0x00000223113e66f0 nmethod 5395 0x0000022307cd8b90 code [0x0000022307cd8d20, 0x0000022307cd8df8]
Event: 88.898 Thread 0x00000223113e66f0 5396       3       optiuam.bc.model.BufferCircular::agregar (52 bytes)
Event: 88.898 Thread 0x00000223113e66f0 nmethod 5396 0x00000223002cf090 code [0x00000223002cf220, 0x00000223002cf3f8]
Event: 88.899 Thread 0x00000223113e66f0 5397       3       jdk.internal.loader.URLClassPath::getResource (74 bytes)
Event: 88.899 Thread 0x00000223113e66f0 nmethod 5397 0x000002230018ff90 code [0x0000022300190160, 0x00000223001904d8]
Event: 88.899 Thread 0x00000223113e66f0 5398   !   3       jdk.internal.loader.BuiltinClassLoader::findClassOnClassPathOrNull (64 bytes)
Event: 88.901 Thread 0x00000223113e66f0 nmethod 5398 0x0000022300087490 code [0x0000022300087880, 0x00000223000891f8]

GC Heap History (8 events):
Event: 2.138 GC heap before
{Heap before GC invocations=0 (full 0):
 garbage-first heap   total 114688K, used 22528K [0x0000000091000000, 0x0000000100000000)
  region size 1024K, 23 young (23552K), 0 survivors (0K)
 Metaspace       used 4588K, committed 4800K, reserved 1114112K
  class space    used 513K, committed 640K, reserved 1048576K
}
Event: 2.146 GC heap after
{Heap after GC invocations=1 (full 0):
 garbage-first heap   total 114688K, used 3151K [0x0000000091000000, 0x0000000100000000)
  region size 1024K, 3 young (3072K), 3 survivors (3072K)
 Metaspace       used 4588K, committed 4800K, reserved 1114112K
  class space    used 513K, committed 640K, reserved 1048576K
}
Event: 5.529 GC heap before
{Heap before GC invocations=1 (full 0):
 garbage-first heap   total 114688K, used 37967K [0x0000000091000000, 0x0000000100000000)
  region size 1024K, 34 young (34816K), 3 survivors (3072K)
 Metaspace       used 10747K, committed 11008K, reserved 1114112K
  class space    used 1423K, committed 1536K, reserved 1048576K
}
Event: 5.534 GC heap after
{Heap after GC invocations=2 (full 0):
 garbage-first heap   total 114688K, used 8035K [0x0000000091000000, 0x0000000100000000)
  region size 1024K, 3 young (3072K), 3 survivors (3072K)
 Metaspace       used 10747K, committed 11008K, reserved 1114112K
  class space    used 1423K, committed 1536K, reserved 1048576K
}
Event: 10.229 GC heap before
{Heap before GC invocations=2 (full 0):
 garbage-first heap   total 114688K, used 78691K [0x0000000091000000, 0x0000000100000000)
  region size 1024K, 53 young (54272K), 3 survivors (3072K)
 Metaspace       used 19568K, committed 19840K, reserved 1114112K
  class space    used 2938K, committed 3072K, reserved 1048576K
}
Event: 10.240 GC heap after
{Heap after GC invocations=3 (full 0):
 garbage-first heap   total 114688K, used 32360K [0x0000000091000000, 0x0000000100000000)
  region size 1024K, 7 young (7168K), 7 survivors (7168K)
 Metaspace       used 19568K, committed 19840K, reserved 1114112K
  class space    used 2938K, committed 3072K, reserved 1048576K
}
Event: 21.427 GC heap before
{Heap before GC invocations=3 (full 0):
 garbage-first heap   total 114688K, used 47720K [0x0000000091000000, 0x0000000100000000)
  region size 1024K, 23 young (23552K), 7 survivors (7168K)
 Metaspace       used 21219K, committed 21504K, reserved 1114112K
  class space    used 3092K, committed 3264K, reserved 1048576K
}
Event: 21.436 GC heap after
{Heap after GC invocations=4 (full 0):
 garbage-first heap   total 114688K, used 33941K [0x0000000091000000, 0x0000000100000000)
  region size 1024K, 2 young (2048K), 2 survivors (2048K)
 Metaspace       used 21219K, committed 21504K, reserved 1114112K
  class space    used 3092K, committed 3264K, reserved 1048576K
}

Dll operation events (20 events):
Event: 1.478 Loaded shared library D:\Proyecto Terminal\openjfx-22.0.1_windows-x64_bin-sdk\javafx-sdk-22.0.1\bin\api-ms-win-crt-process-l1-1-0.dll
Event: 1.481 Loaded shared library D:\Proyecto Terminal\openjfx-22.0.1_windows-x64_bin-sdk\javafx-sdk-22.0.1\bin\api-ms-win-crt-runtime-l1-1-0.dll
Event: 1.483 Loaded shared library D:\Proyecto Terminal\openjfx-22.0.1_windows-x64_bin-sdk\javafx-sdk-22.0.1\bin\api-ms-win-crt-stdio-l1-1-0.dll
Event: 1.485 Loaded shared library D:\Proyecto Terminal\openjfx-22.0.1_windows-x64_bin-sdk\javafx-sdk-22.0.1\bin\api-ms-win-crt-string-l1-1-0.dll
Event: 1.489 Loaded shared library D:\Proyecto Terminal\openjfx-22.0.1_windows-x64_bin-sdk\javafx-sdk-22.0.1\bin\api-ms-win-crt-time-l1-1-0.dll
Event: 1.502 Loaded shared library D:\Proyecto Terminal\openjfx-22.0.1_windows-x64_bin-sdk\javafx-sdk-22.0.1\bin\api-ms-win-crt-utility-l1-1-0.dll
Event: 1.505 Loaded shared library D:\Proyecto Terminal\openjfx-22.0.1_windows-x64_bin-sdk\javafx-sdk-22.0.1\bin\ucrtbase.dll
Event: 1.508 Loaded shared library D:\Proyecto Terminal\openjfx-22.0.1_windows-x64_bin-sdk\javafx-sdk-22.0.1\bin\vcruntime140.dll
Event: 1.511 Loaded shared library D:\Proyecto Terminal\openjfx-22.0.1_windows-x64_bin-sdk\javafx-sdk-22.0.1\bin\vcruntime140_1.dll
Event: 1.513 Loaded shared library D:\Proyecto Terminal\openjfx-22.0.1_windows-x64_bin-sdk\javafx-sdk-22.0.1\bin\msvcp140.dll
Event: 1.518 Loaded shared library D:\Proyecto Terminal\openjfx-22.0.1_windows-x64_bin-sdk\javafx-sdk-22.0.1\bin\msvcp140_1.dll
Event: 1.520 Loaded shared library D:\Proyecto Terminal\openjfx-22.0.1_windows-x64_bin-sdk\javafx-sdk-22.0.1\bin\msvcp140_2.dll
Event: 1.652 Loaded shared library D:\Proyecto Terminal\openjfx-22.0.1_windows-x64_bin-sdk\javafx-sdk-22.0.1\bin\prism_d3d.dll
Event: 1.740 Loaded shared library D:\Proyecto Terminal\openjfx-22.0.1_windows-x64_bin-sdk\javafx-sdk-22.0.1\bin\glass.dll
Event: 2.033 Loaded shared library C:\Users\diego\.jdks\corretto-17.0.12\bin\jimage.dll
Event: 3.153 Loaded shared library D:\Proyecto Terminal\openjfx-22.0.1_windows-x64_bin-sdk\javafx-sdk-22.0.1\bin\javafx_font.dll
Event: 9.460 Loaded shared library D:\Proyecto Terminal\openjfx-22.0.1_windows-x64_bin-sdk\javafx-sdk-22.0.1\bin\javafx_iio.dll
Event: 25.414 Loaded shared library C:\Users\diego\.jdks\corretto-17.0.12\bin\awt.dll
Event: 25.951 Loaded shared library C:\Users\diego\.jdks\corretto-17.0.12\bin\freetype.dll
Event: 25.954 Loaded shared library C:\Users\diego\.jdks\corretto-17.0.12\bin\fontmanager.dll

Deoptimization events (20 events):
Event: 88.748 Thread 0x0000022358611ba0 DEOPT PACKING pc=0x0000022307cc2d68 sp=0x000000c43c8fc3c0
Event: 88.748 Thread 0x0000022358611ba0 DEOPT UNPACKING pc=0x00000223075869a3 sp=0x000000c43c8fc328 mode 2
Event: 88.786 Thread 0x00000223577ae9b0 DEOPT PACKING pc=0x0000022300a5b6a4 sp=0x000000c43a3ff060
Event: 88.786 Thread 0x00000223577ae9b0 DEOPT UNPACKING pc=0x0000022307587143 sp=0x000000c43a3fe588 mode 1
Event: 88.786 Thread 0x0000022357483510 DEOPT PACKING pc=0x0000022307c9d2cc sp=0x000000c43a2ff5a0
Event: 88.786 Thread 0x0000022357483510 DEOPT UNPACKING pc=0x0000022307587143 sp=0x000000c43a2fe9c0 mode 1
Event: 88.786 Thread 0x00000223577ae9b0 Uncommon trap: trap_request=0xfffffff4 fr.pc=0x0000022307dda868 relative=0x00000000000000c8
Event: 88.786 Thread 0x00000223577ae9b0 Uncommon trap: reason=null_check action=make_not_entrant pc=0x0000022307dda868 method=com.sun.prism.impl.BaseResourcePool$WeakLinkedList.getResource()Lcom/sun/prism/impl/ManagedResource; @ 7 c2
Event: 88.786 Thread 0x00000223577ae9b0 DEOPT PACKING pc=0x0000022307dda868 sp=0x000000c43a3fedd0
Event: 88.786 Thread 0x00000223577ae9b0 DEOPT UNPACKING pc=0x00000223075869a3 sp=0x000000c43a3fed90 mode 2
Event: 88.798 Thread 0x0000022358611ba0 Uncommon trap: trap_request=0xffffff45 fr.pc=0x0000022307d02130 relative=0x0000000000000110
Event: 88.798 Thread 0x0000022358611ba0 Uncommon trap: reason=unstable_if action=reinterpret pc=0x0000022307d02130 method=java.lang.ThreadLocal$ThreadLocalMap.getEntry(Ljava/lang/ThreadLocal;)Ljava/lang/ThreadLocal$ThreadLocalMap$Entry; @ 29 c2
Event: 88.798 Thread 0x0000022358611ba0 DEOPT PACKING pc=0x0000022307d02130 sp=0x000000c43c8fc750
Event: 88.798 Thread 0x0000022358611ba0 DEOPT UNPACKING pc=0x00000223075869a3 sp=0x000000c43c8fc678 mode 2
Event: 88.812 Thread 0x0000022357864f40 DEOPT PACKING pc=0x0000022300413531 sp=0x000000c43a7f88a0
Event: 88.812 Thread 0x0000022357864f40 DEOPT UNPACKING pc=0x0000022307587143 sp=0x000000c43a7f7e68 mode 0
Event: 88.898 Thread 0x0000022358611ba0 Uncommon trap: trap_request=0xffffff45 fr.pc=0x0000022307ce1d38 relative=0x0000000000000038
Event: 88.898 Thread 0x0000022358611ba0 Uncommon trap: reason=unstable_if action=reinterpret pc=0x0000022307ce1d38 method=java.lang.Character.isHighSurrogate(C)Z @ 3 c2
Event: 88.898 Thread 0x0000022358611ba0 DEOPT PACKING pc=0x0000022307ce1d38 sp=0x000000c43c8fd2d0
Event: 88.898 Thread 0x0000022358611ba0 DEOPT UNPACKING pc=0x00000223075869a3 sp=0x000000c43c8fd268 mode 2

Classes loaded (20 events):
Event: 88.898 Loading class org/jfree/text/TextFragment
Event: 88.898 Loading class org/jfree/text/TextFragment done
Event: 88.899 Loading class org/jfree/ui/Size2D
Event: 88.899 Loading class org/jfree/ui/Size2D done
Event: 88.899 Loading class org/jfree/text/TextBlockAnchor
Event: 88.899 Loading class org/jfree/text/TextBlockAnchor done
Event: 88.900 Loading class sun/java2d/loops/FontInfo
Event: 88.900 Loading class sun/java2d/loops/FontInfo done
Event: 88.901 Loading class org/jfree/chart/block/BlockResult
Event: 88.901 Loading class org/jfree/chart/block/BlockResult done
Event: 88.901 Loading class org/jfree/chart/block/EntityBlockResult
Event: 88.901 Loading class org/jfree/chart/block/EntityBlockResult done
Event: 88.902 Loading class org/jfree/chart/LegendItemCollection
Event: 88.902 Loading class org/jfree/chart/LegendItemCollection done
Event: 88.902 Loading class java/text/MessageFormat
Event: 88.903 Loading class java/text/MessageFormat done
Event: 88.904 Loading class java/text/MessageFormat$Field
Event: 88.904 Loading class java/text/MessageFormat$Field done
Event: 88.904 Loading class org/jfree/chart/LegendItem
Event: 88.904 Loading class org/jfree/chart/LegendItem done

Classes unloaded (0 events):
No events

Classes redefined (0 events):
No events

Internal exceptions (20 events):
Event: 10.159 Thread 0x0000022357864f40 Exception <a 'java/lang/NoSuchMethodError'{0x0000000094b50738}: 'void java.lang.invoke.DirectMethodHandle$Holder.invokeVirtual(java.lang.Object, java.lang.Object)'> (0x0000000094b50738) 
thrown [s\src\hotspot\share\interpreter\linkResolver.cpp, line 759]
Event: 11.348 Thread 0x0000022357864f40 Exception <a 'java/lang/NoSuchMethodError'{0x0000000097d50418}: 'java.lang.Object java.lang.invoke.DirectMethodHandle$Holder.newInvokeSpecial(java.lang.Object, java.lang.Object, int, int, int, int, int, java.lang.Object)'> (0x0000000097d50418) 
thrown [s\src\hotspot\share\interpreter\linkResolver.cpp, line 759]
Event: 11.351 Thread 0x0000022357864f40 Exception <a 'java/lang/NoSuchMethodError'{0x0000000097d63940}: 'java.lang.Object java.lang.invoke.DirectMethodHandle$Holder.newInvokeSpecial(java.lang.Object, java.lang.Object, java.lang.Object, int, int, int, int, int)'> (0x0000000097d63940) 
thrown [s\src\hotspot\share\interpreter\linkResolver.cpp, line 759]
Event: 11.352 Thread 0x0000022357864f40 Exception <a 'java/lang/NoSuchMethodError'{0x0000000097d6b998}: 'java.lang.Object java.lang.invoke.Invokers$Holder.linkToTargetMethod(java.lang.Object, java.lang.Object, int, int, int, int, int, java.lang.Object)'> (0x0000000097d6b998) 
thrown [s\src\hotspot\share\interpreter\linkResolver.cpp, line 759]
Event: 25.408 Thread 0x0000022357864f40 Exception <a 'java/lang/ClassNotFoundException'{0x0000000097b80358}: sun/awt/resources/spi/awtProvider> (0x0000000097b80358) 
thrown [s\src\hotspot\share\classfile\systemDictionary.cpp, line 256]
Event: 25.417 Thread 0x0000022357864f40 Exception <a 'java/io/FileNotFoundException'{0x0000000097b97ae8}> (0x0000000097b97ae8) 
thrown [s\src\hotspot\share\prims\jni.cpp, line 516]
Event: 25.417 Thread 0x0000022357864f40 Exception <a 'java/io/FileNotFoundException'{0x0000000097b99af0}> (0x0000000097b99af0) 
thrown [s\src\hotspot\share\prims\jni.cpp, line 516]
Event: 25.494 Thread 0x0000022357864f40 Exception <a 'java/lang/NoSuchMethodError'{0x0000000097953070}: 'java.lang.Object java.lang.invoke.DirectMethodHandle$Holder.invokeInterface(java.lang.Object, java.lang.Object)'> (0x0000000097953070) 
thrown [s\src\hotspot\share\interpreter\linkResolver.cpp, line 759]
Event: 25.696 Thread 0x0000022357864f40 Exception <a 'java/lang/NoSuchMethodError'{0x000000009763b410}: 'java.lang.Object java.lang.invoke.DirectMethodHandle$Holder.invokeStatic(java.lang.Object, int, java.lang.Object, java.lang.Object, java.lang.Object, java.lang.Object)'> (0x000000009763b410) 
thrown [s\src\hotspot\share\interpreter\linkResolver.cpp, line 759]
Event: 25.700 Thread 0x0000022357864f40 Exception <a 'java/lang/NoSuchMethodError'{0x0000000097662768}: 'java.lang.Object java.lang.invoke.DirectMethodHandle$Holder.invokeStatic(java.lang.Object, int, java.lang.Object)'> (0x0000000097662768) 
thrown [s\src\hotspot\share\interpreter\linkResolver.cpp, line 759]
Event: 25.784 Thread 0x0000022357864f40 Exception <a 'java/lang/ClassNotFoundException'{0x0000000097450310}: com/sun/swing/internal/plaf/metal/resources/spi/metalProvider> (0x0000000097450310) 
thrown [s\src\hotspot\share\classfile\systemDictionary.cpp, line 256]
Event: 25.786 Thread 0x0000022357864f40 Exception <a 'java/lang/ClassNotFoundException'{0x0000000097458d20}: com/sun/swing/internal/plaf/basic/resources/spi/basicProvider> (0x0000000097458d20) 
thrown [s\src\hotspot\share\classfile\systemDictionary.cpp, line 256]
Event: 25.883 Thread 0x0000022357864f40 Implicit null exception at 0x0000022307e01ff2 to 0x0000022307e0275c
Event: 25.884 Thread 0x0000022357864f40 Implicit null exception at 0x0000022307c9948c to 0x0000022307c994c0
Event: 29.698 Thread 0x0000022357864f40 Exception <a 'java/lang/NoSuchMethodError'{0x00000000972e5078}: 'java.lang.Object java.lang.invoke.DirectMethodHandle$Holder.invokeSpecial(java.lang.Object, java.lang.Object, long, java.lang.Object, int, int, java.lang.Object, int, java.lang.Object)'> (0x00000000972e5078) 
thrown [s\src\hotspot\share\interpreter\linkResolver.cpp, line 759]
Event: 29.699 Thread 0x0000022357864f40 Exception <a 'java/lang/NoSuchMethodError'{0x00000000972e9580}: 'java.lang.Object java.lang.invoke.DelegatingMethodHandle$Holder.reinvoke_L(java.lang.Object, long, java.lang.Object, int, int, java.lang.Object, int, java.lang.Object)'> (0x00000000972e9580) 
thrown [s\src\hotspot\share\interpreter\linkResolver.cpp, line 759]
Event: 29.711 Thread 0x0000022357864f40 Exception <a 'java/lang/NoSuchMethodError'{0x0000000097147a68}: 'java.lang.Object java.lang.invoke.DelegatingMethodHandle$Holder.reinvoke_L(java.lang.Object, java.lang.Object, long, java.lang.Object, int, java.lang.Object, java.lang.Object, java.lang.Object, java.lang.Object, java.lang.Object, java.lang.Object, java.lang.Object, java.lang.Object, int, int)'> (0x0000000097147a68) 
thrown [s\src\hotspot\share\interpreter\linkResolver.cpp, line 759]
Event: 29.721 Thread 0x0000022357864f40 Exception <a 'java/lang/NoSuchMethodError'{0x000000009718cc70}: 'java.lang.Object java.lang.invoke.DirectMethodHandle$Holder.invokeSpecial(java.lang.Object, java.lang.Object, long, java.lang.Object, int, java.lang.Object, java.lang.Object, java.lang.Object, java.lang.Object, java.lang.Object, java.lang.Object, java.lang.Object, java.lang.Object, int, int)'> (0x000000009718cc70) 
thrown [s\src\hotspot\share\interpreter\linkResolver.cpp, line 759]
Event: 29.721 Thread 0x0000022357864f40 Exception <a 'java/lang/NoSuchMethodError'{0x0000000097191ad0}: 'java.lang.Object java.lang.invoke.DelegatingMethodHandle$Holder.reinvoke_L(java.lang.Object, long, java.lang.Object, int, java.lang.Object, java.lang.Object, java.lang.Object, java.lang.Object, java.lang.Object, java.lang.Object, java.lang.Object, java.lang.Object, int, int)'> (0x0000000097191ad0) 
thrown [s\src\hotspot\share\interpreter\linkResolver.cpp, line 759]
Event: 88.786 Thread 0x00000223577ae9b0 Implicit null exception at 0x0000022307dda7de to 0x0000022307dda858

VM Operations (20 events):
Event: 30.311 Executing VM operation: Cleanup done
Event: 30.938 Executing VM operation: HandshakeAllThreads
Event: 30.939 Executing VM operation: HandshakeAllThreads done
Event: 31.938 Executing VM operation: Cleanup
Event: 31.939 Executing VM operation: Cleanup done
Event: 60.170 Executing VM operation: HandshakeAllThreads
Event: 60.170 Executing VM operation: HandshakeAllThreads done
Event: 88.682 Executing VM operation: ChangeBreakpoints
Event: 88.683 Executing VM operation: ChangeBreakpoints done
Event: 88.683 Executing VM operation: ChangeBreakpoints
Event: 88.683 Executing VM operation: ChangeBreakpoints done
Event: 88.683 Executing VM operation: ChangeBreakpoints
Event: 88.683 Executing VM operation: ChangeBreakpoints done
Event: 88.684 Executing VM operation: ChangeBreakpoints
Event: 88.687 Executing VM operation: ChangeBreakpoints done
Event: 88.687 Executing VM operation: HandshakeAllThreads
Event: 88.688 Executing VM operation: HandshakeAllThreads done
Event: 88.891 Executing VM operation: HandshakeAllThreads
Event: 88.891 Executing VM operation: HandshakeAllThreads done
Event: 88.907 Executing VM operation: Exit

Events (20 events):
Event: 88.700 Thread 0x00000223113e87b0 flushing nmethod 0x0000022300b0a810
Event: 88.700 Thread 0x00000223113e87b0 flushing nmethod 0x0000022300b0c490
Event: 88.700 Thread 0x00000223113e87b0 flushing nmethod 0x0000022300b0ca10
Event: 88.700 Thread 0x00000223113e87b0 flushing nmethod 0x0000022300b0e690
Event: 88.700 Thread 0x00000223113e87b0 flushing nmethod 0x0000022300b0fe10
Event: 88.700 Thread 0x00000223113e87b0 flushing nmethod 0x0000022300b17b10
Event: 88.703 Thread 0x000002235710b510 Thread exited: 0x000002235710b510
Event: 88.705 Thread 0x0000022358613a00 Thread added: 0x0000022358613a00
Event: 88.783 Thread 0x0000022358612ad0 Thread added: 0x0000022358612ad0
Event: 88.784 Thread 0x0000022358614420 Thread added: 0x0000022358614420
Event: 88.784 Thread 0x00000223574820d0 Thread added: 0x00000223574820d0
Event: 88.784 Thread 0x0000022357483510 Thread added: 0x0000022357483510
Event: 88.784 Thread 0x0000022357483a20 Thread added: 0x0000022357483a20
Event: 88.785 Thread 0x0000022357483a20 Thread exited: 0x0000022357483a20
Event: 88.786 Thread 0x0000022357483510 Thread exited: 0x0000022357483510
Event: 88.791 Thread 0x00000223574820d0 Thread exited: 0x00000223574820d0
Event: 88.791 Thread 0x0000022358613a00 Thread exited: 0x0000022358613a00
Event: 88.830 Thread 0x00000223586134f0 Thread exited: 0x00000223586134f0
Event: 88.831 Thread 0x00000223577ae9b0 Thread exited: 0x00000223577ae9b0
Event: 88.907 Thread 0x0000022358614420 Thread exited: 0x0000022358614420


Dynamic libraries:
0x00007ff644970000 - 0x00007ff64497e000 	C:\Users\diego\.jdks\corretto-17.0.12\bin\java.exe
0x00007ffac55f0000 - 0x00007ffac5807000 	C:\Windows\SYSTEM32\ntdll.dll
0x00007ffac3580000 - 0x00007ffac3644000 	C:\Windows\System32\KERNEL32.DLL
0x00007ffac2cf0000 - 0x00007ffac309d000 	C:\Windows\System32\KERNELBASE.dll
0x00007ffac2bd0000 - 0x00007ffac2ce1000 	C:\Windows\System32\ucrtbase.dll
0x00007ffab0da0000 - 0x00007ffab0dbb000 	C:\Users\diego\.jdks\corretto-17.0.12\bin\VCRUNTIME140.dll
0x00007ffabd1b0000 - 0x00007ffabd1c7000 	C:\Users\diego\.jdks\corretto-17.0.12\bin\jli.dll
0x00007ffac33d0000 - 0x00007ffac357e000 	C:\Windows\System32\USER32.dll
0x00007ffac2990000 - 0x00007ffac29b6000 	C:\Windows\System32\win32u.dll
0x00007ffaaa840000 - 0x00007ffaaaad3000 	C:\Windows\WinSxS\amd64_microsoft.windows.common-controls_6595b64144ccf1df_6.0.22621.3672_none_2713b9d173822955\COMCTL32.dll
0x00007ffac40d0000 - 0x00007ffac40f9000 	C:\Windows\System32\GDI32.dll
0x00007ffac3880000 - 0x00007ffac3927000 	C:\Windows\System32\msvcrt.dll
0x00007ffac3110000 - 0x00007ffac3229000 	C:\Windows\System32\gdi32full.dll
0x00007ffac2b30000 - 0x00007ffac2bca000 	C:\Windows\System32\msvcp_win.dll
0x00007ffac4ff0000 - 0x00007ffac5021000 	C:\Windows\System32\IMM32.DLL
0x00007ffabd420000 - 0x00007ffabd42c000 	C:\Users\diego\.jdks\corretto-17.0.12\bin\vcruntime140_1.dll
0x00007ffaae7d0000 - 0x00007ffaae85d000 	C:\Users\diego\.jdks\corretto-17.0.12\bin\msvcp140.dll
0x00007ffa61dd0000 - 0x00007ffa62a3a000 	C:\Users\diego\.jdks\corretto-17.0.12\bin\server\jvm.dll
0x00007ffac4f30000 - 0x00007ffac4fe2000 	C:\Windows\System32\ADVAPI32.dll
0x00007ffac3320000 - 0x00007ffac33c9000 	C:\Windows\System32\sechost.dll
0x00007ffac32f0000 - 0x00007ffac3318000 	C:\Windows\System32\bcrypt.dll
0x00007ffac36e0000 - 0x00007ffac37f4000 	C:\Windows\System32\RPCRT4.dll
0x00007ffac4100000 - 0x00007ffac4171000 	C:\Windows\System32\WS2_32.dll
0x00007ffac27d0000 - 0x00007ffac281d000 	C:\Windows\SYSTEM32\POWRPROF.dll
0x00007ffabf350000 - 0x00007ffabf384000 	C:\Windows\SYSTEM32\WINMM.dll
0x00007ffab95a0000 - 0x00007ffab95aa000 	C:\Windows\SYSTEM32\VERSION.dll
0x00007ffac27b0000 - 0x00007ffac27c3000 	C:\Windows\SYSTEM32\UMPDC.dll
0x00007ffac1940000 - 0x00007ffac1958000 	C:\Windows\SYSTEM32\kernel.appcore.dll
0x00007ffabd1a0000 - 0x00007ffabd1aa000 	C:\Users\diego\.jdks\corretto-17.0.12\bin\jimage.dll
0x00007ffabff30000 - 0x00007ffac0162000 	C:\Windows\SYSTEM32\DBGHELP.DLL
0x00007ffac4180000 - 0x00007ffac450d000 	C:\Windows\System32\combase.dll
0x00007ffac5060000 - 0x00007ffac5137000 	C:\Windows\System32\OLEAUT32.dll
0x00007ffa93c40000 - 0x00007ffa93c72000 	C:\Windows\SYSTEM32\dbgcore.DLL
0x00007ffac2910000 - 0x00007ffac298b000 	C:\Windows\System32\bcryptPrimitives.dll
0x00007ffa6e4e0000 - 0x00007ffa6e51b000 	C:\Users\diego\.jdks\corretto-17.0.12\bin\jdwp.dll
0x00007ffaafe10000 - 0x00007ffaafe1e000 	C:\Users\diego\.jdks\corretto-17.0.12\bin\instrument.dll
0x00007ffaaf060000 - 0x00007ffaaf085000 	C:\Users\diego\.jdks\corretto-17.0.12\bin\java.dll
0x00007ffa9eb00000 - 0x00007ffa9eb18000 	C:\Users\diego\.jdks\corretto-17.0.12\bin\zip.dll
0x00007ffa6dc50000 - 0x00007ffa6dd27000 	C:\Users\diego\.jdks\corretto-17.0.12\bin\jsvml.dll
0x00007ffac4510000 - 0x00007ffac4d78000 	C:\Windows\System32\SHELL32.dll
0x00007ffac0860000 - 0x00007ffac115e000 	C:\Windows\SYSTEM32\windows.storage.dll
0x00007ffac0720000 - 0x00007ffac085f000 	C:\Windows\SYSTEM32\wintypes.dll
0x00007ffac3f60000 - 0x00007ffac4059000 	C:\Windows\System32\SHCORE.dll
0x00007ffac3940000 - 0x00007ffac399e000 	C:\Windows\System32\shlwapi.dll
0x00007ffac2840000 - 0x00007ffac2861000 	C:\Windows\SYSTEM32\profapi.dll
0x00007ffab0d80000 - 0x00007ffab0d99000 	C:\Users\diego\.jdks\corretto-17.0.12\bin\net.dll
0x00007ffabc910000 - 0x00007ffabca46000 	C:\Windows\SYSTEM32\WINHTTP.dll
0x00007ffac1db0000 - 0x00007ffac1e19000 	C:\Windows\system32\mswsock.dll
0x00007ffaae750000 - 0x00007ffaae766000 	C:\Users\diego\.jdks\corretto-17.0.12\bin\nio.dll
0x00007ffaae7c0000 - 0x00007ffaae7cc000 	C:\Users\diego\.jdks\corretto-17.0.12\bin\dt_socket.dll
0x00007ffac13c0000 - 0x00007ffac13ed000 	C:\Windows\SYSTEM32\IPHLPAPI.DLL
0x0000022311970000 - 0x0000022311973000 	D:\Proyecto Terminal\openjfx-22.0.1_windows-x64_bin-sdk\javafx-sdk-22.0.1\bin\api-ms-win-core-console-l1-1-0.dll
0x0000022311980000 - 0x0000022311983000 	D:\Proyecto Terminal\openjfx-22.0.1_windows-x64_bin-sdk\javafx-sdk-22.0.1\bin\api-ms-win-core-console-l1-2-0.dll
0x0000022311990000 - 0x0000022311993000 	D:\Proyecto Terminal\openjfx-22.0.1_windows-x64_bin-sdk\javafx-sdk-22.0.1\bin\api-ms-win-core-datetime-l1-1-0.dll
0x00000223119a0000 - 0x00000223119a3000 	D:\Proyecto Terminal\openjfx-22.0.1_windows-x64_bin-sdk\javafx-sdk-22.0.1\bin\api-ms-win-core-debug-l1-1-0.dll
0x00000223119b0000 - 0x00000223119b3000 	D:\Proyecto Terminal\openjfx-22.0.1_windows-x64_bin-sdk\javafx-sdk-22.0.1\bin\api-ms-win-core-errorhandling-l1-1-0.dll
0x00000223119c0000 - 0x00000223119c4000 	D:\Proyecto Terminal\openjfx-22.0.1_windows-x64_bin-sdk\javafx-sdk-22.0.1\bin\api-ms-win-core-file-l1-1-0.dll
0x00000223119d0000 - 0x00000223119d3000 	D:\Proyecto Terminal\openjfx-22.0.1_windows-x64_bin-sdk\javafx-sdk-22.0.1\bin\api-ms-win-core-file-l1-2-0.dll
0x00000223119e0000 - 0x00000223119e3000 	D:\Proyecto Terminal\openjfx-22.0.1_windows-x64_bin-sdk\javafx-sdk-22.0.1\bin\api-ms-win-core-file-l2-1-0.dll
0x00000223119f0000 - 0x00000223119f3000 	D:\Proyecto Terminal\openjfx-22.0.1_windows-x64_bin-sdk\javafx-sdk-22.0.1\bin\api-ms-win-core-handle-l1-1-0.dll
0x0000022311a00000 - 0x0000022311a03000 	D:\Proyecto Terminal\openjfx-22.0.1_windows-x64_bin-sdk\javafx-sdk-22.0.1\bin\api-ms-win-core-heap-l1-1-0.dll
0x0000022311a10000 - 0x0000022311a13000 	D:\Proyecto Terminal\openjfx-22.0.1_windows-x64_bin-sdk\javafx-sdk-22.0.1\bin\api-ms-win-core-interlocked-l1-1-0.dll
0x0000022311a20000 - 0x0000022311a23000 	D:\Proyecto Terminal\openjfx-22.0.1_windows-x64_bin-sdk\javafx-sdk-22.0.1\bin\api-ms-win-core-libraryloader-l1-1-0.dll
0x0000022311a30000 - 0x0000022311a33000 	D:\Proyecto Terminal\openjfx-22.0.1_windows-x64_bin-sdk\javafx-sdk-22.0.1\bin\api-ms-win-core-localization-l1-2-0.dll
0x0000022311a40000 - 0x0000022311a43000 	D:\Proyecto Terminal\openjfx-22.0.1_windows-x64_bin-sdk\javafx-sdk-22.0.1\bin\api-ms-win-core-memory-l1-1-0.dll
0x0000022311a50000 - 0x0000022311a53000 	D:\Proyecto Terminal\openjfx-22.0.1_windows-x64_bin-sdk\javafx-sdk-22.0.1\bin\api-ms-win-core-namedpipe-l1-1-0.dll
0x0000022311a60000 - 0x0000022311a63000 	D:\Proyecto Terminal\openjfx-22.0.1_windows-x64_bin-sdk\javafx-sdk-22.0.1\bin\api-ms-win-core-processenvironment-l1-1-0.dll
0x0000022311a70000 - 0x0000022311a73000 	D:\Proyecto Terminal\openjfx-22.0.1_windows-x64_bin-sdk\javafx-sdk-22.0.1\bin\api-ms-win-core-processthreads-l1-1-0.dll
0x0000022311a80000 - 0x0000022311a83000 	D:\Proyecto Terminal\openjfx-22.0.1_windows-x64_bin-sdk\javafx-sdk-22.0.1\bin\api-ms-win-core-processthreads-l1-1-1.dll
0x0000022311a90000 - 0x0000022311a93000 	D:\Proyecto Terminal\openjfx-22.0.1_windows-x64_bin-sdk\javafx-sdk-22.0.1\bin\api-ms-win-core-profile-l1-1-0.dll
0x0000022311aa0000 - 0x0000022311aa3000 	D:\Proyecto Terminal\openjfx-22.0.1_windows-x64_bin-sdk\javafx-sdk-22.0.1\bin\api-ms-win-core-rtlsupport-l1-1-0.dll
0x0000022311ab0000 - 0x0000022311ab3000 	D:\Proyecto Terminal\openjfx-22.0.1_windows-x64_bin-sdk\javafx-sdk-22.0.1\bin\api-ms-win-core-string-l1-1-0.dll
0x0000022311ac0000 - 0x0000022311ac3000 	D:\Proyecto Terminal\openjfx-22.0.1_windows-x64_bin-sdk\javafx-sdk-22.0.1\bin\api-ms-win-core-synch-l1-1-0.dll
0x0000022311ad0000 - 0x0000022311ad3000 	D:\Proyecto Terminal\openjfx-22.0.1_windows-x64_bin-sdk\javafx-sdk-22.0.1\bin\api-ms-win-core-synch-l1-2-0.dll
0x0000022311ae0000 - 0x0000022311ae3000 	D:\Proyecto Terminal\openjfx-22.0.1_windows-x64_bin-sdk\javafx-sdk-22.0.1\bin\api-ms-win-core-sysinfo-l1-1-0.dll
0x0000022311af0000 - 0x0000022311af3000 	D:\Proyecto Terminal\openjfx-22.0.1_windows-x64_bin-sdk\javafx-sdk-22.0.1\bin\api-ms-win-core-timezone-l1-1-0.dll
0x0000022311b00000 - 0x0000022311b03000 	D:\Proyecto Terminal\openjfx-22.0.1_windows-x64_bin-sdk\javafx-sdk-22.0.1\bin\api-ms-win-core-util-l1-1-0.dll
0x0000022311b10000 - 0x0000022311b13000 	D:\Proyecto Terminal\openjfx-22.0.1_windows-x64_bin-sdk\javafx-sdk-22.0.1\bin\api-ms-win-crt-conio-l1-1-0.dll
0x0000022311b20000 - 0x0000022311b24000 	D:\Proyecto Terminal\openjfx-22.0.1_windows-x64_bin-sdk\javafx-sdk-22.0.1\bin\api-ms-win-crt-convert-l1-1-0.dll
0x0000022311b30000 - 0x0000022311b33000 	D:\Proyecto Terminal\openjfx-22.0.1_windows-x64_bin-sdk\javafx-sdk-22.0.1\bin\api-ms-win-crt-environment-l1-1-0.dll
0x0000022311b40000 - 0x0000022311b43000 	D:\Proyecto Terminal\openjfx-22.0.1_windows-x64_bin-sdk\javafx-sdk-22.0.1\bin\api-ms-win-crt-filesystem-l1-1-0.dll
0x0000022311b50000 - 0x0000022311b53000 	D:\Proyecto Terminal\openjfx-22.0.1_windows-x64_bin-sdk\javafx-sdk-22.0.1\bin\api-ms-win-crt-heap-l1-1-0.dll
0x0000022311b60000 - 0x0000022311b63000 	D:\Proyecto Terminal\openjfx-22.0.1_windows-x64_bin-sdk\javafx-sdk-22.0.1\bin\api-ms-win-crt-locale-l1-1-0.dll
0x0000022311b70000 - 0x0000022311b75000 	D:\Proyecto Terminal\openjfx-22.0.1_windows-x64_bin-sdk\javafx-sdk-22.0.1\bin\api-ms-win-crt-math-l1-1-0.dll
0x0000022311b80000 - 0x0000022311b85000 	D:\Proyecto Terminal\openjfx-22.0.1_windows-x64_bin-sdk\javafx-sdk-22.0.1\bin\api-ms-win-crt-multibyte-l1-1-0.dll
0x0000022311b90000 - 0x0000022311ba0000 	D:\Proyecto Terminal\openjfx-22.0.1_windows-x64_bin-sdk\javafx-sdk-22.0.1\bin\api-ms-win-crt-private-l1-1-0.dll
0x0000022311ba0000 - 0x0000022311ba3000 	D:\Proyecto Terminal\openjfx-22.0.1_windows-x64_bin-sdk\javafx-sdk-22.0.1\bin\api-ms-win-crt-process-l1-1-0.dll
0x0000022311bb0000 - 0x0000022311bb4000 	D:\Proyecto Terminal\openjfx-22.0.1_windows-x64_bin-sdk\javafx-sdk-22.0.1\bin\api-ms-win-crt-runtime-l1-1-0.dll
0x0000022311bc0000 - 0x0000022311bc4000 	D:\Proyecto Terminal\openjfx-22.0.1_windows-x64_bin-sdk\javafx-sdk-22.0.1\bin\api-ms-win-crt-stdio-l1-1-0.dll
0x0000022311bd0000 - 0x0000022311bd4000 	D:\Proyecto Terminal\openjfx-22.0.1_windows-x64_bin-sdk\javafx-sdk-22.0.1\bin\api-ms-win-crt-string-l1-1-0.dll
0x0000022311be0000 - 0x0000022311be3000 	D:\Proyecto Terminal\openjfx-22.0.1_windows-x64_bin-sdk\javafx-sdk-22.0.1\bin\api-ms-win-crt-time-l1-1-0.dll
0x0000022311bf0000 - 0x0000022311bf3000 	D:\Proyecto Terminal\openjfx-22.0.1_windows-x64_bin-sdk\javafx-sdk-22.0.1\bin\api-ms-win-crt-utility-l1-1-0.dll
0x00007ffa6d0b0000 - 0x00007ffa6d1ac000 	D:\Proyecto Terminal\openjfx-22.0.1_windows-x64_bin-sdk\javafx-sdk-22.0.1\bin\ucrtbase.dll
0x00007ffa91260000 - 0x00007ffa9127b000 	D:\Proyecto Terminal\openjfx-22.0.1_windows-x64_bin-sdk\javafx-sdk-22.0.1\bin\vcruntime140.dll
0x00007ffaac190000 - 0x00007ffaac19c000 	D:\Proyecto Terminal\openjfx-22.0.1_windows-x64_bin-sdk\javafx-sdk-22.0.1\bin\vcruntime140_1.dll
0x00007ffa6cd80000 - 0x00007ffa6ce0e000 	D:\Proyecto Terminal\openjfx-22.0.1_windows-x64_bin-sdk\javafx-sdk-22.0.1\bin\msvcp140.dll
0x00007ffaac100000 - 0x00007ffaac109000 	D:\Proyecto Terminal\openjfx-22.0.1_windows-x64_bin-sdk\javafx-sdk-22.0.1\bin\msvcp140_1.dll
0x00007ffa6ce60000 - 0x00007ffa6cea1000 	D:\Proyecto Terminal\openjfx-22.0.1_windows-x64_bin-sdk\javafx-sdk-22.0.1\bin\msvcp140_2.dll
0x00007ffa867d0000 - 0x00007ffa86800000 	D:\Proyecto Terminal\openjfx-22.0.1_windows-x64_bin-sdk\javafx-sdk-22.0.1\bin\prism_d3d.dll
0x00007ffa79c80000 - 0x00007ffa79e28000 	C:\Windows\system32\d3d9.dll
0x00007ffabfa10000 - 0x00007ffabfa3b000 	C:\Windows\SYSTEM32\dwmapi.dll
0x00007ffabf6d0000 - 0x00007ffabf707000 	C:\Windows\SYSTEM32\dxcore.dll
0x00007ffabf5d0000 - 0x00007ffabf680000 	C:\Windows\system32\uxtheme.dll
0x00007ffac4d80000 - 0x00007ffac4f25000 	C:\Windows\System32\ole32.dll
0x00007ffab9de0000 - 0x00007ffab9e29000 	C:\Windows\SYSTEM32\directxdatabasehelper.dll
0x00007ffa6cd30000 - 0x00007ffa6cd75000 	D:\Proyecto Terminal\openjfx-22.0.1_windows-x64_bin-sdk\javafx-sdk-22.0.1\bin\glass.dll
0x00007ffac5140000 - 0x00007ffac523f000 	C:\Windows\System32\COMDLG32.dll
0x00007ffa6e880000 - 0x00007ffa6e8de000 	C:\Program Files\Huawei\PCManager\plugins\PerfWndMonModule.dll
0x00007ffac5400000 - 0x00007ffac555b000 	C:\Windows\System32\MSCTF.dll
0x00007ffac39b0000 - 0x00007ffac3a60000 	C:\Windows\System32\clbcatq.dll
0x00007ffaaf340000 - 0x00007ffaaf4b5000 	C:\Windows\System32\Windows.UI.dll
0x00007ffaa89d0000 - 0x00007ffaa8b45000 	C:\Windows\System32\Windows.UI.Immersive.dll
0x00007ffa854f0000 - 0x00007ffa85505000 	D:\Proyecto Terminal\openjfx-22.0.1_windows-x64_bin-sdk\javafx-sdk-22.0.1\bin\javafx_font.dll
0x00007ffabed30000 - 0x00007ffabefa3000 	C:\Windows\SYSTEM32\dwrite.dll
0x00007ffabf3d0000 - 0x00007ffabf581000 	C:\Windows\SYSTEM32\WindowsCodecs.dll
0x00007ffab05a0000 - 0x00007ffab05fe000 	C:\Windows\system32\dataexchange.dll
0x00007ffab8080000 - 0x00007ffab830a000 	C:\Windows\system32\twinapi.appcore.dll
0x00007ffa6d070000 - 0x00007ffa6d0a2000 	C:\Program Files\Common Files\Microsoft Shared\Ink\rtscom.dll
0x00007ffaac670000 - 0x00007ffaac7be000 	C:\Windows\SYSTEM32\textinputframework.dll
0x00007ffabaae0000 - 0x00007ffabac13000 	C:\Windows\SYSTEM32\CoreMessaging.dll
0x00007ffab9680000 - 0x00007ffab99ed000 	C:\Windows\SYSTEM32\CoreUIComponents.dll
0x00007ffac2030000 - 0x00007ffac203c000 	C:\Windows\SYSTEM32\CRYPTBASE.DLL
0x00007ffa6dbb0000 - 0x00007ffa6dbdd000 	D:\Proyecto Terminal\openjfx-22.0.1_windows-x64_bin-sdk\javafx-sdk-22.0.1\bin\javafx_iio.dll
0x00007ffabe740000 - 0x00007ffabed2e000 	C:\Windows\SYSTEM32\d2d1.dll
0x00007ffabf0a0000 - 0x00007ffabf2f7000 	C:\Windows\SYSTEM32\d3d11.dll
0x00007ffabf710000 - 0x00007ffabf807000 	C:\Windows\SYSTEM32\dxgi.dll
0x00007ffab8580000 - 0x00007ffab8c91000 	C:\Windows\SYSTEM32\D3D10Warp.dll
0x00007ffa63e80000 - 0x00007ffa64010000 	C:\Users\diego\.jdks\corretto-17.0.12\bin\awt.dll

dbghelp: loaded successfully - version: 4.0.5 - missing functions: none
symbol engine: initialized successfully - sym options: 0x614 - pdb path: .;C:\Users\diego\.jdks\corretto-17.0.12\bin;C:\Windows\SYSTEM32;C:\Windows\WinSxS\amd64_microsoft.windows.common-controls_6595b64144ccf1df_6.0.22621.3672_none_2713b9d173822955;C:\Users\diego\.jdks\corretto-17.0.12\bin\server;D:\Proyecto Terminal\openjfx-22.0.1_windows-x64_bin-sdk\javafx-sdk-22.0.1\bin;C:\Windows\System32\DriverStore\FileRepository\u0355756.inf_amd64_5146fc3a012e7afa\B354291;C:\Program Files\Huawei\PCManager\plugins;C:\Program Files\Common Files\Microsoft Shared\Ink

VM Arguments:
jvm_args: -agentlib:jdwp=transport=dt_socket,address=127.0.0.1:6038,suspend=y,server=n --module-path=D:\Proyecto Terminal\openjfx-22.0.1_windows-x64_bin-sdk\javafx-sdk-22.0.1\lib --add-modules=javafx.controls,javafx.fxml -javaagent:C:\Users\diego\AppData\Local\JetBrains\IntelliJIdea2024.1\captureAgent\debugger-agent.jar -Dfile.encoding=UTF-8 
java_command: optiuam.bc.controller.OptiUAM24
java_class_path (initial): D:\Proyecto Terminal\C鏚igo\OptiUAM24\OptiUAM\out\production\OptiUAM;D:\Proyecto Terminal\C鏚igo\OptiUAM24\OptiUAM\Librerias\jcommon-1.0.23.jar;D:\Proyecto Terminal\C鏚igo\OptiUAM24\OptiUAM\Librerias\jfreechart-1.0.19.jar;D:\Proyecto Terminal\openjfx-22.0.1_windows-x64_bin-sdk\javafx-sdk-22.0.1\lib\javafx-swt.jar;D:\Proyecto Terminal\openjfx-22.0.1_windows-x64_bin-sdk\javafx-sdk-22.0.1\lib\javafx.base.jar;D:\Proyecto Terminal\openjfx-22.0.1_windows-x64_bin-sdk\javafx-sdk-22.0.1\lib\javafx.controls.jar;D:\Proyecto Terminal\openjfx-22.0.1_windows-x64_bin-sdk\javafx-sdk-22.0.1\lib\javafx.fxml.jar;D:\Proyecto Terminal\openjfx-22.0.1_windows-x64_bin-sdk\javafx-sdk-22.0.1\lib\javafx.graphics.jar;D:\Proyecto Terminal\openjfx-22.0.1_windows-x64_bin-sdk\javafx-sdk-22.0.1\lib\javafx.media.jar;D:\Proyecto Terminal\openjfx-22.0.1_windows-x64_bin-sdk\javafx-sdk-22.0.1\lib\javafx.swing.jar;D:\Proyecto Terminal\openjfx-22.0.1_windows-x64_bin-sdk\javafx-sdk-22.0.1\lib\javafx.web.jar;D:\Proyecto Terminal\openjfx-22.0.1_windows-x64_bin-sdk.zip;C:\Program Files\JetBrains\IntelliJ IDEA 2024.1.3\lib\idea_rt.jar
Launcher Type: SUN_STANDARD

[Global flags]
     intx CICompilerCount                          = 4                                         {product} {ergonomic}
     uint ConcGCThreads                            = 2                                         {product} {ergonomic}
     uint G1ConcRefinementThreads                  = 8                                         {product} {ergonomic}
   size_t G1HeapRegionSize                         = 1048576                                   {product} {ergonomic}
    uintx GCDrainStackTargetSize                   = 64                                        {product} {ergonomic}
   size_t InitialHeapSize                          = 117440512                                 {product} {ergonomic}
   size_t MarkStackSize                            = 4194304                                   {product} {ergonomic}
   size_t MaxHeapSize                              = 1862270976                                {product} {ergonomic}
   size_t MaxNewSize                               = 1116733440                                {product} {ergonomic}
   size_t MinHeapDeltaBytes                        = 1048576                                   {product} {ergonomic}
   size_t MinHeapSize                              = 8388608                                   {product} {ergonomic}
    uintx NonNMethodCodeHeapSize                   = 5839372                                {pd product} {ergonomic}
    uintx NonProfiledCodeHeapSize                  = 122909434                              {pd product} {ergonomic}
    uintx ProfiledCodeHeapSize                     = 122909434                              {pd product} {ergonomic}
    uintx ReservedCodeCacheSize                    = 251658240                              {pd product} {ergonomic}
     bool SegmentedCodeCache                       = true                                      {product} {ergonomic}
   size_t SoftMaxHeapSize                          = 1862270976                             {manageable} {ergonomic}
     bool UseCompressedClassPointers               = true                           {product lp64_product} {ergonomic}
     bool UseCompressedOops                        = true                           {product lp64_product} {ergonomic}
     bool UseG1GC                                  = true                                      {product} {ergonomic}
     bool UseLargePagesIndividualAllocation        = false                                  {pd product} {ergonomic}

Logging:
Log output configuration:
 #0: stdout all=off uptime,level,tags
 #1: stderr all=off uptime,level,tags

Environment Variables:
PATH=C:\Program Files\Common Files\Oracle\Java\javapath;C:\Users\diego\Desktop\oracle\bin;C:\Windows\system32;C:\Windows;C:\Windows\System32\Wbem;C:\Windows\System32\WindowsPowerShell\v1.0\;C:\Windows\System32\OpenSSH\;C:\Program Files\Git\cmd;C:\Users\diego\AppData\Local\Microsoft\WindowsApps;C:\Program Files\JetBrains\IntelliJ IDEA 2024.1.3\bin;;C:\Users\diego\AppData\Local\GitHubDesktop\bin;C:\Program Files\JetBrains\PyCharm 2024.1.4\bin;;C:\Users\diego\AppData\Local\Programs\Microsoft VS Code\bin
USERNAME=diego
OS=Windows_NT
PROCESSOR_IDENTIFIER=AMD64 Family 23 Model 24 Stepping 1, AuthenticAMD
TMP=C:\Users\diego\AppData\Local\Temp
TEMP=C:\Users\diego\AppData\Local\Temp



Periodic native trim disabled


---------------  S Y S T E M  ---------------

OS:
 Windows 11 , 64 bit Build 22621 (10.0.22621.3958)
OS uptime: 3 days 16:49 hours

CPU: total 8 (initial active 8) (8 cores per cpu, 2 threads per core) family 23 model 24 stepping 1 microcode 0x0, cx8, cmov, fxsr, ht, mmx, 3dnowpref, sse, sse2, sse3, ssse3, sse4a, sse4.1, sse4.2, popcnt, lzcnt, tsc, tscinvbit, avx, avx2, aes, clmul, bmi1, bmi2, adx, sha, fma, vzeroupper, clflush, clflushopt
Processor Information for all 8 processors :
  Max Mhz: 2100, Current Mhz: 2100, Mhz Limit: 2100

Memory: 4k page, system-wide physical 7103M (706M free)
TotalPageFile size 14783M (AvailPageFile size 1994M)
current process WorkingSet (physical memory assigned to process): 222M, peak: 353M
current process commit charge ("private bytes"): 365M, peak: 501M

vm_info: OpenJDK 64-Bit Server VM (17.0.12+7-LTS) for windows-amd64 JRE (17.0.12+7-LTS), built on Jul 10 2024 20:46:33 by "Administrator" with MS VC++ 16.10 / 16.11 (VS2019)

END.
