#
# A fatal error has been detected by the Java Runtime Environment:
#
#  EXCEPTION_ACCESS_VIOLATION (0xc0000005) at pc=0x00007ffe204e82d7, pid=11868, tid=9012
#
# JRE version: OpenJDK Runtime Environment Corretto-17.0.13.11.1 (17.0.13+11) (build 17.0.13+11-LTS)
# Java VM: OpenJDK 64-Bit Server VM Corretto-17.0.13.11.1 (17.0.13+11-LTS, mixed mode, sharing, tiered, compressed oops, compressed class ptrs, g1 gc, windows-amd64)
# Problematic frame:
# C  [glass.dll+0x282d7]
#
# No core dump will be written. Minidumps are not enabled by default on client versions of Windows
#
# If you would like to submit a bug report, please visit:
#   https://github.com/corretto/corretto-17/issues/
#

---------------  S U M M A R Y ------------

Command Line: -agentlib:jdwp=transport=dt_socket,address=127.0.0.1:51626,suspend=y,server=n --module-path=D:\Proyecto Terminal\openjfx-22.0.1_windows-x64_bin-sdk\javafx-sdk-22.0.1\lib --add-modules=javafx.controls,javafx.fxml -javaagent:C:\Users\diego\AppData\Local\JetBrains\IntelliJIdea2024.1\captureAgent\debugger-agent.jar -Dfile.encoding=UTF-8 optiuam.bc.controller.OptiUAM24

Host: AMD Ryzen 5 3500U with Radeon Vega Mobile Gfx  , 8 cores, 6G,  Windows 11 , 64 bit Build 22621 (10.0.22621.4391)
Time: Wed Nov 20 16:20:42 2024 Hora estándar central (México) elapsed time: 353.768308 seconds (0d 0h 5m 53s)

---------------  T H R E A D  ---------------

Current thread (0x000001a87dcafce0):  VMThread "VM Thread" [stack: 0x0000002ea6800000,0x0000002ea6900000] [id=9012]

Stack: [0x0000002ea6800000,0x0000002ea6900000],  sp=0x0000002ea68ff3d0,  free space=1020k
Native frames: (J=compiled Java code, j=interpreted, Vv=VM code, C=native code)
C  [glass.dll+0x282d7]


siginfo: EXCEPTION_ACCESS_VIOLATION (0xc0000005), reading address 0x0000000000000000


Registers:
RAX=0x0000000000000000, RBX=0x000001a87e942a88, RCX=0x000001a87dcafce0, RDX=0x0000002ea68ff3d0
RSP=0x0000002ea68ff3d0, RBP=0x000001a87ed37448, RSI=0x0000002ea68ff4d8, RDI=0x000001a87ed37420
R8 =0x0000000000010002, R9 =0x000001a87ed37420, R10=0x85f13e9656da4870, R11=0x0000002ea68ff360
R12=0x00007ffe204e5be0, R13=0x00007ffdf18b8420, R14=0x0000856d21a53624, R15=0x000001a87ed37420
RIP=0x00007ffe204e82d7, EFLAGS=0x0000000000010202


Register to memory mapping:

RIP=0x00007ffe204e82d7 glass.dll
RAX=0x0 is NULL
RBX=0x000001a87e942a88 is a global jni handle
RCX=0x000001a87dcafce0 points into unknown readable memory: 0x00007ffdf16e2cc8 | c8 2c 6e f1 fd 7f 00 00
RDX=0x0000002ea68ff3d0 points into unknown readable memory: 0x0000000000000000 | 00 00 00 00 00 00 00 00
RSP=0x0000002ea68ff3d0 points into unknown readable memory: 0x0000000000000000 | 00 00 00 00 00 00 00 00
RBP=0x000001a87ed37448 points into unknown readable memory: 0x0000856d21a53624 | 24 36 a5 21 6d 85 00 00
RSI=0x0000002ea68ff4d8 points into unknown readable memory: 0x0000002ea68ff4c0 | c0 f4 8f a6 2e 00 00 00
RDI=0x000001a87ed37420 points into unknown readable memory: 0x04e5eaed21a2c9c6 | c6 c9 a2 21 ed ea e5 04
R8 =0x0000000000010002 is an unknown value
R9 =0x000001a87ed37420 points into unknown readable memory: 0x04e5eaed21a2c9c6 | c6 c9 a2 21 ed ea e5 04
R10=0x85f13e9656da4870 is an unknown value
R11=0x0000002ea68ff360 points into unknown readable memory: 0x000001a87ed37420 | 20 74 d3 7e a8 01 00 00
R12=0x00007ffe204e5be0 glass.dll
R13=0x00007ffdf18b8420 jvm.dll
R14=0x0000856d21a53624 is an unknown value
R15=0x000001a87ed37420 points into unknown readable memory: 0x04e5eaed21a2c9c6 | c6 c9 a2 21 ed ea e5 04


Top of Stack: (sp=0x0000002ea68ff3d0)
0x0000002ea68ff3d0:   0000000000000000 0000002ea68ff4d8
0x0000002ea68ff3e0:   00007ffdf18b8420 00007ffe204e5be0
0x0000002ea68ff3f0:   000001a87ed37428 00007ffe63623a93
0x0000002ea68ff400:   000001a87ed37420 000001a800000000
0x0000002ea68ff410:   000001a87ed37448 0000002ea68ff4d8
0x0000002ea68ff420:   fffffffffffffffe 0000000000000000
0x0000002ea68ff430:   0000000000000001 00007ffe204c0000
0x0000002ea68ff440:   0000002ea68ff4c8 00007ffe635f042e
0x0000002ea68ff450:   0000000000000000 0000002ea68ff4d8
0x0000002ea68ff460:   0000002ea68ff7c0 0000000000000001
0x0000002ea68ff470:   0000000000000001 00007ffe635edddd
0x0000002ea68ff480:   0000000000000000 00007ffe204e53d9
0x0000002ea68ff490:   0000000000000000 0000002ea68ff4c8
0x0000002ea68ff4a0:   fffffffffffffffe 0000000000000001
0x0000002ea68ff4b0:   0000000000000001 00007ffe204e5a6d
0x0000002ea68ff4c0:   00007ffe204fd078 00007ffe00000002
0x0000002ea68ff4d0:   0000000000000002 0000002ea68ff4c0
0x0000002ea68ff4e0:   0000000000000000 00007ffe659f8af3
0x0000002ea68ff4f0:   0000000000000000 00007ffe204e5b92
0x0000002ea68ff500:   0000000000000001 0000002ea68ff700
0x0000002ea68ff510:   0000000000000001 0000000000000001
0x0000002ea68ff520:   000001a86d0f0228 00007ffe62402223
0x0000002ea68ff530:   000001a800000001 0000000000000016
0x0000002ea68ff540:   00007ffe204c0000 000000007ffe0384
0x0000002ea68ff550:   0000000000000000 00007ffe659f8b8f
0x0000002ea68ff560:   00007ffe204c0000 0000000000000000
0x0000002ea68ff570:   0000000000000001 000000007ffe0385
0x0000002ea68ff580:   0000000000000000 00007ffe65a217d9
0x0000002ea68ff590:   0000fe7a58f34000 0000000000000014
0x0000002ea68ff5a0:   00007ffe204e5be0 0000000000000000
0x0000002ea68ff5b0:   0000000000000000 0000002ea5dd2000
0x0000002ea68ff5c0:   000001a87e529c60 00007ffe65a21596 

Instructions: (pc=0x00007ffe204e82d7)
0x00007ffe204e81d7:   8b 4d 58 e8 49 cf ff ff 48 8b 4d 60 e8 40 cf ff
0x00007ffe204e81e7:   ff 48 8b 95 80 00 00 00 48 8b 8d 18 01 00 00 e8
0x00007ffe204e81f7:   26 c5 ff ff 33 d2 33 c9 e8 8c e1 ff ff 90 48 89
0x00007ffe204e8207:   54 24 10 55 48 83 ec 20 48 8b ea 48 b8 00 00 00
0x00007ffe204e8217:   00 00 00 00 00 48 83 c4 20 5d c3 cc 40 55 48 8b
0x00007ffe204e8227:   ea 48 8b 01 33 c9 81 38 05 00 00 c0 0f 94 c1 8b
0x00007ffe204e8237:   c1 5d c3 cc 40 55 48 83 ec 20 48 8b ea 8a 4d 40
0x00007ffe204e8247:   48 83 c4 20 5d e9 33 d3 ff ff cc 40 55 48 83 ec
0x00007ffe204e8257:   20 48 8b ea 8a 4d 20 e8 21 d3 ff ff 90 48 83 c4
0x00007ffe204e8267:   20 5d c3 cc 40 55 48 83 ec 20 48 8b ea 48 83 c4
0x00007ffe204e8277:   20 5d e9 82 d1 ff ff cc 40 55 48 83 ec 30 48 8b
0x00007ffe204e8287:   ea 48 8b 01 8b 10 48 89 4c 24 28 89 54 24 20 4c
0x00007ffe204e8297:   8d 0d 23 d6 ff ff 4c 8b 45 70 8b 55 68 48 8b 4d
0x00007ffe204e82a7:   60 e8 c3 d0 ff ff 90 48 83 c4 30 5d c3 cc cc cc
0x00007ffe204e82b7:   cc cc cc cc cc cc cc cc cc 40 53 48 83 ec 20 48
0x00007ffe204e82c7:   8b 1d 6b 47 01 00 48 85 db 74 16 e8 39 90 ff ff
0x00007ffe204e82d7:   4c 8b 00 48 8b d3 48 8b c8 41 ff 90 b0 00 00 00
0x00007ffe204e82e7:   90 48 83 c4 20 5b c3 cc cc 40 53 48 83 ec 20 48
0x00007ffe204e82f7:   8b 1d ab 48 01 00 48 85 db 74 57 b8 ff ff ff ff
0x00007ffe204e8307:   f0 0f c1 43 10 83 f8 01 75 3d 48 85 db 74 38 48
0x00007ffe204e8317:   8b 0b 48 85 c9 74 0d ff 15 8c 0f 00 00 48 c7 03
0x00007ffe204e8327:   00 00 00 00 48 8b 4b 08 48 85 c9 74 0d e8 ef cd
0x00007ffe204e8337:   ff ff 48 c7 43 08 00 00 00 00 ba 18 00 00 00 48
0x00007ffe204e8347:   8b cb e8 da cd ff ff 48 c7 05 4f 48 01 00 00 00
0x00007ffe204e8357:   00 00 48 83 c4 20 5b c3 cc 40 53 48 83 ec 20 48
0x00007ffe204e8367:   8b 1d 1b 48 01 00 48 85 db 74 57 b8 ff ff ff ff
0x00007ffe204e8377:   f0 0f c1 43 10 83 f8 01 75 3d 48 85 db 74 38 48
0x00007ffe204e8387:   8b 0b 48 85 c9 74 0d ff 15 1c 0f 00 00 48 c7 03
0x00007ffe204e8397:   00 00 00 00 48 8b 4b 08 48 85 c9 74 0d e8 7f cd
0x00007ffe204e83a7:   ff ff 48 c7 43 08 00 00 00 00 ba 18 00 00 00 48
0x00007ffe204e83b7:   8b cb e8 6a cd ff ff 48 c7 05 bf 47 01 00 00 00
0x00007ffe204e83c7:   00 00 48 83 c4 20 5b c3 cc 40 53 48 83 ec 20 48 


Stack slot to memory mapping:
stack at sp + 0 slots: 0x0 is NULL
stack at sp + 1 slots: 0x0000002ea68ff4d8 points into unknown readable memory: 0x0000002ea68ff4c0 | c0 f4 8f a6 2e 00 00 00
stack at sp + 2 slots: 0x00007ffdf18b8420 jvm.dll
stack at sp + 3 slots: 0x00007ffe204e5be0 glass.dll
stack at sp + 4 slots: 0x000001a87ed37428 points into unknown readable memory: 0x0000856d21a53624 | 24 36 a5 21 6d 85 00 00
stack at sp + 5 slots: 0x00007ffe63623a93 ucrtbase.dll
stack at sp + 6 slots: 0x000001a87ed37420 points into unknown readable memory: 0x04e5eaed21a2c9c6 | c6 c9 a2 21 ed ea e5 04
stack at sp + 7 slots: 0x000001a800000000 points into unknown readable memory: 0x0000000000000009 | 09 00 00 00 00 00 00 00

VM_Operation (0x0000002ea75ff4f0): Exit, mode: safepoint, requested by thread 0x000001a87eabc0a0


---------------  P R O C E S S  ---------------

Threads class SMR info:
_java_thread_list=0x000001a860482400, length=21, elements={
0x000001a86d29a360, 0x000001a87dcb5390, 0x000001a87dcb6210, 0x000001a87dcc8c40,
0x000001a87dccb620, 0x000001a87dccbef0, 0x000001a87dcd0cd0, 0x000001a87dcd18d0,
0x000001a87dcda1f0, 0x000001a87dcee710, 0x000001a87dca0aa0, 0x000001a87e686700,
0x000001a87e04e4c0, 0x000001a87f6b3930, 0x000001a87ee2a5f0, 0x000001a87ee31000,
0x000001a87eda44d0, 0x000001a87eda7e10, 0x000001a87eabe920, 0x000001a87eabf340,
0x000001a87eabc0a0
}

Java Threads: ( => current thread )
  0x000001a86d29a360 JavaThread "main" [_thread_blocked, id=3432, stack(0x0000002ea6200000,0x0000002ea6300000)]
  0x000001a87dcb5390 JavaThread "Reference Handler" daemon [_thread_blocked, id=12072, stack(0x0000002ea6900000,0x0000002ea6a00000)]
  0x000001a87dcb6210 JavaThread "Finalizer" daemon [_thread_blocked, id=8748, stack(0x0000002ea6a00000,0x0000002ea6b00000)]
  0x000001a87dcc8c40 JavaThread "Signal Dispatcher" daemon [_thread_blocked, id=11620, stack(0x0000002ea6b00000,0x0000002ea6c00000)]
  0x000001a87dccb620 JavaThread "Attach Listener" daemon [_thread_blocked, id=11040, stack(0x0000002ea6c00000,0x0000002ea6d00000)]
  0x000001a87dccbef0 JavaThread "Service Thread" daemon [_thread_blocked, id=15880, stack(0x0000002ea6d00000,0x0000002ea6e00000)]
  0x000001a87dcd0cd0 JavaThread "Monitor Deflation Thread" daemon [_thread_blocked, id=11208, stack(0x0000002ea6e00000,0x0000002ea6f00000)]
  0x000001a87dcd18d0 JavaThread "C2 CompilerThread0" daemon [_thread_blocked, id=12100, stack(0x0000002ea6f00000,0x0000002ea7000000)]
  0x000001a87dcda1f0 JavaThread "C1 CompilerThread0" daemon [_thread_blocked, id=14140, stack(0x0000002ea7000000,0x0000002ea7100000)]
  0x000001a87dcee710 JavaThread "Sweeper thread" daemon [_thread_blocked, id=17256, stack(0x0000002ea7100000,0x0000002ea7200000)]
  0x000001a87dca0aa0 JavaThread "Common-Cleaner" daemon [_thread_blocked, id=10256, stack(0x0000002ea7200000,0x0000002ea7300000)]
  0x000001a87e686700 JavaThread "JDWP Event Helper Thread" daemon [_thread_blocked, id=9864, stack(0x0000002ea7600000,0x0000002ea7700000)]
  0x000001a87e04e4c0 JavaThread "Notification Thread" daemon [_thread_blocked, id=10012, stack(0x0000002ea7300000,0x0000002ea7400000)]
  0x000001a87f6b3930 JavaThread "QuantumRenderer-0" daemon [_thread_blocked, id=17400, stack(0x0000002ea7800000,0x0000002ea7900000)]
  0x000001a87ee2a5f0 JavaThread "InvokeLaterDispatcher" daemon [_thread_blocked, id=1652, stack(0x0000002ea7b00000,0x0000002ea7c00000)]
  0x000001a87ee31000 JavaThread "JavaFX Application Thread" [_thread_blocked, id=12620, stack(0x0000002ea7c00000,0x0000002ea7d00000)]
  0x000001a87eda44d0 JavaThread "JavaFX-Launcher" [_thread_blocked, id=16540, stack(0x0000002ea8400000,0x0000002ea8500000)]
  0x000001a87eda7e10 JavaThread "Thread-2" daemon [_thread_in_native, id=6676, stack(0x0000002ea8300000,0x0000002ea8400000)]
  0x000001a87eabe920 JavaThread "Prism Font Disposer" daemon [_thread_blocked, id=13384, stack(0x0000002ea8f00000,0x0000002ea9000000)]
  0x000001a87eabf340 JavaThread "Cleaner-0" daemon [_thread_blocked, id=11108, stack(0x0000002ea9000000,0x0000002ea9100000)]
  0x000001a87eabc0a0 JavaThread "SIGINT handler" daemon [_thread_blocked, id=8424, stack(0x0000002ea7500000,0x0000002ea7600000)]

Other Threads:
=>0x000001a87dcafce0 VMThread "VM Thread" [stack: 0x0000002ea6800000,0x0000002ea6900000] [id=9012]
  0x000001a86d2ef920 GCTaskThread "GC Thread#0" [stack: 0x0000002ea6300000,0x0000002ea6400000] [id=13980]
  0x000001a87f0109a0 GCTaskThread "GC Thread#1" [stack: 0x0000002ea8500000,0x0000002ea8600000] [id=16728]
  0x000001a87eff8230 GCTaskThread "GC Thread#2" [stack: 0x0000002ea8600000,0x0000002ea8700000] [id=288]
  0x000001a87eff8900 GCTaskThread "GC Thread#3" [stack: 0x0000002ea8700000,0x0000002ea8800000] [id=4520]
  0x000001a87eff8bc0 GCTaskThread "GC Thread#4" [stack: 0x0000002ea8800000,0x0000002ea8900000] [id=2712]
  0x000001a87eff8e80 GCTaskThread "GC Thread#5" [stack: 0x0000002ea8900000,0x0000002ea8a00000] [id=2728]
  0x000001a87f050c90 GCTaskThread "GC Thread#6" [stack: 0x0000002ea8a00000,0x0000002ea8b00000] [id=1280]
  0x000001a87f025540 GCTaskThread "GC Thread#7" [stack: 0x0000002ea8b00000,0x0000002ea8c00000] [id=1668]
  0x000001a86d2ff680 ConcurrentGCThread "G1 Main Marker" terminated
  0x000001a86d300840 ConcurrentGCThread "G1 Conc#0" [stack: 0x0000002ea6500000,0x0000002ea6600000] [id=11392]
  0x000001a87f51faf0 ConcurrentGCThread "G1 Conc#1" [stack: 0x0000002ea8d00000,0x0000002ea8e00000] [id=3980]
  0x000001a86d34d5f0 ConcurrentGCThread "G1 Refine#0" terminated
  0x000001a85f54ac70 ConcurrentGCThread "G1 Refine#1" terminated
  0x000001a87e98a710 ConcurrentGCThread "G1 Refine#2" terminated
  0x000001a87e98acf0 ConcurrentGCThread "G1 Refine#3" terminated
  0x000001a859765270 ConcurrentGCThread "G1 Refine#4" terminated
  0x000001a859766700 ConcurrentGCThread "G1 Refine#5" terminated
  0x000001a859765b40 ConcurrentGCThread "G1 Refine#6" terminated
  0x000001a86d34e020 ConcurrentGCThread "G1 Service" terminated

Threads with active compile tasks:
C2 CompilerThread0  
[error occurred during error reporting (printing all threads), id 0xc0000005, EXCEPTION_ACCESS_VIOLATION (0xc0000005) at pc=0x00007ffdf14e65b3]

VM state: at safepoint (shutting down)

VM Mutex/Monitor currently owned by a thread:  ([mutex/lock_event])
[0x000001a86d2943d0] Threads_lock - owner thread: 0x000001a87dcafce0
[0x000001a86d295300] Heap_lock - owner thread: 0x000001a87eabc0a0

Heap address: 0x0000000091000000, size: 1776 MB, Compressed Oops mode: 32-bit

CDS archive(s) mapped at: [0x000001a80f000000-0x000001a80fbb0000-0x000001a80fbb0000), size 12255232, SharedBaseAddress: 0x000001a80f000000, ArchiveRelocationMode: 1.
Compressed class space mapped at: 0x000001a810000000-0x000001a850000000, reserved size: 1073741824
Narrow klass base: 0x000001a80f000000, Narrow klass shift: 0, Narrow klass range: 0x100000000

GC Precious Log:
 CPUs: 8 total, 8 available
 Memory: 7103M
 Large Page Support: Disabled
 NUMA Support: Disabled
 Compressed Oops: Enabled (32-bit)
 Heap Region Size: 1M
 Heap Min Capacity: 8M
 Heap Initial Capacity: 112M
 Heap Max Capacity: 1776M
 Pre-touch: Disabled
 Parallel Workers: 8
 Concurrent Workers: 2
 Concurrent Refinement Workers: 8
 Periodic GC: Disabled

Heap:
 garbage-first heap   total 114688K, used 56124K [0x0000000091000000, 0x0000000100000000)
  region size 1024K, 12 young (12288K), 4 survivors (4096K)
 Metaspace       used 23135K, committed 23488K, reserved 1114112K
  class space    used 3206K, committed 3392K, reserved 1048576K

Heap Regions: E=young(eden), S=young(survivor), O=old, HS=humongous(starts), HC=humongous(continues), CS=collection set, F=free, OA=open archive, CA=closed archive, TAMS=top-at-mark-start (previous, next)
|   0|0x0000000091000000, 0x0000000091100000, 0x0000000091100000|100%|HS|  |TAMS 0x0000000091100000, 0x0000000091000000| Complete 
|   1|0x0000000091100000, 0x0000000091200000, 0x0000000091200000|100%|HS|  |TAMS 0x0000000091200000, 0x0000000091100000| Complete 
|   2|0x0000000091200000, 0x0000000091300000, 0x0000000091300000|100%|HS|  |TAMS 0x0000000091300000, 0x0000000091200000| Complete 
|   3|0x0000000091300000, 0x0000000091400000, 0x0000000091400000|100%|HS|  |TAMS 0x0000000091300000, 0x0000000091300000| Complete 
|   4|0x0000000091400000, 0x0000000091500000, 0x0000000091500000|100%| O|  |TAMS 0x0000000091500000, 0x0000000091400000| Untracked 
|   5|0x0000000091500000, 0x0000000091600000, 0x0000000091600000|100%| O|  |TAMS 0x0000000091600000, 0x0000000091500000| Untracked 
|   6|0x0000000091600000, 0x0000000091700000, 0x0000000091700000|100%| O|  |TAMS 0x0000000091605200, 0x0000000091600000| Untracked 
|   7|0x0000000091700000, 0x0000000091800000, 0x0000000091800000|100%|HS|  |TAMS 0x0000000091800000, 0x0000000091700000| Complete 
|   8|0x0000000091800000, 0x0000000091900000, 0x0000000091900000|100%|HC|  |TAMS 0x0000000091900000, 0x0000000091800000| Complete 
|   9|0x0000000091900000, 0x0000000091a00000, 0x0000000091a00000|100%|HC|  |TAMS 0x0000000091a00000, 0x0000000091900000| Complete 
|  10|0x0000000091a00000, 0x0000000091b00000, 0x0000000091b00000|100%|HC|  |TAMS 0x0000000091b00000, 0x0000000091a00000| Complete 
|  11|0x0000000091b00000, 0x0000000091c00000, 0x0000000091c00000|100%|HC|  |TAMS 0x0000000091c00000, 0x0000000091b00000| Complete 
|  12|0x0000000091c00000, 0x0000000091d00000, 0x0000000091d00000|100%|HC|  |TAMS 0x0000000091d00000, 0x0000000091c00000| Complete 
|  13|0x0000000091d00000, 0x0000000091e00000, 0x0000000091e00000|100%|HC|  |TAMS 0x0000000091e00000, 0x0000000091d00000| Complete 
|  14|0x0000000091e00000, 0x0000000091f00000, 0x0000000091f00000|100%|HC|  |TAMS 0x0000000091f00000, 0x0000000091e00000| Complete 
|  15|0x0000000091f00000, 0x0000000092000000, 0x0000000092000000|100%|HC|  |TAMS 0x0000000092000000, 0x0000000091f00000| Complete 
|  16|0x0000000092000000, 0x0000000092100000, 0x0000000092100000|100%|HC|  |TAMS 0x0000000092100000, 0x0000000092000000| Complete 
|  17|0x0000000092100000, 0x0000000092200000, 0x0000000092200000|100%|HC|  |TAMS 0x0000000092200000, 0x0000000092100000| Complete 
|  18|0x0000000092200000, 0x0000000092300000, 0x0000000092300000|100%|HC|  |TAMS 0x0000000092300000, 0x0000000092200000| Complete 
|  19|0x0000000092300000, 0x0000000092400000, 0x0000000092400000|100%|HC|  |TAMS 0x0000000092400000, 0x0000000092300000| Complete 
|  20|0x0000000092400000, 0x0000000092500000, 0x0000000092500000|100%|HS|  |TAMS 0x0000000092400000, 0x0000000092400000| Complete 
|  21|0x0000000092500000, 0x0000000092600000, 0x0000000092600000|100%|HS|  |TAMS 0x0000000092600000, 0x0000000092500000| Complete 
|  22|0x0000000092600000, 0x0000000092700000, 0x0000000092700000|100%|HC|  |TAMS 0x0000000092700000, 0x0000000092600000| Complete 
|  23|0x0000000092700000, 0x0000000092800000, 0x0000000092800000|100%|HS|  |TAMS 0x0000000092800000, 0x0000000092700000| Complete 
|  24|0x0000000092800000, 0x0000000092900000, 0x0000000092900000|100%| O|  |TAMS 0x0000000092800000, 0x0000000092800000| Untracked 
|  25|0x0000000092900000, 0x0000000092a00000, 0x0000000092a00000|100%| O|  |TAMS 0x0000000092900000, 0x0000000092900000| Untracked 
|  26|0x0000000092a00000, 0x0000000092b00000, 0x0000000092b00000|100%| O|  |TAMS 0x0000000092a00000, 0x0000000092a00000| Untracked 
|  27|0x0000000092b00000, 0x0000000092c00000, 0x0000000092c00000|100%| O|  |TAMS 0x0000000092b00000, 0x0000000092b00000| Untracked 
|  28|0x0000000092c00000, 0x0000000092d00000, 0x0000000092d00000|100%|HS|  |TAMS 0x0000000092c00000, 0x0000000092c00000| Complete 
|  29|0x0000000092d00000, 0x0000000092e00000, 0x0000000092e00000|100%| O|  |TAMS 0x0000000092d00000, 0x0000000092d00000| Untracked 
|  30|0x0000000092e00000, 0x0000000092f00000, 0x0000000092f00000|100%| O|  |TAMS 0x0000000092e00000, 0x0000000092e00000| Untracked 
|  31|0x0000000092f00000, 0x0000000093000000, 0x0000000093000000|100%|HS|  |TAMS 0x0000000092f00000, 0x0000000092f00000| Complete 
|  32|0x0000000093000000, 0x0000000093100000, 0x0000000093100000|100%|HS|  |TAMS 0x0000000093000000, 0x0000000093000000| Complete 
|  33|0x0000000093100000, 0x0000000093200000, 0x0000000093200000|100%|HS|  |TAMS 0x0000000093100000, 0x0000000093100000| Complete 
|  34|0x0000000093200000, 0x0000000093300000, 0x0000000093300000|100%| O|  |TAMS 0x0000000093200000, 0x0000000093200000| Untracked 
|  35|0x0000000093300000, 0x0000000093400000, 0x0000000093400000|100%| O|  |TAMS 0x0000000093300000, 0x0000000093300000| Untracked 
|  36|0x0000000093400000, 0x0000000093500000, 0x0000000093500000|100%| O|  |TAMS 0x0000000093400000, 0x0000000093400000| Untracked 
|  37|0x0000000093500000, 0x0000000093600000, 0x0000000093600000|100%| O|  |TAMS 0x0000000093500000, 0x0000000093500000| Untracked 
|  38|0x0000000093600000, 0x0000000093700000, 0x0000000093700000|100%| O|  |TAMS 0x0000000093600000, 0x0000000093600000| Untracked 
|  39|0x0000000093700000, 0x0000000093800000, 0x0000000093800000|100%| O|  |TAMS 0x0000000093700000, 0x0000000093700000| Untracked 
|  40|0x0000000093800000, 0x0000000093900000, 0x0000000093900000|100%| O|  |TAMS 0x0000000093800000, 0x0000000093800000| Untracked 
|  41|0x0000000093900000, 0x0000000093900000, 0x0000000093a00000|  0%| F|  |TAMS 0x0000000093900000, 0x0000000093900000| Untracked 
|  42|0x0000000093a00000, 0x0000000093a00000, 0x0000000093b00000|  0%| F|  |TAMS 0x0000000093a00000, 0x0000000093a00000| Untracked 
|  43|0x0000000093b00000, 0x0000000093b00000, 0x0000000093c00000|  0%| F|  |TAMS 0x0000000093b00000, 0x0000000093b00000| Untracked 
|  44|0x0000000093c00000, 0x0000000093d00000, 0x0000000093d00000|100%|HS|  |TAMS 0x0000000093c00000, 0x0000000093c00000| Complete 
|  45|0x0000000093d00000, 0x0000000093d00000, 0x0000000093e00000|  0%| F|  |TAMS 0x0000000093d00000, 0x0000000093d00000| Untracked 
|  46|0x0000000093e00000, 0x0000000093e00000, 0x0000000093f00000|  0%| F|  |TAMS 0x0000000093e00000, 0x0000000093e00000| Untracked 
|  47|0x0000000093f00000, 0x0000000093f00000, 0x0000000094000000|  0%| F|  |TAMS 0x0000000093f00000, 0x0000000093f00000| Untracked 
|  48|0x0000000094000000, 0x0000000094000000, 0x0000000094100000|  0%| F|  |TAMS 0x0000000094000000, 0x0000000094000000| Untracked 
|  49|0x0000000094100000, 0x0000000094100000, 0x0000000094200000|  0%| F|  |TAMS 0x0000000094100000, 0x0000000094100000| Untracked 
|  50|0x0000000094200000, 0x0000000094300000, 0x0000000094300000|100%| O|  |TAMS 0x0000000094200000, 0x0000000094200000| Untracked 
|  51|0x0000000094300000, 0x0000000094400000, 0x0000000094400000|100%| O|  |TAMS 0x0000000094300000, 0x0000000094300000| Untracked 
|  52|0x0000000094400000, 0x0000000094400000, 0x0000000094500000|  0%| F|  |TAMS 0x0000000094400000, 0x0000000094400000| Untracked 
|  53|0x0000000094500000, 0x0000000094500000, 0x0000000094600000|  0%| F|  |TAMS 0x0000000094500000, 0x0000000094500000| Untracked 
|  54|0x0000000094600000, 0x0000000094600000, 0x0000000094700000|  0%| F|  |TAMS 0x0000000094600000, 0x0000000094600000| Untracked 
|  55|0x0000000094700000, 0x0000000094700000, 0x0000000094800000|  0%| F|  |TAMS 0x0000000094700000, 0x0000000094700000| Untracked 
|  56|0x0000000094800000, 0x0000000094800000, 0x0000000094900000|  0%| F|  |TAMS 0x0000000094800000, 0x0000000094800000| Untracked 
|  57|0x0000000094900000, 0x0000000094900000, 0x0000000094a00000|  0%| F|  |TAMS 0x0000000094900000, 0x0000000094900000| Untracked 
|  58|0x0000000094a00000, 0x0000000094a00000, 0x0000000094b00000|  0%| F|  |TAMS 0x0000000094a00000, 0x0000000094a00000| Untracked 
|  59|0x0000000094b00000, 0x0000000094b00000, 0x0000000094c00000|  0%| F|  |TAMS 0x0000000094b00000, 0x0000000094b00000| Untracked 
|  60|0x0000000094c00000, 0x0000000094c00000, 0x0000000094d00000|  0%| F|  |TAMS 0x0000000094c00000, 0x0000000094c00000| Untracked 
|  61|0x0000000094d00000, 0x0000000094d00000, 0x0000000094e00000|  0%| F|  |TAMS 0x0000000094d00000, 0x0000000094d00000| Untracked 
|  62|0x0000000094e00000, 0x0000000094e00000, 0x0000000094f00000|  0%| F|  |TAMS 0x0000000094e00000, 0x0000000094e00000| Untracked 
|  63|0x0000000094f00000, 0x0000000094f00000, 0x0000000095000000|  0%| F|  |TAMS 0x0000000094f00000, 0x0000000094f00000| Untracked 
|  64|0x0000000095000000, 0x0000000095000000, 0x0000000095100000|  0%| F|  |TAMS 0x0000000095000000, 0x0000000095000000| Untracked 
|  65|0x0000000095100000, 0x0000000095100000, 0x0000000095200000|  0%| F|  |TAMS 0x0000000095100000, 0x0000000095100000| Untracked 
|  66|0x0000000095200000, 0x00000000952cf180, 0x0000000095300000| 80%| S|CS|TAMS 0x0000000095200000, 0x0000000095200000| Complete 
|  67|0x0000000095300000, 0x0000000095400000, 0x0000000095400000|100%| S|CS|TAMS 0x0000000095300000, 0x0000000095300000| Complete 
|  68|0x0000000095400000, 0x0000000095500000, 0x0000000095500000|100%| S|CS|TAMS 0x0000000095400000, 0x0000000095400000| Complete 
|  69|0x0000000095500000, 0x0000000095600000, 0x0000000095600000|100%| S|CS|TAMS 0x0000000095500000, 0x0000000095500000| Complete 
|  70|0x0000000095600000, 0x0000000095600000, 0x0000000095700000|  0%| F|  |TAMS 0x0000000095600000, 0x0000000095600000| Untracked 
|  71|0x0000000095700000, 0x0000000095700000, 0x0000000095800000|  0%| F|  |TAMS 0x0000000095700000, 0x0000000095700000| Untracked 
|  72|0x0000000095800000, 0x0000000095800000, 0x0000000095900000|  0%| F|  |TAMS 0x0000000095800000, 0x0000000095800000| Untracked 
|  73|0x0000000095900000, 0x0000000095900000, 0x0000000095a00000|  0%| F|  |TAMS 0x0000000095900000, 0x0000000095900000| Untracked 
|  74|0x0000000095a00000, 0x0000000095a00000, 0x0000000095b00000|  0%| F|  |TAMS 0x0000000095a00000, 0x0000000095a00000| Untracked 
|  75|0x0000000095b00000, 0x0000000095b00000, 0x0000000095c00000|  0%| F|  |TAMS 0x0000000095b00000, 0x0000000095b00000| Untracked 
|  76|0x0000000095c00000, 0x0000000095c00000, 0x0000000095d00000|  0%| F|  |TAMS 0x0000000095c00000, 0x0000000095c00000| Untracked 
|  77|0x0000000095d00000, 0x0000000095d00000, 0x0000000095e00000|  0%| F|  |TAMS 0x0000000095d00000, 0x0000000095d00000| Untracked 
|  78|0x0000000095e00000, 0x0000000095e00000, 0x0000000095f00000|  0%| F|  |TAMS 0x0000000095e00000, 0x0000000095e00000| Untracked 
|  79|0x0000000095f00000, 0x0000000095f00000, 0x0000000096000000|  0%| F|  |TAMS 0x0000000095f00000, 0x0000000095f00000| Untracked 
|  80|0x0000000096000000, 0x0000000096000000, 0x0000000096100000|  0%| F|  |TAMS 0x0000000096000000, 0x0000000096000000| Untracked 
|  81|0x0000000096100000, 0x0000000096100000, 0x0000000096200000|  0%| F|  |TAMS 0x0000000096100000, 0x0000000096100000| Untracked 
|  82|0x0000000096200000, 0x0000000096200000, 0x0000000096300000|  0%| F|  |TAMS 0x0000000096200000, 0x0000000096200000| Untracked 
|  83|0x0000000096300000, 0x0000000096300000, 0x0000000096400000|  0%| F|  |TAMS 0x0000000096300000, 0x0000000096300000| Untracked 
|  84|0x0000000096400000, 0x0000000096400000, 0x0000000096500000|  0%| F|  |TAMS 0x0000000096400000, 0x0000000096400000| Untracked 
|  85|0x0000000096500000, 0x0000000096500000, 0x0000000096600000|  0%| F|  |TAMS 0x0000000096500000, 0x0000000096500000| Untracked 
|  86|0x0000000096600000, 0x0000000096600000, 0x0000000096700000|  0%| F|  |TAMS 0x0000000096600000, 0x0000000096600000| Untracked 
|  87|0x0000000096700000, 0x0000000096700000, 0x0000000096800000|  0%| F|  |TAMS 0x0000000096700000, 0x0000000096700000| Untracked 
|  88|0x0000000096800000, 0x0000000096800000, 0x0000000096900000|  0%| F|  |TAMS 0x0000000096800000, 0x0000000096800000| Untracked 
|  89|0x0000000096900000, 0x0000000096900000, 0x0000000096a00000|  0%| F|  |TAMS 0x0000000096900000, 0x0000000096900000| Untracked 
|  90|0x0000000096a00000, 0x0000000096a00000, 0x0000000096b00000|  0%| F|  |TAMS 0x0000000096a00000, 0x0000000096a00000| Untracked 
|  91|0x0000000096b00000, 0x0000000096b00000, 0x0000000096c00000|  0%| F|  |TAMS 0x0000000096b00000, 0x0000000096b00000| Untracked 
|  92|0x0000000096c00000, 0x0000000096c00000, 0x0000000096d00000|  0%| F|  |TAMS 0x0000000096c00000, 0x0000000096c00000| Untracked 
|  93|0x0000000096d00000, 0x0000000096d00000, 0x0000000096e00000|  0%| F|  |TAMS 0x0000000096d00000, 0x0000000096d00000| Untracked 
|  94|0x0000000096e00000, 0x0000000096e00000, 0x0000000096f00000|  0%| F|  |TAMS 0x0000000096e00000, 0x0000000096e00000| Untracked 
|  95|0x0000000096f00000, 0x0000000096f00000, 0x0000000097000000|  0%| F|  |TAMS 0x0000000096f00000, 0x0000000096f00000| Untracked 
|  96|0x0000000097000000, 0x0000000097000000, 0x0000000097100000|  0%| F|  |TAMS 0x0000000097000000, 0x0000000097000000| Untracked 
|  97|0x0000000097100000, 0x0000000097100000, 0x0000000097200000|  0%| F|  |TAMS 0x0000000097100000, 0x0000000097100000| Untracked 
|  98|0x0000000097200000, 0x0000000097200000, 0x0000000097300000|  0%| F|  |TAMS 0x0000000097200000, 0x0000000097200000| Untracked 
|  99|0x0000000097300000, 0x0000000097300000, 0x0000000097400000|  0%| F|  |TAMS 0x0000000097300000, 0x0000000097300000| Untracked 
| 100|0x0000000097400000, 0x0000000097400000, 0x0000000097500000|  0%| F|  |TAMS 0x0000000097400000, 0x0000000097400000| Untracked 
| 101|0x0000000097500000, 0x0000000097500000, 0x0000000097600000|  0%| F|  |TAMS 0x0000000097500000, 0x0000000097500000| Untracked 
| 102|0x0000000097600000, 0x0000000097600000, 0x0000000097700000|  0%| F|  |TAMS 0x0000000097600000, 0x0000000097600000| Untracked 
| 103|0x0000000097700000, 0x0000000097700000, 0x0000000097800000|  0%| F|  |TAMS 0x0000000097700000, 0x0000000097700000| Untracked 
| 104|0x0000000097800000, 0x0000000097863dc8, 0x0000000097900000| 39%| E|  |TAMS 0x0000000097800000, 0x0000000097800000| Complete 
| 105|0x0000000097900000, 0x0000000097a00000, 0x0000000097a00000|100%| E|CS|TAMS 0x0000000097900000, 0x0000000097900000| Complete 
| 106|0x0000000097a00000, 0x0000000097b00000, 0x0000000097b00000|100%| E|CS|TAMS 0x0000000097a00000, 0x0000000097a00000| Complete 
| 107|0x0000000097b00000, 0x0000000097c00000, 0x0000000097c00000|100%| E|CS|TAMS 0x0000000097b00000, 0x0000000097b00000| Complete 
| 108|0x0000000097c00000, 0x0000000097d00000, 0x0000000097d00000|100%| E|CS|TAMS 0x0000000097c00000, 0x0000000097c00000| Complete 
| 109|0x0000000097d00000, 0x0000000097e00000, 0x0000000097e00000|100%| E|CS|TAMS 0x0000000097d00000, 0x0000000097d00000| Complete 
| 110|0x0000000097e00000, 0x0000000097f00000, 0x0000000097f00000|100%| E|CS|TAMS 0x0000000097e00000, 0x0000000097e00000| Complete 
| 111|0x0000000097f00000, 0x0000000098000000, 0x0000000098000000|100%| E|CS|TAMS 0x0000000097f00000, 0x0000000097f00000| Complete 

Card table byte_map: [0x000001a8773a0000,0x000001a877720000] _byte_map_base: 0x000001a876f18000

Marking Bits (Prev, Next): (CMBitMap*) 0x000001a86d2eff80, (CMBitMap*) 0x000001a86d2eff40
 Prev Bits: [0x000001a879660000, 0x000001a87b220000)
 Next Bits: [0x000001a877aa0000, 0x000001a879660000)

Polling page: 0x000001a86d350000

Metaspace:

Usage:
  Non-class:     19.46 MB used.
      Class:      3.13 MB used.
       Both:     22.59 MB used.

Virtual space:
  Non-class space:       64.00 MB reserved,      19.62 MB ( 31%) committed,  1 nodes.
      Class space:        1.00 GB reserved,       3.31 MB ( <1%) committed,  1 nodes.
             Both:        1.06 GB reserved,      22.94 MB (  2%) committed. 

Chunk freelists:
   Non-Class:  11.80 MB
       Class:  12.51 MB
        Both:  24.31 MB

MaxMetaspaceSize: unlimited
CompressedClassSpaceSize: 1.00 GB
Initial GC threshold: 21.00 MB
Current GC threshold: 35.12 MB
CDS: on
MetaspaceReclaimPolicy: balanced
 - commit_granule_bytes: 65536.
 - commit_granule_words: 8192.
 - virtual_space_node_default_size: 8388608.
 - enlarge_chunks_in_place: 1.
 - new_chunks_are_fully_committed: 0.
 - uncommit_free_chunks: 1.
 - use_allocation_guard: 0.
 - handle_deallocations: 1.


Internal statistics:

num_allocs_failed_limit: 3.
num_arena_births: 456.
num_arena_deaths: 0.
num_vsnodes_births: 2.
num_vsnodes_deaths: 0.
num_space_committed: 367.
num_space_uncommitted: 0.
num_chunks_returned_to_freelist: 3.
num_chunks_taken_from_freelist: 1344.
num_chunk_merges: 3.
num_chunk_splits: 883.
num_chunks_enlarged: 599.
num_inconsistent_stats: 0.

CodeHeap 'non-profiled nmethods': size=120000Kb used=5034Kb max_used=5034Kb free=114965Kb
 bounds [0x000001a807ad0000, 0x000001a807fc0000, 0x000001a80f000000]
CodeHeap 'profiled nmethods': size=120000Kb used=13997Kb max_used=13997Kb free=106002Kb
 bounds [0x000001a800000000, 0x000001a800db0000, 0x000001a807530000]
CodeHeap 'non-nmethods': size=5760Kb used=1527Kb max_used=1594Kb free=4232Kb
 bounds [0x000001a807530000, 0x000001a8077a0000, 0x000001a807ad0000]
 total_blobs=7256 nmethods=6426 adapters=741
 compilation: enabled
              stopped_count=0, restarted_count=0
 full_count=0

Compilation events (20 events):
Event: 353.186 Thread 0x000001a87dcda1f0 7167       3       javafx.scene.text.Text$3::invalidated (72 bytes)
Event: 353.186 Thread 0x000001a87dcd18d0 7171       4       com.sun.javafx.font.CompositeGlyphMapper::getAsciiGlyphCode (115 bytes)
Event: 353.190 Thread 0x000001a87dcda1f0 nmethod 7167 0x000001a800da6a90 code [0x000001a800da6e20, 0x000001a800da88d8]
Event: 353.190 Thread 0x000001a87dcda1f0 7168       3       javafx.scene.text.Text::setSelectionStart (32 bytes)
Event: 353.191 Thread 0x000001a87dcda1f0 nmethod 7168 0x000001a800da9110 code [0x000001a800da9300, 0x000001a800da98f8]
Event: 353.191 Thread 0x000001a87dcda1f0 7169       3       javafx.scene.text.Text::setSelectionEnd (32 bytes)
Event: 353.191 Thread 0x000001a87dcda1f0 nmethod 7169 0x000001a800da9b10 code [0x000001a800da9d00, 0x000001a800daa2f8]
Event: 353.191 Thread 0x000001a87dcda1f0 7170       3       javafx.scene.text.Text::setCaretBias (31 bytes)
Event: 353.192 Thread 0x000001a87dcda1f0 nmethod 7170 0x000001a800daa510 code [0x000001a800daa700, 0x000001a800daacf8]
Event: 353.192 Thread 0x000001a87dcda1f0 7174       3       com.sun.glass.ui.Window::handleWindowEvent (18 bytes)
Event: 353.193 Thread 0x000001a87dcda1f0 nmethod 7174 0x000001a800daaf10 code [0x000001a800dab0c0, 0x000001a800dab2e8]
Event: 353.193 Thread 0x000001a87dcda1f0 7172   !   3       com.sun.javafx.text.GlyphLayout::getInstance (42 bytes)
Event: 353.194 Thread 0x000001a87dcda1f0 nmethod 7172 0x000001a800dab410 code [0x000001a800dab640, 0x000001a800dabe58]
Event: 353.199 Thread 0x000001a87dcd18d0 nmethod 7171 0x000001a807fb8e90 code [0x000001a807fb9040, 0x000001a807fb9518]
Event: 353.199 Thread 0x000001a87dcd18d0 7173       4       com.sun.javafx.font.CompositeGlyphMapper::getGlyphCode (42 bytes)
Event: 353.221 Thread 0x000001a87dcd18d0 nmethod 7173 0x000001a807fb9890 code [0x000001a807fb9a80, 0x000001a807fba0f0]
Event: 353.221 Thread 0x000001a87dcd18d0 7175       4       java.lang.instrument.ClassFileTransformer::transform (15 bytes)
Event: 353.231 Thread 0x000001a87dcda1f0 7177       3       java.util.LinkedList::unlink (91 bytes)
Event: 353.231 Thread 0x000001a87dcda1f0 nmethod 7177 0x000001a800dac190 code [0x000001a800dac340, 0x000001a800dac718]
Event: 353.232 Thread 0x000001a87dcda1f0 7180       3       com.sun.prism.d3d.D3DResource$D3DRecord::dispose (41 bytes)

GC Heap History (12 events):
Event: 5.249 GC heap before
{Heap before GC invocations=0 (full 0):
 garbage-first heap   total 114688K, used 23552K [0x0000000091000000, 0x0000000100000000)
  region size 1024K, 23 young (23552K), 0 survivors (0K)
 Metaspace       used 4585K, committed 4800K, reserved 1114112K
  class space    used 515K, committed 640K, reserved 1048576K
}
Event: 5.255 GC heap after
{Heap after GC invocations=1 (full 0):
 garbage-first heap   total 114688K, used 3071K [0x0000000091000000, 0x0000000100000000)
  region size 1024K, 3 young (3072K), 3 survivors (3072K)
 Metaspace       used 4585K, committed 4800K, reserved 1114112K
  class space    used 515K, committed 640K, reserved 1048576K
}
Event: 8.588 GC heap before
{Heap before GC invocations=1 (full 0):
 garbage-first heap   total 114688K, used 38911K [0x0000000091000000, 0x0000000100000000)
  region size 1024K, 35 young (35840K), 3 survivors (3072K)
 Metaspace       used 10562K, committed 10880K, reserved 1114112K
  class space    used 1379K, committed 1536K, reserved 1048576K
}
Event: 8.601 GC heap after
{Heap after GC invocations=2 (full 0):
 garbage-first heap   total 114688K, used 8479K [0x0000000091000000, 0x0000000100000000)
  region size 1024K, 4 young (4096K), 4 survivors (4096K)
 Metaspace       used 10562K, committed 10880K, reserved 1114112K
  class space    used 1379K, committed 1536K, reserved 1048576K
}
Event: 17.084 GC heap before
{Heap before GC invocations=2 (full 0):
 garbage-first heap   total 114688K, used 86303K [0x0000000091000000, 0x0000000100000000)
  region size 1024K, 62 young (63488K), 4 survivors (4096K)
 Metaspace       used 21244K, committed 21504K, reserved 1114112K
  class space    used 3100K, committed 3264K, reserved 1048576K
}
Event: 17.097 GC heap after
{Heap after GC invocations=3 (full 0):
 garbage-first heap   total 114688K, used 33562K [0x0000000091000000, 0x0000000100000000)
  region size 1024K, 9 young (9216K), 9 survivors (9216K)
 Metaspace       used 21244K, committed 21504K, reserved 1114112K
  class space    used 3100K, committed 3264K, reserved 1048576K
}
Event: 126.971 GC heap before
{Heap before GC invocations=4 (full 0):
 garbage-first heap   total 114688K, used 88858K [0x0000000091000000, 0x0000000100000000)
  region size 1024K, 54 young (55296K), 9 survivors (9216K)
 Metaspace       used 22484K, committed 22848K, reserved 1114112K
  class space    used 3188K, committed 3392K, reserved 1048576K
}
Event: 126.987 GC heap after
{Heap after GC invocations=5 (full 0):
 garbage-first heap   total 114688K, used 42376K [0x0000000091000000, 0x0000000100000000)
  region size 1024K, 6 young (6144K), 6 survivors (6144K)
 Metaspace       used 22484K, committed 22848K, reserved 1114112K
  class space    used 3188K, committed 3392K, reserved 1048576K
}
Event: 127.998 GC heap before
{Heap before GC invocations=5 (full 0):
 garbage-first heap   total 114688K, used 43400K [0x0000000091000000, 0x0000000100000000)
  region size 1024K, 7 young (7168K), 6 survivors (6144K)
 Metaspace       used 22493K, committed 22848K, reserved 1114112K
  class space    used 3188K, committed 3392K, reserved 1048576K
}
Event: 128.024 GC heap after
{Heap after GC invocations=6 (full 0):
 garbage-first heap   total 114688K, used 41972K [0x0000000091000000, 0x0000000100000000)
  region size 1024K, 1 young (1024K), 1 survivors (1024K)
 Metaspace       used 22493K, committed 22848K, reserved 1114112K
  class space    used 3188K, committed 3392K, reserved 1048576K
}
Event: 290.041 GC heap before
{Heap before GC invocations=6 (full 0):
 garbage-first heap   total 114688K, used 92148K [0x0000000091000000, 0x0000000100000000)
  region size 1024K, 42 young (43008K), 1 survivors (1024K)
 Metaspace       used 23086K, committed 23424K, reserved 1114112K
  class space    used 3204K, committed 3392K, reserved 1048576K
}
Event: 290.047 GC heap after
{Heap after GC invocations=7 (full 0):
 garbage-first heap   total 114688K, used 46908K [0x0000000091000000, 0x0000000100000000)
  region size 1024K, 4 young (4096K), 4 survivors (4096K)
 Metaspace       used 23086K, committed 23424K, reserved 1114112K
  class space    used 3204K, committed 3392K, reserved 1048576K
}

Dll operation events (20 events):
Event: 2.936 Loaded shared library D:\Proyecto Terminal\openjfx-22.0.1_windows-x64_bin-sdk\javafx-sdk-22.0.1\bin\api-ms-win-crt-math-l1-1-0.dll
Event: 2.978 Loaded shared library D:\Proyecto Terminal\openjfx-22.0.1_windows-x64_bin-sdk\javafx-sdk-22.0.1\bin\api-ms-win-crt-multibyte-l1-1-0.dll
Event: 3.027 Loaded shared library D:\Proyecto Terminal\openjfx-22.0.1_windows-x64_bin-sdk\javafx-sdk-22.0.1\bin\api-ms-win-crt-private-l1-1-0.dll
Event: 3.067 Loaded shared library D:\Proyecto Terminal\openjfx-22.0.1_windows-x64_bin-sdk\javafx-sdk-22.0.1\bin\api-ms-win-crt-process-l1-1-0.dll
Event: 3.106 Loaded shared library D:\Proyecto Terminal\openjfx-22.0.1_windows-x64_bin-sdk\javafx-sdk-22.0.1\bin\api-ms-win-crt-runtime-l1-1-0.dll
Event: 3.146 Loaded shared library D:\Proyecto Terminal\openjfx-22.0.1_windows-x64_bin-sdk\javafx-sdk-22.0.1\bin\api-ms-win-crt-stdio-l1-1-0.dll
Event: 3.191 Loaded shared library D:\Proyecto Terminal\openjfx-22.0.1_windows-x64_bin-sdk\javafx-sdk-22.0.1\bin\api-ms-win-crt-string-l1-1-0.dll
Event: 3.227 Loaded shared library D:\Proyecto Terminal\openjfx-22.0.1_windows-x64_bin-sdk\javafx-sdk-22.0.1\bin\api-ms-win-crt-time-l1-1-0.dll
Event: 3.264 Loaded shared library D:\Proyecto Terminal\openjfx-22.0.1_windows-x64_bin-sdk\javafx-sdk-22.0.1\bin\api-ms-win-crt-utility-l1-1-0.dll
Event: 3.347 Loaded shared library D:\Proyecto Terminal\openjfx-22.0.1_windows-x64_bin-sdk\javafx-sdk-22.0.1\bin\ucrtbase.dll
Event: 3.391 Loaded shared library D:\Proyecto Terminal\openjfx-22.0.1_windows-x64_bin-sdk\javafx-sdk-22.0.1\bin\vcruntime140.dll
Event: 3.432 Loaded shared library D:\Proyecto Terminal\openjfx-22.0.1_windows-x64_bin-sdk\javafx-sdk-22.0.1\bin\vcruntime140_1.dll
Event: 3.491 Loaded shared library D:\Proyecto Terminal\openjfx-22.0.1_windows-x64_bin-sdk\javafx-sdk-22.0.1\bin\msvcp140.dll
Event: 3.531 Loaded shared library D:\Proyecto Terminal\openjfx-22.0.1_windows-x64_bin-sdk\javafx-sdk-22.0.1\bin\msvcp140_1.dll
Event: 4.563 Loaded shared library D:\Proyecto Terminal\openjfx-22.0.1_windows-x64_bin-sdk\javafx-sdk-22.0.1\bin\msvcp140_2.dll
Event: 4.742 Loaded shared library D:\Proyecto Terminal\openjfx-22.0.1_windows-x64_bin-sdk\javafx-sdk-22.0.1\bin\prism_d3d.dll
Event: 4.901 Loaded shared library D:\Proyecto Terminal\openjfx-22.0.1_windows-x64_bin-sdk\javafx-sdk-22.0.1\bin\glass.dll
Event: 5.142 Loaded shared library C:\Users\diego\.jdks\corretto-17.0.13\bin\jimage.dll
Event: 6.281 Loaded shared library D:\Proyecto Terminal\openjfx-22.0.1_windows-x64_bin-sdk\javafx-sdk-22.0.1\bin\javafx_font.dll
Event: 11.532 Loaded shared library D:\Proyecto Terminal\openjfx-22.0.1_windows-x64_bin-sdk\javafx-sdk-22.0.1\bin\javafx_iio.dll

Deoptimization events (20 events):
Event: 290.086 Thread 0x000001a87ee31000 DEOPT PACKING pc=0x000001a8001be2bc sp=0x0000002ea7cfc6c0
Event: 290.086 Thread 0x000001a87ee31000 DEOPT UNPACKING pc=0x000001a807587143 sp=0x0000002ea7cfbca8 mode 1
Event: 290.086 Thread 0x000001a87ee31000 DEOPT PACKING pc=0x000001a8001d7edc sp=0x0000002ea7cfc8b0
Event: 290.086 Thread 0x000001a87ee31000 DEOPT UNPACKING pc=0x000001a807587143 sp=0x0000002ea7cfbd78 mode 1
Event: 290.089 Thread 0x000001a87ee31000 DEOPT PACKING pc=0x000001a8001be2bc sp=0x0000002ea7cfc6c0
Event: 290.089 Thread 0x000001a87ee31000 DEOPT UNPACKING pc=0x000001a807587143 sp=0x0000002ea7cfbca8 mode 1
Event: 290.089 Thread 0x000001a87ee31000 DEOPT PACKING pc=0x000001a8001d7edc sp=0x0000002ea7cfc8b0
Event: 290.089 Thread 0x000001a87ee31000 DEOPT UNPACKING pc=0x000001a807587143 sp=0x0000002ea7cfbd78 mode 1
Event: 353.227 Thread 0x000001a87eabcac0 Uncommon trap: trap_request=0xffffff45 fr.pc=0x000001a807e9fbf0 relative=0x0000000000000150
Event: 353.227 Thread 0x000001a87eabcac0 Uncommon trap: reason=unstable_if action=reinterpret pc=0x000001a807e9fbf0 method=java.util.concurrent.locks.ReentrantLock$Sync.tryRelease(I)Z @ 26 c2
Event: 353.227 Thread 0x000001a87eabcac0 DEOPT PACKING pc=0x000001a807e9fbf0 sp=0x0000002ea77ff360
Event: 353.227 Thread 0x000001a87eabcac0 DEOPT UNPACKING pc=0x000001a8075869a3 sp=0x0000002ea77ff250 mode 2
Event: 353.228 Thread 0x000001a87f6b3930 DEOPT PACKING pc=0x000001a800a4e7c4 sp=0x0000002ea78ff380
Event: 353.228 Thread 0x000001a87f6b3930 DEOPT UNPACKING pc=0x000001a807587143 sp=0x0000002ea78fe8a0 mode 1
Event: 353.228 Thread 0x000001a87f6b3930 DEOPT PACKING pc=0x000001a800c6dce4 sp=0x0000002ea78ff470
Event: 353.228 Thread 0x000001a87f6b3930 DEOPT UNPACKING pc=0x000001a807587143 sp=0x0000002ea78fe9b8 mode 1
Event: 353.228 Thread 0x000001a87f6b3930 DEOPT PACKING pc=0x000001a800c708bc sp=0x0000002ea78ff580
Event: 353.229 Thread 0x000001a87f6b3930 DEOPT UNPACKING pc=0x000001a807587143 sp=0x0000002ea78fea40 mode 1
Event: 353.229 Thread 0x000001a87eabcac0 DEOPT PACKING pc=0x000001a807c5824c sp=0x0000002ea77ff660
Event: 353.229 Thread 0x000001a87eabcac0 DEOPT UNPACKING pc=0x000001a807587143 sp=0x0000002ea77fea80 mode 1

Classes loaded (20 events):
Event: 40.486 Loading class optiuam/bc/model/ElementoGrafico
Event: 40.486 Loading class optiuam/bc/model/ElementoGrafico done
Event: 40.486 Loading class optiuam/bc/model/ElementoGrafico
Event: 40.486 Loading class optiuam/bc/model/ElementoGrafico done
Event: 40.486 Loading class optiuam/bc/model/ElementoGrafico
Event: 40.486 Loading class optiuam/bc/model/ElementoGrafico done
Event: 40.486 Loading class optiuam/bc/controller/VentanaFibraController
Event: 40.486 Loading class optiuam/bc/controller/VentanaFibraController done
Event: 40.486 Loading class optiuam/bc/model/ElementoGrafico
Event: 40.486 Loading class optiuam/bc/model/ElementoGrafico done
Event: 45.500 Loading class com/intellij/rt/debugger/BatchEvaluatorServer
Event: 45.500 Loading class com/intellij/rt/debugger/BatchEvaluatorServer done
Event: 49.118 Loading class java/io/DataOutputStream
Event: 49.119 Loading class java/io/DataOutputStream done
Event: 353.214 Loading class jdk/internal/misc/Signal$1
Event: 353.215 Loading class jdk/internal/misc/Signal$1 done
Event: 353.224 Loading class com/sun/javafx/tk/quantum/QuantumRenderer
Event: 353.224 Loading class com/sun/javafx/tk/quantum/QuantumRenderer done
Event: 353.228 Loading class com/sun/javafx/tk/quantum/QuantumToolkit
Event: 353.228 Loading class com/sun/javafx/tk/quantum/QuantumToolkit done

Classes unloaded (0 events):
No events

Classes redefined (0 events):
No events

Internal exceptions (20 events):
Event: 11.376 Thread 0x000001a87ee31000 Exception <a 'java/lang/NoSuchMethodError'{0x0000000095e2c568}: 'long java.lang.invoke.DirectMethodHandle$Holder.invokeStatic(java.lang.Object, java.lang.Object, java.lang.Object)'> (0x0000000095e2c568) 
thrown [s\src\hotspot\share\interpreter\linkResolver.cpp, line 759]
Event: 11.377 Thread 0x000001a87ee31000 Exception <a 'java/lang/NoSuchMethodError'{0x0000000095e2fd10}: 'long java.lang.invoke.DirectMethodHandle$Holder.invokeStaticInit(java.lang.Object, java.lang.Object, java.lang.Object)'> (0x0000000095e2fd10) 
thrown [s\src\hotspot\share\interpreter\linkResolver.cpp, line 759]
Event: 11.383 Thread 0x000001a87ee31000 Exception <a 'java/lang/NoSuchMethodError'{0x0000000095e47890}: 'java.lang.Object java.lang.invoke.DirectMethodHandle$Holder.newInvokeSpecial(java.lang.Object, java.lang.Object, long)'> (0x0000000095e47890) 
thrown [s\src\hotspot\share\interpreter\linkResolver.cpp, line 759]
Event: 11.384 Thread 0x000001a87ee31000 Exception <a 'java/lang/NoSuchMethodError'{0x0000000095e4b400}: 'java.lang.Object java.lang.invoke.Invokers$Holder.linkToTargetMethod(java.lang.Object, long, java.lang.Object)'> (0x0000000095e4b400) 
thrown [s\src\hotspot\share\interpreter\linkResolver.cpp, line 759]
Event: 11.815 Thread 0x000001a87ee31000 Exception <a 'java/lang/ClassNotFoundException'{0x0000000095357780}: com/sun/javafx/scene/control/skin/resources/controls> (0x0000000095357780) 
thrown [s\src\hotspot\share\prims\jni.cpp, line 535]
Event: 11.817 Thread 0x000001a87ee31000 Exception <a 'java/lang/ClassNotFoundException'{0x0000000095366130}: com/sun/javafx/scene/control/skin/resources/controls_es> (0x0000000095366130) 
thrown [s\src\hotspot\share\prims\jni.cpp, line 535]
Event: 11.819 Thread 0x000001a87ee31000 Exception <a 'java/lang/ClassNotFoundException'{0x0000000095374310}: com/sun/javafx/scene/control/skin/resources/controls_es_MX> (0x0000000095374310) 
thrown [s\src\hotspot\share\prims\jni.cpp, line 535]
Event: 11.898 Thread 0x000001a87ee31000 Exception <a 'java/lang/NoSuchMethodError'{0x0000000095100710}: 'int java.lang.invoke.DirectMethodHandle$Holder.invokeSpecial(java.lang.Object, java.lang.Object, int)'> (0x0000000095100710) 
thrown [s\src\hotspot\share\interpreter\linkResolver.cpp, line 759]
Event: 12.244 Thread 0x000001a87ee31000 Exception <a 'java/lang/NoSuchMethodError'{0x0000000094b0e870}: 'void java.lang.invoke.DirectMethodHandle$Holder.invokeVirtual(java.lang.Object, java.lang.Object)'> (0x0000000094b0e870) 
thrown [s\src\hotspot\share\interpreter\linkResolver.cpp, line 759]
Event: 13.563 Thread 0x000001a87ee31000 Exception <a 'java/lang/NoSuchMethodError'{0x000000009498a340}: 'java.lang.Object java.lang.invoke.DirectMethodHandle$Holder.newInvokeSpecial(java.lang.Object, java.lang.Object, int, int, int, int, int, java.lang.Object)'> (0x000000009498a340) 
thrown [s\src\hotspot\share\interpreter\linkResolver.cpp, line 759]
Event: 13.566 Thread 0x000001a87ee31000 Exception <a 'java/lang/NoSuchMethodError'{0x000000009499d868}: 'java.lang.Object java.lang.invoke.DirectMethodHandle$Holder.newInvokeSpecial(java.lang.Object, java.lang.Object, java.lang.Object, int, int, int, int, int)'> (0x000000009499d868) 
thrown [s\src\hotspot\share\interpreter\linkResolver.cpp, line 759]
Event: 13.567 Thread 0x000001a87ee31000 Exception <a 'java/lang/NoSuchMethodError'{0x00000000949a58c0}: 'java.lang.Object java.lang.invoke.Invokers$Holder.linkToTargetMethod(java.lang.Object, java.lang.Object, int, int, int, int, int, java.lang.Object)'> (0x00000000949a58c0) 
thrown [s\src\hotspot\share\interpreter\linkResolver.cpp, line 759]
Event: 30.806 Thread 0x000001a87f6b3930 Implicit null exception at 0x000001a807cf7223 to 0x000001a807cf7a44
Event: 49.127 Thread 0x000001a87ee31000 Exception <a 'java/lang/NoSuchMethodError'{0x0000000095b24890}: 'java.lang.Object java.lang.invoke.DirectMethodHandle$Holder.invokeSpecial(java.lang.Object, java.lang.Object, long, java.lang.Object, int, int, java.lang.Object, int, java.lang.Object)'> (0x0000000095b24890) 
thrown [s\src\hotspot\share\interpreter\linkResolver.cpp, line 759]
Event: 49.128 Thread 0x000001a87ee31000 Exception <a 'java/lang/NoSuchMethodError'{0x0000000095b28af0}: 'java.lang.Object java.lang.invoke.DelegatingMethodHandle$Holder.reinvoke_L(java.lang.Object, long, java.lang.Object, int, int, java.lang.Object, int, java.lang.Object)'> (0x0000000095b28af0) 
thrown [s\src\hotspot\share\interpreter\linkResolver.cpp, line 759]
Event: 49.142 Thread 0x000001a87ee31000 Exception <a 'java/lang/NoSuchMethodError'{0x0000000095b80b48}: 'java.lang.Object java.lang.invoke.DelegatingMethodHandle$Holder.reinvoke_L(java.lang.Object, java.lang.Object, int, int, double, int)'> (0x0000000095b80b48) 
thrown [s\src\hotspot\share\interpreter\linkResolver.cpp, line 759]
Event: 122.676 Thread 0x000001a87f6b3930 Implicit null exception at 0x000001a807e19830 to 0x000001a807e1e539
Event: 127.295 Thread 0x000001a87f6b3930 Implicit null exception at 0x000001a807b2032c to 0x000001a807b203ac
Event: 132.644 Thread 0x000001a87ee31000 Exception <a 'java/lang/NoSuchMethodError'{0x00000000977a2930}: 'java.lang.Object java.lang.invoke.DirectMethodHandle$Holder.invokeSpecial(java.lang.Object, java.lang.Object, long, java.lang.Object, int, int, int, java.lang.Object, java.lang.Object, java.lang.Object, int)'> (0x00000000977a2930) 
thrown [s\src\hotspot\share\interpreter\linkResolver.cpp, line 759]
Event: 132.645 Thread 0x000001a87ee31000 Exception <a 'java/lang/NoSuchMethodError'{0x00000000977a6e70}: 'java.lang.Object java.lang.invoke.DelegatingMethodHandle$Holder.reinvoke_L(java.lang.Object, long, java.lang.Object, int, int, int, java.lang.Object, java.lang.Object, java.lang.Object, int)'> (0x00000000977a6e70) 
thrown [s\src\hotspot\share\interpreter\linkResolver.cpp, line 759]

VM Operations (20 events):
Event: 343.537 Executing VM operation: get/set locals done
Event: 343.537 Executing VM operation: get/set locals
Event: 343.537 Executing VM operation: get/set locals done
Event: 343.537 Executing VM operation: get/set locals
Event: 343.537 Executing VM operation: get/set locals done
Event: 343.538 Executing VM operation: get/set locals
Event: 343.538 Executing VM operation: get/set locals done
Event: 343.538 Executing VM operation: get/set locals
Event: 343.538 Executing VM operation: get/set locals done
Event: 353.087 Executing VM operation: ChangeBreakpoints
Event: 353.087 Executing VM operation: ChangeBreakpoints done
Event: 353.090 Executing VM operation: ChangeBreakpoints
Event: 353.090 Executing VM operation: ChangeBreakpoints done
Event: 353.091 Executing VM operation: ChangeBreakpoints
Event: 353.091 Executing VM operation: ChangeBreakpoints done
Event: 353.091 Executing VM operation: ChangeBreakpoints
Event: 353.091 Executing VM operation: ChangeBreakpoints done
Event: 353.091 Executing VM operation: ChangeBreakpoints
Event: 353.091 Executing VM operation: ChangeBreakpoints done
Event: 353.233 Executing VM operation: Exit

Memory protections (0 events):
No events

Nmethod flushes (20 events):
Event: 31.036 Thread 0x000001a87dcee710 flushing  nmethod 0x000001a8007d3610
Event: 31.036 Thread 0x000001a87dcee710 flushing  nmethod 0x000001a8007d5590
Event: 31.036 Thread 0x000001a87dcee710 flushing osr nmethod 0x000001a80080d990
Event: 31.036 Thread 0x000001a87dcee710 flushing osr nmethod 0x000001a800826310
Event: 31.036 Thread 0x000001a87dcee710 flushing  nmethod 0x000001a80086e210
Event: 31.036 Thread 0x000001a87dcee710 flushing  nmethod 0x000001a800886b10
Event: 31.036 Thread 0x000001a87dcee710 flushing  nmethod 0x000001a800894510
Event: 31.036 Thread 0x000001a87dcee710 flushing  nmethod 0x000001a8008ca690
Event: 31.036 Thread 0x000001a87dcee710 flushing  nmethod 0x000001a800907490
Event: 31.036 Thread 0x000001a87dcee710 flushing  nmethod 0x000001a800930a10
Event: 31.036 Thread 0x000001a87dcee710 flushing  nmethod 0x000001a800951790
Event: 31.037 Thread 0x000001a87dcee710 flushing  nmethod 0x000001a80099b810
Event: 31.037 Thread 0x000001a87dcee710 flushing  nmethod 0x000001a8009be290
Event: 31.037 Thread 0x000001a87dcee710 flushing  nmethod 0x000001a8009ca210
Event: 31.037 Thread 0x000001a87dcee710 flushing  nmethod 0x000001a8009f8d10
Event: 31.037 Thread 0x000001a87dcee710 flushing  nmethod 0x000001a800a1b510
Event: 31.037 Thread 0x000001a87dcee710 flushing  nmethod 0x000001a800a1bb10
Event: 31.037 Thread 0x000001a87dcee710 flushing osr nmethod 0x000001a800a1d310
Event: 256.305 Thread 0x000001a87dcee710 flushing  nmethod 0x000001a80060dd10
Event: 256.306 Thread 0x000001a87dcee710 flushing  nmethod 0x000001a8006aa690

Events (20 events):
Event: 42.971 Thread 0x000001a87eafd680 Thread exited: 0x000001a87eafd680
Event: 129.144 Thread 0x000001a87dcda1f0 Thread added: 0x000001a87eaf8180
Event: 129.647 Thread 0x000001a87eaf8180 Thread exited: 0x000001a87eaf8180
Event: 246.222 Thread 0x000001a87dcda1f0 Thread added: 0x000001a87eafb6a0
Event: 246.820 Thread 0x000001a87eafb6a0 Thread exited: 0x000001a87eafb6a0
Event: 255.713 Thread 0x000001a87dcda1f0 Thread added: 0x000001a87eaf6c40
Event: 256.468 Thread 0x000001a87eaf6c40 Thread exited: 0x000001a87eaf6c40
Event: 289.256 Thread 0x000001a87dcda1f0 Thread added: 0x000001a87eafa6b0
Event: 289.284 Thread 0x000001a87eafa6b0 Thread added: 0x000001a87eaf8c20
Event: 289.555 Thread 0x000001a87eaf8c20 Thread exited: 0x000001a87eaf8c20
Event: 290.029 Thread 0x000001a87eafa6b0 Thread exited: 0x000001a87eafa6b0
Event: 290.054 Thread 0x000001a87dcda1f0 Thread added: 0x000001a87eafb150
Event: 290.990 Thread 0x000001a87eafb150 Thread exited: 0x000001a87eafb150
Event: 353.087 Thread 0x000001a87e686c00 Thread exited: 0x000001a87e686c00
Event: 353.105 Thread 0x000001a87e7feb50 Thread exited: 0x000001a87e7feb50
Event: 353.216 Thread 0x000001a87dcc8c40 Thread added: 0x000001a87eabc0a0
Event: 353.218 Thread 0x000001a87eabc0a0 Thread added: 0x000001a87eabcac0
Event: 353.218 Thread 0x000001a87eabc0a0 Thread added: 0x000001a87eabcfd0
Event: 353.220 Thread 0x000001a87eabcfd0 Thread exited: 0x000001a87eabcfd0
Event: 353.229 Thread 0x000001a87eabcac0 Thread exited: 0x000001a87eabcac0


Dynamic libraries:
0x00007ff77a840000 - 0x00007ff77a84e000 	C:\Users\diego\.jdks\corretto-17.0.13\bin\java.exe
0x00007ffe659d0000 - 0x00007ffe65be7000 	C:\Windows\SYSTEM32\ntdll.dll
0x00007ffe64980000 - 0x00007ffe64a44000 	C:\Windows\System32\KERNEL32.DLL
0x00007ffe62e90000 - 0x00007ffe63249000 	C:\Windows\System32\KERNELBASE.dll
0x00007ffe635d0000 - 0x00007ffe636e1000 	C:\Windows\System32\ucrtbase.dll
0x00007ffe4c6b0000 - 0x00007ffe4c6cb000 	C:\Users\diego\.jdks\corretto-17.0.13\bin\VCRUNTIME140.dll
0x00007ffe4c690000 - 0x00007ffe4c6a7000 	C:\Users\diego\.jdks\corretto-17.0.13\bin\jli.dll
0x00007ffe63940000 - 0x00007ffe63aee000 	C:\Windows\System32\USER32.dll
0x00007ffe632c0000 - 0x00007ffe632e6000 	C:\Windows\System32\win32u.dll
0x00007ffe4a0b0000 - 0x00007ffe4a342000 	C:\Windows\WinSxS\amd64_microsoft.windows.common-controls_6595b64144ccf1df_6.0.22621.4391_none_2715d37f73803e96\COMCTL32.dll
0x00007ffe64770000 - 0x00007ffe64799000 	C:\Windows\System32\GDI32.dll
0x00007ffe658e0000 - 0x00007ffe65987000 	C:\Windows\System32\msvcrt.dll
0x00007ffe62cd0000 - 0x00007ffe62deb000 	C:\Windows\System32\gdi32full.dll
0x00007ffe62df0000 - 0x00007ffe62e8a000 	C:\Windows\System32\msvcp_win.dll
0x00007ffe64af0000 - 0x00007ffe64b21000 	C:\Windows\System32\IMM32.DLL
0x00007ffe50bd0000 - 0x00007ffe50bdc000 	C:\Users\diego\.jdks\corretto-17.0.13\bin\vcruntime140_1.dll
0x00007ffe48920000 - 0x00007ffe489ad000 	C:\Users\diego\.jdks\corretto-17.0.13\bin\msvcp140.dll
0x00007ffdf0cf0000 - 0x00007ffdf195c000 	C:\Users\diego\.jdks\corretto-17.0.13\bin\server\jvm.dll
0x00007ffe651c0000 - 0x00007ffe65272000 	C:\Windows\System32\ADVAPI32.dll
0x00007ffe65110000 - 0x00007ffe651b7000 	C:\Windows\System32\sechost.dll
0x00007ffe632f0000 - 0x00007ffe63318000 	C:\Windows\System32\bcrypt.dll
0x00007ffe64ff0000 - 0x00007ffe65104000 	C:\Windows\System32\RPCRT4.dll
0x00007ffe64a50000 - 0x00007ffe64ac1000 	C:\Windows\System32\WS2_32.dll
0x00007ffe62ba0000 - 0x00007ffe62bed000 	C:\Windows\SYSTEM32\POWRPROF.dll
0x00007ffe5f660000 - 0x00007ffe5f694000 	C:\Windows\SYSTEM32\WINMM.dll
0x00007ffe58af0000 - 0x00007ffe58afa000 	C:\Windows\SYSTEM32\VERSION.dll
0x00007ffe62b80000 - 0x00007ffe62b93000 	C:\Windows\SYSTEM32\UMPDC.dll
0x00007ffe61d10000 - 0x00007ffe61d28000 	C:\Windows\SYSTEM32\kernel.appcore.dll
0x00007ffe4eb00000 - 0x00007ffe4eb0a000 	C:\Users\diego\.jdks\corretto-17.0.13\bin\jimage.dll
0x00007ffe602e0000 - 0x00007ffe60512000 	C:\Windows\SYSTEM32\DBGHELP.DLL
0x00007ffe63af0000 - 0x00007ffe63e7f000 	C:\Windows\System32\combase.dll
0x00007ffe648a0000 - 0x00007ffe64977000 	C:\Windows\System32\OLEAUT32.dll
0x00007ffe37610000 - 0x00007ffe37642000 	C:\Windows\SYSTEM32\dbgcore.DLL
0x00007ffe63550000 - 0x00007ffe635cb000 	C:\Windows\System32\bcryptPrimitives.dll
0x00007ffe3fb00000 - 0x00007ffe3fb3b000 	C:\Users\diego\.jdks\corretto-17.0.13\bin\jdwp.dll
0x00007ffe4aa40000 - 0x00007ffe4aa4e000 	C:\Users\diego\.jdks\corretto-17.0.13\bin\instrument.dll
0x00007ffe4aa50000 - 0x00007ffe4aa75000 	C:\Users\diego\.jdks\corretto-17.0.13\bin\java.dll
0x00007ffe466c0000 - 0x00007ffe466d8000 	C:\Users\diego\.jdks\corretto-17.0.13\bin\zip.dll
0x00007ffe20ed0000 - 0x00007ffe20fa7000 	C:\Users\diego\.jdks\corretto-17.0.13\bin\jsvml.dll
0x00007ffe63ef0000 - 0x00007ffe64766000 	C:\Windows\System32\SHELL32.dll
0x00007ffe60c10000 - 0x00007ffe61513000 	C:\Windows\SYSTEM32\windows.storage.dll
0x00007ffe60ad0000 - 0x00007ffe60c0f000 	C:\Windows\SYSTEM32\wintypes.dll
0x00007ffe647a0000 - 0x00007ffe64899000 	C:\Windows\System32\SHCORE.dll
0x00007ffe65400000 - 0x00007ffe6545e000 	C:\Windows\System32\shlwapi.dll
0x00007ffe62c00000 - 0x00007ffe62c2b000 	C:\Windows\SYSTEM32\profapi.dll
0x00007ffe4a990000 - 0x00007ffe4a9a9000 	C:\Users\diego\.jdks\corretto-17.0.13\bin\net.dll
0x00007ffe5c330000 - 0x00007ffe5c466000 	C:\Windows\SYSTEM32\WINHTTP.dll
0x00007ffe62190000 - 0x00007ffe621f9000 	C:\Windows\system32\mswsock.dll
0x00007ffe4a4a0000 - 0x00007ffe4a4b6000 	C:\Users\diego\.jdks\corretto-17.0.13\bin\nio.dll
0x00007ffe36850000 - 0x00007ffe3685c000 	C:\Users\diego\.jdks\corretto-17.0.13\bin\dt_socket.dll
0x00007ffe61780000 - 0x00007ffe617ad000 	C:\Windows\SYSTEM32\IPHLPAPI.DLL
0x000001a87fa50000 - 0x000001a87fa53000 	D:\Proyecto Terminal\openjfx-22.0.1_windows-x64_bin-sdk\javafx-sdk-22.0.1\bin\api-ms-win-core-console-l1-1-0.dll
0x000001a87fa60000 - 0x000001a87fa63000 	D:\Proyecto Terminal\openjfx-22.0.1_windows-x64_bin-sdk\javafx-sdk-22.0.1\bin\api-ms-win-core-console-l1-2-0.dll
0x000001a87fa70000 - 0x000001a87fa73000 	D:\Proyecto Terminal\openjfx-22.0.1_windows-x64_bin-sdk\javafx-sdk-22.0.1\bin\api-ms-win-core-datetime-l1-1-0.dll
0x000001a87fa80000 - 0x000001a87fa83000 	D:\Proyecto Terminal\openjfx-22.0.1_windows-x64_bin-sdk\javafx-sdk-22.0.1\bin\api-ms-win-core-debug-l1-1-0.dll
0x000001a87fa90000 - 0x000001a87fa93000 	D:\Proyecto Terminal\openjfx-22.0.1_windows-x64_bin-sdk\javafx-sdk-22.0.1\bin\api-ms-win-core-errorhandling-l1-1-0.dll
0x000001a87faa0000 - 0x000001a87faa4000 	D:\Proyecto Terminal\openjfx-22.0.1_windows-x64_bin-sdk\javafx-sdk-22.0.1\bin\api-ms-win-core-file-l1-1-0.dll
0x000001a87fab0000 - 0x000001a87fab3000 	D:\Proyecto Terminal\openjfx-22.0.1_windows-x64_bin-sdk\javafx-sdk-22.0.1\bin\api-ms-win-core-file-l1-2-0.dll
0x000001a87fac0000 - 0x000001a87fac3000 	D:\Proyecto Terminal\openjfx-22.0.1_windows-x64_bin-sdk\javafx-sdk-22.0.1\bin\api-ms-win-core-file-l2-1-0.dll
0x000001a87fad0000 - 0x000001a87fad3000 	D:\Proyecto Terminal\openjfx-22.0.1_windows-x64_bin-sdk\javafx-sdk-22.0.1\bin\api-ms-win-core-handle-l1-1-0.dll
0x000001a87fae0000 - 0x000001a87fae3000 	D:\Proyecto Terminal\openjfx-22.0.1_windows-x64_bin-sdk\javafx-sdk-22.0.1\bin\api-ms-win-core-heap-l1-1-0.dll
0x000001a87faf0000 - 0x000001a87faf3000 	D:\Proyecto Terminal\openjfx-22.0.1_windows-x64_bin-sdk\javafx-sdk-22.0.1\bin\api-ms-win-core-interlocked-l1-1-0.dll
0x000001a87fb00000 - 0x000001a87fb03000 	D:\Proyecto Terminal\openjfx-22.0.1_windows-x64_bin-sdk\javafx-sdk-22.0.1\bin\api-ms-win-core-libraryloader-l1-1-0.dll
0x000001a87fb10000 - 0x000001a87fb13000 	D:\Proyecto Terminal\openjfx-22.0.1_windows-x64_bin-sdk\javafx-sdk-22.0.1\bin\api-ms-win-core-localization-l1-2-0.dll
0x000001a87fb20000 - 0x000001a87fb23000 	D:\Proyecto Terminal\openjfx-22.0.1_windows-x64_bin-sdk\javafx-sdk-22.0.1\bin\api-ms-win-core-memory-l1-1-0.dll
0x000001a87fb30000 - 0x000001a87fb33000 	D:\Proyecto Terminal\openjfx-22.0.1_windows-x64_bin-sdk\javafx-sdk-22.0.1\bin\api-ms-win-core-namedpipe-l1-1-0.dll
0x000001a87fb40000 - 0x000001a87fb43000 	D:\Proyecto Terminal\openjfx-22.0.1_windows-x64_bin-sdk\javafx-sdk-22.0.1\bin\api-ms-win-core-processenvironment-l1-1-0.dll
0x000001a87fb50000 - 0x000001a87fb53000 	D:\Proyecto Terminal\openjfx-22.0.1_windows-x64_bin-sdk\javafx-sdk-22.0.1\bin\api-ms-win-core-processthreads-l1-1-0.dll
0x000001a87fb60000 - 0x000001a87fb63000 	D:\Proyecto Terminal\openjfx-22.0.1_windows-x64_bin-sdk\javafx-sdk-22.0.1\bin\api-ms-win-core-processthreads-l1-1-1.dll
0x000001a87fb70000 - 0x000001a87fb73000 	D:\Proyecto Terminal\openjfx-22.0.1_windows-x64_bin-sdk\javafx-sdk-22.0.1\bin\api-ms-win-core-profile-l1-1-0.dll
0x000001a87fb80000 - 0x000001a87fb83000 	D:\Proyecto Terminal\openjfx-22.0.1_windows-x64_bin-sdk\javafx-sdk-22.0.1\bin\api-ms-win-core-rtlsupport-l1-1-0.dll
0x000001a87fb90000 - 0x000001a87fb93000 	D:\Proyecto Terminal\openjfx-22.0.1_windows-x64_bin-sdk\javafx-sdk-22.0.1\bin\api-ms-win-core-string-l1-1-0.dll
0x000001a87fba0000 - 0x000001a87fba3000 	D:\Proyecto Terminal\openjfx-22.0.1_windows-x64_bin-sdk\javafx-sdk-22.0.1\bin\api-ms-win-core-synch-l1-1-0.dll
0x000001a87fbb0000 - 0x000001a87fbb3000 	D:\Proyecto Terminal\openjfx-22.0.1_windows-x64_bin-sdk\javafx-sdk-22.0.1\bin\api-ms-win-core-synch-l1-2-0.dll
0x000001a87fbc0000 - 0x000001a87fbc3000 	D:\Proyecto Terminal\openjfx-22.0.1_windows-x64_bin-sdk\javafx-sdk-22.0.1\bin\api-ms-win-core-sysinfo-l1-1-0.dll
0x000001a87fbd0000 - 0x000001a87fbd3000 	D:\Proyecto Terminal\openjfx-22.0.1_windows-x64_bin-sdk\javafx-sdk-22.0.1\bin\api-ms-win-core-timezone-l1-1-0.dll
0x000001a87fbe0000 - 0x000001a87fbe3000 	D:\Proyecto Terminal\openjfx-22.0.1_windows-x64_bin-sdk\javafx-sdk-22.0.1\bin\api-ms-win-core-util-l1-1-0.dll
0x000001a87fbf0000 - 0x000001a87fbf3000 	D:\Proyecto Terminal\openjfx-22.0.1_windows-x64_bin-sdk\javafx-sdk-22.0.1\bin\api-ms-win-crt-conio-l1-1-0.dll
0x000001a87fc00000 - 0x000001a87fc04000 	D:\Proyecto Terminal\openjfx-22.0.1_windows-x64_bin-sdk\javafx-sdk-22.0.1\bin\api-ms-win-crt-convert-l1-1-0.dll
0x000001a87fc10000 - 0x000001a87fc13000 	D:\Proyecto Terminal\openjfx-22.0.1_windows-x64_bin-sdk\javafx-sdk-22.0.1\bin\api-ms-win-crt-environment-l1-1-0.dll
0x000001a87fc20000 - 0x000001a87fc23000 	D:\Proyecto Terminal\openjfx-22.0.1_windows-x64_bin-sdk\javafx-sdk-22.0.1\bin\api-ms-win-crt-filesystem-l1-1-0.dll
0x000001a87fc30000 - 0x000001a87fc33000 	D:\Proyecto Terminal\openjfx-22.0.1_windows-x64_bin-sdk\javafx-sdk-22.0.1\bin\api-ms-win-crt-heap-l1-1-0.dll
0x000001a87fc40000 - 0x000001a87fc43000 	D:\Proyecto Terminal\openjfx-22.0.1_windows-x64_bin-sdk\javafx-sdk-22.0.1\bin\api-ms-win-crt-locale-l1-1-0.dll
0x000001a87fc50000 - 0x000001a87fc55000 	D:\Proyecto Terminal\openjfx-22.0.1_windows-x64_bin-sdk\javafx-sdk-22.0.1\bin\api-ms-win-crt-math-l1-1-0.dll
0x000001a87fc60000 - 0x000001a87fc65000 	D:\Proyecto Terminal\openjfx-22.0.1_windows-x64_bin-sdk\javafx-sdk-22.0.1\bin\api-ms-win-crt-multibyte-l1-1-0.dll
0x000001a87fc70000 - 0x000001a87fc80000 	D:\Proyecto Terminal\openjfx-22.0.1_windows-x64_bin-sdk\javafx-sdk-22.0.1\bin\api-ms-win-crt-private-l1-1-0.dll
0x000001a87fc80000 - 0x000001a87fc83000 	D:\Proyecto Terminal\openjfx-22.0.1_windows-x64_bin-sdk\javafx-sdk-22.0.1\bin\api-ms-win-crt-process-l1-1-0.dll
0x000001a87fc90000 - 0x000001a87fc94000 	D:\Proyecto Terminal\openjfx-22.0.1_windows-x64_bin-sdk\javafx-sdk-22.0.1\bin\api-ms-win-crt-runtime-l1-1-0.dll
0x000001a87fca0000 - 0x000001a87fca4000 	D:\Proyecto Terminal\openjfx-22.0.1_windows-x64_bin-sdk\javafx-sdk-22.0.1\bin\api-ms-win-crt-stdio-l1-1-0.dll
0x000001a87fcb0000 - 0x000001a87fcb4000 	D:\Proyecto Terminal\openjfx-22.0.1_windows-x64_bin-sdk\javafx-sdk-22.0.1\bin\api-ms-win-crt-string-l1-1-0.dll
0x000001a87fcc0000 - 0x000001a87fcc3000 	D:\Proyecto Terminal\openjfx-22.0.1_windows-x64_bin-sdk\javafx-sdk-22.0.1\bin\api-ms-win-crt-time-l1-1-0.dll
0x000001a87fcd0000 - 0x000001a87fcd3000 	D:\Proyecto Terminal\openjfx-22.0.1_windows-x64_bin-sdk\javafx-sdk-22.0.1\bin\api-ms-win-crt-utility-l1-1-0.dll
0x00007ffe1b170000 - 0x00007ffe1b26c000 	D:\Proyecto Terminal\openjfx-22.0.1_windows-x64_bin-sdk\javafx-sdk-22.0.1\bin\ucrtbase.dll
0x00007ffe260b0000 - 0x00007ffe260cb000 	D:\Proyecto Terminal\openjfx-22.0.1_windows-x64_bin-sdk\javafx-sdk-22.0.1\bin\vcruntime140.dll
0x00007ffe36230000 - 0x00007ffe3623c000 	D:\Proyecto Terminal\openjfx-22.0.1_windows-x64_bin-sdk\javafx-sdk-22.0.1\bin\vcruntime140_1.dll
0x00007ffe1e500000 - 0x00007ffe1e58e000 	D:\Proyecto Terminal\openjfx-22.0.1_windows-x64_bin-sdk\javafx-sdk-22.0.1\bin\msvcp140.dll
0x00007ffe334d0000 - 0x00007ffe334d9000 	D:\Proyecto Terminal\openjfx-22.0.1_windows-x64_bin-sdk\javafx-sdk-22.0.1\bin\msvcp140_1.dll
0x00007ffe224d0000 - 0x00007ffe22511000 	D:\Proyecto Terminal\openjfx-22.0.1_windows-x64_bin-sdk\javafx-sdk-22.0.1\bin\msvcp140_2.dll
0x00007ffe26080000 - 0x00007ffe260b0000 	D:\Proyecto Terminal\openjfx-22.0.1_windows-x64_bin-sdk\javafx-sdk-22.0.1\bin\prism_d3d.dll
0x00007ffe19d60000 - 0x00007ffe19f08000 	C:\Windows\system32\d3d9.dll
0x00007ffe5fbc0000 - 0x00007ffe5fbeb000 	C:\Windows\SYSTEM32\dwmapi.dll
0x00007ffe5fa60000 - 0x00007ffe5fa97000 	C:\Windows\SYSTEM32\dxcore.dll
0x00007ffe5f950000 - 0x00007ffe5fa01000 	C:\Windows\system32\uxtheme.dll
0x00007ffe64c80000 - 0x00007ffe64e25000 	C:\Windows\System32\ole32.dll
0x00007ffe59bb0000 - 0x00007ffe59bf9000 	C:\Windows\SYSTEM32\directxdatabasehelper.dll
0x00007ffe204c0000 - 0x00007ffe20505000 	D:\Proyecto Terminal\openjfx-22.0.1_windows-x64_bin-sdk\javafx-sdk-22.0.1\bin\glass.dll
0x00007ffe652e0000 - 0x00007ffe653df000 	C:\Windows\System32\COMDLG32.dll
0x00007ffdfdf50000 - 0x00007ffdfdfae000 	C:\Program Files\Huawei\PCManager\plugins\PerfWndMonModule.dll
0x00007ffe63750000 - 0x00007ffe638b0000 	C:\Windows\System32\MSCTF.dll
0x00007ffe64b30000 - 0x00007ffe64be0000 	C:\Windows\System32\clbcatq.dll
0x00007ffe51a60000 - 0x00007ffe51bd9000 	C:\Windows\System32\Windows.UI.dll
0x00007ffe28950000 - 0x00007ffe28ac5000 	C:\Windows\System32\Windows.UI.Immersive.dll
0x00007ffe25fd0000 - 0x00007ffe25fe5000 	D:\Proyecto Terminal\openjfx-22.0.1_windows-x64_bin-sdk\javafx-sdk-22.0.1\bin\javafx_font.dll
0x00007ffe5f0c0000 - 0x00007ffe5f333000 	C:\Windows\SYSTEM32\dwrite.dll
0x00007ffe5f760000 - 0x00007ffe5f910000 	C:\Windows\SYSTEM32\WindowsCodecs.dll
0x00007ffe4e5f0000 - 0x00007ffe4e64e000 	C:\Windows\system32\dataexchange.dll
0x00007ffe58420000 - 0x00007ffe586c4000 	C:\Windows\system32\twinapi.appcore.dll
0x00007ffe1a270000 - 0x00007ffe1a2a2000 	C:\Program Files\Common Files\Microsoft Shared\Ink\rtscom.dll
0x00007ffe52fa0000 - 0x00007ffe530e5000 	C:\Windows\SYSTEM32\textinputframework.dll
0x00007ffe5b0d0000 - 0x00007ffe5b203000 	C:\Windows\SYSTEM32\CoreMessaging.dll
0x00007ffe59570000 - 0x00007ffe598dd000 	C:\Windows\SYSTEM32\CoreUIComponents.dll
0x00007ffe62400000 - 0x00007ffe6240c000 	C:\Windows\SYSTEM32\CRYPTBASE.DLL
0x00007ffe49a90000 - 0x00007ffe49abd000 	D:\Proyecto Terminal\openjfx-22.0.1_windows-x64_bin-sdk\javafx-sdk-22.0.1\bin\javafx_iio.dll
0x00007ffe5ead0000 - 0x00007ffe5f0be000 	C:\Windows\SYSTEM32\d2d1.dll
0x00007ffe5f3f0000 - 0x00007ffe5f647000 	C:\Windows\SYSTEM32\d3d11.dll
0x00007ffe5faa0000 - 0x00007ffe5fb97000 	C:\Windows\SYSTEM32\dxgi.dll
0x00007ffe58c50000 - 0x00007ffe59363000 	C:\Windows\SYSTEM32\D3D10Warp.dll

dbghelp: loaded successfully - version: 4.0.5 - missing functions: none
symbol engine: initialized successfully - sym options: 0x614 - pdb path: .;C:\Users\diego\.jdks\corretto-17.0.13\bin;C:\Windows\SYSTEM32;C:\Windows\WinSxS\amd64_microsoft.windows.common-controls_6595b64144ccf1df_6.0.22621.4391_none_2715d37f73803e96;C:\Users\diego\.jdks\corretto-17.0.13\bin\server;D:\Proyecto Terminal\openjfx-22.0.1_windows-x64_bin-sdk\javafx-sdk-22.0.1\bin;C:\Windows\System32\DriverStore\FileRepository\u0355756.inf_amd64_5146fc3a012e7afa\B354291;C:\Program Files\Huawei\PCManager\plugins;C:\Program Files\Common Files\Microsoft Shared\Ink

VM Arguments:
jvm_args: -agentlib:jdwp=transport=dt_socket,address=127.0.0.1:51626,suspend=y,server=n --module-path=D:\Proyecto Terminal\openjfx-22.0.1_windows-x64_bin-sdk\javafx-sdk-22.0.1\lib --add-modules=javafx.controls,javafx.fxml -javaagent:C:\Users\diego\AppData\Local\JetBrains\IntelliJIdea2024.1\captureAgent\debugger-agent.jar -Dfile.encoding=UTF-8 
java_command: optiuam.bc.controller.OptiUAM24
java_class_path (initial): D:\Proyecto Terminal\Código\OptiUAM24\OptiUAM\out\production\OptiUAM;D:\Proyecto Terminal\Código\OptiUAM24\OptiUAM\Librerias\jcommon-1.0.23.jar;D:\Proyecto Terminal\Código\OptiUAM24\OptiUAM\Librerias\jfreechart-1.0.19.jar;D:\Proyecto Terminal\openjfx-22.0.1_windows-x64_bin-sdk\javafx-sdk-22.0.1\lib\javafx-swt.jar;D:\Proyecto Terminal\openjfx-22.0.1_windows-x64_bin-sdk\javafx-sdk-22.0.1\lib\javafx.base.jar;D:\Proyecto Terminal\openjfx-22.0.1_windows-x64_bin-sdk\javafx-sdk-22.0.1\lib\javafx.controls.jar;D:\Proyecto Terminal\openjfx-22.0.1_windows-x64_bin-sdk\javafx-sdk-22.0.1\lib\javafx.fxml.jar;D:\Proyecto Terminal\openjfx-22.0.1_windows-x64_bin-sdk\javafx-sdk-22.0.1\lib\javafx.graphics.jar;D:\Proyecto Terminal\openjfx-22.0.1_windows-x64_bin-sdk\javafx-sdk-22.0.1\lib\javafx.media.jar;D:\Proyecto Terminal\openjfx-22.0.1_windows-x64_bin-sdk\javafx-sdk-22.0.1\lib\javafx.swing.jar;D:\Proyecto Terminal\openjfx-22.0.1_windows-x64_bin-sdk\javafx-sdk-22.0.1\lib\javafx.web.jar;D:\Proyecto Terminal\openjfx-22.0.1_windows-x64_bin-sdk.zip;D:\Proyecto Terminal\commons-math3-3.6.1\commons-math3-3.6.1-tests.jar;D:\Proyecto Terminal\commons-math3-3.6.1\commons-math3-3.6.1-tools.jar;D:\Proyecto Terminal\commons-math3-3.6.1\commons-math3-3.6.1.jar;C:\Program Files\JetBrains\IntelliJ IDEA 2024.1.3\lib\idea_rt.jar
Launcher Type: SUN_STANDARD

[Global flags]
     intx CICompilerCount                          = 4                                         {product} {ergonomic}
     uint ConcGCThreads                            = 2                                         {product} {ergonomic}
     uint G1ConcRefinementThreads                  = 8                                         {product} {ergonomic}
   size_t G1HeapRegionSize                         = 1048576                                   {product} {ergonomic}
    uintx GCDrainStackTargetSize                   = 64                                        {product} {ergonomic}
   size_t InitialHeapSize                          = 117440512                                 {product} {ergonomic}
   size_t MarkStackSize                            = 4194304                                   {product} {ergonomic}
   size_t MaxHeapSize                              = 1862270976                                {product} {ergonomic}
   size_t MaxNewSize                               = 1116733440                                {product} {ergonomic}
   size_t MinHeapDeltaBytes                        = 1048576                                   {product} {ergonomic}
   size_t MinHeapSize                              = 8388608                                   {product} {ergonomic}
    uintx NonNMethodCodeHeapSize                   = 5839372                                {pd product} {ergonomic}
    uintx NonProfiledCodeHeapSize                  = 122909434                              {pd product} {ergonomic}
    uintx ProfiledCodeHeapSize                     = 122909434                              {pd product} {ergonomic}
    uintx ReservedCodeCacheSize                    = 251658240                              {pd product} {ergonomic}
     bool SegmentedCodeCache                       = true                                      {product} {ergonomic}
   size_t SoftMaxHeapSize                          = 1862270976                             {manageable} {ergonomic}
     bool UseCompressedClassPointers               = true                           {product lp64_product} {ergonomic}
     bool UseCompressedOops                        = true                           {product lp64_product} {ergonomic}
     bool UseG1GC                                  = true                                      {product} {ergonomic}
     bool UseLargePagesIndividualAllocation        = false                                  {pd product} {ergonomic}

Logging:
Log output configuration:
 #0: stdout all=off uptime,level,tags
 #1: stderr all=off uptime,level,tags

Environment Variables:
PATH=C:\Program Files\Common Files\Oracle\Java\javapath;C:\Users\diego\Desktop\oracle\bin;C:\Windows\system32;C:\Windows;C:\Windows\System32\Wbem;C:\Windows\System32\WindowsPowerShell\v1.0\;C:\Windows\System32\OpenSSH\;C:\Program Files\Git\cmd;C:\Strawberry\c\bin;C:\Strawberry\perl\site\bin;C:\Strawberry\perl\bin;C:\Users\diego\AppData\Local\Programs\Python\Launcher\;C:\Users\diego\AppData\Local\Microsoft\WindowsApps;C:\Program Files\JetBrains\IntelliJ IDEA 2024.1.3\bin;;C:\Users\diego\AppData\Local\GitHubDesktop\bin;C:\Program Files\JetBrains\PyCharm 2024.1.4\bin;;C:\Users\diego\AppData\Local\Programs\Microsoft VS Code\bin;C:\Users\diego\AppData\Local\Programs\MiKTeX\miktex\bin\x64\
USERNAME=diego
OS=Windows_NT
PROCESSOR_IDENTIFIER=AMD64 Family 23 Model 24 Stepping 1, AuthenticAMD
TMP=C:\Users\diego\AppData\Local\Temp
TEMP=C:\Users\diego\AppData\Local\Temp



Periodic native trim disabled


---------------  S Y S T E M  ---------------

OS:
 Windows 11 , 64 bit Build 22621 (10.0.22621.4391)
OS uptime: 1 days 2:37 hours

CPU: total 8 (initial active 8) (8 cores per cpu, 2 threads per core) family 23 model 24 stepping 1 microcode 0x0, cx8, cmov, fxsr, ht, mmx, 3dnowpref, sse, sse2, sse3, ssse3, sse4a, sse4.1, sse4.2, popcnt, lzcnt, tsc, tscinvbit, avx, avx2, aes, clmul, bmi1, bmi2, adx, sha, fma, vzeroupper, clflush, clflushopt
Processor Information for all 8 processors :
  Max Mhz: 2100, Current Mhz: 2100, Mhz Limit: 2100

Memory: 4k page, system-wide physical 7103M (1002M free)
TotalPageFile size 15807M (AvailPageFile size 6497M)
current process WorkingSet (physical memory assigned to process): 233M, peak: 294M
current process commit charge ("private bytes"): 338M, peak: 419M

vm_info: OpenJDK 64-Bit Server VM (17.0.13+11-LTS) for windows-amd64 JRE (17.0.13+11-LTS), built on Oct 10 2024 19:51:30 by "Administrator" with MS VC++ 16.10 / 16.11 (VS2019)

END.
