#
# A fatal error has been detected by the Java Runtime Environment:
#
#  EXCEPTION_ACCESS_VIOLATION (0xc0000005) at pc=0x00007ffe4a9d82d7, pid=8876, tid=4656
#
# JRE version: OpenJDK Runtime Environment Corretto-17.0.13.11.1 (17.0.13+11) (build 17.0.13+11-LTS)
# Java VM: OpenJDK 64-Bit Server VM Corretto-17.0.13.11.1 (17.0.13+11-LTS, mixed mode, sharing, tiered, compressed oops, compressed class ptrs, g1 gc, windows-amd64)
# Problematic frame:
# C  [glass.dll+0x282d7]
#
# No core dump will be written. Minidumps are not enabled by default on client versions of Windows
#
# If you would like to submit a bug report, please visit:
#   https://github.com/corretto/corretto-17/issues/
#

---------------  S U M M A R Y ------------

Command Line: -agentlib:jdwp=transport=dt_socket,address=127.0.0.1:51673,suspend=y,server=n --module-path=D:\Proyecto Terminal\openjfx-22.0.1_windows-x64_bin-sdk\javafx-sdk-22.0.1\lib --add-modules=javafx.controls,javafx.fxml -javaagent:C:\Users\diego\AppData\Local\JetBrains\IntelliJIdea2024.1\captureAgent\debugger-agent.jar -Dfile.encoding=UTF-8 optiuam.bc.controller.OptiUAM24

Host: AMD Ryzen 5 3500U with Radeon Vega Mobile Gfx  , 8 cores, 6G,  Windows 11 , 64 bit Build 22621 (10.0.22621.4391)
Time: Wed Nov 20 16:35:49 2024 Hora est嫕dar central (M憖ico) elapsed time: 195.023174 seconds (0d 0h 3m 15s)

---------------  T H R E A D  ---------------

Current thread (0x000001c47207cf60):  VMThread "VM Thread" [stack: 0x00000084ca000000,0x00000084ca100000] [id=4656]

Stack: [0x00000084ca000000,0x00000084ca100000],  sp=0x00000084ca0fec70,  free space=1019k
Native frames: (J=compiled Java code, j=interpreted, Vv=VM code, C=native code)
C  [glass.dll+0x282d7]


siginfo: EXCEPTION_ACCESS_VIOLATION (0xc0000005), reading address 0x0000000000000000


Registers:
RAX=0x0000000000000000, RBX=0x000001c442cb8d88, RCX=0x000001c47207cf60, RDX=0x00000084ca0fec70
RSP=0x00000084ca0fec70, RBP=0x000001c4771fb628, RSI=0x00000084ca0fed78, RDI=0x000001c4771fb600
R8 =0x0000000000010002, R9 =0x000001c4771fb600, R10=0x85f13e9656da4870, R11=0x00000084ca0fec00
R12=0x00007ffe4a9d5be0, R13=0x00007ffe0cda8420, R14=0x000078314cce8dc7, R15=0x000001c4771fb600
RIP=0x00007ffe4a9d82d7, EFLAGS=0x0000000000010202


Register to memory mapping:

RIP=0x00007ffe4a9d82d7 glass.dll
RAX=0x0 is NULL
RBX=0x000001c442cb8d88 is a global jni handle
RCX=0x000001c47207cf60 points into unknown readable memory: 0x00007ffe0cbd2cc8 | c8 2c bd 0c fe 7f 00 00
RDX=0x00000084ca0fec70 points into unknown readable memory: 0x0000000000000000 | 00 00 00 00 00 00 00 00
RSP=0x00000084ca0fec70 points into unknown readable memory: 0x0000000000000000 | 00 00 00 00 00 00 00 00
RBP=0x000001c4771fb628 points into unknown readable memory: 0x000078314cce8dc7 | c7 8d ce 4c 31 78 00 00
RSI=0x00000084ca0fed78 points into unknown readable memory: 0x00000084ca0fed60 | 60 ed 0f ca 84 00 00 00
RDI=0x000001c4771fb600 points into unknown readable memory: 0x003f87140265f1c7 | c7 f1 65 02 14 87 3f 00
R8 =0x0000000000010002 is an unknown value
R9 =0x000001c4771fb600 points into unknown readable memory: 0x003f87140265f1c7 | c7 f1 65 02 14 87 3f 00
R10=0x85f13e9656da4870 is an unknown value
R11=0x00000084ca0fec00 points into unknown readable memory: 0x000001c4771fb600 | 00 b6 1f 77 c4 01 00 00
R12=0x00007ffe4a9d5be0 glass.dll
R13=0x00007ffe0cda8420 jvm.dll
R14=0x000078314cce8dc7 is an unknown value
R15=0x000001c4771fb600 points into unknown readable memory: 0x003f87140265f1c7 | c7 f1 65 02 14 87 3f 00


Top of Stack: (sp=0x00000084ca0fec70)
0x00000084ca0fec70:   0000000000000000 00000084ca0fed78
0x00000084ca0fec80:   00007ffe0cda8420 00007ffe4a9d5be0
0x00000084ca0fec90:   000001c4771fb608 00007ffe63623a93
0x00000084ca0feca0:   000001c4771fb600 000001c400000000
0x00000084ca0fecb0:   000001c4771fb628 00000084ca0fed78
0x00000084ca0fecc0:   fffffffffffffffe 0000000000000000
0x00000084ca0fecd0:   0000000000000001 00007ffe4a9b0000
0x00000084ca0fece0:   00000084ca0fed68 00007ffe635f042e
0x00000084ca0fecf0:   0000000000000000 00000084ca0fed78
0x00000084ca0fed00:   00000084ca0ff060 0000000000000001
0x00000084ca0fed10:   0000000000000001 00007ffe635edddd
0x00000084ca0fed20:   0000000000000000 00007ffe4a9d53d9
0x00000084ca0fed30:   0000000000000000 00000084ca0fed68
0x00000084ca0fed40:   fffffffffffffffe 0000000000000001
0x00000084ca0fed50:   0000000000000001 00007ffe4a9d5a6d
0x00000084ca0fed60:   00007ffe4a9ed078 00007ffe00000002
0x00000084ca0fed70:   0000000000000002 00000084ca0fed60
0x00000084ca0fed80:   0000000000000000 00007ffe659f8af3
0x00000084ca0fed90:   0000000000000000 00007ffe4a9d5b92
0x00000084ca0feda0:   0000000000000001 00000084ca0ff000
0x00000084ca0fedb0:   0000000000000001 0000000000000001
0x00000084ca0fedc0:   000001c452520668 00007ffe62402223
0x00000084ca0fedd0:   000001c400000001 0000000000000016
0x00000084ca0fede0:   00007ffe4a9b0000 000000007ffe0384
0x00000084ca0fedf0:   0000000000000000 00007ffe659f8b8f
0x00000084ca0fee00:   00007ffe4a9b0000 0000000000000000
0x00000084ca0fee10:   0000000000000001 000000007ffe0385
0x00000084ca0fee20:   0000000000000000 00007ffe65a217d9
0x00000084ca0fee30:   00003d1b4189fa00 0000000000000014
0x00000084ca0fee40:   00007ffe4a9d5be0 0000000000000000
0x00000084ca0fee50:   0000000000000000 00000084c9554000
0x00000084ca0fee60:   000001c4771fa240 00007ffe65a21596 

Instructions: (pc=0x00007ffe4a9d82d7)
0x00007ffe4a9d81d7:   8b 4d 58 e8 49 cf ff ff 48 8b 4d 60 e8 40 cf ff
0x00007ffe4a9d81e7:   ff 48 8b 95 80 00 00 00 48 8b 8d 18 01 00 00 e8
0x00007ffe4a9d81f7:   26 c5 ff ff 33 d2 33 c9 e8 8c e1 ff ff 90 48 89
0x00007ffe4a9d8207:   54 24 10 55 48 83 ec 20 48 8b ea 48 b8 00 00 00
0x00007ffe4a9d8217:   00 00 00 00 00 48 83 c4 20 5d c3 cc 40 55 48 8b
0x00007ffe4a9d8227:   ea 48 8b 01 33 c9 81 38 05 00 00 c0 0f 94 c1 8b
0x00007ffe4a9d8237:   c1 5d c3 cc 40 55 48 83 ec 20 48 8b ea 8a 4d 40
0x00007ffe4a9d8247:   48 83 c4 20 5d e9 33 d3 ff ff cc 40 55 48 83 ec
0x00007ffe4a9d8257:   20 48 8b ea 8a 4d 20 e8 21 d3 ff ff 90 48 83 c4
0x00007ffe4a9d8267:   20 5d c3 cc 40 55 48 83 ec 20 48 8b ea 48 83 c4
0x00007ffe4a9d8277:   20 5d e9 82 d1 ff ff cc 40 55 48 83 ec 30 48 8b
0x00007ffe4a9d8287:   ea 48 8b 01 8b 10 48 89 4c 24 28 89 54 24 20 4c
0x00007ffe4a9d8297:   8d 0d 23 d6 ff ff 4c 8b 45 70 8b 55 68 48 8b 4d
0x00007ffe4a9d82a7:   60 e8 c3 d0 ff ff 90 48 83 c4 30 5d c3 cc cc cc
0x00007ffe4a9d82b7:   cc cc cc cc cc cc cc cc cc 40 53 48 83 ec 20 48
0x00007ffe4a9d82c7:   8b 1d 6b 47 01 00 48 85 db 74 16 e8 39 90 ff ff
0x00007ffe4a9d82d7:   4c 8b 00 48 8b d3 48 8b c8 41 ff 90 b0 00 00 00
0x00007ffe4a9d82e7:   90 48 83 c4 20 5b c3 cc cc 40 53 48 83 ec 20 48
0x00007ffe4a9d82f7:   8b 1d ab 48 01 00 48 85 db 74 57 b8 ff ff ff ff
0x00007ffe4a9d8307:   f0 0f c1 43 10 83 f8 01 75 3d 48 85 db 74 38 48
0x00007ffe4a9d8317:   8b 0b 48 85 c9 74 0d ff 15 8c 0f 00 00 48 c7 03
0x00007ffe4a9d8327:   00 00 00 00 48 8b 4b 08 48 85 c9 74 0d e8 ef cd
0x00007ffe4a9d8337:   ff ff 48 c7 43 08 00 00 00 00 ba 18 00 00 00 48
0x00007ffe4a9d8347:   8b cb e8 da cd ff ff 48 c7 05 4f 48 01 00 00 00
0x00007ffe4a9d8357:   00 00 48 83 c4 20 5b c3 cc 40 53 48 83 ec 20 48
0x00007ffe4a9d8367:   8b 1d 1b 48 01 00 48 85 db 74 57 b8 ff ff ff ff
0x00007ffe4a9d8377:   f0 0f c1 43 10 83 f8 01 75 3d 48 85 db 74 38 48
0x00007ffe4a9d8387:   8b 0b 48 85 c9 74 0d ff 15 1c 0f 00 00 48 c7 03
0x00007ffe4a9d8397:   00 00 00 00 48 8b 4b 08 48 85 c9 74 0d e8 7f cd
0x00007ffe4a9d83a7:   ff ff 48 c7 43 08 00 00 00 00 ba 18 00 00 00 48
0x00007ffe4a9d83b7:   8b cb e8 6a cd ff ff 48 c7 05 bf 47 01 00 00 00
0x00007ffe4a9d83c7:   00 00 48 83 c4 20 5b c3 cc 40 53 48 83 ec 20 48 


Stack slot to memory mapping:
stack at sp + 0 slots: 0x0 is NULL
stack at sp + 1 slots: 0x00000084ca0fed78 points into unknown readable memory: 0x00000084ca0fed60 | 60 ed 0f ca 84 00 00 00
stack at sp + 2 slots: 0x00007ffe0cda8420 jvm.dll
stack at sp + 3 slots: 0x00007ffe4a9d5be0 glass.dll
stack at sp + 4 slots: 0x000001c4771fb608 points into unknown readable memory: 0x000078314cce8dc7 | c7 8d ce 4c 31 78 00 00
stack at sp + 5 slots: 0x00007ffe63623a93 ucrtbase.dll
stack at sp + 6 slots: 0x000001c4771fb600 points into unknown readable memory: 0x003f87140265f1c7 | c7 f1 65 02 14 87 3f 00
stack at sp + 7 slots: 0x000001c400000000 is pointing into metadata

VM_Operation (0x00000084c97ff030): Exit, mode: safepoint, requested by thread 0x000001c442ff99d0


---------------  P R O C E S S  ---------------

Threads class SMR info:
_java_thread_list=0x000001c47d99a110, length=20, elements={
0x000001c45267bb50, 0x000001c472084a10, 0x000001c472085890, 0x000001c472099c50,
0x000001c47209a520, 0x000001c47209b600, 0x000001c47209c2b0, 0x000001c4720a8580,
0x000001c4720d5690, 0x000001c4722ca300, 0x000001c4770360d0, 0x000001c472a78ed0,
0x000001c4771cf370, 0x000001c4778dbd10, 0x000001c477861c00, 0x000001c47d8d3be0,
0x000001c47d8d2680, 0x000001c47e283270, 0x000001c442ff94c0, 0x000001c442ff99d0
}

Java Threads: ( => current thread )
  0x000001c45267bb50 JavaThread "main" [_thread_blocked, id=3852, stack(0x00000084c9a00000,0x00000084c9b00000)]
  0x000001c472084a10 JavaThread "Reference Handler" daemon [_thread_blocked, id=13044, stack(0x00000084ca100000,0x00000084ca200000)]
  0x000001c472085890 JavaThread "Finalizer" daemon [_thread_blocked, id=11972, stack(0x00000084ca200000,0x00000084ca300000)]
  0x000001c472099c50 JavaThread "Attach Listener" daemon [_thread_blocked, id=14992, stack(0x00000084ca400000,0x00000084ca500000)]
  0x000001c47209a520 JavaThread "Service Thread" daemon [_thread_blocked, id=15848, stack(0x00000084ca500000,0x00000084ca600000)]
  0x000001c47209b600 JavaThread "Monitor Deflation Thread" daemon [_thread_blocked, id=14872, stack(0x00000084ca600000,0x00000084ca700000)]
  0x000001c47209c2b0 JavaThread "C2 CompilerThread0" daemon [_thread_blocked, id=14172, stack(0x00000084ca700000,0x00000084ca800000)]
  0x000001c4720a8580 JavaThread "C1 CompilerThread0" daemon [_thread_blocked, id=13480, stack(0x00000084ca800000,0x00000084ca900000)]
  0x000001c4720d5690 JavaThread "Sweeper thread" daemon [_thread_blocked, id=6852, stack(0x00000084ca900000,0x00000084caa00000)]
  0x000001c4722ca300 JavaThread "Common-Cleaner" daemon [_thread_blocked, id=12804, stack(0x00000084caa00000,0x00000084cab00000)]
  0x000001c4770360d0 JavaThread "JDWP Event Helper Thread" daemon [_thread_blocked, id=13660, stack(0x00000084cae00000,0x00000084caf00000)]
  0x000001c472a78ed0 JavaThread "Notification Thread" daemon [_thread_blocked, id=11380, stack(0x00000084cb000000,0x00000084cb100000)]
  0x000001c4771cf370 JavaThread "QuantumRenderer-0" daemon [_thread_blocked, id=16524, stack(0x00000084cb200000,0x00000084cb300000)]
  0x000001c4778dbd10 JavaThread "InvokeLaterDispatcher" daemon [_thread_blocked, id=15528, stack(0x00000084cb500000,0x00000084cb600000)]
  0x000001c477861c00 JavaThread "JavaFX Application Thread" [_thread_blocked, id=1956, stack(0x00000084cb600000,0x00000084cb700000)]
  0x000001c47d8d3be0 JavaThread "JavaFX-Launcher" [_thread_blocked, id=8340, stack(0x00000084cbe00000,0x00000084cbf00000)]
  0x000001c47d8d2680 JavaThread "Thread-2" daemon [_thread_in_native, id=1580, stack(0x00000084cbd00000,0x00000084cbe00000)]
  0x000001c47e283270 JavaThread "Prism Font Disposer" daemon [_thread_blocked, id=12140, stack(0x00000084cc600000,0x00000084cc700000)]
  0x000001c442ff94c0 JavaThread "Cleaner-0" daemon [_thread_blocked, id=14112, stack(0x00000084cc800000,0x00000084cc900000)]
  0x000001c442ff99d0 JavaThread "SIGINT handler" daemon [_thread_blocked, id=13572, stack(0x00000084c9700000,0x00000084c9800000)]

Other Threads:
=>0x000001c47207cf60 VMThread "VM Thread" [stack: 0x00000084ca000000,0x00000084ca100000] [id=4656]
  0x000001c4526d01b0 GCTaskThread "GC Thread#0" [stack: 0x00000084c9b00000,0x00000084c9c00000] [id=12040]
  0x000001c472a75ed0 GCTaskThread "GC Thread#1" [stack: 0x00000084cbf00000,0x00000084cc000000] [id=9124]
  0x000001c4778c7af0 GCTaskThread "GC Thread#2" [stack: 0x00000084cc000000,0x00000084cc100000] [id=2696]
  0x000001c4778c81c0 GCTaskThread "GC Thread#3" [stack: 0x00000084cc100000,0x00000084cc200000] [id=16136]
  0x000001c4778c8480 GCTaskThread "GC Thread#4" [stack: 0x00000084cc200000,0x00000084cc300000] [id=15992]
  0x000001c4778c8740 GCTaskThread "GC Thread#5" [stack: 0x00000084cc300000,0x00000084cc400000] [id=8124]
  0x000001c47708c6a0 GCTaskThread "GC Thread#6" [stack: 0x00000084cc400000,0x00000084cc500000] [id=10448]
  0x000001c472e319b0 GCTaskThread "GC Thread#7" [stack: 0x00000084cc500000,0x00000084cc600000] [id=3424]
  0x000001c4526dff10 ConcurrentGCThread "G1 Main Marker" terminated
  0x000001c4526e10d0 ConcurrentGCThread "G1 Conc#0" [stack: 0x00000084c9d00000,0x00000084c9e00000] [id=9172]
  0x000001c445c779f0 ConcurrentGCThread "G1 Conc#1" [stack: 0x00000084cab00000,0x00000084cac00000] [id=10376]
  0x000001c471f380e0 ConcurrentGCThread "G1 Refine#0" terminated
  0x000001c471f38920 ConcurrentGCThread "G1 Service" terminated

Threads with active compile tasks:
C2 CompilerThread0  
[error occurred during error reporting (printing all threads), id 0xc0000005, EXCEPTION_ACCESS_VIOLATION (0xc0000005) at pc=0x00007ffe0c9d65b3]

VM state: at safepoint (shutting down)

VM Mutex/Monitor currently owned by a thread:  ([mutex/lock_event])
[0x000001c452675d70] Threads_lock - owner thread: 0x000001c47207cf60
[0x000001c4526757d0] Heap_lock - owner thread: 0x000001c442ff99d0

Heap address: 0x0000000091000000, size: 1776 MB, Compressed Oops mode: 32-bit

CDS archive(s) mapped at: [0x000001c400000000-0x000001c400bb0000-0x000001c400bb0000), size 12255232, SharedBaseAddress: 0x000001c400000000, ArchiveRelocationMode: 1.
Compressed class space mapped at: 0x000001c401000000-0x000001c441000000, reserved size: 1073741824
Narrow klass base: 0x000001c400000000, Narrow klass shift: 0, Narrow klass range: 0x100000000

GC Precious Log:
 CPUs: 8 total, 8 available
 Memory: 7103M
 Large Page Support: Disabled
 NUMA Support: Disabled
 Compressed Oops: Enabled (32-bit)
 Heap Region Size: 1M
 Heap Min Capacity: 8M
 Heap Initial Capacity: 112M
 Heap Max Capacity: 1776M
 Pre-touch: Disabled
 Parallel Workers: 8
 Concurrent Workers: 2
 Concurrent Refinement Workers: 8
 Periodic GC: Disabled

Heap:
 garbage-first heap   total 114688K, used 83618K [0x0000000091000000, 0x0000000100000000)
  region size 1024K, 37 young (37888K), 3 survivors (3072K)
 Metaspace       used 23112K, committed 23424K, reserved 1114112K
  class space    used 3196K, committed 3392K, reserved 1048576K

Heap Regions: E=young(eden), S=young(survivor), O=old, HS=humongous(starts), HC=humongous(continues), CS=collection set, F=free, OA=open archive, CA=closed archive, TAMS=top-at-mark-start (previous, next)
|   0|0x0000000091000000, 0x0000000091100000, 0x0000000091100000|100%|HS|  |TAMS 0x0000000091100000, 0x0000000091000000| Complete 
|   1|0x0000000091100000, 0x0000000091200000, 0x0000000091200000|100%|HS|  |TAMS 0x0000000091200000, 0x0000000091100000| Complete 
|   2|0x0000000091200000, 0x0000000091300000, 0x0000000091300000|100%|HS|  |TAMS 0x0000000091300000, 0x0000000091200000| Complete 
|   3|0x0000000091300000, 0x0000000091400000, 0x0000000091400000|100%| O|  |TAMS 0x0000000091400000, 0x0000000091300000| Untracked 
|   4|0x0000000091400000, 0x0000000091500000, 0x0000000091500000|100%| O|  |TAMS 0x0000000091500000, 0x0000000091400000| Untracked 
|   5|0x0000000091500000, 0x0000000091600000, 0x0000000091600000|100%| O|  |TAMS 0x00000000915e3400, 0x0000000091500000| Untracked 
|   6|0x0000000091600000, 0x0000000091700000, 0x0000000091700000|100%|HS|  |TAMS 0x0000000091700000, 0x0000000091600000| Complete 
|   7|0x0000000091700000, 0x0000000091800000, 0x0000000091800000|100%|HC|  |TAMS 0x0000000091800000, 0x0000000091700000| Complete 
|   8|0x0000000091800000, 0x0000000091900000, 0x0000000091900000|100%|HC|  |TAMS 0x0000000091900000, 0x0000000091800000| Complete 
|   9|0x0000000091900000, 0x0000000091a00000, 0x0000000091a00000|100%|HC|  |TAMS 0x0000000091a00000, 0x0000000091900000| Complete 
|  10|0x0000000091a00000, 0x0000000091b00000, 0x0000000091b00000|100%|HC|  |TAMS 0x0000000091b00000, 0x0000000091a00000| Complete 
|  11|0x0000000091b00000, 0x0000000091c00000, 0x0000000091c00000|100%|HC|  |TAMS 0x0000000091c00000, 0x0000000091b00000| Complete 
|  12|0x0000000091c00000, 0x0000000091d00000, 0x0000000091d00000|100%|HC|  |TAMS 0x0000000091d00000, 0x0000000091c00000| Complete 
|  13|0x0000000091d00000, 0x0000000091e00000, 0x0000000091e00000|100%|HC|  |TAMS 0x0000000091e00000, 0x0000000091d00000| Complete 
|  14|0x0000000091e00000, 0x0000000091f00000, 0x0000000091f00000|100%|HC|  |TAMS 0x0000000091f00000, 0x0000000091e00000| Complete 
|  15|0x0000000091f00000, 0x0000000092000000, 0x0000000092000000|100%|HC|  |TAMS 0x0000000092000000, 0x0000000091f00000| Complete 
|  16|0x0000000092000000, 0x0000000092100000, 0x0000000092100000|100%|HC|  |TAMS 0x0000000092100000, 0x0000000092000000| Complete 
|  17|0x0000000092100000, 0x0000000092200000, 0x0000000092200000|100%|HC|  |TAMS 0x0000000092200000, 0x0000000092100000| Complete 
|  18|0x0000000092200000, 0x0000000092300000, 0x0000000092300000|100%|HC|  |TAMS 0x0000000092300000, 0x0000000092200000| Complete 
|  19|0x0000000092300000, 0x0000000092400000, 0x0000000092400000|100%|HS|  |TAMS 0x0000000092300000, 0x0000000092300000| Complete 
|  20|0x0000000092400000, 0x0000000092500000, 0x0000000092500000|100%|HS|  |TAMS 0x0000000092500000, 0x0000000092400000| Complete 
|  21|0x0000000092500000, 0x0000000092600000, 0x0000000092600000|100%|HC|  |TAMS 0x0000000092600000, 0x0000000092500000| Complete 
|  22|0x0000000092600000, 0x0000000092700000, 0x0000000092700000|100%|HS|  |TAMS 0x0000000092700000, 0x0000000092600000| Complete 
|  23|0x0000000092700000, 0x0000000092800000, 0x0000000092800000|100%|HS|  |TAMS 0x0000000092700000, 0x0000000092700000| Complete 
|  24|0x0000000092800000, 0x0000000092900000, 0x0000000092900000|100%| O|  |TAMS 0x0000000092800000, 0x0000000092800000| Untracked 
|  25|0x0000000092900000, 0x0000000092a00000, 0x0000000092a00000|100%| O|  |TAMS 0x0000000092900000, 0x0000000092900000| Untracked 
|  26|0x0000000092a00000, 0x0000000092b00000, 0x0000000092b00000|100%|HS|  |TAMS 0x0000000092a00000, 0x0000000092a00000| Complete 
|  27|0x0000000092b00000, 0x0000000092c00000, 0x0000000092c00000|100%|HS|  |TAMS 0x0000000092b00000, 0x0000000092b00000| Complete 
|  28|0x0000000092c00000, 0x0000000092d00000, 0x0000000092d00000|100%|HS|  |TAMS 0x0000000092c00000, 0x0000000092c00000| Complete 
|  29|0x0000000092d00000, 0x0000000092e00000, 0x0000000092e00000|100%|HS|  |TAMS 0x0000000092d00000, 0x0000000092d00000| Complete 
|  30|0x0000000092e00000, 0x0000000092f00000, 0x0000000092f00000|100%|HS|  |TAMS 0x0000000092e00000, 0x0000000092e00000| Complete 
|  31|0x0000000092f00000, 0x0000000093000000, 0x0000000093000000|100%|HS|  |TAMS 0x0000000092f00000, 0x0000000092f00000| Complete 
|  32|0x0000000093000000, 0x0000000093100000, 0x0000000093100000|100%| O|  |TAMS 0x0000000093000000, 0x0000000093000000| Untracked 
|  33|0x0000000093100000, 0x0000000093200000, 0x0000000093200000|100%| O|  |TAMS 0x0000000093100000, 0x0000000093100000| Untracked 
|  34|0x0000000093200000, 0x0000000093300000, 0x0000000093300000|100%| O|  |TAMS 0x0000000093200000, 0x0000000093200000| Untracked 
|  35|0x0000000093300000, 0x0000000093400000, 0x0000000093400000|100%| O|  |TAMS 0x0000000093300000, 0x0000000093300000| Untracked 
|  36|0x0000000093400000, 0x0000000093500000, 0x0000000093500000|100%| O|  |TAMS 0x0000000093400000, 0x0000000093400000| Untracked 
|  37|0x0000000093500000, 0x0000000093600000, 0x0000000093600000|100%| O|  |TAMS 0x0000000093500000, 0x0000000093500000| Untracked 
|  38|0x0000000093600000, 0x0000000093700000, 0x0000000093700000|100%| O|  |TAMS 0x0000000093600000, 0x0000000093600000| Untracked 
|  39|0x0000000093700000, 0x0000000093800000, 0x0000000093800000|100%| O|  |TAMS 0x0000000093700000, 0x0000000093700000| Untracked 
|  40|0x0000000093800000, 0x0000000093900000, 0x0000000093900000|100%| O|  |TAMS 0x0000000093800000, 0x0000000093800000| Untracked 
|  41|0x0000000093900000, 0x0000000093a00000, 0x0000000093a00000|100%| O|  |TAMS 0x0000000093900000, 0x0000000093900000| Untracked 
|  42|0x0000000093a00000, 0x0000000093b00000, 0x0000000093b00000|100%| O|  |TAMS 0x0000000093a00000, 0x0000000093a00000| Untracked 
|  43|0x0000000093b00000, 0x0000000093c00000, 0x0000000093c00000|100%| O|  |TAMS 0x0000000093b00000, 0x0000000093b00000| Untracked 
|  44|0x0000000093c00000, 0x0000000093cf0c00, 0x0000000093d00000| 94%| O|  |TAMS 0x0000000093c00000, 0x0000000093c00000| Untracked 
|  45|0x0000000093d00000, 0x0000000093e00000, 0x0000000093e00000|100%|HS|  |TAMS 0x0000000093d00000, 0x0000000093d00000| Complete 
|  46|0x0000000093e00000, 0x0000000093f00000, 0x0000000093f00000|100%|HS|  |TAMS 0x0000000093e00000, 0x0000000093e00000| Complete 
|  47|0x0000000093f00000, 0x0000000093f00000, 0x0000000094000000|  0%| F|  |TAMS 0x0000000093f00000, 0x0000000093f00000| Untracked 
|  48|0x0000000094000000, 0x0000000094000000, 0x0000000094100000|  0%| F|  |TAMS 0x0000000094000000, 0x0000000094000000| Untracked 
|  49|0x0000000094100000, 0x0000000094100000, 0x0000000094200000|  0%| F|  |TAMS 0x0000000094100000, 0x0000000094100000| Untracked 
|  50|0x0000000094200000, 0x0000000094200000, 0x0000000094300000|  0%| F|  |TAMS 0x0000000094200000, 0x0000000094200000| Untracked 
|  51|0x0000000094300000, 0x0000000094300000, 0x0000000094400000|  0%| F|  |TAMS 0x0000000094300000, 0x0000000094300000| Untracked 
|  52|0x0000000094400000, 0x0000000094400000, 0x0000000094500000|  0%| F|  |TAMS 0x0000000094400000, 0x0000000094400000| Untracked 
|  53|0x0000000094500000, 0x0000000094500000, 0x0000000094600000|  0%| F|  |TAMS 0x0000000094500000, 0x0000000094500000| Untracked 
|  54|0x0000000094600000, 0x0000000094600000, 0x0000000094700000|  0%| F|  |TAMS 0x0000000094600000, 0x0000000094600000| Untracked 
|  55|0x0000000094700000, 0x0000000094700000, 0x0000000094800000|  0%| F|  |TAMS 0x0000000094700000, 0x0000000094700000| Untracked 
|  56|0x0000000094800000, 0x0000000094800000, 0x0000000094900000|  0%| F|  |TAMS 0x0000000094800000, 0x0000000094800000| Untracked 
|  57|0x0000000094900000, 0x0000000094900000, 0x0000000094a00000|  0%| F|  |TAMS 0x0000000094900000, 0x0000000094900000| Untracked 
|  58|0x0000000094a00000, 0x0000000094a00000, 0x0000000094b00000|  0%| F|  |TAMS 0x0000000094a00000, 0x0000000094a00000| Untracked 
|  59|0x0000000094b00000, 0x0000000094b00000, 0x0000000094c00000|  0%| F|  |TAMS 0x0000000094b00000, 0x0000000094b00000| Untracked 
|  60|0x0000000094c00000, 0x0000000094c00000, 0x0000000094d00000|  0%| F|  |TAMS 0x0000000094c00000, 0x0000000094c00000| Untracked 
|  61|0x0000000094d00000, 0x0000000094d00000, 0x0000000094e00000|  0%| F|  |TAMS 0x0000000094d00000, 0x0000000094d00000| Untracked 
|  62|0x0000000094e00000, 0x0000000094e00000, 0x0000000094f00000|  0%| F|  |TAMS 0x0000000094e00000, 0x0000000094e00000| Untracked 
|  63|0x0000000094f00000, 0x0000000094f00000, 0x0000000095000000|  0%| F|  |TAMS 0x0000000094f00000, 0x0000000094f00000| Untracked 
|  64|0x0000000095000000, 0x0000000095000000, 0x0000000095100000|  0%| F|  |TAMS 0x0000000095000000, 0x0000000095000000| Untracked 
|  65|0x0000000095100000, 0x0000000095100000, 0x0000000095200000|  0%| F|  |TAMS 0x0000000095100000, 0x0000000095100000| Untracked 
|  66|0x0000000095200000, 0x0000000095200000, 0x0000000095300000|  0%| F|  |TAMS 0x0000000095200000, 0x0000000095200000| Untracked 
|  67|0x0000000095300000, 0x0000000095300000, 0x0000000095400000|  0%| F|  |TAMS 0x0000000095300000, 0x0000000095300000| Untracked 
|  68|0x0000000095400000, 0x00000000954b7ef8, 0x0000000095500000| 71%| S|CS|TAMS 0x0000000095400000, 0x0000000095400000| Complete 
|  69|0x0000000095500000, 0x0000000095600000, 0x0000000095600000|100%| S|CS|TAMS 0x0000000095500000, 0x0000000095500000| Complete 
|  70|0x0000000095600000, 0x0000000095700000, 0x0000000095700000|100%| S|CS|TAMS 0x0000000095600000, 0x0000000095600000| Complete 
|  71|0x0000000095700000, 0x0000000095700000, 0x0000000095800000|  0%| F|  |TAMS 0x0000000095700000, 0x0000000095700000| Untracked 
|  72|0x0000000095800000, 0x0000000095800000, 0x0000000095900000|  0%| F|  |TAMS 0x0000000095800000, 0x0000000095800000| Untracked 
|  73|0x0000000095900000, 0x0000000095900000, 0x0000000095a00000|  0%| F|  |TAMS 0x0000000095900000, 0x0000000095900000| Untracked 
|  74|0x0000000095a00000, 0x0000000095a00000, 0x0000000095b00000|  0%| F|  |TAMS 0x0000000095a00000, 0x0000000095a00000| Untracked 
|  75|0x0000000095b00000, 0x0000000095b00000, 0x0000000095c00000|  0%| F|  |TAMS 0x0000000095b00000, 0x0000000095b00000| Untracked 
|  76|0x0000000095c00000, 0x0000000095c00000, 0x0000000095d00000|  0%| F|  |TAMS 0x0000000095c00000, 0x0000000095c00000| Untracked 
|  77|0x0000000095d00000, 0x0000000095d00000, 0x0000000095e00000|  0%| F|  |TAMS 0x0000000095d00000, 0x0000000095d00000| Untracked 
|  78|0x0000000095e00000, 0x0000000095e68fb8, 0x0000000095f00000| 41%| E|  |TAMS 0x0000000095e00000, 0x0000000095e00000| Complete 
|  79|0x0000000095f00000, 0x0000000096000000, 0x0000000096000000|100%| E|CS|TAMS 0x0000000095f00000, 0x0000000095f00000| Complete 
|  80|0x0000000096000000, 0x0000000096100000, 0x0000000096100000|100%| E|CS|TAMS 0x0000000096000000, 0x0000000096000000| Complete 
|  81|0x0000000096100000, 0x0000000096200000, 0x0000000096200000|100%| E|CS|TAMS 0x0000000096100000, 0x0000000096100000| Complete 
|  82|0x0000000096200000, 0x0000000096300000, 0x0000000096300000|100%| E|CS|TAMS 0x0000000096200000, 0x0000000096200000| Complete 
|  83|0x0000000096300000, 0x0000000096400000, 0x0000000096400000|100%| E|CS|TAMS 0x0000000096300000, 0x0000000096300000| Complete 
|  84|0x0000000096400000, 0x0000000096500000, 0x0000000096500000|100%| E|CS|TAMS 0x0000000096400000, 0x0000000096400000| Complete 
|  85|0x0000000096500000, 0x0000000096600000, 0x0000000096600000|100%| E|CS|TAMS 0x0000000096500000, 0x0000000096500000| Complete 
|  86|0x0000000096600000, 0x0000000096700000, 0x0000000096700000|100%| E|  |TAMS 0x0000000096600000, 0x0000000096600000| Complete 
|  87|0x0000000096700000, 0x0000000096800000, 0x0000000096800000|100%| E|CS|TAMS 0x0000000096700000, 0x0000000096700000| Complete 
|  88|0x0000000096800000, 0x0000000096900000, 0x0000000096900000|100%| E|CS|TAMS 0x0000000096800000, 0x0000000096800000| Complete 
|  89|0x0000000096900000, 0x0000000096a00000, 0x0000000096a00000|100%| E|CS|TAMS 0x0000000096900000, 0x0000000096900000| Complete 
|  90|0x0000000096a00000, 0x0000000096b00000, 0x0000000096b00000|100%| E|CS|TAMS 0x0000000096a00000, 0x0000000096a00000| Complete 
|  91|0x0000000096b00000, 0x0000000096c00000, 0x0000000096c00000|100%| E|CS|TAMS 0x0000000096b00000, 0x0000000096b00000| Complete 
|  92|0x0000000096c00000, 0x0000000096d00000, 0x0000000096d00000|100%| E|CS|TAMS 0x0000000096c00000, 0x0000000096c00000| Complete 
|  93|0x0000000096d00000, 0x0000000096e00000, 0x0000000096e00000|100%| E|CS|TAMS 0x0000000096d00000, 0x0000000096d00000| Complete 
|  94|0x0000000096e00000, 0x0000000096f00000, 0x0000000096f00000|100%| E|CS|TAMS 0x0000000096e00000, 0x0000000096e00000| Complete 
|  95|0x0000000096f00000, 0x0000000097000000, 0x0000000097000000|100%| E|CS|TAMS 0x0000000096f00000, 0x0000000096f00000| Complete 
|  96|0x0000000097000000, 0x0000000097100000, 0x0000000097100000|100%| E|CS|TAMS 0x0000000097000000, 0x0000000097000000| Complete 
|  97|0x0000000097100000, 0x0000000097200000, 0x0000000097200000|100%| E|CS|TAMS 0x0000000097100000, 0x0000000097100000| Complete 
|  98|0x0000000097200000, 0x0000000097300000, 0x0000000097300000|100%| E|CS|TAMS 0x0000000097200000, 0x0000000097200000| Complete 
|  99|0x0000000097300000, 0x0000000097400000, 0x0000000097400000|100%| E|CS|TAMS 0x0000000097300000, 0x0000000097300000| Complete 
| 100|0x0000000097400000, 0x0000000097500000, 0x0000000097500000|100%| E|CS|TAMS 0x0000000097400000, 0x0000000097400000| Complete 
| 101|0x0000000097500000, 0x0000000097600000, 0x0000000097600000|100%| E|CS|TAMS 0x0000000097500000, 0x0000000097500000| Complete 
| 102|0x0000000097600000, 0x0000000097700000, 0x0000000097700000|100%| E|CS|TAMS 0x0000000097600000, 0x0000000097600000| Complete 
| 103|0x0000000097700000, 0x0000000097800000, 0x0000000097800000|100%| E|CS|TAMS 0x0000000097700000, 0x0000000097700000| Complete 
| 104|0x0000000097800000, 0x0000000097900000, 0x0000000097900000|100%| E|CS|TAMS 0x0000000097800000, 0x0000000097800000| Complete 
| 105|0x0000000097900000, 0x0000000097a00000, 0x0000000097a00000|100%| E|CS|TAMS 0x0000000097900000, 0x0000000097900000| Complete 
| 106|0x0000000097a00000, 0x0000000097b00000, 0x0000000097b00000|100%| E|CS|TAMS 0x0000000097a00000, 0x0000000097a00000| Complete 
| 107|0x0000000097b00000, 0x0000000097c00000, 0x0000000097c00000|100%| E|CS|TAMS 0x0000000097b00000, 0x0000000097b00000| Complete 
| 108|0x0000000097c00000, 0x0000000097d00000, 0x0000000097d00000|100%| E|CS|TAMS 0x0000000097c00000, 0x0000000097c00000| Complete 
| 109|0x0000000097d00000, 0x0000000097e00000, 0x0000000097e00000|100%| E|CS|TAMS 0x0000000097d00000, 0x0000000097d00000| Complete 
| 110|0x0000000097e00000, 0x0000000097f00000, 0x0000000097f00000|100%| E|CS|TAMS 0x0000000097e00000, 0x0000000097e00000| Complete 
| 111|0x0000000097f00000, 0x0000000098000000, 0x0000000098000000|100%| E|CS|TAMS 0x0000000097f00000, 0x0000000097f00000| Complete 

Card table byte_map: [0x000001c46b780000,0x000001c46bb00000] _byte_map_base: 0x000001c46b2f8000

Marking Bits (Prev, Next): (CMBitMap*) 0x000001c4526d0810, (CMBitMap*) 0x000001c4526d07d0
 Prev Bits: [0x000001c46da40000, 0x000001c46f600000)
 Next Bits: [0x000001c46be80000, 0x000001c46da40000)

Polling page: 0x000001c45b960000

Metaspace:

Usage:
  Non-class:     19.45 MB used.
      Class:      3.12 MB used.
       Both:     22.57 MB used.

Virtual space:
  Non-class space:       64.00 MB reserved,      19.56 MB ( 31%) committed,  1 nodes.
      Class space:        1.00 GB reserved,       3.31 MB ( <1%) committed,  1 nodes.
             Both:        1.06 GB reserved,      22.88 MB (  2%) committed. 

Chunk freelists:
   Non-Class:  11.69 MB
       Class:  12.53 MB
        Both:  24.21 MB

MaxMetaspaceSize: unlimited
CompressedClassSpaceSize: 1.00 GB
Initial GC threshold: 21.00 MB
Current GC threshold: 35.12 MB
CDS: on
MetaspaceReclaimPolicy: balanced
 - commit_granule_bytes: 65536.
 - commit_granule_words: 8192.
 - virtual_space_node_default_size: 8388608.
 - enlarge_chunks_in_place: 1.
 - new_chunks_are_fully_committed: 0.
 - uncommit_free_chunks: 1.
 - use_allocation_guard: 0.
 - handle_deallocations: 1.


Internal statistics:

num_allocs_failed_limit: 3.
num_arena_births: 422.
num_arena_deaths: 0.
num_vsnodes_births: 2.
num_vsnodes_deaths: 0.
num_space_committed: 366.
num_space_uncommitted: 0.
num_chunks_returned_to_freelist: 3.
num_chunks_taken_from_freelist: 1310.
num_chunk_merges: 3.
num_chunk_splits: 853.
num_chunks_enlarged: 575.
num_inconsistent_stats: 0.

CodeHeap 'non-profiled nmethods': size=120000Kb used=5398Kb max_used=5398Kb free=114601Kb
 bounds [0x000001c463450000, 0x000001c4639a0000, 0x000001c46a980000]
CodeHeap 'profiled nmethods': size=120000Kb used=14490Kb max_used=14490Kb free=105509Kb
 bounds [0x000001c45b980000, 0x000001c45c7b0000, 0x000001c462eb0000]
CodeHeap 'non-nmethods': size=5760Kb used=1521Kb max_used=1616Kb free=4238Kb
 bounds [0x000001c462eb0000, 0x000001c463120000, 0x000001c463450000]
 total_blobs=7372 nmethods=6549 adapters=735
 compilation: enabled
              stopped_count=0, restarted_count=0
 full_count=0

Compilation events (20 events):
Event: 194.383 Thread 0x000001c4720a8580 nmethod 7429 0x000001c45c79f310 code [0x000001c45c79f4a0, 0x000001c45c79f618]
Event: 194.383 Thread 0x000001c4720a8580 7430       3       com.sun.javafx.tk.quantum.PerformanceTrackerHelper$PerformanceTrackerDummyImpl::logEvent (1 bytes)
Event: 194.383 Thread 0x000001c4720a8580 nmethod 7430 0x000001c45c79f710 code [0x000001c45c79f8a0, 0x000001c45c79f9b8]
Event: 194.386 Thread 0x000001c4720a8580 7431       3       javafx.scene.layout.GridPane::requestLayout (90 bytes)
Event: 194.387 Thread 0x000001c4720a8580 nmethod 7431 0x000001c45c79fa90 code [0x000001c45c79fca0, 0x000001c45c7a03b8]
Event: 194.392 Thread 0x000001c4720a8580 7432       3       com.sun.javafx.css.StyleManager$CacheContainer::addStyleMap (12 bytes)
Event: 194.393 Thread 0x000001c4720a8580 nmethod 7432 0x000001c45c7a0510 code [0x000001c45c7a06e0, 0x000001c45c7a0c08]
Event: 194.398 Thread 0x000001c47209c2b0 7433       4       javafx.scene.control.Control::getCssMetaData (199 bytes)
Event: 194.400 Thread 0x000001c4720a8580 7434       3       javafx.collections.ObservableListBase::addListener (13 bytes)
Event: 194.401 Thread 0x000001c4720a8580 nmethod 7434 0x000001c45c7a0e10 code [0x000001c45c7a1000, 0x000001c45c7a1638]
Event: 194.441 Thread 0x000001c47209c2b0 nmethod 7433 0x000001c463993c10 code [0x000001c463993e40, 0x000001c463994b48]
Event: 194.449 Thread 0x000001c4720a8580 7435       3       javafx.scene.layout.GridPane::getRowValignment (43 bytes)
Event: 194.450 Thread 0x000001c4720a8580 nmethod 7435 0x000001c45c7a1890 code [0x000001c45c7a1a80, 0x000001c45c7a1f98]
Event: 194.450 Thread 0x000001c4720a8580 7436       3       javafx.scene.layout.GridPane::getValignment (10 bytes)
Event: 194.451 Thread 0x000001c4720a8580 nmethod 7436 0x000001c45c7a2110 code [0x000001c45c7a2340, 0x000001c45c7a2d98]
Event: 194.451 Thread 0x000001c4720a8580 7438       3       javafx.scene.layout.Region::layoutInArea (278 bytes)
Event: 194.455 Thread 0x000001c4720a8580 nmethod 7438 0x000001c45c7a3090 code [0x000001c45c7a3560, 0x000001c45c7a5db8]
Event: 194.455 Thread 0x000001c4720a8580 7437       3       javafx.scene.Scene::getHeight (19 bytes)
Event: 194.456 Thread 0x000001c4720a8580 nmethod 7437 0x000001c45c7a7410 code [0x000001c45c7a75e0, 0x000001c45c7a7988]
Event: 194.487 Thread 0x000001c47209c2b0 7439       4       java.util.concurrent.locks.ReentrantLock::lock (8 bytes)

GC Heap History (10 events):
Event: 1.161 GC heap before
{Heap before GC invocations=0 (full 0):
 garbage-first heap   total 114688K, used 23552K [0x0000000091000000, 0x0000000100000000)
  region size 1024K, 23 young (23552K), 0 survivors (0K)
 Metaspace       used 4583K, committed 4800K, reserved 1114112K
  class space    used 515K, committed 640K, reserved 1048576K
}
Event: 1.166 GC heap after
{Heap after GC invocations=1 (full 0):
 garbage-first heap   total 114688K, used 3071K [0x0000000091000000, 0x0000000100000000)
  region size 1024K, 3 young (3072K), 3 survivors (3072K)
 Metaspace       used 4583K, committed 4800K, reserved 1114112K
  class space    used 515K, committed 640K, reserved 1048576K
}
Event: 4.465 GC heap before
{Heap before GC invocations=1 (full 0):
 garbage-first heap   total 114688K, used 37887K [0x0000000091000000, 0x0000000100000000)
  region size 1024K, 35 young (35840K), 3 survivors (3072K)
 Metaspace       used 10527K, committed 10816K, reserved 1114112K
  class space    used 1381K, committed 1536K, reserved 1048576K
}
Event: 4.477 GC heap after
{Heap after GC invocations=2 (full 0):
 garbage-first heap   total 114688K, used 8332K [0x0000000091000000, 0x0000000100000000)
  region size 1024K, 4 young (4096K), 4 survivors (4096K)
 Metaspace       used 10527K, committed 10816K, reserved 1114112K
  class space    used 1381K, committed 1536K, reserved 1048576K
}
Event: 13.874 GC heap before
{Heap before GC invocations=2 (full 0):
 garbage-first heap   total 114688K, used 85132K [0x0000000091000000, 0x0000000100000000)
  region size 1024K, 62 young (63488K), 4 survivors (4096K)
 Metaspace       used 21254K, committed 21504K, reserved 1114112K
  class space    used 3101K, committed 3264K, reserved 1048576K
}
Event: 13.892 GC heap after
{Heap after GC invocations=3 (full 0):
 garbage-first heap   total 114688K, used 33386K [0x0000000091000000, 0x0000000100000000)
  region size 1024K, 9 young (9216K), 9 survivors (9216K)
 Metaspace       used 21254K, committed 21504K, reserved 1114112K
  class space    used 3101K, committed 3264K, reserved 1048576K
}
Event: 61.146 GC heap before
{Heap before GC invocations=4 (full 0):
 garbage-first heap   total 114688K, used 86634K [0x0000000091000000, 0x0000000100000000)
  region size 1024K, 54 young (55296K), 9 survivors (9216K)
 Metaspace       used 22450K, committed 22720K, reserved 1114112K
  class space    used 3169K, committed 3328K, reserved 1048576K
}
Event: 61.164 GC heap after
{Heap after GC invocations=5 (full 0):
 garbage-first heap   total 114688K, used 41345K [0x0000000091000000, 0x0000000100000000)
  region size 1024K, 6 young (6144K), 6 survivors (6144K)
 Metaspace       used 22450K, committed 22720K, reserved 1114112K
  class space    used 3169K, committed 3328K, reserved 1048576K
}
Event: 113.564 GC heap before
{Heap before GC invocations=5 (full 0):
 garbage-first heap   total 114688K, used 88449K [0x0000000091000000, 0x0000000100000000)
  region size 1024K, 47 young (48128K), 6 survivors (6144K)
 Metaspace       used 22924K, committed 23296K, reserved 1114112K
  class space    used 3194K, committed 3392K, reserved 1048576K
}
Event: 113.576 GC heap after
{Heap after GC invocations=6 (full 0):
 garbage-first heap   total 114688K, used 44706K [0x0000000091000000, 0x0000000100000000)
  region size 1024K, 3 young (3072K), 3 survivors (3072K)
 Metaspace       used 22924K, committed 23296K, reserved 1114112K
  class space    used 3194K, committed 3392K, reserved 1048576K
}

Dll operation events (20 events):
Event: 0.638 Loaded shared library D:\Proyecto Terminal\openjfx-22.0.1_windows-x64_bin-sdk\javafx-sdk-22.0.1\bin\api-ms-win-crt-math-l1-1-0.dll
Event: 0.641 Loaded shared library D:\Proyecto Terminal\openjfx-22.0.1_windows-x64_bin-sdk\javafx-sdk-22.0.1\bin\api-ms-win-crt-multibyte-l1-1-0.dll
Event: 0.643 Loaded shared library D:\Proyecto Terminal\openjfx-22.0.1_windows-x64_bin-sdk\javafx-sdk-22.0.1\bin\api-ms-win-crt-private-l1-1-0.dll
Event: 0.645 Loaded shared library D:\Proyecto Terminal\openjfx-22.0.1_windows-x64_bin-sdk\javafx-sdk-22.0.1\bin\api-ms-win-crt-process-l1-1-0.dll
Event: 0.648 Loaded shared library D:\Proyecto Terminal\openjfx-22.0.1_windows-x64_bin-sdk\javafx-sdk-22.0.1\bin\api-ms-win-crt-runtime-l1-1-0.dll
Event: 0.650 Loaded shared library D:\Proyecto Terminal\openjfx-22.0.1_windows-x64_bin-sdk\javafx-sdk-22.0.1\bin\api-ms-win-crt-stdio-l1-1-0.dll
Event: 0.653 Loaded shared library D:\Proyecto Terminal\openjfx-22.0.1_windows-x64_bin-sdk\javafx-sdk-22.0.1\bin\api-ms-win-crt-string-l1-1-0.dll
Event: 0.655 Loaded shared library D:\Proyecto Terminal\openjfx-22.0.1_windows-x64_bin-sdk\javafx-sdk-22.0.1\bin\api-ms-win-crt-time-l1-1-0.dll
Event: 0.658 Loaded shared library D:\Proyecto Terminal\openjfx-22.0.1_windows-x64_bin-sdk\javafx-sdk-22.0.1\bin\api-ms-win-crt-utility-l1-1-0.dll
Event: 0.663 Loaded shared library D:\Proyecto Terminal\openjfx-22.0.1_windows-x64_bin-sdk\javafx-sdk-22.0.1\bin\ucrtbase.dll
Event: 0.665 Loaded shared library D:\Proyecto Terminal\openjfx-22.0.1_windows-x64_bin-sdk\javafx-sdk-22.0.1\bin\vcruntime140.dll
Event: 0.668 Loaded shared library D:\Proyecto Terminal\openjfx-22.0.1_windows-x64_bin-sdk\javafx-sdk-22.0.1\bin\vcruntime140_1.dll
Event: 0.671 Loaded shared library D:\Proyecto Terminal\openjfx-22.0.1_windows-x64_bin-sdk\javafx-sdk-22.0.1\bin\msvcp140.dll
Event: 0.673 Loaded shared library D:\Proyecto Terminal\openjfx-22.0.1_windows-x64_bin-sdk\javafx-sdk-22.0.1\bin\msvcp140_1.dll
Event: 0.675 Loaded shared library D:\Proyecto Terminal\openjfx-22.0.1_windows-x64_bin-sdk\javafx-sdk-22.0.1\bin\msvcp140_2.dll
Event: 0.761 Loaded shared library D:\Proyecto Terminal\openjfx-22.0.1_windows-x64_bin-sdk\javafx-sdk-22.0.1\bin\prism_d3d.dll
Event: 0.842 Loaded shared library D:\Proyecto Terminal\openjfx-22.0.1_windows-x64_bin-sdk\javafx-sdk-22.0.1\bin\glass.dll
Event: 1.077 Loaded shared library C:\Users\diego\.jdks\corretto-17.0.13\bin\jimage.dll
Event: 2.127 Loaded shared library D:\Proyecto Terminal\openjfx-22.0.1_windows-x64_bin-sdk\javafx-sdk-22.0.1\bin\javafx_font.dll
Event: 6.686 Loaded shared library D:\Proyecto Terminal\openjfx-22.0.1_windows-x64_bin-sdk\javafx-sdk-22.0.1\bin\javafx_iio.dll

Deoptimization events (20 events):
Event: 130.158 Thread 0x000001c477861c00 DEOPT PACKING pc=0x000001c45bb4503c sp=0x00000084cb6fc930
Event: 130.158 Thread 0x000001c477861c00 DEOPT UNPACKING pc=0x000001c462f07143 sp=0x00000084cb6fbf18 mode 1
Event: 130.158 Thread 0x000001c477861c00 DEOPT PACKING pc=0x000001c45bb4afdc sp=0x00000084cb6fcb20
Event: 130.158 Thread 0x000001c477861c00 DEOPT UNPACKING pc=0x000001c462f07143 sp=0x00000084cb6fbfe8 mode 1
Event: 130.161 Thread 0x000001c477861c00 DEOPT PACKING pc=0x000001c45bb4503c sp=0x00000084cb6fc930
Event: 130.161 Thread 0x000001c477861c00 DEOPT UNPACKING pc=0x000001c462f07143 sp=0x00000084cb6fbf18 mode 1
Event: 130.161 Thread 0x000001c477861c00 DEOPT PACKING pc=0x000001c45bb4afdc sp=0x00000084cb6fcb20
Event: 130.161 Thread 0x000001c477861c00 DEOPT UNPACKING pc=0x000001c462f07143 sp=0x00000084cb6fbfe8 mode 1
Event: 194.486 Thread 0x000001c442ff8080 Uncommon trap: trap_request=0xffffff45 fr.pc=0x000001c46379a9c4 relative=0x00000000000000c4
Event: 194.486 Thread 0x000001c442ff8080 Uncommon trap: reason=unstable_if action=reinterpret pc=0x000001c46379a9c4 method=java.util.concurrent.locks.ReentrantLock$Sync.tryRelease(I)Z @ 26 c2
Event: 194.486 Thread 0x000001c442ff8080 DEOPT PACKING pc=0x000001c46379a9c4 sp=0x00000084c98fed20
Event: 194.486 Thread 0x000001c442ff8080 DEOPT UNPACKING pc=0x000001c462f069a3 sp=0x00000084c98fecd0 mode 2
Event: 194.487 Thread 0x000001c4771cf370 DEOPT PACKING pc=0x000001c45c2f35c4 sp=0x00000084cb2ff010
Event: 194.487 Thread 0x000001c4771cf370 DEOPT UNPACKING pc=0x000001c462f07143 sp=0x00000084cb2fe530 mode 1
Event: 194.487 Thread 0x000001c4771cf370 DEOPT PACKING pc=0x000001c45c56c2e4 sp=0x00000084cb2ff100
Event: 194.487 Thread 0x000001c4771cf370 DEOPT UNPACKING pc=0x000001c462f07143 sp=0x00000084cb2fe648 mode 1
Event: 194.487 Thread 0x000001c4771cf370 DEOPT PACKING pc=0x000001c45c56b0bc sp=0x00000084cb2ff210
Event: 194.487 Thread 0x000001c4771cf370 DEOPT UNPACKING pc=0x000001c462f07143 sp=0x00000084cb2fe6d0 mode 1
Event: 194.488 Thread 0x000001c442ff8080 DEOPT PACKING pc=0x000001c4635af94c sp=0x00000084c98ff080
Event: 194.488 Thread 0x000001c442ff8080 DEOPT UNPACKING pc=0x000001c462f07143 sp=0x00000084c98fe4a0 mode 1

Classes loaded (20 events):
Event: 38.594 Loading class optiuam/bc/model/ElementoGrafico
Event: 38.594 Loading class optiuam/bc/model/ElementoGrafico done
Event: 38.594 Loading class optiuam/bc/model/ElementoGrafico
Event: 38.594 Loading class optiuam/bc/model/ElementoGrafico done
Event: 38.594 Loading class optiuam/bc/model/ElementoGrafico
Event: 38.594 Loading class optiuam/bc/model/ElementoGrafico done
Event: 38.595 Loading class optiuam/bc/controller/VentanaFibraController
Event: 38.595 Loading class optiuam/bc/controller/VentanaFibraController done
Event: 38.595 Loading class optiuam/bc/model/ElementoGrafico
Event: 38.595 Loading class optiuam/bc/model/ElementoGrafico done
Event: 70.699 Loading class com/intellij/rt/debugger/BatchEvaluatorServer
Event: 70.699 Loading class com/intellij/rt/debugger/BatchEvaluatorServer done
Event: 71.101 Loading class java/io/DataOutputStream
Event: 71.102 Loading class java/io/DataOutputStream done
Event: 194.482 Loading class jdk/internal/misc/Signal$1
Event: 194.482 Loading class jdk/internal/misc/Signal$1 done
Event: 194.486 Loading class com/sun/javafx/tk/quantum/QuantumRenderer
Event: 194.486 Loading class com/sun/javafx/tk/quantum/QuantumRenderer done
Event: 194.487 Loading class com/sun/javafx/tk/quantum/QuantumToolkit
Event: 194.487 Loading class com/sun/javafx/tk/quantum/QuantumToolkit done

Classes unloaded (0 events):
No events

Classes redefined (0 events):
No events

Internal exceptions (20 events):
Event: 5.527 Thread 0x000001c477861c00 Exception <a 'java/lang/NoSuchMethodError'{0x00000000968b4bf0}: 'void java.lang.invoke.DirectMethodHandle$Holder.invokeSpecial(java.lang.Object, java.lang.Object, java.lang.Object, java.lang.Object, java.lang.Object, java.lang.Object)'> (0x00000000968b4bf0) 
thrown [s\src\hotspot\share\interpreter\linkResolver.cpp, line 759]
Event: 5.861 Thread 0x000001c4771cf370 Exception <a 'java/lang/NoSuchMethodError'{0x00000000962acb78}: 'java.lang.Object java.lang.invoke.DirectMethodHandle$Holder.invokeStaticInit(java.lang.Object, int)'> (0x00000000962acb78) 
thrown [s\src\hotspot\share\interpreter\linkResolver.cpp, line 759]
Event: 6.605 Thread 0x000001c477861c00 Exception <a 'java/lang/NoSuchMethodError'{0x0000000095ff2c48}: 'long java.lang.invoke.DirectMethodHandle$Holder.invokeStatic(java.lang.Object, java.lang.Object, java.lang.Object)'> (0x0000000095ff2c48) 
thrown [s\src\hotspot\share\interpreter\linkResolver.cpp, line 759]
Event: 6.606 Thread 0x000001c477861c00 Exception <a 'java/lang/NoSuchMethodError'{0x0000000095ff6660}: 'long java.lang.invoke.DirectMethodHandle$Holder.invokeStaticInit(java.lang.Object, java.lang.Object, java.lang.Object)'> (0x0000000095ff6660) 
thrown [s\src\hotspot\share\interpreter\linkResolver.cpp, line 759]
Event: 6.610 Thread 0x000001c477861c00 Exception <a 'java/lang/NoSuchMethodError'{0x0000000095e0e430}: 'java.lang.Object java.lang.invoke.DirectMethodHandle$Holder.newInvokeSpecial(java.lang.Object, java.lang.Object, long)'> (0x0000000095e0e430) 
thrown [s\src\hotspot\share\interpreter\linkResolver.cpp, line 759]
Event: 6.611 Thread 0x000001c477861c00 Exception <a 'java/lang/NoSuchMethodError'{0x0000000095e11fa0}: 'java.lang.Object java.lang.invoke.Invokers$Holder.linkToTargetMethod(java.lang.Object, long, java.lang.Object)'> (0x0000000095e11fa0) 
thrown [s\src\hotspot\share\interpreter\linkResolver.cpp, line 759]
Event: 6.633 Thread 0x000001c477861c00 Exception <a 'java/lang/NoSuchMethodError'{0x0000000095e2a6c8}: 'java.lang.Object java.lang.invoke.DirectMethodHandle$Holder.newInvokeSpecial(java.lang.Object, java.lang.Object, int, int, int, int, int, java.lang.Object)'> (0x0000000095e2a6c8) 
thrown [s\src\hotspot\share\interpreter\linkResolver.cpp, line 759]
Event: 6.638 Thread 0x000001c477861c00 Exception <a 'java/lang/NoSuchMethodError'{0x0000000095e3d6a0}: 'java.lang.Object java.lang.invoke.DirectMethodHandle$Holder.newInvokeSpecial(java.lang.Object, java.lang.Object, java.lang.Object, int, int, int, int, int)'> (0x0000000095e3d6a0) 
thrown [s\src\hotspot\share\interpreter\linkResolver.cpp, line 759]
Event: 6.639 Thread 0x000001c477861c00 Exception <a 'java/lang/NoSuchMethodError'{0x0000000095e44f00}: 'java.lang.Object java.lang.invoke.Invokers$Holder.linkToTargetMethod(java.lang.Object, java.lang.Object, int, int, int, int, int, java.lang.Object)'> (0x0000000095e44f00) 
thrown [s\src\hotspot\share\interpreter\linkResolver.cpp, line 759]
Event: 6.929 Thread 0x000001c477861c00 Exception <a 'java/lang/ClassNotFoundException'{0x0000000095304fa0}: com/sun/javafx/scene/control/skin/resources/controls> (0x0000000095304fa0) 
thrown [s\src\hotspot\share\prims\jni.cpp, line 535]
Event: 6.930 Thread 0x000001c477861c00 Exception <a 'java/lang/ClassNotFoundException'{0x0000000095313950}: com/sun/javafx/scene/control/skin/resources/controls_es> (0x0000000095313950) 
thrown [s\src\hotspot\share\prims\jni.cpp, line 535]
Event: 6.932 Thread 0x000001c477861c00 Exception <a 'java/lang/ClassNotFoundException'{0x0000000095321b30}: com/sun/javafx/scene/control/skin/resources/controls_es_MX> (0x0000000095321b30) 
thrown [s\src\hotspot\share\prims\jni.cpp, line 535]
Event: 6.996 Thread 0x000001c477861c00 Exception <a 'java/lang/NoSuchMethodError'{0x00000000952ad9b8}: 'int java.lang.invoke.DirectMethodHandle$Holder.invokeSpecial(java.lang.Object, java.lang.Object, int)'> (0x00000000952ad9b8) 
thrown [s\src\hotspot\share\interpreter\linkResolver.cpp, line 759]
Event: 7.265 Thread 0x000001c477861c00 Exception <a 'java/lang/NoSuchMethodError'{0x0000000094b345b0}: 'void java.lang.invoke.DirectMethodHandle$Holder.invokeVirtual(java.lang.Object, java.lang.Object)'> (0x0000000094b345b0) 
thrown [s\src\hotspot\share\interpreter\linkResolver.cpp, line 759]
Event: 26.155 Thread 0x000001c4771cf370 Implicit null exception at 0x000001c463668023 to 0x000001c463668959
Event: 61.167 Thread 0x000001c4771cf370 Implicit null exception at 0x000001c46376b42c to 0x000001c46376b4ac
Event: 71.110 Thread 0x000001c477861c00 Exception <a 'java/lang/NoSuchMethodError'{0x0000000096ac4538}: 'java.lang.Object java.lang.invoke.DirectMethodHandle$Holder.invokeSpecial(java.lang.Object, java.lang.Object, long, java.lang.Object, int, int, java.lang.Object, int, java.lang.Object)'> (0x0000000096ac4538) 
thrown [s\src\hotspot\share\interpreter\linkResolver.cpp, line 759]
Event: 71.111 Thread 0x000001c477861c00 Exception <a 'java/lang/NoSuchMethodError'{0x0000000096ac8798}: 'java.lang.Object java.lang.invoke.DelegatingMethodHandle$Holder.reinvoke_L(java.lang.Object, long, java.lang.Object, int, int, java.lang.Object, int, java.lang.Object)'> (0x0000000096ac8798) 
thrown [s\src\hotspot\share\interpreter\linkResolver.cpp, line 759]
Event: 71.124 Thread 0x000001c477861c00 Exception <a 'java/lang/NoSuchMethodError'{0x0000000096930d90}: 'java.lang.Object java.lang.invoke.DirectMethodHandle$Holder.invokeSpecial(java.lang.Object, java.lang.Object, long, java.lang.Object, int, int, int, java.lang.Object, java.lang.Object, java.lang.Object, int)'> (0x0000000096930d90) 
thrown [s\src\hotspot\share\interpreter\linkResolver.cpp, line 759]
Event: 71.125 Thread 0x000001c477861c00 Exception <a 'java/lang/NoSuchMethodError'{0x00000000969352d0}: 'java.lang.Object java.lang.invoke.DelegatingMethodHandle$Holder.reinvoke_L(java.lang.Object, long, java.lang.Object, int, int, int, java.lang.Object, java.lang.Object, java.lang.Object, int)'> (0x00000000969352d0) 
thrown [s\src\hotspot\share\interpreter\linkResolver.cpp, line 759]

VM Operations (20 events):
Event: 181.482 Executing VM operation: get/set locals done
Event: 181.482 Executing VM operation: get/set locals
Event: 181.482 Executing VM operation: get/set locals done
Event: 181.482 Executing VM operation: get/set locals
Event: 181.482 Executing VM operation: get/set locals done
Event: 181.482 Executing VM operation: get/set locals
Event: 181.483 Executing VM operation: get/set locals done
Event: 181.483 Executing VM operation: get/set locals
Event: 181.483 Executing VM operation: get/set locals done
Event: 194.356 Executing VM operation: ChangeBreakpoints
Event: 194.356 Executing VM operation: ChangeBreakpoints done
Event: 194.358 Executing VM operation: ChangeBreakpoints
Event: 194.358 Executing VM operation: ChangeBreakpoints done
Event: 194.364 Executing VM operation: ChangeBreakpoints
Event: 194.364 Executing VM operation: ChangeBreakpoints done
Event: 194.373 Executing VM operation: ChangeBreakpoints
Event: 194.373 Executing VM operation: ChangeBreakpoints done
Event: 194.373 Executing VM operation: ChangeBreakpoints
Event: 194.373 Executing VM operation: ChangeBreakpoints done
Event: 194.489 Executing VM operation: Exit

Memory protections (0 events):
No events

Nmethod flushes (20 events):
Event: 25.431 Thread 0x000001c4720d5690 flushing  nmethod 0x000001c45c17d710
Event: 25.431 Thread 0x000001c4720d5690 flushing  nmethod 0x000001c45c192010
Event: 25.431 Thread 0x000001c4720d5690 flushing  nmethod 0x000001c45c19c990
Event: 25.431 Thread 0x000001c4720d5690 flushing  nmethod 0x000001c45c19d710
Event: 25.431 Thread 0x000001c4720d5690 flushing  nmethod 0x000001c45c1d6410
Event: 25.432 Thread 0x000001c4720d5690 flushing  nmethod 0x000001c45c1fb990
Event: 25.432 Thread 0x000001c4720d5690 flushing  nmethod 0x000001c45c21fc10
Event: 25.432 Thread 0x000001c4720d5690 flushing  nmethod 0x000001c45c240790
Event: 25.432 Thread 0x000001c4720d5690 flushing  nmethod 0x000001c45c251a90
Event: 25.432 Thread 0x000001c4720d5690 flushing  nmethod 0x000001c45c2a5290
Event: 25.432 Thread 0x000001c4720d5690 flushing  nmethod 0x000001c45c313490
Event: 25.432 Thread 0x000001c4720d5690 flushing  nmethod 0x000001c45c31de90
Event: 25.433 Thread 0x000001c4720d5690 flushing  nmethod 0x000001c45c358790
Event: 25.433 Thread 0x000001c4720d5690 flushing  nmethod 0x000001c45c370690
Event: 25.433 Thread 0x000001c4720d5690 flushing  nmethod 0x000001c45c394690
Event: 25.433 Thread 0x000001c4720d5690 flushing  nmethod 0x000001c45c394c90
Event: 25.433 Thread 0x000001c4720d5690 flushing osr nmethod 0x000001c45c396610
Event: 25.433 Thread 0x000001c4720d5690 flushing  nmethod 0x000001c45c3a4310
Event: 25.433 Thread 0x000001c4720d5690 flushing  nmethod 0x000001c45c3c5890
Event: 62.467 Thread 0x000001c4720d5690 flushing  nmethod 0x000001c45c0b4390

Events (20 events):
Event: 45.490 Thread 0x000001c4720a8580 Thread added: 0x000001c442050300
Event: 45.739 Thread 0x000001c442050300 Thread exited: 0x000001c442050300
Event: 66.038 Thread 0x000001c4720a8580 Thread added: 0x000001c442050300
Event: 66.039 Thread 0x000001c4720a8580 Thread added: 0x000001c4436e1ea0
Event: 67.113 Thread 0x000001c4436e1ea0 Thread exited: 0x000001c4436e1ea0
Event: 67.113 Thread 0x000001c442050300 Thread exited: 0x000001c442050300
Event: 115.082 Thread 0x000001c4720a8580 Thread added: 0x000001c4770a0980
Event: 116.039 Thread 0x000001c4770a0980 Thread exited: 0x000001c4770a0980
Event: 125.125 Thread 0x000001c47209c2b0 Thread added: 0x000001c4779e3060
Event: 126.178 Thread 0x000001c4779e3060 Thread exited: 0x000001c4779e3060
Event: 130.159 Thread 0x000001c4720a8580 Thread added: 0x000001c4779e2070
Event: 131.354 Thread 0x000001c4779e2070 Thread exited: 0x000001c4779e2070
Event: 194.354 Thread 0x000001c472d9de20 Thread exited: 0x000001c472d9de20
Event: 194.383 Thread 0x000001c477035bd0 Thread exited: 0x000001c477035bd0
Event: 194.482 Thread 0x000001c472097270 Thread added: 0x000001c442ff99d0
Event: 194.483 Thread 0x000001c442ff99d0 Thread added: 0x000001c442ff8080
Event: 194.484 Thread 0x000001c442ff99d0 Thread added: 0x000001c472e007f0
Event: 194.486 Thread 0x000001c472e007f0 Thread exited: 0x000001c472e007f0
Event: 194.489 Thread 0x000001c472097270 Thread exited: 0x000001c472097270
Event: 194.489 Thread 0x000001c442ff8080 Thread exited: 0x000001c442ff8080


Dynamic libraries:
0x00007ff77a840000 - 0x00007ff77a84e000 	C:\Users\diego\.jdks\corretto-17.0.13\bin\java.exe
0x00007ffe659d0000 - 0x00007ffe65be7000 	C:\Windows\SYSTEM32\ntdll.dll
0x00007ffe64980000 - 0x00007ffe64a44000 	C:\Windows\System32\KERNEL32.DLL
0x00007ffe62e90000 - 0x00007ffe63249000 	C:\Windows\System32\KERNELBASE.dll
0x00007ffe635d0000 - 0x00007ffe636e1000 	C:\Windows\System32\ucrtbase.dll
0x00007ffe5d2a0000 - 0x00007ffe5d2bb000 	C:\Users\diego\.jdks\corretto-17.0.13\bin\VCRUNTIME140.dll
0x00007ffe5d2c0000 - 0x00007ffe5d2d7000 	C:\Users\diego\.jdks\corretto-17.0.13\bin\jli.dll
0x00007ffe63940000 - 0x00007ffe63aee000 	C:\Windows\System32\USER32.dll
0x00007ffe632c0000 - 0x00007ffe632e6000 	C:\Windows\System32\win32u.dll
0x00007ffe4a0b0000 - 0x00007ffe4a342000 	C:\Windows\WinSxS\amd64_microsoft.windows.common-controls_6595b64144ccf1df_6.0.22621.4391_none_2715d37f73803e96\COMCTL32.dll
0x00007ffe64770000 - 0x00007ffe64799000 	C:\Windows\System32\GDI32.dll
0x00007ffe658e0000 - 0x00007ffe65987000 	C:\Windows\System32\msvcrt.dll
0x00007ffe62cd0000 - 0x00007ffe62deb000 	C:\Windows\System32\gdi32full.dll
0x00007ffe62df0000 - 0x00007ffe62e8a000 	C:\Windows\System32\msvcp_win.dll
0x00007ffe64af0000 - 0x00007ffe64b21000 	C:\Windows\System32\IMM32.DLL
0x00007ffe5d8d0000 - 0x00007ffe5d8dc000 	C:\Users\diego\.jdks\corretto-17.0.13\bin\vcruntime140_1.dll
0x00007ffe4ab40000 - 0x00007ffe4abcd000 	C:\Users\diego\.jdks\corretto-17.0.13\bin\msvcp140.dll
0x00007ffe0c1e0000 - 0x00007ffe0ce4c000 	C:\Users\diego\.jdks\corretto-17.0.13\bin\server\jvm.dll
0x00007ffe651c0000 - 0x00007ffe65272000 	C:\Windows\System32\ADVAPI32.dll
0x00007ffe65110000 - 0x00007ffe651b7000 	C:\Windows\System32\sechost.dll
0x00007ffe632f0000 - 0x00007ffe63318000 	C:\Windows\System32\bcrypt.dll
0x00007ffe64ff0000 - 0x00007ffe65104000 	C:\Windows\System32\RPCRT4.dll
0x00007ffe64a50000 - 0x00007ffe64ac1000 	C:\Windows\System32\WS2_32.dll
0x00007ffe62ba0000 - 0x00007ffe62bed000 	C:\Windows\SYSTEM32\POWRPROF.dll
0x00007ffe5f660000 - 0x00007ffe5f694000 	C:\Windows\SYSTEM32\WINMM.dll
0x00007ffe58af0000 - 0x00007ffe58afa000 	C:\Windows\SYSTEM32\VERSION.dll
0x00007ffe62b80000 - 0x00007ffe62b93000 	C:\Windows\SYSTEM32\UMPDC.dll
0x00007ffe61d10000 - 0x00007ffe61d28000 	C:\Windows\SYSTEM32\kernel.appcore.dll
0x00007ffe5d750000 - 0x00007ffe5d75a000 	C:\Users\diego\.jdks\corretto-17.0.13\bin\jimage.dll
0x00007ffe602e0000 - 0x00007ffe60512000 	C:\Windows\SYSTEM32\DBGHELP.DLL
0x00007ffe63af0000 - 0x00007ffe63e7f000 	C:\Windows\System32\combase.dll
0x00007ffe648a0000 - 0x00007ffe64977000 	C:\Windows\System32\OLEAUT32.dll
0x00007ffe37610000 - 0x00007ffe37642000 	C:\Windows\SYSTEM32\dbgcore.DLL
0x00007ffe63550000 - 0x00007ffe635cb000 	C:\Windows\System32\bcryptPrimitives.dll
0x00007ffe51260000 - 0x00007ffe5129b000 	C:\Users\diego\.jdks\corretto-17.0.13\bin\jdwp.dll
0x00007ffe5d640000 - 0x00007ffe5d64e000 	C:\Users\diego\.jdks\corretto-17.0.13\bin\instrument.dll
0x00007ffe5d270000 - 0x00007ffe5d295000 	C:\Users\diego\.jdks\corretto-17.0.13\bin\java.dll
0x00007ffe5b930000 - 0x00007ffe5b948000 	C:\Users\diego\.jdks\corretto-17.0.13\bin\zip.dll
0x00007ffe4aa60000 - 0x00007ffe4ab37000 	C:\Users\diego\.jdks\corretto-17.0.13\bin\jsvml.dll
0x00007ffe63ef0000 - 0x00007ffe64766000 	C:\Windows\System32\SHELL32.dll
0x00007ffe60c10000 - 0x00007ffe61513000 	C:\Windows\SYSTEM32\windows.storage.dll
0x00007ffe60ad0000 - 0x00007ffe60c0f000 	C:\Windows\SYSTEM32\wintypes.dll
0x00007ffe647a0000 - 0x00007ffe64899000 	C:\Windows\System32\SHCORE.dll
0x00007ffe65400000 - 0x00007ffe6545e000 	C:\Windows\System32\shlwapi.dll
0x00007ffe62c00000 - 0x00007ffe62c2b000 	C:\Windows\SYSTEM32\profapi.dll
0x00007ffe5b7b0000 - 0x00007ffe5b7c9000 	C:\Users\diego\.jdks\corretto-17.0.13\bin\net.dll
0x00007ffe5c330000 - 0x00007ffe5c466000 	C:\Windows\SYSTEM32\WINHTTP.dll
0x00007ffe62190000 - 0x00007ffe621f9000 	C:\Windows\system32\mswsock.dll
0x00007ffe5b450000 - 0x00007ffe5b466000 	C:\Users\diego\.jdks\corretto-17.0.13\bin\nio.dll
0x00007ffe5d260000 - 0x00007ffe5d26c000 	C:\Users\diego\.jdks\corretto-17.0.13\bin\dt_socket.dll
0x00007ffe61780000 - 0x00007ffe617ad000 	C:\Windows\SYSTEM32\IPHLPAPI.DLL
0x000001c472e50000 - 0x000001c472e53000 	D:\Proyecto Terminal\openjfx-22.0.1_windows-x64_bin-sdk\javafx-sdk-22.0.1\bin\api-ms-win-core-console-l1-1-0.dll
0x000001c472e60000 - 0x000001c472e63000 	D:\Proyecto Terminal\openjfx-22.0.1_windows-x64_bin-sdk\javafx-sdk-22.0.1\bin\api-ms-win-core-console-l1-2-0.dll
0x000001c472f90000 - 0x000001c472f93000 	D:\Proyecto Terminal\openjfx-22.0.1_windows-x64_bin-sdk\javafx-sdk-22.0.1\bin\api-ms-win-core-datetime-l1-1-0.dll
0x000001c472e70000 - 0x000001c472e73000 	D:\Proyecto Terminal\openjfx-22.0.1_windows-x64_bin-sdk\javafx-sdk-22.0.1\bin\api-ms-win-core-debug-l1-1-0.dll
0x000001c472e80000 - 0x000001c472e83000 	D:\Proyecto Terminal\openjfx-22.0.1_windows-x64_bin-sdk\javafx-sdk-22.0.1\bin\api-ms-win-core-errorhandling-l1-1-0.dll
0x000001c472e90000 - 0x000001c472e94000 	D:\Proyecto Terminal\openjfx-22.0.1_windows-x64_bin-sdk\javafx-sdk-22.0.1\bin\api-ms-win-core-file-l1-1-0.dll
0x000001c472ea0000 - 0x000001c472ea3000 	D:\Proyecto Terminal\openjfx-22.0.1_windows-x64_bin-sdk\javafx-sdk-22.0.1\bin\api-ms-win-core-file-l1-2-0.dll
0x000001c472eb0000 - 0x000001c472eb3000 	D:\Proyecto Terminal\openjfx-22.0.1_windows-x64_bin-sdk\javafx-sdk-22.0.1\bin\api-ms-win-core-file-l2-1-0.dll
0x000001c472ec0000 - 0x000001c472ec3000 	D:\Proyecto Terminal\openjfx-22.0.1_windows-x64_bin-sdk\javafx-sdk-22.0.1\bin\api-ms-win-core-handle-l1-1-0.dll
0x000001c472ed0000 - 0x000001c472ed3000 	D:\Proyecto Terminal\openjfx-22.0.1_windows-x64_bin-sdk\javafx-sdk-22.0.1\bin\api-ms-win-core-heap-l1-1-0.dll
0x000001c472ee0000 - 0x000001c472ee3000 	D:\Proyecto Terminal\openjfx-22.0.1_windows-x64_bin-sdk\javafx-sdk-22.0.1\bin\api-ms-win-core-interlocked-l1-1-0.dll
0x000001c472ef0000 - 0x000001c472ef3000 	D:\Proyecto Terminal\openjfx-22.0.1_windows-x64_bin-sdk\javafx-sdk-22.0.1\bin\api-ms-win-core-libraryloader-l1-1-0.dll
0x000001c472f00000 - 0x000001c472f03000 	D:\Proyecto Terminal\openjfx-22.0.1_windows-x64_bin-sdk\javafx-sdk-22.0.1\bin\api-ms-win-core-localization-l1-2-0.dll
0x000001c472f10000 - 0x000001c472f13000 	D:\Proyecto Terminal\openjfx-22.0.1_windows-x64_bin-sdk\javafx-sdk-22.0.1\bin\api-ms-win-core-memory-l1-1-0.dll
0x000001c472f20000 - 0x000001c472f23000 	D:\Proyecto Terminal\openjfx-22.0.1_windows-x64_bin-sdk\javafx-sdk-22.0.1\bin\api-ms-win-core-namedpipe-l1-1-0.dll
0x000001c472f30000 - 0x000001c472f33000 	D:\Proyecto Terminal\openjfx-22.0.1_windows-x64_bin-sdk\javafx-sdk-22.0.1\bin\api-ms-win-core-processenvironment-l1-1-0.dll
0x000001c472f40000 - 0x000001c472f43000 	D:\Proyecto Terminal\openjfx-22.0.1_windows-x64_bin-sdk\javafx-sdk-22.0.1\bin\api-ms-win-core-processthreads-l1-1-0.dll
0x000001c472f50000 - 0x000001c472f53000 	D:\Proyecto Terminal\openjfx-22.0.1_windows-x64_bin-sdk\javafx-sdk-22.0.1\bin\api-ms-win-core-processthreads-l1-1-1.dll
0x000001c472f60000 - 0x000001c472f63000 	D:\Proyecto Terminal\openjfx-22.0.1_windows-x64_bin-sdk\javafx-sdk-22.0.1\bin\api-ms-win-core-profile-l1-1-0.dll
0x000001c472f70000 - 0x000001c472f73000 	D:\Proyecto Terminal\openjfx-22.0.1_windows-x64_bin-sdk\javafx-sdk-22.0.1\bin\api-ms-win-core-rtlsupport-l1-1-0.dll
0x000001c472f80000 - 0x000001c472f83000 	D:\Proyecto Terminal\openjfx-22.0.1_windows-x64_bin-sdk\javafx-sdk-22.0.1\bin\api-ms-win-core-string-l1-1-0.dll
0x000001c472fa0000 - 0x000001c472fa3000 	D:\Proyecto Terminal\openjfx-22.0.1_windows-x64_bin-sdk\javafx-sdk-22.0.1\bin\api-ms-win-core-synch-l1-1-0.dll
0x000001c472fb0000 - 0x000001c472fb3000 	D:\Proyecto Terminal\openjfx-22.0.1_windows-x64_bin-sdk\javafx-sdk-22.0.1\bin\api-ms-win-core-synch-l1-2-0.dll
0x000001c472fc0000 - 0x000001c472fc3000 	D:\Proyecto Terminal\openjfx-22.0.1_windows-x64_bin-sdk\javafx-sdk-22.0.1\bin\api-ms-win-core-sysinfo-l1-1-0.dll
0x000001c472fd0000 - 0x000001c472fd3000 	D:\Proyecto Terminal\openjfx-22.0.1_windows-x64_bin-sdk\javafx-sdk-22.0.1\bin\api-ms-win-core-timezone-l1-1-0.dll
0x000001c472fe0000 - 0x000001c472fe3000 	D:\Proyecto Terminal\openjfx-22.0.1_windows-x64_bin-sdk\javafx-sdk-22.0.1\bin\api-ms-win-core-util-l1-1-0.dll
0x000001c472ff0000 - 0x000001c472ff3000 	D:\Proyecto Terminal\openjfx-22.0.1_windows-x64_bin-sdk\javafx-sdk-22.0.1\bin\api-ms-win-crt-conio-l1-1-0.dll
0x000001c477fd0000 - 0x000001c477fd4000 	D:\Proyecto Terminal\openjfx-22.0.1_windows-x64_bin-sdk\javafx-sdk-22.0.1\bin\api-ms-win-crt-convert-l1-1-0.dll
0x000001c477fe0000 - 0x000001c477fe3000 	D:\Proyecto Terminal\openjfx-22.0.1_windows-x64_bin-sdk\javafx-sdk-22.0.1\bin\api-ms-win-crt-environment-l1-1-0.dll
0x000001c477ff0000 - 0x000001c477ff3000 	D:\Proyecto Terminal\openjfx-22.0.1_windows-x64_bin-sdk\javafx-sdk-22.0.1\bin\api-ms-win-crt-filesystem-l1-1-0.dll
0x000001c478000000 - 0x000001c478003000 	D:\Proyecto Terminal\openjfx-22.0.1_windows-x64_bin-sdk\javafx-sdk-22.0.1\bin\api-ms-win-crt-heap-l1-1-0.dll
0x000001c478010000 - 0x000001c478013000 	D:\Proyecto Terminal\openjfx-22.0.1_windows-x64_bin-sdk\javafx-sdk-22.0.1\bin\api-ms-win-crt-locale-l1-1-0.dll
0x000001c478020000 - 0x000001c478025000 	D:\Proyecto Terminal\openjfx-22.0.1_windows-x64_bin-sdk\javafx-sdk-22.0.1\bin\api-ms-win-crt-math-l1-1-0.dll
0x000001c478030000 - 0x000001c478035000 	D:\Proyecto Terminal\openjfx-22.0.1_windows-x64_bin-sdk\javafx-sdk-22.0.1\bin\api-ms-win-crt-multibyte-l1-1-0.dll
0x000001c478040000 - 0x000001c478050000 	D:\Proyecto Terminal\openjfx-22.0.1_windows-x64_bin-sdk\javafx-sdk-22.0.1\bin\api-ms-win-crt-private-l1-1-0.dll
0x000001c478050000 - 0x000001c478053000 	D:\Proyecto Terminal\openjfx-22.0.1_windows-x64_bin-sdk\javafx-sdk-22.0.1\bin\api-ms-win-crt-process-l1-1-0.dll
0x000001c478060000 - 0x000001c478064000 	D:\Proyecto Terminal\openjfx-22.0.1_windows-x64_bin-sdk\javafx-sdk-22.0.1\bin\api-ms-win-crt-runtime-l1-1-0.dll
0x000001c478070000 - 0x000001c478074000 	D:\Proyecto Terminal\openjfx-22.0.1_windows-x64_bin-sdk\javafx-sdk-22.0.1\bin\api-ms-win-crt-stdio-l1-1-0.dll
0x000001c4781c0000 - 0x000001c4781c4000 	D:\Proyecto Terminal\openjfx-22.0.1_windows-x64_bin-sdk\javafx-sdk-22.0.1\bin\api-ms-win-crt-string-l1-1-0.dll
0x000001c478080000 - 0x000001c478083000 	D:\Proyecto Terminal\openjfx-22.0.1_windows-x64_bin-sdk\javafx-sdk-22.0.1\bin\api-ms-win-crt-time-l1-1-0.dll
0x000001c478090000 - 0x000001c478093000 	D:\Proyecto Terminal\openjfx-22.0.1_windows-x64_bin-sdk\javafx-sdk-22.0.1\bin\api-ms-win-crt-utility-l1-1-0.dll
0x00007ffe20670000 - 0x00007ffe2076c000 	D:\Proyecto Terminal\openjfx-22.0.1_windows-x64_bin-sdk\javafx-sdk-22.0.1\bin\ucrtbase.dll
0x00007ffe51240000 - 0x00007ffe5125b000 	D:\Proyecto Terminal\openjfx-22.0.1_windows-x64_bin-sdk\javafx-sdk-22.0.1\bin\vcruntime140.dll
0x00007ffe51ed0000 - 0x00007ffe51edc000 	D:\Proyecto Terminal\openjfx-22.0.1_windows-x64_bin-sdk\javafx-sdk-22.0.1\bin\vcruntime140_1.dll
0x00007ffe49a30000 - 0x00007ffe49abe000 	D:\Proyecto Terminal\openjfx-22.0.1_windows-x64_bin-sdk\javafx-sdk-22.0.1\bin\msvcp140.dll
0x00007ffe51230000 - 0x00007ffe51239000 	D:\Proyecto Terminal\openjfx-22.0.1_windows-x64_bin-sdk\javafx-sdk-22.0.1\bin\msvcp140_1.dll
0x00007ffe50f60000 - 0x00007ffe50fa1000 	D:\Proyecto Terminal\openjfx-22.0.1_windows-x64_bin-sdk\javafx-sdk-22.0.1\bin\msvcp140_2.dll
0x00007ffe50f30000 - 0x00007ffe50f60000 	D:\Proyecto Terminal\openjfx-22.0.1_windows-x64_bin-sdk\javafx-sdk-22.0.1\bin\prism_d3d.dll
0x00007ffe19d60000 - 0x00007ffe19f08000 	C:\Windows\system32\d3d9.dll
0x00007ffe5fbc0000 - 0x00007ffe5fbeb000 	C:\Windows\SYSTEM32\dwmapi.dll
0x00007ffe5fa60000 - 0x00007ffe5fa97000 	C:\Windows\SYSTEM32\dxcore.dll
0x00007ffe5f950000 - 0x00007ffe5fa01000 	C:\Windows\system32\uxtheme.dll
0x00007ffe64c80000 - 0x00007ffe64e25000 	C:\Windows\System32\ole32.dll
0x00007ffe59bb0000 - 0x00007ffe59bf9000 	C:\Windows\SYSTEM32\directxdatabasehelper.dll
0x00007ffe4a9b0000 - 0x00007ffe4a9f5000 	D:\Proyecto Terminal\openjfx-22.0.1_windows-x64_bin-sdk\javafx-sdk-22.0.1\bin\glass.dll
0x00007ffe652e0000 - 0x00007ffe653df000 	C:\Windows\System32\COMDLG32.dll
0x00007ffdfdf50000 - 0x00007ffdfdfae000 	C:\Program Files\Huawei\PCManager\plugins\PerfWndMonModule.dll
0x00007ffe63750000 - 0x00007ffe638b0000 	C:\Windows\System32\MSCTF.dll
0x00007ffe64b30000 - 0x00007ffe64be0000 	C:\Windows\System32\clbcatq.dll
0x00007ffe51a60000 - 0x00007ffe51bd9000 	C:\Windows\System32\Windows.UI.dll
0x00007ffe28950000 - 0x00007ffe28ac5000 	C:\Windows\System32\Windows.UI.Immersive.dll
0x00007ffe4eb50000 - 0x00007ffe4eb65000 	D:\Proyecto Terminal\openjfx-22.0.1_windows-x64_bin-sdk\javafx-sdk-22.0.1\bin\javafx_font.dll
0x00007ffe5f0c0000 - 0x00007ffe5f333000 	C:\Windows\SYSTEM32\dwrite.dll
0x00007ffe5f760000 - 0x00007ffe5f910000 	C:\Windows\SYSTEM32\WindowsCodecs.dll
0x00007ffe4e5f0000 - 0x00007ffe4e64e000 	C:\Windows\system32\dataexchange.dll
0x00007ffe58420000 - 0x00007ffe586c4000 	C:\Windows\system32\twinapi.appcore.dll
0x00007ffe4c690000 - 0x00007ffe4c6c2000 	C:\Program Files\Common Files\Microsoft Shared\Ink\rtscom.dll
0x00007ffe52fa0000 - 0x00007ffe530e5000 	C:\Windows\SYSTEM32\textinputframework.dll
0x00007ffe5b0d0000 - 0x00007ffe5b203000 	C:\Windows\SYSTEM32\CoreMessaging.dll
0x00007ffe59570000 - 0x00007ffe598dd000 	C:\Windows\SYSTEM32\CoreUIComponents.dll
0x00007ffe62400000 - 0x00007ffe6240c000 	C:\Windows\SYSTEM32\CRYPTBASE.DLL
0x00007ffe499a0000 - 0x00007ffe499cd000 	D:\Proyecto Terminal\openjfx-22.0.1_windows-x64_bin-sdk\javafx-sdk-22.0.1\bin\javafx_iio.dll
0x00007ffe5ead0000 - 0x00007ffe5f0be000 	C:\Windows\SYSTEM32\d2d1.dll
0x00007ffe5f3f0000 - 0x00007ffe5f647000 	C:\Windows\SYSTEM32\d3d11.dll
0x00007ffe5faa0000 - 0x00007ffe5fb97000 	C:\Windows\SYSTEM32\dxgi.dll
0x00007ffe58c50000 - 0x00007ffe59363000 	C:\Windows\SYSTEM32\D3D10Warp.dll

dbghelp: loaded successfully - version: 4.0.5 - missing functions: none
symbol engine: initialized successfully - sym options: 0x614 - pdb path: .;C:\Users\diego\.jdks\corretto-17.0.13\bin;C:\Windows\SYSTEM32;C:\Windows\WinSxS\amd64_microsoft.windows.common-controls_6595b64144ccf1df_6.0.22621.4391_none_2715d37f73803e96;C:\Users\diego\.jdks\corretto-17.0.13\bin\server;D:\Proyecto Terminal\openjfx-22.0.1_windows-x64_bin-sdk\javafx-sdk-22.0.1\bin;C:\Windows\System32\DriverStore\FileRepository\u0355756.inf_amd64_5146fc3a012e7afa\B354291;C:\Program Files\Huawei\PCManager\plugins;C:\Program Files\Common Files\Microsoft Shared\Ink

VM Arguments:
jvm_args: -agentlib:jdwp=transport=dt_socket,address=127.0.0.1:51673,suspend=y,server=n --module-path=D:\Proyecto Terminal\openjfx-22.0.1_windows-x64_bin-sdk\javafx-sdk-22.0.1\lib --add-modules=javafx.controls,javafx.fxml -javaagent:C:\Users\diego\AppData\Local\JetBrains\IntelliJIdea2024.1\captureAgent\debugger-agent.jar -Dfile.encoding=UTF-8 
java_command: optiuam.bc.controller.OptiUAM24
java_class_path (initial): D:\Proyecto Terminal\C鏚igo\OptiUAM24\OptiUAM\out\production\OptiUAM;D:\Proyecto Terminal\C鏚igo\OptiUAM24\OptiUAM\Librerias\jcommon-1.0.23.jar;D:\Proyecto Terminal\C鏚igo\OptiUAM24\OptiUAM\Librerias\jfreechart-1.0.19.jar;D:\Proyecto Terminal\openjfx-22.0.1_windows-x64_bin-sdk\javafx-sdk-22.0.1\lib\javafx-swt.jar;D:\Proyecto Terminal\openjfx-22.0.1_windows-x64_bin-sdk\javafx-sdk-22.0.1\lib\javafx.base.jar;D:\Proyecto Terminal\openjfx-22.0.1_windows-x64_bin-sdk\javafx-sdk-22.0.1\lib\javafx.controls.jar;D:\Proyecto Terminal\openjfx-22.0.1_windows-x64_bin-sdk\javafx-sdk-22.0.1\lib\javafx.fxml.jar;D:\Proyecto Terminal\openjfx-22.0.1_windows-x64_bin-sdk\javafx-sdk-22.0.1\lib\javafx.graphics.jar;D:\Proyecto Terminal\openjfx-22.0.1_windows-x64_bin-sdk\javafx-sdk-22.0.1\lib\javafx.media.jar;D:\Proyecto Terminal\openjfx-22.0.1_windows-x64_bin-sdk\javafx-sdk-22.0.1\lib\javafx.swing.jar;D:\Proyecto Terminal\openjfx-22.0.1_windows-x64_bin-sdk\javafx-sdk-22.0.1\lib\javafx.web.jar;D:\Proyecto Terminal\openjfx-22.0.1_windows-x64_bin-sdk.zip;D:\Proyecto Terminal\commons-math3-3.6.1\commons-math3-3.6.1-tests.jar;D:\Proyecto Terminal\commons-math3-3.6.1\commons-math3-3.6.1-tools.jar;D:\Proyecto Terminal\commons-math3-3.6.1\commons-math3-3.6.1.jar;C:\Program Files\JetBrains\IntelliJ IDEA 2024.1.3\lib\idea_rt.jar
Launcher Type: SUN_STANDARD

[Global flags]
     intx CICompilerCount                          = 4                                         {product} {ergonomic}
     uint ConcGCThreads                            = 2                                         {product} {ergonomic}
     uint G1ConcRefinementThreads                  = 8                                         {product} {ergonomic}
   size_t G1HeapRegionSize                         = 1048576                                   {product} {ergonomic}
    uintx GCDrainStackTargetSize                   = 64                                        {product} {ergonomic}
   size_t InitialHeapSize                          = 117440512                                 {product} {ergonomic}
   size_t MarkStackSize                            = 4194304                                   {product} {ergonomic}
   size_t MaxHeapSize                              = 1862270976                                {product} {ergonomic}
   size_t MaxNewSize                               = 1116733440                                {product} {ergonomic}
   size_t MinHeapDeltaBytes                        = 1048576                                   {product} {ergonomic}
   size_t MinHeapSize                              = 8388608                                   {product} {ergonomic}
    uintx NonNMethodCodeHeapSize                   = 5839372                                {pd product} {ergonomic}
    uintx NonProfiledCodeHeapSize                  = 122909434                              {pd product} {ergonomic}
    uintx ProfiledCodeHeapSize                     = 122909434                              {pd product} {ergonomic}
    uintx ReservedCodeCacheSize                    = 251658240                              {pd product} {ergonomic}
     bool SegmentedCodeCache                       = true                                      {product} {ergonomic}
   size_t SoftMaxHeapSize                          = 1862270976                             {manageable} {ergonomic}
     bool UseCompressedClassPointers               = true                           {product lp64_product} {ergonomic}
     bool UseCompressedOops                        = true                           {product lp64_product} {ergonomic}
     bool UseG1GC                                  = true                                      {product} {ergonomic}
     bool UseLargePagesIndividualAllocation        = false                                  {pd product} {ergonomic}

Logging:
Log output configuration:
 #0: stdout all=off uptime,level,tags
 #1: stderr all=off uptime,level,tags

Environment Variables:
PATH=C:\Program Files\Common Files\Oracle\Java\javapath;C:\Users\diego\Desktop\oracle\bin;C:\Windows\system32;C:\Windows;C:\Windows\System32\Wbem;C:\Windows\System32\WindowsPowerShell\v1.0\;C:\Windows\System32\OpenSSH\;C:\Program Files\Git\cmd;C:\Strawberry\c\bin;C:\Strawberry\perl\site\bin;C:\Strawberry\perl\bin;C:\Users\diego\AppData\Local\Programs\Python\Launcher\;C:\Users\diego\AppData\Local\Microsoft\WindowsApps;C:\Program Files\JetBrains\IntelliJ IDEA 2024.1.3\bin;;C:\Users\diego\AppData\Local\GitHubDesktop\bin;C:\Program Files\JetBrains\PyCharm 2024.1.4\bin;;C:\Users\diego\AppData\Local\Programs\Microsoft VS Code\bin;C:\Users\diego\AppData\Local\Programs\MiKTeX\miktex\bin\x64\
USERNAME=diego
OS=Windows_NT
PROCESSOR_IDENTIFIER=AMD64 Family 23 Model 24 Stepping 1, AuthenticAMD
TMP=C:\Users\diego\AppData\Local\Temp
TEMP=C:\Users\diego\AppData\Local\Temp



Periodic native trim disabled


---------------  S Y S T E M  ---------------

OS:
 Windows 11 , 64 bit Build 22621 (10.0.22621.4391)
OS uptime: 1 days 2:52 hours

CPU: total 8 (initial active 8) (8 cores per cpu, 2 threads per core) family 23 model 24 stepping 1 microcode 0x0, cx8, cmov, fxsr, ht, mmx, 3dnowpref, sse, sse2, sse3, ssse3, sse4a, sse4.1, sse4.2, popcnt, lzcnt, tsc, tscinvbit, avx, avx2, aes, clmul, bmi1, bmi2, adx, sha, fma, vzeroupper, clflush, clflushopt
Processor Information for all 8 processors :
  Max Mhz: 2100, Current Mhz: 2100, Mhz Limit: 2100

Memory: 4k page, system-wide physical 7103M (939M free)
TotalPageFile size 15807M (AvailPageFile size 5989M)
current process WorkingSet (physical memory assigned to process): 235M, peak: 450M
current process commit charge ("private bytes"): 337M, peak: 567M

vm_info: OpenJDK 64-Bit Server VM (17.0.13+11-LTS) for windows-amd64 JRE (17.0.13+11-LTS), built on Oct 10 2024 19:51:30 by "Administrator" with MS VC++ 16.10 / 16.11 (VS2019)

END.
