#
# A fatal error has been detected by the Java Runtime Environment:
#
#  EXCEPTION_ACCESS_VIOLATION (0xc0000005) at pc=0x00007ffe35da82d7, pid=544, tid=2528
#
# JRE version: OpenJDK Runtime Environment Corretto-17.0.12.7.1 (17.0.12+7) (build 17.0.12+7-LTS)
# Java VM: OpenJDK 64-Bit Server VM Corretto-17.0.12.7.1 (17.0.12+7-LTS, mixed mode, sharing, tiered, compressed oops, compressed class ptrs, g1 gc, windows-amd64)
# Problematic frame:
# C  [glass.dll+0x282d7]
#
# No core dump will be written. Minidumps are not enabled by default on client versions of Windows
#
# If you would like to submit a bug report, please visit:
#   https://github.com/corretto/corretto-17/issues/
#

---------------  S U M M A R Y ------------

Command Line: -agentlib:jdwp=transport=dt_socket,address=127.0.0.1:51411,suspend=y,server=n --module-path=D:\Proyecto Terminal\openjfx-22.0.1_windows-x64_bin-sdk\javafx-sdk-22.0.1\lib --add-modules=javafx.controls,javafx.fxml -javaagent:C:\Users\diego\AppData\Local\JetBrains\IntelliJIdea2024.1\captureAgent\debugger-agent.jar -Dfile.encoding=UTF-8 optiuam.bc.controller.OptiUAM24

Host: AMD Ryzen 5 3500U with Radeon Vega Mobile Gfx  , 8 cores, 6G,  Windows 11 , 64 bit Build 22621 (10.0.22621.3958)
Time: Tue Sep 17 12:18:18 2024 Hora estándar central (México) elapsed time: 305.962346 seconds (0d 0h 5m 5s)

---------------  T H R E A D  ---------------

Current thread (0x00000297f234bc90):  VMThread "VM Thread" [stack: 0x000000ebf5b00000,0x000000ebf5c00000] [id=2528]

Stack: [0x000000ebf5b00000,0x000000ebf5c00000],  sp=0x000000ebf5bff060,  free space=1020k
Native frames: (J=compiled Java code, j=interpreted, Vv=VM code, C=native code)
C  [glass.dll+0x282d7]


siginfo: EXCEPTION_ACCESS_VIOLATION (0xc0000005), reading address 0x0000000000000000


Registers:
RAX=0x0000000000000000, RBX=0x00000297f2364640, RCX=0x00000297f234bc90, RDX=0x000000ebf5bff060
RSP=0x000000ebf5bff060, RBP=0x00000297f7165198, RSI=0x000000ebf5bff168, RDI=0x00000297f7165170
R8 =0x0000000000010002, R9 =0x00000297f7165170, R10=0x85f13e9656da4870, R11=0x000000ebf5bfeff0
R12=0x00007ffe35da5be0, R13=0x00007ffe1a335fe0, R14=0x000020d799a22f6c, R15=0x00000297f7165170
RIP=0x00007ffe35da82d7, EFLAGS=0x0000000000010202


Register to memory mapping:

RIP=0x00007ffe35da82d7 glass.dll
RAX=0x0 is NULL
RBX=0x00000297f2364640 is a global jni handle
RCX=0x00000297f234bc90 points into unknown readable memory: 0x00007ffe1a160bb8 | b8 0b 16 1a fe 7f 00 00
RDX=0x000000ebf5bff060 points into unknown readable memory: 0x0000000000000000 | 00 00 00 00 00 00 00 00
RSP=0x000000ebf5bff060 points into unknown readable memory: 0x0000000000000000 | 00 00 00 00 00 00 00 00
RBP=0x00000297f7165198 points into unknown readable memory: 0x000020d799a22f6c | 6c 2f a2 99 d7 20 00 00
RSI=0x000000ebf5bff168 points into unknown readable memory: 0x000000ebf5bff150 | 50 f1 bf f5 eb 00 00 00
RDI=0x00000297f7165170 points into unknown readable memory: 0xa56fa0d79e5dcc31 | 31 cc 5d 9e d7 a0 6f a5
R8 =0x0000000000010002 is an unknown value
R9 =0x00000297f7165170 points into unknown readable memory: 0xa56fa0d79e5dcc31 | 31 cc 5d 9e d7 a0 6f a5
R10=0x85f13e9656da4870 is an unknown value
R11=0x000000ebf5bfeff0 points into unknown readable memory: 0x00000297f7165170 | 70 51 16 f7 97 02 00 00
R12=0x00007ffe35da5be0 glass.dll
R13=0x00007ffe1a335fe0 jvm.dll
R14=0x000020d799a22f6c is an unknown value
R15=0x00000297f7165170 points into unknown readable memory: 0xa56fa0d79e5dcc31 | 31 cc 5d 9e d7 a0 6f a5


Top of Stack: (sp=0x000000ebf5bff060)
0x000000ebf5bff060:   0000000000000000 000000ebf5bff168
0x000000ebf5bff070:   00007ffe1a335fe0 00007ffe35da5be0
0x000000ebf5bff080:   00000297f7165178 00007ffe6f5d3a93
0x000000ebf5bff090:   00000297f7165170 0000029700000000
0x000000ebf5bff0a0:   00000297f7165198 000000ebf5bff168
0x000000ebf5bff0b0:   fffffffffffffffe 0000000000000000
0x000000ebf5bff0c0:   0000000000000001 00007ffe35d80000
0x000000ebf5bff0d0:   000000ebf5bff158 00007ffe6f5a042e
0x000000ebf5bff0e0:   0000000000000000 000000ebf5bff168
0x000000ebf5bff0f0:   000000ebf5bff450 0000000000000001
0x000000ebf5bff100:   0000000000000001 00007ffe6f59dddd
0x000000ebf5bff110:   0000000000000000 00007ffe35da53d9
0x000000ebf5bff120:   0000000000000000 000000ebf5bff158
0x000000ebf5bff130:   fffffffffffffffe 0000000000000001
0x000000ebf5bff140:   0000000000000001 00007ffe35da5a6d
0x000000ebf5bff150:   00007ffe35dbd078 00007ffe00000002
0x000000ebf5bff160:   0000000000000002 000000ebf5bff150
0x000000ebf5bff170:   0000000000000000 00007ffe72138ae3
0x000000ebf5bff180:   0000000000000000 00007ffe35da5b92
0x000000ebf5bff190:   0000000000000001 000000ebf5bff400
0x000000ebf5bff1a0:   0000000000000001 0000000000000001
0x000000ebf5bff1b0:   00000297d2800078 00007ffe6eb62223
0x000000ebf5bff1c0:   0000029700000001 0000000000000016
0x000000ebf5bff1d0:   00007ffe35d80000 000000007ffe0384
0x000000ebf5bff1e0:   0000000000000000 00007ffe72138b7f
0x000000ebf5bff1f0:   00007ffe35d80000 0000000000000000
0x000000ebf5bff200:   0000000000000001 000000007ffe0385
0x000000ebf5bff210:   0000000000000000 00007ffe721617c9
0x000000ebf5bff220:   0000ea0b9db06300 0000000000000014
0x000000ebf5bff230:   00007ffe35da5be0 0000000000000000
0x000000ebf5bff240:   0000000000000000 000000ebf51a9000
0x000000ebf5bff250:   00000297f717e5c0 00007ffe72161586 

Instructions: (pc=0x00007ffe35da82d7)
0x00007ffe35da81d7:   8b 4d 58 e8 49 cf ff ff 48 8b 4d 60 e8 40 cf ff
0x00007ffe35da81e7:   ff 48 8b 95 80 00 00 00 48 8b 8d 18 01 00 00 e8
0x00007ffe35da81f7:   26 c5 ff ff 33 d2 33 c9 e8 8c e1 ff ff 90 48 89
0x00007ffe35da8207:   54 24 10 55 48 83 ec 20 48 8b ea 48 b8 00 00 00
0x00007ffe35da8217:   00 00 00 00 00 48 83 c4 20 5d c3 cc 40 55 48 8b
0x00007ffe35da8227:   ea 48 8b 01 33 c9 81 38 05 00 00 c0 0f 94 c1 8b
0x00007ffe35da8237:   c1 5d c3 cc 40 55 48 83 ec 20 48 8b ea 8a 4d 40
0x00007ffe35da8247:   48 83 c4 20 5d e9 33 d3 ff ff cc 40 55 48 83 ec
0x00007ffe35da8257:   20 48 8b ea 8a 4d 20 e8 21 d3 ff ff 90 48 83 c4
0x00007ffe35da8267:   20 5d c3 cc 40 55 48 83 ec 20 48 8b ea 48 83 c4
0x00007ffe35da8277:   20 5d e9 82 d1 ff ff cc 40 55 48 83 ec 30 48 8b
0x00007ffe35da8287:   ea 48 8b 01 8b 10 48 89 4c 24 28 89 54 24 20 4c
0x00007ffe35da8297:   8d 0d 23 d6 ff ff 4c 8b 45 70 8b 55 68 48 8b 4d
0x00007ffe35da82a7:   60 e8 c3 d0 ff ff 90 48 83 c4 30 5d c3 cc cc cc
0x00007ffe35da82b7:   cc cc cc cc cc cc cc cc cc 40 53 48 83 ec 20 48
0x00007ffe35da82c7:   8b 1d 6b 47 01 00 48 85 db 74 16 e8 39 90 ff ff
0x00007ffe35da82d7:   4c 8b 00 48 8b d3 48 8b c8 41 ff 90 b0 00 00 00
0x00007ffe35da82e7:   90 48 83 c4 20 5b c3 cc cc 40 53 48 83 ec 20 48
0x00007ffe35da82f7:   8b 1d ab 48 01 00 48 85 db 74 57 b8 ff ff ff ff
0x00007ffe35da8307:   f0 0f c1 43 10 83 f8 01 75 3d 48 85 db 74 38 48
0x00007ffe35da8317:   8b 0b 48 85 c9 74 0d ff 15 8c 0f 00 00 48 c7 03
0x00007ffe35da8327:   00 00 00 00 48 8b 4b 08 48 85 c9 74 0d e8 ef cd
0x00007ffe35da8337:   ff ff 48 c7 43 08 00 00 00 00 ba 18 00 00 00 48
0x00007ffe35da8347:   8b cb e8 da cd ff ff 48 c7 05 4f 48 01 00 00 00
0x00007ffe35da8357:   00 00 48 83 c4 20 5b c3 cc 40 53 48 83 ec 20 48
0x00007ffe35da8367:   8b 1d 1b 48 01 00 48 85 db 74 57 b8 ff ff ff ff
0x00007ffe35da8377:   f0 0f c1 43 10 83 f8 01 75 3d 48 85 db 74 38 48
0x00007ffe35da8387:   8b 0b 48 85 c9 74 0d ff 15 1c 0f 00 00 48 c7 03
0x00007ffe35da8397:   00 00 00 00 48 8b 4b 08 48 85 c9 74 0d e8 7f cd
0x00007ffe35da83a7:   ff ff 48 c7 43 08 00 00 00 00 ba 18 00 00 00 48
0x00007ffe35da83b7:   8b cb e8 6a cd ff ff 48 c7 05 bf 47 01 00 00 00
0x00007ffe35da83c7:   00 00 48 83 c4 20 5b c3 cc 40 53 48 83 ec 20 48 


Stack slot to memory mapping:
stack at sp + 0 slots: 0x0 is NULL
stack at sp + 1 slots: 0x000000ebf5bff168 points into unknown readable memory: 0x000000ebf5bff150 | 50 f1 bf f5 eb 00 00 00
stack at sp + 2 slots: 0x00007ffe1a335fe0 jvm.dll
stack at sp + 3 slots: 0x00007ffe35da5be0 glass.dll
stack at sp + 4 slots: 0x00000297f7165178 points into unknown readable memory: 0x000020d799a22f6c | 6c 2f a2 99 d7 20 00 00
stack at sp + 5 slots: 0x00007ffe6f5d3a93 ucrtbase.dll
stack at sp + 6 slots: 0x00000297f7165170 points into unknown readable memory: 0xa56fa0d79e5dcc31 | 31 cc 5d 9e d7 a0 6f a5
stack at sp + 7 slots: 0x0000029700000000 is an unknown value

VM_Operation (0x000000ebf53fefe0): Exit, mode: safepoint, requested by thread 0x00000297c1d2e0a0


---------------  P R O C E S S  ---------------

Threads class SMR info:
_java_thread_list=0x00000297fc8b0820, length=20, elements={
0x00000297d2978a10, 0x00000297f23514e0, 0x00000297f2354d90, 0x00000297f236aed0,
0x00000297f236b7a0, 0x00000297f236c070, 0x00000297f2370630, 0x00000297f2379000,
0x00000297f23840f0, 0x00000297f233ca20, 0x00000297f28b7890, 0x00000297f288d0b0,
0x00000297f71299a0, 0x00000297f71e6500, 0x00000297f72c3c40, 0x00000297f73c3d10,
0x00000297f73bb2c0, 0x00000297c1d2eac0, 0x00000297c1d2d680, 0x00000297c1d2e0a0
}

Java Threads: ( => current thread )
  0x00000297d2978a10 JavaThread "main" [_thread_blocked, id=15732, stack(0x000000ebf5500000,0x000000ebf5600000)]
  0x00000297f23514e0 JavaThread "Reference Handler" daemon [_thread_blocked, id=10816, stack(0x000000ebf5c00000,0x000000ebf5d00000)]
  0x00000297f2354d90 JavaThread "Finalizer" daemon [_thread_blocked, id=16484, stack(0x000000ebf5d00000,0x000000ebf5e00000)]
  0x00000297f236aed0 JavaThread "Attach Listener" daemon [_thread_blocked, id=9256, stack(0x000000ebf5f00000,0x000000ebf6000000)]
  0x00000297f236b7a0 JavaThread "Service Thread" daemon [_thread_blocked, id=3812, stack(0x000000ebf6000000,0x000000ebf6100000)]
  0x00000297f236c070 JavaThread "Monitor Deflation Thread" daemon [_thread_blocked, id=4844, stack(0x000000ebf6100000,0x000000ebf6200000)]
  0x00000297f2370630 JavaThread "C2 CompilerThread0" daemon [_thread_blocked, id=14280, stack(0x000000ebf6200000,0x000000ebf6300000)]
  0x00000297f2379000 JavaThread "C1 CompilerThread0" daemon [_thread_blocked, id=16188, stack(0x000000ebf6300000,0x000000ebf6400000)]
  0x00000297f23840f0 JavaThread "Sweeper thread" daemon [_thread_blocked, id=16836, stack(0x000000ebf6400000,0x000000ebf6500000)]
  0x00000297f233ca20 JavaThread "Common-Cleaner" daemon [_thread_blocked, id=10156, stack(0x000000ebf6500000,0x000000ebf6600000)]
  0x00000297f28b7890 JavaThread "JDWP Event Helper Thread" daemon [_thread_blocked, id=17296, stack(0x000000ebf6900000,0x000000ebf6a00000)]
  0x00000297f288d0b0 JavaThread "Notification Thread" daemon [_thread_blocked, id=17300, stack(0x000000ebf6b00000,0x000000ebf6c00000)]
  0x00000297f71299a0 JavaThread "QuantumRenderer-0" daemon [_thread_blocked, id=16196, stack(0x000000ebf6d00000,0x000000ebf6e00000)]
  0x00000297f71e6500 JavaThread "InvokeLaterDispatcher" daemon [_thread_blocked, id=15368, stack(0x000000ebf7000000,0x000000ebf7100000)]
  0x00000297f72c3c40 JavaThread "JavaFX Application Thread" [_thread_blocked, id=1372, stack(0x000000ebf7100000,0x000000ebf7200000)]
  0x00000297f73c3d10 JavaThread "JavaFX-Launcher" [_thread_blocked, id=15900, stack(0x000000ebf7800000,0x000000ebf7900000)]
  0x00000297f73bb2c0 JavaThread "Thread-2" daemon [_thread_in_native, id=16768, stack(0x000000ebf6700000,0x000000ebf6800000)]
  0x00000297c1d2eac0 JavaThread "Prism Font Disposer" daemon [_thread_blocked, id=1708, stack(0x000000ebf8200000,0x000000ebf8300000)]
  0x00000297c1d2d680 JavaThread "Cleaner-0" daemon [_thread_blocked, id=16428, stack(0x000000ebf8300000,0x000000ebf8400000)]
  0x00000297c1d2e0a0 JavaThread "SIGINT handler" daemon [_thread_blocked, id=16684, stack(0x000000ebf5300000,0x000000ebf5400000)]

Other Threads:
=>0x00000297f234bc90 VMThread "VM Thread" [stack: 0x000000ebf5b00000,0x000000ebf5c00000] [id=2528]
  0x00000297d29cc110 GCTaskThread "GC Thread#0" [stack: 0x000000ebf5600000,0x000000ebf5700000] [id=3500]
  0x00000297f7653c40 GCTaskThread "GC Thread#1" [stack: 0x000000ebf7a00000,0x000000ebf7b00000] [id=17304]
  0x00000297f7425270 GCTaskThread "GC Thread#2" [stack: 0x000000ebf7b00000,0x000000ebf7c00000] [id=17308]
  0x00000297f7457ca0 GCTaskThread "GC Thread#3" [stack: 0x000000ebf7c00000,0x000000ebf7d00000] [id=17404]
  0x00000297f7457f60 GCTaskThread "GC Thread#4" [stack: 0x000000ebf7d00000,0x000000ebf7e00000] [id=7004]
  0x00000297f7744b70 GCTaskThread "GC Thread#5" [stack: 0x000000ebf7e00000,0x000000ebf7f00000] [id=2488]
  0x00000297f756de90 GCTaskThread "GC Thread#6" [stack: 0x000000ebf7f00000,0x000000ebf8000000] [id=17312]
  0x00000297f7690410 GCTaskThread "GC Thread#7" [stack: 0x000000ebf8000000,0x000000ebf8100000] [id=15760]
  0x00000297d29dae60 ConcurrentGCThread "G1 Main Marker" terminated
  0x00000297d29dd030 ConcurrentGCThread "G1 Conc#0" [stack: 0x000000ebf5800000,0x000000ebf5900000] [id=8436]
  0x00000297c3b884f0 ConcurrentGCThread "G1 Conc#1" [stack: 0x000000ebf8800000,0x000000ebf8900000] [id=2948]
  0x00000297f22060d0 ConcurrentGCThread "G1 Refine#0" terminated
  0x00000297c4343660 ConcurrentGCThread "G1 Refine#1" terminated
  0x00000297c4344de0 ConcurrentGCThread "G1 Refine#2" terminated
  0x00000297c4344af0 ConcurrentGCThread "G1 Refine#3" terminated
  0x00000297c4343950 ConcurrentGCThread "G1 Refine#4" terminated
  0x00000297f2206910 ConcurrentGCThread "G1 Service" terminated

Threads with active compile tasks:

VM state: at safepoint (shutting down)

VM Mutex/Monitor currently owned by a thread:  ([mutex/lock_event])
[0x00000297d2972570] Threads_lock - owner thread: 0x00000297f234bc90
[0x00000297d2973b60] Heap_lock - owner thread: 0x00000297c1d2e0a0

Heap address: 0x0000000091000000, size: 1776 MB, Compressed Oops mode: 32-bit

CDS archive(s) mapped at: [0x0000029780000000-0x0000029780bb0000-0x0000029780bb0000), size 12255232, SharedBaseAddress: 0x0000029780000000, ArchiveRelocationMode: 1.
Compressed class space mapped at: 0x0000029781000000-0x00000297c1000000, reserved size: 1073741824
Narrow klass base: 0x0000029780000000, Narrow klass shift: 0, Narrow klass range: 0x100000000

GC Precious Log:
 CPUs: 8 total, 8 available
 Memory: 7103M
 Large Page Support: Disabled
 NUMA Support: Disabled
 Compressed Oops: Enabled (32-bit)
 Heap Region Size: 1M
 Heap Min Capacity: 8M
 Heap Initial Capacity: 112M
 Heap Max Capacity: 1776M
 Pre-touch: Disabled
 Parallel Workers: 8
 Concurrent Workers: 2
 Concurrent Refinement Workers: 8
 Periodic GC: Disabled

Heap:
 garbage-first heap   total 114688K, used 54455K [0x0000000091000000, 0x0000000100000000)
  region size 1024K, 18 young (18432K), 5 survivors (5120K)
 Metaspace       used 23640K, committed 24000K, reserved 1114112K
  class space    used 3404K, committed 3584K, reserved 1048576K

Heap Regions: E=young(eden), S=young(survivor), O=old, HS=humongous(starts), HC=humongous(continues), CS=collection set, F=free, OA=open archive, CA=closed archive, TAMS=top-at-mark-start (previous, next)
|   0|0x0000000091000000, 0x0000000091100000, 0x0000000091100000|100%| O|  |TAMS 0x0000000091100000, 0x0000000091000000| Untracked 
|   1|0x0000000091100000, 0x0000000091200000, 0x0000000091200000|100%|HS|  |TAMS 0x0000000091200000, 0x0000000091100000| Complete 
|   2|0x0000000091200000, 0x0000000091300000, 0x0000000091300000|100%|HS|  |TAMS 0x0000000091300000, 0x0000000091200000| Complete 
|   3|0x0000000091300000, 0x0000000091400000, 0x0000000091400000|100%|HS|  |TAMS 0x0000000091400000, 0x0000000091300000| Complete 
|   4|0x0000000091400000, 0x0000000091500000, 0x0000000091500000|100%| O|  |TAMS 0x0000000091500000, 0x0000000091400000| Untracked 
|   5|0x0000000091500000, 0x0000000091600000, 0x0000000091600000|100%| O|  |TAMS 0x0000000091600000, 0x0000000091500000| Untracked 
|   6|0x0000000091600000, 0x0000000091700000, 0x0000000091700000|100%|HS|  |TAMS 0x0000000091700000, 0x0000000091600000| Complete 
|   7|0x0000000091700000, 0x0000000091800000, 0x0000000091800000|100%|HC|  |TAMS 0x0000000091800000, 0x0000000091700000| Complete 
|   8|0x0000000091800000, 0x0000000091900000, 0x0000000091900000|100%|HC|  |TAMS 0x0000000091900000, 0x0000000091800000| Complete 
|   9|0x0000000091900000, 0x0000000091a00000, 0x0000000091a00000|100%|HC|  |TAMS 0x0000000091a00000, 0x0000000091900000| Complete 
|  10|0x0000000091a00000, 0x0000000091b00000, 0x0000000091b00000|100%|HC|  |TAMS 0x0000000091b00000, 0x0000000091a00000| Complete 
|  11|0x0000000091b00000, 0x0000000091c00000, 0x0000000091c00000|100%|HC|  |TAMS 0x0000000091c00000, 0x0000000091b00000| Complete 
|  12|0x0000000091c00000, 0x0000000091d00000, 0x0000000091d00000|100%|HC|  |TAMS 0x0000000091d00000, 0x0000000091c00000| Complete 
|  13|0x0000000091d00000, 0x0000000091e00000, 0x0000000091e00000|100%|HC|  |TAMS 0x0000000091e00000, 0x0000000091d00000| Complete 
|  14|0x0000000091e00000, 0x0000000091f00000, 0x0000000091f00000|100%|HC|  |TAMS 0x0000000091f00000, 0x0000000091e00000| Complete 
|  15|0x0000000091f00000, 0x0000000092000000, 0x0000000092000000|100%|HC|  |TAMS 0x0000000092000000, 0x0000000091f00000| Complete 
|  16|0x0000000092000000, 0x0000000092100000, 0x0000000092100000|100%|HC|  |TAMS 0x0000000092100000, 0x0000000092000000| Complete 
|  17|0x0000000092100000, 0x0000000092200000, 0x0000000092200000|100%|HC|  |TAMS 0x0000000092200000, 0x0000000092100000| Complete 
|  18|0x0000000092200000, 0x0000000092300000, 0x0000000092300000|100%|HC|  |TAMS 0x0000000092300000, 0x0000000092200000| Complete 
|  19|0x0000000092300000, 0x0000000092400000, 0x0000000092400000|100%| O|  |TAMS 0x0000000092300000, 0x0000000092300000| Untracked 
|  20|0x0000000092400000, 0x0000000092500000, 0x0000000092500000|100%|HS|  |TAMS 0x0000000092500000, 0x0000000092400000| Complete 
|  21|0x0000000092500000, 0x0000000092600000, 0x0000000092600000|100%|HC|  |TAMS 0x0000000092600000, 0x0000000092500000| Complete 
|  22|0x0000000092600000, 0x0000000092700000, 0x0000000092700000|100%|HS|  |TAMS 0x0000000092700000, 0x0000000092600000| Complete 
|  23|0x0000000092700000, 0x0000000092800000, 0x0000000092800000|100%| O|  |TAMS 0x0000000092700000, 0x0000000092700000| Untracked 
|  24|0x0000000092800000, 0x0000000092900000, 0x0000000092900000|100%| O|  |TAMS 0x0000000092900000, 0x0000000092800000| Untracked 
|  25|0x0000000092900000, 0x0000000092a00000, 0x0000000092a00000|100%| O|  |TAMS 0x0000000092a00000, 0x0000000092900000| Untracked 
|  26|0x0000000092a00000, 0x0000000092b00000, 0x0000000092b00000|100%| O|  |TAMS 0x0000000092b00000, 0x0000000092a00000| Untracked 
|  27|0x0000000092b00000, 0x0000000092c00000, 0x0000000092c00000|100%| O|  |TAMS 0x0000000092b18000, 0x0000000092b00000| Untracked 
|  28|0x0000000092c00000, 0x0000000092d00000, 0x0000000092d00000|100%| O|  |TAMS 0x0000000092c00000, 0x0000000092c00000| Untracked 
|  29|0x0000000092d00000, 0x0000000092e00000, 0x0000000092e00000|100%| O|  |TAMS 0x0000000092d00000, 0x0000000092d00000| Untracked 
|  30|0x0000000092e00000, 0x0000000092f00000, 0x0000000092f00000|100%| O|  |TAMS 0x0000000092e00000, 0x0000000092e00000| Untracked 
|  31|0x0000000092f00000, 0x0000000093000000, 0x0000000093000000|100%| O|  |TAMS 0x0000000092f00000, 0x0000000092f00000| Untracked 
|  32|0x0000000093000000, 0x000000009303c400, 0x0000000093100000| 23%| O|  |TAMS 0x0000000093000000, 0x0000000093000000| Untracked 
|  33|0x0000000093100000, 0x0000000093200000, 0x0000000093200000|100%|HS|  |TAMS 0x0000000093100000, 0x0000000093100000| Complete 
|  34|0x0000000093200000, 0x0000000093300000, 0x0000000093300000|100%|HS|  |TAMS 0x0000000093200000, 0x0000000093200000| Complete 
|  35|0x0000000093300000, 0x0000000093400000, 0x0000000093400000|100%|HS|  |TAMS 0x0000000093300000, 0x0000000093300000| Complete 
|  36|0x0000000093400000, 0x0000000093400000, 0x0000000093500000|  0%| F|  |TAMS 0x0000000093400000, 0x0000000093400000| Untracked 
|  37|0x0000000093500000, 0x0000000093500000, 0x0000000093600000|  0%| F|  |TAMS 0x0000000093500000, 0x0000000093500000| Untracked 
|  38|0x0000000093600000, 0x0000000093600000, 0x0000000093700000|  0%| F|  |TAMS 0x0000000093600000, 0x0000000093600000| Untracked 
|  39|0x0000000093700000, 0x0000000093700000, 0x0000000093800000|  0%| F|  |TAMS 0x0000000093700000, 0x0000000093700000| Untracked 
|  40|0x0000000093800000, 0x0000000093800000, 0x0000000093900000|  0%| F|  |TAMS 0x0000000093800000, 0x0000000093800000| Untracked 
|  41|0x0000000093900000, 0x0000000093900000, 0x0000000093a00000|  0%| F|  |TAMS 0x0000000093900000, 0x0000000093900000| Untracked 
|  42|0x0000000093a00000, 0x0000000093a00000, 0x0000000093b00000|  0%| F|  |TAMS 0x0000000093a00000, 0x0000000093a00000| Untracked 
|  43|0x0000000093b00000, 0x0000000093b00000, 0x0000000093c00000|  0%| F|  |TAMS 0x0000000093b00000, 0x0000000093b00000| Untracked 
|  44|0x0000000093c00000, 0x0000000093c00000, 0x0000000093d00000|  0%| F|  |TAMS 0x0000000093c00000, 0x0000000093c00000| Untracked 
|  45|0x0000000093d00000, 0x0000000093d00000, 0x0000000093e00000|  0%| F|  |TAMS 0x0000000093d00000, 0x0000000093d00000| Untracked 
|  46|0x0000000093e00000, 0x0000000093e00000, 0x0000000093f00000|  0%| F|  |TAMS 0x0000000093e00000, 0x0000000093e00000| Untracked 
|  47|0x0000000093f00000, 0x0000000094000000, 0x0000000094000000|100%|HS|  |TAMS 0x0000000093f00000, 0x0000000093f00000| Complete 
|  48|0x0000000094000000, 0x0000000094000000, 0x0000000094100000|  0%| F|  |TAMS 0x0000000094000000, 0x0000000094000000| Untracked 
|  49|0x0000000094100000, 0x0000000094100000, 0x0000000094200000|  0%| F|  |TAMS 0x0000000094100000, 0x0000000094100000| Untracked 
|  50|0x0000000094200000, 0x0000000094200000, 0x0000000094300000|  0%| F|  |TAMS 0x0000000094200000, 0x0000000094200000| Untracked 
|  51|0x0000000094300000, 0x0000000094300000, 0x0000000094400000|  0%| F|  |TAMS 0x0000000094300000, 0x0000000094300000| Untracked 
|  52|0x0000000094400000, 0x0000000094400000, 0x0000000094500000|  0%| F|  |TAMS 0x0000000094400000, 0x0000000094400000| Untracked 
|  53|0x0000000094500000, 0x0000000094500000, 0x0000000094600000|  0%| F|  |TAMS 0x0000000094500000, 0x0000000094500000| Untracked 
|  54|0x0000000094600000, 0x0000000094600000, 0x0000000094700000|  0%| F|  |TAMS 0x0000000094600000, 0x0000000094600000| Untracked 
|  55|0x0000000094700000, 0x0000000094700000, 0x0000000094800000|  0%| F|  |TAMS 0x0000000094700000, 0x0000000094700000| Untracked 
|  56|0x0000000094800000, 0x0000000094800000, 0x0000000094900000|  0%| F|  |TAMS 0x0000000094800000, 0x0000000094800000| Untracked 
|  57|0x0000000094900000, 0x0000000094900000, 0x0000000094a00000|  0%| F|  |TAMS 0x0000000094900000, 0x0000000094900000| Untracked 
|  58|0x0000000094a00000, 0x0000000094a00000, 0x0000000094b00000|  0%| F|  |TAMS 0x0000000094a00000, 0x0000000094a00000| Untracked 
|  59|0x0000000094b00000, 0x0000000094bf1ae0, 0x0000000094c00000| 94%| S|CS|TAMS 0x0000000094b00000, 0x0000000094b00000| Complete 
|  60|0x0000000094c00000, 0x0000000094d00000, 0x0000000094d00000|100%| S|CS|TAMS 0x0000000094c00000, 0x0000000094c00000| Complete 
|  61|0x0000000094d00000, 0x0000000094e00000, 0x0000000094e00000|100%| S|CS|TAMS 0x0000000094d00000, 0x0000000094d00000| Complete 
|  62|0x0000000094e00000, 0x0000000094f00000, 0x0000000094f00000|100%| S|CS|TAMS 0x0000000094e00000, 0x0000000094e00000| Complete 
|  63|0x0000000094f00000, 0x0000000095000000, 0x0000000095000000|100%| S|CS|TAMS 0x0000000094f00000, 0x0000000094f00000| Complete 
|  64|0x0000000095000000, 0x0000000095000000, 0x0000000095100000|  0%| F|  |TAMS 0x0000000095000000, 0x0000000095000000| Untracked 
|  65|0x0000000095100000, 0x0000000095100000, 0x0000000095200000|  0%| F|  |TAMS 0x0000000095100000, 0x0000000095100000| Untracked 
|  66|0x0000000095200000, 0x0000000095200000, 0x0000000095300000|  0%| F|  |TAMS 0x0000000095200000, 0x0000000095200000| Untracked 
|  67|0x0000000095300000, 0x0000000095300000, 0x0000000095400000|  0%| F|  |TAMS 0x0000000095300000, 0x0000000095300000| Untracked 
|  68|0x0000000095400000, 0x0000000095400000, 0x0000000095500000|  0%| F|  |TAMS 0x0000000095400000, 0x0000000095400000| Untracked 
|  69|0x0000000095500000, 0x0000000095500000, 0x0000000095600000|  0%| F|  |TAMS 0x0000000095500000, 0x0000000095500000| Untracked 
|  70|0x0000000095600000, 0x0000000095600000, 0x0000000095700000|  0%| F|  |TAMS 0x0000000095600000, 0x0000000095600000| Untracked 
|  71|0x0000000095700000, 0x0000000095700000, 0x0000000095800000|  0%| F|  |TAMS 0x0000000095700000, 0x0000000095700000| Untracked 
|  72|0x0000000095800000, 0x0000000095800000, 0x0000000095900000|  0%| F|  |TAMS 0x0000000095800000, 0x0000000095800000| Untracked 
|  73|0x0000000095900000, 0x0000000095900000, 0x0000000095a00000|  0%| F|  |TAMS 0x0000000095900000, 0x0000000095900000| Untracked 
|  74|0x0000000095a00000, 0x0000000095a00000, 0x0000000095b00000|  0%| F|  |TAMS 0x0000000095a00000, 0x0000000095a00000| Untracked 
|  75|0x0000000095b00000, 0x0000000095b00000, 0x0000000095c00000|  0%| F|  |TAMS 0x0000000095b00000, 0x0000000095b00000| Untracked 
|  76|0x0000000095c00000, 0x0000000095c00000, 0x0000000095d00000|  0%| F|  |TAMS 0x0000000095c00000, 0x0000000095c00000| Untracked 
|  77|0x0000000095d00000, 0x0000000095d00000, 0x0000000095e00000|  0%| F|  |TAMS 0x0000000095d00000, 0x0000000095d00000| Untracked 
|  78|0x0000000095e00000, 0x0000000095e00000, 0x0000000095f00000|  0%| F|  |TAMS 0x0000000095e00000, 0x0000000095e00000| Untracked 
|  79|0x0000000095f00000, 0x0000000095f00000, 0x0000000096000000|  0%| F|  |TAMS 0x0000000095f00000, 0x0000000095f00000| Untracked 
|  80|0x0000000096000000, 0x0000000096000000, 0x0000000096100000|  0%| F|  |TAMS 0x0000000096000000, 0x0000000096000000| Untracked 
|  81|0x0000000096100000, 0x0000000096100000, 0x0000000096200000|  0%| F|  |TAMS 0x0000000096100000, 0x0000000096100000| Untracked 
|  82|0x0000000096200000, 0x0000000096200000, 0x0000000096300000|  0%| F|  |TAMS 0x0000000096200000, 0x0000000096200000| Untracked 
|  83|0x0000000096300000, 0x0000000096300000, 0x0000000096400000|  0%| F|  |TAMS 0x0000000096300000, 0x0000000096300000| Untracked 
|  84|0x0000000096400000, 0x0000000096400000, 0x0000000096500000|  0%| F|  |TAMS 0x0000000096400000, 0x0000000096400000| Untracked 
|  85|0x0000000096500000, 0x0000000096500000, 0x0000000096600000|  0%| F|  |TAMS 0x0000000096500000, 0x0000000096500000| Untracked 
|  86|0x0000000096600000, 0x0000000096600000, 0x0000000096700000|  0%| F|  |TAMS 0x0000000096600000, 0x0000000096600000| Untracked 
|  87|0x0000000096700000, 0x0000000096700000, 0x0000000096800000|  0%| F|  |TAMS 0x0000000096700000, 0x0000000096700000| Untracked 
|  88|0x0000000096800000, 0x0000000096800000, 0x0000000096900000|  0%| F|  |TAMS 0x0000000096800000, 0x0000000096800000| Untracked 
|  89|0x0000000096900000, 0x0000000096900000, 0x0000000096a00000|  0%| F|  |TAMS 0x0000000096900000, 0x0000000096900000| Untracked 
|  90|0x0000000096a00000, 0x0000000096a00000, 0x0000000096b00000|  0%| F|  |TAMS 0x0000000096a00000, 0x0000000096a00000| Untracked 
|  91|0x0000000096b00000, 0x0000000096b00000, 0x0000000096c00000|  0%| F|  |TAMS 0x0000000096b00000, 0x0000000096b00000| Untracked 
|  92|0x0000000096c00000, 0x0000000096c00000, 0x0000000096d00000|  0%| F|  |TAMS 0x0000000096c00000, 0x0000000096c00000| Untracked 
|  93|0x0000000096d00000, 0x0000000096d00000, 0x0000000096e00000|  0%| F|  |TAMS 0x0000000096d00000, 0x0000000096d00000| Untracked 
|  94|0x0000000096e00000, 0x0000000096e00000, 0x0000000096f00000|  0%| F|  |TAMS 0x0000000096e00000, 0x0000000096e00000| Untracked 
|  95|0x0000000096f00000, 0x0000000096f00000, 0x0000000097000000|  0%| F|  |TAMS 0x0000000096f00000, 0x0000000096f00000| Untracked 
|  96|0x0000000097000000, 0x0000000097000000, 0x0000000097100000|  0%| F|  |TAMS 0x0000000097000000, 0x0000000097000000| Untracked 
|  97|0x0000000097100000, 0x0000000097100000, 0x0000000097200000|  0%| F|  |TAMS 0x0000000097100000, 0x0000000097100000| Untracked 
|  98|0x0000000097200000, 0x0000000097200000, 0x0000000097300000|  0%| F|  |TAMS 0x0000000097200000, 0x0000000097200000| Untracked 
|  99|0x0000000097300000, 0x00000000973885b0, 0x0000000097400000| 53%| E|  |TAMS 0x0000000097300000, 0x0000000097300000| Complete 
| 100|0x0000000097400000, 0x0000000097500000, 0x0000000097500000|100%| E|CS|TAMS 0x0000000097400000, 0x0000000097400000| Complete 
| 101|0x0000000097500000, 0x0000000097600000, 0x0000000097600000|100%| E|CS|TAMS 0x0000000097500000, 0x0000000097500000| Complete 
| 102|0x0000000097600000, 0x0000000097700000, 0x0000000097700000|100%| E|CS|TAMS 0x0000000097600000, 0x0000000097600000| Complete 
| 103|0x0000000097700000, 0x0000000097800000, 0x0000000097800000|100%| E|CS|TAMS 0x0000000097700000, 0x0000000097700000| Complete 
| 104|0x0000000097800000, 0x0000000097900000, 0x0000000097900000|100%| E|CS|TAMS 0x0000000097800000, 0x0000000097800000| Complete 
| 105|0x0000000097900000, 0x0000000097a00000, 0x0000000097a00000|100%| E|CS|TAMS 0x0000000097900000, 0x0000000097900000| Complete 
| 106|0x0000000097a00000, 0x0000000097b00000, 0x0000000097b00000|100%| E|CS|TAMS 0x0000000097a00000, 0x0000000097a00000| Complete 
| 107|0x0000000097b00000, 0x0000000097c00000, 0x0000000097c00000|100%| E|CS|TAMS 0x0000000097b00000, 0x0000000097b00000| Complete 
| 108|0x0000000097c00000, 0x0000000097d00000, 0x0000000097d00000|100%| E|CS|TAMS 0x0000000097c00000, 0x0000000097c00000| Complete 
| 109|0x0000000097d00000, 0x0000000097e00000, 0x0000000097e00000|100%| E|CS|TAMS 0x0000000097d00000, 0x0000000097d00000| Complete 
| 110|0x0000000097e00000, 0x0000000097f00000, 0x0000000097f00000|100%| E|CS|TAMS 0x0000000097e00000, 0x0000000097e00000| Complete 
| 111|0x0000000097f00000, 0x0000000098000000, 0x0000000098000000|100%| E|CS|TAMS 0x0000000097f00000, 0x0000000097f00000| Complete 

Card table byte_map: [0x00000297eba60000,0x00000297ebde0000] _byte_map_base: 0x00000297eb5d8000

Marking Bits (Prev, Next): (CMBitMap*) 0x00000297d29cc770, (CMBitMap*) 0x00000297d29cc730
 Prev Bits: [0x00000297edd20000, 0x00000297ef8e0000)
 Next Bits: [0x00000297ec160000, 0x00000297edd20000)

Polling page: 0x00000297d2a30000

Metaspace:

Usage:
  Non-class:     19.76 MB used.
      Class:      3.32 MB used.
       Both:     23.09 MB used.

Virtual space:
  Non-class space:       64.00 MB reserved,      19.94 MB ( 31%) committed,  1 nodes.
      Class space:        1.00 GB reserved,       3.50 MB ( <1%) committed,  1 nodes.
             Both:        1.06 GB reserved,      23.44 MB (  2%) committed. 

Chunk freelists:
   Non-Class:  11.44 MB
       Class:  12.33 MB
        Both:  23.78 MB

MaxMetaspaceSize: unlimited
CompressedClassSpaceSize: 1.00 GB
Initial GC threshold: 21.00 MB
Current GC threshold: 35.12 MB
CDS: on
MetaspaceReclaimPolicy: balanced
 - commit_granule_bytes: 65536.
 - commit_granule_words: 8192.
 - virtual_space_node_default_size: 8388608.
 - enlarge_chunks_in_place: 1.
 - new_chunks_are_fully_committed: 0.
 - uncommit_free_chunks: 1.
 - use_allocation_guard: 0.
 - handle_deallocations: 1.


Internal statistics:

num_allocs_failed_limit: 3.
num_arena_births: 400.
num_arena_deaths: 0.
num_vsnodes_births: 2.
num_vsnodes_deaths: 0.
num_space_committed: 375.
num_space_uncommitted: 0.
num_chunks_returned_to_freelist: 3.
num_chunks_taken_from_freelist: 1278.
num_chunk_merges: 3.
num_chunk_splits: 850.
num_chunks_enlarged: 601.
num_inconsistent_stats: 0.

CodeHeap 'non-profiled nmethods': size=120000Kb used=4453Kb max_used=4453Kb free=115546Kb
 bounds [0x00000297e3750000, 0x00000297e3bb0000, 0x00000297eac80000]
CodeHeap 'profiled nmethods': size=120000Kb used=13806Kb max_used=13806Kb free=106193Kb
 bounds [0x00000297dbc80000, 0x00000297dca00000, 0x00000297e31b0000]
CodeHeap 'non-nmethods': size=5760Kb used=1531Kb max_used=1618Kb free=4228Kb
 bounds [0x00000297e31b0000, 0x00000297e3420000, 0x00000297e3750000]
 total_blobs=6843 nmethods=6010 adapters=744
 compilation: enabled
              stopped_count=0, restarted_count=0
 full_count=0

Compilation events (20 events):
Event: 71.866 Thread 0x00000297f2379000 nmethod 6739 0x00000297dc9f8090 code [0x00000297dc9f8580, 0x00000297dc9faee8]
Event: 71.866 Thread 0x00000297f2379000 6740       3       java.lang.invoke.BoundMethodHandle$Species_L::make (11 bytes)
Event: 71.866 Thread 0x00000297f2379000 nmethod 6740 0x00000297dc9fbf90 code [0x00000297dc9fc140, 0x00000297dc9fc3a8]
Event: 72.443 Thread 0x00000297f2370630 nmethod 6726 0x00000297e3b85490 code [0x00000297e3b863c0, 0x00000297e3b907a0]
Event: 72.443 Thread 0x00000297f2370630 6734       4       java.lang.invoke.LambdaForm$Name::replaceNames (175 bytes)
Event: 73.063 Thread 0x00000297f2370630 nmethod 6734 0x00000297e3b95c90 code [0x00000297e3b96380, 0x00000297e3ba09a8]
Event: 73.063 Thread 0x00000297f2370630 6736       4       java.lang.invoke.MethodType::equals (56 bytes)
Event: 73.067 Thread 0x00000297f2370630 nmethod 6736 0x00000297e3ba4410 code [0x00000297e3ba45a0, 0x00000297e3ba4898]
Event: 305.237 Thread 0x00000297f2370630 6741       4       com.sun.javafx.tk.quantum.QuantumToolkit::postPulse (133 bytes)
Event: 305.400 Thread 0x00000297f2370630 nmethod 6741 0x00000297e3ba4b90 code [0x00000297e3ba4ec0, 0x00000297e3ba7e20]
Event: 305.400 Thread 0x00000297f2370630 6742       4       com.sun.javafx.tk.quantum.QuantumToolkit$$Lambda$90/0x00000297810379e0::run (8 bytes)
Event: 305.402 Thread 0x00000297f2370630 nmethod 6742 0x00000297e3ba9410 code [0x00000297e3ba95a0, 0x00000297e3ba9698]
Event: 305.413 Thread 0x00000297f2379000 6743       3       java.util.concurrent.ConcurrentHashMap$BaseIterator::<init> (21 bytes)
Event: 305.414 Thread 0x00000297f2379000 nmethod 6743 0x00000297dc9fc510 code [0x00000297dc9fc6c0, 0x00000297dc9fc8d8]
Event: 305.414 Thread 0x00000297f2379000 6744       3       java.util.concurrent.ConcurrentHashMap::sumCount (60 bytes)
Event: 305.414 Thread 0x00000297f2379000 nmethod 6744 0x00000297dc9fc990 code [0x00000297dc9fcb40, 0x00000297dc9fcd98]
Event: 305.414 Thread 0x00000297f2379000 6745       3       java.util.concurrent.ThreadPoolExecutor$Worker::tryAcquire (20 bytes)
Event: 305.415 Thread 0x00000297f2379000 nmethod 6745 0x00000297dc9fce90 code [0x00000297dc9fd040, 0x00000297dc9fd288]
Event: 305.415 Thread 0x00000297f2379000 6746       3       java.util.LinkedList::remove (77 bytes)
Event: 305.416 Thread 0x00000297f2379000 nmethod 6746 0x00000297dc9fd390 code [0x00000297dc9fd580, 0x00000297dc9fdaa8]

GC Heap History (10 events):
Event: 1.088 GC heap before
{Heap before GC invocations=0 (full 0):
 garbage-first heap   total 114688K, used 22528K [0x0000000091000000, 0x0000000100000000)
  region size 1024K, 23 young (23552K), 0 survivors (0K)
 Metaspace       used 4582K, committed 4800K, reserved 1114112K
  class space    used 513K, committed 640K, reserved 1048576K
}
Event: 1.094 GC heap after
{Heap after GC invocations=1 (full 0):
 garbage-first heap   total 114688K, used 3093K [0x0000000091000000, 0x0000000100000000)
  region size 1024K, 3 young (3072K), 3 survivors (3072K)
 Metaspace       used 4582K, committed 4800K, reserved 1114112K
  class space    used 513K, committed 640K, reserved 1048576K
}
Event: 4.498 GC heap before
{Heap before GC invocations=1 (full 0):
 garbage-first heap   total 114688K, used 38933K [0x0000000091000000, 0x0000000100000000)
  region size 1024K, 35 young (35840K), 3 survivors (3072K)
 Metaspace       used 11001K, committed 11200K, reserved 1114112K
  class space    used 1464K, committed 1600K, reserved 1048576K
}
Event: 4.505 GC heap after
{Heap after GC invocations=2 (full 0):
 garbage-first heap   total 114688K, used 7979K [0x0000000091000000, 0x0000000100000000)
  region size 1024K, 3 young (3072K), 3 survivors (3072K)
 Metaspace       used 11001K, committed 11200K, reserved 1114112K
  class space    used 1464K, committed 1600K, reserved 1048576K
}
Event: 11.085 GC heap before
{Heap before GC invocations=2 (full 0):
 garbage-first heap   total 114688K, used 80683K [0x0000000091000000, 0x0000000100000000)
  region size 1024K, 55 young (56320K), 3 survivors (3072K)
 Metaspace       used 20523K, committed 20800K, reserved 1114112K
  class space    used 3007K, committed 3136K, reserved 1048576K
}
Event: 11.096 GC heap after
{Heap after GC invocations=3 (full 0):
 garbage-first heap   total 114688K, used 32864K [0x0000000091000000, 0x0000000100000000)
  region size 1024K, 7 young (7168K), 7 survivors (7168K)
 Metaspace       used 20523K, committed 20800K, reserved 1114112K
  class space    used 3007K, committed 3136K, reserved 1048576K
}
Event: 12.251 GC heap before
{Heap before GC invocations=3 (full 0):
 garbage-first heap   total 114688K, used 35936K [0x0000000091000000, 0x0000000100000000)
  region size 1024K, 11 young (11264K), 7 survivors (7168K)
 Metaspace       used 21265K, committed 21504K, reserved 1114112K
  class space    used 3102K, committed 3264K, reserved 1048576K
}
Event: 12.259 GC heap after
{Heap after GC invocations=4 (full 0):
 garbage-first heap   total 114688K, used 34033K [0x0000000091000000, 0x0000000100000000)
  region size 1024K, 1 young (1024K), 1 survivors (1024K)
 Metaspace       used 21265K, committed 21504K, reserved 1114112K
  class space    used 3102K, committed 3264K, reserved 1048576K
}
Event: 43.361 GC heap before
{Heap before GC invocations=5 (full 0):
 garbage-first heap   total 114688K, used 98545K [0x0000000091000000, 0x0000000100000000)
  region size 1024K, 48 young (49152K), 1 survivors (1024K)
 Metaspace       used 23417K, committed 23808K, reserved 1114112K
  class space    used 3381K, committed 3584K, reserved 1048576K
}
Event: 43.367 GC heap after
{Heap after GC invocations=6 (full 0):
 garbage-first heap   total 114688K, used 40119K [0x0000000091000000, 0x0000000100000000)
  region size 1024K, 5 young (5120K), 5 survivors (5120K)
 Metaspace       used 23417K, committed 23808K, reserved 1114112K
  class space    used 3381K, committed 3584K, reserved 1048576K
}

Dll operation events (20 events):
Event: 0.576 Loaded shared library D:\Proyecto Terminal\openjfx-22.0.1_windows-x64_bin-sdk\javafx-sdk-22.0.1\bin\api-ms-win-crt-math-l1-1-0.dll
Event: 0.577 Loaded shared library D:\Proyecto Terminal\openjfx-22.0.1_windows-x64_bin-sdk\javafx-sdk-22.0.1\bin\api-ms-win-crt-multibyte-l1-1-0.dll
Event: 0.578 Loaded shared library D:\Proyecto Terminal\openjfx-22.0.1_windows-x64_bin-sdk\javafx-sdk-22.0.1\bin\api-ms-win-crt-private-l1-1-0.dll
Event: 0.580 Loaded shared library D:\Proyecto Terminal\openjfx-22.0.1_windows-x64_bin-sdk\javafx-sdk-22.0.1\bin\api-ms-win-crt-process-l1-1-0.dll
Event: 0.582 Loaded shared library D:\Proyecto Terminal\openjfx-22.0.1_windows-x64_bin-sdk\javafx-sdk-22.0.1\bin\api-ms-win-crt-runtime-l1-1-0.dll
Event: 0.584 Loaded shared library D:\Proyecto Terminal\openjfx-22.0.1_windows-x64_bin-sdk\javafx-sdk-22.0.1\bin\api-ms-win-crt-stdio-l1-1-0.dll
Event: 0.585 Loaded shared library D:\Proyecto Terminal\openjfx-22.0.1_windows-x64_bin-sdk\javafx-sdk-22.0.1\bin\api-ms-win-crt-string-l1-1-0.dll
Event: 0.587 Loaded shared library D:\Proyecto Terminal\openjfx-22.0.1_windows-x64_bin-sdk\javafx-sdk-22.0.1\bin\api-ms-win-crt-time-l1-1-0.dll
Event: 0.588 Loaded shared library D:\Proyecto Terminal\openjfx-22.0.1_windows-x64_bin-sdk\javafx-sdk-22.0.1\bin\api-ms-win-crt-utility-l1-1-0.dll
Event: 0.590 Loaded shared library D:\Proyecto Terminal\openjfx-22.0.1_windows-x64_bin-sdk\javafx-sdk-22.0.1\bin\ucrtbase.dll
Event: 0.592 Loaded shared library D:\Proyecto Terminal\openjfx-22.0.1_windows-x64_bin-sdk\javafx-sdk-22.0.1\bin\vcruntime140.dll
Event: 0.594 Loaded shared library D:\Proyecto Terminal\openjfx-22.0.1_windows-x64_bin-sdk\javafx-sdk-22.0.1\bin\vcruntime140_1.dll
Event: 0.596 Loaded shared library D:\Proyecto Terminal\openjfx-22.0.1_windows-x64_bin-sdk\javafx-sdk-22.0.1\bin\msvcp140.dll
Event: 0.597 Loaded shared library D:\Proyecto Terminal\openjfx-22.0.1_windows-x64_bin-sdk\javafx-sdk-22.0.1\bin\msvcp140_1.dll
Event: 0.600 Loaded shared library D:\Proyecto Terminal\openjfx-22.0.1_windows-x64_bin-sdk\javafx-sdk-22.0.1\bin\msvcp140_2.dll
Event: 0.674 Loaded shared library D:\Proyecto Terminal\openjfx-22.0.1_windows-x64_bin-sdk\javafx-sdk-22.0.1\bin\prism_d3d.dll
Event: 0.739 Loaded shared library D:\Proyecto Terminal\openjfx-22.0.1_windows-x64_bin-sdk\javafx-sdk-22.0.1\bin\glass.dll
Event: 0.965 Loaded shared library C:\Users\diego\.jdks\corretto-17.0.12\bin\jimage.dll
Event: 2.112 Loaded shared library D:\Proyecto Terminal\openjfx-22.0.1_windows-x64_bin-sdk\javafx-sdk-22.0.1\bin\javafx_font.dll
Event: 6.884 Loaded shared library D:\Proyecto Terminal\openjfx-22.0.1_windows-x64_bin-sdk\javafx-sdk-22.0.1\bin\javafx_iio.dll

Deoptimization events (20 events):
Event: 44.711 Thread 0x00000297f72c3c40 DEOPT PACKING pc=0x00000297dbf9cf9c sp=0x000000ebf71fd250
Event: 44.711 Thread 0x00000297f72c3c40 DEOPT UNPACKING pc=0x00000297e3207143 sp=0x000000ebf71fc728 mode 1
Event: 44.756 Thread 0x00000297f72c3c40 DEOPT PACKING pc=0x00000297dbe36a5c sp=0x000000ebf71fc460
Event: 44.756 Thread 0x00000297f72c3c40 DEOPT UNPACKING pc=0x00000297e3207143 sp=0x000000ebf71fba48 mode 1
Event: 44.756 Thread 0x00000297f72c3c40 DEOPT PACKING pc=0x00000297dbe5fbdc sp=0x000000ebf71fc650
Event: 44.756 Thread 0x00000297f72c3c40 DEOPT UNPACKING pc=0x00000297e3207143 sp=0x000000ebf71fbb18 mode 1
Event: 45.483 Thread 0x00000297f71299a0 Uncommon trap: trap_request=0xffffffc6 fr.pc=0x00000297e385bc28 relative=0x0000000000000888
Event: 45.483 Thread 0x00000297f71299a0 Uncommon trap: reason=bimorphic_or_optimized_type_check action=maybe_recompile pc=0x00000297e385bc28 method=com.sun.javafx.sg.prism.NGNode.markCullRegions(Lcom/sun/javafx/geom/DirtyRegionContainer;ILcom/sun/javafx/geom/transform/BaseTransform;Lcom/sun/jav
Event: 45.483 Thread 0x00000297f71299a0 DEOPT PACKING pc=0x00000297e385bc28 sp=0x000000ebf6dfe8c0
Event: 45.483 Thread 0x00000297f71299a0 DEOPT UNPACKING pc=0x00000297e32069a3 sp=0x000000ebf6dfe858 mode 2
Event: 305.414 Thread 0x00000297c1d2e5b0 Uncommon trap: trap_request=0xffffff45 fr.pc=0x00000297e3aedd44 relative=0x00000000000000c4
Event: 305.414 Thread 0x00000297c1d2e5b0 Uncommon trap: reason=unstable_if action=reinterpret pc=0x00000297e3aedd44 method=java.util.concurrent.locks.ReentrantLock$Sync.tryRelease(I)Z @ 26 c2
Event: 305.414 Thread 0x00000297c1d2e5b0 DEOPT PACKING pc=0x00000297e3aedd44 sp=0x000000ebf68ff260
Event: 305.414 Thread 0x00000297c1d2e5b0 DEOPT UNPACKING pc=0x00000297e32069a3 sp=0x000000ebf68ff210 mode 2
Event: 305.414 Thread 0x00000297f71299a0 DEOPT PACKING pc=0x00000297dc6dda24 sp=0x000000ebf6dfef90
Event: 305.414 Thread 0x00000297f71299a0 DEOPT UNPACKING pc=0x00000297e3207143 sp=0x000000ebf6dfe4b0 mode 1
Event: 305.414 Thread 0x00000297f71299a0 DEOPT PACKING pc=0x00000297dc881dec sp=0x000000ebf6dff080
Event: 305.414 Thread 0x00000297f71299a0 DEOPT UNPACKING pc=0x00000297e3207143 sp=0x000000ebf6dfe5d0 mode 1
Event: 305.415 Thread 0x00000297c1d2e5b0 DEOPT PACKING pc=0x00000297e38de7cc sp=0x000000ebf68ff5c0
Event: 305.415 Thread 0x00000297c1d2e5b0 DEOPT UNPACKING pc=0x00000297e3207143 sp=0x000000ebf68fe9e0 mode 1

Classes loaded (20 events):
Event: 42.131 Loading class optiuam/bc/model/ElementoGrafico
Event: 42.131 Loading class optiuam/bc/model/ElementoGrafico done
Event: 42.131 Loading class optiuam/bc/model/ElementoGrafico
Event: 42.131 Loading class optiuam/bc/model/ElementoGrafico done
Event: 42.132 Loading class optiuam/bc/controller/VentanaFibraController
Event: 42.132 Loading class optiuam/bc/controller/VentanaFibraController done
Event: 42.132 Loading class optiuam/bc/model/ElementoGrafico
Event: 42.132 Loading class optiuam/bc/model/ElementoGrafico done
Event: 44.407 Loading class jdk/internal/access/foreign/MemorySegmentProxy
Event: 44.407 Loading class jdk/internal/access/foreign/MemorySegmentProxy done
Event: 46.928 Loading class com/intellij/rt/debugger/BatchEvaluatorServer
Event: 46.928 Loading class com/intellij/rt/debugger/BatchEvaluatorServer done
Event: 71.839 Loading class java/io/DataOutputStream
Event: 71.840 Loading class java/io/DataOutputStream done
Event: 305.411 Loading class jdk/internal/misc/Signal$1
Event: 305.411 Loading class jdk/internal/misc/Signal$1 done
Event: 305.413 Loading class com/sun/javafx/tk/quantum/QuantumRenderer
Event: 305.413 Loading class com/sun/javafx/tk/quantum/QuantumRenderer done
Event: 305.414 Loading class com/sun/javafx/tk/quantum/QuantumToolkit
Event: 305.414 Loading class com/sun/javafx/tk/quantum/QuantumToolkit done

Classes unloaded (0 events):
No events

Classes redefined (0 events):
No events

Internal exceptions (20 events):
Event: 4.986 Thread 0x00000297f72c3c40 Exception <a 'java/lang/IncompatibleClassChangeError'{0x0000000097304ee8}: Found class java.lang.Object, but interface was expected> (0x0000000097304ee8) 
thrown [s\src\hotspot\share\interpreter\linkResolver.cpp, line 826]
Event: 5.096 Thread 0x00000297f72c3c40 Exception <a 'java/lang/NoSuchMethodError'{0x000000009718bd58}: 'void java.lang.invoke.DirectMethodHandle$Holder.invokeSpecialIFC(java.lang.Object, java.lang.Object, java.lang.Object, java.lang.Object)'> (0x000000009718bd58) 
thrown [s\src\hotspot\share\interpreter\linkResolver.cpp, line 759]
Event: 5.314 Thread 0x00000297f72c3c40 Exception <a 'java/lang/NoSuchMethodError'{0x0000000096a45408}: 'void java.lang.invoke.DirectMethodHandle$Holder.invokeSpecial(java.lang.Object, java.lang.Object, java.lang.Object, java.lang.Object, java.lang.Object, java.lang.Object)'> (0x0000000096a45408) 
thrown [s\src\hotspot\share\interpreter\linkResolver.cpp, line 759]
Event: 5.651 Thread 0x00000297f71299a0 Exception <a 'java/lang/NoSuchMethodError'{0x00000000964a5b08}: 'java.lang.Object java.lang.invoke.DirectMethodHandle$Holder.invokeStaticInit(java.lang.Object, int)'> (0x00000000964a5b08) 
thrown [s\src\hotspot\share\interpreter\linkResolver.cpp, line 759]
Event: 6.809 Thread 0x00000297f72c3c40 Exception <a 'java/lang/NoSuchMethodError'{0x00000000960638f8}: 'long java.lang.invoke.DirectMethodHandle$Holder.invokeStatic(java.lang.Object, java.lang.Object, java.lang.Object)'> (0x00000000960638f8) 
thrown [s\src\hotspot\share\interpreter\linkResolver.cpp, line 759]
Event: 6.809 Thread 0x00000297f72c3c40 Exception <a 'java/lang/NoSuchMethodError'{0x00000000960670a0}: 'long java.lang.invoke.DirectMethodHandle$Holder.invokeStaticInit(java.lang.Object, java.lang.Object, java.lang.Object)'> (0x00000000960670a0) 
thrown [s\src\hotspot\share\interpreter\linkResolver.cpp, line 759]
Event: 6.814 Thread 0x00000297f72c3c40 Exception <a 'java/lang/NoSuchMethodError'{0x000000009607ec20}: 'java.lang.Object java.lang.invoke.DirectMethodHandle$Holder.newInvokeSpecial(java.lang.Object, java.lang.Object, long)'> (0x000000009607ec20) 
thrown [s\src\hotspot\share\interpreter\linkResolver.cpp, line 759]
Event: 6.814 Thread 0x00000297f72c3c40 Exception <a 'java/lang/NoSuchMethodError'{0x00000000960829d0}: 'java.lang.Object java.lang.invoke.Invokers$Holder.linkToTargetMethod(java.lang.Object, long, java.lang.Object)'> (0x00000000960829d0) 
thrown [s\src\hotspot\share\interpreter\linkResolver.cpp, line 759]
Event: 7.072 Thread 0x00000297f72c3c40 Exception <a 'java/lang/ClassNotFoundException'{0x0000000095650938}: com/sun/javafx/scene/control/skin/resources/controls> (0x0000000095650938) 
thrown [s\src\hotspot\share\prims\jni.cpp, line 535]
Event: 7.073 Thread 0x00000297f72c3c40 Exception <a 'java/lang/ClassNotFoundException'{0x000000009565f2e8}: com/sun/javafx/scene/control/skin/resources/controls_es> (0x000000009565f2e8) 
thrown [s\src\hotspot\share\prims\jni.cpp, line 535]
Event: 7.074 Thread 0x00000297f72c3c40 Exception <a 'java/lang/ClassNotFoundException'{0x000000009566d4c8}: com/sun/javafx/scene/control/skin/resources/controls_es_MX> (0x000000009566d4c8) 
thrown [s\src\hotspot\share\prims\jni.cpp, line 535]
Event: 7.113 Thread 0x00000297f72c3c40 Exception <a 'java/lang/NoSuchMethodError'{0x00000000955fb250}: 'int java.lang.invoke.DirectMethodHandle$Holder.invokeSpecial(java.lang.Object, java.lang.Object, int)'> (0x00000000955fb250) 
thrown [s\src\hotspot\share\interpreter\linkResolver.cpp, line 759]
Event: 8.027 Thread 0x00000297f72c3c40 Exception <a 'java/lang/NoSuchMethodError'{0x0000000094d1e540}: 'java.lang.Object java.lang.invoke.DirectMethodHandle$Holder.newInvokeSpecial(java.lang.Object, java.lang.Object, int, int, int, int, int, java.lang.Object)'> (0x0000000094d1e540) 
thrown [s\src\hotspot\share\interpreter\linkResolver.cpp, line 759]
Event: 8.029 Thread 0x00000297f72c3c40 Exception <a 'java/lang/NoSuchMethodError'{0x0000000094d31a68}: 'java.lang.Object java.lang.invoke.DirectMethodHandle$Holder.newInvokeSpecial(java.lang.Object, java.lang.Object, java.lang.Object, int, int, int, int, int)'> (0x0000000094d31a68) 
thrown [s\src\hotspot\share\interpreter\linkResolver.cpp, line 759]
Event: 8.030 Thread 0x00000297f72c3c40 Exception <a 'java/lang/NoSuchMethodError'{0x0000000094d39ac0}: 'java.lang.Object java.lang.invoke.Invokers$Holder.linkToTargetMethod(java.lang.Object, java.lang.Object, int, int, int, int, int, java.lang.Object)'> (0x0000000094d39ac0) 
thrown [s\src\hotspot\share\interpreter\linkResolver.cpp, line 759]
Event: 8.155 Thread 0x00000297f72c3c40 Exception <a 'java/lang/NoSuchMethodError'{0x0000000094d412e8}: 'void java.lang.invoke.DirectMethodHandle$Holder.invokeVirtual(java.lang.Object, java.lang.Object)'> (0x0000000094d412e8) 
thrown [s\src\hotspot\share\interpreter\linkResolver.cpp, line 759]
Event: 43.378 Thread 0x00000297f71299a0 Implicit null exception at 0x00000297e3a3ebac to 0x00000297e3a3ec2c
Event: 71.850 Thread 0x00000297f72c3c40 Exception <a 'java/lang/NoSuchMethodError'{0x000000009751ee38}: 'java.lang.Object java.lang.invoke.DirectMethodHandle$Holder.invokeSpecial(java.lang.Object, java.lang.Object, long, java.lang.Object, int, int, java.lang.Object, int, java.lang.Object)'> (0x000000009751ee38) 
thrown [s\src\hotspot\share\interpreter\linkResolver.cpp, line 759]
Event: 71.851 Thread 0x00000297f72c3c40 Exception <a 'java/lang/NoSuchMethodError'{0x0000000097523098}: 'java.lang.Object java.lang.invoke.DelegatingMethodHandle$Holder.reinvoke_L(java.lang.Object, long, java.lang.Object, int, int, java.lang.Object, int, java.lang.Object)'> (0x0000000097523098) 
thrown [s\src\hotspot\share\interpreter\linkResolver.cpp, line 759]
Event: 71.862 Thread 0x00000297f72c3c40 Exception <a 'java/lang/NoSuchMethodError'{0x000000009757ae98}: 'java.lang.Object java.lang.invoke.DelegatingMethodHandle$Holder.reinvoke_L(java.lang.Object, java.lang.Object, int, int, double, int)'> (0x000000009757ae98) 
thrown [s\src\hotspot\share\interpreter\linkResolver.cpp, line 759]

VM Operations (20 events):
Event: 295.847 Executing VM operation: get/set locals done
Event: 295.847 Executing VM operation: get/set locals
Event: 295.847 Executing VM operation: get/set locals done
Event: 305.236 Executing VM operation: ChangeBreakpoints
Event: 305.237 Executing VM operation: ChangeBreakpoints done
Event: 305.238 Executing VM operation: ChangeBreakpoints
Event: 305.240 Executing VM operation: ChangeBreakpoints done
Event: 305.240 Executing VM operation: ChangeBreakpoints
Event: 305.240 Executing VM operation: ChangeBreakpoints done
Event: 305.241 Executing VM operation: ChangeBreakpoints
Event: 305.242 Executing VM operation: ChangeBreakpoints done
Event: 305.243 Executing VM operation: ChangeBreakpoints
Event: 305.243 Executing VM operation: ChangeBreakpoints done
Event: 305.244 Executing VM operation: ChangeBreakpoints
Event: 305.244 Executing VM operation: ChangeBreakpoints done
Event: 305.244 Executing VM operation: ChangeBreakpoints
Event: 305.245 Executing VM operation: ChangeBreakpoints done
Event: 305.246 Executing VM operation: ChangeBreakpoints
Event: 305.247 Executing VM operation: ChangeBreakpoints done
Event: 305.416 Executing VM operation: Exit

Events (20 events):
Event: 28.201 Thread 0x00000297f23840f0 flushing nmethod 0x00000297dbd8f310
Event: 29.239 Thread 0x00000297fce7f070 Thread exited: 0x00000297fce7f070
Event: 29.802 Thread 0x00000297fce7f070 Thread added: 0x00000297fce7f070
Event: 31.659 Thread 0x00000297fce7f070 Thread exited: 0x00000297fce7f070
Event: 36.775 Thread 0x00000297fce7f070 Thread added: 0x00000297fce7f070
Event: 37.425 Thread 0x00000297fce7f070 Thread exited: 0x00000297fce7f070
Event: 43.314 Thread 0x00000297fce805b0 Thread added: 0x00000297fce805b0
Event: 44.396 Thread 0x00000297fce805b0 Thread exited: 0x00000297fce805b0
Event: 44.756 Thread 0x00000297fce805b0 Thread added: 0x00000297fce805b0
Event: 45.095 Thread 0x00000297fce805b0 Thread exited: 0x00000297fce805b0
Event: 45.490 Thread 0x00000297fce7f070 Thread added: 0x00000297fce7f070
Event: 45.832 Thread 0x00000297fce7f070 Thread exited: 0x00000297fce7f070
Event: 305.236 Thread 0x00000297f28b7d90 Thread exited: 0x00000297f28b7d90
Event: 305.256 Thread 0x00000297f2844710 Thread exited: 0x00000297f2844710
Event: 305.412 Thread 0x00000297c1d2e0a0 Thread added: 0x00000297c1d2e0a0
Event: 305.413 Thread 0x00000297c1d2efd0 Thread added: 0x00000297c1d2efd0
Event: 305.413 Thread 0x00000297c1d2e5b0 Thread added: 0x00000297c1d2e5b0
Event: 305.413 Thread 0x00000297c1d2efd0 Thread exited: 0x00000297c1d2efd0
Event: 305.415 Thread 0x00000297c1d2e5b0 Thread exited: 0x00000297c1d2e5b0
Event: 305.415 Thread 0x00000297f23684f0 Thread exited: 0x00000297f23684f0


Dynamic libraries:
0x00007ff618230000 - 0x00007ff61823e000 	C:\Users\diego\.jdks\corretto-17.0.12\bin\java.exe
0x00007ffe72110000 - 0x00007ffe72327000 	C:\Windows\SYSTEM32\ntdll.dll
0x00007ffe70470000 - 0x00007ffe70534000 	C:\Windows\System32\KERNEL32.DLL
0x00007ffe6f6a0000 - 0x00007ffe6fa4d000 	C:\Windows\System32\KERNELBASE.dll
0x00007ffe6f580000 - 0x00007ffe6f691000 	C:\Windows\System32\ucrtbase.dll
0x00007ffe68d80000 - 0x00007ffe68d97000 	C:\Users\diego\.jdks\corretto-17.0.12\bin\jli.dll
0x00007ffe68cc0000 - 0x00007ffe68cdb000 	C:\Users\diego\.jdks\corretto-17.0.12\bin\VCRUNTIME140.dll
0x00007ffe70c60000 - 0x00007ffe70e0e000 	C:\Windows\System32\USER32.dll
0x00007ffe6f550000 - 0x00007ffe6f576000 	C:\Windows\System32\win32u.dll
0x00007ffe70e10000 - 0x00007ffe70e39000 	C:\Windows\System32\GDI32.dll
0x00007ffe57490000 - 0x00007ffe57723000 	C:\Windows\WinSxS\amd64_microsoft.windows.common-controls_6595b64144ccf1df_6.0.22621.3672_none_2713b9d173822955\COMCTL32.dll
0x00007ffe6fa50000 - 0x00007ffe6fb69000 	C:\Windows\System32\gdi32full.dll
0x00007ffe703c0000 - 0x00007ffe70467000 	C:\Windows\System32\msvcrt.dll
0x00007ffe6f4b0000 - 0x00007ffe6f54a000 	C:\Windows\System32\msvcp_win.dll
0x00007ffe70010000 - 0x00007ffe70041000 	C:\Windows\System32\IMM32.DLL
0x00007ffe68d70000 - 0x00007ffe68d7c000 	C:\Users\diego\.jdks\corretto-17.0.12\bin\vcruntime140_1.dll
0x00007ffe68c30000 - 0x00007ffe68cbd000 	C:\Users\diego\.jdks\corretto-17.0.12\bin\msvcp140.dll
0x00007ffe19770000 - 0x00007ffe1a3da000 	C:\Users\diego\.jdks\corretto-17.0.12\bin\server\jvm.dll
0x00007ffe70e50000 - 0x00007ffe70f02000 	C:\Windows\System32\ADVAPI32.dll
0x00007ffe71830000 - 0x00007ffe718d9000 	C:\Windows\System32\sechost.dll
0x00007ffe6fca0000 - 0x00007ffe6fcc8000 	C:\Windows\System32\bcrypt.dll
0x00007ffe70290000 - 0x00007ffe703a4000 	C:\Windows\System32\RPCRT4.dll
0x00007ffe706a0000 - 0x00007ffe70711000 	C:\Windows\System32\WS2_32.dll
0x00007ffe6f300000 - 0x00007ffe6f34d000 	C:\Windows\SYSTEM32\POWRPROF.dll
0x00007ffe6be00000 - 0x00007ffe6be34000 	C:\Windows\SYSTEM32\WINMM.dll
0x00007ffe64450000 - 0x00007ffe6445a000 	C:\Windows\SYSTEM32\VERSION.dll
0x00007ffe6f2e0000 - 0x00007ffe6f2f3000 	C:\Windows\SYSTEM32\UMPDC.dll
0x00007ffe6e480000 - 0x00007ffe6e498000 	C:\Windows\SYSTEM32\kernel.appcore.dll
0x00007ffe68c20000 - 0x00007ffe68c2a000 	C:\Users\diego\.jdks\corretto-17.0.12\bin\jimage.dll
0x00007ffe6ca80000 - 0x00007ffe6ccb2000 	C:\Windows\SYSTEM32\DBGHELP.DLL
0x00007ffe70720000 - 0x00007ffe70aae000 	C:\Windows\System32\combase.dll
0x00007ffe71960000 - 0x00007ffe71a37000 	C:\Windows\System32\OLEAUT32.dll
0x00007ffe4d290000 - 0x00007ffe4d2c2000 	C:\Windows\SYSTEM32\dbgcore.DLL
0x00007ffe6f430000 - 0x00007ffe6f4ab000 	C:\Windows\System32\bcryptPrimitives.dll
0x00007ffe503d0000 - 0x00007ffe5040b000 	C:\Users\diego\.jdks\corretto-17.0.12\bin\jdwp.dll
0x00007ffe68c00000 - 0x00007ffe68c0e000 	C:\Users\diego\.jdks\corretto-17.0.12\bin\instrument.dll
0x00007ffe67fb0000 - 0x00007ffe67fd5000 	C:\Users\diego\.jdks\corretto-17.0.12\bin\java.dll
0x00007ffe67f00000 - 0x00007ffe67f18000 	C:\Users\diego\.jdks\corretto-17.0.12\bin\zip.dll
0x00007ffe5be20000 - 0x00007ffe5bef7000 	C:\Users\diego\.jdks\corretto-17.0.12\bin\jsvml.dll
0x00007ffe70f10000 - 0x00007ffe71777000 	C:\Windows\System32\SHELL32.dll
0x00007ffe6d3b0000 - 0x00007ffe6dcaf000 	C:\Windows\SYSTEM32\windows.storage.dll
0x00007ffe6d270000 - 0x00007ffe6d3af000 	C:\Windows\SYSTEM32\wintypes.dll
0x00007ffe6feb0000 - 0x00007ffe6ffa9000 	C:\Windows\System32\SHCORE.dll
0x00007ffe6fe50000 - 0x00007ffe6feae000 	C:\Windows\System32\shlwapi.dll
0x00007ffe6f360000 - 0x00007ffe6f387000 	C:\Windows\SYSTEM32\profapi.dll
0x00007ffe67c80000 - 0x00007ffe67c99000 	C:\Users\diego\.jdks\corretto-17.0.12\bin\net.dll
0x00007ffe69550000 - 0x00007ffe69686000 	C:\Windows\SYSTEM32\WINHTTP.dll
0x00007ffe6e8f0000 - 0x00007ffe6e959000 	C:\Windows\system32\mswsock.dll
0x00007ffe55cc0000 - 0x00007ffe55cd6000 	C:\Users\diego\.jdks\corretto-17.0.12\bin\nio.dll
0x00007ffe68bf0000 - 0x00007ffe68bfc000 	C:\Users\diego\.jdks\corretto-17.0.12\bin\dt_socket.dll
0x00007ffe6df10000 - 0x00007ffe6df3d000 	C:\Windows\SYSTEM32\IPHLPAPI.DLL
0x00000297f2920000 - 0x00000297f2923000 	D:\Proyecto Terminal\openjfx-22.0.1_windows-x64_bin-sdk\javafx-sdk-22.0.1\bin\api-ms-win-core-console-l1-1-0.dll
0x00000297f2930000 - 0x00000297f2933000 	D:\Proyecto Terminal\openjfx-22.0.1_windows-x64_bin-sdk\javafx-sdk-22.0.1\bin\api-ms-win-core-console-l1-2-0.dll
0x00000297f2940000 - 0x00000297f2943000 	D:\Proyecto Terminal\openjfx-22.0.1_windows-x64_bin-sdk\javafx-sdk-22.0.1\bin\api-ms-win-core-datetime-l1-1-0.dll
0x00000297f2950000 - 0x00000297f2953000 	D:\Proyecto Terminal\openjfx-22.0.1_windows-x64_bin-sdk\javafx-sdk-22.0.1\bin\api-ms-win-core-debug-l1-1-0.dll
0x00000297f2960000 - 0x00000297f2963000 	D:\Proyecto Terminal\openjfx-22.0.1_windows-x64_bin-sdk\javafx-sdk-22.0.1\bin\api-ms-win-core-errorhandling-l1-1-0.dll
0x00000297f2970000 - 0x00000297f2974000 	D:\Proyecto Terminal\openjfx-22.0.1_windows-x64_bin-sdk\javafx-sdk-22.0.1\bin\api-ms-win-core-file-l1-1-0.dll
0x00000297f2980000 - 0x00000297f2983000 	D:\Proyecto Terminal\openjfx-22.0.1_windows-x64_bin-sdk\javafx-sdk-22.0.1\bin\api-ms-win-core-file-l1-2-0.dll
0x00000297f2990000 - 0x00000297f2993000 	D:\Proyecto Terminal\openjfx-22.0.1_windows-x64_bin-sdk\javafx-sdk-22.0.1\bin\api-ms-win-core-file-l2-1-0.dll
0x00000297f29a0000 - 0x00000297f29a3000 	D:\Proyecto Terminal\openjfx-22.0.1_windows-x64_bin-sdk\javafx-sdk-22.0.1\bin\api-ms-win-core-handle-l1-1-0.dll
0x00000297f29b0000 - 0x00000297f29b3000 	D:\Proyecto Terminal\openjfx-22.0.1_windows-x64_bin-sdk\javafx-sdk-22.0.1\bin\api-ms-win-core-heap-l1-1-0.dll
0x00000297f29c0000 - 0x00000297f29c3000 	D:\Proyecto Terminal\openjfx-22.0.1_windows-x64_bin-sdk\javafx-sdk-22.0.1\bin\api-ms-win-core-interlocked-l1-1-0.dll
0x00000297f29d0000 - 0x00000297f29d3000 	D:\Proyecto Terminal\openjfx-22.0.1_windows-x64_bin-sdk\javafx-sdk-22.0.1\bin\api-ms-win-core-libraryloader-l1-1-0.dll
0x00000297f29e0000 - 0x00000297f29e3000 	D:\Proyecto Terminal\openjfx-22.0.1_windows-x64_bin-sdk\javafx-sdk-22.0.1\bin\api-ms-win-core-localization-l1-2-0.dll
0x00000297f29f0000 - 0x00000297f29f3000 	D:\Proyecto Terminal\openjfx-22.0.1_windows-x64_bin-sdk\javafx-sdk-22.0.1\bin\api-ms-win-core-memory-l1-1-0.dll
0x00000297f2a00000 - 0x00000297f2a03000 	D:\Proyecto Terminal\openjfx-22.0.1_windows-x64_bin-sdk\javafx-sdk-22.0.1\bin\api-ms-win-core-namedpipe-l1-1-0.dll
0x00000297f2a10000 - 0x00000297f2a13000 	D:\Proyecto Terminal\openjfx-22.0.1_windows-x64_bin-sdk\javafx-sdk-22.0.1\bin\api-ms-win-core-processenvironment-l1-1-0.dll
0x00000297f2a20000 - 0x00000297f2a23000 	D:\Proyecto Terminal\openjfx-22.0.1_windows-x64_bin-sdk\javafx-sdk-22.0.1\bin\api-ms-win-core-processthreads-l1-1-0.dll
0x00000297f2a30000 - 0x00000297f2a33000 	D:\Proyecto Terminal\openjfx-22.0.1_windows-x64_bin-sdk\javafx-sdk-22.0.1\bin\api-ms-win-core-processthreads-l1-1-1.dll
0x00000297f2a40000 - 0x00000297f2a43000 	D:\Proyecto Terminal\openjfx-22.0.1_windows-x64_bin-sdk\javafx-sdk-22.0.1\bin\api-ms-win-core-profile-l1-1-0.dll
0x00000297f2a50000 - 0x00000297f2a53000 	D:\Proyecto Terminal\openjfx-22.0.1_windows-x64_bin-sdk\javafx-sdk-22.0.1\bin\api-ms-win-core-rtlsupport-l1-1-0.dll
0x00000297f2a60000 - 0x00000297f2a63000 	D:\Proyecto Terminal\openjfx-22.0.1_windows-x64_bin-sdk\javafx-sdk-22.0.1\bin\api-ms-win-core-string-l1-1-0.dll
0x00000297f2a70000 - 0x00000297f2a73000 	D:\Proyecto Terminal\openjfx-22.0.1_windows-x64_bin-sdk\javafx-sdk-22.0.1\bin\api-ms-win-core-synch-l1-1-0.dll
0x00000297f2a80000 - 0x00000297f2a83000 	D:\Proyecto Terminal\openjfx-22.0.1_windows-x64_bin-sdk\javafx-sdk-22.0.1\bin\api-ms-win-core-synch-l1-2-0.dll
0x00000297f2a90000 - 0x00000297f2a93000 	D:\Proyecto Terminal\openjfx-22.0.1_windows-x64_bin-sdk\javafx-sdk-22.0.1\bin\api-ms-win-core-sysinfo-l1-1-0.dll
0x00000297f2aa0000 - 0x00000297f2aa3000 	D:\Proyecto Terminal\openjfx-22.0.1_windows-x64_bin-sdk\javafx-sdk-22.0.1\bin\api-ms-win-core-timezone-l1-1-0.dll
0x00000297f2ab0000 - 0x00000297f2ab3000 	D:\Proyecto Terminal\openjfx-22.0.1_windows-x64_bin-sdk\javafx-sdk-22.0.1\bin\api-ms-win-core-util-l1-1-0.dll
0x00000297f2ac0000 - 0x00000297f2ac3000 	D:\Proyecto Terminal\openjfx-22.0.1_windows-x64_bin-sdk\javafx-sdk-22.0.1\bin\api-ms-win-crt-conio-l1-1-0.dll
0x00000297f2ad0000 - 0x00000297f2ad4000 	D:\Proyecto Terminal\openjfx-22.0.1_windows-x64_bin-sdk\javafx-sdk-22.0.1\bin\api-ms-win-crt-convert-l1-1-0.dll
0x00000297f2ae0000 - 0x00000297f2ae3000 	D:\Proyecto Terminal\openjfx-22.0.1_windows-x64_bin-sdk\javafx-sdk-22.0.1\bin\api-ms-win-crt-environment-l1-1-0.dll
0x00000297f2af0000 - 0x00000297f2af3000 	D:\Proyecto Terminal\openjfx-22.0.1_windows-x64_bin-sdk\javafx-sdk-22.0.1\bin\api-ms-win-crt-filesystem-l1-1-0.dll
0x00000297f2b00000 - 0x00000297f2b03000 	D:\Proyecto Terminal\openjfx-22.0.1_windows-x64_bin-sdk\javafx-sdk-22.0.1\bin\api-ms-win-crt-heap-l1-1-0.dll
0x00000297f2b10000 - 0x00000297f2b13000 	D:\Proyecto Terminal\openjfx-22.0.1_windows-x64_bin-sdk\javafx-sdk-22.0.1\bin\api-ms-win-crt-locale-l1-1-0.dll
0x00000297f2b20000 - 0x00000297f2b25000 	D:\Proyecto Terminal\openjfx-22.0.1_windows-x64_bin-sdk\javafx-sdk-22.0.1\bin\api-ms-win-crt-math-l1-1-0.dll
0x00000297f2b30000 - 0x00000297f2b35000 	D:\Proyecto Terminal\openjfx-22.0.1_windows-x64_bin-sdk\javafx-sdk-22.0.1\bin\api-ms-win-crt-multibyte-l1-1-0.dll
0x00000297f2b40000 - 0x00000297f2b50000 	D:\Proyecto Terminal\openjfx-22.0.1_windows-x64_bin-sdk\javafx-sdk-22.0.1\bin\api-ms-win-crt-private-l1-1-0.dll
0x00000297f2b50000 - 0x00000297f2b53000 	D:\Proyecto Terminal\openjfx-22.0.1_windows-x64_bin-sdk\javafx-sdk-22.0.1\bin\api-ms-win-crt-process-l1-1-0.dll
0x00000297f2b60000 - 0x00000297f2b64000 	D:\Proyecto Terminal\openjfx-22.0.1_windows-x64_bin-sdk\javafx-sdk-22.0.1\bin\api-ms-win-crt-runtime-l1-1-0.dll
0x00000297f2b70000 - 0x00000297f2b74000 	D:\Proyecto Terminal\openjfx-22.0.1_windows-x64_bin-sdk\javafx-sdk-22.0.1\bin\api-ms-win-crt-stdio-l1-1-0.dll
0x00000297f2b80000 - 0x00000297f2b84000 	D:\Proyecto Terminal\openjfx-22.0.1_windows-x64_bin-sdk\javafx-sdk-22.0.1\bin\api-ms-win-crt-string-l1-1-0.dll
0x00000297f2b90000 - 0x00000297f2b93000 	D:\Proyecto Terminal\openjfx-22.0.1_windows-x64_bin-sdk\javafx-sdk-22.0.1\bin\api-ms-win-crt-time-l1-1-0.dll
0x00000297f2ba0000 - 0x00000297f2ba3000 	D:\Proyecto Terminal\openjfx-22.0.1_windows-x64_bin-sdk\javafx-sdk-22.0.1\bin\api-ms-win-crt-utility-l1-1-0.dll
0x00007ffe09190000 - 0x00007ffe0928c000 	D:\Proyecto Terminal\openjfx-22.0.1_windows-x64_bin-sdk\javafx-sdk-22.0.1\bin\ucrtbase.dll
0x00007ffe503b0000 - 0x00007ffe503cb000 	D:\Proyecto Terminal\openjfx-22.0.1_windows-x64_bin-sdk\javafx-sdk-22.0.1\bin\vcruntime140.dll
0x00007ffe5ddc0000 - 0x00007ffe5ddcc000 	D:\Proyecto Terminal\openjfx-22.0.1_windows-x64_bin-sdk\javafx-sdk-22.0.1\bin\vcruntime140_1.dll
0x00007ffe09100000 - 0x00007ffe0918e000 	D:\Proyecto Terminal\openjfx-22.0.1_windows-x64_bin-sdk\javafx-sdk-22.0.1\bin\msvcp140.dll
0x00007ffe5bf10000 - 0x00007ffe5bf19000 	D:\Proyecto Terminal\openjfx-22.0.1_windows-x64_bin-sdk\javafx-sdk-22.0.1\bin\msvcp140_1.dll
0x00007ffe50360000 - 0x00007ffe503a1000 	D:\Proyecto Terminal\openjfx-22.0.1_windows-x64_bin-sdk\javafx-sdk-22.0.1\bin\msvcp140_2.dll
0x00007ffe3d420000 - 0x00007ffe3d450000 	D:\Proyecto Terminal\openjfx-22.0.1_windows-x64_bin-sdk\javafx-sdk-22.0.1\bin\prism_d3d.dll
0x00007ffe1eca0000 - 0x00007ffe1ee48000 	C:\Windows\system32\d3d9.dll
0x00007ffe6c360000 - 0x00007ffe6c38b000 	C:\Windows\SYSTEM32\dwmapi.dll
0x00007ffe6c210000 - 0x00007ffe6c247000 	C:\Windows\SYSTEM32\dxcore.dll
0x00007ffe6c0f0000 - 0x00007ffe6c1a1000 	C:\Windows\system32\uxtheme.dll
0x00007ffe64460000 - 0x00007ffe6463d000 	C:\Windows\System32\DriverStore\FileRepository\u0355756.inf_amd64_5146fc3a012e7afa\B354291\aticfx64.dll
0x00007ffe1ec70000 - 0x00007ffe1eca0000 	C:\Windows\System32\DriverStore\FileRepository\u0355756.inf_amd64_5146fc3a012e7afa\B354291\atiu9p64.dll
0x00007ffe1dfa0000 - 0x00007ffe1ec6b000 	C:\Windows\System32\DriverStore\FileRepository\u0355756.inf_amd64_5146fc3a012e7afa\B354291\atiumd64.dll
0x00007ffe700c0000 - 0x00007ffe70265000 	C:\Windows\System32\ole32.dll
0x00000000754d0000 - 0x0000000076253000 	C:\Windows\System32\DriverStore\FileRepository\u0355756.inf_amd64_5146fc3a012e7afa\B354291\atiumd6a.dll
0x00007ffe66a40000 - 0x00007ffe66a89000 	C:\Windows\SYSTEM32\directxdatabasehelper.dll
0x00007ffe35d80000 - 0x00007ffe35dc5000 	D:\Proyecto Terminal\openjfx-22.0.1_windows-x64_bin-sdk\javafx-sdk-22.0.1\bin\glass.dll
0x00007ffe70b60000 - 0x00007ffe70c5f000 	C:\Windows\System32\COMDLG32.dll
0x00007ffe1b9c0000 - 0x00007ffe1ba1e000 	C:\Program Files\Huawei\PCManager\plugins\PerfWndMonModule.dll
0x00007ffe70540000 - 0x00007ffe7069e000 	C:\Windows\System32\MSCTF.dll
0x00007ffe70ab0000 - 0x00007ffe70b60000 	C:\Windows\System32\clbcatq.dll
0x00007ffe5d130000 - 0x00007ffe5d2a5000 	C:\Windows\System32\Windows.UI.dll
0x00007ffe57a70000 - 0x00007ffe57be5000 	C:\Windows\System32\Windows.UI.Immersive.dll
0x00007ffe36330000 - 0x00007ffe36345000 	D:\Proyecto Terminal\openjfx-22.0.1_windows-x64_bin-sdk\javafx-sdk-22.0.1\bin\javafx_font.dll
0x00007ffe6b860000 - 0x00007ffe6bad3000 	C:\Windows\SYSTEM32\dwrite.dll
0x00007ffe6bf00000 - 0x00007ffe6c0b1000 	C:\Windows\SYSTEM32\WindowsCodecs.dll
0x00007ffe53830000 - 0x00007ffe5388e000 	C:\Windows\system32\dataexchange.dll
0x00007ffe64d40000 - 0x00007ffe64fca000 	C:\Windows\system32\twinapi.appcore.dll
0x00007ffe29310000 - 0x00007ffe29342000 	C:\Program Files\Common Files\Microsoft Shared\Ink\rtscom.dll
0x00007ffe5cfe0000 - 0x00007ffe5d123000 	C:\Windows\SYSTEM32\textinputframework.dll
0x00007ffe676e0000 - 0x00007ffe67813000 	C:\Windows\SYSTEM32\CoreMessaging.dll
0x00007ffe66270000 - 0x00007ffe665dd000 	C:\Windows\SYSTEM32\CoreUIComponents.dll
0x00007ffe6eb60000 - 0x00007ffe6eb6c000 	C:\Windows\SYSTEM32\CRYPTBASE.DLL
0x00007ffe19620000 - 0x00007ffe1964d000 	D:\Proyecto Terminal\openjfx-22.0.1_windows-x64_bin-sdk\javafx-sdk-22.0.1\bin\javafx_iio.dll
0x00007ffe6b270000 - 0x00007ffe6b85e000 	C:\Windows\SYSTEM32\d2d1.dll

dbghelp: loaded successfully - version: 4.0.5 - missing functions: none
symbol engine: initialized successfully - sym options: 0x614 - pdb path: .;C:\Users\diego\.jdks\corretto-17.0.12\bin;C:\Windows\SYSTEM32;C:\Windows\WinSxS\amd64_microsoft.windows.common-controls_6595b64144ccf1df_6.0.22621.3672_none_2713b9d173822955;C:\Users\diego\.jdks\corretto-17.0.12\bin\server;D:\Proyecto Terminal\openjfx-22.0.1_windows-x64_bin-sdk\javafx-sdk-22.0.1\bin;C:\Windows\System32\DriverStore\FileRepository\u0355756.inf_amd64_5146fc3a012e7afa\B354291;C:\Program Files\Huawei\PCManager\plugins;C:\Program Files\Common Files\Microsoft Shared\Ink

VM Arguments:
jvm_args: -agentlib:jdwp=transport=dt_socket,address=127.0.0.1:51411,suspend=y,server=n --module-path=D:\Proyecto Terminal\openjfx-22.0.1_windows-x64_bin-sdk\javafx-sdk-22.0.1\lib --add-modules=javafx.controls,javafx.fxml -javaagent:C:\Users\diego\AppData\Local\JetBrains\IntelliJIdea2024.1\captureAgent\debugger-agent.jar -Dfile.encoding=UTF-8 
java_command: optiuam.bc.controller.OptiUAM24
java_class_path (initial): D:\Proyecto Terminal\Código\OptiUAM24\OptiUAM\out\production\OptiUAM;D:\Proyecto Terminal\Código\OptiUAM24\OptiUAM\Librerias\jcommon-1.0.23.jar;D:\Proyecto Terminal\Código\OptiUAM24\OptiUAM\Librerias\jfreechart-1.0.19.jar;D:\Proyecto Terminal\openjfx-22.0.1_windows-x64_bin-sdk\javafx-sdk-22.0.1\lib\javafx-swt.jar;D:\Proyecto Terminal\openjfx-22.0.1_windows-x64_bin-sdk\javafx-sdk-22.0.1\lib\javafx.base.jar;D:\Proyecto Terminal\openjfx-22.0.1_windows-x64_bin-sdk\javafx-sdk-22.0.1\lib\javafx.controls.jar;D:\Proyecto Terminal\openjfx-22.0.1_windows-x64_bin-sdk\javafx-sdk-22.0.1\lib\javafx.fxml.jar;D:\Proyecto Terminal\openjfx-22.0.1_windows-x64_bin-sdk\javafx-sdk-22.0.1\lib\javafx.graphics.jar;D:\Proyecto Terminal\openjfx-22.0.1_windows-x64_bin-sdk\javafx-sdk-22.0.1\lib\javafx.media.jar;D:\Proyecto Terminal\openjfx-22.0.1_windows-x64_bin-sdk\javafx-sdk-22.0.1\lib\javafx.swing.jar;D:\Proyecto Terminal\openjfx-22.0.1_windows-x64_bin-sdk\javafx-sdk-22.0.1\lib\javafx.web.jar;D:\Proyecto Terminal\openjfx-22.0.1_windows-x64_bin-sdk.zip;C:\Program Files\JetBrains\IntelliJ IDEA 2024.1.3\lib\idea_rt.jar
Launcher Type: SUN_STANDARD

[Global flags]
     intx CICompilerCount                          = 4                                         {product} {ergonomic}
     uint ConcGCThreads                            = 2                                         {product} {ergonomic}
     uint G1ConcRefinementThreads                  = 8                                         {product} {ergonomic}
   size_t G1HeapRegionSize                         = 1048576                                   {product} {ergonomic}
    uintx GCDrainStackTargetSize                   = 64                                        {product} {ergonomic}
   size_t InitialHeapSize                          = 117440512                                 {product} {ergonomic}
   size_t MarkStackSize                            = 4194304                                   {product} {ergonomic}
   size_t MaxHeapSize                              = 1862270976                                {product} {ergonomic}
   size_t MaxNewSize                               = 1116733440                                {product} {ergonomic}
   size_t MinHeapDeltaBytes                        = 1048576                                   {product} {ergonomic}
   size_t MinHeapSize                              = 8388608                                   {product} {ergonomic}
    uintx NonNMethodCodeHeapSize                   = 5839372                                {pd product} {ergonomic}
    uintx NonProfiledCodeHeapSize                  = 122909434                              {pd product} {ergonomic}
    uintx ProfiledCodeHeapSize                     = 122909434                              {pd product} {ergonomic}
    uintx ReservedCodeCacheSize                    = 251658240                              {pd product} {ergonomic}
     bool SegmentedCodeCache                       = true                                      {product} {ergonomic}
   size_t SoftMaxHeapSize                          = 1862270976                             {manageable} {ergonomic}
     bool UseCompressedClassPointers               = true                           {product lp64_product} {ergonomic}
     bool UseCompressedOops                        = true                           {product lp64_product} {ergonomic}
     bool UseG1GC                                  = true                                      {product} {ergonomic}
     bool UseLargePagesIndividualAllocation        = false                                  {pd product} {ergonomic}

Logging:
Log output configuration:
 #0: stdout all=off uptime,level,tags
 #1: stderr all=off uptime,level,tags

Environment Variables:
PATH=C:\Program Files\Common Files\Oracle\Java\javapath;C:\Users\diego\Desktop\oracle\bin;C:\Windows\system32;C:\Windows;C:\Windows\System32\Wbem;C:\Windows\System32\WindowsPowerShell\v1.0\;C:\Windows\System32\OpenSSH\;C:\Program Files\Git\cmd;C:\Strawberry\c\bin;C:\Strawberry\perl\site\bin;C:\Strawberry\perl\bin;C:\Users\diego\AppData\Local\Microsoft\WindowsApps;C:\Program Files\JetBrains\IntelliJ IDEA 2024.1.3\bin;;C:\Users\diego\AppData\Local\GitHubDesktop\bin;C:\Program Files\JetBrains\PyCharm 2024.1.4\bin;;C:\Users\diego\AppData\Local\Programs\Microsoft VS Code\bin;C:\Users\diego\AppData\Local\Programs\MiKTeX\miktex\bin\x64\
USERNAME=diego
OS=Windows_NT
PROCESSOR_IDENTIFIER=AMD64 Family 23 Model 24 Stepping 1, AuthenticAMD
TMP=C:\Users\diego\AppData\Local\Temp
TEMP=C:\Users\diego\AppData\Local\Temp



Periodic native trim disabled


---------------  S Y S T E M  ---------------

OS:
 Windows 11 , 64 bit Build 22621 (10.0.22621.3958)
OS uptime: 0 days 1:57 hours

CPU: total 8 (initial active 8) (8 cores per cpu, 2 threads per core) family 23 model 24 stepping 1 microcode 0x0, cx8, cmov, fxsr, ht, mmx, 3dnowpref, sse, sse2, sse3, ssse3, sse4a, sse4.1, sse4.2, popcnt, lzcnt, tsc, tscinvbit, avx, avx2, aes, clmul, bmi1, bmi2, adx, sha, fma, vzeroupper, clflush, clflushopt
Processor Information for all 8 processors :
  Max Mhz: 2100, Current Mhz: 2100, Mhz Limit: 2100

Memory: 4k page, system-wide physical 7103M (997M free)
TotalPageFile size 17378M (AvailPageFile size 2565M)
current process WorkingSet (physical memory assigned to process): 267M, peak: 343M
current process commit charge ("private bytes"): 385M, peak: 462M

vm_info: OpenJDK 64-Bit Server VM (17.0.12+7-LTS) for windows-amd64 JRE (17.0.12+7-LTS), built on Jul 10 2024 20:46:33 by "Administrator" with MS VC++ 16.10 / 16.11 (VS2019)

END.
