#
# A fatal error has been detected by the Java Runtime Environment:
#
#  EXCEPTION_ACCESS_VIOLATION (0xc0000005) at pc=0x00007ff9598882d7, pid=13580, tid=14216
#
# JRE version: OpenJDK Runtime Environment Corretto-17.0.13.11.1 (17.0.13+11) (build 17.0.13+11-LTS)
# Java VM: OpenJDK 64-Bit Server VM Corretto-17.0.13.11.1 (17.0.13+11-LTS, mixed mode, sharing, tiered, compressed oops, compressed class ptrs, g1 gc, windows-amd64)
# Problematic frame:
# C  [glass.dll+0x282d7]
#
# No core dump will be written. Minidumps are not enabled by default on client versions of Windows
#
# If you would like to submit a bug report, please visit:
#   https://github.com/corretto/corretto-17/issues/
#

---------------  S U M M A R Y ------------

Command Line: -agentlib:jdwp=transport=dt_socket,address=127.0.0.1:3648,suspend=y,server=n --module-path=D:\Proyecto Terminal\openjfx-22.0.1_windows-x64_bin-sdk\javafx-sdk-22.0.1\lib --add-modules=javafx.controls,javafx.fxml -javaagent:C:\Users\diego\AppData\Local\JetBrains\IntelliJIdea2024.1\captureAgent\debugger-agent.jar -Dfile.encoding=UTF-8 optiuam.bc.controller.OptiUAM24

Host: AMD Ryzen 5 3500U with Radeon Vega Mobile Gfx  , 8 cores, 6G,  Windows 11 , 64 bit Build 26100 (10.0.26100.2454)
Time: Thu Jan  2 22:07:23 2025 Hora est嫕dar central (M憖ico) elapsed time: 208.632414 seconds (0d 0h 3m 28s)

---------------  T H R E A D  ---------------

Current thread (0x00000226e88469b0):  VMThread "VM Thread" [stack: 0x0000008e52d00000,0x0000008e52e00000] [id=14216]

Stack: [0x0000008e52d00000,0x0000008e52e00000],  sp=0x0000008e52dfeff0,  free space=1019k
Native frames: (J=compiled Java code, j=interpreted, Vv=VM code, C=native code)
C  [glass.dll+0x282d7]


siginfo: EXCEPTION_ACCESS_VIOLATION (0xc0000005), reading address 0x0000000000000000


Registers:
RAX=0x0000000000000000, RBX=0x00000226e885a3c0, RCX=0x00000226e88469b0, RDX=0x0000008e52dfeff0
RSP=0x0000008e52dfeff0, RBP=0x0000cfe96ba2d904, RSI=0x00000226ed091b78, RDI=0x00000226ed091b50
R8 =0x0000000000010002, R9 =0x0000cfe96ba2d904, R10=0x00000226c8ae0000, R11=0x0000008e52dfeea0
R12=0x0000000000000001, R13=0x000000007ffe0385, R14=0x0000008e52dff0f8, R15=0x00000226ed091b50
RIP=0x00007ff9598882d7, EFLAGS=0x0000000000010206


Register to memory mapping:

RIP=0x00007ff9598882d7 glass.dll
RAX=0x0 is NULL
RBX=0x00000226e885a3c0 is a global jni handle
RCX=0x00000226e88469b0 points into unknown readable memory: 0x00007ff90ede2cc8 | c8 2c de 0e f9 7f 00 00
RDX=0x0000008e52dfeff0 points into unknown readable memory: 0x0000000000000000 | 00 00 00 00 00 00 00 00
RSP=0x0000008e52dfeff0 points into unknown readable memory: 0x0000000000000000 | 00 00 00 00 00 00 00 00
RBP=0x0000cfe96ba2d904 is an unknown value
RSI=0x00000226ed091b78 points into unknown readable memory: 0x0000cfe96ba2d904 | 04 d9 a2 6b e9 cf 00 00
RDI=0x00000226ed091b50 points into unknown readable memory: 0x0007307cf327b684 | 84 b6 27 f3 7c 30 07 00
R8 =0x0000000000010002 is an unknown value
R9 =0x0000cfe96ba2d904 is an unknown value
R10=0x00000226c8ae0000 points into unknown readable memory: 0x0000000000000000 | 00 00 00 00 00 00 00 00
R11=0x0000008e52dfeea0 points into unknown readable memory: 0x0000000000000000 | 00 00 00 00 00 00 00 00
R12=0x0000000000000001 is an unknown value
R13=0x000000007ffe0385 points into unknown readable memory: 00 00 00
R14=0x0000008e52dff0f8 points into unknown readable memory: 0x0000008e52dff0e0 | e0 f0 df 52 8e 00 00 00
R15=0x00000226ed091b50 points into unknown readable memory: 0x0007307cf327b684 | 84 b6 27 f3 7c 30 07 00


Top of Stack: (sp=0x0000008e52dfeff0)
0x0000008e52dfeff0:   0000000000000000 0000022600000000
0x0000008e52dff000:   00000226ee3ba160 0000000000000001
0x0000008e52dff010:   00000226ed091b58 00007ff969a5cf05
0x0000008e52dff020:   00000226ed091b50 0000022600000000
0x0000008e52dff030:   00000226ed091b70 0000cfe96ba2d904
0x0000008e52dff040:   fffffffffffffffe 0000000000000001
0x0000008e52dff050:   00007ff959860000 00007ff959860000
0x0000008e52dff060:   0000008e52dff0e8 00007ff969a5ce27
0x0000008e52dff070:   0000008e52dff000 0000008e52dff0f8
0x0000008e52dff080:   0000008e52dff620 00007ff969b788c0
0x0000008e52dff090:   0000000000000001 00007ff969a5cddd
0x0000008e52dff0a0:   0000000000000000 0000000000000001
0x0000008e52dff0b0:   0000000000000001 0000008e52dff0e8
0x0000008e52dff0c0:   fffffffffffffffe 000000007ffe0384
0x0000008e52dff0d0:   0000000000000001 00007ff959885a6d
0x0000008e52dff0e0:   00007ff95989d078 00007ff900000002
0x0000008e52dff0f0:   0000000000000002 0000008e52dff0e0
0x0000008e52dff100:   0000000000000000 0000000000000000
0x0000008e52dff110:   0000000000000000 00007ff959885b92
0x0000008e52dff120:   0000000000000001 0000008e52dff600
0x0000008e52dff130:   0000000000000001 0000000000000001
0x0000008e52dff140:   0000000000000001 00007ff968f9277e
0x0000008e52dff150:   0000000000000001 000000000000008d
0x0000008e52dff160:   0000000000000000 0000000000000001
0x0000008e52dff170:   00007ff959885be0 00007ff96c5dd860
0x0000008e52dff180:   00007ff959860000 00007ff900000000
0x0000008e52dff190:   0000000000000001 000000007ffe0384
0x0000008e52dff1a0:   000000000000005e 0000000000000000
0x0000008e52dff1b0:   0000000000000000 0000000000000000
0x0000008e52dff1c0:   00007ff959860000 fffffb6e00000000
0x0000008e52dff1d0:   000000000000008b 0000000000000000
0x0000008e52dff1e0:   0000000000000000 00000226c8db6550 

Instructions: (pc=0x00007ff9598882d7)
0x00007ff9598881d7:   8b 4d 58 e8 49 cf ff ff 48 8b 4d 60 e8 40 cf ff
0x00007ff9598881e7:   ff 48 8b 95 80 00 00 00 48 8b 8d 18 01 00 00 e8
0x00007ff9598881f7:   26 c5 ff ff 33 d2 33 c9 e8 8c e1 ff ff 90 48 89
0x00007ff959888207:   54 24 10 55 48 83 ec 20 48 8b ea 48 b8 00 00 00
0x00007ff959888217:   00 00 00 00 00 48 83 c4 20 5d c3 cc 40 55 48 8b
0x00007ff959888227:   ea 48 8b 01 33 c9 81 38 05 00 00 c0 0f 94 c1 8b
0x00007ff959888237:   c1 5d c3 cc 40 55 48 83 ec 20 48 8b ea 8a 4d 40
0x00007ff959888247:   48 83 c4 20 5d e9 33 d3 ff ff cc 40 55 48 83 ec
0x00007ff959888257:   20 48 8b ea 8a 4d 20 e8 21 d3 ff ff 90 48 83 c4
0x00007ff959888267:   20 5d c3 cc 40 55 48 83 ec 20 48 8b ea 48 83 c4
0x00007ff959888277:   20 5d e9 82 d1 ff ff cc 40 55 48 83 ec 30 48 8b
0x00007ff959888287:   ea 48 8b 01 8b 10 48 89 4c 24 28 89 54 24 20 4c
0x00007ff959888297:   8d 0d 23 d6 ff ff 4c 8b 45 70 8b 55 68 48 8b 4d
0x00007ff9598882a7:   60 e8 c3 d0 ff ff 90 48 83 c4 30 5d c3 cc cc cc
0x00007ff9598882b7:   cc cc cc cc cc cc cc cc cc 40 53 48 83 ec 20 48
0x00007ff9598882c7:   8b 1d 6b 47 01 00 48 85 db 74 16 e8 39 90 ff ff
0x00007ff9598882d7:   4c 8b 00 48 8b d3 48 8b c8 41 ff 90 b0 00 00 00
0x00007ff9598882e7:   90 48 83 c4 20 5b c3 cc cc 40 53 48 83 ec 20 48
0x00007ff9598882f7:   8b 1d ab 48 01 00 48 85 db 74 57 b8 ff ff ff ff
0x00007ff959888307:   f0 0f c1 43 10 83 f8 01 75 3d 48 85 db 74 38 48
0x00007ff959888317:   8b 0b 48 85 c9 74 0d ff 15 8c 0f 00 00 48 c7 03
0x00007ff959888327:   00 00 00 00 48 8b 4b 08 48 85 c9 74 0d e8 ef cd
0x00007ff959888337:   ff ff 48 c7 43 08 00 00 00 00 ba 18 00 00 00 48
0x00007ff959888347:   8b cb e8 da cd ff ff 48 c7 05 4f 48 01 00 00 00
0x00007ff959888357:   00 00 48 83 c4 20 5b c3 cc 40 53 48 83 ec 20 48
0x00007ff959888367:   8b 1d 1b 48 01 00 48 85 db 74 57 b8 ff ff ff ff
0x00007ff959888377:   f0 0f c1 43 10 83 f8 01 75 3d 48 85 db 74 38 48
0x00007ff959888387:   8b 0b 48 85 c9 74 0d ff 15 1c 0f 00 00 48 c7 03
0x00007ff959888397:   00 00 00 00 48 8b 4b 08 48 85 c9 74 0d e8 7f cd
0x00007ff9598883a7:   ff ff 48 c7 43 08 00 00 00 00 ba 18 00 00 00 48
0x00007ff9598883b7:   8b cb e8 6a cd ff ff 48 c7 05 bf 47 01 00 00 00
0x00007ff9598883c7:   00 00 48 83 c4 20 5b c3 cc 40 53 48 83 ec 20 48 


Stack slot to memory mapping:
stack at sp + 0 slots: 0x0 is NULL
stack at sp + 1 slots: 0x0000022600000000 is an unknown value
stack at sp + 2 slots: 0x00000226ee3ba160 points into unknown readable memory: 0x00000226ee3baeb0 | b0 ae 3b ee 26 02 00 00
stack at sp + 3 slots: 0x0000000000000001 is an unknown value
stack at sp + 4 slots: 0x00000226ed091b58 points into unknown readable memory: 0x0000cfe96ba2d904 | 04 d9 a2 6b e9 cf 00 00
stack at sp + 5 slots: 0x00007ff969a5cf05 ucrtbase.dll
stack at sp + 6 slots: 0x00000226ed091b50 points into unknown readable memory: 0x0007307cf327b684 | 84 b6 27 f3 7c 30 07 00
stack at sp + 7 slots: 0x0000022600000000 is an unknown value

VM_Operation (0x0000008e524ff090): Exit, mode: safepoint, requested by thread 0x00000226ee06f300


---------------  P R O C E S S  ---------------

Threads class SMR info:
_java_thread_list=0x00000226ee038b40, length=20, elements={
0x00000226cada9170, 0x00000226e884bef0, 0x00000226e884cab0, 0x00000226e8860af0,
0x00000226e88613c0, 0x00000226e88630c0, 0x00000226e886e220, 0x00000226e89e0140,
0x00000226e89e0e60, 0x00000226e8aeb240, 0x00000226e8aec680, 0x00000226e8ae8ed0,
0x00000226e8aebc60, 0x00000226e8aea820, 0x00000226e8ae93e0, 0x00000226e8aea310,
0x00000226e8ae98f0, 0x00000226e8ae9e00, 0x00000226e8aeb750, 0x00000226ee06f300
}

Java Threads: ( => current thread )
  0x00000226cada9170 JavaThread "main" [_thread_blocked, id=17260, stack(0x0000008e52700000,0x0000008e52800000)]
  0x00000226e884bef0 JavaThread "Reference Handler" daemon [_thread_blocked, id=16920, stack(0x0000008e52e00000,0x0000008e52f00000)]
  0x00000226e884cab0 JavaThread "Finalizer" daemon [_thread_blocked, id=5256, stack(0x0000008e52f00000,0x0000008e53000000)]
  0x00000226e8860af0 JavaThread "Attach Listener" daemon [_thread_blocked, id=3840, stack(0x0000008e53100000,0x0000008e53200000)]
  0x00000226e88613c0 JavaThread "Service Thread" daemon [_thread_blocked, id=9768, stack(0x0000008e53200000,0x0000008e53300000)]
  0x00000226e88630c0 JavaThread "Monitor Deflation Thread" daemon [_thread_blocked, id=16904, stack(0x0000008e53300000,0x0000008e53400000)]
  0x00000226e886e220 JavaThread "C2 CompilerThread0" daemon [_thread_blocked, id=1872, stack(0x0000008e53400000,0x0000008e53500000)]
  0x00000226e89e0140 JavaThread "C1 CompilerThread0" daemon [_thread_blocked, id=12472, stack(0x0000008e53500000,0x0000008e53600000)]
  0x00000226e89e0e60 JavaThread "Sweeper thread" daemon [_thread_blocked, id=4952, stack(0x0000008e53600000,0x0000008e53700000)]
  0x00000226e8aeb240 JavaThread "Common-Cleaner" daemon [_thread_blocked, id=316, stack(0x0000008e53700000,0x0000008e53800000)]
  0x00000226e8aec680 JavaThread "JDWP Event Helper Thread" daemon [_thread_blocked, id=4100, stack(0x0000008e53b00000,0x0000008e53c00000)]
  0x00000226e8ae8ed0 JavaThread "Notification Thread" daemon [_thread_blocked, id=2076, stack(0x0000008e53d00000,0x0000008e53e00000)]
  0x00000226e8aebc60 JavaThread "QuantumRenderer-0" daemon [_thread_blocked, id=4844, stack(0x0000008e53f00000,0x0000008e54000000)]
  0x00000226e8aea820 JavaThread "InvokeLaterDispatcher" daemon [_thread_blocked, id=7104, stack(0x0000008e54200000,0x0000008e54300000)]
  0x00000226e8ae93e0 JavaThread "JavaFX Application Thread" [_thread_blocked, id=4016, stack(0x0000008e54300000,0x0000008e54400000)]
  0x00000226e8aea310 JavaThread "JavaFX-Launcher" [_thread_blocked, id=7224, stack(0x0000008e54b00000,0x0000008e54c00000)]
  0x00000226e8ae98f0 JavaThread "Thread-2" daemon [_thread_in_native, id=8384, stack(0x0000008e54a00000,0x0000008e54b00000)]
  0x00000226e8ae9e00 JavaThread "Prism Font Disposer" daemon [_thread_blocked, id=13936, stack(0x0000008e55400000,0x0000008e55500000)]
  0x00000226e8aeb750 JavaThread "Cleaner-0" daemon [_thread_blocked, id=5348, stack(0x0000008e55500000,0x0000008e55600000)]
  0x00000226ee06f300 JavaThread "SIGINT handler" daemon [_thread_blocked, id=3912, stack(0x0000008e52400000,0x0000008e52500000)]

Other Threads:
=>0x00000226e88469b0 VMThread "VM Thread" [stack: 0x0000008e52d00000,0x0000008e52e00000] [id=14216]
  0x00000226cadfd560 GCTaskThread "GC Thread#0" [stack: 0x0000008e52800000,0x0000008e52900000] [id=10132]
  0x00000226ed887f30 GCTaskThread "GC Thread#1" [stack: 0x0000008e53900000,0x0000008e53a00000] [id=13468]
  0x00000226ed8881f0 GCTaskThread "GC Thread#2" [stack: 0x0000008e54c00000,0x0000008e54d00000] [id=14576]
  0x00000226ed8884b0 GCTaskThread "GC Thread#3" [stack: 0x0000008e54d00000,0x0000008e54e00000] [id=6528]
  0x00000226ed888770 GCTaskThread "GC Thread#4" [stack: 0x0000008e54e00000,0x0000008e54f00000] [id=11180]
  0x00000226ed888a30 GCTaskThread "GC Thread#5" [stack: 0x0000008e54f00000,0x0000008e55000000] [id=6728]
  0x00000226ed9fc940 GCTaskThread "GC Thread#6" [stack: 0x0000008e55000000,0x0000008e55100000] [id=9016]
  0x00000226ed9fdc40 GCTaskThread "GC Thread#7" [stack: 0x0000008e55100000,0x0000008e55200000] [id=13252]
  0x00000226cae0df90 ConcurrentGCThread "G1 Main Marker" terminated
  0x00000226cae0e9b0 ConcurrentGCThread "G1 Conc#0" [stack: 0x0000008e52a00000,0x0000008e52b00000] [id=2868]
  0x00000226f8917130 ConcurrentGCThread "G1 Conc#1" [stack: 0x0000008e53800000,0x0000008e53900000] [id=16816]
  0x00000226e86fdfb0 ConcurrentGCThread "G1 Refine#0" terminated
  0x00000226f02af5e0 ConcurrentGCThread "G1 Refine#1" terminated
  0x00000226e86fe880 ConcurrentGCThread "G1 Service" terminated

Threads with active compile tasks:

VM state: at safepoint (shutting down)

VM Mutex/Monitor currently owned by a thread:  ([mutex/lock_event])
[0x00000226cada4260] Threads_lock - owner thread: 0x00000226e88469b0
[0x00000226cada4770] Heap_lock - owner thread: 0x00000226ee06f300

Heap address: 0x0000000091000000, size: 1776 MB, Compressed Oops mode: 32-bit

CDS archive(s) mapped at: [0x0000022680000000-0x0000022680bb0000-0x0000022680bb0000), size 12255232, SharedBaseAddress: 0x0000022680000000, ArchiveRelocationMode: 1.
Compressed class space mapped at: 0x0000022681000000-0x00000226c1000000, reserved size: 1073741824
Narrow klass base: 0x0000022680000000, Narrow klass shift: 0, Narrow klass range: 0x100000000

GC Precious Log:
 CPUs: 8 total, 8 available
 Memory: 7103M
 Large Page Support: Disabled
 NUMA Support: Disabled
 Compressed Oops: Enabled (32-bit)
 Heap Region Size: 1M
 Heap Min Capacity: 8M
 Heap Initial Capacity: 112M
 Heap Max Capacity: 1776M
 Pre-touch: Disabled
 Parallel Workers: 8
 Concurrent Workers: 2
 Concurrent Refinement Workers: 8
 Periodic GC: Disabled

Heap:
 garbage-first heap   total 109568K, used 61569K [0x0000000091000000, 0x0000000100000000)
  region size 1024K, 9 young (9216K), 3 survivors (3072K)
 Metaspace       used 23639K, committed 24064K, reserved 1114112K
  class space    used 3230K, committed 3456K, reserved 1048576K

Heap Regions: E=young(eden), S=young(survivor), O=old, HS=humongous(starts), HC=humongous(continues), CS=collection set, F=free, OA=open archive, CA=closed archive, TAMS=top-at-mark-start (previous, next)
|   0|0x0000000091000000, 0x0000000091100000, 0x0000000091100000|100%| O|  |TAMS 0x0000000091100000, 0x0000000091000000| Untracked 
|   1|0x0000000091100000, 0x0000000091200000, 0x0000000091200000|100%|HS|  |TAMS 0x0000000091200000, 0x0000000091100000| Complete 
|   2|0x0000000091200000, 0x0000000091300000, 0x0000000091300000|100%| O|  |TAMS 0x0000000091300000, 0x0000000091200000| Untracked 
|   3|0x0000000091300000, 0x0000000091400000, 0x0000000091400000|100%|HS|  |TAMS 0x0000000091400000, 0x0000000091300000| Complete 
|   4|0x0000000091400000, 0x0000000091500000, 0x0000000091500000|100%| O|  |TAMS 0x0000000091500000, 0x0000000091400000| Untracked 
|   5|0x0000000091500000, 0x0000000091600000, 0x0000000091600000|100%|HS|  |TAMS 0x0000000091600000, 0x0000000091500000| Complete 
|   6|0x0000000091600000, 0x0000000091700000, 0x0000000091700000|100%|HC|  |TAMS 0x0000000091700000, 0x0000000091600000| Complete 
|   7|0x0000000091700000, 0x0000000091800000, 0x0000000091800000|100%|HC|  |TAMS 0x0000000091800000, 0x0000000091700000| Complete 
|   8|0x0000000091800000, 0x0000000091900000, 0x0000000091900000|100%|HC|  |TAMS 0x0000000091900000, 0x0000000091800000| Complete 
|   9|0x0000000091900000, 0x0000000091a00000, 0x0000000091a00000|100%|HC|  |TAMS 0x0000000091a00000, 0x0000000091900000| Complete 
|  10|0x0000000091a00000, 0x0000000091b00000, 0x0000000091b00000|100%|HC|  |TAMS 0x0000000091b00000, 0x0000000091a00000| Complete 
|  11|0x0000000091b00000, 0x0000000091c00000, 0x0000000091c00000|100%|HC|  |TAMS 0x0000000091c00000, 0x0000000091b00000| Complete 
|  12|0x0000000091c00000, 0x0000000091d00000, 0x0000000091d00000|100%|HC|  |TAMS 0x0000000091d00000, 0x0000000091c00000| Complete 
|  13|0x0000000091d00000, 0x0000000091e00000, 0x0000000091e00000|100%|HC|  |TAMS 0x0000000091e00000, 0x0000000091d00000| Complete 
|  14|0x0000000091e00000, 0x0000000091f00000, 0x0000000091f00000|100%|HC|  |TAMS 0x0000000091f00000, 0x0000000091e00000| Complete 
|  15|0x0000000091f00000, 0x0000000092000000, 0x0000000092000000|100%|HC|  |TAMS 0x0000000092000000, 0x0000000091f00000| Complete 
|  16|0x0000000092000000, 0x0000000092100000, 0x0000000092100000|100%|HC|  |TAMS 0x0000000092100000, 0x0000000092000000| Complete 
|  17|0x0000000092100000, 0x0000000092200000, 0x0000000092200000|100%|HC|  |TAMS 0x0000000092200000, 0x0000000092100000| Complete 
|  18|0x0000000092200000, 0x0000000092300000, 0x0000000092300000|100%| O|  |TAMS 0x0000000092300000, 0x0000000092200000| Untracked 
|  19|0x0000000092300000, 0x0000000092400000, 0x0000000092400000|100%|HS|  |TAMS 0x0000000092400000, 0x0000000092300000| Complete 
|  20|0x0000000092400000, 0x0000000092500000, 0x0000000092500000|100%|HC|  |TAMS 0x0000000092500000, 0x0000000092400000| Complete 
|  21|0x0000000092500000, 0x0000000092600000, 0x0000000092600000|100%|HS|  |TAMS 0x0000000092600000, 0x0000000092500000| Complete 
|  22|0x0000000092600000, 0x0000000092700000, 0x0000000092700000|100%| O|  |TAMS 0x0000000092700000, 0x0000000092600000| Untracked 
|  23|0x0000000092700000, 0x0000000092800000, 0x0000000092800000|100%| O|  |TAMS 0x0000000092800000, 0x0000000092700000| Untracked 
|  24|0x0000000092800000, 0x0000000092900000, 0x0000000092900000|100%| O|  |TAMS 0x0000000092900000, 0x0000000092800000| Untracked 
|  25|0x0000000092900000, 0x0000000092a00000, 0x0000000092a00000|100%|HS|  |TAMS 0x0000000092a00000, 0x0000000092900000| Complete 
|  26|0x0000000092a00000, 0x0000000092b00000, 0x0000000092b00000|100%|HS|  |TAMS 0x0000000092b00000, 0x0000000092a00000| Complete 
|  27|0x0000000092b00000, 0x0000000092c00000, 0x0000000092c00000|100%| O|  |TAMS 0x0000000092c00000, 0x0000000092b00000| Untracked 
|  28|0x0000000092c00000, 0x0000000092d00000, 0x0000000092d00000|100%| O|  |TAMS 0x0000000092d00000, 0x0000000092c00000| Untracked 
|  29|0x0000000092d00000, 0x0000000092e00000, 0x0000000092e00000|100%| O|  |TAMS 0x0000000092e00000, 0x0000000092d00000| Untracked 
|  30|0x0000000092e00000, 0x0000000092f00000, 0x0000000092f00000|100%|HS|  |TAMS 0x0000000092f00000, 0x0000000092e00000| Complete 
|  31|0x0000000092f00000, 0x0000000093000000, 0x0000000093000000|100%| O|  |TAMS 0x0000000093000000, 0x0000000092f00000| Untracked 
|  32|0x0000000093000000, 0x0000000093100000, 0x0000000093100000|100%| O|  |TAMS 0x0000000093100000, 0x0000000093000000| Untracked 
|  33|0x0000000093100000, 0x0000000093200000, 0x0000000093200000|100%| O|  |TAMS 0x0000000093200000, 0x0000000093100000| Untracked 
|  34|0x0000000093200000, 0x0000000093300000, 0x0000000093300000|100%| O|  |TAMS 0x0000000093300000, 0x0000000093200000| Untracked 
|  35|0x0000000093300000, 0x0000000093400000, 0x0000000093400000|100%| O|  |TAMS 0x0000000093400000, 0x0000000093300000| Untracked 
|  36|0x0000000093400000, 0x0000000093500000, 0x0000000093500000|100%| O|  |TAMS 0x0000000093500000, 0x0000000093400000| Untracked 
|  37|0x0000000093500000, 0x0000000093600000, 0x0000000093600000|100%| O|  |TAMS 0x0000000093600000, 0x0000000093500000| Untracked 
|  38|0x0000000093600000, 0x0000000093700000, 0x0000000093700000|100%| O|  |TAMS 0x0000000093700000, 0x0000000093600000| Untracked 
|  39|0x0000000093700000, 0x0000000093800000, 0x0000000093800000|100%| O|  |TAMS 0x0000000093800000, 0x0000000093700000| Untracked 
|  40|0x0000000093800000, 0x0000000093900000, 0x0000000093900000|100%| O|  |TAMS 0x0000000093900000, 0x0000000093800000| Untracked 
|  41|0x0000000093900000, 0x0000000093a00000, 0x0000000093a00000|100%|HS|  |TAMS 0x0000000093a00000, 0x0000000093900000| Complete 
|  42|0x0000000093a00000, 0x0000000093b00000, 0x0000000093b00000|100%| O|  |TAMS 0x0000000093b00000, 0x0000000093a00000| Untracked 
|  43|0x0000000093b00000, 0x0000000093c00000, 0x0000000093c00000|100%|HS|  |TAMS 0x0000000093c00000, 0x0000000093b00000| Complete 
|  44|0x0000000093c00000, 0x0000000093d00000, 0x0000000093d00000|100%|HS|  |TAMS 0x0000000093d00000, 0x0000000093c00000| Complete 
|  45|0x0000000093d00000, 0x0000000093e00000, 0x0000000093e00000|100%|HS|  |TAMS 0x0000000093e00000, 0x0000000093d00000| Complete 
|  46|0x0000000093e00000, 0x0000000093f00000, 0x0000000093f00000|100%|HS|  |TAMS 0x0000000093f00000, 0x0000000093e00000| Complete 
|  47|0x0000000093f00000, 0x0000000094000000, 0x0000000094000000|100%|HS|  |TAMS 0x0000000093f00000, 0x0000000093f00000| Complete 
|  48|0x0000000094000000, 0x0000000094100000, 0x0000000094100000|100%| O|  |TAMS 0x0000000094100000, 0x0000000094000000| Untracked 
|  49|0x0000000094100000, 0x0000000094200000, 0x0000000094200000|100%| O|  |TAMS 0x0000000094200000, 0x0000000094100000| Untracked 
|  50|0x0000000094200000, 0x0000000094300000, 0x0000000094300000|100%| O|  |TAMS 0x0000000094300000, 0x0000000094200000| Untracked 
|  51|0x0000000094300000, 0x0000000094400000, 0x0000000094400000|100%| O|  |TAMS 0x0000000094400000, 0x0000000094300000| Untracked 
|  52|0x0000000094400000, 0x00000000944fd000, 0x0000000094500000| 98%| O|  |TAMS 0x00000000944fd000, 0x0000000094400000| Untracked 
|  53|0x0000000094500000, 0x0000000094500000, 0x0000000094600000|  0%| F|  |TAMS 0x0000000094500000, 0x0000000094500000| Untracked 
|  54|0x0000000094600000, 0x0000000094600000, 0x0000000094700000|  0%| F|  |TAMS 0x0000000094600000, 0x0000000094600000| Untracked 
|  55|0x0000000094700000, 0x0000000094700000, 0x0000000094800000|  0%| F|  |TAMS 0x0000000094700000, 0x0000000094700000| Untracked 
|  56|0x0000000094800000, 0x0000000094800000, 0x0000000094900000|  0%| F|  |TAMS 0x0000000094800000, 0x0000000094800000| Untracked 
|  57|0x0000000094900000, 0x0000000094900000, 0x0000000094a00000|  0%| F|  |TAMS 0x0000000094900000, 0x0000000094900000| Untracked 
|  58|0x0000000094a00000, 0x0000000094a00000, 0x0000000094b00000|  0%| F|  |TAMS 0x0000000094a00000, 0x0000000094a00000| Untracked 
|  59|0x0000000094b00000, 0x0000000094b00000, 0x0000000094c00000|  0%| F|  |TAMS 0x0000000094b00000, 0x0000000094b00000| Untracked 
|  60|0x0000000094c00000, 0x0000000094c00000, 0x0000000094d00000|  0%| F|  |TAMS 0x0000000094c00000, 0x0000000094c00000| Untracked 
|  61|0x0000000094d00000, 0x0000000094d00000, 0x0000000094e00000|  0%| F|  |TAMS 0x0000000094d00000, 0x0000000094d00000| Untracked 
|  62|0x0000000094e00000, 0x0000000094e00000, 0x0000000094f00000|  0%| F|  |TAMS 0x0000000094e00000, 0x0000000094e00000| Untracked 
|  63|0x0000000094f00000, 0x0000000094f00000, 0x0000000095000000|  0%| F|  |TAMS 0x0000000094f00000, 0x0000000094f00000| Untracked 
|  64|0x0000000095000000, 0x0000000095000000, 0x0000000095100000|  0%| F|  |TAMS 0x0000000095000000, 0x0000000095000000| Untracked 
|  65|0x0000000095100000, 0x0000000095100000, 0x0000000095200000|  0%| F|  |TAMS 0x0000000095100000, 0x0000000095100000| Untracked 
|  66|0x0000000095200000, 0x0000000095200000, 0x0000000095300000|  0%| F|  |TAMS 0x0000000095200000, 0x0000000095200000| Untracked 
|  67|0x0000000095300000, 0x0000000095300000, 0x0000000095400000|  0%| F|  |TAMS 0x0000000095300000, 0x0000000095300000| Untracked 
|  68|0x0000000095400000, 0x0000000095400000, 0x0000000095500000|  0%| F|  |TAMS 0x0000000095400000, 0x0000000095400000| Untracked 
|  69|0x0000000095500000, 0x0000000095500000, 0x0000000095600000|  0%| F|  |TAMS 0x0000000095500000, 0x0000000095500000| Untracked 
|  70|0x0000000095600000, 0x0000000095600000, 0x0000000095700000|  0%| F|  |TAMS 0x0000000095600000, 0x0000000095600000| Untracked 
|  71|0x0000000095700000, 0x0000000095700000, 0x0000000095800000|  0%| F|  |TAMS 0x0000000095700000, 0x0000000095700000| Untracked 
|  72|0x0000000095800000, 0x0000000095800000, 0x0000000095900000|  0%| F|  |TAMS 0x0000000095800000, 0x0000000095800000| Untracked 
|  73|0x0000000095900000, 0x0000000095900000, 0x0000000095a00000|  0%| F|  |TAMS 0x0000000095900000, 0x0000000095900000| Untracked 
|  74|0x0000000095a00000, 0x0000000095a00000, 0x0000000095b00000|  0%| F|  |TAMS 0x0000000095a00000, 0x0000000095a00000| Untracked 
|  75|0x0000000095b00000, 0x0000000095b00000, 0x0000000095c00000|  0%| F|  |TAMS 0x0000000095b00000, 0x0000000095b00000| Untracked 
|  76|0x0000000095c00000, 0x0000000095c00000, 0x0000000095d00000|  0%| F|  |TAMS 0x0000000095c00000, 0x0000000095c00000| Untracked 
|  77|0x0000000095d00000, 0x0000000095d00000, 0x0000000095e00000|  0%| F|  |TAMS 0x0000000095d00000, 0x0000000095d00000| Untracked 
|  78|0x0000000095e00000, 0x0000000095e00000, 0x0000000095f00000|  0%| F|  |TAMS 0x0000000095e00000, 0x0000000095e00000| Untracked 
|  79|0x0000000095f00000, 0x0000000095f00000, 0x0000000096000000|  0%| F|  |TAMS 0x0000000095f00000, 0x0000000095f00000| Untracked 
|  80|0x0000000096000000, 0x0000000096000000, 0x0000000096100000|  0%| F|  |TAMS 0x0000000096000000, 0x0000000096000000| Untracked 
|  81|0x0000000096100000, 0x0000000096100000, 0x0000000096200000|  0%| F|  |TAMS 0x0000000096100000, 0x0000000096100000| Untracked 
|  82|0x0000000096200000, 0x0000000096200000, 0x0000000096300000|  0%| F|  |TAMS 0x0000000096200000, 0x0000000096200000| Untracked 
|  83|0x0000000096300000, 0x0000000096300000, 0x0000000096400000|  0%| F|  |TAMS 0x0000000096300000, 0x0000000096300000| Untracked 
|  84|0x0000000096400000, 0x0000000096400000, 0x0000000096500000|  0%| F|  |TAMS 0x0000000096400000, 0x0000000096400000| Untracked 
|  85|0x0000000096500000, 0x0000000096500000, 0x0000000096600000|  0%| F|  |TAMS 0x0000000096500000, 0x0000000096500000| Untracked 
|  86|0x0000000096600000, 0x0000000096600000, 0x0000000096700000|  0%| F|  |TAMS 0x0000000096600000, 0x0000000096600000| Untracked 
|  87|0x0000000096700000, 0x0000000096700000, 0x0000000096800000|  0%| F|  |TAMS 0x0000000096700000, 0x0000000096700000| Untracked 
|  88|0x0000000096800000, 0x0000000096800000, 0x0000000096900000|  0%| F|  |TAMS 0x0000000096800000, 0x0000000096800000| Untracked 
|  89|0x0000000096900000, 0x0000000096900000, 0x0000000096a00000|  0%| F|  |TAMS 0x0000000096900000, 0x0000000096900000| Untracked 
|  90|0x0000000096a00000, 0x0000000096a00000, 0x0000000096b00000|  0%| F|  |TAMS 0x0000000096a00000, 0x0000000096a00000| Untracked 
|  91|0x0000000096b00000, 0x0000000096b00000, 0x0000000096c00000|  0%| F|  |TAMS 0x0000000096b00000, 0x0000000096b00000| Untracked 
|  92|0x0000000096c00000, 0x0000000096c00000, 0x0000000096d00000|  0%| F|  |TAMS 0x0000000096c00000, 0x0000000096c00000| Untracked 
|  93|0x0000000096d00000, 0x0000000096d00000, 0x0000000096e00000|  0%| F|  |TAMS 0x0000000096d00000, 0x0000000096d00000| Untracked 
|  94|0x0000000096e00000, 0x0000000096e00000, 0x0000000096f00000|  0%| F|  |TAMS 0x0000000096e00000, 0x0000000096e00000| Untracked 
|  95|0x0000000096f00000, 0x0000000096f00000, 0x0000000097000000|  0%| F|  |TAMS 0x0000000096f00000, 0x0000000096f00000| Untracked 
|  96|0x0000000097000000, 0x0000000097000000, 0x0000000097100000|  0%| F|  |TAMS 0x0000000097000000, 0x0000000097000000| Untracked 
|  97|0x0000000097100000, 0x0000000097100000, 0x0000000097200000|  0%| F|  |TAMS 0x0000000097100000, 0x0000000097100000| Untracked 
|  98|0x0000000097200000, 0x0000000097251f00, 0x0000000097300000| 32%| E|  |TAMS 0x0000000097200000, 0x0000000097200000| Complete 
|  99|0x0000000097300000, 0x0000000097400000, 0x0000000097400000|100%| E|CS|TAMS 0x0000000097300000, 0x0000000097300000| Complete 
| 100|0x0000000097400000, 0x0000000097500000, 0x0000000097500000|100%| E|CS|TAMS 0x0000000097400000, 0x0000000097400000| Complete 
| 101|0x0000000097500000, 0x0000000097600000, 0x0000000097600000|100%| E|CS|TAMS 0x0000000097500000, 0x0000000097500000| Complete 
| 102|0x0000000097600000, 0x0000000097623778, 0x0000000097700000| 13%| S|CS|TAMS 0x0000000097600000, 0x0000000097600000| Complete 
| 103|0x0000000097700000, 0x0000000097800000, 0x0000000097800000|100%| S|CS|TAMS 0x0000000097700000, 0x0000000097700000| Complete 
| 104|0x0000000097800000, 0x0000000097900000, 0x0000000097900000|100%| S|CS|TAMS 0x0000000097800000, 0x0000000097800000| Complete 
| 105|0x0000000097900000, 0x0000000097a00000, 0x0000000097a00000|100%| E|CS|TAMS 0x0000000097900000, 0x0000000097900000| Complete 
| 111|0x0000000097f00000, 0x0000000098000000, 0x0000000098000000|100%| E|CS|TAMS 0x0000000097f00000, 0x0000000097f00000| Complete 

Card table byte_map: [0x00000226e1f90000,0x00000226e2310000] _byte_map_base: 0x00000226e1b08000

Marking Bits (Prev, Next): (CMBitMap*) 0x00000226cadfdbc0, (CMBitMap*) 0x00000226cadfdb80
 Prev Bits: [0x00000226e4250000, 0x00000226e5e10000)
 Next Bits: [0x00000226e2690000, 0x00000226e4250000)

Polling page: 0x00000226c8cc0000

Metaspace:

Usage:
  Non-class:     19.93 MB used.
      Class:      3.15 MB used.
       Both:     23.09 MB used.

Virtual space:
  Non-class space:       64.00 MB reserved,      20.12 MB ( 31%) committed,  1 nodes.
      Class space:        1.00 GB reserved,       3.38 MB ( <1%) committed,  1 nodes.
             Both:        1.06 GB reserved,      23.50 MB (  2%) committed. 

Chunk freelists:
   Non-Class:  11.80 MB
       Class:  12.48 MB
        Both:  24.27 MB

MaxMetaspaceSize: unlimited
CompressedClassSpaceSize: 1.00 GB
Initial GC threshold: 21.00 MB
Current GC threshold: 38.88 MB
CDS: on
MetaspaceReclaimPolicy: balanced
 - commit_granule_bytes: 65536.
 - commit_granule_words: 8192.
 - virtual_space_node_default_size: 8388608.
 - enlarge_chunks_in_place: 1.
 - new_chunks_are_fully_committed: 0.
 - uncommit_free_chunks: 1.
 - use_allocation_guard: 0.
 - handle_deallocations: 1.


Internal statistics:

num_allocs_failed_limit: 3.
num_arena_births: 460.
num_arena_deaths: 0.
num_vsnodes_births: 2.
num_vsnodes_deaths: 0.
num_space_committed: 376.
num_space_uncommitted: 0.
num_chunks_returned_to_freelist: 3.
num_chunks_taken_from_freelist: 1384.
num_chunk_merges: 3.
num_chunk_splits: 902.
num_chunks_enlarged: 599.
num_inconsistent_stats: 0.

CodeHeap 'non-profiled nmethods': size=120000Kb used=5819Kb max_used=5863Kb free=114180Kb
 bounds [0x00000226da3b0000, 0x00000226da980000, 0x00000226e18e0000]
CodeHeap 'profiled nmethods': size=120000Kb used=13115Kb max_used=15172Kb free=106884Kb
 bounds [0x00000226d28e0000, 0x00000226d37c0000, 0x00000226d9e10000]
CodeHeap 'non-nmethods': size=5760Kb used=1529Kb max_used=1595Kb free=4230Kb
 bounds [0x00000226d9e10000, 0x00000226da080000, 0x00000226da3b0000]
 total_blobs=7274 nmethods=6442 adapters=740
 compilation: enabled
              stopped_count=0, restarted_count=0
 full_count=0

Compilation events (20 events):
Event: 137.172 Thread 0x00000226e89e0140 nmethod 7832 0x00000226d2d1ed90 code [0x00000226d2d1f240, 0x00000226d2d21e78]
Event: 137.172 Thread 0x00000226e89e0140 7830       1       javafx.scene.control.ListView$ListViewBitSetSelectionModel::getItemCount (5 bytes)
Event: 137.172 Thread 0x00000226e89e0140 nmethod 7830 0x00000226da80f690 code [0x00000226da80f820, 0x00000226da80f8f8]
Event: 137.172 Thread 0x00000226e89e0140 7833       1       com.sun.scenario.effect.impl.state.GaussianRenderState::isShadow (5 bytes)
Event: 137.172 Thread 0x00000226e89e0140 nmethod 7833 0x00000226da80f390 code [0x00000226da80f520, 0x00000226da80f5f8]
Event: 137.172 Thread 0x00000226e886e220 nmethod 7829 0x00000226da80ec10 code [0x00000226da80edc0, 0x00000226da80f028]
Event: 138.172 Thread 0x00000226e89e0140 7834       3       javafx.scene.control.TextInputControl::getFormatterAccessor (24 bytes)
Event: 138.172 Thread 0x00000226e89e0140 nmethod 7834 0x00000226d2ff3690 code [0x00000226d2ff3840, 0x00000226d2ff3b58]
Event: 138.172 Thread 0x00000226e89e0140 7835       3       javafx.scene.control.TextFormatter$Change::<init> (44 bytes)
Event: 138.172 Thread 0x00000226e89e0140 nmethod 7835 0x00000226d2ad4110 code [0x00000226d2ad42c0, 0x00000226d2ad4558]
Event: 138.175 Thread 0x00000226e886e220 7836       4       javafx.scene.layout.AnchorPane::computeChildHeight (52 bytes)
Event: 138.182 Thread 0x00000226e886e220 nmethod 7836 0x00000226da80df10 code [0x00000226da80e100, 0x00000226da80e718]
Event: 138.883 Thread 0x00000226e89e0140 7837       3       java.lang.StringConcatHelper::mix (11 bytes)
Event: 138.883 Thread 0x00000226e89e0140 nmethod 7837 0x00000226d2fce590 code [0x00000226d2fce760, 0x00000226d2fce9f8]
Event: 138.883 Thread 0x00000226e89e0140 7838       3       java.io.DataOutputStream::writeUTF (411 bytes)
Event: 138.886 Thread 0x00000226e89e0140 nmethod 7838 0x00000226d30cf790 code [0x00000226d30cfb40, 0x00000226d30d19c8]
Event: 151.043 Thread 0x00000226e89e0140 7839       3       java.io.ByteArrayOutputStream::ensureCapacity (32 bytes)
Event: 151.043 Thread 0x00000226e89e0140 nmethod 7839 0x00000226d2c9e890 code [0x00000226d2c9ea60, 0x00000226d2c9ee18]
Event: 151.043 Thread 0x00000226e89e0140 7840       3       java.io.DataOutputStream::incCount (20 bytes)
Event: 151.043 Thread 0x00000226e89e0140 nmethod 7840 0x00000226d2d0fe90 code [0x00000226d2d10020, 0x00000226d2d10178]

GC Heap History (20 events):
Event: 79.808 GC heap before
{Heap before GC invocations=8 (full 0):
 garbage-first heap   total 109568K, used 56240K [0x0000000091000000, 0x0000000100000000)
  region size 1024K, 9 young (9216K), 3 survivors (3072K)
 Metaspace       used 23231K, committed 23616K, reserved 1114112K
  class space    used 3196K, committed 3392K, reserved 1048576K
}
Event: 79.811 GC heap after
{Heap after GC invocations=9 (full 0):
 garbage-first heap   total 109568K, used 50592K [0x0000000091000000, 0x0000000100000000)
  region size 1024K, 2 young (2048K), 2 survivors (2048K)
 Metaspace       used 23231K, committed 23616K, reserved 1114112K
  class space    used 3196K, committed 3392K, reserved 1048576K
}
Event: 79.870 GC heap before
{Heap before GC invocations=10 (full 0):
 garbage-first heap   total 109568K, used 52640K [0x0000000091000000, 0x0000000100000000)
  region size 1024K, 4 young (4096K), 2 survivors (2048K)
 Metaspace       used 23231K, committed 23616K, reserved 1114112K
  class space    used 3196K, committed 3392K, reserved 1048576K
}
Event: 79.874 GC heap after
{Heap after GC invocations=11 (full 0):
 garbage-first heap   total 109568K, used 52137K [0x0000000091000000, 0x0000000100000000)
  region size 1024K, 2 young (2048K), 2 survivors (2048K)
 Metaspace       used 23231K, committed 23616K, reserved 1114112K
  class space    used 3196K, committed 3392K, reserved 1048576K
}
Event: 84.323 GC heap before
{Heap before GC invocations=12 (full 0):
 garbage-first heap   total 109568K, used 63401K [0x0000000091000000, 0x0000000100000000)
  region size 1024K, 13 young (13312K), 2 survivors (2048K)
 Metaspace       used 23263K, committed 23616K, reserved 1114112K
  class space    used 3196K, committed 3392K, reserved 1048576K
}
Event: 84.326 GC heap after
{Heap after GC invocations=13 (full 0):
 garbage-first heap   total 109568K, used 52568K [0x0000000091000000, 0x0000000100000000)
  region size 1024K, 2 young (2048K), 2 survivors (2048K)
 Metaspace       used 23263K, committed 23616K, reserved 1114112K
  class space    used 3196K, committed 3392K, reserved 1048576K
}
Event: 84.395 GC heap before
{Heap before GC invocations=14 (full 0):
 garbage-first heap   total 109568K, used 55640K [0x0000000091000000, 0x0000000100000000)
  region size 1024K, 5 young (5120K), 2 survivors (2048K)
 Metaspace       used 23271K, committed 23616K, reserved 1114112K
  class space    used 3196K, committed 3392K, reserved 1048576K
}
Event: 84.399 GC heap after
{Heap after GC invocations=15 (full 0):
 garbage-first heap   total 109568K, used 54234K [0x0000000091000000, 0x0000000100000000)
  region size 1024K, 3 young (3072K), 3 survivors (3072K)
 Metaspace       used 23271K, committed 23616K, reserved 1114112K
  class space    used 3196K, committed 3392K, reserved 1048576K
}
Event: 88.271 GC heap before
{Heap before GC invocations=16 (full 0):
 garbage-first heap   total 109568K, used 60378K [0x0000000091000000, 0x0000000100000000)
  region size 1024K, 9 young (9216K), 3 survivors (3072K)
 Metaspace       used 23342K, committed 23680K, reserved 1114112K
  class space    used 3198K, committed 3392K, reserved 1048576K
}
Event: 88.274 GC heap after
{Heap after GC invocations=17 (full 0):
 garbage-first heap   total 109568K, used 52466K [0x0000000091000000, 0x0000000100000000)
  region size 1024K, 2 young (2048K), 2 survivors (2048K)
 Metaspace       used 23342K, committed 23680K, reserved 1114112K
  class space    used 3198K, committed 3392K, reserved 1048576K
}
Event: 88.345 GC heap before
{Heap before GC invocations=18 (full 0):
 garbage-first heap   total 109568K, used 55538K [0x0000000091000000, 0x0000000100000000)
  region size 1024K, 5 young (5120K), 2 survivors (2048K)
 Metaspace       used 23349K, committed 23680K, reserved 1114112K
  class space    used 3198K, committed 3392K, reserved 1048576K
}
Event: 88.348 GC heap after
{Heap after GC invocations=19 (full 0):
 garbage-first heap   total 109568K, used 54087K [0x0000000091000000, 0x0000000100000000)
  region size 1024K, 2 young (2048K), 2 survivors (2048K)
 Metaspace       used 23349K, committed 23680K, reserved 1114112K
  class space    used 3198K, committed 3392K, reserved 1048576K
}
Event: 96.881 GC heap before
{Heap before GC invocations=20 (full 0):
 garbage-first heap   total 109568K, used 64327K [0x0000000091000000, 0x0000000100000000)
  region size 1024K, 13 young (13312K), 2 survivors (2048K)
 Metaspace       used 23508K, committed 23872K, reserved 1114112K
  class space    used 3220K, committed 3456K, reserved 1048576K
}
Event: 96.884 GC heap after
{Heap after GC invocations=21 (full 0):
 garbage-first heap   total 109568K, used 53856K [0x0000000091000000, 0x0000000100000000)
  region size 1024K, 3 young (3072K), 3 survivors (3072K)
 Metaspace       used 23508K, committed 23872K, reserved 1114112K
  class space    used 3220K, committed 3456K, reserved 1048576K
}
Event: 96.954 GC heap before
{Heap before GC invocations=22 (full 0):
 garbage-first heap   total 109568K, used 55904K [0x0000000091000000, 0x0000000100000000)
  region size 1024K, 5 young (5120K), 3 survivors (3072K)
 Metaspace       used 23510K, committed 23872K, reserved 1114112K
  class space    used 3220K, committed 3456K, reserved 1048576K
}
Event: 96.958 GC heap after
{Heap after GC invocations=23 (full 0):
 garbage-first heap   total 109568K, used 55317K [0x0000000091000000, 0x0000000100000000)
  region size 1024K, 3 young (3072K), 3 survivors (3072K)
 Metaspace       used 23510K, committed 23872K, reserved 1114112K
  class space    used 3220K, committed 3456K, reserved 1048576K
}
Event: 135.550 GC heap before
{Heap before GC invocations=24 (full 0):
 garbage-first heap   total 109568K, used 62485K [0x0000000091000000, 0x0000000100000000)
  region size 1024K, 10 young (10240K), 3 survivors (3072K)
 Metaspace       used 23609K, committed 24000K, reserved 1114112K
  class space    used 3228K, committed 3456K, reserved 1048576K
}
Event: 135.553 GC heap after
{Heap after GC invocations=25 (full 0):
 garbage-first heap   total 109568K, used 53855K [0x0000000091000000, 0x0000000100000000)
  region size 1024K, 2 young (2048K), 2 survivors (2048K)
 Metaspace       used 23609K, committed 24000K, reserved 1114112K
  class space    used 3228K, committed 3456K, reserved 1048576K
}
Event: 135.635 GC heap before
{Heap before GC invocations=26 (full 0):
 garbage-first heap   total 109568K, used 55903K [0x0000000091000000, 0x0000000100000000)
  region size 1024K, 4 young (4096K), 2 survivors (2048K)
 Metaspace       used 23612K, committed 24000K, reserved 1114112K
  class space    used 3228K, committed 3456K, reserved 1048576K
}
Event: 135.641 GC heap after
{Heap after GC invocations=27 (full 0):
 garbage-first heap   total 109568K, used 55425K [0x0000000091000000, 0x0000000100000000)
  region size 1024K, 3 young (3072K), 3 survivors (3072K)
 Metaspace       used 23612K, committed 24000K, reserved 1114112K
  class space    used 3228K, committed 3456K, reserved 1048576K
}

Dll operation events (20 events):
Event: 0.672 Loaded shared library D:\Proyecto Terminal\openjfx-22.0.1_windows-x64_bin-sdk\javafx-sdk-22.0.1\bin\api-ms-win-crt-math-l1-1-0.dll
Event: 0.673 Loaded shared library D:\Proyecto Terminal\openjfx-22.0.1_windows-x64_bin-sdk\javafx-sdk-22.0.1\bin\api-ms-win-crt-multibyte-l1-1-0.dll
Event: 0.675 Loaded shared library D:\Proyecto Terminal\openjfx-22.0.1_windows-x64_bin-sdk\javafx-sdk-22.0.1\bin\api-ms-win-crt-private-l1-1-0.dll
Event: 0.678 Loaded shared library D:\Proyecto Terminal\openjfx-22.0.1_windows-x64_bin-sdk\javafx-sdk-22.0.1\bin\api-ms-win-crt-process-l1-1-0.dll
Event: 0.681 Loaded shared library D:\Proyecto Terminal\openjfx-22.0.1_windows-x64_bin-sdk\javafx-sdk-22.0.1\bin\api-ms-win-crt-runtime-l1-1-0.dll
Event: 0.683 Loaded shared library D:\Proyecto Terminal\openjfx-22.0.1_windows-x64_bin-sdk\javafx-sdk-22.0.1\bin\api-ms-win-crt-stdio-l1-1-0.dll
Event: 0.685 Loaded shared library D:\Proyecto Terminal\openjfx-22.0.1_windows-x64_bin-sdk\javafx-sdk-22.0.1\bin\api-ms-win-crt-string-l1-1-0.dll
Event: 0.687 Loaded shared library D:\Proyecto Terminal\openjfx-22.0.1_windows-x64_bin-sdk\javafx-sdk-22.0.1\bin\api-ms-win-crt-time-l1-1-0.dll
Event: 0.689 Loaded shared library D:\Proyecto Terminal\openjfx-22.0.1_windows-x64_bin-sdk\javafx-sdk-22.0.1\bin\api-ms-win-crt-utility-l1-1-0.dll
Event: 0.691 Loaded shared library D:\Proyecto Terminal\openjfx-22.0.1_windows-x64_bin-sdk\javafx-sdk-22.0.1\bin\ucrtbase.dll
Event: 0.693 Loaded shared library D:\Proyecto Terminal\openjfx-22.0.1_windows-x64_bin-sdk\javafx-sdk-22.0.1\bin\vcruntime140.dll
Event: 0.696 Loaded shared library D:\Proyecto Terminal\openjfx-22.0.1_windows-x64_bin-sdk\javafx-sdk-22.0.1\bin\vcruntime140_1.dll
Event: 0.699 Loaded shared library D:\Proyecto Terminal\openjfx-22.0.1_windows-x64_bin-sdk\javafx-sdk-22.0.1\bin\msvcp140.dll
Event: 0.701 Loaded shared library D:\Proyecto Terminal\openjfx-22.0.1_windows-x64_bin-sdk\javafx-sdk-22.0.1\bin\msvcp140_1.dll
Event: 0.703 Loaded shared library D:\Proyecto Terminal\openjfx-22.0.1_windows-x64_bin-sdk\javafx-sdk-22.0.1\bin\msvcp140_2.dll
Event: 0.781 Loaded shared library D:\Proyecto Terminal\openjfx-22.0.1_windows-x64_bin-sdk\javafx-sdk-22.0.1\bin\prism_d3d.dll
Event: 0.851 Loaded shared library D:\Proyecto Terminal\openjfx-22.0.1_windows-x64_bin-sdk\javafx-sdk-22.0.1\bin\glass.dll
Event: 1.095 Loaded shared library C:\Users\diego\.jdks\corretto-17.0.13\bin\jimage.dll
Event: 2.072 Loaded shared library D:\Proyecto Terminal\openjfx-22.0.1_windows-x64_bin-sdk\javafx-sdk-22.0.1\bin\javafx_font.dll
Event: 7.960 Loaded shared library D:\Proyecto Terminal\openjfx-22.0.1_windows-x64_bin-sdk\javafx-sdk-22.0.1\bin\javafx_iio.dll

Deoptimization events (20 events):
Event: 135.592 Thread 0x00000226e8ae93e0 DEOPT PACKING pc=0x00000226d2a9f7bc sp=0x0000008e543fcab0
Event: 135.592 Thread 0x00000226e8ae93e0 DEOPT UNPACKING pc=0x00000226d9e67143 sp=0x0000008e543fc098 mode 1
Event: 135.592 Thread 0x00000226e8ae93e0 DEOPT PACKING pc=0x00000226d2ab95dc sp=0x0000008e543fcca0
Event: 135.592 Thread 0x00000226e8ae93e0 DEOPT UNPACKING pc=0x00000226d9e67143 sp=0x0000008e543fc168 mode 1
Event: 208.264 Thread 0x00000226e885e110 Uncommon trap: trap_request=0xffffffc6 fr.pc=0x00000226da8da5c8 relative=0x0000000000000688
Event: 208.264 Thread 0x00000226e885e110 Uncommon trap: reason=bimorphic_or_optimized_type_check action=maybe_recompile pc=0x00000226da8da5c8 method=java.util.Hashtable.get(Ljava/lang/Object;)Ljava/lang/Object; @ 6 c2
Event: 208.264 Thread 0x00000226e885e110 DEOPT PACKING pc=0x00000226da8da5c8 sp=0x0000008e530ff0e0
Event: 208.264 Thread 0x00000226e885e110 DEOPT UNPACKING pc=0x00000226d9e669a3 sp=0x0000008e530ff0b0 mode 2
Event: 208.268 Thread 0x00000226ee06fd20 Uncommon trap: trap_request=0xffffff45 fr.pc=0x00000226da8412e8 relative=0x0000000000000148
Event: 208.268 Thread 0x00000226ee06fd20 Uncommon trap: reason=unstable_if action=reinterpret pc=0x00000226da8412e8 method=java.util.concurrent.locks.ReentrantLock$Sync.tryRelease(I)Z @ 26 c2
Event: 208.268 Thread 0x00000226ee06fd20 DEOPT PACKING pc=0x00000226da8412e8 sp=0x0000008e526fee40
Event: 208.268 Thread 0x00000226ee06fd20 DEOPT UNPACKING pc=0x00000226d9e669a3 sp=0x0000008e526fed30 mode 2
Event: 208.268 Thread 0x00000226e8aebc60 DEOPT PACKING pc=0x00000226d324db44 sp=0x0000008e53ffef00
Event: 208.268 Thread 0x00000226e8aebc60 DEOPT UNPACKING pc=0x00000226d9e67143 sp=0x0000008e53ffe420 mode 1
Event: 208.268 Thread 0x00000226e8aebc60 DEOPT PACKING pc=0x00000226d3561664 sp=0x0000008e53ffeff0
Event: 208.268 Thread 0x00000226e8aebc60 DEOPT UNPACKING pc=0x00000226d9e67143 sp=0x0000008e53ffe538 mode 1
Event: 208.268 Thread 0x00000226e8aebc60 DEOPT PACKING pc=0x00000226d356043c sp=0x0000008e53fff100
Event: 208.268 Thread 0x00000226e8aebc60 DEOPT UNPACKING pc=0x00000226d9e67143 sp=0x0000008e53ffe5c0 mode 1
Event: 208.268 Thread 0x00000226ee06fd20 DEOPT PACKING pc=0x00000226da53ca4c sp=0x0000008e526ff140
Event: 208.268 Thread 0x00000226ee06fd20 DEOPT UNPACKING pc=0x00000226d9e67143 sp=0x0000008e526fe560 mode 1

Classes loaded (20 events):
Event: 93.098 Loading class javafx/scene/input/MouseEvent
Event: 93.098 Loading class javafx/scene/input/MouseEvent done
Event: 93.099 Loading class optiuam/bc/model/ElementoGrafico
Event: 93.099 Loading class optiuam/bc/model/ElementoGrafico done
Event: 93.099 Loading class optiuam/bc/model/ElementoGrafico
Event: 93.099 Loading class optiuam/bc/model/ElementoGrafico done
Event: 93.106 Loading class optiuam/bc/model/ElementoGrafico
Event: 93.106 Loading class optiuam/bc/model/ElementoGrafico done
Event: 93.107 Loading class optiuam/bc/model/ElementoGrafico
Event: 93.107 Loading class optiuam/bc/model/ElementoGrafico done
Event: 93.107 Loading class optiuam/bc/controller/VentanaMultiplexorController
Event: 93.107 Loading class optiuam/bc/controller/VentanaMultiplexorController done
Event: 93.107 Loading class optiuam/bc/model/ElementoGrafico
Event: 93.107 Loading class optiuam/bc/model/ElementoGrafico done
Event: 208.264 Loading class jdk/internal/misc/Signal$1
Event: 208.264 Loading class jdk/internal/misc/Signal$1 done
Event: 208.267 Loading class com/sun/javafx/tk/quantum/QuantumRenderer
Event: 208.267 Loading class com/sun/javafx/tk/quantum/QuantumRenderer done
Event: 208.268 Loading class com/sun/javafx/tk/quantum/QuantumToolkit
Event: 208.268 Loading class com/sun/javafx/tk/quantum/QuantumToolkit done

Classes unloaded (0 events):
No events

Classes redefined (0 events):
No events

Internal exceptions (20 events):
Event: 5.382 Thread 0x00000226e8ae93e0 Exception <a 'java/lang/NoSuchMethodError'{0x00000000969ff820}: 'void java.lang.invoke.DirectMethodHandle$Holder.invokeSpecial(java.lang.Object, java.lang.Object, java.lang.Object, java.lang.Object, java.lang.Object, java.lang.Object)'> (0x00000000969ff820) 
thrown [s\src\hotspot\share\interpreter\linkResolver.cpp, line 759]
Event: 5.715 Thread 0x00000226e8aebc60 Exception <a 'java/lang/NoSuchMethodError'{0x00000000963ae8b8}: 'java.lang.Object java.lang.invoke.DirectMethodHandle$Holder.invokeStaticInit(java.lang.Object, int)'> (0x00000000963ae8b8) 
thrown [s\src\hotspot\share\interpreter\linkResolver.cpp, line 759]
Event: 7.874 Thread 0x00000226e8ae93e0 Exception <a 'java/lang/NoSuchMethodError'{0x0000000095f85228}: 'long java.lang.invoke.DirectMethodHandle$Holder.invokeStatic(java.lang.Object, java.lang.Object, java.lang.Object)'> (0x0000000095f85228) 
thrown [s\src\hotspot\share\interpreter\linkResolver.cpp, line 759]
Event: 7.875 Thread 0x00000226e8ae93e0 Exception <a 'java/lang/NoSuchMethodError'{0x0000000095f889d0}: 'long java.lang.invoke.DirectMethodHandle$Holder.invokeStaticInit(java.lang.Object, java.lang.Object, java.lang.Object)'> (0x0000000095f889d0) 
thrown [s\src\hotspot\share\interpreter\linkResolver.cpp, line 759]
Event: 7.880 Thread 0x00000226e8ae93e0 Exception <a 'java/lang/NoSuchMethodError'{0x0000000095fa0550}: 'java.lang.Object java.lang.invoke.DirectMethodHandle$Holder.newInvokeSpecial(java.lang.Object, java.lang.Object, long)'> (0x0000000095fa0550) 
thrown [s\src\hotspot\share\interpreter\linkResolver.cpp, line 759]
Event: 7.881 Thread 0x00000226e8ae93e0 Exception <a 'java/lang/NoSuchMethodError'{0x0000000095fa40c0}: 'java.lang.Object java.lang.invoke.Invokers$Holder.linkToTargetMethod(java.lang.Object, long, java.lang.Object)'> (0x0000000095fa40c0) 
thrown [s\src\hotspot\share\interpreter\linkResolver.cpp, line 759]
Event: 8.239 Thread 0x00000226e8ae93e0 Exception <a 'java/lang/ClassNotFoundException'{0x0000000095371408}: com/sun/javafx/scene/control/skin/resources/controls> (0x0000000095371408) 
thrown [s\src\hotspot\share\prims\jni.cpp, line 535]
Event: 8.241 Thread 0x00000226e8ae93e0 Exception <a 'java/lang/ClassNotFoundException'{0x0000000095380000}: com/sun/javafx/scene/control/skin/resources/controls_es> (0x0000000095380000) 
thrown [s\src\hotspot\share\prims\jni.cpp, line 535]
Event: 8.242 Thread 0x00000226e8ae93e0 Exception <a 'java/lang/ClassNotFoundException'{0x000000009538e1e0}: com/sun/javafx/scene/control/skin/resources/controls_es_MX> (0x000000009538e1e0) 
thrown [s\src\hotspot\share\prims\jni.cpp, line 535]
Event: 8.313 Thread 0x00000226e8ae93e0 Exception <a 'java/lang/NoSuchMethodError'{0x000000009511a840}: 'int java.lang.invoke.DirectMethodHandle$Holder.invokeSpecial(java.lang.Object, java.lang.Object, int)'> (0x000000009511a840) 
thrown [s\src\hotspot\share\interpreter\linkResolver.cpp, line 759]
Event: 8.550 Thread 0x00000226e8ae93e0 Exception <a 'java/lang/NoSuchMethodError'{0x0000000094b31630}: 'void java.lang.invoke.DirectMethodHandle$Holder.invokeVirtual(java.lang.Object, java.lang.Object)'> (0x0000000094b31630) 
thrown [s\src\hotspot\share\interpreter\linkResolver.cpp, line 759]
Event: 9.495 Thread 0x00000226e8ae93e0 Exception <a 'java/lang/NoSuchMethodError'{0x0000000094a4db80}: 'java.lang.Object java.lang.invoke.DirectMethodHandle$Holder.newInvokeSpecial(java.lang.Object, java.lang.Object, int, int, int, int, int, java.lang.Object)'> (0x0000000094a4db80) 
thrown [s\src\hotspot\share\interpreter\linkResolver.cpp, line 759]
Event: 9.499 Thread 0x00000226e8ae93e0 Exception <a 'java/lang/NoSuchMethodError'{0x0000000094a610a8}: 'java.lang.Object java.lang.invoke.DirectMethodHandle$Holder.newInvokeSpecial(java.lang.Object, java.lang.Object, java.lang.Object, int, int, int, int, int)'> (0x0000000094a610a8) 
thrown [s\src\hotspot\share\interpreter\linkResolver.cpp, line 759]
Event: 9.500 Thread 0x00000226e8ae93e0 Exception <a 'java/lang/NoSuchMethodError'{0x0000000094a69100}: 'java.lang.Object java.lang.invoke.Invokers$Holder.linkToTargetMethod(java.lang.Object, java.lang.Object, int, int, int, int, int, java.lang.Object)'> (0x0000000094a69100) 
thrown [s\src\hotspot\share\interpreter\linkResolver.cpp, line 759]
Event: 38.892 Thread 0x00000226e8aebc60 Implicit null exception at 0x00000226da6da6ac to 0x00000226da6df33e
Event: 41.607 Thread 0x00000226e8aebc60 Implicit null exception at 0x00000226da3d9eac to 0x00000226da3d9f2c
Event: 92.532 Thread 0x00000226e8ae93e0 Exception <a 'java/lang/NoSuchMethodError'{0x00000000975d7480}: 'java.lang.Object java.lang.invoke.DirectMethodHandle$Holder.invokeSpecial(java.lang.Object, java.lang.Object, long, java.lang.Object, int, int, java.lang.Object, int, java.lang.Object)'> (0x00000000975d7480) 
thrown [s\src\hotspot\share\interpreter\linkResolver.cpp, line 759]
Event: 92.533 Thread 0x00000226e8ae93e0 Exception <a 'java/lang/NoSuchMethodError'{0x00000000975db988}: 'java.lang.Object java.lang.invoke.DelegatingMethodHandle$Holder.reinvoke_L(java.lang.Object, long, java.lang.Object, int, int, java.lang.Object, int, java.lang.Object)'> (0x00000000975db988) 
thrown [s\src\hotspot\share\interpreter\linkResolver.cpp, line 759]
Event: 92.549 Thread 0x00000226e8ae93e0 Exception <a 'java/lang/NoSuchMethodError'{0x0000000097434f00}: 'java.lang.Object java.lang.invoke.DelegatingMethodHandle$Holder.reinvoke_L(java.lang.Object, java.lang.Object, int, int, java.lang.Object, java.lang.Object)'> (0x0000000097434f00) 
thrown [s\src\hotspot\share\interpreter\linkResolver.cpp, line 759]
Event: 99.638 Thread 0x00000226e8ae93e0 Exception <a 'java/lang/NoSuchMethodError'{0x00000000974f2f18}: 'java.lang.Object java.lang.invoke.DelegatingMethodHandle$Holder.reinvoke_L(java.lang.Object, java.lang.Object, int, int, double, int)'> (0x00000000974f2f18) 
thrown [s\src\hotspot\share\interpreter\linkResolver.cpp, line 759]

VM Operations (20 events):
Event: 192.577 Executing VM operation: get/set locals done
Event: 192.577 Executing VM operation: get/set locals
Event: 192.578 Executing VM operation: get/set locals done
Event: 192.578 Executing VM operation: get/set locals
Event: 192.578 Executing VM operation: get/set locals done
Event: 208.138 Executing VM operation: ChangeBreakpoints
Event: 208.138 Executing VM operation: ChangeBreakpoints done
Event: 208.142 Executing VM operation: ChangeBreakpoints
Event: 208.142 Executing VM operation: ChangeBreakpoints done
Event: 208.142 Executing VM operation: ChangeBreakpoints
Event: 208.142 Executing VM operation: ChangeBreakpoints done
Event: 208.142 Executing VM operation: ChangeBreakpoints
Event: 208.142 Executing VM operation: ChangeBreakpoints done
Event: 208.142 Executing VM operation: ChangeBreakpoints
Event: 208.142 Executing VM operation: ChangeBreakpoints done
Event: 208.142 Executing VM operation: ChangeBreakpoints
Event: 208.142 Executing VM operation: ChangeBreakpoints done
Event: 208.143 Executing VM operation: ChangeBreakpoints
Event: 208.143 Executing VM operation: ChangeBreakpoints done
Event: 208.269 Executing VM operation: Exit

Memory protections (0 events):
No events

Nmethod flushes (20 events):
Event: 91.397 Thread 0x00000226e89e0e60 flushing  nmethod 0x00000226d325c090
Event: 91.397 Thread 0x00000226e89e0e60 flushing  nmethod 0x00000226d329e690
Event: 91.397 Thread 0x00000226e89e0e60 flushing  nmethod 0x00000226d32aa690
Event: 91.397 Thread 0x00000226e89e0e60 flushing  nmethod 0x00000226d32df010
Event: 91.397 Thread 0x00000226e89e0e60 flushing  nmethod 0x00000226d32e1710
Event: 91.397 Thread 0x00000226e89e0e60 flushing  nmethod 0x00000226d32e6b10
Event: 91.398 Thread 0x00000226e89e0e60 flushing  nmethod 0x00000226d3372990
Event: 91.398 Thread 0x00000226e89e0e60 flushing  nmethod 0x00000226d337c490
Event: 91.398 Thread 0x00000226e89e0e60 flushing  nmethod 0x00000226d339ab10
Event: 91.398 Thread 0x00000226e89e0e60 flushing  nmethod 0x00000226d339ae90
Event: 91.398 Thread 0x00000226e89e0e60 flushing  nmethod 0x00000226d339b210
Event: 91.398 Thread 0x00000226e89e0e60 flushing  nmethod 0x00000226d33c6010
Event: 91.398 Thread 0x00000226e89e0e60 flushing  nmethod 0x00000226d33e1b90
Event: 91.398 Thread 0x00000226e89e0e60 flushing  nmethod 0x00000226d33f5510
Event: 91.399 Thread 0x00000226e89e0e60 flushing  nmethod 0x00000226d34d7590
Event: 91.400 Thread 0x00000226e89e0e60 flushing  nmethod 0x00000226d34f0110
Event: 91.400 Thread 0x00000226e89e0e60 flushing  nmethod 0x00000226d35a7c90
Event: 91.400 Thread 0x00000226e89e0e60 flushing  nmethod 0x00000226d35a9710
Event: 91.400 Thread 0x00000226e89e0e60 flushing  nmethod 0x00000226d35ade10
Event: 91.402 Thread 0x00000226e89e0e60 flushing  nmethod 0x00000226d3763810

Events (20 events):
Event: 58.390 Thread 0x00000226e89e0140 Thread added: 0x00000226fd16c0b0
Event: 58.390 Thread 0x00000226e89e0140 Thread added: 0x00000226fd168640
Event: 58.663 Thread 0x00000226fd168640 Thread exited: 0x00000226fd168640
Event: 58.912 Thread 0x00000226fd16c0b0 Thread exited: 0x00000226fd16c0b0
Event: 59.245 Thread 0x00000226e89e0140 Thread added: 0x00000226fd16c0b0
Event: 59.473 Thread 0x00000226fd16c0b0 Thread exited: 0x00000226fd16c0b0
Event: 59.956 Thread 0x00000226e89e0140 Thread added: 0x00000226fd168640
Event: 60.193 Thread 0x00000226fd168640 Thread exited: 0x00000226fd168640
Event: 65.865 Thread 0x00000226e89e0140 Thread added: 0x00000226fd168640
Event: 66.288 Thread 0x00000226fd168640 Thread exited: 0x00000226fd168640
Event: 84.317 Thread 0x00000226e89e0140 Thread added: 0x00000226fd16eb30
Event: 84.945 Thread 0x00000226fd16eb30 Thread exited: 0x00000226fd16eb30
Event: 208.138 Thread 0x00000226e8aec170 Thread exited: 0x00000226e8aec170
Event: 208.152 Thread 0x00000226ed64cef0 Thread exited: 0x00000226ed64cef0
Event: 208.265 Thread 0x00000226e885e110 Thread added: 0x00000226ee06f300
Event: 208.266 Thread 0x00000226ee06f300 Thread added: 0x00000226ee06f810
Event: 208.266 Thread 0x00000226ee06f300 Thread added: 0x00000226ee06fd20
Event: 208.267 Thread 0x00000226ee06f810 Thread exited: 0x00000226ee06f810
Event: 208.269 Thread 0x00000226ee06fd20 Thread exited: 0x00000226ee06fd20
Event: 208.269 Thread 0x00000226e885e110 Thread exited: 0x00000226e885e110


Dynamic libraries:
0x00007ff6a5c80000 - 0x00007ff6a5c8e000 	C:\Users\diego\.jdks\corretto-17.0.13\bin\java.exe
0x00007ff96c5c0000 - 0x00007ff96c823000 	C:\WINDOWS\SYSTEM32\ntdll.dll
0x00007ff96b700000 - 0x00007ff96b7c8000 	C:\WINDOWS\System32\KERNEL32.DLL
0x00007ff969e40000 - 0x00007ff96a1f2000 	C:\WINDOWS\System32\KERNELBASE.dll
0x00007ff969a40000 - 0x00007ff969b8b000 	C:\WINDOWS\System32\ucrtbase.dll
0x00007ff963f60000 - 0x00007ff963f77000 	C:\Users\diego\.jdks\corretto-17.0.13\bin\jli.dll
0x00007ff95c520000 - 0x00007ff95c53b000 	C:\Users\diego\.jdks\corretto-17.0.13\bin\VCRUNTIME140.dll
0x00007ff96b3a0000 - 0x00007ff96b568000 	C:\WINDOWS\System32\USER32.dll
0x00007ff96a3f0000 - 0x00007ff96a417000 	C:\WINDOWS\System32\win32u.dll
0x00007ff956410000 - 0x00007ff9566a0000 	C:\WINDOWS\WinSxS\amd64_microsoft.windows.common-controls_6595b64144ccf1df_6.0.26100.2454_none_3e0b68a2e331ad60\COMCTL32.dll
0x00007ff96b190000 - 0x00007ff96b1ba000 	C:\WINDOWS\System32\GDI32.dll
0x00007ff96b650000 - 0x00007ff96b6f9000 	C:\WINDOWS\System32\msvcrt.dll
0x00007ff96a2c0000 - 0x00007ff96a3eb000 	C:\WINDOWS\System32\gdi32full.dll
0x00007ff969990000 - 0x00007ff969a33000 	C:\WINDOWS\System32\msvcp_win.dll
0x00007ff96a430000 - 0x00007ff96a45f000 	C:\WINDOWS\System32\IMM32.DLL
0x00007ff964000000 - 0x00007ff96400c000 	C:\Users\diego\.jdks\corretto-17.0.13\bin\vcruntime140_1.dll
0x00007ff95b270000 - 0x00007ff95b2fd000 	C:\Users\diego\.jdks\corretto-17.0.13\bin\msvcp140.dll
0x00007ff90e3f0000 - 0x00007ff90f05c000 	C:\Users\diego\.jdks\corretto-17.0.13\bin\server\jvm.dll
0x00007ff96c2d0000 - 0x00007ff96c384000 	C:\WINDOWS\System32\ADVAPI32.dll
0x00007ff96c450000 - 0x00007ff96c4f6000 	C:\WINDOWS\System32\sechost.dll
0x00007ff96a470000 - 0x00007ff96a586000 	C:\WINDOWS\System32\RPCRT4.dll
0x00007ff96b1c0000 - 0x00007ff96b234000 	C:\WINDOWS\System32\WS2_32.dll
0x00007ff969820000 - 0x00007ff96986e000 	C:\WINDOWS\SYSTEM32\POWRPROF.dll
0x00007ff9663c0000 - 0x00007ff9663f6000 	C:\WINDOWS\SYSTEM32\WINMM.dll
0x00007ff9603f0000 - 0x00007ff9603fb000 	C:\WINDOWS\SYSTEM32\VERSION.dll
0x00007ff969800000 - 0x00007ff969814000 	C:\WINDOWS\SYSTEM32\UMPDC.dll
0x00007ff9687d0000 - 0x00007ff9687ea000 	C:\WINDOWS\SYSTEM32\kernel.appcore.dll
0x00007ff963410000 - 0x00007ff96341a000 	C:\Users\diego\.jdks\corretto-17.0.13\bin\jimage.dll
0x00007ff966ee0000 - 0x00007ff967121000 	C:\WINDOWS\SYSTEM32\DBGHELP.DLL
0x00007ff96bed0000 - 0x00007ff96c24e000 	C:\WINDOWS\System32\combase.dll
0x00007ff96b570000 - 0x00007ff96b646000 	C:\WINDOWS\System32\OLEAUT32.dll
0x00007ff94b010000 - 0x00007ff94b049000 	C:\WINDOWS\SYSTEM32\dbgcore.DLL
0x00007ff969b90000 - 0x00007ff969c29000 	C:\WINDOWS\System32\bcryptPrimitives.dll
0x00007ff95b110000 - 0x00007ff95b14b000 	C:\Users\diego\.jdks\corretto-17.0.13\bin\jdwp.dll
0x00007ff9612a0000 - 0x00007ff9612ae000 	C:\Users\diego\.jdks\corretto-17.0.13\bin\instrument.dll
0x00007ff95bc40000 - 0x00007ff95bc65000 	C:\Users\diego\.jdks\corretto-17.0.13\bin\java.dll
0x00007ff95b250000 - 0x00007ff95b268000 	C:\Users\diego\.jdks\corretto-17.0.13\bin\zip.dll
0x00007ff95b150000 - 0x00007ff95b227000 	C:\Users\diego\.jdks\corretto-17.0.13\bin\jsvml.dll
0x00007ff96a9a0000 - 0x00007ff96b0a0000 	C:\WINDOWS\System32\SHELL32.dll
0x00007ff9676e0000 - 0x00007ff967f11000 	C:\WINDOWS\SYSTEM32\windows.storage.dll
0x00007ff96b0b0000 - 0x00007ff96b18a000 	C:\WINDOWS\System32\SHCORE.dll
0x00007ff96a740000 - 0x00007ff96a79d000 	C:\WINDOWS\System32\shlwapi.dll
0x00007ff9698a0000 - 0x00007ff9698ce000 	C:\WINDOWS\SYSTEM32\profapi.dll
0x00007ff95ac10000 - 0x00007ff95ac29000 	C:\Users\diego\.jdks\corretto-17.0.13\bin\net.dll
0x00007ff962eb0000 - 0x00007ff962fd6000 	C:\WINDOWS\SYSTEM32\WINHTTP.dll
0x00007ff968cd0000 - 0x00007ff968d38000 	C:\WINDOWS\system32\mswsock.dll
0x00007ff95abf0000 - 0x00007ff95ac06000 	C:\Users\diego\.jdks\corretto-17.0.13\bin\nio.dll
0x00007ff95d060000 - 0x00007ff95d06c000 	C:\Users\diego\.jdks\corretto-17.0.13\bin\dt_socket.dll
0x00007ff968260000 - 0x00007ff968292000 	C:\WINDOWS\SYSTEM32\IPHLPAPI.DLL
0x00000226c8d80000 - 0x00000226c8d83000 	D:\Proyecto Terminal\openjfx-22.0.1_windows-x64_bin-sdk\javafx-sdk-22.0.1\bin\api-ms-win-core-console-l1-1-0.dll
0x00000226c8da0000 - 0x00000226c8da3000 	D:\Proyecto Terminal\openjfx-22.0.1_windows-x64_bin-sdk\javafx-sdk-22.0.1\bin\api-ms-win-core-console-l1-2-0.dll
0x00000226cac90000 - 0x00000226cac93000 	D:\Proyecto Terminal\openjfx-22.0.1_windows-x64_bin-sdk\javafx-sdk-22.0.1\bin\api-ms-win-core-datetime-l1-1-0.dll
0x00000226caca0000 - 0x00000226caca3000 	D:\Proyecto Terminal\openjfx-22.0.1_windows-x64_bin-sdk\javafx-sdk-22.0.1\bin\api-ms-win-core-debug-l1-1-0.dll
0x00000226cacb0000 - 0x00000226cacb3000 	D:\Proyecto Terminal\openjfx-22.0.1_windows-x64_bin-sdk\javafx-sdk-22.0.1\bin\api-ms-win-core-errorhandling-l1-1-0.dll
0x00000226cacc0000 - 0x00000226cacc4000 	D:\Proyecto Terminal\openjfx-22.0.1_windows-x64_bin-sdk\javafx-sdk-22.0.1\bin\api-ms-win-core-file-l1-1-0.dll
0x00000226cacd0000 - 0x00000226cacd3000 	D:\Proyecto Terminal\openjfx-22.0.1_windows-x64_bin-sdk\javafx-sdk-22.0.1\bin\api-ms-win-core-file-l1-2-0.dll
0x00000226cace0000 - 0x00000226cace3000 	D:\Proyecto Terminal\openjfx-22.0.1_windows-x64_bin-sdk\javafx-sdk-22.0.1\bin\api-ms-win-core-file-l2-1-0.dll
0x00000226cacf0000 - 0x00000226cacf3000 	D:\Proyecto Terminal\openjfx-22.0.1_windows-x64_bin-sdk\javafx-sdk-22.0.1\bin\api-ms-win-core-handle-l1-1-0.dll
0x00000226cad00000 - 0x00000226cad03000 	D:\Proyecto Terminal\openjfx-22.0.1_windows-x64_bin-sdk\javafx-sdk-22.0.1\bin\api-ms-win-core-heap-l1-1-0.dll
0x00000226cad10000 - 0x00000226cad13000 	D:\Proyecto Terminal\openjfx-22.0.1_windows-x64_bin-sdk\javafx-sdk-22.0.1\bin\api-ms-win-core-interlocked-l1-1-0.dll
0x00000226cad20000 - 0x00000226cad23000 	D:\Proyecto Terminal\openjfx-22.0.1_windows-x64_bin-sdk\javafx-sdk-22.0.1\bin\api-ms-win-core-libraryloader-l1-1-0.dll
0x00000226cad30000 - 0x00000226cad33000 	D:\Proyecto Terminal\openjfx-22.0.1_windows-x64_bin-sdk\javafx-sdk-22.0.1\bin\api-ms-win-core-localization-l1-2-0.dll
0x00000226cad40000 - 0x00000226cad43000 	D:\Proyecto Terminal\openjfx-22.0.1_windows-x64_bin-sdk\javafx-sdk-22.0.1\bin\api-ms-win-core-memory-l1-1-0.dll
0x00000226cad50000 - 0x00000226cad53000 	D:\Proyecto Terminal\openjfx-22.0.1_windows-x64_bin-sdk\javafx-sdk-22.0.1\bin\api-ms-win-core-namedpipe-l1-1-0.dll
0x00000226e8dc0000 - 0x00000226e8dc3000 	D:\Proyecto Terminal\openjfx-22.0.1_windows-x64_bin-sdk\javafx-sdk-22.0.1\bin\api-ms-win-core-processenvironment-l1-1-0.dll
0x00000226e8dd0000 - 0x00000226e8dd3000 	D:\Proyecto Terminal\openjfx-22.0.1_windows-x64_bin-sdk\javafx-sdk-22.0.1\bin\api-ms-win-core-processthreads-l1-1-0.dll
0x00000226e8de0000 - 0x00000226e8de3000 	D:\Proyecto Terminal\openjfx-22.0.1_windows-x64_bin-sdk\javafx-sdk-22.0.1\bin\api-ms-win-core-processthreads-l1-1-1.dll
0x00000226e8df0000 - 0x00000226e8df3000 	D:\Proyecto Terminal\openjfx-22.0.1_windows-x64_bin-sdk\javafx-sdk-22.0.1\bin\api-ms-win-core-profile-l1-1-0.dll
0x00000226e8e00000 - 0x00000226e8e03000 	D:\Proyecto Terminal\openjfx-22.0.1_windows-x64_bin-sdk\javafx-sdk-22.0.1\bin\api-ms-win-core-rtlsupport-l1-1-0.dll
0x00000226e8e10000 - 0x00000226e8e13000 	D:\Proyecto Terminal\openjfx-22.0.1_windows-x64_bin-sdk\javafx-sdk-22.0.1\bin\api-ms-win-core-string-l1-1-0.dll
0x00000226e8e20000 - 0x00000226e8e23000 	D:\Proyecto Terminal\openjfx-22.0.1_windows-x64_bin-sdk\javafx-sdk-22.0.1\bin\api-ms-win-core-synch-l1-1-0.dll
0x00000226e8e30000 - 0x00000226e8e33000 	D:\Proyecto Terminal\openjfx-22.0.1_windows-x64_bin-sdk\javafx-sdk-22.0.1\bin\api-ms-win-core-synch-l1-2-0.dll
0x00000226e8e40000 - 0x00000226e8e43000 	D:\Proyecto Terminal\openjfx-22.0.1_windows-x64_bin-sdk\javafx-sdk-22.0.1\bin\api-ms-win-core-sysinfo-l1-1-0.dll
0x00000226e8e50000 - 0x00000226e8e53000 	D:\Proyecto Terminal\openjfx-22.0.1_windows-x64_bin-sdk\javafx-sdk-22.0.1\bin\api-ms-win-core-timezone-l1-1-0.dll
0x00000226e8e60000 - 0x00000226e8e63000 	D:\Proyecto Terminal\openjfx-22.0.1_windows-x64_bin-sdk\javafx-sdk-22.0.1\bin\api-ms-win-core-util-l1-1-0.dll
0x00000226e8e70000 - 0x00000226e8e73000 	D:\Proyecto Terminal\openjfx-22.0.1_windows-x64_bin-sdk\javafx-sdk-22.0.1\bin\api-ms-win-crt-conio-l1-1-0.dll
0x00000226e8e80000 - 0x00000226e8e84000 	D:\Proyecto Terminal\openjfx-22.0.1_windows-x64_bin-sdk\javafx-sdk-22.0.1\bin\api-ms-win-crt-convert-l1-1-0.dll
0x00000226e8e90000 - 0x00000226e8e93000 	D:\Proyecto Terminal\openjfx-22.0.1_windows-x64_bin-sdk\javafx-sdk-22.0.1\bin\api-ms-win-crt-environment-l1-1-0.dll
0x00000226e8ea0000 - 0x00000226e8ea3000 	D:\Proyecto Terminal\openjfx-22.0.1_windows-x64_bin-sdk\javafx-sdk-22.0.1\bin\api-ms-win-crt-filesystem-l1-1-0.dll
0x00000226e8eb0000 - 0x00000226e8eb3000 	D:\Proyecto Terminal\openjfx-22.0.1_windows-x64_bin-sdk\javafx-sdk-22.0.1\bin\api-ms-win-crt-heap-l1-1-0.dll
0x00000226e8ec0000 - 0x00000226e8ec3000 	D:\Proyecto Terminal\openjfx-22.0.1_windows-x64_bin-sdk\javafx-sdk-22.0.1\bin\api-ms-win-crt-locale-l1-1-0.dll
0x00000226e8ed0000 - 0x00000226e8ed5000 	D:\Proyecto Terminal\openjfx-22.0.1_windows-x64_bin-sdk\javafx-sdk-22.0.1\bin\api-ms-win-crt-math-l1-1-0.dll
0x00000226e8ee0000 - 0x00000226e8ee5000 	D:\Proyecto Terminal\openjfx-22.0.1_windows-x64_bin-sdk\javafx-sdk-22.0.1\bin\api-ms-win-crt-multibyte-l1-1-0.dll
0x00000226e8ef0000 - 0x00000226e8f00000 	D:\Proyecto Terminal\openjfx-22.0.1_windows-x64_bin-sdk\javafx-sdk-22.0.1\bin\api-ms-win-crt-private-l1-1-0.dll
0x00000226e8f00000 - 0x00000226e8f03000 	D:\Proyecto Terminal\openjfx-22.0.1_windows-x64_bin-sdk\javafx-sdk-22.0.1\bin\api-ms-win-crt-process-l1-1-0.dll
0x00000226e8f10000 - 0x00000226e8f14000 	D:\Proyecto Terminal\openjfx-22.0.1_windows-x64_bin-sdk\javafx-sdk-22.0.1\bin\api-ms-win-crt-runtime-l1-1-0.dll
0x00000226e8f20000 - 0x00000226e8f24000 	D:\Proyecto Terminal\openjfx-22.0.1_windows-x64_bin-sdk\javafx-sdk-22.0.1\bin\api-ms-win-crt-stdio-l1-1-0.dll
0x00000226e8f30000 - 0x00000226e8f34000 	D:\Proyecto Terminal\openjfx-22.0.1_windows-x64_bin-sdk\javafx-sdk-22.0.1\bin\api-ms-win-crt-string-l1-1-0.dll
0x00000226e8f40000 - 0x00000226e8f43000 	D:\Proyecto Terminal\openjfx-22.0.1_windows-x64_bin-sdk\javafx-sdk-22.0.1\bin\api-ms-win-crt-time-l1-1-0.dll
0x00000226e8f50000 - 0x00000226e8f53000 	D:\Proyecto Terminal\openjfx-22.0.1_windows-x64_bin-sdk\javafx-sdk-22.0.1\bin\api-ms-win-crt-utility-l1-1-0.dll
0x00007ff9598e0000 - 0x00007ff9599dc000 	D:\Proyecto Terminal\openjfx-22.0.1_windows-x64_bin-sdk\javafx-sdk-22.0.1\bin\ucrtbase.dll
0x00007ff95abd0000 - 0x00007ff95abeb000 	D:\Proyecto Terminal\openjfx-22.0.1_windows-x64_bin-sdk\javafx-sdk-22.0.1\bin\vcruntime140.dll
0x00007ff95b100000 - 0x00007ff95b10c000 	D:\Proyecto Terminal\openjfx-22.0.1_windows-x64_bin-sdk\javafx-sdk-22.0.1\bin\vcruntime140_1.dll
0x00007ff959e50000 - 0x00007ff959ede000 	D:\Proyecto Terminal\openjfx-22.0.1_windows-x64_bin-sdk\javafx-sdk-22.0.1\bin\msvcp140.dll
0x00007ff95ae70000 - 0x00007ff95ae79000 	D:\Proyecto Terminal\openjfx-22.0.1_windows-x64_bin-sdk\javafx-sdk-22.0.1\bin\msvcp140_1.dll
0x00007ff95ab80000 - 0x00007ff95abc1000 	D:\Proyecto Terminal\openjfx-22.0.1_windows-x64_bin-sdk\javafx-sdk-22.0.1\bin\msvcp140_2.dll
0x00007ff959e20000 - 0x00007ff959e50000 	D:\Proyecto Terminal\openjfx-22.0.1_windows-x64_bin-sdk\javafx-sdk-22.0.1\bin\prism_d3d.dll
0x00007ff926bb0000 - 0x00007ff926d56000 	C:\WINDOWS\system32\d3d9.dll
0x00007ff966790000 - 0x00007ff9667be000 	C:\WINDOWS\SYSTEM32\dwmapi.dll
0x00007ff966740000 - 0x00007ff966787000 	C:\WINDOWS\SYSTEM32\dxcore.dll
0x00007ff966440000 - 0x00007ff9664ed000 	C:\WINDOWS\system32\uxtheme.dll
0x00007ff960400000 - 0x00007ff9605dd000 	C:\WINDOWS\System32\DriverStore\FileRepository\u0355756.inf_amd64_5146fc3a012e7afa\B354291\aticfx64.dll
0x00007ff926b80000 - 0x00007ff926bb0000 	C:\WINDOWS\System32\DriverStore\FileRepository\u0355756.inf_amd64_5146fc3a012e7afa\B354291\atiu9p64.dll
0x00007ff925a20000 - 0x00007ff9266eb000 	C:\WINDOWS\System32\DriverStore\FileRepository\u0355756.inf_amd64_5146fc3a012e7afa\B354291\atiumd64.dll
0x00007ff96a5a0000 - 0x00007ff96a739000 	C:\WINDOWS\System32\ole32.dll
0x0000000073870000 - 0x00000000745f3000 	C:\WINDOWS\System32\DriverStore\FileRepository\u0355756.inf_amd64_5146fc3a012e7afa\B354291\atiumd6a.dll
0x00007ff966570000 - 0x00007ff9665cc000 	C:\WINDOWS\SYSTEM32\directxdatabasehelper.dll
0x00007ff959860000 - 0x00007ff9598a5000 	D:\Proyecto Terminal\openjfx-22.0.1_windows-x64_bin-sdk\javafx-sdk-22.0.1\bin\glass.dll
0x00007ff96a8b0000 - 0x00007ff96a99d000 	C:\WINDOWS\System32\COMDLG32.dll
0x00007ff904840000 - 0x00007ff90489e000 	C:\Program Files\Huawei\PCManager\plugins\PerfWndMonModule.dll
0x00007ff96b240000 - 0x00007ff96b39c000 	C:\WINDOWS\System32\MSCTF.dll
0x00007ff96c390000 - 0x00007ff96c438000 	C:\WINDOWS\System32\clbcatq.dll
0x00007ff95c0f0000 - 0x00007ff95c245000 	C:\Windows\System32\Windows.UI.dll
0x00007ff93fc90000 - 0x00007ff93fddc000 	C:\Windows\System32\Windows.UI.Immersive.dll
0x00007ff959ca0000 - 0x00007ff959cb5000 	D:\Proyecto Terminal\openjfx-22.0.1_windows-x64_bin-sdk\javafx-sdk-22.0.1\bin\javafx_font.dll
0x00007ff965b40000 - 0x00007ff965da5000 	C:\WINDOWS\SYSTEM32\dwrite.dll
0x00007ff965de0000 - 0x00007ff96600e000 	C:\WINDOWS\SYSTEM32\WindowsCodecs.dll
0x00007ff95a060000 - 0x00007ff95a0ba000 	C:\WINDOWS\system32\dataexchange.dll
0x00007ff95db90000 - 0x00007ff95ddc7000 	C:\WINDOWS\system32\twinapi.appcore.dll
0x00007ff959c10000 - 0x00007ff959c3c000 	C:\Program Files\Common Files\Microsoft Shared\Ink\rtscom.dll
0x00007ff958990000 - 0x00007ff958ad6000 	C:\WINDOWS\SYSTEM32\textinputframework.dll
0x00007ff962970000 - 0x00007ff962a95000 	C:\WINDOWS\SYSTEM32\CoreMessaging.dll
0x00007ff9607e0000 - 0x00007ff960ac3000 	C:\WINDOWS\SYSTEM32\CoreUIComponents.dll
0x00007ff964460000 - 0x00007ff9645c8000 	C:\WINDOWS\SYSTEM32\wintypes.dll
0x00007ff968f90000 - 0x00007ff968f9c000 	C:\WINDOWS\SYSTEM32\CRYPTBASE.DLL
0x00007ff959830000 - 0x00007ff95985d000 	D:\Proyecto Terminal\openjfx-22.0.1_windows-x64_bin-sdk\javafx-sdk-22.0.1\bin\javafx_iio.dll
0x00007ff965500000 - 0x00007ff965b3a000 	C:\WINDOWS\SYSTEM32\d2d1.dll
0x00007ff966150000 - 0x00007ff9663ad000 	C:\WINDOWS\SYSTEM32\d3d11.dll

dbghelp: loaded successfully - version: 4.0.5 - missing functions: none
symbol engine: initialized successfully - sym options: 0x614 - pdb path: .;C:\Users\diego\.jdks\corretto-17.0.13\bin;C:\WINDOWS\SYSTEM32;C:\WINDOWS\WinSxS\amd64_microsoft.windows.common-controls_6595b64144ccf1df_6.0.26100.2454_none_3e0b68a2e331ad60;C:\Users\diego\.jdks\corretto-17.0.13\bin\server;D:\Proyecto Terminal\openjfx-22.0.1_windows-x64_bin-sdk\javafx-sdk-22.0.1\bin;C:\WINDOWS\System32\DriverStore\FileRepository\u0355756.inf_amd64_5146fc3a012e7afa\B354291;C:\Program Files\Huawei\PCManager\plugins;C:\Program Files\Common Files\Microsoft Shared\Ink

VM Arguments:
jvm_args: -agentlib:jdwp=transport=dt_socket,address=127.0.0.1:3648,suspend=y,server=n --module-path=D:\Proyecto Terminal\openjfx-22.0.1_windows-x64_bin-sdk\javafx-sdk-22.0.1\lib --add-modules=javafx.controls,javafx.fxml -javaagent:C:\Users\diego\AppData\Local\JetBrains\IntelliJIdea2024.1\captureAgent\debugger-agent.jar -Dfile.encoding=UTF-8 
java_command: optiuam.bc.controller.OptiUAM24
java_class_path (initial): D:\Proyecto Terminal\C鏚igo\OptiUAM24\OptiUAM\out\production\OptiUAM;D:\Proyecto Terminal\C鏚igo\OptiUAM24\OptiUAM\Librerias\jcommon-1.0.23.jar;D:\Proyecto Terminal\C鏚igo\OptiUAM24\OptiUAM\Librerias\jfreechart-1.0.19.jar;D:\Proyecto Terminal\openjfx-22.0.1_windows-x64_bin-sdk\javafx-sdk-22.0.1\lib\javafx-swt.jar;D:\Proyecto Terminal\openjfx-22.0.1_windows-x64_bin-sdk\javafx-sdk-22.0.1\lib\javafx.base.jar;D:\Proyecto Terminal\openjfx-22.0.1_windows-x64_bin-sdk\javafx-sdk-22.0.1\lib\javafx.controls.jar;D:\Proyecto Terminal\openjfx-22.0.1_windows-x64_bin-sdk\javafx-sdk-22.0.1\lib\javafx.fxml.jar;D:\Proyecto Terminal\openjfx-22.0.1_windows-x64_bin-sdk\javafx-sdk-22.0.1\lib\javafx.graphics.jar;D:\Proyecto Terminal\openjfx-22.0.1_windows-x64_bin-sdk\javafx-sdk-22.0.1\lib\javafx.media.jar;D:\Proyecto Terminal\openjfx-22.0.1_windows-x64_bin-sdk\javafx-sdk-22.0.1\lib\javafx.swing.jar;D:\Proyecto Terminal\openjfx-22.0.1_windows-x64_bin-sdk\javafx-sdk-22.0.1\lib\javafx.web.jar;D:\Proyecto Terminal\openjfx-22.0.1_windows-x64_bin-sdk.zip;D:\Proyecto Terminal\commons-math3-3.6.1\commons-math3-3.6.1-tests.jar;D:\Proyecto Terminal\commons-math3-3.6.1\commons-math3-3.6.1-tools.jar;D:\Proyecto Terminal\commons-math3-3.6.1\commons-math3-3.6.1.jar;C:\Program Files\JetBrains\IntelliJ IDEA 2024.1.3\lib\idea_rt.jar
Launcher Type: SUN_STANDARD

[Global flags]
     intx CICompilerCount                          = 4                                         {product} {ergonomic}
     uint ConcGCThreads                            = 2                                         {product} {ergonomic}
     uint G1ConcRefinementThreads                  = 8                                         {product} {ergonomic}
   size_t G1HeapRegionSize                         = 1048576                                   {product} {ergonomic}
    uintx GCDrainStackTargetSize                   = 64                                        {product} {ergonomic}
   size_t InitialHeapSize                          = 117440512                                 {product} {ergonomic}
   size_t MarkStackSize                            = 4194304                                   {product} {ergonomic}
   size_t MaxHeapSize                              = 1862270976                                {product} {ergonomic}
   size_t MaxNewSize                               = 1116733440                                {product} {ergonomic}
   size_t MinHeapDeltaBytes                        = 1048576                                   {product} {ergonomic}
   size_t MinHeapSize                              = 8388608                                   {product} {ergonomic}
    uintx NonNMethodCodeHeapSize                   = 5839372                                {pd product} {ergonomic}
    uintx NonProfiledCodeHeapSize                  = 122909434                              {pd product} {ergonomic}
    uintx ProfiledCodeHeapSize                     = 122909434                              {pd product} {ergonomic}
    uintx ReservedCodeCacheSize                    = 251658240                              {pd product} {ergonomic}
     bool SegmentedCodeCache                       = true                                      {product} {ergonomic}
   size_t SoftMaxHeapSize                          = 1862270976                             {manageable} {ergonomic}
     bool UseCompressedClassPointers               = true                           {product lp64_product} {ergonomic}
     bool UseCompressedOops                        = true                           {product lp64_product} {ergonomic}
     bool UseG1GC                                  = true                                      {product} {ergonomic}
     bool UseLargePagesIndividualAllocation        = false                                  {pd product} {ergonomic}

Logging:
Log output configuration:
 #0: stdout all=off uptime,level,tags
 #1: stderr all=off uptime,level,tags

Environment Variables:
PATH=C:\Program Files\Common Files\Oracle\Java\javapath;C:\Users\diego\Desktop\oracle\bin;C:\WINDOWS\system32;C:\WINDOWS;C:\WINDOWS\System32\Wbem;C:\WINDOWS\System32\WindowsPowerShell\v1.0\;C:\WINDOWS\System32\OpenSSH\;C:\Program Files\Git\cmd;C:\Strawberry\c\bin;C:\Strawberry\perl\site\bin;C:\Strawberry\perl\bin;C:\Users\diego\AppData\Local\Programs\Python\Launcher\;C:\Users\diego\AppData\Local\Microsoft\WindowsApps;C:\Program Files\JetBrains\IntelliJ IDEA 2024.1.3\bin;;C:\Users\diego\AppData\Local\GitHubDesktop\bin;C:\Program Files\JetBrains\PyCharm 2024.1.4\bin;;C:\Users\diego\AppData\Local\Programs\Microsoft VS Code\bin;C:\Users\diego\AppData\Local\Programs\MiKTeX\miktex\bin\x64\;C:\Program Files\JetBrains\PyCharm Community Edition 2024.3\bin;;
USERNAME=diego
OS=Windows_NT
PROCESSOR_IDENTIFIER=AMD64 Family 23 Model 24 Stepping 1, AuthenticAMD
TMP=C:\Users\diego\AppData\Local\Temp
TEMP=C:\Users\diego\AppData\Local\Temp



Periodic native trim disabled


---------------  S Y S T E M  ---------------

OS:
 Windows 11 , 64 bit Build 26100 (10.0.26100.2454)
OS uptime: 3 days 16:18 hours

CPU: total 8 (initial active 8) (8 cores per cpu, 2 threads per core) family 23 model 24 stepping 1 microcode 0x8108109, cx8, cmov, fxsr, ht, mmx, 3dnowpref, sse, sse2, sse3, ssse3, sse4a, sse4.1, sse4.2, popcnt, lzcnt, tsc, tscinvbit, avx, avx2, aes, clmul, bmi1, bmi2, adx, sha, fma, vzeroupper, clflush, clflushopt
Processor Information for all 8 processors :
  Max Mhz: 2100, Current Mhz: 2100, Mhz Limit: 2100

Memory: 4k page, system-wide physical 7103M (864M free)
TotalPageFile size 15807M (AvailPageFile size 2157M)
current process WorkingSet (physical memory assigned to process): 299M, peak: 349M
current process commit charge ("private bytes"): 402M, peak: 474M

vm_info: OpenJDK 64-Bit Server VM (17.0.13+11-LTS) for windows-amd64 JRE (17.0.13+11-LTS), built on Oct 10 2024 19:51:30 by "Administrator" with MS VC++ 16.10 / 16.11 (VS2019)

END.
