#
# A fatal error has been detected by the Java Runtime Environment:
#
#  EXCEPTION_ACCESS_VIOLATION (0xc0000005) at pc=0x00007ffe4a9d82d7, pid=11628, tid=9964
#
# JRE version: OpenJDK Runtime Environment Corretto-17.0.13.11.1 (17.0.13+11) (build 17.0.13+11-LTS)
# Java VM: OpenJDK 64-Bit Server VM Corretto-17.0.13.11.1 (17.0.13+11-LTS, mixed mode, sharing, tiered, compressed oops, compressed class ptrs, g1 gc, windows-amd64)
# Problematic frame:
# C  [glass.dll+0x282d7]
#
# No core dump will be written. Minidumps are not enabled by default on client versions of Windows
#
# If you would like to submit a bug report, please visit:
#   https://github.com/corretto/corretto-17/issues/
#

---------------  S U M M A R Y ------------

Command Line: -agentlib:jdwp=transport=dt_socket,address=127.0.0.1:51711,suspend=y,server=n --module-path=D:\Proyecto Terminal\openjfx-22.0.1_windows-x64_bin-sdk\javafx-sdk-22.0.1\lib --add-modules=javafx.controls,javafx.fxml -javaagent:C:\Users\diego\AppData\Local\JetBrains\IntelliJIdea2024.1\captureAgent\debugger-agent.jar -Dfile.encoding=UTF-8 optiuam.bc.controller.OptiUAM24

Host: AMD Ryzen 5 3500U with Radeon Vega Mobile Gfx  , 8 cores, 6G,  Windows 11 , 64 bit Build 22621 (10.0.22621.4391)
Time: Wed Nov 20 16:50:03 2024 Hora estándar central (México) elapsed time: 148.291189 seconds (0d 0h 2m 28s)

---------------  T H R E A D  ---------------

Current thread (0x000001801f63c2b0):  VMThread "VM Thread" [stack: 0x000000215c200000,0x000000215c300000] [id=9964]

Stack: [0x000000215c200000,0x000000215c300000],  sp=0x000000215c2fec10,  free space=1019k
Native frames: (J=compiled Java code, j=interpreted, Vv=VM code, C=native code)
C  [glass.dll+0x282d7]


siginfo: EXCEPTION_ACCESS_VIOLATION (0xc0000005), reading address 0x0000000000000000


Registers:
RAX=0x0000000000000000, RBX=0x000001806c957dc0, RCX=0x000001801f63c2b0, RDX=0x000000215c2fec10
RSP=0x000000215c2fec10, RBP=0x00000180659320a8, RSI=0x000000215c2fed18, RDI=0x0000018065932080
R8 =0x0000000000010002, R9 =0x0000018065932080, R10=0x85f13e9656da4870, R11=0x000000215c2feba0
R12=0x00007ffe4a9d5be0, R13=0x00007ffe0cda8420, R14=0x0000a48aa0733286, R15=0x0000018065932080
RIP=0x00007ffe4a9d82d7, EFLAGS=0x0000000000010202


Register to memory mapping:

RIP=0x00007ffe4a9d82d7 glass.dll
RAX=0x0 is NULL
RBX=0x000001806c957dc0 is a global jni handle
RCX=0x000001801f63c2b0 points into unknown readable memory: 0x00007ffe0cbd2cc8 | c8 2c bd 0c fe 7f 00 00
RDX=0x000000215c2fec10 points into unknown readable memory: 0x0000000000000000 | 00 00 00 00 00 00 00 00
RSP=0x000000215c2fec10 points into unknown readable memory: 0x0000000000000000 | 00 00 00 00 00 00 00 00
RBP=0x00000180659320a8 points into unknown readable memory: 0x0000a48aa0733286 | 86 32 73 a0 8a a4 00 00
RSI=0x000000215c2fed18 points into unknown readable memory: 0x000000215c2fed00 | 00 ed 2f 5c 21 00 00 00
RDI=0x0000018065932080 points into unknown readable memory: 0x001f5b1807268c86 | 86 8c 26 07 18 5b 1f 00
R8 =0x0000000000010002 is an unknown value
R9 =0x0000018065932080 points into unknown readable memory: 0x001f5b1807268c86 | 86 8c 26 07 18 5b 1f 00
R10=0x85f13e9656da4870 is an unknown value
R11=0x000000215c2feba0 points into unknown readable memory: 0x0000018065932080 | 80 20 93 65 80 01 00 00
R12=0x00007ffe4a9d5be0 glass.dll
R13=0x00007ffe0cda8420 jvm.dll
R14=0x0000a48aa0733286 is an unknown value
R15=0x0000018065932080 points into unknown readable memory: 0x001f5b1807268c86 | 86 8c 26 07 18 5b 1f 00


Top of Stack: (sp=0x000000215c2fec10)
0x000000215c2fec10:   0000000000000000 000000215c2fed18
0x000000215c2fec20:   00007ffe0cda8420 00007ffe4a9d5be0
0x000000215c2fec30:   0000018065932088 00007ffe63623a93
0x000000215c2fec40:   0000018065932080 0000018000000000
0x000000215c2fec50:   00000180659320a8 000000215c2fed18
0x000000215c2fec60:   fffffffffffffffe 0000000000000000
0x000000215c2fec70:   0000000000000001 00007ffe4a9b0000
0x000000215c2fec80:   000000215c2fed08 00007ffe635f042e
0x000000215c2fec90:   0000000000000000 000000215c2fed18
0x000000215c2feca0:   000000215c2ff000 0000000000000001
0x000000215c2fecb0:   0000000000000001 00007ffe635edddd
0x000000215c2fecc0:   0000000000000000 00007ffe4a9d53d9
0x000000215c2fecd0:   0000000000000000 000000215c2fed08
0x000000215c2fece0:   fffffffffffffffe 0000000000000001
0x000000215c2fecf0:   0000000000000001 00007ffe4a9d5a6d
0x000000215c2fed00:   00007ffe4a9ed078 00007ffe00000002
0x000000215c2fed10:   0000000000000002 000000215c2fed00
0x000000215c2fed20:   0000000000000000 00007ffe659f8af3
0x000000215c2fed30:   0000000000000000 00007ffe4a9d5b92
0x000000215c2fed40:   0000000000000001 000000215c2ff000
0x000000215c2fed50:   0000000000000001 0000000000000001
0x000000215c2fed60:   000001807fdc0fb8 00007ffe62402223
0x000000215c2fed70:   0000018000000001 0000000000000016
0x000000215c2fed80:   00007ffe4a9b0000 000000007ffe0384
0x000000215c2fed90:   0000000000000000 00007ffe659f8b8f
0x000000215c2feda0:   00007ffe4a9b0000 0000000000000000
0x000000215c2fedb0:   0000000000000001 000000007ffe0385
0x000000215c2fedc0:   0000000000000000 00007ffe65a217d9
0x000000215c2fedd0:   00006afae65fc400 0000000000000014
0x000000215c2fede0:   00007ffe4a9d5be0 0000000000000000
0x000000215c2fedf0:   0000000000000000 000000215b7aa000
0x000000215c2fee00:   0000018065a743e0 00007ffe65a21596 

Instructions: (pc=0x00007ffe4a9d82d7)
0x00007ffe4a9d81d7:   8b 4d 58 e8 49 cf ff ff 48 8b 4d 60 e8 40 cf ff
0x00007ffe4a9d81e7:   ff 48 8b 95 80 00 00 00 48 8b 8d 18 01 00 00 e8
0x00007ffe4a9d81f7:   26 c5 ff ff 33 d2 33 c9 e8 8c e1 ff ff 90 48 89
0x00007ffe4a9d8207:   54 24 10 55 48 83 ec 20 48 8b ea 48 b8 00 00 00
0x00007ffe4a9d8217:   00 00 00 00 00 48 83 c4 20 5d c3 cc 40 55 48 8b
0x00007ffe4a9d8227:   ea 48 8b 01 33 c9 81 38 05 00 00 c0 0f 94 c1 8b
0x00007ffe4a9d8237:   c1 5d c3 cc 40 55 48 83 ec 20 48 8b ea 8a 4d 40
0x00007ffe4a9d8247:   48 83 c4 20 5d e9 33 d3 ff ff cc 40 55 48 83 ec
0x00007ffe4a9d8257:   20 48 8b ea 8a 4d 20 e8 21 d3 ff ff 90 48 83 c4
0x00007ffe4a9d8267:   20 5d c3 cc 40 55 48 83 ec 20 48 8b ea 48 83 c4
0x00007ffe4a9d8277:   20 5d e9 82 d1 ff ff cc 40 55 48 83 ec 30 48 8b
0x00007ffe4a9d8287:   ea 48 8b 01 8b 10 48 89 4c 24 28 89 54 24 20 4c
0x00007ffe4a9d8297:   8d 0d 23 d6 ff ff 4c 8b 45 70 8b 55 68 48 8b 4d
0x00007ffe4a9d82a7:   60 e8 c3 d0 ff ff 90 48 83 c4 30 5d c3 cc cc cc
0x00007ffe4a9d82b7:   cc cc cc cc cc cc cc cc cc 40 53 48 83 ec 20 48
0x00007ffe4a9d82c7:   8b 1d 6b 47 01 00 48 85 db 74 16 e8 39 90 ff ff
0x00007ffe4a9d82d7:   4c 8b 00 48 8b d3 48 8b c8 41 ff 90 b0 00 00 00
0x00007ffe4a9d82e7:   90 48 83 c4 20 5b c3 cc cc 40 53 48 83 ec 20 48
0x00007ffe4a9d82f7:   8b 1d ab 48 01 00 48 85 db 74 57 b8 ff ff ff ff
0x00007ffe4a9d8307:   f0 0f c1 43 10 83 f8 01 75 3d 48 85 db 74 38 48
0x00007ffe4a9d8317:   8b 0b 48 85 c9 74 0d ff 15 8c 0f 00 00 48 c7 03
0x00007ffe4a9d8327:   00 00 00 00 48 8b 4b 08 48 85 c9 74 0d e8 ef cd
0x00007ffe4a9d8337:   ff ff 48 c7 43 08 00 00 00 00 ba 18 00 00 00 48
0x00007ffe4a9d8347:   8b cb e8 da cd ff ff 48 c7 05 4f 48 01 00 00 00
0x00007ffe4a9d8357:   00 00 48 83 c4 20 5b c3 cc 40 53 48 83 ec 20 48
0x00007ffe4a9d8367:   8b 1d 1b 48 01 00 48 85 db 74 57 b8 ff ff ff ff
0x00007ffe4a9d8377:   f0 0f c1 43 10 83 f8 01 75 3d 48 85 db 74 38 48
0x00007ffe4a9d8387:   8b 0b 48 85 c9 74 0d ff 15 1c 0f 00 00 48 c7 03
0x00007ffe4a9d8397:   00 00 00 00 48 8b 4b 08 48 85 c9 74 0d e8 7f cd
0x00007ffe4a9d83a7:   ff ff 48 c7 43 08 00 00 00 00 ba 18 00 00 00 48
0x00007ffe4a9d83b7:   8b cb e8 6a cd ff ff 48 c7 05 bf 47 01 00 00 00
0x00007ffe4a9d83c7:   00 00 48 83 c4 20 5b c3 cc 40 53 48 83 ec 20 48 


Stack slot to memory mapping:
stack at sp + 0 slots: 0x0 is NULL
stack at sp + 1 slots: 0x000000215c2fed18 points into unknown readable memory: 0x000000215c2fed00 | 00 ed 2f 5c 21 00 00 00
stack at sp + 2 slots: 0x00007ffe0cda8420 jvm.dll
stack at sp + 3 slots: 0x00007ffe4a9d5be0 glass.dll
stack at sp + 4 slots: 0x0000018065932088 points into unknown readable memory: 0x0000a48aa0733286 | 86 32 73 a0 8a a4 00 00
stack at sp + 5 slots: 0x00007ffe63623a93 ucrtbase.dll
stack at sp + 6 slots: 0x0000018065932080 points into unknown readable memory: 0x001f5b1807268c86 | 86 8c 26 07 18 5b 1f 00
stack at sp + 7 slots: 0x0000018000000000 points into unknown readable memory: 0x0000000000000000 | 00 00 00 00 00 00 00 00

VM_Operation (0x000000215b9ff410): Exit, mode: safepoint, requested by thread 0x000001806c92ff80


---------------  P R O C E S S  ---------------

Threads class SMR info:
_java_thread_list=0x000001806f2c3650, length=21, elements={
0x0000018001feb6a0, 0x000001801f643d60, 0x000001801f644be0, 0x000001801f654270,
0x000001801f656c50, 0x000001801f657520, 0x000001801f657df0, 0x000001801f65cbc0,
0x000001801f6659a0, 0x000001801f676110, 0x000001801f62bc70, 0x0000018065a59200,
0x0000018065ac8780, 0x0000018066392bf0, 0x0000018065f0d620, 0x0000018065f0ecf0,
0x0000018065c430b0, 0x000001806637a530, 0x000001806c92eb40, 0x000001806c9322f0,
0x000001806c92ff80
}

Java Threads: ( => current thread )
  0x0000018001feb6a0 JavaThread "main" [_thread_blocked, id=5316, stack(0x000000215bc00000,0x000000215bd00000)]
  0x000001801f643d60 JavaThread "Reference Handler" daemon [_thread_blocked, id=4956, stack(0x000000215c300000,0x000000215c400000)]
  0x000001801f644be0 JavaThread "Finalizer" daemon [_thread_blocked, id=8732, stack(0x000000215c400000,0x000000215c500000)]
  0x000001801f654270 JavaThread "Signal Dispatcher" daemon [_thread_blocked, id=4624, stack(0x000000215c500000,0x000000215c600000)]
  0x000001801f656c50 JavaThread "Attach Listener" daemon [_thread_blocked, id=8692, stack(0x000000215c600000,0x000000215c700000)]
  0x000001801f657520 JavaThread "Service Thread" daemon [_thread_blocked, id=14692, stack(0x000000215c700000,0x000000215c800000)]
  0x000001801f657df0 JavaThread "Monitor Deflation Thread" daemon [_thread_blocked, id=5920, stack(0x000000215c800000,0x000000215c900000)]
  0x000001801f65cbc0 JavaThread "C2 CompilerThread0" daemon [_thread_blocked, id=1904, stack(0x000000215c900000,0x000000215ca00000)]
  0x000001801f6659a0 JavaThread "C1 CompilerThread0" daemon [_thread_blocked, id=9628, stack(0x000000215ca00000,0x000000215cb00000)]
  0x000001801f676110 JavaThread "Sweeper thread" daemon [_thread_blocked, id=15152, stack(0x000000215cb00000,0x000000215cc00000)]
  0x000001801f62bc70 JavaThread "Common-Cleaner" daemon [_thread_blocked, id=14804, stack(0x000000215cc00000,0x000000215cd00000)]
  0x0000018065a59200 JavaThread "JDWP Event Helper Thread" daemon [_thread_blocked, id=17264, stack(0x000000215d000000,0x000000215d100000)]
  0x0000018065ac8780 JavaThread "Notification Thread" daemon [_thread_blocked, id=2628, stack(0x000000215d200000,0x000000215d300000)]
  0x0000018066392bf0 JavaThread "QuantumRenderer-0" daemon [_thread_blocked, id=10820, stack(0x000000215d400000,0x000000215d500000)]
  0x0000018065f0d620 JavaThread "InvokeLaterDispatcher" daemon [_thread_blocked, id=10816, stack(0x000000215d700000,0x000000215d800000)]
  0x0000018065f0ecf0 JavaThread "JavaFX Application Thread" [_thread_in_native, id=9448, stack(0x000000215d800000,0x000000215d900000)]
  0x0000018065c430b0 JavaThread "JavaFX-Launcher" [_thread_blocked, id=3208, stack(0x000000215ce00000,0x000000215cf00000)]
  0x000001806637a530 JavaThread "Thread-2" daemon [_thread_in_native, id=13232, stack(0x000000215cd00000,0x000000215ce00000)]
  0x000001806c92eb40 JavaThread "Prism Font Disposer" daemon [_thread_blocked, id=3812, stack(0x000000215e800000,0x000000215e900000)]
  0x000001806c9322f0 JavaThread "Cleaner-0" daemon [_thread_blocked, id=14004, stack(0x000000215ea00000,0x000000215eb00000)]
  0x000001806c92ff80 JavaThread "SIGINT handler" daemon [_thread_blocked, id=6016, stack(0x000000215b900000,0x000000215ba00000)]

Other Threads:
=>0x000001801f63c2b0 VMThread "VM Thread" [stack: 0x000000215c200000,0x000000215c300000] [id=9964]
  0x000001800203f880 GCTaskThread "GC Thread#0" [stack: 0x000000215bd00000,0x000000215be00000] [id=2316]
  0x0000018065c65220 GCTaskThread "GC Thread#1" [stack: 0x000000215df00000,0x000000215e000000] [id=10156]
  0x0000018065c654e0 GCTaskThread "GC Thread#2" [stack: 0x000000215e000000,0x000000215e100000] [id=11768]
  0x0000018065c69150 GCTaskThread "GC Thread#3" [stack: 0x000000215e100000,0x000000215e200000] [id=5284]
  0x0000018065c69410 GCTaskThread "GC Thread#4" [stack: 0x000000215e200000,0x000000215e300000] [id=9820]
  0x0000018065c696d0 GCTaskThread "GC Thread#5" [stack: 0x000000215e300000,0x000000215e400000] [id=13740]
  0x0000018065c8dc80 GCTaskThread "GC Thread#6" [stack: 0x000000215e400000,0x000000215e500000] [id=17324]
  0x0000018065c8df40 GCTaskThread "GC Thread#7" [stack: 0x000000215e500000,0x000000215e600000] [id=14152]
  0x000001800204f5e0 ConcurrentGCThread "G1 Main Marker" terminated
  0x00000180020507a0 ConcurrentGCThread "G1 Conc#0" [stack: 0x000000215bf00000,0x000000215c000000] [id=2660]
  0x0000018074fa7310 ConcurrentGCThread "G1 Conc#1" [stack: 0x000000215e700000,0x000000215e800000] [id=13428]
  0x000001800209e0d0 ConcurrentGCThread "G1 Refine#0" terminated
  0x0000018072d814d0 ConcurrentGCThread "G1 Refine#1" terminated
  0x000001800209eb00 ConcurrentGCThread "G1 Service" terminated

Threads with active compile tasks:
C1 CompilerThread0  
[error occurred during error reporting (printing all threads), id 0xc0000005, EXCEPTION_ACCESS_VIOLATION (0xc0000005) at pc=0x00007ffe0c9d65b3]

VM state: at safepoint (shutting down)

VM Mutex/Monitor currently owned by a thread:  ([mutex/lock_event])
[0x0000018001fe6840] Threads_lock - owner thread: 0x000001801f63c2b0
[0x0000018001fe6180] Heap_lock - owner thread: 0x000001806c92ff80

Heap address: 0x0000000091000000, size: 1776 MB, Compressed Oops mode: 32-bit

CDS archive(s) mapped at: [0x0000018020000000-0x0000018020bb0000-0x0000018020bb0000), size 12255232, SharedBaseAddress: 0x0000018020000000, ArchiveRelocationMode: 1.
Compressed class space mapped at: 0x0000018021000000-0x0000018061000000, reserved size: 1073741824
Narrow klass base: 0x0000018020000000, Narrow klass shift: 0, Narrow klass range: 0x100000000

GC Precious Log:
 CPUs: 8 total, 8 available
 Memory: 7103M
 Large Page Support: Disabled
 NUMA Support: Disabled
 Compressed Oops: Enabled (32-bit)
 Heap Region Size: 1M
 Heap Min Capacity: 8M
 Heap Initial Capacity: 112M
 Heap Max Capacity: 1776M
 Pre-touch: Disabled
 Parallel Workers: 8
 Concurrent Workers: 2
 Concurrent Refinement Workers: 8
 Periodic GC: Disabled

Heap:
 garbage-first heap   total 114688K, used 72330K [0x0000000091000000, 0x0000000100000000)
  region size 1024K, 27 young (27648K), 3 survivors (3072K)
 Metaspace       used 23168K, committed 23552K, reserved 1114112K
  class space    used 3214K, committed 3456K, reserved 1048576K

Heap Regions: E=young(eden), S=young(survivor), O=old, HS=humongous(starts), HC=humongous(continues), CS=collection set, F=free, OA=open archive, CA=closed archive, TAMS=top-at-mark-start (previous, next)
|   0|0x0000000091000000, 0x0000000091100000, 0x0000000091100000|100%| O|  |TAMS 0x0000000091100000, 0x0000000091000000| Untracked 
|   1|0x0000000091100000, 0x0000000091200000, 0x0000000091200000|100%|HS|  |TAMS 0x0000000091200000, 0x0000000091100000| Complete 
|   2|0x0000000091200000, 0x0000000091300000, 0x0000000091300000|100%|HS|  |TAMS 0x0000000091300000, 0x0000000091200000| Complete 
|   3|0x0000000091300000, 0x0000000091400000, 0x0000000091400000|100%|HS|  |TAMS 0x0000000091400000, 0x0000000091300000| Complete 
|   4|0x0000000091400000, 0x0000000091500000, 0x0000000091500000|100%| O|  |TAMS 0x0000000091500000, 0x0000000091400000| Untracked 
|   5|0x0000000091500000, 0x0000000091600000, 0x0000000091600000|100%| O|  |TAMS 0x00000000915dc600, 0x0000000091500000| Untracked 
|   6|0x0000000091600000, 0x0000000091700000, 0x0000000091700000|100%|HS|  |TAMS 0x0000000091700000, 0x0000000091600000| Complete 
|   7|0x0000000091700000, 0x0000000091800000, 0x0000000091800000|100%|HC|  |TAMS 0x0000000091800000, 0x0000000091700000| Complete 
|   8|0x0000000091800000, 0x0000000091900000, 0x0000000091900000|100%|HC|  |TAMS 0x0000000091900000, 0x0000000091800000| Complete 
|   9|0x0000000091900000, 0x0000000091a00000, 0x0000000091a00000|100%|HC|  |TAMS 0x0000000091a00000, 0x0000000091900000| Complete 
|  10|0x0000000091a00000, 0x0000000091b00000, 0x0000000091b00000|100%|HC|  |TAMS 0x0000000091b00000, 0x0000000091a00000| Complete 
|  11|0x0000000091b00000, 0x0000000091c00000, 0x0000000091c00000|100%|HC|  |TAMS 0x0000000091c00000, 0x0000000091b00000| Complete 
|  12|0x0000000091c00000, 0x0000000091d00000, 0x0000000091d00000|100%|HC|  |TAMS 0x0000000091d00000, 0x0000000091c00000| Complete 
|  13|0x0000000091d00000, 0x0000000091e00000, 0x0000000091e00000|100%|HC|  |TAMS 0x0000000091e00000, 0x0000000091d00000| Complete 
|  14|0x0000000091e00000, 0x0000000091f00000, 0x0000000091f00000|100%|HC|  |TAMS 0x0000000091f00000, 0x0000000091e00000| Complete 
|  15|0x0000000091f00000, 0x0000000092000000, 0x0000000092000000|100%|HC|  |TAMS 0x0000000092000000, 0x0000000091f00000| Complete 
|  16|0x0000000092000000, 0x0000000092100000, 0x0000000092100000|100%|HC|  |TAMS 0x0000000092100000, 0x0000000092000000| Complete 
|  17|0x0000000092100000, 0x0000000092200000, 0x0000000092200000|100%|HC|  |TAMS 0x0000000092200000, 0x0000000092100000| Complete 
|  18|0x0000000092200000, 0x0000000092300000, 0x0000000092300000|100%|HC|  |TAMS 0x0000000092300000, 0x0000000092200000| Complete 
|  19|0x0000000092300000, 0x0000000092400000, 0x0000000092400000|100%|HS|  |TAMS 0x0000000092300000, 0x0000000092300000| Complete 
|  20|0x0000000092400000, 0x0000000092500000, 0x0000000092500000|100%|HS|  |TAMS 0x0000000092500000, 0x0000000092400000| Complete 
|  21|0x0000000092500000, 0x0000000092600000, 0x0000000092600000|100%|HC|  |TAMS 0x0000000092600000, 0x0000000092500000| Complete 
|  22|0x0000000092600000, 0x0000000092700000, 0x0000000092700000|100%|HS|  |TAMS 0x0000000092700000, 0x0000000092600000| Complete 
|  23|0x0000000092700000, 0x0000000092800000, 0x0000000092800000|100%|HS|  |TAMS 0x0000000092700000, 0x0000000092700000| Complete 
|  24|0x0000000092800000, 0x0000000092900000, 0x0000000092900000|100%| O|  |TAMS 0x0000000092800000, 0x0000000092800000| Untracked 
|  25|0x0000000092900000, 0x0000000092a00000, 0x0000000092a00000|100%| O|  |TAMS 0x0000000092900000, 0x0000000092900000| Untracked 
|  26|0x0000000092a00000, 0x0000000092b00000, 0x0000000092b00000|100%|HS|  |TAMS 0x0000000092a00000, 0x0000000092a00000| Complete 
|  27|0x0000000092b00000, 0x0000000092c00000, 0x0000000092c00000|100%|HS|  |TAMS 0x0000000092b00000, 0x0000000092b00000| Complete 
|  28|0x0000000092c00000, 0x0000000092d00000, 0x0000000092d00000|100%|HS|  |TAMS 0x0000000092c00000, 0x0000000092c00000| Complete 
|  29|0x0000000092d00000, 0x0000000092e00000, 0x0000000092e00000|100%|HS|  |TAMS 0x0000000092d00000, 0x0000000092d00000| Complete 
|  30|0x0000000092e00000, 0x0000000092f00000, 0x0000000092f00000|100%|HS|  |TAMS 0x0000000092e00000, 0x0000000092e00000| Complete 
|  31|0x0000000092f00000, 0x0000000092f00000, 0x0000000093000000|  0%| F|  |TAMS 0x0000000092f00000, 0x0000000092f00000| Untracked 
|  32|0x0000000093000000, 0x0000000093100000, 0x0000000093100000|100%|HS|  |TAMS 0x0000000093000000, 0x0000000093000000| Complete 
|  33|0x0000000093100000, 0x0000000093200000, 0x0000000093200000|100%| O|  |TAMS 0x0000000093100000, 0x0000000093100000| Untracked 
|  34|0x0000000093200000, 0x0000000093300000, 0x0000000093300000|100%| O|  |TAMS 0x0000000093200000, 0x0000000093200000| Untracked 
|  35|0x0000000093300000, 0x0000000093400000, 0x0000000093400000|100%| O|  |TAMS 0x0000000093300000, 0x0000000093300000| Untracked 
|  36|0x0000000093400000, 0x0000000093500000, 0x0000000093500000|100%| O|  |TAMS 0x0000000093400000, 0x0000000093400000| Untracked 
|  37|0x0000000093500000, 0x0000000093600000, 0x0000000093600000|100%| O|  |TAMS 0x0000000093500000, 0x0000000093500000| Untracked 
|  38|0x0000000093600000, 0x0000000093700000, 0x0000000093700000|100%| O|  |TAMS 0x0000000093600000, 0x0000000093600000| Untracked 
|  39|0x0000000093700000, 0x0000000093800000, 0x0000000093800000|100%| O|  |TAMS 0x0000000093700000, 0x0000000093700000| Untracked 
|  40|0x0000000093800000, 0x0000000093900000, 0x0000000093900000|100%| O|  |TAMS 0x0000000093800000, 0x0000000093800000| Untracked 
|  41|0x0000000093900000, 0x0000000093a00000, 0x0000000093a00000|100%| O|  |TAMS 0x0000000093900000, 0x0000000093900000| Untracked 
|  42|0x0000000093a00000, 0x0000000093b00000, 0x0000000093b00000|100%| O|  |TAMS 0x0000000093a00000, 0x0000000093a00000| Untracked 
|  43|0x0000000093b00000, 0x0000000093c00000, 0x0000000093c00000|100%| O|  |TAMS 0x0000000093b00000, 0x0000000093b00000| Untracked 
|  44|0x0000000093c00000, 0x0000000093c30600, 0x0000000093d00000| 18%| O|  |TAMS 0x0000000093c00000, 0x0000000093c00000| Untracked 
|  45|0x0000000093d00000, 0x0000000093d00000, 0x0000000093e00000|  0%| F|  |TAMS 0x0000000093d00000, 0x0000000093d00000| Untracked 
|  46|0x0000000093e00000, 0x0000000093e00000, 0x0000000093f00000|  0%| F|  |TAMS 0x0000000093e00000, 0x0000000093e00000| Untracked 
|  47|0x0000000093f00000, 0x0000000093f00000, 0x0000000094000000|  0%| F|  |TAMS 0x0000000093f00000, 0x0000000093f00000| Untracked 
|  48|0x0000000094000000, 0x0000000094000000, 0x0000000094100000|  0%| F|  |TAMS 0x0000000094000000, 0x0000000094000000| Untracked 
|  49|0x0000000094100000, 0x0000000094100000, 0x0000000094200000|  0%| F|  |TAMS 0x0000000094100000, 0x0000000094100000| Untracked 
|  50|0x0000000094200000, 0x0000000094300000, 0x0000000094300000|100%| O|  |TAMS 0x0000000094200000, 0x0000000094200000| Untracked 
|  51|0x0000000094300000, 0x0000000094400000, 0x0000000094400000|100%| O|  |TAMS 0x0000000094300000, 0x0000000094300000| Untracked 
|  52|0x0000000094400000, 0x0000000094400000, 0x0000000094500000|  0%| F|  |TAMS 0x0000000094400000, 0x0000000094400000| Untracked 
|  53|0x0000000094500000, 0x0000000094500000, 0x0000000094600000|  0%| F|  |TAMS 0x0000000094500000, 0x0000000094500000| Untracked 
|  54|0x0000000094600000, 0x0000000094600000, 0x0000000094700000|  0%| F|  |TAMS 0x0000000094600000, 0x0000000094600000| Untracked 
|  55|0x0000000094700000, 0x0000000094700000, 0x0000000094800000|  0%| F|  |TAMS 0x0000000094700000, 0x0000000094700000| Untracked 
|  56|0x0000000094800000, 0x0000000094800000, 0x0000000094900000|  0%| F|  |TAMS 0x0000000094800000, 0x0000000094800000| Untracked 
|  57|0x0000000094900000, 0x0000000094900000, 0x0000000094a00000|  0%| F|  |TAMS 0x0000000094900000, 0x0000000094900000| Untracked 
|  58|0x0000000094a00000, 0x0000000094a00000, 0x0000000094b00000|  0%| F|  |TAMS 0x0000000094a00000, 0x0000000094a00000| Untracked 
|  59|0x0000000094b00000, 0x0000000094b00000, 0x0000000094c00000|  0%| F|  |TAMS 0x0000000094b00000, 0x0000000094b00000| Untracked 
|  60|0x0000000094c00000, 0x0000000094c00000, 0x0000000094d00000|  0%| F|  |TAMS 0x0000000094c00000, 0x0000000094c00000| Untracked 
|  61|0x0000000094d00000, 0x0000000094d00000, 0x0000000094e00000|  0%| F|  |TAMS 0x0000000094d00000, 0x0000000094d00000| Untracked 
|  62|0x0000000094e00000, 0x0000000094e00000, 0x0000000094f00000|  0%| F|  |TAMS 0x0000000094e00000, 0x0000000094e00000| Untracked 
|  63|0x0000000094f00000, 0x0000000094f00000, 0x0000000095000000|  0%| F|  |TAMS 0x0000000094f00000, 0x0000000094f00000| Untracked 
|  64|0x0000000095000000, 0x0000000095000000, 0x0000000095100000|  0%| F|  |TAMS 0x0000000095000000, 0x0000000095000000| Untracked 
|  65|0x0000000095100000, 0x0000000095100000, 0x0000000095200000|  0%| F|  |TAMS 0x0000000095100000, 0x0000000095100000| Untracked 
|  66|0x0000000095200000, 0x0000000095200000, 0x0000000095300000|  0%| F|  |TAMS 0x0000000095200000, 0x0000000095200000| Untracked 
|  67|0x0000000095300000, 0x0000000095300000, 0x0000000095400000|  0%| F|  |TAMS 0x0000000095300000, 0x0000000095300000| Untracked 
|  68|0x0000000095400000, 0x0000000095400000, 0x0000000095500000|  0%| F|  |TAMS 0x0000000095400000, 0x0000000095400000| Untracked 
|  69|0x0000000095500000, 0x0000000095572330, 0x0000000095600000| 44%| S|CS|TAMS 0x0000000095500000, 0x0000000095500000| Complete 
|  70|0x0000000095600000, 0x0000000095700000, 0x0000000095700000|100%| S|CS|TAMS 0x0000000095600000, 0x0000000095600000| Complete 
|  71|0x0000000095700000, 0x0000000095800000, 0x0000000095800000|100%| S|CS|TAMS 0x0000000095700000, 0x0000000095700000| Complete 
|  72|0x0000000095800000, 0x0000000095800000, 0x0000000095900000|  0%| F|  |TAMS 0x0000000095800000, 0x0000000095800000| Untracked 
|  73|0x0000000095900000, 0x0000000095900000, 0x0000000095a00000|  0%| F|  |TAMS 0x0000000095900000, 0x0000000095900000| Untracked 
|  74|0x0000000095a00000, 0x0000000095a00000, 0x0000000095b00000|  0%| F|  |TAMS 0x0000000095a00000, 0x0000000095a00000| Untracked 
|  75|0x0000000095b00000, 0x0000000095b00000, 0x0000000095c00000|  0%| F|  |TAMS 0x0000000095b00000, 0x0000000095b00000| Untracked 
|  76|0x0000000095c00000, 0x0000000095c00000, 0x0000000095d00000|  0%| F|  |TAMS 0x0000000095c00000, 0x0000000095c00000| Untracked 
|  77|0x0000000095d00000, 0x0000000095d00000, 0x0000000095e00000|  0%| F|  |TAMS 0x0000000095d00000, 0x0000000095d00000| Untracked 
|  78|0x0000000095e00000, 0x0000000095e00000, 0x0000000095f00000|  0%| F|  |TAMS 0x0000000095e00000, 0x0000000095e00000| Untracked 
|  79|0x0000000095f00000, 0x0000000095f00000, 0x0000000096000000|  0%| F|  |TAMS 0x0000000095f00000, 0x0000000095f00000| Untracked 
|  80|0x0000000096000000, 0x0000000096000000, 0x0000000096100000|  0%| F|  |TAMS 0x0000000096000000, 0x0000000096000000| Untracked 
|  81|0x0000000096100000, 0x0000000096100000, 0x0000000096200000|  0%| F|  |TAMS 0x0000000096100000, 0x0000000096100000| Untracked 
|  82|0x0000000096200000, 0x0000000096200000, 0x0000000096300000|  0%| F|  |TAMS 0x0000000096200000, 0x0000000096200000| Untracked 
|  83|0x0000000096300000, 0x0000000096300000, 0x0000000096400000|  0%| F|  |TAMS 0x0000000096300000, 0x0000000096300000| Untracked 
|  84|0x0000000096400000, 0x0000000096400000, 0x0000000096500000|  0%| F|  |TAMS 0x0000000096400000, 0x0000000096400000| Untracked 
|  85|0x0000000096500000, 0x0000000096500000, 0x0000000096600000|  0%| F|  |TAMS 0x0000000096500000, 0x0000000096500000| Untracked 
|  86|0x0000000096600000, 0x0000000096600000, 0x0000000096700000|  0%| F|  |TAMS 0x0000000096600000, 0x0000000096600000| Untracked 
|  87|0x0000000096700000, 0x0000000096700000, 0x0000000096800000|  0%| F|  |TAMS 0x0000000096700000, 0x0000000096700000| Untracked 
|  88|0x0000000096800000, 0x0000000096868fb8, 0x0000000096900000| 41%| E|  |TAMS 0x0000000096800000, 0x0000000096800000| Complete 
|  89|0x0000000096900000, 0x0000000096a00000, 0x0000000096a00000|100%| E|CS|TAMS 0x0000000096900000, 0x0000000096900000| Complete 
|  90|0x0000000096a00000, 0x0000000096b00000, 0x0000000096b00000|100%| E|CS|TAMS 0x0000000096a00000, 0x0000000096a00000| Complete 
|  91|0x0000000096b00000, 0x0000000096c00000, 0x0000000096c00000|100%| E|CS|TAMS 0x0000000096b00000, 0x0000000096b00000| Complete 
|  92|0x0000000096c00000, 0x0000000096d00000, 0x0000000096d00000|100%| E|CS|TAMS 0x0000000096c00000, 0x0000000096c00000| Complete 
|  93|0x0000000096d00000, 0x0000000096e00000, 0x0000000096e00000|100%| E|CS|TAMS 0x0000000096d00000, 0x0000000096d00000| Complete 
|  94|0x0000000096e00000, 0x0000000096f00000, 0x0000000096f00000|100%| E|CS|TAMS 0x0000000096e00000, 0x0000000096e00000| Complete 
|  95|0x0000000096f00000, 0x0000000097000000, 0x0000000097000000|100%| E|CS|TAMS 0x0000000096f00000, 0x0000000096f00000| Complete 
|  96|0x0000000097000000, 0x0000000097100000, 0x0000000097100000|100%| E|CS|TAMS 0x0000000097000000, 0x0000000097000000| Complete 
|  97|0x0000000097100000, 0x0000000097200000, 0x0000000097200000|100%| E|CS|TAMS 0x0000000097100000, 0x0000000097100000| Complete 
|  98|0x0000000097200000, 0x0000000097300000, 0x0000000097300000|100%| E|CS|TAMS 0x0000000097200000, 0x0000000097200000| Complete 
|  99|0x0000000097300000, 0x0000000097400000, 0x0000000097400000|100%| E|CS|TAMS 0x0000000097300000, 0x0000000097300000| Complete 
| 100|0x0000000097400000, 0x0000000097500000, 0x0000000097500000|100%| E|CS|TAMS 0x0000000097400000, 0x0000000097400000| Complete 
| 101|0x0000000097500000, 0x0000000097600000, 0x0000000097600000|100%| E|CS|TAMS 0x0000000097500000, 0x0000000097500000| Complete 
| 102|0x0000000097600000, 0x0000000097700000, 0x0000000097700000|100%| E|CS|TAMS 0x0000000097600000, 0x0000000097600000| Complete 
| 103|0x0000000097700000, 0x0000000097800000, 0x0000000097800000|100%| E|CS|TAMS 0x0000000097700000, 0x0000000097700000| Complete 
| 104|0x0000000097800000, 0x0000000097900000, 0x0000000097900000|100%| E|CS|TAMS 0x0000000097800000, 0x0000000097800000| Complete 
| 105|0x0000000097900000, 0x0000000097a00000, 0x0000000097a00000|100%| E|CS|TAMS 0x0000000097900000, 0x0000000097900000| Complete 
| 106|0x0000000097a00000, 0x0000000097b00000, 0x0000000097b00000|100%| E|CS|TAMS 0x0000000097a00000, 0x0000000097a00000| Complete 
| 107|0x0000000097b00000, 0x0000000097c00000, 0x0000000097c00000|100%| E|CS|TAMS 0x0000000097b00000, 0x0000000097b00000| Complete 
| 108|0x0000000097c00000, 0x0000000097d00000, 0x0000000097d00000|100%| E|CS|TAMS 0x0000000097c00000, 0x0000000097c00000| Complete 
| 109|0x0000000097d00000, 0x0000000097e00000, 0x0000000097e00000|100%| E|CS|TAMS 0x0000000097d00000, 0x0000000097d00000| Complete 
| 110|0x0000000097e00000, 0x0000000097f00000, 0x0000000097f00000|100%| E|CS|TAMS 0x0000000097e00000, 0x0000000097e00000| Complete 
| 111|0x0000000097f00000, 0x0000000098000000, 0x0000000098000000|100%| E|CS|TAMS 0x0000000097f00000, 0x0000000097f00000| Complete 

Card table byte_map: [0x00000180191d0000,0x0000018019550000] _byte_map_base: 0x0000018018d48000

Marking Bits (Prev, Next): (CMBitMap*) 0x0000018002040ef0, (CMBitMap*) 0x0000018002040eb0
 Prev Bits: [0x000001801b490000, 0x000001801d050000)
 Next Bits: [0x00000180198d0000, 0x000001801b490000)

Polling page: 0x00000180017a0000

Metaspace:

Usage:
  Non-class:     19.49 MB used.
      Class:      3.14 MB used.
       Both:     22.63 MB used.

Virtual space:
  Non-class space:       64.00 MB reserved,      19.62 MB ( 31%) committed,  1 nodes.
      Class space:        1.00 GB reserved,       3.38 MB ( <1%) committed,  1 nodes.
             Both:        1.06 GB reserved,      23.00 MB (  2%) committed. 

Chunk freelists:
   Non-Class:  11.64 MB
       Class:  12.48 MB
        Both:  24.12 MB

MaxMetaspaceSize: unlimited
CompressedClassSpaceSize: 1.00 GB
Initial GC threshold: 21.00 MB
Current GC threshold: 35.12 MB
CDS: on
MetaspaceReclaimPolicy: balanced
 - commit_granule_bytes: 65536.
 - commit_granule_words: 8192.
 - virtual_space_node_default_size: 8388608.
 - enlarge_chunks_in_place: 1.
 - new_chunks_are_fully_committed: 0.
 - uncommit_free_chunks: 1.
 - use_allocation_guard: 0.
 - handle_deallocations: 1.


Internal statistics:

num_allocs_failed_limit: 3.
num_arena_births: 490.
num_arena_deaths: 0.
num_vsnodes_births: 2.
num_vsnodes_deaths: 0.
num_space_committed: 368.
num_space_uncommitted: 0.
num_chunks_returned_to_freelist: 3.
num_chunks_taken_from_freelist: 1396.
num_chunk_merges: 3.
num_chunk_splits: 903.
num_chunks_enlarged: 605.
num_inconsistent_stats: 0.

CodeHeap 'non-profiled nmethods': size=120000Kb used=5414Kb max_used=5414Kb free=114585Kb
 bounds [0x00000180115f0000, 0x0000018011b40000, 0x0000018018b20000]
CodeHeap 'profiled nmethods': size=120000Kb used=14434Kb max_used=14434Kb free=105565Kb
 bounds [0x0000018009b20000, 0x000001800a940000, 0x0000018011050000]
CodeHeap 'non-nmethods': size=5760Kb used=1530Kb max_used=1631Kb free=4229Kb
 bounds [0x0000018011050000, 0x00000180112c0000, 0x00000180115f0000]
 total_blobs=7422 nmethods=6589 adapters=745
 compilation: enabled
              stopped_count=0, restarted_count=0
 full_count=0

Compilation events (20 events):
Event: 108.912 Thread 0x000001801f6659a0 nmethod 7464 0x000001800a932510 code [0x000001800a9326a0, 0x000001800a9327b8]
Event: 108.912 Thread 0x000001801f6659a0 7465       3       javafx.scene.control.TextInputControl::filterInput (71 bytes)
Event: 108.914 Thread 0x000001801f6659a0 nmethod 7465 0x000001800a932890 code [0x000001800a932b40, 0x000001800a933968]
Event: 108.914 Thread 0x000001801f6659a0 7466       3       javafx.scene.control.TextInputControl::containsInvalidCharacters (37 bytes)
Event: 108.915 Thread 0x000001801f6659a0 nmethod 7466 0x000001800a933f10 code [0x000001800a934140, 0x000001800a934a18]
Event: 108.928 Thread 0x000001801f6659a0 7467       1       javafx.scene.control.skin.ComboBoxBaseSkin::getMode (5 bytes)
Event: 108.928 Thread 0x000001801f6659a0 nmethod 7467 0x0000018011b38c90 code [0x0000018011b38e20, 0x0000018011b38ef8]
Event: 109.507 Thread 0x000001801f6659a0 7468       3       java.io.DataOutputStream::writeUTF (411 bytes)
Event: 109.507 Thread 0x000001801f65cbc0 7471       4       java.lang.invoke.LambdaForm$MH/0x0000018021024400::invoke (32 bytes)
Event: 109.509 Thread 0x000001801f65cbc0 nmethod 7471 0x0000018011b38f90 code [0x0000018011b39120, 0x0000018011b39258]
Event: 109.509 Thread 0x000001801f65cbc0 7472       4       java.lang.invoke.DirectMethodHandle$Holder::invokeStatic (21 bytes)
Event: 109.510 Thread 0x000001801f6659a0 nmethod 7468 0x000001800a934d90 code [0x000001800a935140, 0x000001800a936fc8]
Event: 109.510 Thread 0x000001801f6659a0 7469       3       java.io.ByteArrayOutputStream::ensureCapacity (32 bytes)
Event: 109.510 Thread 0x000001801f65cbc0 nmethod 7472 0x0000018011b39410 code [0x0000018011b395a0, 0x0000018011b39688]
Event: 109.511 Thread 0x000001801f6659a0 nmethod 7469 0x000001800a937c10 code [0x000001800a937de0, 0x000001800a938198]
Event: 109.511 Thread 0x000001801f6659a0 7470       3       java.io.DataOutputStream::incCount (20 bytes)
Event: 109.511 Thread 0x000001801f6659a0 nmethod 7470 0x000001800a938310 code [0x000001800a9384a0, 0x000001800a9385f8]
Event: 109.511 Thread 0x000001801f6659a0 7473       3       java.lang.invoke.LambdaForm$MH/0x0000018021196400::invoke (137 bytes)
Event: 109.512 Thread 0x000001801f6659a0 nmethod 7473 0x000001800a938690 code [0x000001800a938900, 0x000001800a9397b8]
Event: 147.739 Thread 0x000001801f6659a0 7475       3       java.util.LinkedList::unlink (91 bytes)

GC Heap History (10 events):
Event: 1.226 GC heap before
{Heap before GC invocations=0 (full 0):
 garbage-first heap   total 114688K, used 23552K [0x0000000091000000, 0x0000000100000000)
  region size 1024K, 23 young (23552K), 0 survivors (0K)
 Metaspace       used 4578K, committed 4800K, reserved 1114112K
  class space    used 515K, committed 640K, reserved 1048576K
}
Event: 1.230 GC heap after
{Heap after GC invocations=1 (full 0):
 garbage-first heap   total 114688K, used 3093K [0x0000000091000000, 0x0000000100000000)
  region size 1024K, 3 young (3072K), 3 survivors (3072K)
 Metaspace       used 4578K, committed 4800K, reserved 1114112K
  class space    used 515K, committed 640K, reserved 1048576K
}
Event: 4.536 GC heap before
{Heap before GC invocations=1 (full 0):
 garbage-first heap   total 114688K, used 38933K [0x0000000091000000, 0x0000000100000000)
  region size 1024K, 35 young (35840K), 3 survivors (3072K)
 Metaspace       used 10488K, committed 10688K, reserved 1114112K
  class space    used 1370K, committed 1472K, reserved 1048576K
}
Event: 4.551 GC heap after
{Heap after GC invocations=2 (full 0):
 garbage-first heap   total 114688K, used 8231K [0x0000000091000000, 0x0000000100000000)
  region size 1024K, 4 young (4096K), 4 survivors (4096K)
 Metaspace       used 10488K, committed 10688K, reserved 1114112K
  class space    used 1370K, committed 1472K, reserved 1048576K
}
Event: 13.767 GC heap before
{Heap before GC invocations=2 (full 0):
 garbage-first heap   total 114688K, used 86055K [0x0000000091000000, 0x0000000100000000)
  region size 1024K, 62 young (63488K), 4 survivors (4096K)
 Metaspace       used 21248K, committed 21504K, reserved 1114112K
  class space    used 3096K, committed 3264K, reserved 1048576K
}
Event: 13.784 GC heap after
{Heap after GC invocations=3 (full 0):
 garbage-first heap   total 114688K, used 33291K [0x0000000091000000, 0x0000000100000000)
  region size 1024K, 9 young (9216K), 9 survivors (9216K)
 Metaspace       used 21248K, committed 21504K, reserved 1114112K
  class space    used 3096K, committed 3264K, reserved 1048576K
}
Event: 50.564 GC heap before
{Heap before GC invocations=4 (full 0):
 garbage-first heap   total 114688K, used 89611K [0x0000000091000000, 0x0000000100000000)
  region size 1024K, 55 young (56320K), 9 survivors (9216K)
 Metaspace       used 22600K, committed 22912K, reserved 1114112K
  class space    used 3197K, committed 3392K, reserved 1048576K
}
Event: 50.584 GC heap after
{Heap after GC invocations=5 (full 0):
 garbage-first heap   total 114688K, used 42756K [0x0000000091000000, 0x0000000100000000)
  region size 1024K, 7 young (7168K), 7 survivors (7168K)
 Metaspace       used 22600K, committed 22912K, reserved 1114112K
  class space    used 3197K, committed 3392K, reserved 1048576K
}
Event: 100.520 GC heap before
{Heap before GC invocations=5 (full 0):
 garbage-first heap   total 114688K, used 88836K [0x0000000091000000, 0x0000000100000000)
  region size 1024K, 47 young (48128K), 7 survivors (7168K)
 Metaspace       used 23055K, committed 23488K, reserved 1114112K
  class space    used 3212K, committed 3456K, reserved 1048576K
}
Event: 100.529 GC heap after
{Heap after GC invocations=6 (full 0):
 garbage-first heap   total 114688K, used 44682K [0x0000000091000000, 0x0000000100000000)
  region size 1024K, 3 young (3072K), 3 survivors (3072K)
 Metaspace       used 23055K, committed 23488K, reserved 1114112K
  class space    used 3212K, committed 3456K, reserved 1048576K
}

Dll operation events (20 events):
Event: 0.778 Loaded shared library D:\Proyecto Terminal\openjfx-22.0.1_windows-x64_bin-sdk\javafx-sdk-22.0.1\bin\api-ms-win-crt-math-l1-1-0.dll
Event: 0.780 Loaded shared library D:\Proyecto Terminal\openjfx-22.0.1_windows-x64_bin-sdk\javafx-sdk-22.0.1\bin\api-ms-win-crt-multibyte-l1-1-0.dll
Event: 0.782 Loaded shared library D:\Proyecto Terminal\openjfx-22.0.1_windows-x64_bin-sdk\javafx-sdk-22.0.1\bin\api-ms-win-crt-private-l1-1-0.dll
Event: 0.784 Loaded shared library D:\Proyecto Terminal\openjfx-22.0.1_windows-x64_bin-sdk\javafx-sdk-22.0.1\bin\api-ms-win-crt-process-l1-1-0.dll
Event: 0.786 Loaded shared library D:\Proyecto Terminal\openjfx-22.0.1_windows-x64_bin-sdk\javafx-sdk-22.0.1\bin\api-ms-win-crt-runtime-l1-1-0.dll
Event: 0.787 Loaded shared library D:\Proyecto Terminal\openjfx-22.0.1_windows-x64_bin-sdk\javafx-sdk-22.0.1\bin\api-ms-win-crt-stdio-l1-1-0.dll
Event: 0.789 Loaded shared library D:\Proyecto Terminal\openjfx-22.0.1_windows-x64_bin-sdk\javafx-sdk-22.0.1\bin\api-ms-win-crt-string-l1-1-0.dll
Event: 0.791 Loaded shared library D:\Proyecto Terminal\openjfx-22.0.1_windows-x64_bin-sdk\javafx-sdk-22.0.1\bin\api-ms-win-crt-time-l1-1-0.dll
Event: 0.794 Loaded shared library D:\Proyecto Terminal\openjfx-22.0.1_windows-x64_bin-sdk\javafx-sdk-22.0.1\bin\api-ms-win-crt-utility-l1-1-0.dll
Event: 0.796 Loaded shared library D:\Proyecto Terminal\openjfx-22.0.1_windows-x64_bin-sdk\javafx-sdk-22.0.1\bin\ucrtbase.dll
Event: 0.798 Loaded shared library D:\Proyecto Terminal\openjfx-22.0.1_windows-x64_bin-sdk\javafx-sdk-22.0.1\bin\vcruntime140.dll
Event: 0.800 Loaded shared library D:\Proyecto Terminal\openjfx-22.0.1_windows-x64_bin-sdk\javafx-sdk-22.0.1\bin\vcruntime140_1.dll
Event: 0.803 Loaded shared library D:\Proyecto Terminal\openjfx-22.0.1_windows-x64_bin-sdk\javafx-sdk-22.0.1\bin\msvcp140.dll
Event: 0.804 Loaded shared library D:\Proyecto Terminal\openjfx-22.0.1_windows-x64_bin-sdk\javafx-sdk-22.0.1\bin\msvcp140_1.dll
Event: 0.806 Loaded shared library D:\Proyecto Terminal\openjfx-22.0.1_windows-x64_bin-sdk\javafx-sdk-22.0.1\bin\msvcp140_2.dll
Event: 0.878 Loaded shared library D:\Proyecto Terminal\openjfx-22.0.1_windows-x64_bin-sdk\javafx-sdk-22.0.1\bin\prism_d3d.dll
Event: 0.942 Loaded shared library D:\Proyecto Terminal\openjfx-22.0.1_windows-x64_bin-sdk\javafx-sdk-22.0.1\bin\glass.dll
Event: 1.154 Loaded shared library C:\Users\diego\.jdks\corretto-17.0.13\bin\jimage.dll
Event: 2.207 Loaded shared library D:\Proyecto Terminal\openjfx-22.0.1_windows-x64_bin-sdk\javafx-sdk-22.0.1\bin\javafx_font.dll
Event: 6.808 Loaded shared library D:\Proyecto Terminal\openjfx-22.0.1_windows-x64_bin-sdk\javafx-sdk-22.0.1\bin\javafx_iio.dll

Deoptimization events (20 events):
Event: 107.081 Thread 0x0000018065f0ecf0 DEOPT PACKING pc=0x0000018009ce573c sp=0x000000215d8fc420
Event: 107.081 Thread 0x0000018065f0ecf0 DEOPT UNPACKING pc=0x00000180110a7143 sp=0x000000215d8fba08 mode 1
Event: 107.081 Thread 0x0000018065f0ecf0 DEOPT PACKING pc=0x0000018009cffddc sp=0x000000215d8fc610
Event: 107.081 Thread 0x0000018065f0ecf0 DEOPT UNPACKING pc=0x00000180110a7143 sp=0x000000215d8fbad8 mode 1
Event: 107.084 Thread 0x0000018065f0ecf0 DEOPT PACKING pc=0x0000018009ce573c sp=0x000000215d8fc420
Event: 107.084 Thread 0x0000018065f0ecf0 DEOPT UNPACKING pc=0x00000180110a7143 sp=0x000000215d8fba08 mode 1
Event: 107.085 Thread 0x0000018065f0ecf0 DEOPT PACKING pc=0x0000018009cffddc sp=0x000000215d8fc610
Event: 107.085 Thread 0x0000018065f0ecf0 DEOPT UNPACKING pc=0x00000180110a7143 sp=0x000000215d8fbad8 mode 1
Event: 147.739 Thread 0x000001806c9309a0 Uncommon trap: trap_request=0xffffff45 fr.pc=0x0000018011951344 relative=0x00000000000000c4
Event: 147.739 Thread 0x000001806c9309a0 Uncommon trap: reason=unstable_if action=reinterpret pc=0x0000018011951344 method=java.util.concurrent.locks.ReentrantLock$Sync.tryRelease(I)Z @ 26 c2
Event: 147.739 Thread 0x000001806c9309a0 DEOPT PACKING pc=0x0000018011951344 sp=0x000000215bbfebf0
Event: 147.739 Thread 0x000001806c9309a0 DEOPT UNPACKING pc=0x00000180110a69a3 sp=0x000000215bbfeba0 mode 2
Event: 147.739 Thread 0x0000018066392bf0 DEOPT PACKING pc=0x000001800a4b57c4 sp=0x000000215d4ff2a0
Event: 147.739 Thread 0x0000018066392bf0 DEOPT UNPACKING pc=0x00000180110a7143 sp=0x000000215d4fe7c0 mode 1
Event: 147.739 Thread 0x0000018066392bf0 DEOPT PACKING pc=0x000001800a6a1564 sp=0x000000215d4ff390
Event: 147.739 Thread 0x0000018066392bf0 DEOPT UNPACKING pc=0x00000180110a7143 sp=0x000000215d4fe8d8 mode 1
Event: 147.739 Thread 0x0000018066392bf0 DEOPT PACKING pc=0x000001800a7bc8bc sp=0x000000215d4ff4a0
Event: 147.739 Thread 0x0000018066392bf0 DEOPT UNPACKING pc=0x00000180110a7143 sp=0x000000215d4fe960 mode 1
Event: 147.739 Thread 0x000001806c9309a0 DEOPT PACKING pc=0x000001801177d54c sp=0x000000215bbfef50
Event: 147.739 Thread 0x000001806c9309a0 DEOPT UNPACKING pc=0x00000180110a7143 sp=0x000000215bbfe370 mode 1

Classes loaded (20 events):
Event: 42.178 Loading class javafx/scene/input/MouseEvent
Event: 42.178 Loading class javafx/scene/input/MouseEvent done
Event: 42.179 Loading class optiuam/bc/model/ElementoGrafico
Event: 42.179 Loading class optiuam/bc/model/ElementoGrafico done
Event: 42.179 Loading class optiuam/bc/model/ElementoGrafico
Event: 42.179 Loading class optiuam/bc/model/ElementoGrafico done
Event: 42.179 Loading class optiuam/bc/model/ElementoGrafico
Event: 42.179 Loading class optiuam/bc/model/ElementoGrafico done
Event: 42.179 Loading class optiuam/bc/model/ElementoGrafico
Event: 42.179 Loading class optiuam/bc/model/ElementoGrafico done
Event: 42.179 Loading class optiuam/bc/controller/VentanaFibraController
Event: 42.179 Loading class optiuam/bc/controller/VentanaFibraController done
Event: 42.179 Loading class optiuam/bc/model/ElementoGrafico
Event: 42.179 Loading class optiuam/bc/model/ElementoGrafico done
Event: 147.736 Loading class jdk/internal/misc/Signal$1
Event: 147.736 Loading class jdk/internal/misc/Signal$1 done
Event: 147.738 Loading class com/sun/javafx/tk/quantum/QuantumRenderer
Event: 147.738 Loading class com/sun/javafx/tk/quantum/QuantumRenderer done
Event: 147.739 Loading class com/sun/javafx/tk/quantum/QuantumToolkit
Event: 147.739 Loading class com/sun/javafx/tk/quantum/QuantumToolkit done

Classes unloaded (0 events):
No events

Classes redefined (0 events):
No events

Internal exceptions (20 events):
Event: 6.737 Thread 0x0000018065f0ecf0 Exception <a 'java/lang/NoSuchMethodError'{0x0000000095eeee00}: 'long java.lang.invoke.DirectMethodHandle$Holder.invokeStaticInit(java.lang.Object, java.lang.Object, java.lang.Object)'> (0x0000000095eeee00) 
thrown [s\src\hotspot\share\interpreter\linkResolver.cpp, line 759]
Event: 6.742 Thread 0x0000018065f0ecf0 Exception <a 'java/lang/NoSuchMethodError'{0x0000000095d06e28}: 'java.lang.Object java.lang.invoke.DirectMethodHandle$Holder.newInvokeSpecial(java.lang.Object, java.lang.Object, long)'> (0x0000000095d06e28) 
thrown [s\src\hotspot\share\interpreter\linkResolver.cpp, line 759]
Event: 6.742 Thread 0x0000018065f0ecf0 Exception <a 'java/lang/NoSuchMethodError'{0x0000000095d0a998}: 'java.lang.Object java.lang.invoke.Invokers$Holder.linkToTargetMethod(java.lang.Object, long, java.lang.Object)'> (0x0000000095d0a998) 
thrown [s\src\hotspot\share\interpreter\linkResolver.cpp, line 759]
Event: 7.074 Thread 0x0000018065f0ecf0 Exception <a 'java/lang/ClassNotFoundException'{0x00000000953d6730}: com/sun/javafx/scene/control/skin/resources/controls> (0x00000000953d6730) 
thrown [s\src\hotspot\share\prims\jni.cpp, line 535]
Event: 7.075 Thread 0x0000018065f0ecf0 Exception <a 'java/lang/ClassNotFoundException'{0x00000000953e50e0}: com/sun/javafx/scene/control/skin/resources/controls_es> (0x00000000953e50e0) 
thrown [s\src\hotspot\share\prims\jni.cpp, line 535]
Event: 7.077 Thread 0x0000018065f0ecf0 Exception <a 'java/lang/ClassNotFoundException'{0x00000000953f32c0}: com/sun/javafx/scene/control/skin/resources/controls_es_MX> (0x00000000953f32c0) 
thrown [s\src\hotspot\share\prims\jni.cpp, line 535]
Event: 7.139 Thread 0x0000018065f0ecf0 Exception <a 'java/lang/NoSuchMethodError'{0x0000000095180710}: 'int java.lang.invoke.DirectMethodHandle$Holder.invokeSpecial(java.lang.Object, java.lang.Object, int)'> (0x0000000095180710) 
thrown [s\src\hotspot\share\interpreter\linkResolver.cpp, line 759]
Event: 7.434 Thread 0x0000018065f0ecf0 Exception <a 'java/lang/NoSuchMethodError'{0x0000000094bc9b70}: 'void java.lang.invoke.DirectMethodHandle$Holder.invokeVirtual(java.lang.Object, java.lang.Object)'> (0x0000000094bc9b70) 
thrown [s\src\hotspot\share\interpreter\linkResolver.cpp, line 759]
Event: 8.211 Thread 0x0000018065f0ecf0 Exception <a 'java/lang/NoSuchMethodError'{0x0000000094a518e0}: 'java.lang.Object java.lang.invoke.DirectMethodHandle$Holder.newInvokeSpecial(java.lang.Object, java.lang.Object, int, int, int, int, int, java.lang.Object)'> (0x0000000094a518e0) 
thrown [s\src\hotspot\share\interpreter\linkResolver.cpp, line 759]
Event: 8.215 Thread 0x0000018065f0ecf0 Exception <a 'java/lang/NoSuchMethodError'{0x0000000094a64e08}: 'java.lang.Object java.lang.invoke.DirectMethodHandle$Holder.newInvokeSpecial(java.lang.Object, java.lang.Object, java.lang.Object, int, int, int, int, int)'> (0x0000000094a64e08) 
thrown [s\src\hotspot\share\interpreter\linkResolver.cpp, line 759]
Event: 8.216 Thread 0x0000018065f0ecf0 Exception <a 'java/lang/NoSuchMethodError'{0x0000000094a6ce60}: 'java.lang.Object java.lang.invoke.Invokers$Holder.linkToTargetMethod(java.lang.Object, java.lang.Object, int, int, int, int, int, java.lang.Object)'> (0x0000000094a6ce60) 
thrown [s\src\hotspot\share\interpreter\linkResolver.cpp, line 759]
Event: 27.732 Thread 0x0000018066392bf0 Implicit null exception at 0x00000180118121a3 to 0x0000018011812ad9
Event: 31.565 Thread 0x0000018065f0ecf0 Exception <a 'java/lang/NoSuchMethodError'{0x0000000096bf9260}: 'java.lang.Object java.lang.invoke.DirectMethodHandle$Holder.invokeSpecial(java.lang.Object, java.lang.Object, long, java.lang.Object, int, int, java.lang.Object, int, java.lang.Object)'> (0x0000000096bf9260) 
thrown [s\src\hotspot\share\interpreter\linkResolver.cpp, line 759]
Event: 31.565 Thread 0x0000018065f0ecf0 Exception <a 'java/lang/NoSuchMethodError'{0x0000000096bfd4c0}: 'java.lang.Object java.lang.invoke.DelegatingMethodHandle$Holder.reinvoke_L(java.lang.Object, long, java.lang.Object, int, int, java.lang.Object, int, java.lang.Object)'> (0x0000000096bfd4c0) 
thrown [s\src\hotspot\share\interpreter\linkResolver.cpp, line 759]
Event: 31.691 Thread 0x0000018065f0ecf0 Exception <a 'java/lang/NoSuchMethodError'{0x0000000096916390}: 'java.lang.Object java.lang.invoke.DelegatingMethodHandle$Holder.reinvoke_L(java.lang.Object, java.lang.Object, long, java.lang.Object, int, java.lang.Object, java.lang.Object, java.lang.Object, java.lang.Object, java.lang.Object, java.lang.Object, java.lang.Object, java.lang.Object, int, int)'> (0x0000000096916390) 
thrown [s\src\hotspot\share\interpreter\linkResolver.cpp, line 759]
Event: 31.807 Thread 0x0000018065f0ecf0 Exception <a 'java/lang/NoSuchMethodError'{0x000000009695b0a0}: 'java.lang.Object java.lang.invoke.DirectMethodHandle$Holder.invokeSpecial(java.lang.Object, java.lang.Object, long, java.lang.Object, int, java.lang.Object, java.lang.Object, java.lang.Object, java.lang.Object, java.lang.Object, java.lang.Object, java.lang.Object, java.lang.Object, int, int)'> (0x000000009695b0a0) 
thrown [s\src\hotspot\share\interpreter\linkResolver.cpp, line 759]
Event: 31.808 Thread 0x0000018065f0ecf0 Exception <a 'java/lang/NoSuchMethodError'{0x000000009695fc58}: 'java.lang.Object java.lang.invoke.DelegatingMethodHandle$Holder.reinvoke_L(java.lang.Object, long, java.lang.Object, int, java.lang.Object, java.lang.Object, java.lang.Object, java.lang.Object, java.lang.Object, java.lang.Object, java.lang.Object, java.lang.Object, int, int)'> (0x000000009695fc58) 
thrown [s\src\hotspot\share\interpreter\linkResolver.cpp, line 759]
Event: 50.596 Thread 0x0000018066392bf0 Implicit null exception at 0x000001801164032c to 0x00000180116403ac
Event: 62.601 Thread 0x0000018065f0ecf0 Exception <a 'java/lang/NoSuchMethodError'{0x0000000096f8a608}: 'java.lang.Object java.lang.invoke.DirectMethodHandle$Holder.invokeSpecial(java.lang.Object, java.lang.Object, long, java.lang.Object, int, int, int, java.lang.Object, java.lang.Object, java.lang.Object, int)'> (0x0000000096f8a608) 
thrown [s\src\hotspot\share\interpreter\linkResolver.cpp, line 759]
Event: 62.602 Thread 0x0000018065f0ecf0 Exception <a 'java/lang/NoSuchMethodError'{0x0000000096f8eb48}: 'java.lang.Object java.lang.invoke.DelegatingMethodHandle$Holder.reinvoke_L(java.lang.Object, long, java.lang.Object, int, int, int, java.lang.Object, java.lang.Object, java.lang.Object, int)'> (0x0000000096f8eb48) 
thrown [s\src\hotspot\share\interpreter\linkResolver.cpp, line 759]

VM Operations (20 events):
Event: 142.335 Executing VM operation: get/set locals done
Event: 142.335 Executing VM operation: get/set locals
Event: 142.335 Executing VM operation: get/set locals done
Event: 142.335 Executing VM operation: get/set locals
Event: 142.336 Executing VM operation: get/set locals done
Event: 142.393 Executing VM operation: get/set locals
Event: 142.393 Executing VM operation: get/set locals done
Event: 146.427 Executing VM operation: Cleanup
Event: 146.427 Executing VM operation: Cleanup done
Event: 147.684 Executing VM operation: ChangeBreakpoints
Event: 147.684 Executing VM operation: ChangeBreakpoints done
Event: 147.684 Executing VM operation: ChangeBreakpoints
Event: 147.684 Executing VM operation: ChangeBreakpoints done
Event: 147.684 Executing VM operation: ChangeBreakpoints
Event: 147.684 Executing VM operation: ChangeBreakpoints done
Event: 147.684 Executing VM operation: ChangeBreakpoints
Event: 147.684 Executing VM operation: ChangeBreakpoints done
Event: 147.684 Executing VM operation: ChangeBreakpoints
Event: 147.684 Executing VM operation: ChangeBreakpoints done
Event: 147.740 Executing VM operation: Exit

Memory protections (0 events):
No events

Nmethod flushes (20 events):
Event: 23.965 Thread 0x000001801f676110 flushing  nmethod 0x000001800a2e1110
Event: 23.965 Thread 0x000001801f676110 flushing osr nmethod 0x000001800a2e3210
Event: 23.965 Thread 0x000001801f676110 flushing  nmethod 0x000001800a2f0490
Event: 23.965 Thread 0x000001801f676110 flushing  nmethod 0x000001800a2f1a90
Event: 23.965 Thread 0x000001801f676110 flushing  nmethod 0x000001800a2f8590
Event: 23.965 Thread 0x000001801f676110 flushing  nmethod 0x000001800a302910
Event: 23.966 Thread 0x000001801f676110 flushing  nmethod 0x000001800a320510
Event: 23.966 Thread 0x000001801f676110 flushing  nmethod 0x000001800a336990
Event: 23.966 Thread 0x000001801f676110 flushing  nmethod 0x000001800a337110
Event: 23.966 Thread 0x000001801f676110 flushing  nmethod 0x000001800a357b90
Event: 23.966 Thread 0x000001801f676110 flushing  nmethod 0x000001800a3da190
Event: 23.966 Thread 0x000001801f676110 flushing  nmethod 0x000001800a3e0e10
Event: 23.967 Thread 0x000001801f676110 flushing  nmethod 0x000001800a417290
Event: 23.967 Thread 0x000001801f676110 flushing  nmethod 0x000001800a45e110
Event: 23.968 Thread 0x000001801f676110 flushing osr nmethod 0x000001800a50b790
Event: 23.968 Thread 0x000001801f676110 flushing  nmethod 0x000001800a524e90
Event: 23.968 Thread 0x000001801f676110 flushing  nmethod 0x000001800a546610
Event: 23.968 Thread 0x000001801f676110 flushing  nmethod 0x000001800a567310
Event: 23.968 Thread 0x000001801f676110 flushing  nmethod 0x000001800a567910
Event: 23.968 Thread 0x000001801f676110 flushing osr nmethod 0x000001800a569110

Events (20 events):
Event: 47.065 Thread 0x00000180817222a0 Thread exited: 0x00000180817222a0
Event: 50.585 Thread 0x000001801f6659a0 Thread added: 0x00000180817222a0
Event: 51.135 Thread 0x00000180817222a0 Thread exited: 0x00000180817222a0
Event: 59.209 Thread 0x000001801f65cbc0 Thread added: 0x000001808172a290
Event: 59.259 Thread 0x000001801f65cbc0 Thread added: 0x0000018066896220
Event: 60.527 Thread 0x0000018066896220 Thread exited: 0x0000018066896220
Event: 60.894 Thread 0x000001808172a290 Thread exited: 0x000001808172a290
Event: 88.796 Thread 0x000001801f65cbc0 Thread added: 0x0000018066896220
Event: 89.856 Thread 0x0000018066896220 Thread exited: 0x0000018066896220
Event: 101.810 Thread 0x000001801f6659a0 Thread added: 0x00000180751e4a60
Event: 102.015 Thread 0x00000180751e4a60 Thread exited: 0x00000180751e4a60
Event: 107.090 Thread 0x000001801f6659a0 Thread added: 0x0000018081fd3a60
Event: 107.734 Thread 0x0000018081fd3a60 Thread exited: 0x0000018081fd3a60
Event: 147.684 Thread 0x00000180657a5d00 Thread exited: 0x00000180657a5d00
Event: 147.693 Thread 0x0000018065cb3410 Thread exited: 0x0000018065cb3410
Event: 147.736 Thread 0x000001801f654270 Thread added: 0x000001806c92ff80
Event: 147.737 Thread 0x000001806c92ff80 Thread added: 0x000001806c930490
Event: 147.737 Thread 0x000001806c92ff80 Thread added: 0x000001806c9309a0
Event: 147.738 Thread 0x000001806c930490 Thread exited: 0x000001806c930490
Event: 147.739 Thread 0x000001806c9309a0 Thread exited: 0x000001806c9309a0


Dynamic libraries:
0x00007ff77a840000 - 0x00007ff77a84e000 	C:\Users\diego\.jdks\corretto-17.0.13\bin\java.exe
0x00007ffe659d0000 - 0x00007ffe65be7000 	C:\Windows\SYSTEM32\ntdll.dll
0x00007ffe64980000 - 0x00007ffe64a44000 	C:\Windows\System32\KERNEL32.DLL
0x00007ffe62e90000 - 0x00007ffe63249000 	C:\Windows\System32\KERNELBASE.dll
0x00007ffe635d0000 - 0x00007ffe636e1000 	C:\Windows\System32\ucrtbase.dll
0x00007ffe5d2a0000 - 0x00007ffe5d2bb000 	C:\Users\diego\.jdks\corretto-17.0.13\bin\VCRUNTIME140.dll
0x00007ffe5d2c0000 - 0x00007ffe5d2d7000 	C:\Users\diego\.jdks\corretto-17.0.13\bin\jli.dll
0x00007ffe63940000 - 0x00007ffe63aee000 	C:\Windows\System32\USER32.dll
0x00007ffe632c0000 - 0x00007ffe632e6000 	C:\Windows\System32\win32u.dll
0x00007ffe4a0b0000 - 0x00007ffe4a342000 	C:\Windows\WinSxS\amd64_microsoft.windows.common-controls_6595b64144ccf1df_6.0.22621.4391_none_2715d37f73803e96\COMCTL32.dll
0x00007ffe658e0000 - 0x00007ffe65987000 	C:\Windows\System32\msvcrt.dll
0x00007ffe64770000 - 0x00007ffe64799000 	C:\Windows\System32\GDI32.dll
0x00007ffe62cd0000 - 0x00007ffe62deb000 	C:\Windows\System32\gdi32full.dll
0x00007ffe62df0000 - 0x00007ffe62e8a000 	C:\Windows\System32\msvcp_win.dll
0x00007ffe64af0000 - 0x00007ffe64b21000 	C:\Windows\System32\IMM32.DLL
0x00007ffe5d8d0000 - 0x00007ffe5d8dc000 	C:\Users\diego\.jdks\corretto-17.0.13\bin\vcruntime140_1.dll
0x00007ffe4dc00000 - 0x00007ffe4dc8d000 	C:\Users\diego\.jdks\corretto-17.0.13\bin\msvcp140.dll
0x00007ffe0c1e0000 - 0x00007ffe0ce4c000 	C:\Users\diego\.jdks\corretto-17.0.13\bin\server\jvm.dll
0x00007ffe651c0000 - 0x00007ffe65272000 	C:\Windows\System32\ADVAPI32.dll
0x00007ffe65110000 - 0x00007ffe651b7000 	C:\Windows\System32\sechost.dll
0x00007ffe632f0000 - 0x00007ffe63318000 	C:\Windows\System32\bcrypt.dll
0x00007ffe64ff0000 - 0x00007ffe65104000 	C:\Windows\System32\RPCRT4.dll
0x00007ffe64a50000 - 0x00007ffe64ac1000 	C:\Windows\System32\WS2_32.dll
0x00007ffe62ba0000 - 0x00007ffe62bed000 	C:\Windows\SYSTEM32\POWRPROF.dll
0x00007ffe58af0000 - 0x00007ffe58afa000 	C:\Windows\SYSTEM32\VERSION.dll
0x00007ffe5f660000 - 0x00007ffe5f694000 	C:\Windows\SYSTEM32\WINMM.dll
0x00007ffe62b80000 - 0x00007ffe62b93000 	C:\Windows\SYSTEM32\UMPDC.dll
0x00007ffe61d10000 - 0x00007ffe61d28000 	C:\Windows\SYSTEM32\kernel.appcore.dll
0x00007ffe5d750000 - 0x00007ffe5d75a000 	C:\Users\diego\.jdks\corretto-17.0.13\bin\jimage.dll
0x00007ffe602e0000 - 0x00007ffe60512000 	C:\Windows\SYSTEM32\DBGHELP.DLL
0x00007ffe63af0000 - 0x00007ffe63e7f000 	C:\Windows\System32\combase.dll
0x00007ffe648a0000 - 0x00007ffe64977000 	C:\Windows\System32\OLEAUT32.dll
0x00007ffe37610000 - 0x00007ffe37642000 	C:\Windows\SYSTEM32\dbgcore.DLL
0x00007ffe63550000 - 0x00007ffe635cb000 	C:\Windows\System32\bcryptPrimitives.dll
0x00007ffe51260000 - 0x00007ffe5129b000 	C:\Users\diego\.jdks\corretto-17.0.13\bin\jdwp.dll
0x00007ffe5d700000 - 0x00007ffe5d70e000 	C:\Users\diego\.jdks\corretto-17.0.13\bin\instrument.dll
0x00007ffe5d270000 - 0x00007ffe5d295000 	C:\Users\diego\.jdks\corretto-17.0.13\bin\java.dll
0x00007ffe5b930000 - 0x00007ffe5b948000 	C:\Users\diego\.jdks\corretto-17.0.13\bin\zip.dll
0x00007ffe4aaf0000 - 0x00007ffe4abc7000 	C:\Users\diego\.jdks\corretto-17.0.13\bin\jsvml.dll
0x00007ffe63ef0000 - 0x00007ffe64766000 	C:\Windows\System32\SHELL32.dll
0x00007ffe60c10000 - 0x00007ffe61513000 	C:\Windows\SYSTEM32\windows.storage.dll
0x00007ffe60ad0000 - 0x00007ffe60c0f000 	C:\Windows\SYSTEM32\wintypes.dll
0x00007ffe647a0000 - 0x00007ffe64899000 	C:\Windows\System32\SHCORE.dll
0x00007ffe65400000 - 0x00007ffe6545e000 	C:\Windows\System32\shlwapi.dll
0x00007ffe62c00000 - 0x00007ffe62c2b000 	C:\Windows\SYSTEM32\profapi.dll
0x00007ffe5b7b0000 - 0x00007ffe5b7c9000 	C:\Users\diego\.jdks\corretto-17.0.13\bin\net.dll
0x00007ffe5c330000 - 0x00007ffe5c466000 	C:\Windows\SYSTEM32\WINHTTP.dll
0x00007ffe62190000 - 0x00007ffe621f9000 	C:\Windows\system32\mswsock.dll
0x00007ffe5b450000 - 0x00007ffe5b466000 	C:\Users\diego\.jdks\corretto-17.0.13\bin\nio.dll
0x00007ffe5d640000 - 0x00007ffe5d64c000 	C:\Users\diego\.jdks\corretto-17.0.13\bin\dt_socket.dll
0x00007ffe61780000 - 0x00007ffe617ad000 	C:\Windows\SYSTEM32\IPHLPAPI.DLL
0x0000018001f90000 - 0x0000018001f93000 	D:\Proyecto Terminal\openjfx-22.0.1_windows-x64_bin-sdk\javafx-sdk-22.0.1\bin\api-ms-win-core-console-l1-1-0.dll
0x000001801fc10000 - 0x000001801fc13000 	D:\Proyecto Terminal\openjfx-22.0.1_windows-x64_bin-sdk\javafx-sdk-22.0.1\bin\api-ms-win-core-console-l1-2-0.dll
0x000001801fc20000 - 0x000001801fc23000 	D:\Proyecto Terminal\openjfx-22.0.1_windows-x64_bin-sdk\javafx-sdk-22.0.1\bin\api-ms-win-core-datetime-l1-1-0.dll
0x000001801fc30000 - 0x000001801fc33000 	D:\Proyecto Terminal\openjfx-22.0.1_windows-x64_bin-sdk\javafx-sdk-22.0.1\bin\api-ms-win-core-debug-l1-1-0.dll
0x000001801fc40000 - 0x000001801fc43000 	D:\Proyecto Terminal\openjfx-22.0.1_windows-x64_bin-sdk\javafx-sdk-22.0.1\bin\api-ms-win-core-errorhandling-l1-1-0.dll
0x000001801fc50000 - 0x000001801fc54000 	D:\Proyecto Terminal\openjfx-22.0.1_windows-x64_bin-sdk\javafx-sdk-22.0.1\bin\api-ms-win-core-file-l1-1-0.dll
0x000001801fc60000 - 0x000001801fc63000 	D:\Proyecto Terminal\openjfx-22.0.1_windows-x64_bin-sdk\javafx-sdk-22.0.1\bin\api-ms-win-core-file-l1-2-0.dll
0x000001801fc70000 - 0x000001801fc73000 	D:\Proyecto Terminal\openjfx-22.0.1_windows-x64_bin-sdk\javafx-sdk-22.0.1\bin\api-ms-win-core-file-l2-1-0.dll
0x000001801fc80000 - 0x000001801fc83000 	D:\Proyecto Terminal\openjfx-22.0.1_windows-x64_bin-sdk\javafx-sdk-22.0.1\bin\api-ms-win-core-handle-l1-1-0.dll
0x000001801fc90000 - 0x000001801fc93000 	D:\Proyecto Terminal\openjfx-22.0.1_windows-x64_bin-sdk\javafx-sdk-22.0.1\bin\api-ms-win-core-heap-l1-1-0.dll
0x000001801fca0000 - 0x000001801fca3000 	D:\Proyecto Terminal\openjfx-22.0.1_windows-x64_bin-sdk\javafx-sdk-22.0.1\bin\api-ms-win-core-interlocked-l1-1-0.dll
0x000001801fcb0000 - 0x000001801fcb3000 	D:\Proyecto Terminal\openjfx-22.0.1_windows-x64_bin-sdk\javafx-sdk-22.0.1\bin\api-ms-win-core-libraryloader-l1-1-0.dll
0x000001801fcc0000 - 0x000001801fcc3000 	D:\Proyecto Terminal\openjfx-22.0.1_windows-x64_bin-sdk\javafx-sdk-22.0.1\bin\api-ms-win-core-localization-l1-2-0.dll
0x000001801fcd0000 - 0x000001801fcd3000 	D:\Proyecto Terminal\openjfx-22.0.1_windows-x64_bin-sdk\javafx-sdk-22.0.1\bin\api-ms-win-core-memory-l1-1-0.dll
0x000001801fce0000 - 0x000001801fce3000 	D:\Proyecto Terminal\openjfx-22.0.1_windows-x64_bin-sdk\javafx-sdk-22.0.1\bin\api-ms-win-core-namedpipe-l1-1-0.dll
0x000001801fe70000 - 0x000001801fe73000 	D:\Proyecto Terminal\openjfx-22.0.1_windows-x64_bin-sdk\javafx-sdk-22.0.1\bin\api-ms-win-core-processenvironment-l1-1-0.dll
0x000001801fe80000 - 0x000001801fe83000 	D:\Proyecto Terminal\openjfx-22.0.1_windows-x64_bin-sdk\javafx-sdk-22.0.1\bin\api-ms-win-core-processthreads-l1-1-0.dll
0x000001801fe90000 - 0x000001801fe93000 	D:\Proyecto Terminal\openjfx-22.0.1_windows-x64_bin-sdk\javafx-sdk-22.0.1\bin\api-ms-win-core-processthreads-l1-1-1.dll
0x000001801fea0000 - 0x000001801fea3000 	D:\Proyecto Terminal\openjfx-22.0.1_windows-x64_bin-sdk\javafx-sdk-22.0.1\bin\api-ms-win-core-profile-l1-1-0.dll
0x000001801feb0000 - 0x000001801feb3000 	D:\Proyecto Terminal\openjfx-22.0.1_windows-x64_bin-sdk\javafx-sdk-22.0.1\bin\api-ms-win-core-rtlsupport-l1-1-0.dll
0x000001801fec0000 - 0x000001801fec3000 	D:\Proyecto Terminal\openjfx-22.0.1_windows-x64_bin-sdk\javafx-sdk-22.0.1\bin\api-ms-win-core-string-l1-1-0.dll
0x000001801fed0000 - 0x000001801fed3000 	D:\Proyecto Terminal\openjfx-22.0.1_windows-x64_bin-sdk\javafx-sdk-22.0.1\bin\api-ms-win-core-synch-l1-1-0.dll
0x000001801fee0000 - 0x000001801fee3000 	D:\Proyecto Terminal\openjfx-22.0.1_windows-x64_bin-sdk\javafx-sdk-22.0.1\bin\api-ms-win-core-synch-l1-2-0.dll
0x000001801fef0000 - 0x000001801fef3000 	D:\Proyecto Terminal\openjfx-22.0.1_windows-x64_bin-sdk\javafx-sdk-22.0.1\bin\api-ms-win-core-sysinfo-l1-1-0.dll
0x000001801ff00000 - 0x000001801ff03000 	D:\Proyecto Terminal\openjfx-22.0.1_windows-x64_bin-sdk\javafx-sdk-22.0.1\bin\api-ms-win-core-timezone-l1-1-0.dll
0x000001801ff10000 - 0x000001801ff13000 	D:\Proyecto Terminal\openjfx-22.0.1_windows-x64_bin-sdk\javafx-sdk-22.0.1\bin\api-ms-win-core-util-l1-1-0.dll
0x000001801ff20000 - 0x000001801ff23000 	D:\Proyecto Terminal\openjfx-22.0.1_windows-x64_bin-sdk\javafx-sdk-22.0.1\bin\api-ms-win-crt-conio-l1-1-0.dll
0x000001801ff30000 - 0x000001801ff34000 	D:\Proyecto Terminal\openjfx-22.0.1_windows-x64_bin-sdk\javafx-sdk-22.0.1\bin\api-ms-win-crt-convert-l1-1-0.dll
0x000001801ff40000 - 0x000001801ff43000 	D:\Proyecto Terminal\openjfx-22.0.1_windows-x64_bin-sdk\javafx-sdk-22.0.1\bin\api-ms-win-crt-environment-l1-1-0.dll
0x000001801ff50000 - 0x000001801ff53000 	D:\Proyecto Terminal\openjfx-22.0.1_windows-x64_bin-sdk\javafx-sdk-22.0.1\bin\api-ms-win-crt-filesystem-l1-1-0.dll
0x000001801ff60000 - 0x000001801ff63000 	D:\Proyecto Terminal\openjfx-22.0.1_windows-x64_bin-sdk\javafx-sdk-22.0.1\bin\api-ms-win-crt-heap-l1-1-0.dll
0x000001801ff70000 - 0x000001801ff73000 	D:\Proyecto Terminal\openjfx-22.0.1_windows-x64_bin-sdk\javafx-sdk-22.0.1\bin\api-ms-win-crt-locale-l1-1-0.dll
0x000001801ff80000 - 0x000001801ff85000 	D:\Proyecto Terminal\openjfx-22.0.1_windows-x64_bin-sdk\javafx-sdk-22.0.1\bin\api-ms-win-crt-math-l1-1-0.dll
0x000001801ff90000 - 0x000001801ff95000 	D:\Proyecto Terminal\openjfx-22.0.1_windows-x64_bin-sdk\javafx-sdk-22.0.1\bin\api-ms-win-crt-multibyte-l1-1-0.dll
0x000001801ffa0000 - 0x000001801ffb0000 	D:\Proyecto Terminal\openjfx-22.0.1_windows-x64_bin-sdk\javafx-sdk-22.0.1\bin\api-ms-win-crt-private-l1-1-0.dll
0x000001801ffb0000 - 0x000001801ffb3000 	D:\Proyecto Terminal\openjfx-22.0.1_windows-x64_bin-sdk\javafx-sdk-22.0.1\bin\api-ms-win-crt-process-l1-1-0.dll
0x000001801ffc0000 - 0x000001801ffc4000 	D:\Proyecto Terminal\openjfx-22.0.1_windows-x64_bin-sdk\javafx-sdk-22.0.1\bin\api-ms-win-crt-runtime-l1-1-0.dll
0x000001801ffd0000 - 0x000001801ffd4000 	D:\Proyecto Terminal\openjfx-22.0.1_windows-x64_bin-sdk\javafx-sdk-22.0.1\bin\api-ms-win-crt-stdio-l1-1-0.dll
0x000001801ffe0000 - 0x000001801ffe4000 	D:\Proyecto Terminal\openjfx-22.0.1_windows-x64_bin-sdk\javafx-sdk-22.0.1\bin\api-ms-win-crt-string-l1-1-0.dll
0x000001801fff0000 - 0x000001801fff3000 	D:\Proyecto Terminal\openjfx-22.0.1_windows-x64_bin-sdk\javafx-sdk-22.0.1\bin\api-ms-win-crt-time-l1-1-0.dll
0x000001801fcf0000 - 0x000001801fcf3000 	D:\Proyecto Terminal\openjfx-22.0.1_windows-x64_bin-sdk\javafx-sdk-22.0.1\bin\api-ms-win-crt-utility-l1-1-0.dll
0x00007ffe20670000 - 0x00007ffe2076c000 	D:\Proyecto Terminal\openjfx-22.0.1_windows-x64_bin-sdk\javafx-sdk-22.0.1\bin\ucrtbase.dll
0x00007ffe51240000 - 0x00007ffe5125b000 	D:\Proyecto Terminal\openjfx-22.0.1_windows-x64_bin-sdk\javafx-sdk-22.0.1\bin\vcruntime140.dll
0x00007ffe51ed0000 - 0x00007ffe51edc000 	D:\Proyecto Terminal\openjfx-22.0.1_windows-x64_bin-sdk\javafx-sdk-22.0.1\bin\vcruntime140_1.dll
0x00007ffe4aa60000 - 0x00007ffe4aaee000 	D:\Proyecto Terminal\openjfx-22.0.1_windows-x64_bin-sdk\javafx-sdk-22.0.1\bin\msvcp140.dll
0x00007ffe51230000 - 0x00007ffe51239000 	D:\Proyecto Terminal\openjfx-22.0.1_windows-x64_bin-sdk\javafx-sdk-22.0.1\bin\msvcp140_1.dll
0x00007ffe50f60000 - 0x00007ffe50fa1000 	D:\Proyecto Terminal\openjfx-22.0.1_windows-x64_bin-sdk\javafx-sdk-22.0.1\bin\msvcp140_2.dll
0x00007ffe50f30000 - 0x00007ffe50f60000 	D:\Proyecto Terminal\openjfx-22.0.1_windows-x64_bin-sdk\javafx-sdk-22.0.1\bin\prism_d3d.dll
0x00007ffe19d60000 - 0x00007ffe19f08000 	C:\Windows\system32\d3d9.dll
0x00007ffe5fbc0000 - 0x00007ffe5fbeb000 	C:\Windows\SYSTEM32\dwmapi.dll
0x00007ffe5fa60000 - 0x00007ffe5fa97000 	C:\Windows\SYSTEM32\dxcore.dll
0x00007ffe5f950000 - 0x00007ffe5fa01000 	C:\Windows\system32\uxtheme.dll
0x00007ffe57c10000 - 0x00007ffe57ded000 	C:\Windows\System32\DriverStore\FileRepository\u0355756.inf_amd64_5146fc3a012e7afa\B354291\aticfx64.dll
0x00007ffe19cf0000 - 0x00007ffe19d20000 	C:\Windows\System32\DriverStore\FileRepository\u0355756.inf_amd64_5146fc3a012e7afa\B354291\atiu9p64.dll
0x00007ffe19020000 - 0x00007ffe19ceb000 	C:\Windows\System32\DriverStore\FileRepository\u0355756.inf_amd64_5146fc3a012e7afa\B354291\atiumd64.dll
0x00007ffe64c80000 - 0x00007ffe64e25000 	C:\Windows\System32\ole32.dll
0x0000000074660000 - 0x00000000753e3000 	C:\Windows\System32\DriverStore\FileRepository\u0355756.inf_amd64_5146fc3a012e7afa\B354291\atiumd6a.dll
0x00007ffe59bb0000 - 0x00007ffe59bf9000 	C:\Windows\SYSTEM32\directxdatabasehelper.dll
0x00007ffe4a9b0000 - 0x00007ffe4a9f5000 	D:\Proyecto Terminal\openjfx-22.0.1_windows-x64_bin-sdk\javafx-sdk-22.0.1\bin\glass.dll
0x00007ffe652e0000 - 0x00007ffe653df000 	C:\Windows\System32\COMDLG32.dll
0x00007ffdfdf50000 - 0x00007ffdfdfae000 	C:\Program Files\Huawei\PCManager\plugins\PerfWndMonModule.dll
0x00007ffe63750000 - 0x00007ffe638b0000 	C:\Windows\System32\MSCTF.dll
0x00007ffe64b30000 - 0x00007ffe64be0000 	C:\Windows\System32\clbcatq.dll
0x00007ffe51a60000 - 0x00007ffe51bd9000 	C:\Windows\System32\Windows.UI.dll
0x00007ffe28950000 - 0x00007ffe28ac5000 	C:\Windows\System32\Windows.UI.Immersive.dll
0x00007ffe4eb50000 - 0x00007ffe4eb65000 	D:\Proyecto Terminal\openjfx-22.0.1_windows-x64_bin-sdk\javafx-sdk-22.0.1\bin\javafx_font.dll
0x00007ffe5f0c0000 - 0x00007ffe5f333000 	C:\Windows\SYSTEM32\dwrite.dll
0x00007ffe5f760000 - 0x00007ffe5f910000 	C:\Windows\SYSTEM32\WindowsCodecs.dll
0x00007ffe4e5f0000 - 0x00007ffe4e64e000 	C:\Windows\system32\dataexchange.dll
0x00007ffe58420000 - 0x00007ffe586c4000 	C:\Windows\system32\twinapi.appcore.dll
0x00007ffe4c690000 - 0x00007ffe4c6c2000 	C:\Program Files\Common Files\Microsoft Shared\Ink\rtscom.dll
0x00007ffe52fa0000 - 0x00007ffe530e5000 	C:\Windows\SYSTEM32\textinputframework.dll
0x00007ffe5b0d0000 - 0x00007ffe5b203000 	C:\Windows\SYSTEM32\CoreMessaging.dll
0x00007ffe59570000 - 0x00007ffe598dd000 	C:\Windows\SYSTEM32\CoreUIComponents.dll
0x00007ffe62400000 - 0x00007ffe6240c000 	C:\Windows\SYSTEM32\CRYPTBASE.DLL
0x00007ffe49a90000 - 0x00007ffe49abd000 	D:\Proyecto Terminal\openjfx-22.0.1_windows-x64_bin-sdk\javafx-sdk-22.0.1\bin\javafx_iio.dll
0x00007ffe5ead0000 - 0x00007ffe5f0be000 	C:\Windows\SYSTEM32\d2d1.dll

dbghelp: loaded successfully - version: 4.0.5 - missing functions: none
symbol engine: initialized successfully - sym options: 0x614 - pdb path: .;C:\Users\diego\.jdks\corretto-17.0.13\bin;C:\Windows\SYSTEM32;C:\Windows\WinSxS\amd64_microsoft.windows.common-controls_6595b64144ccf1df_6.0.22621.4391_none_2715d37f73803e96;C:\Users\diego\.jdks\corretto-17.0.13\bin\server;D:\Proyecto Terminal\openjfx-22.0.1_windows-x64_bin-sdk\javafx-sdk-22.0.1\bin;C:\Windows\System32\DriverStore\FileRepository\u0355756.inf_amd64_5146fc3a012e7afa\B354291;C:\Program Files\Huawei\PCManager\plugins;C:\Program Files\Common Files\Microsoft Shared\Ink

VM Arguments:
jvm_args: -agentlib:jdwp=transport=dt_socket,address=127.0.0.1:51711,suspend=y,server=n --module-path=D:\Proyecto Terminal\openjfx-22.0.1_windows-x64_bin-sdk\javafx-sdk-22.0.1\lib --add-modules=javafx.controls,javafx.fxml -javaagent:C:\Users\diego\AppData\Local\JetBrains\IntelliJIdea2024.1\captureAgent\debugger-agent.jar -Dfile.encoding=UTF-8 
java_command: optiuam.bc.controller.OptiUAM24
java_class_path (initial): D:\Proyecto Terminal\Código\OptiUAM24\OptiUAM\out\production\OptiUAM;D:\Proyecto Terminal\Código\OptiUAM24\OptiUAM\Librerias\jcommon-1.0.23.jar;D:\Proyecto Terminal\Código\OptiUAM24\OptiUAM\Librerias\jfreechart-1.0.19.jar;D:\Proyecto Terminal\openjfx-22.0.1_windows-x64_bin-sdk\javafx-sdk-22.0.1\lib\javafx-swt.jar;D:\Proyecto Terminal\openjfx-22.0.1_windows-x64_bin-sdk\javafx-sdk-22.0.1\lib\javafx.base.jar;D:\Proyecto Terminal\openjfx-22.0.1_windows-x64_bin-sdk\javafx-sdk-22.0.1\lib\javafx.controls.jar;D:\Proyecto Terminal\openjfx-22.0.1_windows-x64_bin-sdk\javafx-sdk-22.0.1\lib\javafx.fxml.jar;D:\Proyecto Terminal\openjfx-22.0.1_windows-x64_bin-sdk\javafx-sdk-22.0.1\lib\javafx.graphics.jar;D:\Proyecto Terminal\openjfx-22.0.1_windows-x64_bin-sdk\javafx-sdk-22.0.1\lib\javafx.media.jar;D:\Proyecto Terminal\openjfx-22.0.1_windows-x64_bin-sdk\javafx-sdk-22.0.1\lib\javafx.swing.jar;D:\Proyecto Terminal\openjfx-22.0.1_windows-x64_bin-sdk\javafx-sdk-22.0.1\lib\javafx.web.jar;D:\Proyecto Terminal\openjfx-22.0.1_windows-x64_bin-sdk.zip;D:\Proyecto Terminal\commons-math3-3.6.1\commons-math3-3.6.1-tests.jar;D:\Proyecto Terminal\commons-math3-3.6.1\commons-math3-3.6.1-tools.jar;D:\Proyecto Terminal\commons-math3-3.6.1\commons-math3-3.6.1.jar;C:\Program Files\JetBrains\IntelliJ IDEA 2024.1.3\lib\idea_rt.jar
Launcher Type: SUN_STANDARD

[Global flags]
     intx CICompilerCount                          = 4                                         {product} {ergonomic}
     uint ConcGCThreads                            = 2                                         {product} {ergonomic}
     uint G1ConcRefinementThreads                  = 8                                         {product} {ergonomic}
   size_t G1HeapRegionSize                         = 1048576                                   {product} {ergonomic}
    uintx GCDrainStackTargetSize                   = 64                                        {product} {ergonomic}
   size_t InitialHeapSize                          = 117440512                                 {product} {ergonomic}
   size_t MarkStackSize                            = 4194304                                   {product} {ergonomic}
   size_t MaxHeapSize                              = 1862270976                                {product} {ergonomic}
   size_t MaxNewSize                               = 1116733440                                {product} {ergonomic}
   size_t MinHeapDeltaBytes                        = 1048576                                   {product} {ergonomic}
   size_t MinHeapSize                              = 8388608                                   {product} {ergonomic}
    uintx NonNMethodCodeHeapSize                   = 5839372                                {pd product} {ergonomic}
    uintx NonProfiledCodeHeapSize                  = 122909434                              {pd product} {ergonomic}
    uintx ProfiledCodeHeapSize                     = 122909434                              {pd product} {ergonomic}
    uintx ReservedCodeCacheSize                    = 251658240                              {pd product} {ergonomic}
     bool SegmentedCodeCache                       = true                                      {product} {ergonomic}
   size_t SoftMaxHeapSize                          = 1862270976                             {manageable} {ergonomic}
     bool UseCompressedClassPointers               = true                           {product lp64_product} {ergonomic}
     bool UseCompressedOops                        = true                           {product lp64_product} {ergonomic}
     bool UseG1GC                                  = true                                      {product} {ergonomic}
     bool UseLargePagesIndividualAllocation        = false                                  {pd product} {ergonomic}

Logging:
Log output configuration:
 #0: stdout all=off uptime,level,tags
 #1: stderr all=off uptime,level,tags

Environment Variables:
PATH=C:\Program Files\Common Files\Oracle\Java\javapath;C:\Users\diego\Desktop\oracle\bin;C:\Windows\system32;C:\Windows;C:\Windows\System32\Wbem;C:\Windows\System32\WindowsPowerShell\v1.0\;C:\Windows\System32\OpenSSH\;C:\Program Files\Git\cmd;C:\Strawberry\c\bin;C:\Strawberry\perl\site\bin;C:\Strawberry\perl\bin;C:\Users\diego\AppData\Local\Programs\Python\Launcher\;C:\Users\diego\AppData\Local\Microsoft\WindowsApps;C:\Program Files\JetBrains\IntelliJ IDEA 2024.1.3\bin;;C:\Users\diego\AppData\Local\GitHubDesktop\bin;C:\Program Files\JetBrains\PyCharm 2024.1.4\bin;;C:\Users\diego\AppData\Local\Programs\Microsoft VS Code\bin;C:\Users\diego\AppData\Local\Programs\MiKTeX\miktex\bin\x64\
USERNAME=diego
OS=Windows_NT
PROCESSOR_IDENTIFIER=AMD64 Family 23 Model 24 Stepping 1, AuthenticAMD
TMP=C:\Users\diego\AppData\Local\Temp
TEMP=C:\Users\diego\AppData\Local\Temp



Periodic native trim disabled


---------------  S Y S T E M  ---------------

OS:
 Windows 11 , 64 bit Build 22621 (10.0.22621.4391)
OS uptime: 1 days 3:06 hours

CPU: total 8 (initial active 8) (8 cores per cpu, 2 threads per core) family 23 model 24 stepping 1 microcode 0x0, cx8, cmov, fxsr, ht, mmx, 3dnowpref, sse, sse2, sse3, ssse3, sse4a, sse4.1, sse4.2, popcnt, lzcnt, tsc, tscinvbit, avx, avx2, aes, clmul, bmi1, bmi2, adx, sha, fma, vzeroupper, clflush, clflushopt
Processor Information for processor 0
  Max Mhz: 2100, Current Mhz: 2100, Mhz Limit: 2100
Processor Information for processor 1
  Max Mhz: 2100, Current Mhz: 2100, Mhz Limit: 2100
Processor Information for processor 2
  Max Mhz: 2100, Current Mhz: 2100, Mhz Limit: 2100
Processor Information for processor 3
  Max Mhz: 2100, Current Mhz: 2100, Mhz Limit: 2100
Processor Information for processor 4
  Max Mhz: 2100, Current Mhz: 2100, Mhz Limit: 2100
Processor Information for processor 5
  Max Mhz: 2100, Current Mhz: 2100, Mhz Limit: 2100
Processor Information for processor 6
  Max Mhz: 2100, Current Mhz: 1400, Mhz Limit: 2100
Processor Information for processor 7
  Max Mhz: 2100, Current Mhz: 1400, Mhz Limit: 2100

Memory: 4k page, system-wide physical 7103M (1004M free)
TotalPageFile size 15807M (AvailPageFile size 5954M)
current process WorkingSet (physical memory assigned to process): 261M, peak: 450M
current process commit charge ("private bytes"): 369M, peak: 566M

vm_info: OpenJDK 64-Bit Server VM (17.0.13+11-LTS) for windows-amd64 JRE (17.0.13+11-LTS), built on Oct 10 2024 19:51:30 by "Administrator" with MS VC++ 16.10 / 16.11 (VS2019)

END.
