#
# A fatal error has been detected by the Java Runtime Environment:
#
#  EXCEPTION_ACCESS_VIOLATION (0xc0000005) at pc=0x00007ffe1ec882d7, pid=7508, tid=10712
#
# JRE version: OpenJDK Runtime Environment Corretto-17.0.13.11.1 (17.0.13+11) (build 17.0.13+11-LTS)
# Java VM: OpenJDK 64-Bit Server VM Corretto-17.0.13.11.1 (17.0.13+11-LTS, mixed mode, sharing, tiered, compressed oops, compressed class ptrs, g1 gc, windows-amd64)
# Problematic frame:
# C  [glass.dll+0x282d7]
#
# No core dump will be written. Minidumps are not enabled by default on client versions of Windows
#
# If you would like to submit a bug report, please visit:
#   https://github.com/corretto/corretto-17/issues/
#

---------------  S U M M A R Y ------------

Command Line: -agentlib:jdwp=transport=dt_socket,address=127.0.0.1:50638,suspend=y,server=n --module-path=D:\Proyecto Terminal\openjfx-22.0.1_windows-x64_bin-sdk\javafx-sdk-22.0.1\lib --add-modules=javafx.controls,javafx.fxml -javaagent:C:\Users\diego\AppData\Local\JetBrains\IntelliJIdea2024.1\captureAgent\debugger-agent.jar -Dfile.encoding=UTF-8 optiuam.bc.controller.OptiUAM24

Host: AMD Ryzen 5 3500U with Radeon Vega Mobile Gfx  , 8 cores, 6G,  Windows 11 , 64 bit Build 22621 (10.0.22621.4391)
Time: Tue Nov 19 21:06:18 2024 Hora est嫕dar central (M憖ico) elapsed time: 68.892372 seconds (0d 0h 1m 8s)

---------------  T H R E A D  ---------------

Current thread (0x0000022b825af200):  VMThread "VM Thread" [stack: 0x000000b5e9000000,0x000000b5e9100000] [id=10712]

Stack: [0x000000b5e9000000,0x000000b5e9100000],  sp=0x000000b5e90fec80,  free space=1019k
Native frames: (J=compiled Java code, j=interpreted, Vv=VM code, C=native code)
C  [glass.dll+0x282d7]


siginfo: EXCEPTION_ACCESS_VIOLATION (0xc0000005), reading address 0x0000000000000000


Registers:
RAX=0x0000000000000000, RBX=0x0000022b825c6e00, RCX=0x0000022b825af200, RDX=0x000000b5e90fec80
RSP=0x000000b5e90fec80, RBP=0x0000022bc8e89f08, RSI=0x000000b5e90fed88, RDI=0x0000022bc8e89ee0
R8 =0x0000000000010002, R9 =0x0000022bc8e89ee0, R10=0x85f13e9656da4870, R11=0x000000b5e90fec10
R12=0x00007ffe1ec85be0, R13=0x00007ffe10da8420, R14=0x0000f21615cb778f, R15=0x0000022bc8e89ee0
RIP=0x00007ffe1ec882d7, EFLAGS=0x0000000000010206


Register to memory mapping:

RIP=0x00007ffe1ec882d7 glass.dll
RAX=0x0 is NULL
RBX=0x0000022b825c6e00 is a global jni handle
RCX=0x0000022b825af200 points into unknown readable memory: 0x00007ffe10bd2cc8 | c8 2c bd 10 fe 7f 00 00
RDX=0x000000b5e90fec80 points into unknown readable memory: 0x0000000000000000 | 00 00 00 00 00 00 00 00
RSP=0x000000b5e90fec80 points into unknown readable memory: 0x0000000000000000 | 00 00 00 00 00 00 00 00
RBP=0x0000022bc8e89f08 points into unknown readable memory: 0x0000f21615cb778f | 8f 77 cb 15 16 f2 00 00
RSI=0x000000b5e90fed88 points into unknown readable memory: 0x000000b5e90fed70 | 70 ed 0f e9 b5 00 00 00
RDI=0x0000022bc8e89ee0 points into unknown readable memory: 0x3ffffd723eb7778f | 8f 77 b7 3e 72 fd ff 3f
R8 =0x0000000000010002 is an unknown value
R9 =0x0000022bc8e89ee0 points into unknown readable memory: 0x3ffffd723eb7778f | 8f 77 b7 3e 72 fd ff 3f
R10=0x85f13e9656da4870 is an unknown value
R11=0x000000b5e90fec10 points into unknown readable memory: 0x0000022bc8e89ee0 | e0 9e e8 c8 2b 02 00 00
R12=0x00007ffe1ec85be0 glass.dll
R13=0x00007ffe10da8420 jvm.dll
R14=0x0000f21615cb778f is an unknown value
R15=0x0000022bc8e89ee0 points into unknown readable memory: 0x3ffffd723eb7778f | 8f 77 b7 3e 72 fd ff 3f


Top of Stack: (sp=0x000000b5e90fec80)
0x000000b5e90fec80:   0000000000000000 000000b5e90fed88
0x000000b5e90fec90:   00007ffe10da8420 00007ffe1ec85be0
0x000000b5e90feca0:   0000022bc8e89ee8 00007ffe63623a93
0x000000b5e90fecb0:   0000022bc8e89ee0 0000022b00000000
0x000000b5e90fecc0:   0000022bc8e89f08 000000b5e90fed88
0x000000b5e90fecd0:   fffffffffffffffe 0000000000000000
0x000000b5e90fece0:   0000000000000001 00007ffe1ec60000
0x000000b5e90fecf0:   000000b5e90fed78 00007ffe635f042e
0x000000b5e90fed00:   0000000000000000 000000b5e90fed88
0x000000b5e90fed10:   000000b5e90ff070 0000000000000001
0x000000b5e90fed20:   0000000000000001 00007ffe635edddd
0x000000b5e90fed30:   0000000000000000 00007ffe1ec853d9
0x000000b5e90fed40:   0000000000000000 000000b5e90fed78
0x000000b5e90fed50:   fffffffffffffffe 0000000000000001
0x000000b5e90fed60:   0000000000000001 00007ffe1ec85a6d
0x000000b5e90fed70:   00007ffe1ec9d078 00007ffe00000002
0x000000b5e90fed80:   0000000000000002 000000b5e90fed70
0x000000b5e90fed90:   0000000000000000 00007ffe659f8af3
0x000000b5e90feda0:   0000000000000000 00007ffe1ec85b92
0x000000b5e90fedb0:   0000000000000001 000000b5e90ff000
0x000000b5e90fedc0:   0000000000000001 0000000000000001
0x000000b5e90fedd0:   0000022be2850688 00007ffe62402223
0x000000b5e90fede0:   0000022b00000001 0000000000000016
0x000000b5e90fedf0:   00007ffe1ec60000 000000007ffe0384
0x000000b5e90fee00:   0000000000000000 00007ffe659f8b8f
0x000000b5e90fee10:   00007ffe1ec60000 0000000000000000
0x000000b5e90fee20:   0000000000000001 000000007ffe0385
0x000000b5e90fee30:   0000000000000000 00007ffe65a217d9
0x000000b5e90fee40:   00003e22d733bb00 0000000000000014
0x000000b5e90fee50:   00007ffe1ec85be0 0000000000000000
0x000000b5e90fee60:   0000000000000000 000000b5e845e000
0x000000b5e90fee70:   0000022bc8ed29c0 00007ffe65a21596 

Instructions: (pc=0x00007ffe1ec882d7)
0x00007ffe1ec881d7:   8b 4d 58 e8 49 cf ff ff 48 8b 4d 60 e8 40 cf ff
0x00007ffe1ec881e7:   ff 48 8b 95 80 00 00 00 48 8b 8d 18 01 00 00 e8
0x00007ffe1ec881f7:   26 c5 ff ff 33 d2 33 c9 e8 8c e1 ff ff 90 48 89
0x00007ffe1ec88207:   54 24 10 55 48 83 ec 20 48 8b ea 48 b8 00 00 00
0x00007ffe1ec88217:   00 00 00 00 00 48 83 c4 20 5d c3 cc 40 55 48 8b
0x00007ffe1ec88227:   ea 48 8b 01 33 c9 81 38 05 00 00 c0 0f 94 c1 8b
0x00007ffe1ec88237:   c1 5d c3 cc 40 55 48 83 ec 20 48 8b ea 8a 4d 40
0x00007ffe1ec88247:   48 83 c4 20 5d e9 33 d3 ff ff cc 40 55 48 83 ec
0x00007ffe1ec88257:   20 48 8b ea 8a 4d 20 e8 21 d3 ff ff 90 48 83 c4
0x00007ffe1ec88267:   20 5d c3 cc 40 55 48 83 ec 20 48 8b ea 48 83 c4
0x00007ffe1ec88277:   20 5d e9 82 d1 ff ff cc 40 55 48 83 ec 30 48 8b
0x00007ffe1ec88287:   ea 48 8b 01 8b 10 48 89 4c 24 28 89 54 24 20 4c
0x00007ffe1ec88297:   8d 0d 23 d6 ff ff 4c 8b 45 70 8b 55 68 48 8b 4d
0x00007ffe1ec882a7:   60 e8 c3 d0 ff ff 90 48 83 c4 30 5d c3 cc cc cc
0x00007ffe1ec882b7:   cc cc cc cc cc cc cc cc cc 40 53 48 83 ec 20 48
0x00007ffe1ec882c7:   8b 1d 6b 47 01 00 48 85 db 74 16 e8 39 90 ff ff
0x00007ffe1ec882d7:   4c 8b 00 48 8b d3 48 8b c8 41 ff 90 b0 00 00 00
0x00007ffe1ec882e7:   90 48 83 c4 20 5b c3 cc cc 40 53 48 83 ec 20 48
0x00007ffe1ec882f7:   8b 1d ab 48 01 00 48 85 db 74 57 b8 ff ff ff ff
0x00007ffe1ec88307:   f0 0f c1 43 10 83 f8 01 75 3d 48 85 db 74 38 48
0x00007ffe1ec88317:   8b 0b 48 85 c9 74 0d ff 15 8c 0f 00 00 48 c7 03
0x00007ffe1ec88327:   00 00 00 00 48 8b 4b 08 48 85 c9 74 0d e8 ef cd
0x00007ffe1ec88337:   ff ff 48 c7 43 08 00 00 00 00 ba 18 00 00 00 48
0x00007ffe1ec88347:   8b cb e8 da cd ff ff 48 c7 05 4f 48 01 00 00 00
0x00007ffe1ec88357:   00 00 48 83 c4 20 5b c3 cc 40 53 48 83 ec 20 48
0x00007ffe1ec88367:   8b 1d 1b 48 01 00 48 85 db 74 57 b8 ff ff ff ff
0x00007ffe1ec88377:   f0 0f c1 43 10 83 f8 01 75 3d 48 85 db 74 38 48
0x00007ffe1ec88387:   8b 0b 48 85 c9 74 0d ff 15 1c 0f 00 00 48 c7 03
0x00007ffe1ec88397:   00 00 00 00 48 8b 4b 08 48 85 c9 74 0d e8 7f cd
0x00007ffe1ec883a7:   ff ff 48 c7 43 08 00 00 00 00 ba 18 00 00 00 48
0x00007ffe1ec883b7:   8b cb e8 6a cd ff ff 48 c7 05 bf 47 01 00 00 00
0x00007ffe1ec883c7:   00 00 48 83 c4 20 5b c3 cc 40 53 48 83 ec 20 48 


Stack slot to memory mapping:
stack at sp + 0 slots: 0x0 is NULL
stack at sp + 1 slots: 0x000000b5e90fed88 points into unknown readable memory: 0x000000b5e90fed70 | 70 ed 0f e9 b5 00 00 00
stack at sp + 2 slots: 0x00007ffe10da8420 jvm.dll
stack at sp + 3 slots: 0x00007ffe1ec85be0 glass.dll
stack at sp + 4 slots: 0x0000022bc8e89ee8 points into unknown readable memory: 0x0000f21615cb778f | 8f 77 cb 15 16 f2 00 00
stack at sp + 5 slots: 0x00007ffe63623a93 ucrtbase.dll
stack at sp + 6 slots: 0x0000022bc8e89ee0 points into unknown readable memory: 0x3ffffd723eb7778f | 8f 77 b7 3e 72 fd ff 3f
stack at sp + 7 slots: 0x0000022b00000000 is an unknown value

VM_Operation (0x000000b5e87feef0): Exit, mode: safepoint, requested by thread 0x0000022bcf848f30


---------------  P R O C E S S  ---------------

Threads class SMR info:
_java_thread_list=0x0000022bc8c1c4f0, length=21, elements={
0x0000022be4b1c960, 0x0000022b825b6cb0, 0x0000022b825b7b30, 0x0000022b825cbe30,
0x0000022b825ce710, 0x0000022b825cefe0, 0x0000022b825cf8b0, 0x0000022b825d8570,
0x0000022b825df9a0, 0x0000022b825eb010, 0x0000022b82831fe0, 0x0000022bc826de60,
0x0000022bc8659920, 0x0000022bc8872730, 0x0000022bc9209040, 0x0000022bc945d270,
0x0000022bc8a3bf40, 0x0000022bc8a18e00, 0x0000022bcf8470d0, 0x0000022bcf848510,
0x0000022bcf848f30
}

Java Threads: ( => current thread )
  0x0000022be4b1c960 JavaThread "main" [_thread_blocked, id=9964, stack(0x000000b5e8a00000,0x000000b5e8b00000)]
  0x0000022b825b6cb0 JavaThread "Reference Handler" daemon [_thread_blocked, id=10860, stack(0x000000b5e9100000,0x000000b5e9200000)]
  0x0000022b825b7b30 JavaThread "Finalizer" daemon [_thread_blocked, id=3096, stack(0x000000b5e9200000,0x000000b5e9300000)]
  0x0000022b825cbe30 JavaThread "Signal Dispatcher" daemon [_thread_blocked, id=1652, stack(0x000000b5e9300000,0x000000b5e9400000)]
  0x0000022b825ce710 JavaThread "Attach Listener" daemon [_thread_blocked, id=16472, stack(0x000000b5e9400000,0x000000b5e9500000)]
  0x0000022b825cefe0 JavaThread "Service Thread" daemon [_thread_blocked, id=17068, stack(0x000000b5e9500000,0x000000b5e9600000)]
  0x0000022b825cf8b0 JavaThread "Monitor Deflation Thread" daemon [_thread_blocked, id=9420, stack(0x000000b5e9600000,0x000000b5e9700000)]
  0x0000022b825d8570 JavaThread "C2 CompilerThread0" daemon [_thread_blocked, id=964, stack(0x000000b5e9700000,0x000000b5e9800000)]
  0x0000022b825df9a0 JavaThread "C1 CompilerThread0" daemon [_thread_blocked, id=13512, stack(0x000000b5e9800000,0x000000b5e9900000)]
  0x0000022b825eb010 JavaThread "Sweeper thread" daemon [_thread_blocked, id=15644, stack(0x000000b5e9900000,0x000000b5e9a00000)]
  0x0000022b82831fe0 JavaThread "Common-Cleaner" daemon [_thread_blocked, id=5068, stack(0x000000b5e9a00000,0x000000b5e9b00000)]
  0x0000022bc826de60 JavaThread "JDWP Event Helper Thread" daemon [_thread_blocked, id=4184, stack(0x000000b5e9e00000,0x000000b5e9f00000)]
  0x0000022bc8659920 JavaThread "Notification Thread" daemon [_thread_blocked, id=1052, stack(0x000000b5ea000000,0x000000b5ea100000)]
  0x0000022bc8872730 JavaThread "QuantumRenderer-0" daemon [_thread_blocked, id=7016, stack(0x000000b5ea200000,0x000000b5ea300000)]
  0x0000022bc9209040 JavaThread "InvokeLaterDispatcher" daemon [_thread_blocked, id=1812, stack(0x000000b5ea500000,0x000000b5ea600000)]
  0x0000022bc945d270 JavaThread "JavaFX Application Thread" [_thread_blocked, id=2364, stack(0x000000b5ea600000,0x000000b5ea700000)]
  0x0000022bc8a3bf40 JavaThread "JavaFX-Launcher" [_thread_blocked, id=11364, stack(0x000000b5eae00000,0x000000b5eaf00000)]
  0x0000022bc8a18e00 JavaThread "Thread-2" daemon [_thread_in_native, id=15036, stack(0x000000b5ead00000,0x000000b5eae00000)]
  0x0000022bcf8470d0 JavaThread "Prism Font Disposer" daemon [_thread_blocked, id=7628, stack(0x000000b5eb600000,0x000000b5eb700000)]
  0x0000022bcf848510 JavaThread "Cleaner-0" daemon [_thread_blocked, id=8768, stack(0x000000b5eb800000,0x000000b5eb900000)]
  0x0000022bcf848f30 JavaThread "SIGINT handler" daemon [_thread_blocked, id=15860, stack(0x000000b5e8700000,0x000000b5e8800000)]

Other Threads:
=>0x0000022b825af200 VMThread "VM Thread" [stack: 0x000000b5e9000000,0x000000b5e9100000] [id=10712]
  0x0000022be4b6fbe0 GCTaskThread "GC Thread#0" [stack: 0x000000b5e8b00000,0x000000b5e8c00000] [id=10420]
  0x0000022bc850cf70 GCTaskThread "GC Thread#1" [stack: 0x000000b5eaf00000,0x000000b5eb000000] [id=14260]
  0x0000022bc8506de0 GCTaskThread "GC Thread#2" [stack: 0x000000b5eb000000,0x000000b5eb100000] [id=13540]
  0x0000022bc85070a0 GCTaskThread "GC Thread#3" [stack: 0x000000b5eb100000,0x000000b5eb200000] [id=14424]
  0x0000022bc8af9180 GCTaskThread "GC Thread#4" [stack: 0x000000b5eb200000,0x000000b5eb300000] [id=14664]
  0x0000022bc8af9440 GCTaskThread "GC Thread#5" [stack: 0x000000b5eb300000,0x000000b5eb400000] [id=7540]
  0x0000022bc8b004c0 GCTaskThread "GC Thread#6" [stack: 0x000000b5eb400000,0x000000b5eb500000] [id=7680]
  0x0000022bc88590e0 GCTaskThread "GC Thread#7" [stack: 0x000000b5eb500000,0x000000b5eb600000] [id=13548]
  0x0000022be4b7f940 ConcurrentGCThread "G1 Main Marker" terminated
  0x0000022be4b80360 ConcurrentGCThread "G1 Conc#0" [stack: 0x000000b5e8d00000,0x000000b5e8e00000] [id=10308]
  0x0000022bd54c2bc0 ConcurrentGCThread "G1 Conc#1" [stack: 0x000000b5e9c00000,0x000000b5e9d00000] [id=15692]
  0x0000022b824720c0 ConcurrentGCThread "G1 Refine#0" terminated
  0x0000022bd28c1900 ConcurrentGCThread "G1 Refine#1" terminated
  0x0000022bd28c1320 ConcurrentGCThread "G1 Refine#2" terminated
  0x0000022b82472af0 ConcurrentGCThread "G1 Service" terminated

Threads with active compile tasks:
C2 CompilerThread0  
[error occurred during error reporting (printing all threads), id 0xc0000005, EXCEPTION_ACCESS_VIOLATION (0xc0000005) at pc=0x00007ffe109d65b3]

VM state: at safepoint (shutting down)

VM Mutex/Monitor currently owned by a thread:  ([mutex/lock_event])
[0x0000022be4b169d0] Threads_lock - owner thread: 0x0000022b825af200
[0x0000022be4b16940] Heap_lock - owner thread: 0x0000022bcf848f30

Heap address: 0x0000000091000000, size: 1776 MB, Compressed Oops mode: 32-bit

CDS archive(s) mapped at: [0x0000022b83000000-0x0000022b83bb0000-0x0000022b83bb0000), size 12255232, SharedBaseAddress: 0x0000022b83000000, ArchiveRelocationMode: 1.
Compressed class space mapped at: 0x0000022b84000000-0x0000022bc4000000, reserved size: 1073741824
Narrow klass base: 0x0000022b83000000, Narrow klass shift: 0, Narrow klass range: 0x100000000

GC Precious Log:
 CPUs: 8 total, 8 available
 Memory: 7103M
 Large Page Support: Disabled
 NUMA Support: Disabled
 Compressed Oops: Enabled (32-bit)
 Heap Region Size: 1M
 Heap Min Capacity: 8M
 Heap Initial Capacity: 112M
 Heap Max Capacity: 1776M
 Pre-touch: Disabled
 Parallel Workers: 8
 Concurrent Workers: 2
 Concurrent Refinement Workers: 8
 Periodic GC: Disabled

Heap:
 garbage-first heap   total 114688K, used 68059K [0x0000000091000000, 0x0000000100000000)
  region size 1024K, 39 young (39936K), 9 survivors (9216K)
 Metaspace       used 22162K, committed 22528K, reserved 1114112K
  class space    used 3194K, committed 3392K, reserved 1048576K

Heap Regions: E=young(eden), S=young(survivor), O=old, HS=humongous(starts), HC=humongous(continues), CS=collection set, F=free, OA=open archive, CA=closed archive, TAMS=top-at-mark-start (previous, next)
|   0|0x0000000091000000, 0x0000000091100000, 0x0000000091100000|100%|HS|  |TAMS 0x0000000091100000, 0x0000000091000000| Complete 
|   1|0x0000000091100000, 0x0000000091200000, 0x0000000091200000|100%|HS|  |TAMS 0x0000000091200000, 0x0000000091100000| Complete 
|   2|0x0000000091200000, 0x0000000091300000, 0x0000000091300000|100%|HS|  |TAMS 0x0000000091300000, 0x0000000091200000| Complete 
|   3|0x0000000091300000, 0x0000000091400000, 0x0000000091400000|100%| O|  |TAMS 0x0000000091400000, 0x0000000091300000| Untracked 
|   4|0x0000000091400000, 0x0000000091500000, 0x0000000091500000|100%| O|  |TAMS 0x0000000091500000, 0x0000000091400000| Untracked 
|   5|0x0000000091500000, 0x0000000091600000, 0x0000000091600000|100%| O|  |TAMS 0x00000000915cea00, 0x0000000091500000| Untracked 
|   6|0x0000000091600000, 0x0000000091700000, 0x0000000091700000|100%|HS|  |TAMS 0x0000000091700000, 0x0000000091600000| Complete 
|   7|0x0000000091700000, 0x0000000091800000, 0x0000000091800000|100%|HC|  |TAMS 0x0000000091800000, 0x0000000091700000| Complete 
|   8|0x0000000091800000, 0x0000000091900000, 0x0000000091900000|100%|HC|  |TAMS 0x0000000091900000, 0x0000000091800000| Complete 
|   9|0x0000000091900000, 0x0000000091a00000, 0x0000000091a00000|100%|HC|  |TAMS 0x0000000091a00000, 0x0000000091900000| Complete 
|  10|0x0000000091a00000, 0x0000000091b00000, 0x0000000091b00000|100%|HC|  |TAMS 0x0000000091b00000, 0x0000000091a00000| Complete 
|  11|0x0000000091b00000, 0x0000000091c00000, 0x0000000091c00000|100%|HC|  |TAMS 0x0000000091c00000, 0x0000000091b00000| Complete 
|  12|0x0000000091c00000, 0x0000000091d00000, 0x0000000091d00000|100%|HC|  |TAMS 0x0000000091d00000, 0x0000000091c00000| Complete 
|  13|0x0000000091d00000, 0x0000000091e00000, 0x0000000091e00000|100%|HC|  |TAMS 0x0000000091e00000, 0x0000000091d00000| Complete 
|  14|0x0000000091e00000, 0x0000000091f00000, 0x0000000091f00000|100%|HC|  |TAMS 0x0000000091f00000, 0x0000000091e00000| Complete 
|  15|0x0000000091f00000, 0x0000000092000000, 0x0000000092000000|100%|HC|  |TAMS 0x0000000092000000, 0x0000000091f00000| Complete 
|  16|0x0000000092000000, 0x0000000092100000, 0x0000000092100000|100%|HC|  |TAMS 0x0000000092100000, 0x0000000092000000| Complete 
|  17|0x0000000092100000, 0x0000000092200000, 0x0000000092200000|100%|HC|  |TAMS 0x0000000092200000, 0x0000000092100000| Complete 
|  18|0x0000000092200000, 0x0000000092300000, 0x0000000092300000|100%|HC|  |TAMS 0x0000000092300000, 0x0000000092200000| Complete 
|  19|0x0000000092300000, 0x0000000092400000, 0x0000000092400000|100%|HS|  |TAMS 0x0000000092300000, 0x0000000092300000| Complete 
|  20|0x0000000092400000, 0x0000000092500000, 0x0000000092500000|100%|HS|  |TAMS 0x0000000092500000, 0x0000000092400000| Complete 
|  21|0x0000000092500000, 0x0000000092600000, 0x0000000092600000|100%|HC|  |TAMS 0x0000000092600000, 0x0000000092500000| Complete 
|  22|0x0000000092600000, 0x0000000092700000, 0x0000000092700000|100%|HS|  |TAMS 0x0000000092700000, 0x0000000092600000| Complete 
|  23|0x0000000092700000, 0x0000000092800000, 0x0000000092800000|100%|HS|  |TAMS 0x0000000092700000, 0x0000000092700000| Complete 
|  24|0x0000000092800000, 0x0000000092900000, 0x0000000092900000|100%| O|  |TAMS 0x0000000092800000, 0x0000000092800000| Untracked 
|  25|0x0000000092900000, 0x0000000092976c00, 0x0000000092a00000| 46%| O|  |TAMS 0x0000000092900000, 0x0000000092900000| Untracked 
|  26|0x0000000092a00000, 0x0000000092b00000, 0x0000000092b00000|100%|HS|  |TAMS 0x0000000092a00000, 0x0000000092a00000| Complete 
|  27|0x0000000092b00000, 0x0000000092c00000, 0x0000000092c00000|100%|HS|  |TAMS 0x0000000092b00000, 0x0000000092b00000| Complete 
|  28|0x0000000092c00000, 0x0000000092d00000, 0x0000000092d00000|100%|HS|  |TAMS 0x0000000092c00000, 0x0000000092c00000| Complete 
|  29|0x0000000092d00000, 0x0000000092e00000, 0x0000000092e00000|100%|HS|  |TAMS 0x0000000092d00000, 0x0000000092d00000| Complete 
|  30|0x0000000092e00000, 0x0000000092e00000, 0x0000000092f00000|  0%| F|  |TAMS 0x0000000092e00000, 0x0000000092e00000| Untracked 
|  31|0x0000000092f00000, 0x0000000092f00000, 0x0000000093000000|  0%| F|  |TAMS 0x0000000092f00000, 0x0000000092f00000| Untracked 
|  32|0x0000000093000000, 0x0000000093000000, 0x0000000093100000|  0%| F|  |TAMS 0x0000000093000000, 0x0000000093000000| Untracked 
|  33|0x0000000093100000, 0x0000000093100000, 0x0000000093200000|  0%| F|  |TAMS 0x0000000093100000, 0x0000000093100000| Untracked 
|  34|0x0000000093200000, 0x0000000093200000, 0x0000000093300000|  0%| F|  |TAMS 0x0000000093200000, 0x0000000093200000| Untracked 
|  35|0x0000000093300000, 0x0000000093300000, 0x0000000093400000|  0%| F|  |TAMS 0x0000000093300000, 0x0000000093300000| Untracked 
|  36|0x0000000093400000, 0x0000000093400000, 0x0000000093500000|  0%| F|  |TAMS 0x0000000093400000, 0x0000000093400000| Untracked 
|  37|0x0000000093500000, 0x0000000093500000, 0x0000000093600000|  0%| F|  |TAMS 0x0000000093500000, 0x0000000093500000| Untracked 
|  38|0x0000000093600000, 0x0000000093600000, 0x0000000093700000|  0%| F|  |TAMS 0x0000000093600000, 0x0000000093600000| Untracked 
|  39|0x0000000093700000, 0x0000000093700000, 0x0000000093800000|  0%| F|  |TAMS 0x0000000093700000, 0x0000000093700000| Untracked 
|  40|0x0000000093800000, 0x0000000093800000, 0x0000000093900000|  0%| F|  |TAMS 0x0000000093800000, 0x0000000093800000| Untracked 
|  41|0x0000000093900000, 0x0000000093900000, 0x0000000093a00000|  0%| F|  |TAMS 0x0000000093900000, 0x0000000093900000| Untracked 
|  42|0x0000000093a00000, 0x0000000093a00000, 0x0000000093b00000|  0%| F|  |TAMS 0x0000000093a00000, 0x0000000093a00000| Untracked 
|  43|0x0000000093b00000, 0x0000000093c00000, 0x0000000093c00000|100%| S|CS|TAMS 0x0000000093b00000, 0x0000000093b00000| Complete 
|  44|0x0000000093c00000, 0x0000000093d00000, 0x0000000093d00000|100%| S|CS|TAMS 0x0000000093c00000, 0x0000000093c00000| Complete 
|  45|0x0000000093d00000, 0x0000000093e00000, 0x0000000093e00000|100%| S|CS|TAMS 0x0000000093d00000, 0x0000000093d00000| Complete 
|  46|0x0000000093e00000, 0x0000000093f00000, 0x0000000093f00000|100%| S|CS|TAMS 0x0000000093e00000, 0x0000000093e00000| Complete 
|  47|0x0000000093f00000, 0x0000000094000000, 0x0000000094000000|100%| S|CS|TAMS 0x0000000093f00000, 0x0000000093f00000| Complete 
|  48|0x0000000094000000, 0x0000000094100000, 0x0000000094100000|100%| S|CS|TAMS 0x0000000094000000, 0x0000000094000000| Complete 
|  49|0x0000000094100000, 0x0000000094200000, 0x0000000094200000|100%| S|CS|TAMS 0x0000000094100000, 0x0000000094100000| Complete 
|  50|0x0000000094200000, 0x0000000094300000, 0x0000000094300000|100%| S|CS|TAMS 0x0000000094200000, 0x0000000094200000| Complete 
|  51|0x0000000094300000, 0x0000000094400000, 0x0000000094400000|100%| S|CS|TAMS 0x0000000094300000, 0x0000000094300000| Complete 
|  52|0x0000000094400000, 0x0000000094400000, 0x0000000094500000|  0%| F|  |TAMS 0x0000000094400000, 0x0000000094400000| Untracked 
|  53|0x0000000094500000, 0x0000000094500000, 0x0000000094600000|  0%| F|  |TAMS 0x0000000094500000, 0x0000000094500000| Untracked 
|  54|0x0000000094600000, 0x0000000094600000, 0x0000000094700000|  0%| F|  |TAMS 0x0000000094600000, 0x0000000094600000| Untracked 
|  55|0x0000000094700000, 0x0000000094700000, 0x0000000094800000|  0%| F|  |TAMS 0x0000000094700000, 0x0000000094700000| Untracked 
|  56|0x0000000094800000, 0x0000000094800000, 0x0000000094900000|  0%| F|  |TAMS 0x0000000094800000, 0x0000000094800000| Untracked 
|  57|0x0000000094900000, 0x0000000094900000, 0x0000000094a00000|  0%| F|  |TAMS 0x0000000094900000, 0x0000000094900000| Untracked 
|  58|0x0000000094a00000, 0x0000000094a00000, 0x0000000094b00000|  0%| F|  |TAMS 0x0000000094a00000, 0x0000000094a00000| Untracked 
|  59|0x0000000094b00000, 0x0000000094b00000, 0x0000000094c00000|  0%| F|  |TAMS 0x0000000094b00000, 0x0000000094b00000| Untracked 
|  60|0x0000000094c00000, 0x0000000094c00000, 0x0000000094d00000|  0%| F|  |TAMS 0x0000000094c00000, 0x0000000094c00000| Untracked 
|  61|0x0000000094d00000, 0x0000000094d00000, 0x0000000094e00000|  0%| F|  |TAMS 0x0000000094d00000, 0x0000000094d00000| Untracked 
|  62|0x0000000094e00000, 0x0000000094e00000, 0x0000000094f00000|  0%| F|  |TAMS 0x0000000094e00000, 0x0000000094e00000| Untracked 
|  63|0x0000000094f00000, 0x0000000094f00000, 0x0000000095000000|  0%| F|  |TAMS 0x0000000094f00000, 0x0000000094f00000| Untracked 
|  64|0x0000000095000000, 0x0000000095000000, 0x0000000095100000|  0%| F|  |TAMS 0x0000000095000000, 0x0000000095000000| Untracked 
|  65|0x0000000095100000, 0x0000000095100000, 0x0000000095200000|  0%| F|  |TAMS 0x0000000095100000, 0x0000000095100000| Untracked 
|  66|0x0000000095200000, 0x0000000095200000, 0x0000000095300000|  0%| F|  |TAMS 0x0000000095200000, 0x0000000095200000| Untracked 
|  67|0x0000000095300000, 0x0000000095300000, 0x0000000095400000|  0%| F|  |TAMS 0x0000000095300000, 0x0000000095300000| Untracked 
|  68|0x0000000095400000, 0x0000000095400000, 0x0000000095500000|  0%| F|  |TAMS 0x0000000095400000, 0x0000000095400000| Untracked 
|  69|0x0000000095500000, 0x0000000095500000, 0x0000000095600000|  0%| F|  |TAMS 0x0000000095500000, 0x0000000095500000| Untracked 
|  70|0x0000000095600000, 0x0000000095600000, 0x0000000095700000|  0%| F|  |TAMS 0x0000000095600000, 0x0000000095600000| Untracked 
|  71|0x0000000095700000, 0x0000000095700000, 0x0000000095800000|  0%| F|  |TAMS 0x0000000095700000, 0x0000000095700000| Untracked 
|  72|0x0000000095800000, 0x0000000095800000, 0x0000000095900000|  0%| F|  |TAMS 0x0000000095800000, 0x0000000095800000| Untracked 
|  73|0x0000000095900000, 0x0000000095900000, 0x0000000095a00000|  0%| F|  |TAMS 0x0000000095900000, 0x0000000095900000| Untracked 
|  74|0x0000000095a00000, 0x0000000095a00000, 0x0000000095b00000|  0%| F|  |TAMS 0x0000000095a00000, 0x0000000095a00000| Untracked 
|  75|0x0000000095b00000, 0x0000000095b00000, 0x0000000095c00000|  0%| F|  |TAMS 0x0000000095b00000, 0x0000000095b00000| Untracked 
|  76|0x0000000095c00000, 0x0000000095c00000, 0x0000000095d00000|  0%| F|  |TAMS 0x0000000095c00000, 0x0000000095c00000| Untracked 
|  77|0x0000000095d00000, 0x0000000095d00000, 0x0000000095e00000|  0%| F|  |TAMS 0x0000000095d00000, 0x0000000095d00000| Untracked 
|  78|0x0000000095e00000, 0x0000000095e00000, 0x0000000095f00000|  0%| F|  |TAMS 0x0000000095e00000, 0x0000000095e00000| Untracked 
|  79|0x0000000095f00000, 0x0000000095f00000, 0x0000000096000000|  0%| F|  |TAMS 0x0000000095f00000, 0x0000000095f00000| Untracked 
|  80|0x0000000096000000, 0x0000000096000000, 0x0000000096100000|  0%| F|  |TAMS 0x0000000096000000, 0x0000000096000000| Untracked 
|  81|0x0000000096100000, 0x0000000096100000, 0x0000000096200000|  0%| F|  |TAMS 0x0000000096100000, 0x0000000096100000| Untracked 
|  82|0x0000000096200000, 0x0000000096273380, 0x0000000096300000| 45%| E|  |TAMS 0x0000000096200000, 0x0000000096200000| Complete 
|  83|0x0000000096300000, 0x0000000096400000, 0x0000000096400000|100%| E|CS|TAMS 0x0000000096300000, 0x0000000096300000| Complete 
|  84|0x0000000096400000, 0x0000000096500000, 0x0000000096500000|100%| E|CS|TAMS 0x0000000096400000, 0x0000000096400000| Complete 
|  85|0x0000000096500000, 0x0000000096600000, 0x0000000096600000|100%| E|CS|TAMS 0x0000000096500000, 0x0000000096500000| Complete 
|  86|0x0000000096600000, 0x0000000096700000, 0x0000000096700000|100%| E|CS|TAMS 0x0000000096600000, 0x0000000096600000| Complete 
|  87|0x0000000096700000, 0x0000000096800000, 0x0000000096800000|100%| E|CS|TAMS 0x0000000096700000, 0x0000000096700000| Complete 
|  88|0x0000000096800000, 0x0000000096900000, 0x0000000096900000|100%| E|CS|TAMS 0x0000000096800000, 0x0000000096800000| Complete 
|  89|0x0000000096900000, 0x0000000096a00000, 0x0000000096a00000|100%| E|CS|TAMS 0x0000000096900000, 0x0000000096900000| Complete 
|  90|0x0000000096a00000, 0x0000000096b00000, 0x0000000096b00000|100%| E|CS|TAMS 0x0000000096a00000, 0x0000000096a00000| Complete 
|  91|0x0000000096b00000, 0x0000000096c00000, 0x0000000096c00000|100%| E|CS|TAMS 0x0000000096b00000, 0x0000000096b00000| Complete 
|  92|0x0000000096c00000, 0x0000000096d00000, 0x0000000096d00000|100%| E|CS|TAMS 0x0000000096c00000, 0x0000000096c00000| Complete 
|  93|0x0000000096d00000, 0x0000000096e00000, 0x0000000096e00000|100%| E|CS|TAMS 0x0000000096d00000, 0x0000000096d00000| Complete 
|  94|0x0000000096e00000, 0x0000000096f00000, 0x0000000096f00000|100%| E|CS|TAMS 0x0000000096e00000, 0x0000000096e00000| Complete 
|  95|0x0000000096f00000, 0x0000000097000000, 0x0000000097000000|100%| E|CS|TAMS 0x0000000096f00000, 0x0000000096f00000| Complete 
|  96|0x0000000097000000, 0x0000000097100000, 0x0000000097100000|100%| E|CS|TAMS 0x0000000097000000, 0x0000000097000000| Complete 
|  97|0x0000000097100000, 0x0000000097200000, 0x0000000097200000|100%| E|CS|TAMS 0x0000000097100000, 0x0000000097100000| Complete 
|  98|0x0000000097200000, 0x0000000097300000, 0x0000000097300000|100%| E|CS|TAMS 0x0000000097200000, 0x0000000097200000| Complete 
|  99|0x0000000097300000, 0x0000000097400000, 0x0000000097400000|100%| E|CS|TAMS 0x0000000097300000, 0x0000000097300000| Complete 
| 100|0x0000000097400000, 0x0000000097500000, 0x0000000097500000|100%| E|CS|TAMS 0x0000000097400000, 0x0000000097400000| Complete 
| 101|0x0000000097500000, 0x0000000097600000, 0x0000000097600000|100%| E|CS|TAMS 0x0000000097500000, 0x0000000097500000| Complete 
| 102|0x0000000097600000, 0x0000000097700000, 0x0000000097700000|100%| E|CS|TAMS 0x0000000097600000, 0x0000000097600000| Complete 
| 103|0x0000000097700000, 0x0000000097800000, 0x0000000097800000|100%| E|CS|TAMS 0x0000000097700000, 0x0000000097700000| Complete 
| 104|0x0000000097800000, 0x0000000097900000, 0x0000000097900000|100%| E|CS|TAMS 0x0000000097800000, 0x0000000097800000| Complete 
| 105|0x0000000097900000, 0x0000000097a00000, 0x0000000097a00000|100%| E|CS|TAMS 0x0000000097900000, 0x0000000097900000| Complete 
| 106|0x0000000097a00000, 0x0000000097b00000, 0x0000000097b00000|100%| E|CS|TAMS 0x0000000097a00000, 0x0000000097a00000| Complete 
| 107|0x0000000097b00000, 0x0000000097c00000, 0x0000000097c00000|100%| E|CS|TAMS 0x0000000097b00000, 0x0000000097b00000| Complete 
| 108|0x0000000097c00000, 0x0000000097d00000, 0x0000000097d00000|100%| E|  |TAMS 0x0000000097c00000, 0x0000000097c00000| Complete 
| 109|0x0000000097d00000, 0x0000000097e00000, 0x0000000097e00000|100%| E|CS|TAMS 0x0000000097d00000, 0x0000000097d00000| Complete 
| 110|0x0000000097e00000, 0x0000000097f00000, 0x0000000097f00000|100%| E|CS|TAMS 0x0000000097e00000, 0x0000000097e00000| Complete 
| 111|0x0000000097f00000, 0x0000000098000000, 0x0000000098000000|100%| E|CS|TAMS 0x0000000097f00000, 0x0000000097f00000| Complete 

Card table byte_map: [0x0000022bfbd00000,0x0000022bfc080000] _byte_map_base: 0x0000022bfb878000

Marking Bits (Prev, Next): (CMBitMap*) 0x0000022be4b70240, (CMBitMap*) 0x0000022be4b70200
 Prev Bits: [0x0000022bfdfc0000, 0x0000022bffb80000)
 Next Bits: [0x0000022bfc400000, 0x0000022bfdfc0000)

Polling page: 0x0000022be42d0000

Metaspace:

Usage:
  Non-class:     18.52 MB used.
      Class:      3.12 MB used.
       Both:     21.64 MB used.

Virtual space:
  Non-class space:       64.00 MB reserved,      18.69 MB ( 29%) committed,  1 nodes.
      Class space:        1.00 GB reserved,       3.31 MB ( <1%) committed,  1 nodes.
             Both:        1.06 GB reserved,      22.00 MB (  2%) committed. 

Chunk freelists:
   Non-Class:  13.09 MB
       Class:  12.52 MB
        Both:  25.61 MB

MaxMetaspaceSize: unlimited
CompressedClassSpaceSize: 1.00 GB
Initial GC threshold: 21.00 MB
Current GC threshold: 35.12 MB
CDS: on
MetaspaceReclaimPolicy: balanced
 - commit_granule_bytes: 65536.
 - commit_granule_words: 8192.
 - virtual_space_node_default_size: 8388608.
 - enlarge_chunks_in_place: 1.
 - new_chunks_are_fully_committed: 0.
 - uncommit_free_chunks: 1.
 - use_allocation_guard: 0.
 - handle_deallocations: 1.


Internal statistics:

num_allocs_failed_limit: 3.
num_arena_births: 430.
num_arena_deaths: 0.
num_vsnodes_births: 2.
num_vsnodes_deaths: 0.
num_space_committed: 352.
num_space_uncommitted: 0.
num_chunks_returned_to_freelist: 3.
num_chunks_taken_from_freelist: 1274.
num_chunk_merges: 3.
num_chunk_splits: 840.
num_chunks_enlarged: 567.
num_inconsistent_stats: 0.

CodeHeap 'non-profiled nmethods': size=120000Kb used=3338Kb max_used=3429Kb free=116661Kb
 bounds [0x0000022bf4120000, 0x0000022bf4490000, 0x0000022bfb650000]
CodeHeap 'profiled nmethods': size=120000Kb used=10524Kb max_used=11682Kb free=109476Kb
 bounds [0x0000022bec650000, 0x0000022bed1e0000, 0x0000022bf3b80000]
CodeHeap 'non-nmethods': size=5760Kb used=1528Kb max_used=1618Kb free=4231Kb
 bounds [0x0000022bf3b80000, 0x0000022bf3df0000, 0x0000022bf4120000]
 total_blobs=5774 nmethods=4948 adapters=736
 compilation: enabled
              stopped_count=0, restarted_count=0
 full_count=0

Compilation events (20 events):
Event: 68.238 Thread 0x0000022b825d8570 nmethod 5754 0x0000022bf435bd10 code [0x0000022bf435be80, 0x0000022bf435bf38]
Event: 68.238 Thread 0x0000022b825d8570 5755       4       java.util.LinkedList::add (7 bytes)
Event: 68.244 Thread 0x0000022b825d8570 nmethod 5755 0x0000022bf424bd10 code [0x0000022bf424bea0, 0x0000022bf424c218]
Event: 68.259 Thread 0x0000022b825d8570 5756       4       com.sun.javafx.css.SelectorPartitioning::match (696 bytes)
Event: 68.270 Thread 0x0000022b825df9a0 5757       3       java.util.ResourceBundle::getBundleImpl (334 bytes)
Event: 68.273 Thread 0x0000022b825df9a0 nmethod 5757 0x0000022bec84a290 code [0x0000022bec84a680, 0x0000022bec84c4d8]
Event: 68.273 Thread 0x0000022b825df9a0 5758       3       javafx.beans.property.StringPropertyBase::invalidated (1 bytes)
Event: 68.273 Thread 0x0000022b825df9a0 nmethod 5758 0x0000022bec8dec90 code [0x0000022bec8dee20, 0x0000022bec8def38]
Event: 68.296 Thread 0x0000022b825df9a0 5760       1       javafx.scene.input.KeyCode::getName (5 bytes)
Event: 68.296 Thread 0x0000022b825df9a0 nmethod 5760 0x0000022bf435b790 code [0x0000022bf435b920, 0x0000022bf435b9f8]
Event: 68.299 Thread 0x0000022b825df9a0 5761       3       jdk.internal.icu.text.BidiBase::IsDefaultLevel (15 bytes)
Event: 68.299 Thread 0x0000022b825df9a0 nmethod 5761 0x0000022bec8f0d90 code [0x0000022bec8f0f20, 0x0000022bec8f1058]
Event: 68.299 Thread 0x0000022b825df9a0 5762   !   3       jdk.internal.icu.text.BidiBase::getMemory (92 bytes)
Event: 68.302 Thread 0x0000022b825df9a0 nmethod 5762 0x0000022becbf9e90 code [0x0000022becbfa1a0, 0x0000022becbfaf58]
Event: 68.302 Thread 0x0000022b825df9a0 5763       3       javafx.scene.text.Text::needsFullTextLayout (44 bytes)
Event: 68.303 Thread 0x0000022b825df9a0 nmethod 5763 0x0000022bec94a810 code [0x0000022bec94aac0, 0x0000022bec94b858]
Event: 68.309 Thread 0x0000022b825df9a0 5764       1       com.sun.glass.ui.Window::getRawHandle (5 bytes)
Event: 68.310 Thread 0x0000022b825df9a0 nmethod 5764 0x0000022bf424ba10 code [0x0000022bf424bba0, 0x0000022bf424bc78]
Event: 68.325 Thread 0x0000022b825df9a0 5765       3       javafx.scene.Node$FocusWithinProperty::adjust (27 bytes)
Event: 68.326 Thread 0x0000022b825df9a0 nmethod 5765 0x0000022becc56e90 code [0x0000022becc57020, 0x0000022becc57238]

GC Heap History (6 events):
Event: 1.114 GC heap before
{Heap before GC invocations=0 (full 0):
 garbage-first heap   total 114688K, used 23552K [0x0000000091000000, 0x0000000100000000)
  region size 1024K, 23 young (23552K), 0 survivors (0K)
 Metaspace       used 4577K, committed 4800K, reserved 1114112K
  class space    used 513K, committed 640K, reserved 1048576K
}
Event: 1.118 GC heap after
{Heap after GC invocations=1 (full 0):
 garbage-first heap   total 114688K, used 2986K [0x0000000091000000, 0x0000000100000000)
  region size 1024K, 3 young (3072K), 3 survivors (3072K)
 Metaspace       used 4577K, committed 4800K, reserved 1114112K
  class space    used 513K, committed 640K, reserved 1048576K
}
Event: 4.456 GC heap before
{Heap before GC invocations=1 (full 0):
 garbage-first heap   total 114688K, used 38826K [0x0000000091000000, 0x0000000100000000)
  region size 1024K, 36 young (36864K), 3 survivors (3072K)
 Metaspace       used 10793K, committed 11008K, reserved 1114112K
  class space    used 1427K, committed 1536K, reserved 1048576K
}
Event: 4.465 GC heap after
{Heap after GC invocations=2 (full 0):
 garbage-first heap   total 114688K, used 8245K [0x0000000091000000, 0x0000000100000000)
  region size 1024K, 4 young (4096K), 4 survivors (4096K)
 Metaspace       used 10793K, committed 11008K, reserved 1114112K
  class space    used 1427K, committed 1536K, reserved 1048576K
}
Event: 13.429 GC heap before
{Heap before GC invocations=2 (full 0):
 garbage-first heap   total 114688K, used 84021K [0x0000000091000000, 0x0000000100000000)
  region size 1024K, 60 young (61440K), 4 survivors (4096K)
 Metaspace       used 21254K, committed 21504K, reserved 1114112K
  class space    used 3096K, committed 3264K, reserved 1048576K
}
Event: 13.445 GC heap after
{Heap after GC invocations=3 (full 0):
 garbage-first heap   total 114688K, used 33243K [0x0000000091000000, 0x0000000100000000)
  region size 1024K, 9 young (9216K), 9 survivors (9216K)
 Metaspace       used 21254K, committed 21504K, reserved 1114112K
  class space    used 3096K, committed 3264K, reserved 1048576K
}

Dll operation events (20 events):
Event: 0.650 Loaded shared library D:\Proyecto Terminal\openjfx-22.0.1_windows-x64_bin-sdk\javafx-sdk-22.0.1\bin\api-ms-win-crt-math-l1-1-0.dll
Event: 0.653 Loaded shared library D:\Proyecto Terminal\openjfx-22.0.1_windows-x64_bin-sdk\javafx-sdk-22.0.1\bin\api-ms-win-crt-multibyte-l1-1-0.dll
Event: 0.655 Loaded shared library D:\Proyecto Terminal\openjfx-22.0.1_windows-x64_bin-sdk\javafx-sdk-22.0.1\bin\api-ms-win-crt-private-l1-1-0.dll
Event: 0.657 Loaded shared library D:\Proyecto Terminal\openjfx-22.0.1_windows-x64_bin-sdk\javafx-sdk-22.0.1\bin\api-ms-win-crt-process-l1-1-0.dll
Event: 0.660 Loaded shared library D:\Proyecto Terminal\openjfx-22.0.1_windows-x64_bin-sdk\javafx-sdk-22.0.1\bin\api-ms-win-crt-runtime-l1-1-0.dll
Event: 0.662 Loaded shared library D:\Proyecto Terminal\openjfx-22.0.1_windows-x64_bin-sdk\javafx-sdk-22.0.1\bin\api-ms-win-crt-stdio-l1-1-0.dll
Event: 0.665 Loaded shared library D:\Proyecto Terminal\openjfx-22.0.1_windows-x64_bin-sdk\javafx-sdk-22.0.1\bin\api-ms-win-crt-string-l1-1-0.dll
Event: 0.667 Loaded shared library D:\Proyecto Terminal\openjfx-22.0.1_windows-x64_bin-sdk\javafx-sdk-22.0.1\bin\api-ms-win-crt-time-l1-1-0.dll
Event: 0.670 Loaded shared library D:\Proyecto Terminal\openjfx-22.0.1_windows-x64_bin-sdk\javafx-sdk-22.0.1\bin\api-ms-win-crt-utility-l1-1-0.dll
Event: 0.673 Loaded shared library D:\Proyecto Terminal\openjfx-22.0.1_windows-x64_bin-sdk\javafx-sdk-22.0.1\bin\ucrtbase.dll
Event: 0.675 Loaded shared library D:\Proyecto Terminal\openjfx-22.0.1_windows-x64_bin-sdk\javafx-sdk-22.0.1\bin\vcruntime140.dll
Event: 0.678 Loaded shared library D:\Proyecto Terminal\openjfx-22.0.1_windows-x64_bin-sdk\javafx-sdk-22.0.1\bin\vcruntime140_1.dll
Event: 0.680 Loaded shared library D:\Proyecto Terminal\openjfx-22.0.1_windows-x64_bin-sdk\javafx-sdk-22.0.1\bin\msvcp140.dll
Event: 0.681 Loaded shared library D:\Proyecto Terminal\openjfx-22.0.1_windows-x64_bin-sdk\javafx-sdk-22.0.1\bin\msvcp140_1.dll
Event: 0.683 Loaded shared library D:\Proyecto Terminal\openjfx-22.0.1_windows-x64_bin-sdk\javafx-sdk-22.0.1\bin\msvcp140_2.dll
Event: 0.748 Loaded shared library D:\Proyecto Terminal\openjfx-22.0.1_windows-x64_bin-sdk\javafx-sdk-22.0.1\bin\prism_d3d.dll
Event: 0.816 Loaded shared library D:\Proyecto Terminal\openjfx-22.0.1_windows-x64_bin-sdk\javafx-sdk-22.0.1\bin\glass.dll
Event: 1.045 Loaded shared library C:\Users\diego\.jdks\corretto-17.0.13\bin\jimage.dll
Event: 2.093 Loaded shared library D:\Proyecto Terminal\openjfx-22.0.1_windows-x64_bin-sdk\javafx-sdk-22.0.1\bin\javafx_font.dll
Event: 6.643 Loaded shared library D:\Proyecto Terminal\openjfx-22.0.1_windows-x64_bin-sdk\javafx-sdk-22.0.1\bin\javafx_iio.dll

Deoptimization events (20 events):
Event: 27.510 Thread 0x0000022bc945d270 Uncommon trap: trap_request=0xfffffff4 fr.pc=0x0000022bf432bbdc relative=0x0000000000000d5c
Event: 27.510 Thread 0x0000022bc945d270 Uncommon trap: reason=null_check action=make_not_entrant pc=0x0000022bf432bbdc method=javafx.scene.Node$MiscProperties.getEffect()Ljavafx/scene/effect/Effect; @ 20 c2
Event: 27.510 Thread 0x0000022bc945d270 DEOPT PACKING pc=0x0000022bf432bbdc sp=0x000000b5ea6f8c00
Event: 27.510 Thread 0x0000022bc945d270 DEOPT UNPACKING pc=0x0000022bf3bd69a3 sp=0x000000b5ea6f8b08 mode 2
Event: 27.511 Thread 0x0000022bc945d270 Uncommon trap: trap_request=0xfffffff4 fr.pc=0x0000022bf436b8c4 relative=0x0000000000000124
Event: 27.511 Thread 0x0000022bc945d270 Uncommon trap: reason=null_check action=make_not_entrant pc=0x0000022bf436b8c4 method=javafx.scene.Node$MiscProperties.getEffect()Ljavafx/scene/effect/Effect; @ 20 c2
Event: 27.511 Thread 0x0000022bc945d270 DEOPT PACKING pc=0x0000022bf436b8c4 sp=0x000000b5ea6f7e40
Event: 27.511 Thread 0x0000022bc945d270 DEOPT UNPACKING pc=0x0000022bf3bd69a3 sp=0x000000b5ea6f7d90 mode 2
Event: 27.513 Thread 0x0000022bc945d270 Uncommon trap: trap_request=0xffffff45 fr.pc=0x0000022bf430d604 relative=0x00000000000000e4
Event: 27.513 Thread 0x0000022bc945d270 Uncommon trap: reason=unstable_if action=reinterpret pc=0x0000022bf430d604 method=com.sun.javafx.geom.RectBounds.isEmpty()Z @ 21 c2
Event: 27.513 Thread 0x0000022bc945d270 DEOPT PACKING pc=0x0000022bf430d604 sp=0x000000b5ea6f5220
Event: 27.513 Thread 0x0000022bc945d270 DEOPT UNPACKING pc=0x0000022bf3bd69a3 sp=0x000000b5ea6f5168 mode 2
Event: 27.545 Thread 0x0000022bc8872730 DEOPT PACKING pc=0x0000022bed1b2bae sp=0x000000b5ea2fcd40
Event: 27.545 Thread 0x0000022bc8872730 DEOPT UNPACKING pc=0x0000022bf3bd7143 sp=0x000000b5ea2fc200 mode 0
Event: 68.263 Thread 0x0000022bc945d270 DEOPT PACKING pc=0x0000022bed027f30 sp=0x000000b5ea6f8e80
Event: 68.263 Thread 0x0000022bc945d270 DEOPT UNPACKING pc=0x0000022bf3bd7143 sp=0x000000b5ea6f83b0 mode 0
Event: 68.344 Thread 0x0000022bc8872730 DEOPT PACKING pc=0x0000022becfc7444 sp=0x000000b5ea2fec80
Event: 68.344 Thread 0x0000022bc8872730 DEOPT UNPACKING pc=0x0000022bf3bd7143 sp=0x000000b5ea2fe1a8 mode 1
Event: 68.347 Thread 0x0000022bcf849e60 DEOPT PACKING pc=0x0000022bf42a40cc sp=0x000000b5e88ff1d0
Event: 68.347 Thread 0x0000022bcf849e60 DEOPT UNPACKING pc=0x0000022bf3bd7143 sp=0x000000b5e88fe5f0 mode 1

Classes loaded (20 events):
Event: 26.878 Loading class com/sun/javafx/tk/quantum/QuantumToolkit
Event: 26.878 Loading class com/sun/javafx/tk/quantum/QuantumToolkit done
Event: 26.878 Loading class com/sun/javafx/tk/quantum/QuantumToolkit
Event: 26.878 Loading class com/sun/javafx/tk/quantum/QuantumToolkit done
Event: 26.879 Loading class com/sun/javafx/tk/RenderJob
Event: 26.879 Loading class com/sun/javafx/tk/RenderJob done
Event: 26.888 Loading class com/sun/javafx/tk/quantum/SceneState
Event: 26.888 Loading class com/sun/javafx/tk/quantum/SceneState done
Event: 26.888 Loading class com/sun/prism/PixelSource
Event: 26.888 Loading class com/sun/prism/PixelSource done
Event: 29.006 Loading class com/intellij/rt/debugger/BatchEvaluatorServer
Event: 29.006 Loading class com/intellij/rt/debugger/BatchEvaluatorServer done
Event: 63.278 Loading class java/io/DataOutputStream
Event: 63.279 Loading class java/io/DataOutputStream done
Event: 68.341 Loading class jdk/internal/misc/Signal$1
Event: 68.341 Loading class jdk/internal/misc/Signal$1 done
Event: 68.343 Loading class com/sun/javafx/tk/quantum/QuantumRenderer
Event: 68.343 Loading class com/sun/javafx/tk/quantum/QuantumRenderer done
Event: 68.344 Loading class com/sun/javafx/tk/quantum/QuantumToolkit
Event: 68.344 Loading class com/sun/javafx/tk/quantum/QuantumToolkit done

Classes unloaded (0 events):
No events

Classes redefined (0 events):
No events

Internal exceptions (20 events):
Event: 6.554 Thread 0x0000022bc945d270 Exception <a 'java/lang/NoSuchMethodError'{0x0000000095f76a00}: 'java.lang.Object java.lang.invoke.Invokers$Holder.linkToTargetMethod(java.lang.Object, java.lang.Object, int, int, int, int, int, java.lang.Object)'> (0x0000000095f76a00) 
thrown [s\src\hotspot\share\interpreter\linkResolver.cpp, line 759]
Event: 6.559 Thread 0x0000022bc945d270 Exception <a 'java/lang/NoSuchMethodError'{0x0000000095f92530}: 'long java.lang.invoke.DirectMethodHandle$Holder.invokeStatic(java.lang.Object, java.lang.Object, java.lang.Object)'> (0x0000000095f92530) 
thrown [s\src\hotspot\share\interpreter\linkResolver.cpp, line 759]
Event: 6.560 Thread 0x0000022bc945d270 Exception <a 'java/lang/NoSuchMethodError'{0x0000000095f95cd8}: 'long java.lang.invoke.DirectMethodHandle$Holder.invokeStaticInit(java.lang.Object, java.lang.Object, java.lang.Object)'> (0x0000000095f95cd8) 
thrown [s\src\hotspot\share\interpreter\linkResolver.cpp, line 759]
Event: 6.566 Thread 0x0000022bc945d270 Exception <a 'java/lang/NoSuchMethodError'{0x0000000095fad858}: 'java.lang.Object java.lang.invoke.DirectMethodHandle$Holder.newInvokeSpecial(java.lang.Object, java.lang.Object, long)'> (0x0000000095fad858) 
thrown [s\src\hotspot\share\interpreter\linkResolver.cpp, line 759]
Event: 6.567 Thread 0x0000022bc945d270 Exception <a 'java/lang/NoSuchMethodError'{0x0000000095fb13c8}: 'java.lang.Object java.lang.invoke.Invokers$Holder.linkToTargetMethod(java.lang.Object, long, java.lang.Object)'> (0x0000000095fb13c8) 
thrown [s\src\hotspot\share\interpreter\linkResolver.cpp, line 759]
Event: 6.877 Thread 0x0000022bc945d270 Exception <a 'java/lang/ClassNotFoundException'{0x000000009547f588}: com/sun/javafx/scene/control/skin/resources/controls> (0x000000009547f588) 
thrown [s\src\hotspot\share\prims\jni.cpp, line 535]
Event: 6.878 Thread 0x0000022bc945d270 Exception <a 'java/lang/ClassNotFoundException'{0x000000009548e190}: com/sun/javafx/scene/control/skin/resources/controls_es> (0x000000009548e190) 
thrown [s\src\hotspot\share\prims\jni.cpp, line 535]
Event: 6.880 Thread 0x0000022bc945d270 Exception <a 'java/lang/ClassNotFoundException'{0x000000009549c370}: com/sun/javafx/scene/control/skin/resources/controls_es_MX> (0x000000009549c370) 
thrown [s\src\hotspot\share\prims\jni.cpp, line 535]
Event: 6.945 Thread 0x0000022bc945d270 Exception <a 'java/lang/NoSuchMethodError'{0x0000000095228070}: 'int java.lang.invoke.DirectMethodHandle$Holder.invokeSpecial(java.lang.Object, java.lang.Object, int)'> (0x0000000095228070) 
thrown [s\src\hotspot\share\interpreter\linkResolver.cpp, line 759]
Event: 7.213 Thread 0x0000022bc945d270 Exception <a 'java/lang/NoSuchMethodError'{0x0000000094c40620}: 'void java.lang.invoke.DirectMethodHandle$Holder.invokeVirtual(java.lang.Object, java.lang.Object)'> (0x0000000094c40620) 
thrown [s\src\hotspot\share\interpreter\linkResolver.cpp, line 759]
Event: 13.456 Thread 0x0000022bc945d270 Implicit null exception at 0x0000022bf434ef55 to 0x0000022bf434f05c
Event: 14.199 Thread 0x0000022bc945d270 Implicit null exception at 0x0000022bf431987e to 0x0000022bf4319910
Event: 19.105 Thread 0x0000022bc8872730 Implicit null exception at 0x0000022bf4347023 to 0x0000022bf43478c5
Event: 27.510 Thread 0x0000022bc945d270 Implicit null exception at 0x0000022bf432af1c to 0x0000022bf432bbb4
Event: 27.511 Thread 0x0000022bc945d270 Implicit null exception at 0x0000022bf436b822 to 0x0000022bf436b8b0
Event: 63.289 Thread 0x0000022bc945d270 Exception <a 'java/lang/NoSuchMethodError'{0x00000000965ed9a8}: 'java.lang.Object java.lang.invoke.DirectMethodHandle$Holder.invokeSpecial(java.lang.Object, java.lang.Object, long, java.lang.Object, int, int, java.lang.Object, int, java.lang.Object)'> (0x00000000965ed9a8) 
thrown [s\src\hotspot\share\interpreter\linkResolver.cpp, line 759]
Event: 63.290 Thread 0x0000022bc945d270 Exception <a 'java/lang/NoSuchMethodError'{0x00000000965f1c08}: 'java.lang.Object java.lang.invoke.DelegatingMethodHandle$Holder.reinvoke_L(java.lang.Object, long, java.lang.Object, int, int, java.lang.Object, int, java.lang.Object)'> (0x00000000965f1c08) 
thrown [s\src\hotspot\share\interpreter\linkResolver.cpp, line 759]
Event: 63.308 Thread 0x0000022bc945d270 Exception <a 'java/lang/NoSuchMethodError'{0x000000009644f600}: 'java.lang.Object java.lang.invoke.DelegatingMethodHandle$Holder.reinvoke_L(java.lang.Object, java.lang.Object, long, java.lang.Object, int, java.lang.Object, java.lang.Object, java.lang.Object, java.lang.Object, java.lang.Object, java.lang.Object, java.lang.Object, java.lang.Object, int, int)'> (0x000000009644f600) 
thrown [s\src\hotspot\share\interpreter\linkResolver.cpp, line 759]
Event: 63.321 Thread 0x0000022bc945d270 Exception <a 'java/lang/NoSuchMethodError'{0x0000000096494560}: 'java.lang.Object java.lang.invoke.DirectMethodHandle$Holder.invokeSpecial(java.lang.Object, java.lang.Object, long, java.lang.Object, int, java.lang.Object, java.lang.Object, java.lang.Object, java.lang.Object, java.lang.Object, java.lang.Object, java.lang.Object, java.lang.Object, int, int)'> (0x0000000096494560) 
thrown [s\src\hotspot\share\interpreter\linkResolver.cpp, line 759]
Event: 63.322 Thread 0x0000022bc945d270 Exception <a 'java/lang/NoSuchMethodError'{0x0000000096499118}: 'java.lang.Object java.lang.invoke.DelegatingMethodHandle$Holder.reinvoke_L(java.lang.Object, long, java.lang.Object, int, java.lang.Object, java.lang.Object, java.lang.Object, java.lang.Object, java.lang.Object, java.lang.Object, java.lang.Object, java.lang.Object, int, int)'> (0x0000000096499118) 
thrown [s\src\hotspot\share\interpreter\linkResolver.cpp, line 759]

VM Operations (20 events):
Event: 63.447 Executing VM operation: get/set locals done
Event: 63.447 Executing VM operation: get/set locals
Event: 63.448 Executing VM operation: get/set locals done
Event: 63.448 Executing VM operation: get/set locals
Event: 63.448 Executing VM operation: get/set locals done
Event: 63.448 Executing VM operation: get/set locals
Event: 63.449 Executing VM operation: get/set locals done
Event: 63.449 Executing VM operation: get/set locals
Event: 63.450 Executing VM operation: get/set locals done
Event: 63.450 Executing VM operation: get/set locals
Event: 63.451 Executing VM operation: get/set locals done
Event: 68.225 Executing VM operation: ChangeBreakpoints
Event: 68.225 Executing VM operation: ChangeBreakpoints done
Event: 68.229 Executing VM operation: ChangeBreakpoints
Event: 68.229 Executing VM operation: ChangeBreakpoints done
Event: 68.230 Executing VM operation: ChangeBreakpoints
Event: 68.230 Executing VM operation: ChangeBreakpoints done
Event: 68.231 Executing VM operation: ChangeBreakpoints
Event: 68.231 Executing VM operation: ChangeBreakpoints done
Event: 68.347 Executing VM operation: Exit

Memory protections (0 events):
No events

Nmethod flushes (20 events):
Event: 24.031 Thread 0x0000022b825eb010 flushing  nmethod 0x0000022bece20610
Event: 24.031 Thread 0x0000022b825eb010 flushing  nmethod 0x0000022bece26b90
Event: 24.032 Thread 0x0000022b825eb010 flushing  nmethod 0x0000022bece36410
Event: 24.032 Thread 0x0000022b825eb010 flushing  nmethod 0x0000022bece69310
Event: 24.032 Thread 0x0000022b825eb010 flushing  nmethod 0x0000022bece8ac90
Event: 24.032 Thread 0x0000022b825eb010 flushing  nmethod 0x0000022becec9290
Event: 24.032 Thread 0x0000022b825eb010 flushing  nmethod 0x0000022beced3610
Event: 24.032 Thread 0x0000022b825eb010 flushing  nmethod 0x0000022becf3c510
Event: 24.033 Thread 0x0000022b825eb010 flushing  nmethod 0x0000022becfe4910
Event: 24.033 Thread 0x0000022b825eb010 flushing  nmethod 0x0000022becfff790
Event: 24.033 Thread 0x0000022b825eb010 flushing  nmethod 0x0000022bed00e410
Event: 24.033 Thread 0x0000022b825eb010 flushing osr nmethod 0x0000022bed02f390
Event: 24.033 Thread 0x0000022b825eb010 flushing  nmethod 0x0000022bed037510
Event: 24.033 Thread 0x0000022b825eb010 flushing  nmethod 0x0000022bed03f310
Event: 24.033 Thread 0x0000022b825eb010 flushing  nmethod 0x0000022bed052510
Event: 24.033 Thread 0x0000022b825eb010 flushing  nmethod 0x0000022bed052b10
Event: 24.033 Thread 0x0000022b825eb010 flushing osr nmethod 0x0000022bed053f10
Event: 24.034 Thread 0x0000022b825eb010 flushing  nmethod 0x0000022bed095210
Event: 24.034 Thread 0x0000022b825eb010 flushing  nmethod 0x0000022bed0f4f10
Event: 24.034 Thread 0x0000022b825eb010 flushing  nmethod 0x0000022bed100910

Events (20 events):
Event: 22.616 Thread 0x0000022bd1a5ea40 Thread exited: 0x0000022bd1a5ea40
Event: 22.842 Thread 0x0000022b825df9a0 Thread added: 0x0000022bd1a5bfc0
Event: 23.929 Thread 0x0000022bd1a5bfc0 Thread exited: 0x0000022bd1a5bfc0
Event: 24.607 Thread 0x0000022b825df9a0 Thread added: 0x0000022bd1a5bfc0
Event: 24.733 Thread 0x0000022bd1a5bfc0 Thread exited: 0x0000022bd1a5bfc0
Event: 26.010 Thread 0x0000022b825df9a0 Thread added: 0x0000022bd1a5cfb0
Event: 26.036 Thread 0x0000022b825df9a0 Thread added: 0x0000022bd1a58ff0
Event: 26.808 Thread 0x0000022bd1a58ff0 Thread exited: 0x0000022bd1a58ff0
Event: 26.810 Thread 0x0000022bd1a5cfb0 Thread exited: 0x0000022bd1a5cfb0
Event: 26.817 Thread 0x0000022b825df9a0 Thread added: 0x0000022bd1a5fa30
Event: 26.849 Thread 0x0000022b825df9a0 Thread added: 0x0000022bd1a5c510
Event: 27.496 Thread 0x0000022bd1a5fa30 Thread exited: 0x0000022bd1a5fa30
Event: 27.496 Thread 0x0000022bd1a5c510 Thread exited: 0x0000022bd1a5c510
Event: 68.225 Thread 0x0000022bc87e4be0 Thread exited: 0x0000022bc87e4be0
Event: 68.236 Thread 0x0000022b828807e0 Thread exited: 0x0000022b828807e0
Event: 68.341 Thread 0x0000022b825cbe30 Thread added: 0x0000022bcf848f30
Event: 68.342 Thread 0x0000022bcf848f30 Thread added: 0x0000022bcf849e60
Event: 68.342 Thread 0x0000022bcf848f30 Thread added: 0x0000022bcf848a20
Event: 68.343 Thread 0x0000022bcf848a20 Thread exited: 0x0000022bcf848a20
Event: 68.347 Thread 0x0000022bcf849e60 Thread exited: 0x0000022bcf849e60


Dynamic libraries:
0x00007ff60b2b0000 - 0x00007ff60b2be000 	C:\Users\diego\.jdks\corretto-17.0.13\bin\java.exe
0x00007ffe659d0000 - 0x00007ffe65be7000 	C:\Windows\SYSTEM32\ntdll.dll
0x00007ffe64980000 - 0x00007ffe64a44000 	C:\Windows\System32\KERNEL32.DLL
0x00007ffe62e90000 - 0x00007ffe63249000 	C:\Windows\System32\KERNELBASE.dll
0x00007ffe635d0000 - 0x00007ffe636e1000 	C:\Windows\System32\ucrtbase.dll
0x00007ffe5b8f0000 - 0x00007ffe5b907000 	C:\Users\diego\.jdks\corretto-17.0.13\bin\jli.dll
0x00007ffe5d8a0000 - 0x00007ffe5d8bb000 	C:\Users\diego\.jdks\corretto-17.0.13\bin\VCRUNTIME140.dll
0x00007ffe63940000 - 0x00007ffe63aee000 	C:\Windows\System32\USER32.dll
0x00007ffe632c0000 - 0x00007ffe632e6000 	C:\Windows\System32\win32u.dll
0x00007ffe64770000 - 0x00007ffe64799000 	C:\Windows\System32\GDI32.dll
0x00007ffe4a0b0000 - 0x00007ffe4a342000 	C:\Windows\WinSxS\amd64_microsoft.windows.common-controls_6595b64144ccf1df_6.0.22621.4391_none_2715d37f73803e96\COMCTL32.dll
0x00007ffe62cd0000 - 0x00007ffe62deb000 	C:\Windows\System32\gdi32full.dll
0x00007ffe658e0000 - 0x00007ffe65987000 	C:\Windows\System32\msvcrt.dll
0x00007ffe62df0000 - 0x00007ffe62e8a000 	C:\Windows\System32\msvcp_win.dll
0x00007ffe64af0000 - 0x00007ffe64b21000 	C:\Windows\System32\IMM32.DLL
0x00007ffe5d8d0000 - 0x00007ffe5d8dc000 	C:\Users\diego\.jdks\corretto-17.0.13\bin\vcruntime140_1.dll
0x00007ffe51fb0000 - 0x00007ffe5203d000 	C:\Users\diego\.jdks\corretto-17.0.13\bin\msvcp140.dll
0x00007ffe101e0000 - 0x00007ffe10e4c000 	C:\Users\diego\.jdks\corretto-17.0.13\bin\server\jvm.dll
0x00007ffe651c0000 - 0x00007ffe65272000 	C:\Windows\System32\ADVAPI32.dll
0x00007ffe65110000 - 0x00007ffe651b7000 	C:\Windows\System32\sechost.dll
0x00007ffe632f0000 - 0x00007ffe63318000 	C:\Windows\System32\bcrypt.dll
0x00007ffe64ff0000 - 0x00007ffe65104000 	C:\Windows\System32\RPCRT4.dll
0x00007ffe64a50000 - 0x00007ffe64ac1000 	C:\Windows\System32\WS2_32.dll
0x00007ffe62ba0000 - 0x00007ffe62bed000 	C:\Windows\SYSTEM32\POWRPROF.dll
0x00007ffe5f660000 - 0x00007ffe5f694000 	C:\Windows\SYSTEM32\WINMM.dll
0x00007ffe58af0000 - 0x00007ffe58afa000 	C:\Windows\SYSTEM32\VERSION.dll
0x00007ffe62b80000 - 0x00007ffe62b93000 	C:\Windows\SYSTEM32\UMPDC.dll
0x00007ffe61d10000 - 0x00007ffe61d28000 	C:\Windows\SYSTEM32\kernel.appcore.dll
0x00007ffe5cc20000 - 0x00007ffe5cc2a000 	C:\Users\diego\.jdks\corretto-17.0.13\bin\jimage.dll
0x00007ffe602e0000 - 0x00007ffe60512000 	C:\Windows\SYSTEM32\DBGHELP.DLL
0x00007ffe63af0000 - 0x00007ffe63e7f000 	C:\Windows\System32\combase.dll
0x00007ffe648a0000 - 0x00007ffe64977000 	C:\Windows\System32\OLEAUT32.dll
0x00007ffe37610000 - 0x00007ffe37642000 	C:\Windows\SYSTEM32\dbgcore.DLL
0x00007ffe63550000 - 0x00007ffe635cb000 	C:\Windows\System32\bcryptPrimitives.dll
0x00007ffe51f20000 - 0x00007ffe51f5b000 	C:\Users\diego\.jdks\corretto-17.0.13\bin\jdwp.dll
0x00007ffe5b8a0000 - 0x00007ffe5b8ae000 	C:\Users\diego\.jdks\corretto-17.0.13\bin\instrument.dll
0x00007ffe5b8b0000 - 0x00007ffe5b8d5000 	C:\Users\diego\.jdks\corretto-17.0.13\bin\java.dll
0x00007ffe5b430000 - 0x00007ffe5b448000 	C:\Users\diego\.jdks\corretto-17.0.13\bin\zip.dll
0x00007ffe3fdc0000 - 0x00007ffe3fe97000 	C:\Users\diego\.jdks\corretto-17.0.13\bin\jsvml.dll
0x00007ffe63ef0000 - 0x00007ffe64766000 	C:\Windows\System32\SHELL32.dll
0x00007ffe60c10000 - 0x00007ffe61513000 	C:\Windows\SYSTEM32\windows.storage.dll
0x00007ffe60ad0000 - 0x00007ffe60c0f000 	C:\Windows\SYSTEM32\wintypes.dll
0x00007ffe647a0000 - 0x00007ffe64899000 	C:\Windows\System32\SHCORE.dll
0x00007ffe65400000 - 0x00007ffe6545e000 	C:\Windows\System32\shlwapi.dll
0x00007ffe62c00000 - 0x00007ffe62c2b000 	C:\Windows\SYSTEM32\profapi.dll
0x00007ffe5b7b0000 - 0x00007ffe5b7c9000 	C:\Users\diego\.jdks\corretto-17.0.13\bin\net.dll
0x00007ffe5c330000 - 0x00007ffe5c466000 	C:\Windows\SYSTEM32\WINHTTP.dll
0x00007ffe62190000 - 0x00007ffe621f9000 	C:\Windows\system32\mswsock.dll
0x00007ffe5b450000 - 0x00007ffe5b466000 	C:\Users\diego\.jdks\corretto-17.0.13\bin\nio.dll
0x00007ffe51fa0000 - 0x00007ffe51fac000 	C:\Users\diego\.jdks\corretto-17.0.13\bin\dt_socket.dll
0x00007ffe61780000 - 0x00007ffe617ad000 	C:\Windows\SYSTEM32\IPHLPAPI.DLL
0x0000022b82b80000 - 0x0000022b82b83000 	D:\Proyecto Terminal\openjfx-22.0.1_windows-x64_bin-sdk\javafx-sdk-22.0.1\bin\api-ms-win-core-console-l1-1-0.dll
0x0000022b82b90000 - 0x0000022b82b93000 	D:\Proyecto Terminal\openjfx-22.0.1_windows-x64_bin-sdk\javafx-sdk-22.0.1\bin\api-ms-win-core-console-l1-2-0.dll
0x0000022b82cd0000 - 0x0000022b82cd3000 	D:\Proyecto Terminal\openjfx-22.0.1_windows-x64_bin-sdk\javafx-sdk-22.0.1\bin\api-ms-win-core-datetime-l1-1-0.dll
0x0000022b82ba0000 - 0x0000022b82ba3000 	D:\Proyecto Terminal\openjfx-22.0.1_windows-x64_bin-sdk\javafx-sdk-22.0.1\bin\api-ms-win-core-debug-l1-1-0.dll
0x0000022b82bb0000 - 0x0000022b82bb3000 	D:\Proyecto Terminal\openjfx-22.0.1_windows-x64_bin-sdk\javafx-sdk-22.0.1\bin\api-ms-win-core-errorhandling-l1-1-0.dll
0x0000022b82bc0000 - 0x0000022b82bc4000 	D:\Proyecto Terminal\openjfx-22.0.1_windows-x64_bin-sdk\javafx-sdk-22.0.1\bin\api-ms-win-core-file-l1-1-0.dll
0x0000022b82bd0000 - 0x0000022b82bd3000 	D:\Proyecto Terminal\openjfx-22.0.1_windows-x64_bin-sdk\javafx-sdk-22.0.1\bin\api-ms-win-core-file-l1-2-0.dll
0x0000022b82be0000 - 0x0000022b82be3000 	D:\Proyecto Terminal\openjfx-22.0.1_windows-x64_bin-sdk\javafx-sdk-22.0.1\bin\api-ms-win-core-file-l2-1-0.dll
0x0000022b82bf0000 - 0x0000022b82bf3000 	D:\Proyecto Terminal\openjfx-22.0.1_windows-x64_bin-sdk\javafx-sdk-22.0.1\bin\api-ms-win-core-handle-l1-1-0.dll
0x0000022b82c00000 - 0x0000022b82c03000 	D:\Proyecto Terminal\openjfx-22.0.1_windows-x64_bin-sdk\javafx-sdk-22.0.1\bin\api-ms-win-core-heap-l1-1-0.dll
0x0000022b82c10000 - 0x0000022b82c13000 	D:\Proyecto Terminal\openjfx-22.0.1_windows-x64_bin-sdk\javafx-sdk-22.0.1\bin\api-ms-win-core-interlocked-l1-1-0.dll
0x0000022b82c20000 - 0x0000022b82c23000 	D:\Proyecto Terminal\openjfx-22.0.1_windows-x64_bin-sdk\javafx-sdk-22.0.1\bin\api-ms-win-core-libraryloader-l1-1-0.dll
0x0000022b82c30000 - 0x0000022b82c33000 	D:\Proyecto Terminal\openjfx-22.0.1_windows-x64_bin-sdk\javafx-sdk-22.0.1\bin\api-ms-win-core-localization-l1-2-0.dll
0x0000022b82c40000 - 0x0000022b82c43000 	D:\Proyecto Terminal\openjfx-22.0.1_windows-x64_bin-sdk\javafx-sdk-22.0.1\bin\api-ms-win-core-memory-l1-1-0.dll
0x0000022b82c50000 - 0x0000022b82c53000 	D:\Proyecto Terminal\openjfx-22.0.1_windows-x64_bin-sdk\javafx-sdk-22.0.1\bin\api-ms-win-core-namedpipe-l1-1-0.dll
0x0000022b82c60000 - 0x0000022b82c63000 	D:\Proyecto Terminal\openjfx-22.0.1_windows-x64_bin-sdk\javafx-sdk-22.0.1\bin\api-ms-win-core-processenvironment-l1-1-0.dll
0x0000022b82c70000 - 0x0000022b82c73000 	D:\Proyecto Terminal\openjfx-22.0.1_windows-x64_bin-sdk\javafx-sdk-22.0.1\bin\api-ms-win-core-processthreads-l1-1-0.dll
0x0000022b82c80000 - 0x0000022b82c83000 	D:\Proyecto Terminal\openjfx-22.0.1_windows-x64_bin-sdk\javafx-sdk-22.0.1\bin\api-ms-win-core-processthreads-l1-1-1.dll
0x0000022b82c90000 - 0x0000022b82c93000 	D:\Proyecto Terminal\openjfx-22.0.1_windows-x64_bin-sdk\javafx-sdk-22.0.1\bin\api-ms-win-core-profile-l1-1-0.dll
0x0000022b82ca0000 - 0x0000022b82ca3000 	D:\Proyecto Terminal\openjfx-22.0.1_windows-x64_bin-sdk\javafx-sdk-22.0.1\bin\api-ms-win-core-rtlsupport-l1-1-0.dll
0x0000022b82cb0000 - 0x0000022b82cb3000 	D:\Proyecto Terminal\openjfx-22.0.1_windows-x64_bin-sdk\javafx-sdk-22.0.1\bin\api-ms-win-core-string-l1-1-0.dll
0x0000022b82cc0000 - 0x0000022b82cc3000 	D:\Proyecto Terminal\openjfx-22.0.1_windows-x64_bin-sdk\javafx-sdk-22.0.1\bin\api-ms-win-core-synch-l1-1-0.dll
0x0000022b82ce0000 - 0x0000022b82ce3000 	D:\Proyecto Terminal\openjfx-22.0.1_windows-x64_bin-sdk\javafx-sdk-22.0.1\bin\api-ms-win-core-synch-l1-2-0.dll
0x0000022b82cf0000 - 0x0000022b82cf3000 	D:\Proyecto Terminal\openjfx-22.0.1_windows-x64_bin-sdk\javafx-sdk-22.0.1\bin\api-ms-win-core-sysinfo-l1-1-0.dll
0x0000022b82d00000 - 0x0000022b82d03000 	D:\Proyecto Terminal\openjfx-22.0.1_windows-x64_bin-sdk\javafx-sdk-22.0.1\bin\api-ms-win-core-timezone-l1-1-0.dll
0x0000022b82d10000 - 0x0000022b82d13000 	D:\Proyecto Terminal\openjfx-22.0.1_windows-x64_bin-sdk\javafx-sdk-22.0.1\bin\api-ms-win-core-util-l1-1-0.dll
0x0000022b82d20000 - 0x0000022b82d23000 	D:\Proyecto Terminal\openjfx-22.0.1_windows-x64_bin-sdk\javafx-sdk-22.0.1\bin\api-ms-win-crt-conio-l1-1-0.dll
0x0000022b82d30000 - 0x0000022b82d34000 	D:\Proyecto Terminal\openjfx-22.0.1_windows-x64_bin-sdk\javafx-sdk-22.0.1\bin\api-ms-win-crt-convert-l1-1-0.dll
0x0000022b82d40000 - 0x0000022b82d43000 	D:\Proyecto Terminal\openjfx-22.0.1_windows-x64_bin-sdk\javafx-sdk-22.0.1\bin\api-ms-win-crt-environment-l1-1-0.dll
0x0000022b82d50000 - 0x0000022b82d53000 	D:\Proyecto Terminal\openjfx-22.0.1_windows-x64_bin-sdk\javafx-sdk-22.0.1\bin\api-ms-win-crt-filesystem-l1-1-0.dll
0x0000022b82d60000 - 0x0000022b82d63000 	D:\Proyecto Terminal\openjfx-22.0.1_windows-x64_bin-sdk\javafx-sdk-22.0.1\bin\api-ms-win-crt-heap-l1-1-0.dll
0x0000022b82d70000 - 0x0000022b82d73000 	D:\Proyecto Terminal\openjfx-22.0.1_windows-x64_bin-sdk\javafx-sdk-22.0.1\bin\api-ms-win-crt-locale-l1-1-0.dll
0x0000022b82d80000 - 0x0000022b82d85000 	D:\Proyecto Terminal\openjfx-22.0.1_windows-x64_bin-sdk\javafx-sdk-22.0.1\bin\api-ms-win-crt-math-l1-1-0.dll
0x0000022b82d90000 - 0x0000022b82d95000 	D:\Proyecto Terminal\openjfx-22.0.1_windows-x64_bin-sdk\javafx-sdk-22.0.1\bin\api-ms-win-crt-multibyte-l1-1-0.dll
0x0000022b82da0000 - 0x0000022b82db0000 	D:\Proyecto Terminal\openjfx-22.0.1_windows-x64_bin-sdk\javafx-sdk-22.0.1\bin\api-ms-win-crt-private-l1-1-0.dll
0x0000022b82db0000 - 0x0000022b82db3000 	D:\Proyecto Terminal\openjfx-22.0.1_windows-x64_bin-sdk\javafx-sdk-22.0.1\bin\api-ms-win-crt-process-l1-1-0.dll
0x0000022b82dc0000 - 0x0000022b82dc4000 	D:\Proyecto Terminal\openjfx-22.0.1_windows-x64_bin-sdk\javafx-sdk-22.0.1\bin\api-ms-win-crt-runtime-l1-1-0.dll
0x0000022b82dd0000 - 0x0000022b82dd4000 	D:\Proyecto Terminal\openjfx-22.0.1_windows-x64_bin-sdk\javafx-sdk-22.0.1\bin\api-ms-win-crt-stdio-l1-1-0.dll
0x0000022b82de0000 - 0x0000022b82de4000 	D:\Proyecto Terminal\openjfx-22.0.1_windows-x64_bin-sdk\javafx-sdk-22.0.1\bin\api-ms-win-crt-string-l1-1-0.dll
0x0000022b82df0000 - 0x0000022b82df3000 	D:\Proyecto Terminal\openjfx-22.0.1_windows-x64_bin-sdk\javafx-sdk-22.0.1\bin\api-ms-win-crt-time-l1-1-0.dll
0x0000022b82e00000 - 0x0000022b82e03000 	D:\Proyecto Terminal\openjfx-22.0.1_windows-x64_bin-sdk\javafx-sdk-22.0.1\bin\api-ms-win-crt-utility-l1-1-0.dll
0x00007ffe1e930000 - 0x00007ffe1ea2c000 	D:\Proyecto Terminal\openjfx-22.0.1_windows-x64_bin-sdk\javafx-sdk-22.0.1\bin\ucrtbase.dll
0x00007ffe51a40000 - 0x00007ffe51a5b000 	D:\Proyecto Terminal\openjfx-22.0.1_windows-x64_bin-sdk\javafx-sdk-22.0.1\bin\vcruntime140.dll
0x00007ffe515b0000 - 0x00007ffe515bc000 	D:\Proyecto Terminal\openjfx-22.0.1_windows-x64_bin-sdk\javafx-sdk-22.0.1\bin\vcruntime140_1.dll
0x00007ffe1ecf0000 - 0x00007ffe1ed7e000 	D:\Proyecto Terminal\openjfx-22.0.1_windows-x64_bin-sdk\javafx-sdk-22.0.1\bin\msvcp140.dll
0x00007ffe515a0000 - 0x00007ffe515a9000 	D:\Proyecto Terminal\openjfx-22.0.1_windows-x64_bin-sdk\javafx-sdk-22.0.1\bin\msvcp140_1.dll
0x00007ffe3fd70000 - 0x00007ffe3fdb1000 	D:\Proyecto Terminal\openjfx-22.0.1_windows-x64_bin-sdk\javafx-sdk-22.0.1\bin\msvcp140_2.dll
0x00007ffe4f740000 - 0x00007ffe4f770000 	D:\Proyecto Terminal\openjfx-22.0.1_windows-x64_bin-sdk\javafx-sdk-22.0.1\bin\prism_d3d.dll
0x00007ffe133c0000 - 0x00007ffe13568000 	C:\Windows\system32\d3d9.dll
0x00007ffe5fbc0000 - 0x00007ffe5fbeb000 	C:\Windows\SYSTEM32\dwmapi.dll
0x00007ffe5fa60000 - 0x00007ffe5fa97000 	C:\Windows\SYSTEM32\dxcore.dll
0x00007ffe5f950000 - 0x00007ffe5fa01000 	C:\Windows\system32\uxtheme.dll
0x00007ffe64c80000 - 0x00007ffe64e25000 	C:\Windows\System32\ole32.dll
0x00007ffe59bb0000 - 0x00007ffe59bf9000 	C:\Windows\SYSTEM32\directxdatabasehelper.dll
0x00007ffe1ec60000 - 0x00007ffe1eca5000 	D:\Proyecto Terminal\openjfx-22.0.1_windows-x64_bin-sdk\javafx-sdk-22.0.1\bin\glass.dll
0x00007ffe652e0000 - 0x00007ffe653df000 	C:\Windows\System32\COMDLG32.dll
0x00007ffe0faf0000 - 0x00007ffe0fb4e000 	C:\Program Files\Huawei\PCManager\plugins\PerfWndMonModule.dll
0x00007ffe63750000 - 0x00007ffe638b0000 	C:\Windows\System32\MSCTF.dll
0x00007ffe64b30000 - 0x00007ffe64be0000 	C:\Windows\System32\clbcatq.dll
0x00007ffe51a60000 - 0x00007ffe51bd9000 	C:\Windows\System32\Windows.UI.dll
0x00007ffe49f30000 - 0x00007ffe4a0a5000 	C:\Windows\System32\Windows.UI.Immersive.dll
0x00007ffe49630000 - 0x00007ffe49645000 	D:\Proyecto Terminal\openjfx-22.0.1_windows-x64_bin-sdk\javafx-sdk-22.0.1\bin\javafx_font.dll
0x00007ffe5f0c0000 - 0x00007ffe5f333000 	C:\Windows\SYSTEM32\dwrite.dll
0x00007ffe5f760000 - 0x00007ffe5f910000 	C:\Windows\SYSTEM32\WindowsCodecs.dll
0x00007ffe47920000 - 0x00007ffe4797e000 	C:\Windows\system32\dataexchange.dll
0x00007ffe58420000 - 0x00007ffe586c4000 	C:\Windows\system32\twinapi.appcore.dll
0x00007ffe1e8f0000 - 0x00007ffe1e922000 	C:\Program Files\Common Files\Microsoft Shared\Ink\rtscom.dll
0x00007ffe52fa0000 - 0x00007ffe530e5000 	C:\Windows\SYSTEM32\textinputframework.dll
0x00007ffe5b0d0000 - 0x00007ffe5b203000 	C:\Windows\SYSTEM32\CoreMessaging.dll
0x00007ffe59570000 - 0x00007ffe598dd000 	C:\Windows\SYSTEM32\CoreUIComponents.dll
0x00007ffe62400000 - 0x00007ffe6240c000 	C:\Windows\SYSTEM32\CRYPTBASE.DLL
0x00007ffe1ec30000 - 0x00007ffe1ec5d000 	D:\Proyecto Terminal\openjfx-22.0.1_windows-x64_bin-sdk\javafx-sdk-22.0.1\bin\javafx_iio.dll
0x00007ffe5ead0000 - 0x00007ffe5f0be000 	C:\Windows\SYSTEM32\d2d1.dll
0x00007ffe5f3f0000 - 0x00007ffe5f647000 	C:\Windows\SYSTEM32\d3d11.dll
0x00007ffe5faa0000 - 0x00007ffe5fb97000 	C:\Windows\SYSTEM32\dxgi.dll
0x00007ffe58c50000 - 0x00007ffe59363000 	C:\Windows\SYSTEM32\D3D10Warp.dll

dbghelp: loaded successfully - version: 4.0.5 - missing functions: none
symbol engine: initialized successfully - sym options: 0x614 - pdb path: .;C:\Users\diego\.jdks\corretto-17.0.13\bin;C:\Windows\SYSTEM32;C:\Windows\WinSxS\amd64_microsoft.windows.common-controls_6595b64144ccf1df_6.0.22621.4391_none_2715d37f73803e96;C:\Users\diego\.jdks\corretto-17.0.13\bin\server;D:\Proyecto Terminal\openjfx-22.0.1_windows-x64_bin-sdk\javafx-sdk-22.0.1\bin;C:\Windows\System32\DriverStore\FileRepository\u0355756.inf_amd64_5146fc3a012e7afa\B354291;C:\Program Files\Huawei\PCManager\plugins;C:\Program Files\Common Files\Microsoft Shared\Ink

VM Arguments:
jvm_args: -agentlib:jdwp=transport=dt_socket,address=127.0.0.1:50638,suspend=y,server=n --module-path=D:\Proyecto Terminal\openjfx-22.0.1_windows-x64_bin-sdk\javafx-sdk-22.0.1\lib --add-modules=javafx.controls,javafx.fxml -javaagent:C:\Users\diego\AppData\Local\JetBrains\IntelliJIdea2024.1\captureAgent\debugger-agent.jar -Dfile.encoding=UTF-8 
java_command: optiuam.bc.controller.OptiUAM24
java_class_path (initial): D:\Proyecto Terminal\C鏚igo\OptiUAM24\OptiUAM\out\production\OptiUAM;D:\Proyecto Terminal\C鏚igo\OptiUAM24\OptiUAM\Librerias\jcommon-1.0.23.jar;D:\Proyecto Terminal\C鏚igo\OptiUAM24\OptiUAM\Librerias\jfreechart-1.0.19.jar;D:\Proyecto Terminal\openjfx-22.0.1_windows-x64_bin-sdk\javafx-sdk-22.0.1\lib\javafx-swt.jar;D:\Proyecto Terminal\openjfx-22.0.1_windows-x64_bin-sdk\javafx-sdk-22.0.1\lib\javafx.base.jar;D:\Proyecto Terminal\openjfx-22.0.1_windows-x64_bin-sdk\javafx-sdk-22.0.1\lib\javafx.controls.jar;D:\Proyecto Terminal\openjfx-22.0.1_windows-x64_bin-sdk\javafx-sdk-22.0.1\lib\javafx.fxml.jar;D:\Proyecto Terminal\openjfx-22.0.1_windows-x64_bin-sdk\javafx-sdk-22.0.1\lib\javafx.graphics.jar;D:\Proyecto Terminal\openjfx-22.0.1_windows-x64_bin-sdk\javafx-sdk-22.0.1\lib\javafx.media.jar;D:\Proyecto Terminal\openjfx-22.0.1_windows-x64_bin-sdk\javafx-sdk-22.0.1\lib\javafx.swing.jar;D:\Proyecto Terminal\openjfx-22.0.1_windows-x64_bin-sdk\javafx-sdk-22.0.1\lib\javafx.web.jar;D:\Proyecto Terminal\openjfx-22.0.1_windows-x64_bin-sdk.zip;D:\Proyecto Terminal\commons-math3-3.6.1\commons-math3-3.6.1-tests.jar;D:\Proyecto Terminal\commons-math3-3.6.1\commons-math3-3.6.1-tools.jar;D:\Proyecto Terminal\commons-math3-3.6.1\commons-math3-3.6.1.jar;C:\Program Files\JetBrains\IntelliJ IDEA 2024.1.3\lib\idea_rt.jar
Launcher Type: SUN_STANDARD

[Global flags]
     intx CICompilerCount                          = 4                                         {product} {ergonomic}
     uint ConcGCThreads                            = 2                                         {product} {ergonomic}
     uint G1ConcRefinementThreads                  = 8                                         {product} {ergonomic}
   size_t G1HeapRegionSize                         = 1048576                                   {product} {ergonomic}
    uintx GCDrainStackTargetSize                   = 64                                        {product} {ergonomic}
   size_t InitialHeapSize                          = 117440512                                 {product} {ergonomic}
   size_t MarkStackSize                            = 4194304                                   {product} {ergonomic}
   size_t MaxHeapSize                              = 1862270976                                {product} {ergonomic}
   size_t MaxNewSize                               = 1116733440                                {product} {ergonomic}
   size_t MinHeapDeltaBytes                        = 1048576                                   {product} {ergonomic}
   size_t MinHeapSize                              = 8388608                                   {product} {ergonomic}
    uintx NonNMethodCodeHeapSize                   = 5839372                                {pd product} {ergonomic}
    uintx NonProfiledCodeHeapSize                  = 122909434                              {pd product} {ergonomic}
    uintx ProfiledCodeHeapSize                     = 122909434                              {pd product} {ergonomic}
    uintx ReservedCodeCacheSize                    = 251658240                              {pd product} {ergonomic}
     bool SegmentedCodeCache                       = true                                      {product} {ergonomic}
   size_t SoftMaxHeapSize                          = 1862270976                             {manageable} {ergonomic}
     bool UseCompressedClassPointers               = true                           {product lp64_product} {ergonomic}
     bool UseCompressedOops                        = true                           {product lp64_product} {ergonomic}
     bool UseG1GC                                  = true                                      {product} {ergonomic}
     bool UseLargePagesIndividualAllocation        = false                                  {pd product} {ergonomic}

Logging:
Log output configuration:
 #0: stdout all=off uptime,level,tags
 #1: stderr all=off uptime,level,tags

Environment Variables:
PATH=C:\Program Files\Common Files\Oracle\Java\javapath;C:\Users\diego\Desktop\oracle\bin;C:\Windows\system32;C:\Windows;C:\Windows\System32\Wbem;C:\Windows\System32\WindowsPowerShell\v1.0\;C:\Windows\System32\OpenSSH\;C:\Program Files\Git\cmd;C:\Strawberry\c\bin;C:\Strawberry\perl\site\bin;C:\Strawberry\perl\bin;C:\Users\diego\AppData\Local\Programs\Python\Launcher\;C:\Users\diego\AppData\Local\Microsoft\WindowsApps;C:\Program Files\JetBrains\IntelliJ IDEA 2024.1.3\bin;;C:\Users\diego\AppData\Local\GitHubDesktop\bin;C:\Program Files\JetBrains\PyCharm 2024.1.4\bin;;C:\Users\diego\AppData\Local\Programs\Microsoft VS Code\bin;C:\Users\diego\AppData\Local\Programs\MiKTeX\miktex\bin\x64\
USERNAME=diego
OS=Windows_NT
PROCESSOR_IDENTIFIER=AMD64 Family 23 Model 24 Stepping 1, AuthenticAMD
TMP=C:\Users\diego\AppData\Local\Temp
TEMP=C:\Users\diego\AppData\Local\Temp



Periodic native trim disabled


---------------  S Y S T E M  ---------------

OS:
 Windows 11 , 64 bit Build 22621 (10.0.22621.4391)
OS uptime: 0 days 1:22 hours

CPU: total 8 (initial active 8) (8 cores per cpu, 2 threads per core) family 23 model 24 stepping 1 microcode 0x0, cx8, cmov, fxsr, ht, mmx, 3dnowpref, sse, sse2, sse3, ssse3, sse4a, sse4.1, sse4.2, popcnt, lzcnt, tsc, tscinvbit, avx, avx2, aes, clmul, bmi1, bmi2, adx, sha, fma, vzeroupper, clflush, clflushopt
Processor Information for all 8 processors :
  Max Mhz: 2100, Current Mhz: 2100, Mhz Limit: 2100

Memory: 4k page, system-wide physical 7103M (927M free)
TotalPageFile size 15807M (AvailPageFile size 2874M)
current process WorkingSet (physical memory assigned to process): 223M, peak: 442M
current process commit charge ("private bytes"): 337M, peak: 560M

vm_info: OpenJDK 64-Bit Server VM (17.0.13+11-LTS) for windows-amd64 JRE (17.0.13+11-LTS), built on Oct 10 2024 19:51:30 by "Administrator" with MS VC++ 16.10 / 16.11 (VS2019)

END.
