#
# A fatal error has been detected by the Java Runtime Environment:
#
#  EXCEPTION_ACCESS_VIOLATION (0xc0000005) at pc=0x00007ff976a982d7, pid=13928, tid=12320
#
# JRE version: OpenJDK Runtime Environment Corretto-17.0.13.11.1 (17.0.13+11) (build 17.0.13+11-LTS)
# Java VM: OpenJDK 64-Bit Server VM Corretto-17.0.13.11.1 (17.0.13+11-LTS, mixed mode, sharing, tiered, compressed oops, compressed class ptrs, g1 gc, windows-amd64)
# Problematic frame:
# C  [glass.dll+0x282d7]
#
# No core dump will be written. Minidumps are not enabled by default on client versions of Windows
#
# If you would like to submit a bug report, please visit:
#   https://github.com/corretto/corretto-17/issues/
#

---------------  S U M M A R Y ------------

Command Line: -agentlib:jdwp=transport=dt_socket,address=127.0.0.1:51487,suspend=y,server=n --module-path=D:\Proyecto Terminal\openjfx-22.0.1_windows-x64_bin-sdk\javafx-sdk-22.0.1\lib --add-modules=javafx.controls,javafx.fxml -javaagent:C:\Users\diego\AppData\Local\JetBrains\IntelliJIdea2024.1\captureAgent\debugger-agent.jar -Dfile.encoding=UTF-8 optiuam.bc.controller.OptiUAM24

Host: AMD Ryzen 5 3500U with Radeon Vega Mobile Gfx  , 8 cores, 6G,  Windows 11 , 64 bit Build 22621 (10.0.22621.4391)
Time: Thu Nov 21 19:19:08 2024 Hora est嫕dar central (M憖ico) elapsed time: 283.779704 seconds (0d 0h 4m 43s)

---------------  T H R E A D  ---------------

Current thread (0x00000251d1a4fb60):  VMThread "VM Thread" [stack: 0x00000099ce100000,0x00000099ce200000] [id=12320]

Stack: [0x00000099ce100000,0x00000099ce200000],  sp=0x00000099ce1fed30,  free space=1019k
Native frames: (J=compiled Java code, j=interpreted, Vv=VM code, C=native code)
C  [glass.dll+0x282d7]


siginfo: EXCEPTION_ACCESS_VIOLATION (0xc0000005), reading address 0x0000000000000000


Registers:
RAX=0x0000000000000000, RBX=0x00000252180b2580, RCX=0x00000251d1a4fb60, RDX=0x00000099ce1fed30
RSP=0x00000099ce1fed30, RBP=0x0000025218a4c938, RSI=0x00000099ce1fee38, RDI=0x0000025218a4c910
R8 =0x0000000000010002, R9 =0x0000025218a4c910, R10=0x85f13e9656da4870, R11=0x00000099ce1fecc0
R12=0x00007ff976a95be0, R13=0x00007ff931a08420, R14=0x0000dff5667a5532, R15=0x0000025218a4c910
RIP=0x00007ff976a982d7, EFLAGS=0x0000000000010206


Register to memory mapping:

RIP=0x00007ff976a982d7 glass.dll
RAX=0x0 is NULL
RBX=0x00000252180b2580 is a global jni handle
RCX=0x00000251d1a4fb60 points into unknown readable memory: 0x00007ff931832cc8 | c8 2c 83 31 f9 7f 00 00
RDX=0x00000099ce1fed30 points into unknown readable memory: 0x0000000000000000 | 00 00 00 00 00 00 00 00
RSP=0x00000099ce1fed30 points into unknown readable memory: 0x0000000000000000 | 00 00 00 00 00 00 00 00
RBP=0x0000025218a4c938 points into unknown readable memory: 0x0000dff5667a5532 | 32 55 7a 66 f5 df 00 00
RSI=0x00000099ce1fee38 points into unknown readable memory: 0x00000099ce1fee20 | 20 ee 1f ce 99 00 00 00
RDI=0x0000025218a4c910 points into unknown readable memory: 0x5be0dff4999f8f97 | 97 8f 9f 99 f4 df e0 5b
R8 =0x0000000000010002 is an unknown value
R9 =0x0000025218a4c910 points into unknown readable memory: 0x5be0dff4999f8f97 | 97 8f 9f 99 f4 df e0 5b
R10=0x85f13e9656da4870 is an unknown value
R11=0x00000099ce1fecc0 points into unknown readable memory: 0x0000025218a4c910 | 10 c9 a4 18 52 02 00 00
R12=0x00007ff976a95be0 glass.dll
R13=0x00007ff931a08420 jvm.dll
R14=0x0000dff5667a5532 is an unknown value
R15=0x0000025218a4c910 points into unknown readable memory: 0x5be0dff4999f8f97 | 97 8f 9f 99 f4 df e0 5b


Top of Stack: (sp=0x00000099ce1fed30)
0x00000099ce1fed30:   0000000000000000 00000099ce1fee38
0x00000099ce1fed40:   00007ff931a08420 00007ff976a95be0
0x00000099ce1fed50:   0000025218a4c918 00007ff988393a93
0x00000099ce1fed60:   0000025218a4c910 0000025200000000
0x00000099ce1fed70:   0000025218a4c938 00000099ce1fee38
0x00000099ce1fed80:   fffffffffffffffe 0000000000000000
0x00000099ce1fed90:   0000000000000001 00007ff976a70000
0x00000099ce1feda0:   00000099ce1fee28 00007ff98836042e
0x00000099ce1fedb0:   0000000000000000 00000099ce1fee38
0x00000099ce1fedc0:   00000099ce1ff120 0000000000000001
0x00000099ce1fedd0:   0000000000000001 00007ff98835dddd
0x00000099ce1fede0:   0000000000000000 00007ff976a953d9
0x00000099ce1fedf0:   0000000000000000 00000099ce1fee28
0x00000099ce1fee00:   fffffffffffffffe 0000000000000001
0x00000099ce1fee10:   0000000000000001 00007ff976a95a6d
0x00000099ce1fee20:   00007ff976aad078 00007ff900000002
0x00000099ce1fee30:   0000000000000002 00000099ce1fee20
0x00000099ce1fee40:   0000000000000000 00007ff98adb8af3
0x00000099ce1fee50:   0000000000000000 00007ff976a95b92
0x00000099ce1fee60:   0000000000000001 00000099ce1ff100
0x00000099ce1fee70:   0000000000000001 0000000000000001
0x00000099ce1fee80:   00000251b1ce1258 00007ff9877c2223
0x00000099ce1fee90:   0000025100000001 0000000000000016
0x00000099ce1feea0:   00007ff976a70000 000000007ffe0384
0x00000099ce1feeb0:   0000000000000000 00007ff98adb8b8f
0x00000099ce1feec0:   00007ff976a70000 0000000000000000
0x00000099ce1feed0:   0000000000000001 000000007ffe0385
0x00000099ce1feee0:   0000000000000000 00007ff98ade17d9
0x00000099ce1feef0:   0000bb6f64d69b00 0000000000000014
0x00000099ce1fef00:   00007ff976a95be0 0000000000000000
0x00000099ce1fef10:   0000000000000000 00000099cd669000
0x00000099ce1fef20:   0000025217373010 00007ff98ade1596 

Instructions: (pc=0x00007ff976a982d7)
0x00007ff976a981d7:   8b 4d 58 e8 49 cf ff ff 48 8b 4d 60 e8 40 cf ff
0x00007ff976a981e7:   ff 48 8b 95 80 00 00 00 48 8b 8d 18 01 00 00 e8
0x00007ff976a981f7:   26 c5 ff ff 33 d2 33 c9 e8 8c e1 ff ff 90 48 89
0x00007ff976a98207:   54 24 10 55 48 83 ec 20 48 8b ea 48 b8 00 00 00
0x00007ff976a98217:   00 00 00 00 00 48 83 c4 20 5d c3 cc 40 55 48 8b
0x00007ff976a98227:   ea 48 8b 01 33 c9 81 38 05 00 00 c0 0f 94 c1 8b
0x00007ff976a98237:   c1 5d c3 cc 40 55 48 83 ec 20 48 8b ea 8a 4d 40
0x00007ff976a98247:   48 83 c4 20 5d e9 33 d3 ff ff cc 40 55 48 83 ec
0x00007ff976a98257:   20 48 8b ea 8a 4d 20 e8 21 d3 ff ff 90 48 83 c4
0x00007ff976a98267:   20 5d c3 cc 40 55 48 83 ec 20 48 8b ea 48 83 c4
0x00007ff976a98277:   20 5d e9 82 d1 ff ff cc 40 55 48 83 ec 30 48 8b
0x00007ff976a98287:   ea 48 8b 01 8b 10 48 89 4c 24 28 89 54 24 20 4c
0x00007ff976a98297:   8d 0d 23 d6 ff ff 4c 8b 45 70 8b 55 68 48 8b 4d
0x00007ff976a982a7:   60 e8 c3 d0 ff ff 90 48 83 c4 30 5d c3 cc cc cc
0x00007ff976a982b7:   cc cc cc cc cc cc cc cc cc 40 53 48 83 ec 20 48
0x00007ff976a982c7:   8b 1d 6b 47 01 00 48 85 db 74 16 e8 39 90 ff ff
0x00007ff976a982d7:   4c 8b 00 48 8b d3 48 8b c8 41 ff 90 b0 00 00 00
0x00007ff976a982e7:   90 48 83 c4 20 5b c3 cc cc 40 53 48 83 ec 20 48
0x00007ff976a982f7:   8b 1d ab 48 01 00 48 85 db 74 57 b8 ff ff ff ff
0x00007ff976a98307:   f0 0f c1 43 10 83 f8 01 75 3d 48 85 db 74 38 48
0x00007ff976a98317:   8b 0b 48 85 c9 74 0d ff 15 8c 0f 00 00 48 c7 03
0x00007ff976a98327:   00 00 00 00 48 8b 4b 08 48 85 c9 74 0d e8 ef cd
0x00007ff976a98337:   ff ff 48 c7 43 08 00 00 00 00 ba 18 00 00 00 48
0x00007ff976a98347:   8b cb e8 da cd ff ff 48 c7 05 4f 48 01 00 00 00
0x00007ff976a98357:   00 00 48 83 c4 20 5b c3 cc 40 53 48 83 ec 20 48
0x00007ff976a98367:   8b 1d 1b 48 01 00 48 85 db 74 57 b8 ff ff ff ff
0x00007ff976a98377:   f0 0f c1 43 10 83 f8 01 75 3d 48 85 db 74 38 48
0x00007ff976a98387:   8b 0b 48 85 c9 74 0d ff 15 1c 0f 00 00 48 c7 03
0x00007ff976a98397:   00 00 00 00 48 8b 4b 08 48 85 c9 74 0d e8 7f cd
0x00007ff976a983a7:   ff ff 48 c7 43 08 00 00 00 00 ba 18 00 00 00 48
0x00007ff976a983b7:   8b cb e8 6a cd ff ff 48 c7 05 bf 47 01 00 00 00
0x00007ff976a983c7:   00 00 48 83 c4 20 5b c3 cc 40 53 48 83 ec 20 48 


Stack slot to memory mapping:
stack at sp + 0 slots: 0x0 is NULL
stack at sp + 1 slots: 0x00000099ce1fee38 points into unknown readable memory: 0x00000099ce1fee20 | 20 ee 1f ce 99 00 00 00
stack at sp + 2 slots: 0x00007ff931a08420 jvm.dll
stack at sp + 3 slots: 0x00007ff976a95be0 glass.dll
stack at sp + 4 slots: 0x0000025218a4c918 points into unknown readable memory: 0x0000dff5667a5532 | 32 55 7a 66 f5 df 00 00
stack at sp + 5 slots: 0x00007ff988393a93 ucrtbase.dll
stack at sp + 6 slots: 0x0000025218a4c910 points into unknown readable memory: 0x5be0dff4999f8f97 | 97 8f 9f 99 f4 df e0 5b
stack at sp + 7 slots: 0x0000025200000000 is an unknown value

VM_Operation (0x00000099cd8ff050): Exit, mode: safepoint, requested by thread 0x000002521e45a510


---------------  P R O C E S S  ---------------

Threads class SMR info:
_java_thread_list=0x00000252182b8110, length=21, elements={
0x00000251b4000700, 0x00000251d1a55720, 0x00000251d1a564b0, 0x00000251d1a67a30,
0x00000251d1a6b420, 0x00000251d1a6c910, 0x00000251d1a6ea80, 0x00000251d1a7cdc0,
0x00000251d1a80250, 0x00000251d1a84ba0, 0x00000251d1a70df0, 0x000002521782af80,
0x00000251d1a6db50, 0x00000251d1a6e060, 0x00000251d1a6f9b0, 0x00000251d1a6e570,
0x00000251d1a6ef90, 0x00000251d1a6fec0, 0x00000251d1a6f4a0, 0x00000251d1a703d0,
0x000002521e45a510
}

Java Threads: ( => current thread )
  0x00000251b4000700 JavaThread "main" [_thread_blocked, id=11292, stack(0x00000099cdb00000,0x00000099cdc00000)]
  0x00000251d1a55720 JavaThread "Reference Handler" daemon [_thread_blocked, id=1868, stack(0x00000099ce200000,0x00000099ce300000)]
  0x00000251d1a564b0 JavaThread "Finalizer" daemon [_thread_blocked, id=10532, stack(0x00000099ce300000,0x00000099ce400000)]
  0x00000251d1a67a30 JavaThread "Signal Dispatcher" daemon [_thread_blocked, id=15040, stack(0x00000099ce400000,0x00000099ce500000)]
  0x00000251d1a6b420 JavaThread "Attach Listener" daemon [_thread_blocked, id=14816, stack(0x00000099ce500000,0x00000099ce600000)]
  0x00000251d1a6c910 JavaThread "Service Thread" daemon [_thread_blocked, id=4992, stack(0x00000099ce600000,0x00000099ce700000)]
  0x00000251d1a6ea80 JavaThread "Monitor Deflation Thread" daemon [_thread_blocked, id=13080, stack(0x00000099ce700000,0x00000099ce800000)]
  0x00000251d1a7cdc0 JavaThread "C2 CompilerThread0" daemon [_thread_blocked, id=12728, stack(0x00000099ce800000,0x00000099ce900000)]
  0x00000251d1a80250 JavaThread "C1 CompilerThread0" daemon [_thread_blocked, id=10492, stack(0x00000099ce900000,0x00000099cea00000)]
  0x00000251d1a84ba0 JavaThread "Sweeper thread" daemon [_thread_blocked, id=11516, stack(0x00000099cea00000,0x00000099ceb00000)]
  0x00000251d1a70df0 JavaThread "Common-Cleaner" daemon [_thread_blocked, id=9956, stack(0x00000099ceb00000,0x00000099cec00000)]
  0x000002521782af80 JavaThread "JDWP Event Helper Thread" daemon [_thread_blocked, id=5380, stack(0x00000099cef00000,0x00000099cf000000)]
  0x00000251d1a6db50 JavaThread "Notification Thread" daemon [_thread_blocked, id=9468, stack(0x00000099cec00000,0x00000099ced00000)]
  0x00000251d1a6e060 JavaThread "QuantumRenderer-0" daemon [_thread_blocked, id=6072, stack(0x00000099cf100000,0x00000099cf200000)]
  0x00000251d1a6f9b0 JavaThread "InvokeLaterDispatcher" daemon [_thread_blocked, id=7540, stack(0x00000099cf400000,0x00000099cf500000)]
  0x00000251d1a6e570 JavaThread "JavaFX Application Thread" [_thread_blocked, id=1036, stack(0x00000099cf500000,0x00000099cf600000)]
  0x00000251d1a6ef90 JavaThread "JavaFX-Launcher" [_thread_blocked, id=11724, stack(0x00000099cfd00000,0x00000099cfe00000)]
  0x00000251d1a6fec0 JavaThread "Thread-2" daemon [_thread_in_native, id=3960, stack(0x00000099cfc00000,0x00000099cfd00000)]
  0x00000251d1a6f4a0 JavaThread "Prism Font Disposer" daemon [_thread_blocked, id=11476, stack(0x00000099d0800000,0x00000099d0900000)]
  0x00000251d1a703d0 JavaThread "Cleaner-0" daemon [_thread_blocked, id=9584, stack(0x00000099d0900000,0x00000099d0a00000)]
  0x000002521e45a510 JavaThread "SIGINT handler" daemon [_thread_blocked, id=8660, stack(0x00000099cd800000,0x00000099cd900000)]

Other Threads:
=>0x00000251d1a4fb60 VMThread "VM Thread" [stack: 0x00000099ce100000,0x00000099ce200000] [id=12320]
  0x00000251b40564d0 GCTaskThread "GC Thread#0" [stack: 0x00000099cdc00000,0x00000099cdd00000] [id=8228]
  0x0000025218a6af90 GCTaskThread "GC Thread#1" [stack: 0x00000099cfe00000,0x00000099cff00000] [id=548]
  0x0000025218a6ba60 GCTaskThread "GC Thread#2" [stack: 0x00000099cff00000,0x00000099d0000000] [id=7072]
  0x0000025218a6bd20 GCTaskThread "GC Thread#3" [stack: 0x00000099d0000000,0x00000099d0100000] [id=7016]
  0x0000025218a6bfe0 GCTaskThread "GC Thread#4" [stack: 0x00000099d0100000,0x00000099d0200000] [id=4580]
  0x0000025217e3e8c0 GCTaskThread "GC Thread#5" [stack: 0x00000099d0200000,0x00000099d0300000] [id=336]
  0x0000025217e48fa0 GCTaskThread "GC Thread#6" [stack: 0x00000099d0300000,0x00000099d0400000] [id=8552]
  0x0000025217e3d140 GCTaskThread "GC Thread#7" [stack: 0x00000099d0400000,0x00000099d0500000] [id=12468]
  0x00000251b40613c0 ConcurrentGCThread "G1 Main Marker" terminated
  0x00000251b4061bf0 ConcurrentGCThread "G1 Conc#0" [stack: 0x00000099cde00000,0x00000099cdf00000] [id=13248]
  0x000002521e576b40 ConcurrentGCThread "G1 Conc#1" [stack: 0x00000099d0d00000,0x00000099d0e00000] [id=2356]
  0x00000251b40a9ae0 ConcurrentGCThread "G1 Refine#0" terminated
  0x00000252257c4360 ConcurrentGCThread "G1 Refine#1" terminated
  0x00000252257c34b0 ConcurrentGCThread "G1 Refine#2" terminated
  0x00000251d1913620 ConcurrentGCThread "G1 Service" terminated

Threads with active compile tasks:
C1 CompilerThread0  
[error occurred during error reporting (printing all threads), id 0xc0000005, EXCEPTION_ACCESS_VIOLATION (0xc0000005) at pc=0x00007ff9316365b3]

VM state: at safepoint (shutting down)

VM Mutex/Monitor currently owned by a thread:  ([mutex/lock_event])
[0x00000251b3fec6e0] Threads_lock - owner thread: 0x00000251d1a4fb60
[0x00000251b3ffdbc0] Heap_lock - owner thread: 0x000002521e45a510

Heap address: 0x0000000091000000, size: 1776 MB, Compressed Oops mode: 32-bit

CDS archive(s) mapped at: [0x00000251d2000000-0x00000251d2bb0000-0x00000251d2bb0000), size 12255232, SharedBaseAddress: 0x00000251d2000000, ArchiveRelocationMode: 1.
Compressed class space mapped at: 0x00000251d3000000-0x0000025213000000, reserved size: 1073741824
Narrow klass base: 0x00000251d2000000, Narrow klass shift: 0, Narrow klass range: 0x100000000

GC Precious Log:
 CPUs: 8 total, 8 available
 Memory: 7103M
 Large Page Support: Disabled
 NUMA Support: Disabled
 Compressed Oops: Enabled (32-bit)
 Heap Region Size: 1M
 Heap Min Capacity: 8M
 Heap Initial Capacity: 112M
 Heap Max Capacity: 1776M
 Pre-touch: Disabled
 Parallel Workers: 8
 Concurrent Workers: 2
 Concurrent Refinement Workers: 8
 Periodic GC: Disabled

Heap:
 garbage-first heap   total 114688K, used 38686K [0x0000000091000000, 0x0000000100000000)
  region size 1024K, 6 young (6144K), 1 survivors (1024K)
 Metaspace       used 21545K, committed 21952K, reserved 1114112K
  class space    used 3167K, committed 3392K, reserved 1048576K

Heap Regions: E=young(eden), S=young(survivor), O=old, HS=humongous(starts), HC=humongous(continues), CS=collection set, F=free, OA=open archive, CA=closed archive, TAMS=top-at-mark-start (previous, next)
|   0|0x0000000091000000, 0x0000000091100000, 0x0000000091100000|100%|HS|  |TAMS 0x0000000091100000, 0x0000000091000000| Complete 
|   1|0x0000000091100000, 0x0000000091200000, 0x0000000091200000|100%|HS|  |TAMS 0x0000000091200000, 0x0000000091100000| Complete 
|   2|0x0000000091200000, 0x0000000091300000, 0x0000000091300000|100%|HS|  |TAMS 0x0000000091300000, 0x0000000091200000| Complete 
|   3|0x0000000091300000, 0x0000000091400000, 0x0000000091400000|100%| O|  |TAMS 0x0000000091400000, 0x0000000091300000| Untracked 
|   4|0x0000000091400000, 0x0000000091500000, 0x0000000091500000|100%| O|  |TAMS 0x0000000091500000, 0x0000000091400000| Untracked 
|   5|0x0000000091500000, 0x0000000091600000, 0x0000000091600000|100%| O|  |TAMS 0x0000000091600000, 0x0000000091500000| Untracked 
|   6|0x0000000091600000, 0x0000000091700000, 0x0000000091700000|100%|HS|  |TAMS 0x0000000091700000, 0x0000000091600000| Complete 
|   7|0x0000000091700000, 0x0000000091800000, 0x0000000091800000|100%|HC|  |TAMS 0x0000000091800000, 0x0000000091700000| Complete 
|   8|0x0000000091800000, 0x0000000091900000, 0x0000000091900000|100%|HC|  |TAMS 0x0000000091900000, 0x0000000091800000| Complete 
|   9|0x0000000091900000, 0x0000000091a00000, 0x0000000091a00000|100%|HC|  |TAMS 0x0000000091a00000, 0x0000000091900000| Complete 
|  10|0x0000000091a00000, 0x0000000091b00000, 0x0000000091b00000|100%|HC|  |TAMS 0x0000000091b00000, 0x0000000091a00000| Complete 
|  11|0x0000000091b00000, 0x0000000091c00000, 0x0000000091c00000|100%|HC|  |TAMS 0x0000000091c00000, 0x0000000091b00000| Complete 
|  12|0x0000000091c00000, 0x0000000091d00000, 0x0000000091d00000|100%|HC|  |TAMS 0x0000000091d00000, 0x0000000091c00000| Complete 
|  13|0x0000000091d00000, 0x0000000091e00000, 0x0000000091e00000|100%|HC|  |TAMS 0x0000000091e00000, 0x0000000091d00000| Complete 
|  14|0x0000000091e00000, 0x0000000091f00000, 0x0000000091f00000|100%|HC|  |TAMS 0x0000000091f00000, 0x0000000091e00000| Complete 
|  15|0x0000000091f00000, 0x0000000092000000, 0x0000000092000000|100%|HC|  |TAMS 0x0000000092000000, 0x0000000091f00000| Complete 
|  16|0x0000000092000000, 0x0000000092100000, 0x0000000092100000|100%|HC|  |TAMS 0x0000000092100000, 0x0000000092000000| Complete 
|  17|0x0000000092100000, 0x0000000092200000, 0x0000000092200000|100%|HC|  |TAMS 0x0000000092200000, 0x0000000092100000| Complete 
|  18|0x0000000092200000, 0x0000000092300000, 0x0000000092300000|100%|HC|  |TAMS 0x0000000092300000, 0x0000000092200000| Complete 
|  19|0x0000000092300000, 0x0000000092400000, 0x0000000092400000|100%| O|  |TAMS 0x0000000092300000, 0x0000000092300000| Untracked 
|  20|0x0000000092400000, 0x0000000092500000, 0x0000000092500000|100%|HS|  |TAMS 0x0000000092500000, 0x0000000092400000| Complete 
|  21|0x0000000092500000, 0x0000000092600000, 0x0000000092600000|100%|HC|  |TAMS 0x0000000092600000, 0x0000000092500000| Complete 
|  22|0x0000000092600000, 0x0000000092700000, 0x0000000092700000|100%|HS|  |TAMS 0x0000000092700000, 0x0000000092600000| Complete 
|  23|0x0000000092700000, 0x0000000092800000, 0x0000000092800000|100%| O|  |TAMS 0x0000000092700000, 0x0000000092700000| Untracked 
|  24|0x0000000092800000, 0x0000000092900000, 0x0000000092900000|100%| O|  |TAMS 0x0000000092900000, 0x0000000092800000| Untracked 
|  25|0x0000000092900000, 0x0000000092a00000, 0x0000000092a00000|100%| O|  |TAMS 0x0000000092a00000, 0x0000000092900000| Complete 
|  26|0x0000000092a00000, 0x0000000092b00000, 0x0000000092b00000|100%| O|  |TAMS 0x0000000092a9a000, 0x0000000092a00000| Untracked 
|  27|0x0000000092b00000, 0x0000000092c00000, 0x0000000092c00000|100%| O|  |TAMS 0x0000000092b00000, 0x0000000092b00000| Untracked 
|  28|0x0000000092c00000, 0x0000000092d00000, 0x0000000092d00000|100%| O|  |TAMS 0x0000000092c00000, 0x0000000092c00000| Untracked 
|  29|0x0000000092d00000, 0x0000000092e00000, 0x0000000092e00000|100%| O|  |TAMS 0x0000000092d00000, 0x0000000092d00000| Untracked 
|  30|0x0000000092e00000, 0x0000000092f00000, 0x0000000092f00000|100%| O|  |TAMS 0x0000000092e00000, 0x0000000092e00000| Untracked 
|  31|0x0000000092f00000, 0x0000000093000000, 0x0000000093000000|100%| O|  |TAMS 0x0000000092f00000, 0x0000000092f00000| Untracked 
|  32|0x0000000093000000, 0x00000000930d9200, 0x0000000093100000| 84%| O|  |TAMS 0x0000000093000000, 0x0000000093000000| Untracked 
|  33|0x0000000093100000, 0x0000000093100000, 0x0000000093200000|  0%| F|  |TAMS 0x0000000093100000, 0x0000000093100000| Untracked 
|  34|0x0000000093200000, 0x0000000093200000, 0x0000000093300000|  0%| F|  |TAMS 0x0000000093200000, 0x0000000093200000| Untracked 
|  35|0x0000000093300000, 0x0000000093300000, 0x0000000093400000|  0%| F|  |TAMS 0x0000000093300000, 0x0000000093300000| Untracked 
|  36|0x0000000093400000, 0x0000000093400000, 0x0000000093500000|  0%| F|  |TAMS 0x0000000093400000, 0x0000000093400000| Untracked 
|  37|0x0000000093500000, 0x0000000093500000, 0x0000000093600000|  0%| F|  |TAMS 0x0000000093500000, 0x0000000093500000| Untracked 
|  38|0x0000000093600000, 0x0000000093600000, 0x0000000093700000|  0%| F|  |TAMS 0x0000000093600000, 0x0000000093600000| Untracked 
|  39|0x0000000093700000, 0x0000000093700000, 0x0000000093800000|  0%| F|  |TAMS 0x0000000093700000, 0x0000000093700000| Untracked 
|  40|0x0000000093800000, 0x0000000093800000, 0x0000000093900000|  0%| F|  |TAMS 0x0000000093800000, 0x0000000093800000| Untracked 
|  41|0x0000000093900000, 0x0000000093900000, 0x0000000093a00000|  0%| F|  |TAMS 0x0000000093900000, 0x0000000093900000| Untracked 
|  42|0x0000000093a00000, 0x0000000093a00000, 0x0000000093b00000|  0%| F|  |TAMS 0x0000000093a00000, 0x0000000093a00000| Untracked 
|  43|0x0000000093b00000, 0x0000000093b00000, 0x0000000093c00000|  0%| F|  |TAMS 0x0000000093b00000, 0x0000000093b00000| Untracked 
|  44|0x0000000093c00000, 0x0000000093c00000, 0x0000000093d00000|  0%| F|  |TAMS 0x0000000093c00000, 0x0000000093c00000| Untracked 
|  45|0x0000000093d00000, 0x0000000093d00000, 0x0000000093e00000|  0%| F|  |TAMS 0x0000000093d00000, 0x0000000093d00000| Untracked 
|  46|0x0000000093e00000, 0x0000000093e00000, 0x0000000093f00000|  0%| F|  |TAMS 0x0000000093e00000, 0x0000000093e00000| Untracked 
|  47|0x0000000093f00000, 0x0000000093f00000, 0x0000000094000000|  0%| F|  |TAMS 0x0000000093f00000, 0x0000000093f00000| Untracked 
|  48|0x0000000094000000, 0x0000000094000000, 0x0000000094100000|  0%| F|  |TAMS 0x0000000094000000, 0x0000000094000000| Untracked 
|  49|0x0000000094100000, 0x0000000094100000, 0x0000000094200000|  0%| F|  |TAMS 0x0000000094100000, 0x0000000094100000| Untracked 
|  50|0x0000000094200000, 0x0000000094200000, 0x0000000094300000|  0%| F|  |TAMS 0x0000000094200000, 0x0000000094200000| Untracked 
|  51|0x0000000094300000, 0x0000000094300000, 0x0000000094400000|  0%| F|  |TAMS 0x0000000094300000, 0x0000000094300000| Untracked 
|  52|0x0000000094400000, 0x0000000094400000, 0x0000000094500000|  0%| F|  |TAMS 0x0000000094400000, 0x0000000094400000| Untracked 
|  53|0x0000000094500000, 0x0000000094500000, 0x0000000094600000|  0%| F|  |TAMS 0x0000000094500000, 0x0000000094500000| Untracked 
|  54|0x0000000094600000, 0x0000000094600000, 0x0000000094700000|  0%| F|  |TAMS 0x0000000094600000, 0x0000000094600000| Untracked 
|  55|0x0000000094700000, 0x0000000094700000, 0x0000000094800000|  0%| F|  |TAMS 0x0000000094700000, 0x0000000094700000| Untracked 
|  56|0x0000000094800000, 0x0000000094800000, 0x0000000094900000|  0%| F|  |TAMS 0x0000000094800000, 0x0000000094800000| Untracked 
|  57|0x0000000094900000, 0x0000000094900000, 0x0000000094a00000|  0%| F|  |TAMS 0x0000000094900000, 0x0000000094900000| Untracked 
|  58|0x0000000094a00000, 0x0000000094a00000, 0x0000000094b00000|  0%| F|  |TAMS 0x0000000094a00000, 0x0000000094a00000| Untracked 
|  59|0x0000000094b00000, 0x0000000094b00000, 0x0000000094c00000|  0%| F|  |TAMS 0x0000000094b00000, 0x0000000094b00000| Untracked 
|  60|0x0000000094c00000, 0x0000000094c00000, 0x0000000094d00000|  0%| F|  |TAMS 0x0000000094c00000, 0x0000000094c00000| Untracked 
|  61|0x0000000094d00000, 0x0000000094d00000, 0x0000000094e00000|  0%| F|  |TAMS 0x0000000094d00000, 0x0000000094d00000| Untracked 
|  62|0x0000000094e00000, 0x0000000094e00000, 0x0000000094f00000|  0%| F|  |TAMS 0x0000000094e00000, 0x0000000094e00000| Untracked 
|  63|0x0000000094f00000, 0x0000000094f00000, 0x0000000095000000|  0%| F|  |TAMS 0x0000000094f00000, 0x0000000094f00000| Untracked 
|  64|0x0000000095000000, 0x0000000095000000, 0x0000000095100000|  0%| F|  |TAMS 0x0000000095000000, 0x0000000095000000| Untracked 
|  65|0x0000000095100000, 0x0000000095100000, 0x0000000095200000|  0%| F|  |TAMS 0x0000000095100000, 0x0000000095100000| Untracked 
|  66|0x0000000095200000, 0x0000000095200000, 0x0000000095300000|  0%| F|  |TAMS 0x0000000095200000, 0x0000000095200000| Untracked 
|  67|0x0000000095300000, 0x0000000095300000, 0x0000000095400000|  0%| F|  |TAMS 0x0000000095300000, 0x0000000095300000| Untracked 
|  68|0x0000000095400000, 0x0000000095400000, 0x0000000095500000|  0%| F|  |TAMS 0x0000000095400000, 0x0000000095400000| Untracked 
|  69|0x0000000095500000, 0x0000000095500000, 0x0000000095600000|  0%| F|  |TAMS 0x0000000095500000, 0x0000000095500000| Untracked 
|  70|0x0000000095600000, 0x0000000095600000, 0x0000000095700000|  0%| F|  |TAMS 0x0000000095600000, 0x0000000095600000| Untracked 
|  71|0x0000000095700000, 0x0000000095700000, 0x0000000095800000|  0%| F|  |TAMS 0x0000000095700000, 0x0000000095700000| Untracked 
|  72|0x0000000095800000, 0x0000000095800000, 0x0000000095900000|  0%| F|  |TAMS 0x0000000095800000, 0x0000000095800000| Untracked 
|  73|0x0000000095900000, 0x0000000095900000, 0x0000000095a00000|  0%| F|  |TAMS 0x0000000095900000, 0x0000000095900000| Untracked 
|  74|0x0000000095a00000, 0x0000000095a00000, 0x0000000095b00000|  0%| F|  |TAMS 0x0000000095a00000, 0x0000000095a00000| Untracked 
|  75|0x0000000095b00000, 0x0000000095b00000, 0x0000000095c00000|  0%| F|  |TAMS 0x0000000095b00000, 0x0000000095b00000| Untracked 
|  76|0x0000000095c00000, 0x0000000095c00000, 0x0000000095d00000|  0%| F|  |TAMS 0x0000000095c00000, 0x0000000095c00000| Untracked 
|  77|0x0000000095d00000, 0x0000000095d00000, 0x0000000095e00000|  0%| F|  |TAMS 0x0000000095d00000, 0x0000000095d00000| Untracked 
|  78|0x0000000095e00000, 0x0000000095e00000, 0x0000000095f00000|  0%| F|  |TAMS 0x0000000095e00000, 0x0000000095e00000| Untracked 
|  79|0x0000000095f00000, 0x0000000095f00000, 0x0000000096000000|  0%| F|  |TAMS 0x0000000095f00000, 0x0000000095f00000| Untracked 
|  80|0x0000000096000000, 0x0000000096000000, 0x0000000096100000|  0%| F|  |TAMS 0x0000000096000000, 0x0000000096000000| Untracked 
|  81|0x0000000096100000, 0x0000000096100000, 0x0000000096200000|  0%| F|  |TAMS 0x0000000096100000, 0x0000000096100000| Untracked 
|  82|0x0000000096200000, 0x0000000096200000, 0x0000000096300000|  0%| F|  |TAMS 0x0000000096200000, 0x0000000096200000| Untracked 
|  83|0x0000000096300000, 0x0000000096300000, 0x0000000096400000|  0%| F|  |TAMS 0x0000000096300000, 0x0000000096300000| Untracked 
|  84|0x0000000096400000, 0x0000000096400000, 0x0000000096500000|  0%| F|  |TAMS 0x0000000096400000, 0x0000000096400000| Untracked 
|  85|0x0000000096500000, 0x0000000096500000, 0x0000000096600000|  0%| F|  |TAMS 0x0000000096500000, 0x0000000096500000| Untracked 
|  86|0x0000000096600000, 0x0000000096600000, 0x0000000096700000|  0%| F|  |TAMS 0x0000000096600000, 0x0000000096600000| Untracked 
|  87|0x0000000096700000, 0x0000000096700000, 0x0000000096800000|  0%| F|  |TAMS 0x0000000096700000, 0x0000000096700000| Untracked 
|  88|0x0000000096800000, 0x0000000096800000, 0x0000000096900000|  0%| F|  |TAMS 0x0000000096800000, 0x0000000096800000| Untracked 
|  89|0x0000000096900000, 0x0000000096900000, 0x0000000096a00000|  0%| F|  |TAMS 0x0000000096900000, 0x0000000096900000| Untracked 
|  90|0x0000000096a00000, 0x0000000096a00000, 0x0000000096b00000|  0%| F|  |TAMS 0x0000000096a00000, 0x0000000096a00000| Untracked 
|  91|0x0000000096b00000, 0x0000000096b00000, 0x0000000096c00000|  0%| F|  |TAMS 0x0000000096b00000, 0x0000000096b00000| Untracked 
|  92|0x0000000096c00000, 0x0000000096c00000, 0x0000000096d00000|  0%| F|  |TAMS 0x0000000096c00000, 0x0000000096c00000| Untracked 
|  93|0x0000000096d00000, 0x0000000096d00000, 0x0000000096e00000|  0%| F|  |TAMS 0x0000000096d00000, 0x0000000096d00000| Untracked 
|  94|0x0000000096e00000, 0x0000000096e00000, 0x0000000096f00000|  0%| F|  |TAMS 0x0000000096e00000, 0x0000000096e00000| Untracked 
|  95|0x0000000096f00000, 0x0000000096f00000, 0x0000000097000000|  0%| F|  |TAMS 0x0000000096f00000, 0x0000000096f00000| Untracked 
|  96|0x0000000097000000, 0x0000000097000000, 0x0000000097100000|  0%| F|  |TAMS 0x0000000097000000, 0x0000000097000000| Untracked 
|  97|0x0000000097100000, 0x0000000097100000, 0x0000000097200000|  0%| F|  |TAMS 0x0000000097100000, 0x0000000097100000| Untracked 
|  98|0x0000000097200000, 0x0000000097200000, 0x0000000097300000|  0%| F|  |TAMS 0x0000000097200000, 0x0000000097200000| Untracked 
|  99|0x0000000097300000, 0x0000000097300000, 0x0000000097400000|  0%| F|  |TAMS 0x0000000097300000, 0x0000000097300000| Untracked 
| 100|0x0000000097400000, 0x0000000097400000, 0x0000000097500000|  0%| F|  |TAMS 0x0000000097400000, 0x0000000097400000| Untracked 
| 101|0x0000000097500000, 0x0000000097500000, 0x0000000097600000|  0%| F|  |TAMS 0x0000000097500000, 0x0000000097500000| Untracked 
| 102|0x0000000097600000, 0x0000000097600000, 0x0000000097700000|  0%| F|  |TAMS 0x0000000097600000, 0x0000000097600000| Untracked 
| 103|0x0000000097700000, 0x0000000097700000, 0x0000000097800000|  0%| F|  |TAMS 0x0000000097700000, 0x0000000097700000| Untracked 
| 104|0x0000000097800000, 0x0000000097800000, 0x0000000097900000|  0%| F|  |TAMS 0x0000000097800000, 0x0000000097800000| Untracked 
| 105|0x0000000097900000, 0x0000000097900000, 0x0000000097a00000|  0%| F|  |TAMS 0x0000000097900000, 0x0000000097900000| Untracked 
| 106|0x0000000097a00000, 0x0000000097aee9a8, 0x0000000097b00000| 93%| S|CS|TAMS 0x0000000097a00000, 0x0000000097a00000| Complete 
| 107|0x0000000097b00000, 0x0000000097bf8570, 0x0000000097c00000| 97%| E|  |TAMS 0x0000000097b00000, 0x0000000097b00000| Complete 
| 108|0x0000000097c00000, 0x0000000097d00000, 0x0000000097d00000|100%| E|CS|TAMS 0x0000000097c00000, 0x0000000097c00000| Complete 
| 109|0x0000000097d00000, 0x0000000097e00000, 0x0000000097e00000|100%| E|CS|TAMS 0x0000000097d00000, 0x0000000097d00000| Complete 
| 110|0x0000000097e00000, 0x0000000097f00000, 0x0000000097f00000|100%| E|CS|TAMS 0x0000000097e00000, 0x0000000097e00000| Complete 
| 111|0x0000000097f00000, 0x0000000098000000, 0x0000000098000000|100%| E|CS|TAMS 0x0000000097f00000, 0x0000000097f00000| Complete 

Card table byte_map: [0x00000251cb1e0000,0x00000251cb560000] _byte_map_base: 0x00000251cad58000

Marking Bits (Prev, Next): (CMBitMap*) 0x00000251b1dc9fa0, (CMBitMap*) 0x00000251b1dc9f60
 Prev Bits: [0x00000251cd4a0000, 0x00000251cf060000)
 Next Bits: [0x00000251cb8e0000, 0x00000251cd4a0000)

Polling page: 0x00000251b1f30000

Metaspace:

Usage:
  Non-class:     17.95 MB used.
      Class:      3.09 MB used.
       Both:     21.04 MB used.

Virtual space:
  Non-class space:       64.00 MB reserved,      18.12 MB ( 28%) committed,  1 nodes.
      Class space:        1.00 GB reserved,       3.31 MB ( <1%) committed,  1 nodes.
             Both:        1.06 GB reserved,      21.44 MB (  2%) committed. 

Chunk freelists:
   Non-Class:  13.91 MB
       Class:  12.56 MB
        Both:  26.47 MB

MaxMetaspaceSize: unlimited
CompressedClassSpaceSize: 1.00 GB
Initial GC threshold: 21.00 MB
Current GC threshold: 35.12 MB
CDS: on
MetaspaceReclaimPolicy: balanced
 - commit_granule_bytes: 65536.
 - commit_granule_words: 8192.
 - virtual_space_node_default_size: 8388608.
 - enlarge_chunks_in_place: 1.
 - new_chunks_are_fully_committed: 0.
 - uncommit_free_chunks: 1.
 - use_allocation_guard: 0.
 - handle_deallocations: 1.


Internal statistics:

num_allocs_failed_limit: 3.
num_arena_births: 412.
num_arena_deaths: 0.
num_vsnodes_births: 2.
num_vsnodes_deaths: 0.
num_space_committed: 343.
num_space_uncommitted: 0.
num_chunks_returned_to_freelist: 3.
num_chunks_taken_from_freelist: 1221.
num_chunk_merges: 3.
num_chunk_splits: 810.
num_chunks_enlarged: 553.
num_inconsistent_stats: 0.

CodeHeap 'non-profiled nmethods': size=120000Kb used=2651Kb max_used=2651Kb free=117349Kb
 bounds [0x00000251c3600000, 0x00000251c38a0000, 0x00000251cab30000]
CodeHeap 'profiled nmethods': size=120000Kb used=10309Kb max_used=10309Kb free=109690Kb
 bounds [0x00000251bbb30000, 0x00000251bc550000, 0x00000251c3060000]
CodeHeap 'non-nmethods': size=5760Kb used=1524Kb max_used=1602Kb free=4235Kb
 bounds [0x00000251c3060000, 0x00000251c32d0000, 0x00000251c3600000]
 total_blobs=5562 nmethods=4741 adapters=733
 compilation: enabled
              stopped_count=0, restarted_count=0
 full_count=0

Compilation events (20 events):
Event: 283.175 Thread 0x00000251d1a80250 4736       3       java.util.LinkedList::checkElementIndex (22 bytes)
Event: 283.176 Thread 0x00000251d1a80250 nmethod 4736 0x00000251bc53b510 code [0x00000251bc53b760, 0x00000251bc53bea8]
Event: 283.180 Thread 0x00000251d1a7cdc0 nmethod 4737% 0x00000251c3893090 code [0x00000251c3893220, 0x00000251c3893418]
Event: 283.180 Thread 0x00000251d1a7cdc0 4738       4       java.util.LinkedList::node (65 bytes)
Event: 283.185 Thread 0x00000251d1a7cdc0 nmethod 4738 0x00000251c3893510 code [0x00000251c3893680, 0x00000251c3893838]
Event: 283.189 Thread 0x00000251d1a80250 4739 %     3       java.util.LinkedList::node @ 47 (65 bytes)
Event: 283.189 Thread 0x00000251d1a80250 nmethod 4739% 0x00000251bc53c190 code [0x00000251bc53c340, 0x00000251bc53c678]
Event: 283.189 Thread 0x00000251d1a7cdc0 4740 %     4       java.util.LinkedList::node @ 47 (65 bytes)
Event: 283.194 Thread 0x00000251d1a7cdc0 nmethod 4740% 0x00000251c3893910 code [0x00000251c3893aa0, 0x00000251c3893c98]
Event: 283.194 Thread 0x00000251d1a7cdc0 4741       4       java.util.LinkedList::node (65 bytes)
Event: 283.201 Thread 0x00000251d1a7cdc0 nmethod 4741 0x00000251c3893d90 code [0x00000251c3893f00, 0x00000251c38941b8]
Event: 283.201 Thread 0x00000251d1a7cdc0 4742       4       com.sun.javafx.tk.quantum.QuantumToolkit::postPulse (133 bytes)
Event: 283.213 Thread 0x00000251d1a7cdc0 nmethod 4742 0x00000251c3894310 code [0x00000251c3894500, 0x00000251c3894d00]
Event: 283.213 Thread 0x00000251d1a7cdc0 4743       4       java.util.LinkedList::get (14 bytes)
Event: 283.221 Thread 0x00000251d1a7cdc0 nmethod 4743 0x00000251c3895310 code [0x00000251c38954a0, 0x00000251c38957b8]
Event: 283.221 Thread 0x00000251d1a7cdc0 4744       4       com.sun.javafx.tk.quantum.QuantumToolkit$$Lambda$90/0x00000251d30379e0::run (8 bytes)
Event: 283.233 Thread 0x00000251d1a7cdc0 nmethod 4744 0x00000251c3895990 code [0x00000251c3895b80, 0x00000251c38964b0]
Event: 283.257 Thread 0x00000251d1a80250 4745 %     3       optiuam.bc.model.Fuente::calcularDatos @ 51 (169 bytes)
Event: 283.260 Thread 0x00000251d1a80250 nmethod 4745% 0x00000251bc53c810 code [0x00000251bc53cba0, 0x00000251bc53e5a8]
Event: 283.261 Thread 0x00000251d1a80250 4746       3       optiuam.bc.model.Fuente::calcularDatos (169 bytes)

GC Heap History (8 events):
Event: 1.201 GC heap before
{Heap before GC invocations=0 (full 0):
 garbage-first heap   total 114688K, used 22528K [0x0000000091000000, 0x0000000100000000)
  region size 1024K, 23 young (23552K), 0 survivors (0K)
 Metaspace       used 4564K, committed 4736K, reserved 1114112K
  class space    used 513K, committed 640K, reserved 1048576K
}
Event: 1.205 GC heap after
{Heap after GC invocations=1 (full 0):
 garbage-first heap   total 114688K, used 2901K [0x0000000091000000, 0x0000000100000000)
  region size 1024K, 3 young (3072K), 3 survivors (3072K)
 Metaspace       used 4564K, committed 4736K, reserved 1114112K
  class space    used 513K, committed 640K, reserved 1048576K
}
Event: 4.570 GC heap before
{Heap before GC invocations=1 (full 0):
 garbage-first heap   total 114688K, used 39765K [0x0000000091000000, 0x0000000100000000)
  region size 1024K, 36 young (36864K), 3 survivors (3072K)
 Metaspace       used 10589K, committed 10816K, reserved 1114112K
  class space    used 1383K, committed 1472K, reserved 1048576K
}
Event: 4.581 GC heap after
{Heap after GC invocations=2 (full 0):
 garbage-first heap   total 114688K, used 8359K [0x0000000091000000, 0x0000000100000000)
  region size 1024K, 4 young (4096K), 4 survivors (4096K)
 Metaspace       used 10589K, committed 10816K, reserved 1114112K
  class space    used 1383K, committed 1472K, reserved 1048576K
}
Event: 11.793 GC heap before
{Heap before GC invocations=2 (full 0):
 garbage-first heap   total 114688K, used 82087K [0x0000000091000000, 0x0000000100000000)
  region size 1024K, 57 young (58368K), 4 survivors (4096K)
 Metaspace       used 20530K, committed 20800K, reserved 1114112K
  class space    used 3011K, committed 3136K, reserved 1048576K
}
Event: 11.811 GC heap after
{Heap after GC invocations=3 (full 0):
 garbage-first heap   total 114688K, used 33384K [0x0000000091000000, 0x0000000100000000)
  region size 1024K, 8 young (8192K), 8 survivors (8192K)
 Metaspace       used 20530K, committed 20800K, reserved 1114112K
  class space    used 3011K, committed 3136K, reserved 1048576K
}
Event: 29.859 GC heap before
{Heap before GC invocations=3 (full 0):
 garbage-first heap   total 114688K, used 37480K [0x0000000091000000, 0x0000000100000000)
  region size 1024K, 13 young (13312K), 8 survivors (8192K)
 Metaspace       used 21266K, committed 21504K, reserved 1114112K
  class space    used 3103K, committed 3264K, reserved 1048576K
}
Event: 29.871 GC heap after
{Heap after GC invocations=4 (full 0):
 garbage-first heap   total 114688K, used 34590K [0x0000000091000000, 0x0000000100000000)
  region size 1024K, 1 young (1024K), 1 survivors (1024K)
 Metaspace       used 21266K, committed 21504K, reserved 1114112K
  class space    used 3103K, committed 3264K, reserved 1048576K
}

Dll operation events (20 events):
Event: 0.775 Loaded shared library D:\Proyecto Terminal\openjfx-22.0.1_windows-x64_bin-sdk\javafx-sdk-22.0.1\bin\api-ms-win-crt-math-l1-1-0.dll
Event: 0.778 Loaded shared library D:\Proyecto Terminal\openjfx-22.0.1_windows-x64_bin-sdk\javafx-sdk-22.0.1\bin\api-ms-win-crt-multibyte-l1-1-0.dll
Event: 0.780 Loaded shared library D:\Proyecto Terminal\openjfx-22.0.1_windows-x64_bin-sdk\javafx-sdk-22.0.1\bin\api-ms-win-crt-private-l1-1-0.dll
Event: 0.782 Loaded shared library D:\Proyecto Terminal\openjfx-22.0.1_windows-x64_bin-sdk\javafx-sdk-22.0.1\bin\api-ms-win-crt-process-l1-1-0.dll
Event: 0.785 Loaded shared library D:\Proyecto Terminal\openjfx-22.0.1_windows-x64_bin-sdk\javafx-sdk-22.0.1\bin\api-ms-win-crt-runtime-l1-1-0.dll
Event: 0.787 Loaded shared library D:\Proyecto Terminal\openjfx-22.0.1_windows-x64_bin-sdk\javafx-sdk-22.0.1\bin\api-ms-win-crt-stdio-l1-1-0.dll
Event: 0.789 Loaded shared library D:\Proyecto Terminal\openjfx-22.0.1_windows-x64_bin-sdk\javafx-sdk-22.0.1\bin\api-ms-win-crt-string-l1-1-0.dll
Event: 0.791 Loaded shared library D:\Proyecto Terminal\openjfx-22.0.1_windows-x64_bin-sdk\javafx-sdk-22.0.1\bin\api-ms-win-crt-time-l1-1-0.dll
Event: 0.793 Loaded shared library D:\Proyecto Terminal\openjfx-22.0.1_windows-x64_bin-sdk\javafx-sdk-22.0.1\bin\api-ms-win-crt-utility-l1-1-0.dll
Event: 0.796 Loaded shared library D:\Proyecto Terminal\openjfx-22.0.1_windows-x64_bin-sdk\javafx-sdk-22.0.1\bin\ucrtbase.dll
Event: 0.798 Loaded shared library D:\Proyecto Terminal\openjfx-22.0.1_windows-x64_bin-sdk\javafx-sdk-22.0.1\bin\vcruntime140.dll
Event: 0.800 Loaded shared library D:\Proyecto Terminal\openjfx-22.0.1_windows-x64_bin-sdk\javafx-sdk-22.0.1\bin\vcruntime140_1.dll
Event: 0.803 Loaded shared library D:\Proyecto Terminal\openjfx-22.0.1_windows-x64_bin-sdk\javafx-sdk-22.0.1\bin\msvcp140.dll
Event: 0.805 Loaded shared library D:\Proyecto Terminal\openjfx-22.0.1_windows-x64_bin-sdk\javafx-sdk-22.0.1\bin\msvcp140_1.dll
Event: 0.807 Loaded shared library D:\Proyecto Terminal\openjfx-22.0.1_windows-x64_bin-sdk\javafx-sdk-22.0.1\bin\msvcp140_2.dll
Event: 0.883 Loaded shared library D:\Proyecto Terminal\openjfx-22.0.1_windows-x64_bin-sdk\javafx-sdk-22.0.1\bin\prism_d3d.dll
Event: 0.952 Loaded shared library D:\Proyecto Terminal\openjfx-22.0.1_windows-x64_bin-sdk\javafx-sdk-22.0.1\bin\glass.dll
Event: 1.155 Loaded shared library C:\Users\diego\.jdks\corretto-17.0.13\bin\jimage.dll
Event: 2.197 Loaded shared library D:\Proyecto Terminal\openjfx-22.0.1_windows-x64_bin-sdk\javafx-sdk-22.0.1\bin\javafx_font.dll
Event: 7.866 Loaded shared library D:\Proyecto Terminal\openjfx-22.0.1_windows-x64_bin-sdk\javafx-sdk-22.0.1\bin\javafx_iio.dll

Deoptimization events (20 events):
Event: 34.183 Thread 0x00000251d1a6e570 Uncommon trap: trap_request=0xffffffcc fr.pc=0x00000251c386fb34 relative=0x0000000000000214
Event: 34.183 Thread 0x00000251d1a6e570 Uncommon trap: reason=intrinsic_or_type_checked_inlining action=make_not_entrant pc=0x00000251c386fb34 method=java.util.Arrays.copyOf([Ljava/lang/Object;ILjava/lang/Class;)[Ljava/lang/Object; @ 35 c2
Event: 34.183 Thread 0x00000251d1a6e570 DEOPT PACKING pc=0x00000251c386fb34 sp=0x00000099cf5f77f0
Event: 34.183 Thread 0x00000251d1a6e570 DEOPT UNPACKING pc=0x00000251c30b69a3 sp=0x00000099cf5f7790 mode 2
Event: 283.180 Thread 0x00000251d1a6e570 DEOPT PACKING pc=0x00000251bc53ab54 sp=0x00000099cf5f8b90
Event: 283.180 Thread 0x00000251d1a6e570 DEOPT UNPACKING pc=0x00000251c30b7143 sp=0x00000099cf5f8018 mode 0
Event: 283.180 Thread 0x00000251d1a6e570 DEOPT PACKING pc=0x00000251bc53ab54 sp=0x00000099cf5f8b90
Event: 283.181 Thread 0x00000251d1a6e570 DEOPT UNPACKING pc=0x00000251c30b7143 sp=0x00000099cf5f8018 mode 0
Event: 283.181 Thread 0x00000251d1a6e570 DEOPT PACKING pc=0x00000251bc53ab54 sp=0x00000099cf5f8b90
Event: 283.181 Thread 0x00000251d1a6e570 DEOPT UNPACKING pc=0x00000251c30b7143 sp=0x00000099cf5f8018 mode 0
Event: 283.181 Thread 0x00000251d1a6e570 DEOPT PACKING pc=0x00000251bc53ab54 sp=0x00000099cf5f8b90
Event: 283.181 Thread 0x00000251d1a6e570 DEOPT UNPACKING pc=0x00000251c30b7143 sp=0x00000099cf5f8018 mode 0
Event: 283.181 Thread 0x00000251d1a6e570 DEOPT PACKING pc=0x00000251bc53ab54 sp=0x00000099cf5f8b90
Event: 283.182 Thread 0x00000251d1a6e570 DEOPT UNPACKING pc=0x00000251c30b7143 sp=0x00000099cf5f8018 mode 0
Event: 283.186 Thread 0x00000251d1a6e570 Uncommon trap: trap_request=0xffffff45 fr.pc=0x00000251c3893804 relative=0x0000000000000184
Event: 283.186 Thread 0x00000251d1a6e570 Uncommon trap: reason=unstable_if action=reinterpret pc=0x00000251c3893804 method=java.util.LinkedList.node(I)Ljava/util/LinkedList$Node; @ 7 c2
Event: 283.186 Thread 0x00000251d1a6e570 DEOPT PACKING pc=0x00000251c3893804 sp=0x00000099cf5f8ba0
Event: 283.186 Thread 0x00000251d1a6e570 DEOPT UNPACKING pc=0x00000251c30b69a3 sp=0x00000099cf5f8b18 mode 2
Event: 283.262 Thread 0x000002521e457270 DEOPT PACKING pc=0x00000251c3788b4c sp=0x00000099cd9ff1e0
Event: 283.262 Thread 0x000002521e457270 DEOPT UNPACKING pc=0x00000251c30b7143 sp=0x00000099cd9fe600 mode 1

Classes loaded (20 events):
Event: 29.908 Loading class javafx/collections/ListChangeListener$Change
Event: 29.908 Loading class javafx/collections/ListChangeListener$Change done
Event: 29.908 Loading class javafx/collections/ListChangeListener$Change
Event: 29.908 Loading class javafx/collections/ListChangeListener$Change done
Event: 29.909 Loading class javafx/scene/control/skin/ButtonBarSkin
Event: 29.909 Loading class javafx/scene/control/skin/ButtonBarSkin done
Event: 29.909 Loading class javafx/scene/control/skin/ButtonBarSkin
Event: 29.909 Loading class javafx/scene/control/skin/ButtonBarSkin done
Event: 29.994 Loading class java/util/Formatter$FixedString
Event: 29.994 Loading class java/util/Formatter$FixedString done
Event: 32.878 Loading class java/io/DataOutputStream
Event: 32.879 Loading class java/io/DataOutputStream done
Event: 34.185 Loading class optiuam/bc/model/GeneradorSeAl
Event: 34.185 Loading class optiuam/bc/model/GeneradorSeAl done
Event: 283.257 Loading class jdk/internal/misc/Signal$1
Event: 283.257 Loading class jdk/internal/misc/Signal$1 done
Event: 283.260 Loading class com/sun/javafx/tk/quantum/QuantumRenderer
Event: 283.260 Loading class com/sun/javafx/tk/quantum/QuantumRenderer done
Event: 283.261 Loading class com/sun/javafx/tk/quantum/QuantumToolkit
Event: 283.261 Loading class com/sun/javafx/tk/quantum/QuantumToolkit done

Classes unloaded (0 events):
No events

Classes redefined (0 events):
No events

Internal exceptions (20 events):
Event: 5.323 Thread 0x00000251d1a6e570 Exception <a 'java/lang/NoSuchMethodError'{0x0000000096f9edd8}: 'void java.lang.invoke.DirectMethodHandle$Holder.invokeSpecialIFC(java.lang.Object, java.lang.Object, java.lang.Object, java.lang.Object)'> (0x0000000096f9edd8) 
thrown [s\src\hotspot\share\interpreter\linkResolver.cpp, line 759]
Event: 5.572 Thread 0x00000251d1a6e570 Exception <a 'java/lang/NoSuchMethodError'{0x0000000096858128}: 'void java.lang.invoke.DirectMethodHandle$Holder.invokeSpecial(java.lang.Object, java.lang.Object, java.lang.Object, java.lang.Object, java.lang.Object, java.lang.Object)'> (0x0000000096858128) 
thrown [s\src\hotspot\share\interpreter\linkResolver.cpp, line 759]
Event: 5.917 Thread 0x00000251d1a6e060 Exception <a 'java/lang/NoSuchMethodError'{0x000000009623f4a0}: 'java.lang.Object java.lang.invoke.DirectMethodHandle$Holder.invokeStaticInit(java.lang.Object, int)'> (0x000000009623f4a0) 
thrown [s\src\hotspot\share\interpreter\linkResolver.cpp, line 759]
Event: 7.769 Thread 0x00000251d1a6e570 Exception <a 'java/lang/NoSuchMethodError'{0x0000000095e765e0}: 'long java.lang.invoke.DirectMethodHandle$Holder.invokeStatic(java.lang.Object, java.lang.Object, java.lang.Object)'> (0x0000000095e765e0) 
thrown [s\src\hotspot\share\interpreter\linkResolver.cpp, line 759]
Event: 7.770 Thread 0x00000251d1a6e570 Exception <a 'java/lang/NoSuchMethodError'{0x0000000095e79d88}: 'long java.lang.invoke.DirectMethodHandle$Holder.invokeStaticInit(java.lang.Object, java.lang.Object, java.lang.Object)'> (0x0000000095e79d88) 
thrown [s\src\hotspot\share\interpreter\linkResolver.cpp, line 759]
Event: 7.777 Thread 0x00000251d1a6e570 Exception <a 'java/lang/NoSuchMethodError'{0x0000000095e91b48}: 'java.lang.Object java.lang.invoke.DirectMethodHandle$Holder.newInvokeSpecial(java.lang.Object, java.lang.Object, long)'> (0x0000000095e91b48) 
thrown [s\src\hotspot\share\interpreter\linkResolver.cpp, line 759]
Event: 7.777 Thread 0x00000251d1a6e570 Exception <a 'java/lang/NoSuchMethodError'{0x0000000095e956b8}: 'java.lang.Object java.lang.invoke.Invokers$Holder.linkToTargetMethod(java.lang.Object, long, java.lang.Object)'> (0x0000000095e956b8) 
thrown [s\src\hotspot\share\interpreter\linkResolver.cpp, line 759]
Event: 8.082 Thread 0x00000251d1a6e570 Exception <a 'java/lang/ClassNotFoundException'{0x000000009535ffe0}: com/sun/javafx/scene/control/skin/resources/controls> (0x000000009535ffe0) 
thrown [s\src\hotspot\share\prims\jni.cpp, line 535]
Event: 8.084 Thread 0x00000251d1a6e570 Exception <a 'java/lang/ClassNotFoundException'{0x000000009536e990}: com/sun/javafx/scene/control/skin/resources/controls_es> (0x000000009536e990) 
thrown [s\src\hotspot\share\prims\jni.cpp, line 535]
Event: 8.086 Thread 0x00000251d1a6e570 Exception <a 'java/lang/ClassNotFoundException'{0x000000009537cb70}: com/sun/javafx/scene/control/skin/resources/controls_es_MX> (0x000000009537cb70) 
thrown [s\src\hotspot\share\prims\jni.cpp, line 535]
Event: 8.141 Thread 0x00000251d1a6e570 Exception <a 'java/lang/NoSuchMethodError'{0x0000000095109d00}: 'int java.lang.invoke.DirectMethodHandle$Holder.invokeSpecial(java.lang.Object, java.lang.Object, int)'> (0x0000000095109d00) 
thrown [s\src\hotspot\share\interpreter\linkResolver.cpp, line 759]
Event: 8.420 Thread 0x00000251d1a6e570 Exception <a 'java/lang/NoSuchMethodError'{0x0000000094b1f890}: 'void java.lang.invoke.DirectMethodHandle$Holder.invokeVirtual(java.lang.Object, java.lang.Object)'> (0x0000000094b1f890) 
thrown [s\src\hotspot\share\interpreter\linkResolver.cpp, line 759]
Event: 9.486 Thread 0x00000251d1a6e570 Exception <a 'java/lang/NoSuchMethodError'{0x00000000949661a0}: 'java.lang.Object java.lang.invoke.DirectMethodHandle$Holder.newInvokeSpecial(java.lang.Object, java.lang.Object, int, int, int, int, int, java.lang.Object)'> (0x00000000949661a0) 
thrown [s\src\hotspot\share\interpreter\linkResolver.cpp, line 759]
Event: 9.489 Thread 0x00000251d1a6e570 Exception <a 'java/lang/NoSuchMethodError'{0x00000000949796c8}: 'java.lang.Object java.lang.invoke.DirectMethodHandle$Holder.newInvokeSpecial(java.lang.Object, java.lang.Object, java.lang.Object, int, int, int, int, int)'> (0x00000000949796c8) 
thrown [s\src\hotspot\share\interpreter\linkResolver.cpp, line 759]
Event: 9.490 Thread 0x00000251d1a6e570 Exception <a 'java/lang/NoSuchMethodError'{0x0000000094981720}: 'java.lang.Object java.lang.invoke.Invokers$Holder.linkToTargetMethod(java.lang.Object, java.lang.Object, int, int, int, int, int, java.lang.Object)'> (0x0000000094981720) 
thrown [s\src\hotspot\share\interpreter\linkResolver.cpp, line 759]
Event: 32.892 Thread 0x00000251d1a6e570 Exception <a 'java/lang/NoSuchMethodError'{0x0000000097daee80}: 'java.lang.Object java.lang.invoke.DirectMethodHandle$Holder.invokeSpecial(java.lang.Object, java.lang.Object, long, java.lang.Object, int, int, java.lang.Object, int, java.lang.Object)'> (0x0000000097daee80) 
thrown [s\src\hotspot\share\interpreter\linkResolver.cpp, line 759]
Event: 32.893 Thread 0x00000251d1a6e570 Exception <a 'java/lang/NoSuchMethodError'{0x0000000097db3388}: 'java.lang.Object java.lang.invoke.DelegatingMethodHandle$Holder.reinvoke_L(java.lang.Object, long, java.lang.Object, int, int, java.lang.Object, int, java.lang.Object)'> (0x0000000097db3388) 
thrown [s\src\hotspot\share\interpreter\linkResolver.cpp, line 759]
Event: 32.907 Thread 0x00000251d1a6e570 Exception <a 'java/lang/NoSuchMethodError'{0x0000000097c11458}: 'java.lang.Object java.lang.invoke.DelegatingMethodHandle$Holder.reinvoke_L(java.lang.Object, java.lang.Object, long, java.lang.Object, int, java.lang.Object, java.lang.Object, java.lang.Object, java.lang.Object, java.lang.Object, java.lang.Object, java.lang.Object, java.lang.Object, int, int)'> (0x0000000097c11458) 
thrown [s\src\hotspot\share\interpreter\linkResolver.cpp, line 759]
Event: 32.917 Thread 0x00000251d1a6e570 Exception <a 'java/lang/NoSuchMethodError'{0x0000000097c56410}: 'java.lang.Object java.lang.invoke.DirectMethodHandle$Holder.invokeSpecial(java.lang.Object, java.lang.Object, long, java.lang.Object, int, java.lang.Object, java.lang.Object, java.lang.Object, java.lang.Object, java.lang.Object, java.lang.Object, java.lang.Object, java.lang.Object, int, int)'> (0x0000000097c56410) 
thrown [s\src\hotspot\share\interpreter\linkResolver.cpp, line 759]
Event: 32.917 Thread 0x00000251d1a6e570 Exception <a 'java/lang/NoSuchMethodError'{0x0000000097c5b270}: 'java.lang.Object java.lang.invoke.DelegatingMethodHandle$Holder.reinvoke_L(java.lang.Object, long, java.lang.Object, int, java.lang.Object, java.lang.Object, java.lang.Object, java.lang.Object, java.lang.Object, java.lang.Object, java.lang.Object, java.lang.Object, int, int)'> (0x0000000097c5b270) 
thrown [s\src\hotspot\share\interpreter\linkResolver.cpp, line 759]

VM Operations (20 events):
Event: 60.081 Executing VM operation: HandshakeAllThreads done
Event: 65.729 Executing VM operation: get/set locals
Event: 65.730 Executing VM operation: get/set locals done
Event: 283.171 Executing VM operation: ChangeBreakpoints
Event: 283.171 Executing VM operation: ChangeBreakpoints done
Event: 283.184 Executing VM operation: ChangeBreakpoints
Event: 283.184 Executing VM operation: ChangeBreakpoints done
Event: 283.185 Executing VM operation: ChangeBreakpoints
Event: 283.185 Executing VM operation: ChangeBreakpoints done
Event: 283.185 Executing VM operation: ChangeBreakpoints
Event: 283.185 Executing VM operation: ChangeBreakpoints done
Event: 283.185 Executing VM operation: ChangeBreakpoints
Event: 283.185 Executing VM operation: ChangeBreakpoints done
Event: 283.185 Executing VM operation: ChangeBreakpoints
Event: 283.185 Executing VM operation: ChangeBreakpoints done
Event: 283.185 Executing VM operation: ChangeBreakpoints
Event: 283.185 Executing VM operation: ChangeBreakpoints done
Event: 283.185 Executing VM operation: ChangeBreakpoints
Event: 283.185 Executing VM operation: ChangeBreakpoints done
Event: 283.263 Executing VM operation: Exit

Memory protections (0 events):
No events

Nmethod flushes (0 events):
No events

Events (20 events):
Event: 7.336 Thread 0x0000025217f331e0 Thread exited: 0x0000025217f331e0
Event: 7.353 Thread 0x00000251d1a80250 Thread added: 0x0000025217f331e0
Event: 7.516 Thread 0x0000025217f331e0 Thread exited: 0x0000025217f331e0
Event: 7.991 Thread 0x00000251d1a7cdc0 Thread added: 0x0000025217f331e0
Event: 8.195 Thread 0x00000251d1a80250 Thread added: 0x0000025223423000
Event: 8.627 Thread 0x0000025223423000 Thread exited: 0x0000025223423000
Event: 8.672 Thread 0x0000025217f331e0 Thread exited: 0x0000025217f331e0
Event: 10.376 Thread 0x00000251d1a80250 Thread added: 0x0000025222fc9390
Event: 11.639 Thread 0x0000025222fc9390 Thread exited: 0x0000025222fc9390
Event: 12.121 Thread 0x00000251d1a80250 Thread added: 0x00000252218ad530
Event: 12.414 Thread 0x00000252218ad530 Thread exited: 0x00000252218ad530
Event: 30.000 Thread 0x00000251d1a80250 Thread added: 0x000002522551bab0
Event: 30.774 Thread 0x000002522551bab0 Thread exited: 0x000002522551bab0
Event: 283.185 Thread 0x00000251d1a6d640 Thread exited: 0x00000251d1a6d640
Event: 283.193 Thread 0x0000025217694ff0 Thread exited: 0x0000025217694ff0
Event: 283.257 Thread 0x00000251d1a67a30 Thread added: 0x000002521e45a510
Event: 283.259 Thread 0x000002521e45a510 Thread added: 0x000002521e457270
Event: 283.259 Thread 0x000002521e45a510 Thread added: 0x000002521e45d7b0
Event: 283.260 Thread 0x000002521e45d7b0 Thread exited: 0x000002521e45d7b0
Event: 283.262 Thread 0x000002521e457270 Thread exited: 0x000002521e457270


Dynamic libraries:
0x00007ff63f2d0000 - 0x00007ff63f2de000 	C:\Users\diego\.jdks\corretto-17.0.13\bin\java.exe
0x00007ff98ad90000 - 0x00007ff98afa7000 	C:\Windows\SYSTEM32\ntdll.dll
0x00007ff98a6d0000 - 0x00007ff98a794000 	C:\Windows\System32\KERNEL32.DLL
0x00007ff9886f0000 - 0x00007ff988aa9000 	C:\Windows\System32\KERNELBASE.dll
0x00007ff988340000 - 0x00007ff988451000 	C:\Windows\System32\ucrtbase.dll
0x00007ff981e20000 - 0x00007ff981e37000 	C:\Users\diego\.jdks\corretto-17.0.13\bin\jli.dll
0x00007ff981e00000 - 0x00007ff981e1b000 	C:\Users\diego\.jdks\corretto-17.0.13\bin\VCRUNTIME140.dll
0x00007ff98a910000 - 0x00007ff98aabe000 	C:\Windows\System32\USER32.dll
0x00007ff988550000 - 0x00007ff988576000 	C:\Windows\System32\win32u.dll
0x00007ff96f2a0000 - 0x00007ff96f532000 	C:\Windows\WinSxS\amd64_microsoft.windows.common-controls_6595b64144ccf1df_6.0.22621.4391_none_2715d37f73803e96\COMCTL32.dll
0x00007ff9894c0000 - 0x00007ff9894e9000 	C:\Windows\System32\GDI32.dll
0x00007ff98a7e0000 - 0x00007ff98a887000 	C:\Windows\System32\msvcrt.dll
0x00007ff988160000 - 0x00007ff98827b000 	C:\Windows\System32\gdi32full.dll
0x00007ff988090000 - 0x00007ff98812a000 	C:\Windows\System32\msvcp_win.dll
0x00007ff98a7a0000 - 0x00007ff98a7d1000 	C:\Windows\System32\IMM32.DLL
0x00007ff981db0000 - 0x00007ff981dbc000 	C:\Users\diego\.jdks\corretto-17.0.13\bin\vcruntime140_1.dll
0x00007ff977760000 - 0x00007ff9777ed000 	C:\Users\diego\.jdks\corretto-17.0.13\bin\msvcp140.dll
0x00007ff930e40000 - 0x00007ff931aac000 	C:\Users\diego\.jdks\corretto-17.0.13\bin\server\jvm.dll
0x00007ff98a500000 - 0x00007ff98a5b2000 	C:\Windows\System32\ADVAPI32.dll
0x00007ff98abf0000 - 0x00007ff98ac97000 	C:\Windows\System32\sechost.dll
0x00007ff988130000 - 0x00007ff988158000 	C:\Windows\System32\bcrypt.dll
0x00007ff989340000 - 0x00007ff989454000 	C:\Windows\System32\RPCRT4.dll
0x00007ff98ab70000 - 0x00007ff98abe1000 	C:\Windows\System32\WS2_32.dll
0x00007ff987f60000 - 0x00007ff987fad000 	C:\Windows\SYSTEM32\POWRPROF.dll
0x00007ff984a20000 - 0x00007ff984a54000 	C:\Windows\SYSTEM32\WINMM.dll
0x00007ff980370000 - 0x00007ff98037a000 	C:\Windows\SYSTEM32\VERSION.dll
0x00007ff987f40000 - 0x00007ff987f53000 	C:\Windows\SYSTEM32\UMPDC.dll
0x00007ff9870d0000 - 0x00007ff9870e8000 	C:\Windows\SYSTEM32\kernel.appcore.dll
0x00007ff981da0000 - 0x00007ff981daa000 	C:\Users\diego\.jdks\corretto-17.0.13\bin\jimage.dll
0x00007ff985530000 - 0x00007ff985762000 	C:\Windows\SYSTEM32\DBGHELP.DLL
0x00007ff98a110000 - 0x00007ff98a49f000 	C:\Windows\System32\combase.dll
0x00007ff989bc0000 - 0x00007ff989c97000 	C:\Windows\System32\OLEAUT32.dll
0x00007ff95cb90000 - 0x00007ff95cbc2000 	C:\Windows\SYSTEM32\dbgcore.DLL
0x00007ff9884d0000 - 0x00007ff98854b000 	C:\Windows\System32\bcryptPrimitives.dll
0x00007ff976d40000 - 0x00007ff976d7b000 	C:\Users\diego\.jdks\corretto-17.0.13\bin\jdwp.dll
0x00007ff980cb0000 - 0x00007ff980cbe000 	C:\Users\diego\.jdks\corretto-17.0.13\bin\instrument.dll
0x00007ff977730000 - 0x00007ff977755000 	C:\Users\diego\.jdks\corretto-17.0.13\bin\java.dll
0x00007ff980c80000 - 0x00007ff980c98000 	C:\Users\diego\.jdks\corretto-17.0.13\bin\zip.dll
0x00007ff976ef0000 - 0x00007ff976fc7000 	C:\Users\diego\.jdks\corretto-17.0.13\bin\jsvml.dll
0x00007ff988ac0000 - 0x00007ff989336000 	C:\Windows\System32\SHELL32.dll
0x00007ff985fd0000 - 0x00007ff9868d3000 	C:\Windows\SYSTEM32\windows.storage.dll
0x00007ff985e90000 - 0x00007ff985fcf000 	C:\Windows\SYSTEM32\wintypes.dll
0x00007ff989ca0000 - 0x00007ff989d99000 	C:\Windows\System32\SHCORE.dll
0x00007ff989da0000 - 0x00007ff989dfe000 	C:\Windows\System32\shlwapi.dll
0x00007ff987fc0000 - 0x00007ff987feb000 	C:\Windows\SYSTEM32\profapi.dll
0x00007ff977710000 - 0x00007ff977729000 	C:\Users\diego\.jdks\corretto-17.0.13\bin\net.dll
0x00007ff9815e0000 - 0x00007ff981716000 	C:\Windows\SYSTEM32\WINHTTP.dll
0x00007ff987550000 - 0x00007ff9875b9000 	C:\Windows\system32\mswsock.dll
0x00007ff977210000 - 0x00007ff977226000 	C:\Users\diego\.jdks\corretto-17.0.13\bin\nio.dll
0x00007ff976e50000 - 0x00007ff976e5c000 	C:\Users\diego\.jdks\corretto-17.0.13\bin\dt_socket.dll
0x00007ff986b40000 - 0x00007ff986b6d000 	C:\Windows\SYSTEM32\IPHLPAPI.DLL
0x00000251b1ff0000 - 0x00000251b1ff3000 	D:\Proyecto Terminal\openjfx-22.0.1_windows-x64_bin-sdk\javafx-sdk-22.0.1\bin\api-ms-win-core-console-l1-1-0.dll
0x00000251b3ee0000 - 0x00000251b3ee3000 	D:\Proyecto Terminal\openjfx-22.0.1_windows-x64_bin-sdk\javafx-sdk-22.0.1\bin\api-ms-win-core-console-l1-2-0.dll
0x00000251b3ef0000 - 0x00000251b3ef3000 	D:\Proyecto Terminal\openjfx-22.0.1_windows-x64_bin-sdk\javafx-sdk-22.0.1\bin\api-ms-win-core-datetime-l1-1-0.dll
0x00000251b3f00000 - 0x00000251b3f03000 	D:\Proyecto Terminal\openjfx-22.0.1_windows-x64_bin-sdk\javafx-sdk-22.0.1\bin\api-ms-win-core-debug-l1-1-0.dll
0x00000251b3f10000 - 0x00000251b3f13000 	D:\Proyecto Terminal\openjfx-22.0.1_windows-x64_bin-sdk\javafx-sdk-22.0.1\bin\api-ms-win-core-errorhandling-l1-1-0.dll
0x00000251b3f20000 - 0x00000251b3f24000 	D:\Proyecto Terminal\openjfx-22.0.1_windows-x64_bin-sdk\javafx-sdk-22.0.1\bin\api-ms-win-core-file-l1-1-0.dll
0x00000251b3f30000 - 0x00000251b3f33000 	D:\Proyecto Terminal\openjfx-22.0.1_windows-x64_bin-sdk\javafx-sdk-22.0.1\bin\api-ms-win-core-file-l1-2-0.dll
0x00000251b3f40000 - 0x00000251b3f43000 	D:\Proyecto Terminal\openjfx-22.0.1_windows-x64_bin-sdk\javafx-sdk-22.0.1\bin\api-ms-win-core-file-l2-1-0.dll
0x00000251b3f50000 - 0x00000251b3f53000 	D:\Proyecto Terminal\openjfx-22.0.1_windows-x64_bin-sdk\javafx-sdk-22.0.1\bin\api-ms-win-core-handle-l1-1-0.dll
0x00000251b3f60000 - 0x00000251b3f63000 	D:\Proyecto Terminal\openjfx-22.0.1_windows-x64_bin-sdk\javafx-sdk-22.0.1\bin\api-ms-win-core-heap-l1-1-0.dll
0x00000251b3f70000 - 0x00000251b3f73000 	D:\Proyecto Terminal\openjfx-22.0.1_windows-x64_bin-sdk\javafx-sdk-22.0.1\bin\api-ms-win-core-interlocked-l1-1-0.dll
0x00000251b3f80000 - 0x00000251b3f83000 	D:\Proyecto Terminal\openjfx-22.0.1_windows-x64_bin-sdk\javafx-sdk-22.0.1\bin\api-ms-win-core-libraryloader-l1-1-0.dll
0x00000251b3f90000 - 0x00000251b3f93000 	D:\Proyecto Terminal\openjfx-22.0.1_windows-x64_bin-sdk\javafx-sdk-22.0.1\bin\api-ms-win-core-localization-l1-2-0.dll
0x00000251b3fa0000 - 0x00000251b3fa3000 	D:\Proyecto Terminal\openjfx-22.0.1_windows-x64_bin-sdk\javafx-sdk-22.0.1\bin\api-ms-win-core-memory-l1-1-0.dll
0x00000251d1f50000 - 0x00000251d1f53000 	D:\Proyecto Terminal\openjfx-22.0.1_windows-x64_bin-sdk\javafx-sdk-22.0.1\bin\api-ms-win-core-namedpipe-l1-1-0.dll
0x00000251d1f60000 - 0x00000251d1f63000 	D:\Proyecto Terminal\openjfx-22.0.1_windows-x64_bin-sdk\javafx-sdk-22.0.1\bin\api-ms-win-core-processenvironment-l1-1-0.dll
0x00000251d1f70000 - 0x00000251d1f73000 	D:\Proyecto Terminal\openjfx-22.0.1_windows-x64_bin-sdk\javafx-sdk-22.0.1\bin\api-ms-win-core-processthreads-l1-1-0.dll
0x00000251d1f80000 - 0x00000251d1f83000 	D:\Proyecto Terminal\openjfx-22.0.1_windows-x64_bin-sdk\javafx-sdk-22.0.1\bin\api-ms-win-core-processthreads-l1-1-1.dll
0x00000251d1f90000 - 0x00000251d1f93000 	D:\Proyecto Terminal\openjfx-22.0.1_windows-x64_bin-sdk\javafx-sdk-22.0.1\bin\api-ms-win-core-profile-l1-1-0.dll
0x00000251d1fa0000 - 0x00000251d1fa3000 	D:\Proyecto Terminal\openjfx-22.0.1_windows-x64_bin-sdk\javafx-sdk-22.0.1\bin\api-ms-win-core-rtlsupport-l1-1-0.dll
0x00000251d1fb0000 - 0x00000251d1fb3000 	D:\Proyecto Terminal\openjfx-22.0.1_windows-x64_bin-sdk\javafx-sdk-22.0.1\bin\api-ms-win-core-string-l1-1-0.dll
0x00000251d1fc0000 - 0x00000251d1fc3000 	D:\Proyecto Terminal\openjfx-22.0.1_windows-x64_bin-sdk\javafx-sdk-22.0.1\bin\api-ms-win-core-synch-l1-1-0.dll
0x00000251d1fd0000 - 0x00000251d1fd3000 	D:\Proyecto Terminal\openjfx-22.0.1_windows-x64_bin-sdk\javafx-sdk-22.0.1\bin\api-ms-win-core-synch-l1-2-0.dll
0x00000251d1fe0000 - 0x00000251d1fe3000 	D:\Proyecto Terminal\openjfx-22.0.1_windows-x64_bin-sdk\javafx-sdk-22.0.1\bin\api-ms-win-core-sysinfo-l1-1-0.dll
0x00000251d1ff0000 - 0x00000251d1ff3000 	D:\Proyecto Terminal\openjfx-22.0.1_windows-x64_bin-sdk\javafx-sdk-22.0.1\bin\api-ms-win-core-timezone-l1-1-0.dll
0x0000025218bd0000 - 0x0000025218bd3000 	D:\Proyecto Terminal\openjfx-22.0.1_windows-x64_bin-sdk\javafx-sdk-22.0.1\bin\api-ms-win-core-util-l1-1-0.dll
0x0000025218be0000 - 0x0000025218be3000 	D:\Proyecto Terminal\openjfx-22.0.1_windows-x64_bin-sdk\javafx-sdk-22.0.1\bin\api-ms-win-crt-conio-l1-1-0.dll
0x0000025218bf0000 - 0x0000025218bf4000 	D:\Proyecto Terminal\openjfx-22.0.1_windows-x64_bin-sdk\javafx-sdk-22.0.1\bin\api-ms-win-crt-convert-l1-1-0.dll
0x0000025218c00000 - 0x0000025218c03000 	D:\Proyecto Terminal\openjfx-22.0.1_windows-x64_bin-sdk\javafx-sdk-22.0.1\bin\api-ms-win-crt-environment-l1-1-0.dll
0x0000025218c10000 - 0x0000025218c13000 	D:\Proyecto Terminal\openjfx-22.0.1_windows-x64_bin-sdk\javafx-sdk-22.0.1\bin\api-ms-win-crt-filesystem-l1-1-0.dll
0x0000025218c20000 - 0x0000025218c23000 	D:\Proyecto Terminal\openjfx-22.0.1_windows-x64_bin-sdk\javafx-sdk-22.0.1\bin\api-ms-win-crt-heap-l1-1-0.dll
0x0000025218c30000 - 0x0000025218c33000 	D:\Proyecto Terminal\openjfx-22.0.1_windows-x64_bin-sdk\javafx-sdk-22.0.1\bin\api-ms-win-crt-locale-l1-1-0.dll
0x0000025218c40000 - 0x0000025218c45000 	D:\Proyecto Terminal\openjfx-22.0.1_windows-x64_bin-sdk\javafx-sdk-22.0.1\bin\api-ms-win-crt-math-l1-1-0.dll
0x0000025218c50000 - 0x0000025218c55000 	D:\Proyecto Terminal\openjfx-22.0.1_windows-x64_bin-sdk\javafx-sdk-22.0.1\bin\api-ms-win-crt-multibyte-l1-1-0.dll
0x0000025218c60000 - 0x0000025218c70000 	D:\Proyecto Terminal\openjfx-22.0.1_windows-x64_bin-sdk\javafx-sdk-22.0.1\bin\api-ms-win-crt-private-l1-1-0.dll
0x00000251d1c10000 - 0x00000251d1c13000 	D:\Proyecto Terminal\openjfx-22.0.1_windows-x64_bin-sdk\javafx-sdk-22.0.1\bin\api-ms-win-crt-process-l1-1-0.dll
0x00000251d1e10000 - 0x00000251d1e14000 	D:\Proyecto Terminal\openjfx-22.0.1_windows-x64_bin-sdk\javafx-sdk-22.0.1\bin\api-ms-win-crt-runtime-l1-1-0.dll
0x00000251d1e20000 - 0x00000251d1e24000 	D:\Proyecto Terminal\openjfx-22.0.1_windows-x64_bin-sdk\javafx-sdk-22.0.1\bin\api-ms-win-crt-stdio-l1-1-0.dll
0x00000251d1e30000 - 0x00000251d1e34000 	D:\Proyecto Terminal\openjfx-22.0.1_windows-x64_bin-sdk\javafx-sdk-22.0.1\bin\api-ms-win-crt-string-l1-1-0.dll
0x00000251d1e40000 - 0x00000251d1e43000 	D:\Proyecto Terminal\openjfx-22.0.1_windows-x64_bin-sdk\javafx-sdk-22.0.1\bin\api-ms-win-crt-time-l1-1-0.dll
0x00000251d1e50000 - 0x00000251d1e53000 	D:\Proyecto Terminal\openjfx-22.0.1_windows-x64_bin-sdk\javafx-sdk-22.0.1\bin\api-ms-win-crt-utility-l1-1-0.dll
0x00007ff976c20000 - 0x00007ff976d1c000 	D:\Proyecto Terminal\openjfx-22.0.1_windows-x64_bin-sdk\javafx-sdk-22.0.1\bin\ucrtbase.dll
0x00007ff976c00000 - 0x00007ff976c1b000 	D:\Proyecto Terminal\openjfx-22.0.1_windows-x64_bin-sdk\javafx-sdk-22.0.1\bin\vcruntime140.dll
0x00007ff976bf0000 - 0x00007ff976bfc000 	D:\Proyecto Terminal\openjfx-22.0.1_windows-x64_bin-sdk\javafx-sdk-22.0.1\bin\vcruntime140_1.dll
0x00007ff976b60000 - 0x00007ff976bee000 	D:\Proyecto Terminal\openjfx-22.0.1_windows-x64_bin-sdk\javafx-sdk-22.0.1\bin\msvcp140.dll
0x00007ff976b50000 - 0x00007ff976b59000 	D:\Proyecto Terminal\openjfx-22.0.1_windows-x64_bin-sdk\javafx-sdk-22.0.1\bin\msvcp140_1.dll
0x00007ff976b00000 - 0x00007ff976b41000 	D:\Proyecto Terminal\openjfx-22.0.1_windows-x64_bin-sdk\javafx-sdk-22.0.1\bin\msvcp140_2.dll
0x00007ff976ac0000 - 0x00007ff976af0000 	D:\Proyecto Terminal\openjfx-22.0.1_windows-x64_bin-sdk\javafx-sdk-22.0.1\bin\prism_d3d.dll
0x00007ff940350000 - 0x00007ff9404f8000 	C:\Windows\system32\d3d9.dll
0x00007ff984f70000 - 0x00007ff984f9b000 	C:\Windows\SYSTEM32\dwmapi.dll
0x00007ff984e20000 - 0x00007ff984e57000 	C:\Windows\SYSTEM32\dxcore.dll
0x00007ff984d00000 - 0x00007ff984db1000 	C:\Windows\system32\uxtheme.dll
0x00007ff989e00000 - 0x00007ff989fa5000 	C:\Windows\System32\ole32.dll
0x00007ff97f620000 - 0x00007ff97f669000 	C:\Windows\SYSTEM32\directxdatabasehelper.dll
0x00007ff976a70000 - 0x00007ff976ab5000 	D:\Proyecto Terminal\openjfx-22.0.1_windows-x64_bin-sdk\javafx-sdk-22.0.1\bin\glass.dll
0x00007ff98a5d0000 - 0x00007ff98a6cf000 	C:\Windows\System32\COMDLG32.dll
0x00007ff940780000 - 0x00007ff9407de000 	C:\Program Files\Huawei\PCManager\plugins\PerfWndMonModule.dll
0x00007ff989fb0000 - 0x00007ff98a110000 	C:\Windows\System32\MSCTF.dll
0x00007ff98aca0000 - 0x00007ff98ad50000 	C:\Windows\System32\clbcatq.dll
0x00007ff977520000 - 0x00007ff977699000 	C:\Windows\System32\Windows.UI.dll
0x00007ff96f5f0000 - 0x00007ff96f765000 	C:\Windows\System32\Windows.UI.Immersive.dll
0x00007ff976a50000 - 0x00007ff976a65000 	D:\Proyecto Terminal\openjfx-22.0.1_windows-x64_bin-sdk\javafx-sdk-22.0.1\bin\javafx_font.dll
0x00007ff984480000 - 0x00007ff9846f3000 	C:\Windows\SYSTEM32\dwrite.dll
0x00007ff984b20000 - 0x00007ff984cd0000 	C:\Windows\SYSTEM32\WindowsCodecs.dll
0x00007ff96ae80000 - 0x00007ff96aede000 	C:\Windows\system32\dataexchange.dll
0x00007ff97d780000 - 0x00007ff97da24000 	C:\Windows\system32\twinapi.appcore.dll
0x00007ff976a10000 - 0x00007ff976a42000 	C:\Program Files\Common Files\Microsoft Shared\Ink\rtscom.dll
0x00007ff978590000 - 0x00007ff9786d5000 	C:\Windows\SYSTEM32\textinputframework.dll
0x00007ff980230000 - 0x00007ff980363000 	C:\Windows\SYSTEM32\CoreMessaging.dll
0x00007ff97eed0000 - 0x00007ff97f23d000 	C:\Windows\SYSTEM32\CoreUIComponents.dll
0x00007ff9877c0000 - 0x00007ff9877cc000 	C:\Windows\SYSTEM32\CRYPTBASE.DLL
0x00007ff9769e0000 - 0x00007ff976a0d000 	D:\Proyecto Terminal\openjfx-22.0.1_windows-x64_bin-sdk\javafx-sdk-22.0.1\bin\javafx_iio.dll
0x00007ff983e90000 - 0x00007ff98447e000 	C:\Windows\SYSTEM32\d2d1.dll
0x00007ff9847b0000 - 0x00007ff984a07000 	C:\Windows\SYSTEM32\d3d11.dll
0x00007ff984e60000 - 0x00007ff984f57000 	C:\Windows\SYSTEM32\dxgi.dll
0x00007ff97e570000 - 0x00007ff97ec83000 	C:\Windows\SYSTEM32\D3D10Warp.dll

dbghelp: loaded successfully - version: 4.0.5 - missing functions: none
symbol engine: initialized successfully - sym options: 0x614 - pdb path: .;C:\Users\diego\.jdks\corretto-17.0.13\bin;C:\Windows\SYSTEM32;C:\Windows\WinSxS\amd64_microsoft.windows.common-controls_6595b64144ccf1df_6.0.22621.4391_none_2715d37f73803e96;C:\Users\diego\.jdks\corretto-17.0.13\bin\server;D:\Proyecto Terminal\openjfx-22.0.1_windows-x64_bin-sdk\javafx-sdk-22.0.1\bin;C:\Windows\System32\DriverStore\FileRepository\u0355756.inf_amd64_5146fc3a012e7afa\B354291;C:\Program Files\Huawei\PCManager\plugins;C:\Program Files\Common Files\Microsoft Shared\Ink

VM Arguments:
jvm_args: -agentlib:jdwp=transport=dt_socket,address=127.0.0.1:51487,suspend=y,server=n --module-path=D:\Proyecto Terminal\openjfx-22.0.1_windows-x64_bin-sdk\javafx-sdk-22.0.1\lib --add-modules=javafx.controls,javafx.fxml -javaagent:C:\Users\diego\AppData\Local\JetBrains\IntelliJIdea2024.1\captureAgent\debugger-agent.jar -Dfile.encoding=UTF-8 
java_command: optiuam.bc.controller.OptiUAM24
java_class_path (initial): D:\Proyecto Terminal\C鏚igo\OptiUAM24\OptiUAM\out\production\OptiUAM;D:\Proyecto Terminal\C鏚igo\OptiUAM24\OptiUAM\Librerias\jcommon-1.0.23.jar;D:\Proyecto Terminal\C鏚igo\OptiUAM24\OptiUAM\Librerias\jfreechart-1.0.19.jar;D:\Proyecto Terminal\openjfx-22.0.1_windows-x64_bin-sdk\javafx-sdk-22.0.1\lib\javafx-swt.jar;D:\Proyecto Terminal\openjfx-22.0.1_windows-x64_bin-sdk\javafx-sdk-22.0.1\lib\javafx.base.jar;D:\Proyecto Terminal\openjfx-22.0.1_windows-x64_bin-sdk\javafx-sdk-22.0.1\lib\javafx.controls.jar;D:\Proyecto Terminal\openjfx-22.0.1_windows-x64_bin-sdk\javafx-sdk-22.0.1\lib\javafx.fxml.jar;D:\Proyecto Terminal\openjfx-22.0.1_windows-x64_bin-sdk\javafx-sdk-22.0.1\lib\javafx.graphics.jar;D:\Proyecto Terminal\openjfx-22.0.1_windows-x64_bin-sdk\javafx-sdk-22.0.1\lib\javafx.media.jar;D:\Proyecto Terminal\openjfx-22.0.1_windows-x64_bin-sdk\javafx-sdk-22.0.1\lib\javafx.swing.jar;D:\Proyecto Terminal\openjfx-22.0.1_windows-x64_bin-sdk\javafx-sdk-22.0.1\lib\javafx.web.jar;D:\Proyecto Terminal\openjfx-22.0.1_windows-x64_bin-sdk.zip;D:\Proyecto Terminal\commons-math3-3.6.1\commons-math3-3.6.1-tests.jar;D:\Proyecto Terminal\commons-math3-3.6.1\commons-math3-3.6.1-tools.jar;D:\Proyecto Terminal\commons-math3-3.6.1\commons-math3-3.6.1.jar;C:\Program Files\JetBrains\IntelliJ IDEA 2024.1.3\lib\idea_rt.jar
Launcher Type: SUN_STANDARD

[Global flags]
     intx CICompilerCount                          = 4                                         {product} {ergonomic}
     uint ConcGCThreads                            = 2                                         {product} {ergonomic}
     uint G1ConcRefinementThreads                  = 8                                         {product} {ergonomic}
   size_t G1HeapRegionSize                         = 1048576                                   {product} {ergonomic}
    uintx GCDrainStackTargetSize                   = 64                                        {product} {ergonomic}
   size_t InitialHeapSize                          = 117440512                                 {product} {ergonomic}
   size_t MarkStackSize                            = 4194304                                   {product} {ergonomic}
   size_t MaxHeapSize                              = 1862270976                                {product} {ergonomic}
   size_t MaxNewSize                               = 1116733440                                {product} {ergonomic}
   size_t MinHeapDeltaBytes                        = 1048576                                   {product} {ergonomic}
   size_t MinHeapSize                              = 8388608                                   {product} {ergonomic}
    uintx NonNMethodCodeHeapSize                   = 5839372                                {pd product} {ergonomic}
    uintx NonProfiledCodeHeapSize                  = 122909434                              {pd product} {ergonomic}
    uintx ProfiledCodeHeapSize                     = 122909434                              {pd product} {ergonomic}
    uintx ReservedCodeCacheSize                    = 251658240                              {pd product} {ergonomic}
     bool SegmentedCodeCache                       = true                                      {product} {ergonomic}
   size_t SoftMaxHeapSize                          = 1862270976                             {manageable} {ergonomic}
     bool UseCompressedClassPointers               = true                           {product lp64_product} {ergonomic}
     bool UseCompressedOops                        = true                           {product lp64_product} {ergonomic}
     bool UseG1GC                                  = true                                      {product} {ergonomic}
     bool UseLargePagesIndividualAllocation        = false                                  {pd product} {ergonomic}

Logging:
Log output configuration:
 #0: stdout all=off uptime,level,tags
 #1: stderr all=off uptime,level,tags

Environment Variables:
PATH=C:\Program Files\Common Files\Oracle\Java\javapath;C:\Users\diego\Desktop\oracle\bin;C:\Windows\system32;C:\Windows;C:\Windows\System32\Wbem;C:\Windows\System32\WindowsPowerShell\v1.0\;C:\Windows\System32\OpenSSH\;C:\Program Files\Git\cmd;C:\Strawberry\c\bin;C:\Strawberry\perl\site\bin;C:\Strawberry\perl\bin;C:\Users\diego\AppData\Local\Programs\Python\Launcher\;C:\Users\diego\AppData\Local\Microsoft\WindowsApps;C:\Program Files\JetBrains\IntelliJ IDEA 2024.1.3\bin;;C:\Users\diego\AppData\Local\GitHubDesktop\bin;C:\Program Files\JetBrains\PyCharm 2024.1.4\bin;;C:\Users\diego\AppData\Local\Programs\Microsoft VS Code\bin;C:\Users\diego\AppData\Local\Programs\MiKTeX\miktex\bin\x64\
USERNAME=diego
OS=Windows_NT
PROCESSOR_IDENTIFIER=AMD64 Family 23 Model 24 Stepping 1, AuthenticAMD
TMP=C:\Users\diego\AppData\Local\Temp
TEMP=C:\Users\diego\AppData\Local\Temp



Periodic native trim disabled


---------------  S Y S T E M  ---------------

OS:
 Windows 11 , 64 bit Build 22621 (10.0.22621.4391)
OS uptime: 0 days 2:08 hours

CPU: total 8 (initial active 8) (8 cores per cpu, 2 threads per core) family 23 model 24 stepping 1 microcode 0x0, cx8, cmov, fxsr, ht, mmx, 3dnowpref, sse, sse2, sse3, ssse3, sse4a, sse4.1, sse4.2, popcnt, lzcnt, tsc, tscinvbit, avx, avx2, aes, clmul, bmi1, bmi2, adx, sha, fma, vzeroupper, clflush, clflushopt
Processor Information for all 8 processors :
  Max Mhz: 2100, Current Mhz: 2100, Mhz Limit: 2100

Memory: 4k page, system-wide physical 7103M (963M free)
TotalPageFile size 15807M (AvailPageFile size 3067M)
current process WorkingSet (physical memory assigned to process): 209M, peak: 296M
current process commit charge ("private bytes"): 316M, peak: 424M

vm_info: OpenJDK 64-Bit Server VM (17.0.13+11-LTS) for windows-amd64 JRE (17.0.13+11-LTS), built on Oct 10 2024 19:51:30 by "Administrator" with MS VC++ 16.10 / 16.11 (VS2019)

END.
