#
# A fatal error has been detected by the Java Runtime Environment:
#
#  EXCEPTION_ACCESS_VIOLATION (0xc0000005) at pc=0x00007ff9cf4082d7, pid=15160, tid=296
#
# JRE version: OpenJDK Runtime Environment Corretto-17.0.13.11.1 (17.0.13+11) (build 17.0.13+11-LTS)
# Java VM: OpenJDK 64-Bit Server VM Corretto-17.0.13.11.1 (17.0.13+11-LTS, mixed mode, sharing, tiered, compressed oops, compressed class ptrs, g1 gc, windows-amd64)
# Problematic frame:
# C  [glass.dll+0x282d7]
#
# No core dump will be written. Minidumps are not enabled by default on client versions of Windows
#
# If you would like to submit a bug report, please visit:
#   https://github.com/corretto/corretto-17/issues/
#

---------------  S U M M A R Y ------------

Command Line: -agentlib:jdwp=transport=dt_socket,address=127.0.0.1:53323,suspend=y,server=n --module-path=D:\Proyecto Terminal\openjfx-22.0.1_windows-x64_bin-sdk\javafx-sdk-22.0.1\lib --add-modules=javafx.controls,javafx.fxml -javaagent:C:\Users\diego\AppData\Local\JetBrains\IntelliJIdea2024.1\captureAgent\debugger-agent.jar -Dfile.encoding=UTF-8 optiuam.bc.controller.OptiUAM24

Host: AMD Ryzen 5 3500U with Radeon Vega Mobile Gfx  , 8 cores, 6G,  Windows 11 , 64 bit Build 22621 (10.0.22621.4391)
Time: Mon Nov 25 22:15:05 2024 Hora est嫕dar central (M憖ico) elapsed time: 241.089490 seconds (0d 0h 4m 1s)

---------------  T H R E A D  ---------------

Current thread (0x00000163ff8bb0e0):  VMThread "VM Thread" [stack: 0x000000506ca00000,0x000000506cb00000] [id=296]

Stack: [0x000000506ca00000,0x000000506cb00000],  sp=0x000000506caff140,  free space=1020k
Native frames: (J=compiled Java code, j=interpreted, Vv=VM code, C=native code)
C  [glass.dll+0x282d7]


siginfo: EXCEPTION_ACCESS_VIOLATION (0xc0000005), reading address 0x0000000000000000


Registers:
RAX=0x0000000000000000, RBX=0x00000163e0b8add0, RCX=0x00000163ff8bb0e0, RDX=0x000000506caff140
RSP=0x000000506caff140, RBP=0x00000163e0fea5b8, RSI=0x000000506caff248, RDI=0x00000163e0fea590
R8 =0x0000000000010002, R9 =0x00000163e0fea590, R10=0x85f13e9656da4870, R11=0x000000506caff0d0
R12=0x00007ff9cf405be0, R13=0x00007ff9807e8420, R14=0x0000a6f3014aea46, R15=0x00000163e0fea590
RIP=0x00007ff9cf4082d7, EFLAGS=0x0000000000010202


Register to memory mapping:

RIP=0x00007ff9cf4082d7 glass.dll
RAX=0x0 is NULL
RBX=0x00000163e0b8add0 is a global jni handle
RCX=0x00000163ff8bb0e0 points into unknown readable memory: 0x00007ff980612cc8 | c8 2c 61 80 f9 7f 00 00
RDX=0x000000506caff140 points into unknown readable memory: 0x0000000000000000 | 00 00 00 00 00 00 00 00
RSP=0x000000506caff140 points into unknown readable memory: 0x0000000000000000 | 00 00 00 00 00 00 00 00
RBP=0x00000163e0fea5b8 points into unknown readable memory: 0x0000a6f3014aea46 | 46 ea 4a 01 f3 a6 00 00
RSI=0x000000506caff248 points into unknown readable memory: 0x000000506caff230 | 30 f2 af 6c 50 00 00 00
RDI=0x00000163e0fea590 points into unknown readable memory: 0x001f5880d15f5446 | 46 54 5f d1 80 58 1f 00
R8 =0x0000000000010002 is an unknown value
R9 =0x00000163e0fea590 points into unknown readable memory: 0x001f5880d15f5446 | 46 54 5f d1 80 58 1f 00
R10=0x85f13e9656da4870 is an unknown value
R11=0x000000506caff0d0 points into unknown readable memory: 0x00000163e0fea590 | 90 a5 fe e0 63 01 00 00
R12=0x00007ff9cf405be0 glass.dll
R13=0x00007ff9807e8420 jvm.dll
R14=0x0000a6f3014aea46 is an unknown value
R15=0x00000163e0fea590 points into unknown readable memory: 0x001f5880d15f5446 | 46 54 5f d1 80 58 1f 00


Top of Stack: (sp=0x000000506caff140)
0x000000506caff140:   0000000000000000 000000506caff248
0x000000506caff150:   00007ff9807e8420 00007ff9cf405be0
0x000000506caff160:   00000163e0fea598 00007ff9df983a93
0x000000506caff170:   00000163e0fea590 0000016300000000
0x000000506caff180:   00000163e0fea5b8 000000506caff248
0x000000506caff190:   fffffffffffffffe 0000000000000000
0x000000506caff1a0:   0000000000000001 00007ff9cf3e0000
0x000000506caff1b0:   000000506caff238 00007ff9df95042e
0x000000506caff1c0:   0000000000000000 000000506caff248
0x000000506caff1d0:   000000506caff530 0000000000000001
0x000000506caff1e0:   0000000000000001 00007ff9df94dddd
0x000000506caff1f0:   0000000000000000 00007ff9cf4053d9
0x000000506caff200:   0000000000000000 000000506caff238
0x000000506caff210:   fffffffffffffffe 0000000000000001
0x000000506caff220:   0000000000000001 00007ff9cf405a6d
0x000000506caff230:   00007ff9cf41d078 00007ff900000002
0x000000506caff240:   0000000000000002 000000506caff230
0x000000506caff250:   0000000000000000 00007ff9e2658af3
0x000000506caff260:   0000000000000000 00007ff9cf405b92
0x000000506caff270:   0000000000000001 000000506caff500
0x000000506caff280:   0000000000000001 0000000000000001
0x000000506caff290:   00000163fa1c0c88 00007ff9df062223
0x000000506caff2a0:   0000016300000001 0000000000000016
0x000000506caff2b0:   00007ff9cf3e0000 000000007ffe0384
0x000000506caff2c0:   0000000000000000 00007ff9e2658b8f
0x000000506caff2d0:   00007ff9cf3e0000 0000000000000000
0x000000506caff2e0:   0000000000000001 000000007ffe0385
0x000000506caff2f0:   0000000000000000 00007ff9e26817d9
0x000000506caff300:   0000ed53886e2a00 0000000000000014
0x000000506caff310:   00007ff9cf405be0 0000000000000000
0x000000506caff320:   0000000000000000 000000506bf51000
0x000000506caff330:   00000163e141cca0 00007ff9e2681596 

Instructions: (pc=0x00007ff9cf4082d7)
0x00007ff9cf4081d7:   8b 4d 58 e8 49 cf ff ff 48 8b 4d 60 e8 40 cf ff
0x00007ff9cf4081e7:   ff 48 8b 95 80 00 00 00 48 8b 8d 18 01 00 00 e8
0x00007ff9cf4081f7:   26 c5 ff ff 33 d2 33 c9 e8 8c e1 ff ff 90 48 89
0x00007ff9cf408207:   54 24 10 55 48 83 ec 20 48 8b ea 48 b8 00 00 00
0x00007ff9cf408217:   00 00 00 00 00 48 83 c4 20 5d c3 cc 40 55 48 8b
0x00007ff9cf408227:   ea 48 8b 01 33 c9 81 38 05 00 00 c0 0f 94 c1 8b
0x00007ff9cf408237:   c1 5d c3 cc 40 55 48 83 ec 20 48 8b ea 8a 4d 40
0x00007ff9cf408247:   48 83 c4 20 5d e9 33 d3 ff ff cc 40 55 48 83 ec
0x00007ff9cf408257:   20 48 8b ea 8a 4d 20 e8 21 d3 ff ff 90 48 83 c4
0x00007ff9cf408267:   20 5d c3 cc 40 55 48 83 ec 20 48 8b ea 48 83 c4
0x00007ff9cf408277:   20 5d e9 82 d1 ff ff cc 40 55 48 83 ec 30 48 8b
0x00007ff9cf408287:   ea 48 8b 01 8b 10 48 89 4c 24 28 89 54 24 20 4c
0x00007ff9cf408297:   8d 0d 23 d6 ff ff 4c 8b 45 70 8b 55 68 48 8b 4d
0x00007ff9cf4082a7:   60 e8 c3 d0 ff ff 90 48 83 c4 30 5d c3 cc cc cc
0x00007ff9cf4082b7:   cc cc cc cc cc cc cc cc cc 40 53 48 83 ec 20 48
0x00007ff9cf4082c7:   8b 1d 6b 47 01 00 48 85 db 74 16 e8 39 90 ff ff
0x00007ff9cf4082d7:   4c 8b 00 48 8b d3 48 8b c8 41 ff 90 b0 00 00 00
0x00007ff9cf4082e7:   90 48 83 c4 20 5b c3 cc cc 40 53 48 83 ec 20 48
0x00007ff9cf4082f7:   8b 1d ab 48 01 00 48 85 db 74 57 b8 ff ff ff ff
0x00007ff9cf408307:   f0 0f c1 43 10 83 f8 01 75 3d 48 85 db 74 38 48
0x00007ff9cf408317:   8b 0b 48 85 c9 74 0d ff 15 8c 0f 00 00 48 c7 03
0x00007ff9cf408327:   00 00 00 00 48 8b 4b 08 48 85 c9 74 0d e8 ef cd
0x00007ff9cf408337:   ff ff 48 c7 43 08 00 00 00 00 ba 18 00 00 00 48
0x00007ff9cf408347:   8b cb e8 da cd ff ff 48 c7 05 4f 48 01 00 00 00
0x00007ff9cf408357:   00 00 48 83 c4 20 5b c3 cc 40 53 48 83 ec 20 48
0x00007ff9cf408367:   8b 1d 1b 48 01 00 48 85 db 74 57 b8 ff ff ff ff
0x00007ff9cf408377:   f0 0f c1 43 10 83 f8 01 75 3d 48 85 db 74 38 48
0x00007ff9cf408387:   8b 0b 48 85 c9 74 0d ff 15 1c 0f 00 00 48 c7 03
0x00007ff9cf408397:   00 00 00 00 48 8b 4b 08 48 85 c9 74 0d e8 7f cd
0x00007ff9cf4083a7:   ff ff 48 c7 43 08 00 00 00 00 ba 18 00 00 00 48
0x00007ff9cf4083b7:   8b cb e8 6a cd ff ff 48 c7 05 bf 47 01 00 00 00
0x00007ff9cf4083c7:   00 00 48 83 c4 20 5b c3 cc 40 53 48 83 ec 20 48 


Stack slot to memory mapping:
stack at sp + 0 slots: 0x0 is NULL
stack at sp + 1 slots: 0x000000506caff248 points into unknown readable memory: 0x000000506caff230 | 30 f2 af 6c 50 00 00 00
stack at sp + 2 slots: 0x00007ff9807e8420 jvm.dll
stack at sp + 3 slots: 0x00007ff9cf405be0 glass.dll
stack at sp + 4 slots: 0x00000163e0fea598 points into unknown readable memory: 0x0000a6f3014aea46 | 46 ea 4a 01 f3 a6 00 00
stack at sp + 5 slots: 0x00007ff9df983a93 ucrtbase.dll
stack at sp + 6 slots: 0x00000163e0fea590 points into unknown readable memory: 0x001f5880d15f5446 | 46 54 5f d1 80 58 1f 00
stack at sp + 7 slots: 0x0000016300000000 is an unknown value

VM_Operation (0x000000506c1fee80): Exit, mode: safepoint, requested by thread 0x00000163e30afca0


---------------  P R O C E S S  ---------------

Threads class SMR info:
_java_thread_list=0x00000163ef38b830, length=21, elements={
0x00000163fc4ab4a0, 0x00000163ff8c1320, 0x00000163ff8c2940, 0x00000163ff8d9a60,
0x00000163ff8da530, 0x00000163ff8df5f0, 0x00000163ff8e0660, 0x00000163ff8de6d0,
0x00000163ff90d5a0, 0x00000163ff919e50, 0x00000163ff8ae520, 0x000001639aacd530,
0x000001639aa25070, 0x00000163e0903980, 0x00000163e16f6a90, 0x00000163e159a900,
0x00000163e0abff50, 0x00000163e0ab3fc0, 0x00000163e30aed70, 0x00000163e30af790,
0x00000163e30afca0
}

Java Threads: ( => current thread )
  0x00000163fc4ab4a0 JavaThread "main" [_thread_blocked, id=23908, stack(0x000000506c400000,0x000000506c500000)]
  0x00000163ff8c1320 JavaThread "Reference Handler" daemon [_thread_blocked, id=21624, stack(0x000000506cb00000,0x000000506cc00000)]
  0x00000163ff8c2940 JavaThread "Finalizer" daemon [_thread_blocked, id=22308, stack(0x000000506cc00000,0x000000506cd00000)]
  0x00000163ff8d9a60 JavaThread "Signal Dispatcher" daemon [_thread_blocked, id=21952, stack(0x000000506cd00000,0x000000506ce00000)]
  0x00000163ff8da530 JavaThread "Attach Listener" daemon [_thread_blocked, id=23172, stack(0x000000506ce00000,0x000000506cf00000)]
  0x00000163ff8df5f0 JavaThread "Service Thread" daemon [_thread_blocked, id=17900, stack(0x000000506cf00000,0x000000506d000000)]
  0x00000163ff8e0660 JavaThread "Monitor Deflation Thread" daemon [_thread_blocked, id=11712, stack(0x000000506d000000,0x000000506d100000)]
  0x00000163ff8de6d0 JavaThread "C2 CompilerThread0" daemon [_thread_blocked, id=23896, stack(0x000000506d100000,0x000000506d200000)]
  0x00000163ff90d5a0 JavaThread "C1 CompilerThread0" daemon [_thread_blocked, id=20244, stack(0x000000506d200000,0x000000506d300000)]
  0x00000163ff919e50 JavaThread "Sweeper thread" daemon [_thread_blocked, id=21636, stack(0x000000506d300000,0x000000506d400000)]
  0x00000163ff8ae520 JavaThread "Common-Cleaner" daemon [_thread_blocked, id=18840, stack(0x000000506d400000,0x000000506d500000)]
  0x000001639aacd530 JavaThread "JDWP Event Helper Thread" daemon [_thread_blocked, id=10648, stack(0x000000506d800000,0x000000506d900000)]
  0x000001639aa25070 JavaThread "Notification Thread" daemon [_thread_blocked, id=21576, stack(0x000000506d600000,0x000000506d700000)]
  0x00000163e0903980 JavaThread "QuantumRenderer-0" daemon [_thread_blocked, id=18296, stack(0x000000506d500000,0x000000506d600000)]
  0x00000163e16f6a90 JavaThread "InvokeLaterDispatcher" daemon [_thread_blocked, id=23556, stack(0x000000506de00000,0x000000506df00000)]
  0x00000163e159a900 JavaThread "JavaFX Application Thread" [_thread_blocked, id=20216, stack(0x000000506df00000,0x000000506e000000)]
  0x00000163e0abff50 JavaThread "JavaFX-Launcher" [_thread_blocked, id=10520, stack(0x000000506e700000,0x000000506e800000)]
  0x00000163e0ab3fc0 JavaThread "Thread-2" daemon [_thread_in_native, id=17024, stack(0x000000506e600000,0x000000506e700000)]
  0x00000163e30aed70 JavaThread "Prism Font Disposer" daemon [_thread_blocked, id=20348, stack(0x000000506f000000,0x000000506f100000)]
  0x00000163e30af790 JavaThread "Cleaner-0" daemon [_thread_blocked, id=17432, stack(0x000000506f200000,0x000000506f300000)]
  0x00000163e30afca0 JavaThread "SIGINT handler" daemon [_thread_blocked, id=13340, stack(0x000000506c100000,0x000000506c200000)]

Other Threads:
=>0x00000163ff8bb0e0 VMThread "VM Thread" [stack: 0x000000506ca00000,0x000000506cb00000] [id=296]
  0x00000163fc500a20 GCTaskThread "GC Thread#0" [stack: 0x000000506c500000,0x000000506c600000] [id=18916]
  0x00000163e0851690 GCTaskThread "GC Thread#1" [stack: 0x000000506e800000,0x000000506e900000] [id=13468]
  0x00000163e0851950 GCTaskThread "GC Thread#2" [stack: 0x000000506e900000,0x000000506ea00000] [id=23672]
  0x00000163e0852420 GCTaskThread "GC Thread#3" [stack: 0x000000506ea00000,0x000000506eb00000] [id=14520]
  0x00000163e08526e0 GCTaskThread "GC Thread#4" [stack: 0x000000506eb00000,0x000000506ec00000] [id=17800]
  0x00000163e08529a0 GCTaskThread "GC Thread#5" [stack: 0x000000506ec00000,0x000000506ed00000] [id=22864]
  0x00000163e0299da0 GCTaskThread "GC Thread#6" [stack: 0x000000506ed00000,0x000000506ee00000] [id=18388]
  0x00000163e0287db0 GCTaskThread "GC Thread#7" [stack: 0x000000506ee00000,0x000000506ef00000] [id=23852]
  0x00000163fc510780 ConcurrentGCThread "G1 Main Marker" terminated
  0x00000163fc511940 ConcurrentGCThread "G1 Conc#0" [stack: 0x000000506c700000,0x000000506c800000] [id=24044]
  0x000001639a7a8d90 ConcurrentGCThread "G1 Conc#1" [stack: 0x000000506ef00000,0x000000506f000000] [id=7468]
  0x00000163fc55de80 ConcurrentGCThread "G1 Refine#0" terminated
  0x00000163eb8157e0 ConcurrentGCThread "G1 Refine#1" terminated
  0x00000163e31cca70 ConcurrentGCThread "G1 Refine#2" terminated
  0x00000163ee777e20 ConcurrentGCThread "G1 Refine#3" terminated
  0x00000163ee778fc0 ConcurrentGCThread "G1 Refine#4" terminated
  0x00000163fc55e8b0 ConcurrentGCThread "G1 Service" terminated

Threads with active compile tasks:

VM state: at safepoint (shutting down)

VM Mutex/Monitor currently owned by a thread:  ([mutex/lock_event])
[0x00000163fc4a6010] Threads_lock - owner thread: 0x00000163ff8bb0e0
[0x00000163fc4a67f0] Heap_lock - owner thread: 0x00000163e30afca0

Heap address: 0x0000000091000000, size: 1776 MB, Compressed Oops mode: 32-bit

CDS archive(s) mapped at: [0x000001639b000000-0x000001639bbb0000-0x000001639bbb0000), size 12255232, SharedBaseAddress: 0x000001639b000000, ArchiveRelocationMode: 1.
Compressed class space mapped at: 0x000001639c000000-0x00000163dc000000, reserved size: 1073741824
Narrow klass base: 0x000001639b000000, Narrow klass shift: 0, Narrow klass range: 0x100000000

GC Precious Log:
 CPUs: 8 total, 8 available
 Memory: 7103M
 Large Page Support: Disabled
 NUMA Support: Disabled
 Compressed Oops: Enabled (32-bit)
 Heap Region Size: 1M
 Heap Min Capacity: 8M
 Heap Initial Capacity: 112M
 Heap Max Capacity: 1776M
 Pre-touch: Disabled
 Parallel Workers: 8
 Concurrent Workers: 2
 Concurrent Refinement Workers: 8
 Periodic GC: Disabled

Heap:
 garbage-first heap   total 114688K, used 60094K [0x0000000091000000, 0x0000000100000000)
  region size 1024K, 17 young (17408K), 1 survivors (1024K)
 Metaspace       used 22967K, committed 23424K, reserved 1114112K
  class space    used 3226K, committed 3456K, reserved 1048576K

Heap Regions: E=young(eden), S=young(survivor), O=old, HS=humongous(starts), HC=humongous(continues), CS=collection set, F=free, OA=open archive, CA=closed archive, TAMS=top-at-mark-start (previous, next)
|   0|0x0000000091000000, 0x0000000091100000, 0x0000000091100000|100%|HS|  |TAMS 0x0000000091100000, 0x0000000091000000| Complete 
|   1|0x0000000091100000, 0x0000000091200000, 0x0000000091200000|100%|HS|  |TAMS 0x0000000091200000, 0x0000000091100000| Complete 
|   2|0x0000000091200000, 0x0000000091300000, 0x0000000091300000|100%|HS|  |TAMS 0x0000000091300000, 0x0000000091200000| Complete 
|   3|0x0000000091300000, 0x0000000091400000, 0x0000000091400000|100%|HS|  |TAMS 0x0000000091300000, 0x0000000091300000| Complete 
|   4|0x0000000091400000, 0x0000000091500000, 0x0000000091500000|100%| O|  |TAMS 0x0000000091500000, 0x0000000091400000| Untracked 
|   5|0x0000000091500000, 0x0000000091600000, 0x0000000091600000|100%| O|  |TAMS 0x0000000091600000, 0x0000000091500000| Untracked 
|   6|0x0000000091600000, 0x0000000091700000, 0x0000000091700000|100%| O|  |TAMS 0x0000000091639800, 0x0000000091600000| Untracked 
|   7|0x0000000091700000, 0x0000000091800000, 0x0000000091800000|100%|HS|  |TAMS 0x0000000091800000, 0x0000000091700000| Complete 
|   8|0x0000000091800000, 0x0000000091900000, 0x0000000091900000|100%|HC|  |TAMS 0x0000000091900000, 0x0000000091800000| Complete 
|   9|0x0000000091900000, 0x0000000091a00000, 0x0000000091a00000|100%|HC|  |TAMS 0x0000000091a00000, 0x0000000091900000| Complete 
|  10|0x0000000091a00000, 0x0000000091b00000, 0x0000000091b00000|100%|HC|  |TAMS 0x0000000091b00000, 0x0000000091a00000| Complete 
|  11|0x0000000091b00000, 0x0000000091c00000, 0x0000000091c00000|100%|HC|  |TAMS 0x0000000091c00000, 0x0000000091b00000| Complete 
|  12|0x0000000091c00000, 0x0000000091d00000, 0x0000000091d00000|100%|HC|  |TAMS 0x0000000091d00000, 0x0000000091c00000| Complete 
|  13|0x0000000091d00000, 0x0000000091e00000, 0x0000000091e00000|100%|HC|  |TAMS 0x0000000091e00000, 0x0000000091d00000| Complete 
|  14|0x0000000091e00000, 0x0000000091f00000, 0x0000000091f00000|100%|HC|  |TAMS 0x0000000091f00000, 0x0000000091e00000| Complete 
|  15|0x0000000091f00000, 0x0000000092000000, 0x0000000092000000|100%|HC|  |TAMS 0x0000000092000000, 0x0000000091f00000| Complete 
|  16|0x0000000092000000, 0x0000000092100000, 0x0000000092100000|100%|HC|  |TAMS 0x0000000092100000, 0x0000000092000000| Complete 
|  17|0x0000000092100000, 0x0000000092200000, 0x0000000092200000|100%|HC|  |TAMS 0x0000000092200000, 0x0000000092100000| Complete 
|  18|0x0000000092200000, 0x0000000092300000, 0x0000000092300000|100%|HC|  |TAMS 0x0000000092300000, 0x0000000092200000| Complete 
|  19|0x0000000092300000, 0x0000000092400000, 0x0000000092400000|100%|HC|  |TAMS 0x0000000092400000, 0x0000000092300000| Complete 
|  20|0x0000000092400000, 0x0000000092500000, 0x0000000092500000|100%|HS|  |TAMS 0x0000000092400000, 0x0000000092400000| Complete 
|  21|0x0000000092500000, 0x0000000092600000, 0x0000000092600000|100%|HS|  |TAMS 0x0000000092600000, 0x0000000092500000| Complete 
|  22|0x0000000092600000, 0x0000000092700000, 0x0000000092700000|100%|HC|  |TAMS 0x0000000092700000, 0x0000000092600000| Complete 
|  23|0x0000000092700000, 0x0000000092800000, 0x0000000092800000|100%|HS|  |TAMS 0x0000000092800000, 0x0000000092700000| Complete 
|  24|0x0000000092800000, 0x0000000092900000, 0x0000000092900000|100%| O|  |TAMS 0x0000000092800000, 0x0000000092800000| Untracked 
|  25|0x0000000092900000, 0x0000000092a00000, 0x0000000092a00000|100%| O|  |TAMS 0x0000000092900000, 0x0000000092900000| Untracked 
|  26|0x0000000092a00000, 0x0000000092b00000, 0x0000000092b00000|100%| O|  |TAMS 0x0000000092a00000, 0x0000000092a00000| Untracked 
|  27|0x0000000092b00000, 0x0000000092c00000, 0x0000000092c00000|100%| O|  |TAMS 0x0000000092b00000, 0x0000000092b00000| Untracked 
|  28|0x0000000092c00000, 0x0000000092d00000, 0x0000000092d00000|100%|HS|  |TAMS 0x0000000092c00000, 0x0000000092c00000| Complete 
|  29|0x0000000092d00000, 0x0000000092e00000, 0x0000000092e00000|100%| O|  |TAMS 0x0000000092d00000, 0x0000000092d00000| Untracked 
|  30|0x0000000092e00000, 0x0000000092f00000, 0x0000000092f00000|100%| O|  |TAMS 0x0000000092e00000, 0x0000000092e00000| Untracked 
|  31|0x0000000092f00000, 0x0000000092fbe400, 0x0000000093000000| 74%| O|  |TAMS 0x0000000092f00000, 0x0000000092f00000| Untracked 
|  32|0x0000000093000000, 0x0000000093100000, 0x0000000093100000|100%|HS|  |TAMS 0x0000000093000000, 0x0000000093000000| Complete 
|  33|0x0000000093100000, 0x0000000093200000, 0x0000000093200000|100%|HS|  |TAMS 0x0000000093100000, 0x0000000093100000| Complete 
|  34|0x0000000093200000, 0x0000000093300000, 0x0000000093300000|100%| O|  |TAMS 0x0000000093200000, 0x0000000093200000| Untracked 
|  35|0x0000000093300000, 0x0000000093400000, 0x0000000093400000|100%| O|  |TAMS 0x0000000093300000, 0x0000000093300000| Untracked 
|  36|0x0000000093400000, 0x0000000093500000, 0x0000000093500000|100%| O|  |TAMS 0x0000000093400000, 0x0000000093400000| Untracked 
|  37|0x0000000093500000, 0x0000000093600000, 0x0000000093600000|100%| O|  |TAMS 0x0000000093500000, 0x0000000093500000| Untracked 
|  38|0x0000000093600000, 0x0000000093700000, 0x0000000093700000|100%| O|  |TAMS 0x0000000093600000, 0x0000000093600000| Untracked 
|  39|0x0000000093700000, 0x0000000093800000, 0x0000000093800000|100%| O|  |TAMS 0x0000000093700000, 0x0000000093700000| Untracked 
|  40|0x0000000093800000, 0x0000000093900000, 0x0000000093900000|100%| O|  |TAMS 0x0000000093800000, 0x0000000093800000| Untracked 
|  41|0x0000000093900000, 0x0000000093900000, 0x0000000093a00000|  0%| F|  |TAMS 0x0000000093900000, 0x0000000093900000| Untracked 
|  42|0x0000000093a00000, 0x0000000093a00000, 0x0000000093b00000|  0%| F|  |TAMS 0x0000000093a00000, 0x0000000093a00000| Untracked 
|  43|0x0000000093b00000, 0x0000000093b00000, 0x0000000093c00000|  0%| F|  |TAMS 0x0000000093b00000, 0x0000000093b00000| Untracked 
|  44|0x0000000093c00000, 0x0000000093c00000, 0x0000000093d00000|  0%| F|  |TAMS 0x0000000093c00000, 0x0000000093c00000| Untracked 
|  45|0x0000000093d00000, 0x0000000093d00000, 0x0000000093e00000|  0%| F|  |TAMS 0x0000000093d00000, 0x0000000093d00000| Untracked 
|  46|0x0000000093e00000, 0x0000000093e00000, 0x0000000093f00000|  0%| F|  |TAMS 0x0000000093e00000, 0x0000000093e00000| Untracked 
|  47|0x0000000093f00000, 0x0000000093f00000, 0x0000000094000000|  0%| F|  |TAMS 0x0000000093f00000, 0x0000000093f00000| Untracked 
|  48|0x0000000094000000, 0x0000000094000000, 0x0000000094100000|  0%| F|  |TAMS 0x0000000094000000, 0x0000000094000000| Untracked 
|  49|0x0000000094100000, 0x0000000094100000, 0x0000000094200000|  0%| F|  |TAMS 0x0000000094100000, 0x0000000094100000| Untracked 
|  50|0x0000000094200000, 0x0000000094300000, 0x0000000094300000|100%| O|  |TAMS 0x0000000094200000, 0x0000000094200000| Untracked 
|  51|0x0000000094300000, 0x0000000094400000, 0x0000000094400000|100%| O|  |TAMS 0x0000000094300000, 0x0000000094300000| Untracked 
|  52|0x0000000094400000, 0x0000000094400000, 0x0000000094500000|  0%| F|  |TAMS 0x0000000094400000, 0x0000000094400000| Untracked 
|  53|0x0000000094500000, 0x0000000094500000, 0x0000000094600000|  0%| F|  |TAMS 0x0000000094500000, 0x0000000094500000| Untracked 
|  54|0x0000000094600000, 0x0000000094600000, 0x0000000094700000|  0%| F|  |TAMS 0x0000000094600000, 0x0000000094600000| Untracked 
|  55|0x0000000094700000, 0x0000000094700000, 0x0000000094800000|  0%| F|  |TAMS 0x0000000094700000, 0x0000000094700000| Untracked 
|  56|0x0000000094800000, 0x0000000094800000, 0x0000000094900000|  0%| F|  |TAMS 0x0000000094800000, 0x0000000094800000| Untracked 
|  57|0x0000000094900000, 0x0000000094900000, 0x0000000094a00000|  0%| F|  |TAMS 0x0000000094900000, 0x0000000094900000| Untracked 
|  58|0x0000000094a00000, 0x0000000094a00000, 0x0000000094b00000|  0%| F|  |TAMS 0x0000000094a00000, 0x0000000094a00000| Untracked 
|  59|0x0000000094b00000, 0x0000000094b00000, 0x0000000094c00000|  0%| F|  |TAMS 0x0000000094b00000, 0x0000000094b00000| Untracked 
|  60|0x0000000094c00000, 0x0000000094c00000, 0x0000000094d00000|  0%| F|  |TAMS 0x0000000094c00000, 0x0000000094c00000| Untracked 
|  61|0x0000000094d00000, 0x0000000094d00000, 0x0000000094e00000|  0%| F|  |TAMS 0x0000000094d00000, 0x0000000094d00000| Untracked 
|  62|0x0000000094e00000, 0x0000000094e00000, 0x0000000094f00000|  0%| F|  |TAMS 0x0000000094e00000, 0x0000000094e00000| Untracked 
|  63|0x0000000094f00000, 0x0000000094f00000, 0x0000000095000000|  0%| F|  |TAMS 0x0000000094f00000, 0x0000000094f00000| Untracked 
|  64|0x0000000095000000, 0x0000000095000000, 0x0000000095100000|  0%| F|  |TAMS 0x0000000095000000, 0x0000000095000000| Untracked 
|  65|0x0000000095100000, 0x0000000095100000, 0x0000000095200000|  0%| F|  |TAMS 0x0000000095100000, 0x0000000095100000| Untracked 
|  66|0x0000000095200000, 0x0000000095200000, 0x0000000095300000|  0%| F|  |TAMS 0x0000000095200000, 0x0000000095200000| Untracked 
|  67|0x0000000095300000, 0x0000000095300000, 0x0000000095400000|  0%| F|  |TAMS 0x0000000095300000, 0x0000000095300000| Untracked 
|  68|0x0000000095400000, 0x0000000095400000, 0x0000000095500000|  0%| F|  |TAMS 0x0000000095400000, 0x0000000095400000| Untracked 
|  69|0x0000000095500000, 0x0000000095500000, 0x0000000095600000|  0%| F|  |TAMS 0x0000000095500000, 0x0000000095500000| Untracked 
|  70|0x0000000095600000, 0x0000000095600000, 0x0000000095700000|  0%| F|  |TAMS 0x0000000095600000, 0x0000000095600000| Untracked 
|  71|0x0000000095700000, 0x0000000095700000, 0x0000000095800000|  0%| F|  |TAMS 0x0000000095700000, 0x0000000095700000| Untracked 
|  72|0x0000000095800000, 0x0000000095800000, 0x0000000095900000|  0%| F|  |TAMS 0x0000000095800000, 0x0000000095800000| Untracked 
|  73|0x0000000095900000, 0x0000000095900000, 0x0000000095a00000|  0%| F|  |TAMS 0x0000000095900000, 0x0000000095900000| Untracked 
|  74|0x0000000095a00000, 0x0000000095a00000, 0x0000000095b00000|  0%| F|  |TAMS 0x0000000095a00000, 0x0000000095a00000| Untracked 
|  75|0x0000000095b00000, 0x0000000095b00000, 0x0000000095c00000|  0%| F|  |TAMS 0x0000000095b00000, 0x0000000095b00000| Untracked 
|  76|0x0000000095c00000, 0x0000000095c00000, 0x0000000095d00000|  0%| F|  |TAMS 0x0000000095c00000, 0x0000000095c00000| Untracked 
|  77|0x0000000095d00000, 0x0000000095d00000, 0x0000000095e00000|  0%| F|  |TAMS 0x0000000095d00000, 0x0000000095d00000| Untracked 
|  78|0x0000000095e00000, 0x0000000095e00000, 0x0000000095f00000|  0%| F|  |TAMS 0x0000000095e00000, 0x0000000095e00000| Untracked 
|  79|0x0000000095f00000, 0x0000000095f00000, 0x0000000096000000|  0%| F|  |TAMS 0x0000000095f00000, 0x0000000095f00000| Untracked 
|  80|0x0000000096000000, 0x0000000096000000, 0x0000000096100000|  0%| F|  |TAMS 0x0000000096000000, 0x0000000096000000| Untracked 
|  81|0x0000000096100000, 0x0000000096100000, 0x0000000096200000|  0%| F|  |TAMS 0x0000000096100000, 0x0000000096100000| Untracked 
|  82|0x0000000096200000, 0x0000000096200000, 0x0000000096300000|  0%| F|  |TAMS 0x0000000096200000, 0x0000000096200000| Untracked 
|  83|0x0000000096300000, 0x0000000096300000, 0x0000000096400000|  0%| F|  |TAMS 0x0000000096300000, 0x0000000096300000| Untracked 
|  84|0x0000000096400000, 0x0000000096400000, 0x0000000096500000|  0%| F|  |TAMS 0x0000000096400000, 0x0000000096400000| Untracked 
|  85|0x0000000096500000, 0x0000000096500000, 0x0000000096600000|  0%| F|  |TAMS 0x0000000096500000, 0x0000000096500000| Untracked 
|  86|0x0000000096600000, 0x0000000096600000, 0x0000000096700000|  0%| F|  |TAMS 0x0000000096600000, 0x0000000096600000| Untracked 
|  87|0x0000000096700000, 0x0000000096700000, 0x0000000096800000|  0%| F|  |TAMS 0x0000000096700000, 0x0000000096700000| Untracked 
|  88|0x0000000096800000, 0x0000000096800000, 0x0000000096900000|  0%| F|  |TAMS 0x0000000096800000, 0x0000000096800000| Untracked 
|  89|0x0000000096900000, 0x0000000096900000, 0x0000000096a00000|  0%| F|  |TAMS 0x0000000096900000, 0x0000000096900000| Untracked 
|  90|0x0000000096a00000, 0x0000000096a00000, 0x0000000096b00000|  0%| F|  |TAMS 0x0000000096a00000, 0x0000000096a00000| Untracked 
|  91|0x0000000096b00000, 0x0000000096b00000, 0x0000000096c00000|  0%| F|  |TAMS 0x0000000096b00000, 0x0000000096b00000| Untracked 
|  92|0x0000000096c00000, 0x0000000096c00000, 0x0000000096d00000|  0%| F|  |TAMS 0x0000000096c00000, 0x0000000096c00000| Untracked 
|  93|0x0000000096d00000, 0x0000000096d00000, 0x0000000096e00000|  0%| F|  |TAMS 0x0000000096d00000, 0x0000000096d00000| Untracked 
|  94|0x0000000096e00000, 0x0000000096e00000, 0x0000000096f00000|  0%| F|  |TAMS 0x0000000096e00000, 0x0000000096e00000| Untracked 
|  95|0x0000000096f00000, 0x0000000096f7df88, 0x0000000097000000| 49%| E|  |TAMS 0x0000000096f00000, 0x0000000096f00000| Complete 
|  96|0x0000000097000000, 0x0000000097100000, 0x0000000097100000|100%| E|CS|TAMS 0x0000000097000000, 0x0000000097000000| Complete 
|  97|0x0000000097100000, 0x0000000097200000, 0x0000000097200000|100%| E|CS|TAMS 0x0000000097100000, 0x0000000097100000| Complete 
|  98|0x0000000097200000, 0x0000000097300000, 0x0000000097300000|100%| E|CS|TAMS 0x0000000097200000, 0x0000000097200000| Complete 
|  99|0x0000000097300000, 0x0000000097400000, 0x0000000097400000|100%| E|CS|TAMS 0x0000000097300000, 0x0000000097300000| Complete 
| 100|0x0000000097400000, 0x0000000097500000, 0x0000000097500000|100%| E|CS|TAMS 0x0000000097400000, 0x0000000097400000| Complete 
| 101|0x0000000097500000, 0x0000000097600000, 0x0000000097600000|100%| E|CS|TAMS 0x0000000097500000, 0x0000000097500000| Complete 
| 102|0x0000000097600000, 0x0000000097700000, 0x0000000097700000|100%| E|CS|TAMS 0x0000000097600000, 0x0000000097600000| Complete 
| 103|0x0000000097700000, 0x0000000097800000, 0x0000000097800000|100%| E|CS|TAMS 0x0000000097700000, 0x0000000097700000| Complete 
| 104|0x0000000097800000, 0x0000000097900000, 0x0000000097900000|100%| E|CS|TAMS 0x0000000097800000, 0x0000000097800000| Complete 
| 105|0x0000000097900000, 0x0000000097a00000, 0x0000000097a00000|100%| E|CS|TAMS 0x0000000097900000, 0x0000000097900000| Complete 
| 106|0x0000000097a00000, 0x0000000097b00000, 0x0000000097b00000|100%| E|CS|TAMS 0x0000000097a00000, 0x0000000097a00000| Complete 
| 107|0x0000000097b00000, 0x0000000097c00000, 0x0000000097c00000|100%| E|CS|TAMS 0x0000000097b00000, 0x0000000097b00000| Complete 
| 108|0x0000000097c00000, 0x0000000097d00000, 0x0000000097d00000|100%| E|CS|TAMS 0x0000000097c00000, 0x0000000097c00000| Complete 
| 109|0x0000000097d00000, 0x0000000097e00000, 0x0000000097e00000|100%| E|CS|TAMS 0x0000000097d00000, 0x0000000097d00000| Complete 
| 110|0x0000000097e00000, 0x0000000097ef1740, 0x0000000097f00000| 94%| S|CS|TAMS 0x0000000097e00000, 0x0000000097e00000| Complete 
| 111|0x0000000097f00000, 0x0000000098000000, 0x0000000098000000|100%| E|CS|TAMS 0x0000000097f00000, 0x0000000097f00000| Complete 

Card table byte_map: [0x00000163fcc10000,0x00000163fcf90000] _byte_map_base: 0x00000163fc788000

Marking Bits (Prev, Next): (CMBitMap*) 0x00000163fc501080, (CMBitMap*) 0x00000163fc501040
 Prev Bits: [0x0000016396a80000, 0x0000016398640000)
 Next Bits: [0x00000163fd310000, 0x00000163feed0000)

Polling page: 0x00000163fa3f0000

Metaspace:

Usage:
  Non-class:     19.28 MB used.
      Class:      3.15 MB used.
       Both:     22.43 MB used.

Virtual space:
  Non-class space:       64.00 MB reserved,      19.50 MB ( 30%) committed,  1 nodes.
      Class space:        1.00 GB reserved,       3.38 MB ( <1%) committed,  1 nodes.
             Both:        1.06 GB reserved,      22.88 MB (  2%) committed. 

Chunk freelists:
   Non-Class:  11.80 MB
       Class:  12.48 MB
        Both:  24.28 MB

MaxMetaspaceSize: unlimited
CompressedClassSpaceSize: 1.00 GB
Initial GC threshold: 21.00 MB
Current GC threshold: 35.31 MB
CDS: on
MetaspaceReclaimPolicy: balanced
 - commit_granule_bytes: 65536.
 - commit_granule_words: 8192.
 - virtual_space_node_default_size: 8388608.
 - enlarge_chunks_in_place: 1.
 - new_chunks_are_fully_committed: 0.
 - uncommit_free_chunks: 1.
 - use_allocation_guard: 0.
 - handle_deallocations: 1.


Internal statistics:

num_allocs_failed_limit: 3.
num_arena_births: 478.
num_arena_deaths: 0.
num_vsnodes_births: 2.
num_vsnodes_deaths: 0.
num_space_committed: 366.
num_space_uncommitted: 0.
num_chunks_returned_to_freelist: 3.
num_chunks_taken_from_freelist: 1342.
num_chunk_merges: 3.
num_chunk_splits: 895.
num_chunks_enlarged: 611.
num_inconsistent_stats: 0.

CodeHeap 'non-profiled nmethods': size=120000Kb used=4403Kb max_used=4403Kb free=115596Kb
 bounds [0x000001638f550000, 0x000001638f9a0000, 0x0000016396a80000]
CodeHeap 'profiled nmethods': size=120000Kb used=12801Kb max_used=12801Kb free=107198Kb
 bounds [0x0000016387a80000, 0x0000016388710000, 0x000001638efb0000]
CodeHeap 'non-nmethods': size=5760Kb used=1532Kb max_used=1612Kb free=4227Kb
 bounds [0x000001638efb0000, 0x000001638f220000, 0x000001638f550000]
 total_blobs=6761 nmethods=5928 adapters=745
 compilation: enabled
              stopped_count=0, restarted_count=0
 full_count=0

Compilation events (20 events):
Event: 57.357 Thread 0x00000163ff90d5a0 6659       3       java.lang.invoke.LambdaFormBuffer::indexOf (25 bytes)
Event: 57.357 Thread 0x00000163ff90d5a0 nmethod 6659 0x00000163886fbc10 code [0x00000163886fbdc0, 0x00000163886fbfd8]
Event: 57.359 Thread 0x00000163ff90d5a0 6660       3       java.lang.invoke.LambdaFormBuffer::replaceName (124 bytes)
Event: 57.360 Thread 0x00000163ff90d5a0 nmethod 6660 0x00000163886fc090 code [0x00000163886fc240, 0x00000163886fc428]
Event: 57.361 Thread 0x00000163ff90d5a0 6661       3       java.lang.invoke.BoundMethodHandle::speciesDataFor (32 bytes)
Event: 57.361 Thread 0x00000163ff90d5a0 nmethod 6661 0x00000163886fc510 code [0x00000163886fc6c0, 0x00000163886fca58]
Event: 57.361 Thread 0x00000163ff90d5a0 6662       3       java.lang.invoke.LambdaFormEditor::oldSpeciesData (8 bytes)
Event: 57.362 Thread 0x00000163ff90d5a0 nmethod 6662 0x00000163886fcb90 code [0x00000163886fcd40, 0x00000163886fd138]
Event: 57.365 Thread 0x00000163ff90d5a0 6665       3       jdk.internal.org.objectweb.asm.MethodWriter::visitLdcInsn (215 bytes)
Event: 57.366 Thread 0x00000163ff90d5a0 nmethod 6665 0x00000163886fd290 code [0x00000163886fd520, 0x00000163886fdfa8]
Event: 57.366 Thread 0x00000163ff90d5a0 6666       3       java.lang.invoke.LambdaFormEditor$TransformKey::<init> (15 bytes)
Event: 57.366 Thread 0x00000163ff90d5a0 nmethod 6666 0x00000163886fe490 code [0x00000163886fe620, 0x00000163886fe7f8]
Event: 57.367 Thread 0x00000163ff90d5a0 6669       3       jdk.internal.org.objectweb.asm.SymbolTable::addConstant (330 bytes)
Event: 57.369 Thread 0x00000163ff90d5a0 nmethod 6669 0x00000163886fe890 code [0x00000163886fee00, 0x0000016388701fd8]
Event: 240.368 Thread 0x00000163ff8de6d0 6670       4       com.sun.javafx.tk.quantum.QuantumToolkit::postPulse (133 bytes)
Event: 240.585 Thread 0x00000163ff8de6d0 nmethod 6670 0x000001638f997d90 code [0x000001638f9980c0, 0x000001638f99b080]
Event: 240.586 Thread 0x00000163ff8de6d0 6671       4       com.sun.javafx.tk.quantum.QuantumToolkit$$Lambda$90/0x000001639c038000::run (8 bytes)
Event: 240.587 Thread 0x00000163ff8de6d0 nmethod 6671 0x000001638f99c690 code [0x000001638f99c820, 0x000001638f99c918]
Event: 240.733 Thread 0x00000163ff8de6d0 6672       4       java.util.concurrent.ThreadPoolExecutor::workerCountOf (5 bytes)
Event: 240.733 Thread 0x00000163ff8de6d0 nmethod 6672 0x000001638f99ca10 code [0x000001638f99cb80, 0x000001638f99cbd8]

GC Heap History (10 events):
Event: 1.029 GC heap before
{Heap before GC invocations=0 (full 0):
 garbage-first heap   total 114688K, used 22528K [0x0000000091000000, 0x0000000100000000)
  region size 1024K, 23 young (23552K), 0 survivors (0K)
 Metaspace       used 4573K, committed 4800K, reserved 1114112K
  class space    used 515K, committed 640K, reserved 1048576K
}
Event: 1.033 GC heap after
{Heap after GC invocations=1 (full 0):
 garbage-first heap   total 114688K, used 2951K [0x0000000091000000, 0x0000000100000000)
  region size 1024K, 3 young (3072K), 3 survivors (3072K)
 Metaspace       used 4573K, committed 4800K, reserved 1114112K
  class space    used 515K, committed 640K, reserved 1048576K
}
Event: 4.295 GC heap before
{Heap before GC invocations=1 (full 0):
 garbage-first heap   total 114688K, used 39815K [0x0000000091000000, 0x0000000100000000)
  region size 1024K, 36 young (36864K), 3 survivors (3072K)
 Metaspace       used 10753K, committed 11008K, reserved 1114112K
  class space    used 1425K, committed 1536K, reserved 1048576K
}
Event: 4.301 GC heap after
{Heap after GC invocations=2 (full 0):
 garbage-first heap   total 114688K, used 8871K [0x0000000091000000, 0x0000000100000000)
  region size 1024K, 4 young (4096K), 4 survivors (4096K)
 Metaspace       used 10753K, committed 11008K, reserved 1114112K
  class space    used 1425K, committed 1536K, reserved 1048576K
}
Event: 14.648 GC heap before
{Heap before GC invocations=2 (full 0):
 garbage-first heap   total 114688K, used 86695K [0x0000000091000000, 0x0000000100000000)
  region size 1024K, 62 young (63488K), 4 survivors (4096K)
 Metaspace       used 21244K, committed 21504K, reserved 1114112K
  class space    used 3071K, committed 3264K, reserved 1048576K
}
Event: 14.661 GC heap after
{Heap after GC invocations=3 (full 0):
 garbage-first heap   total 114688K, used 33697K [0x0000000091000000, 0x0000000100000000)
  region size 1024K, 9 young (9216K), 9 survivors (9216K)
 Metaspace       used 21244K, committed 21504K, reserved 1114112K
  class space    used 3071K, committed 3264K, reserved 1048576K
}
Event: 50.182 GC heap before
{Heap before GC invocations=4 (full 0):
 garbage-first heap   total 114688K, used 90017K [0x0000000091000000, 0x0000000100000000)
  region size 1024K, 55 young (56320K), 9 survivors (9216K)
 Metaspace       used 22737K, committed 23104K, reserved 1114112K
  class space    used 3206K, committed 3392K, reserved 1048576K
}
Event: 50.195 GC heap after
{Heap after GC invocations=5 (full 0):
 garbage-first heap   total 114688K, used 42999K [0x0000000091000000, 0x0000000100000000)
  region size 1024K, 7 young (7168K), 7 survivors (7168K)
 Metaspace       used 22737K, committed 23104K, reserved 1114112K
  class space    used 3206K, committed 3392K, reserved 1048576K
}
Event: 52.377 GC heap before
{Heap before GC invocations=5 (full 0):
 garbage-first heap   total 114688K, used 44023K [0x0000000091000000, 0x0000000100000000)
  region size 1024K, 8 young (8192K), 7 survivors (7168K)
 Metaspace       used 22751K, committed 23104K, reserved 1114112K
  class space    used 3206K, committed 3392K, reserved 1048576K
}
Event: 52.393 GC heap after
{Heap after GC invocations=6 (full 0):
 garbage-first heap   total 114688K, used 42686K [0x0000000091000000, 0x0000000100000000)
  region size 1024K, 1 young (1024K), 1 survivors (1024K)
 Metaspace       used 22751K, committed 23104K, reserved 1114112K
  class space    used 3206K, committed 3392K, reserved 1048576K
}

Dll operation events (20 events):
Event: 0.612 Loaded shared library D:\Proyecto Terminal\openjfx-22.0.1_windows-x64_bin-sdk\javafx-sdk-22.0.1\bin\api-ms-win-crt-math-l1-1-0.dll
Event: 0.614 Loaded shared library D:\Proyecto Terminal\openjfx-22.0.1_windows-x64_bin-sdk\javafx-sdk-22.0.1\bin\api-ms-win-crt-multibyte-l1-1-0.dll
Event: 0.616 Loaded shared library D:\Proyecto Terminal\openjfx-22.0.1_windows-x64_bin-sdk\javafx-sdk-22.0.1\bin\api-ms-win-crt-private-l1-1-0.dll
Event: 0.618 Loaded shared library D:\Proyecto Terminal\openjfx-22.0.1_windows-x64_bin-sdk\javafx-sdk-22.0.1\bin\api-ms-win-crt-process-l1-1-0.dll
Event: 0.619 Loaded shared library D:\Proyecto Terminal\openjfx-22.0.1_windows-x64_bin-sdk\javafx-sdk-22.0.1\bin\api-ms-win-crt-runtime-l1-1-0.dll
Event: 0.622 Loaded shared library D:\Proyecto Terminal\openjfx-22.0.1_windows-x64_bin-sdk\javafx-sdk-22.0.1\bin\api-ms-win-crt-stdio-l1-1-0.dll
Event: 0.624 Loaded shared library D:\Proyecto Terminal\openjfx-22.0.1_windows-x64_bin-sdk\javafx-sdk-22.0.1\bin\api-ms-win-crt-string-l1-1-0.dll
Event: 0.625 Loaded shared library D:\Proyecto Terminal\openjfx-22.0.1_windows-x64_bin-sdk\javafx-sdk-22.0.1\bin\api-ms-win-crt-time-l1-1-0.dll
Event: 0.627 Loaded shared library D:\Proyecto Terminal\openjfx-22.0.1_windows-x64_bin-sdk\javafx-sdk-22.0.1\bin\api-ms-win-crt-utility-l1-1-0.dll
Event: 0.629 Loaded shared library D:\Proyecto Terminal\openjfx-22.0.1_windows-x64_bin-sdk\javafx-sdk-22.0.1\bin\ucrtbase.dll
Event: 0.631 Loaded shared library D:\Proyecto Terminal\openjfx-22.0.1_windows-x64_bin-sdk\javafx-sdk-22.0.1\bin\vcruntime140.dll
Event: 0.633 Loaded shared library D:\Proyecto Terminal\openjfx-22.0.1_windows-x64_bin-sdk\javafx-sdk-22.0.1\bin\vcruntime140_1.dll
Event: 0.635 Loaded shared library D:\Proyecto Terminal\openjfx-22.0.1_windows-x64_bin-sdk\javafx-sdk-22.0.1\bin\msvcp140.dll
Event: 0.637 Loaded shared library D:\Proyecto Terminal\openjfx-22.0.1_windows-x64_bin-sdk\javafx-sdk-22.0.1\bin\msvcp140_1.dll
Event: 0.639 Loaded shared library D:\Proyecto Terminal\openjfx-22.0.1_windows-x64_bin-sdk\javafx-sdk-22.0.1\bin\msvcp140_2.dll
Event: 0.703 Loaded shared library D:\Proyecto Terminal\openjfx-22.0.1_windows-x64_bin-sdk\javafx-sdk-22.0.1\bin\prism_d3d.dll
Event: 0.758 Loaded shared library D:\Proyecto Terminal\openjfx-22.0.1_windows-x64_bin-sdk\javafx-sdk-22.0.1\bin\glass.dll
Event: 0.967 Loaded shared library C:\Users\diego\.jdks\corretto-17.0.13\bin\jimage.dll
Event: 1.908 Loaded shared library D:\Proyecto Terminal\openjfx-22.0.1_windows-x64_bin-sdk\javafx-sdk-22.0.1\bin\javafx_font.dll
Event: 6.235 Loaded shared library D:\Proyecto Terminal\openjfx-22.0.1_windows-x64_bin-sdk\javafx-sdk-22.0.1\bin\javafx_iio.dll

Deoptimization events (20 events):
Event: 54.695 Thread 0x00000163e159a900 DEOPT PACKING pc=0x0000016387c4873c sp=0x000000506dffc4e0
Event: 54.695 Thread 0x00000163e159a900 DEOPT UNPACKING pc=0x000001638f007143 sp=0x000000506dffbac8 mode 1
Event: 54.695 Thread 0x00000163e159a900 DEOPT PACKING pc=0x0000016387c33ddc sp=0x000000506dffc6d0
Event: 54.695 Thread 0x00000163e159a900 DEOPT UNPACKING pc=0x000001638f007143 sp=0x000000506dffbb98 mode 1
Event: 54.699 Thread 0x00000163e159a900 DEOPT PACKING pc=0x0000016387c4873c sp=0x000000506dffc4e0
Event: 54.699 Thread 0x00000163e159a900 DEOPT UNPACKING pc=0x000001638f007143 sp=0x000000506dffbac8 mode 1
Event: 54.699 Thread 0x00000163e159a900 DEOPT PACKING pc=0x0000016387c33ddc sp=0x000000506dffc6d0
Event: 54.699 Thread 0x00000163e159a900 DEOPT UNPACKING pc=0x000001638f007143 sp=0x000000506dffbb98 mode 1
Event: 240.733 Thread 0x00000163ec2cfba0 Uncommon trap: trap_request=0xffffff45 fr.pc=0x000001638f8e68c4 relative=0x00000000000000c4
Event: 240.733 Thread 0x00000163ec2cfba0 Uncommon trap: reason=unstable_if action=reinterpret pc=0x000001638f8e68c4 method=java.util.concurrent.locks.ReentrantLock$Sync.tryRelease(I)Z @ 26 c2
Event: 240.733 Thread 0x00000163ec2cfba0 DEOPT PACKING pc=0x000001638f8e68c4 sp=0x000000506c2fee30
Event: 240.733 Thread 0x00000163ec2cfba0 DEOPT UNPACKING pc=0x000001638f0069a3 sp=0x000000506c2fede0 mode 2
Event: 240.733 Thread 0x00000163e0903980 DEOPT PACKING pc=0x00000163884212c4 sp=0x000000506d5ff160
Event: 240.733 Thread 0x00000163e0903980 DEOPT UNPACKING pc=0x000001638f007143 sp=0x000000506d5fe680 mode 1
Event: 240.733 Thread 0x00000163e0903980 DEOPT PACKING pc=0x00000163881c7ce4 sp=0x000000506d5ff250
Event: 240.733 Thread 0x00000163e0903980 DEOPT UNPACKING pc=0x000001638f007143 sp=0x000000506d5fe798 mode 1
Event: 240.733 Thread 0x00000163e0903980 DEOPT PACKING pc=0x0000016387d318bc sp=0x000000506d5ff360
Event: 240.733 Thread 0x00000163e0903980 DEOPT UNPACKING pc=0x000001638f007143 sp=0x000000506d5fe820 mode 1
Event: 240.733 Thread 0x00000163ec2cfba0 DEOPT PACKING pc=0x000001638f6babcc sp=0x000000506c2ff190
Event: 240.733 Thread 0x00000163ec2cfba0 DEOPT UNPACKING pc=0x000001638f007143 sp=0x000000506c2fe5b0 mode 1

Classes loaded (20 events):
Event: 40.910 Loading class optiuam/bc/model/ElementoGrafico
Event: 40.910 Loading class optiuam/bc/model/ElementoGrafico done
Event: 40.910 Loading class optiuam/bc/model/ElementoGrafico
Event: 40.910 Loading class optiuam/bc/model/ElementoGrafico done
Event: 40.910 Loading class optiuam/bc/model/ElementoGrafico
Event: 40.910 Loading class optiuam/bc/model/ElementoGrafico done
Event: 40.910 Loading class optiuam/bc/model/ElementoGrafico
Event: 40.910 Loading class optiuam/bc/model/ElementoGrafico done
Event: 40.910 Loading class optiuam/bc/controller/VentanaFibraController
Event: 40.910 Loading class optiuam/bc/controller/VentanaFibraController done
Event: 40.910 Loading class optiuam/bc/model/ElementoGrafico
Event: 40.910 Loading class optiuam/bc/model/ElementoGrafico done
Event: 50.031 Loading class jdk/internal/access/foreign/MemorySegmentProxy
Event: 50.031 Loading class jdk/internal/access/foreign/MemorySegmentProxy done
Event: 240.728 Loading class jdk/internal/misc/Signal$1
Event: 240.729 Loading class jdk/internal/misc/Signal$1 done
Event: 240.732 Loading class com/sun/javafx/tk/quantum/QuantumRenderer
Event: 240.732 Loading class com/sun/javafx/tk/quantum/QuantumRenderer done
Event: 240.733 Loading class com/sun/javafx/tk/quantum/QuantumToolkit
Event: 240.733 Loading class com/sun/javafx/tk/quantum/QuantumToolkit done

Classes unloaded (0 events):
No events

Classes redefined (0 events):
No events

Internal exceptions (20 events):
Event: 6.150 Thread 0x00000163e159a900 Exception <a 'java/lang/NoSuchMethodError'{0x0000000095f436e0}: 'long java.lang.invoke.DirectMethodHandle$Holder.invokeStaticInit(java.lang.Object, java.lang.Object, java.lang.Object)'> (0x0000000095f436e0) 
thrown [s\src\hotspot\share\interpreter\linkResolver.cpp, line 759]
Event: 6.154 Thread 0x00000163e159a900 Exception <a 'java/lang/NoSuchMethodError'{0x0000000095f5b260}: 'java.lang.Object java.lang.invoke.DirectMethodHandle$Holder.newInvokeSpecial(java.lang.Object, java.lang.Object, long)'> (0x0000000095f5b260) 
thrown [s\src\hotspot\share\interpreter\linkResolver.cpp, line 759]
Event: 6.154 Thread 0x00000163e159a900 Exception <a 'java/lang/NoSuchMethodError'{0x0000000095f5edd0}: 'java.lang.Object java.lang.invoke.Invokers$Holder.linkToTargetMethod(java.lang.Object, long, java.lang.Object)'> (0x0000000095f5edd0) 
thrown [s\src\hotspot\share\interpreter\linkResolver.cpp, line 759]
Event: 6.165 Thread 0x00000163e159a900 Exception <a 'java/lang/NoSuchMethodError'{0x0000000095f76d70}: 'java.lang.Object java.lang.invoke.DirectMethodHandle$Holder.newInvokeSpecial(java.lang.Object, java.lang.Object, int, int, int, int, int, java.lang.Object)'> (0x0000000095f76d70) 
thrown [s\src\hotspot\share\interpreter\linkResolver.cpp, line 759]
Event: 6.170 Thread 0x00000163e159a900 Exception <a 'java/lang/NoSuchMethodError'{0x0000000095f89f98}: 'java.lang.Object java.lang.invoke.DirectMethodHandle$Holder.newInvokeSpecial(java.lang.Object, java.lang.Object, java.lang.Object, int, int, int, int, int)'> (0x0000000095f89f98) 
thrown [s\src\hotspot\share\interpreter\linkResolver.cpp, line 759]
Event: 6.173 Thread 0x00000163e159a900 Exception <a 'java/lang/NoSuchMethodError'{0x0000000095f917f8}: 'java.lang.Object java.lang.invoke.Invokers$Holder.linkToTargetMethod(java.lang.Object, java.lang.Object, int, int, int, int, int, java.lang.Object)'> (0x0000000095f917f8) 
thrown [s\src\hotspot\share\interpreter\linkResolver.cpp, line 759]
Event: 6.443 Thread 0x00000163e159a900 Exception <a 'java/lang/ClassNotFoundException'{0x0000000095312a78}: com/sun/javafx/scene/control/skin/resources/controls> (0x0000000095312a78) 
thrown [s\src\hotspot\share\prims\jni.cpp, line 535]
Event: 6.444 Thread 0x00000163e159a900 Exception <a 'java/lang/ClassNotFoundException'{0x0000000095321428}: com/sun/javafx/scene/control/skin/resources/controls_es> (0x0000000095321428) 
thrown [s\src\hotspot\share\prims\jni.cpp, line 535]
Event: 6.446 Thread 0x00000163e159a900 Exception <a 'java/lang/ClassNotFoundException'{0x000000009532f608}: com/sun/javafx/scene/control/skin/resources/controls_es_MX> (0x000000009532f608) 
thrown [s\src\hotspot\share\prims\jni.cpp, line 535]
Event: 6.514 Thread 0x00000163e159a900 Exception <a 'java/lang/NoSuchMethodError'{0x00000000952bdaf0}: 'int java.lang.invoke.DirectMethodHandle$Holder.invokeSpecial(java.lang.Object, java.lang.Object, int)'> (0x00000000952bdaf0) 
thrown [s\src\hotspot\share\interpreter\linkResolver.cpp, line 759]
Event: 6.770 Thread 0x00000163e159a900 Exception <a 'java/lang/NoSuchMethodError'{0x0000000094cc5da0}: 'void java.lang.invoke.DirectMethodHandle$Holder.invokeVirtual(java.lang.Object, java.lang.Object)'> (0x0000000094cc5da0) 
thrown [s\src\hotspot\share\interpreter\linkResolver.cpp, line 759]
Event: 25.299 Thread 0x00000163e0903980 Implicit null exception at 0x000001638f746923 to 0x000001638f7471c5
Event: 27.989 Thread 0x00000163e159a900 Exception <a 'java/lang/NoSuchMethodError'{0x0000000096bedbd8}: 'java.lang.Object java.lang.invoke.DirectMethodHandle$Holder.invokeSpecial(java.lang.Object, java.lang.Object, long, java.lang.Object, int, int, java.lang.Object, int, java.lang.Object)'> (0x0000000096bedbd8) 
thrown [s\src\hotspot\share\interpreter\linkResolver.cpp, line 759]
Event: 27.990 Thread 0x00000163e159a900 Exception <a 'java/lang/NoSuchMethodError'{0x0000000096bf1e38}: 'java.lang.Object java.lang.invoke.DelegatingMethodHandle$Holder.reinvoke_L(java.lang.Object, long, java.lang.Object, int, int, java.lang.Object, int, java.lang.Object)'> (0x0000000096bf1e38) 
thrown [s\src\hotspot\share\interpreter\linkResolver.cpp, line 759]
Event: 28.001 Thread 0x00000163e159a900 Exception <a 'java/lang/NoSuchMethodError'{0x0000000096a4f808}: 'java.lang.Object java.lang.invoke.DelegatingMethodHandle$Holder.reinvoke_L(java.lang.Object, java.lang.Object, long, java.lang.Object, int, java.lang.Object, java.lang.Object, java.lang.Object, java.lang.Object, java.lang.Object, java.lang.Object, java.lang.Object, java.lang.Object, int, int)'> (0x0000000096a4f808) 
thrown [s\src\hotspot\share\interpreter\linkResolver.cpp, line 759]
Event: 28.009 Thread 0x00000163e159a900 Exception <a 'java/lang/NoSuchMethodError'{0x0000000096a94758}: 'java.lang.Object java.lang.invoke.DirectMethodHandle$Holder.invokeSpecial(java.lang.Object, java.lang.Object, long, java.lang.Object, int, java.lang.Object, java.lang.Object, java.lang.Object, java.lang.Object, java.lang.Object, java.lang.Object, java.lang.Object, java.lang.Object, int, int)'> (0x0000000096a94758) 
thrown [s\src\hotspot\share\interpreter\linkResolver.cpp, line 759]
Event: 28.010 Thread 0x00000163e159a900 Exception <a 'java/lang/NoSuchMethodError'{0x0000000096a99310}: 'java.lang.Object java.lang.invoke.DelegatingMethodHandle$Holder.reinvoke_L(java.lang.Object, long, java.lang.Object, int, java.lang.Object, java.lang.Object, java.lang.Object, java.lang.Object, java.lang.Object, java.lang.Object, java.lang.Object, java.lang.Object, int, int)'> (0x0000000096a99310) 
thrown [s\src\hotspot\share\interpreter\linkResolver.cpp, line 759]
Event: 50.201 Thread 0x00000163e0903980 Implicit null exception at 0x000001638f880cac to 0x000001638f880d2c
Event: 57.363 Thread 0x00000163e159a900 Exception <a 'java/lang/NoSuchMethodError'{0x00000000972fce50}: 'java.lang.Object java.lang.invoke.DirectMethodHandle$Holder.invokeSpecial(java.lang.Object, java.lang.Object, long, java.lang.Object, int, int, int, java.lang.Object, java.lang.Object, java.lang.Object, int)'> (0x00000000972fce50) 
thrown [s\src\hotspot\share\interpreter\linkResolver.cpp, line 759]
Event: 57.364 Thread 0x00000163e159a900 Exception <a 'java/lang/NoSuchMethodError'{0x00000000971459e8}: 'java.lang.Object java.lang.invoke.DelegatingMethodHandle$Holder.reinvoke_L(java.lang.Object, long, java.lang.Object, int, int, int, java.lang.Object, java.lang.Object, java.lang.Object, int)'> (0x00000000971459e8) 
thrown [s\src\hotspot\share\interpreter\linkResolver.cpp, line 759]

VM Operations (20 events):
Event: 136.427 Executing VM operation: ChangeBreakpoints done
Event: 207.545 Executing VM operation: ChangeBreakpoints
Event: 207.545 Executing VM operation: ChangeBreakpoints done
Event: 240.361 Executing VM operation: ChangeBreakpoints
Event: 240.361 Executing VM operation: ChangeBreakpoints done
Event: 240.365 Executing VM operation: ChangeBreakpoints
Event: 240.365 Executing VM operation: ChangeBreakpoints done
Event: 240.367 Executing VM operation: ChangeBreakpoints
Event: 240.367 Executing VM operation: ChangeBreakpoints done
Event: 240.368 Executing VM operation: ChangeBreakpoints
Event: 240.368 Executing VM operation: ChangeBreakpoints done
Event: 240.369 Executing VM operation: ChangeBreakpoints
Event: 240.369 Executing VM operation: ChangeBreakpoints done
Event: 240.371 Executing VM operation: ChangeBreakpoints
Event: 240.371 Executing VM operation: ChangeBreakpoints done
Event: 240.372 Executing VM operation: ChangeBreakpoints
Event: 240.372 Executing VM operation: ChangeBreakpoints done
Event: 240.375 Executing VM operation: ChangeBreakpoints
Event: 240.375 Executing VM operation: ChangeBreakpoints done
Event: 240.734 Executing VM operation: Exit

Memory protections (0 events):
No events

Nmethod flushes (20 events):
Event: 25.747 Thread 0x00000163ff919e50 flushing  nmethod 0x000001638822ee90
Event: 25.747 Thread 0x00000163ff919e50 flushing  nmethod 0x0000016388234a90
Event: 25.747 Thread 0x00000163ff919e50 flushing  nmethod 0x000001638823d190
Event: 25.748 Thread 0x00000163ff919e50 flushing osr nmethod 0x0000016388278c10
Event: 25.748 Thread 0x00000163ff919e50 flushing  nmethod 0x00000163882a4e90
Event: 25.748 Thread 0x00000163ff919e50 flushing  nmethod 0x00000163882b7890
Event: 25.748 Thread 0x00000163ff919e50 flushing  nmethod 0x00000163882bc810
Event: 25.748 Thread 0x00000163ff919e50 flushing  nmethod 0x000001638830a290
Event: 25.748 Thread 0x00000163ff919e50 flushing  nmethod 0x0000016388334510
Event: 25.748 Thread 0x00000163ff919e50 flushing  nmethod 0x000001638833d490
Event: 25.749 Thread 0x00000163ff919e50 flushing  nmethod 0x00000163883ce710
Event: 25.749 Thread 0x00000163ff919e50 flushing  nmethod 0x0000016388407210
Event: 25.749 Thread 0x00000163ff919e50 flushing  nmethod 0x0000016388425910
Event: 25.749 Thread 0x00000163ff919e50 flushing osr nmethod 0x000001638846be90
Event: 25.749 Thread 0x00000163ff919e50 flushing osr nmethod 0x000001638847b490
Event: 25.749 Thread 0x00000163ff919e50 flushing  nmethod 0x00000163884c0310
Event: 25.749 Thread 0x00000163ff919e50 flushing  nmethod 0x00000163884cbc90
Event: 25.750 Thread 0x00000163ff919e50 flushing  nmethod 0x00000163884e5790
Event: 25.750 Thread 0x00000163ff919e50 flushing  nmethod 0x00000163884e5d90
Event: 25.750 Thread 0x00000163ff919e50 flushing osr nmethod 0x00000163884e7590

Events (20 events):
Event: 34.836 Thread 0x00000163e0c41230 Thread exited: 0x00000163e0c41230
Event: 42.227 Thread 0x00000163ff90d5a0 Thread added: 0x00000163ebd3ba80
Event: 43.085 Thread 0x00000163ebd3ba80 Thread exited: 0x00000163ebd3ba80
Event: 44.867 Thread 0x00000163ff90d5a0 Thread added: 0x000001639aacb000
Event: 45.523 Thread 0x000001639aacb000 Thread exited: 0x000001639aacb000
Event: 46.635 Thread 0x00000163ff90d5a0 Thread added: 0x00000163e11aad20
Event: 46.932 Thread 0x00000163e11aad20 Thread exited: 0x00000163e11aad20
Event: 49.988 Thread 0x00000163ff90d5a0 Thread added: 0x00000163e0524f50
Event: 50.180 Thread 0x00000163e0524f50 Thread exited: 0x00000163e0524f50
Event: 53.668 Thread 0x00000163ff90d5a0 Thread added: 0x00000163e0425200
Event: 53.680 Thread 0x00000163e0425200 Thread added: 0x00000163e02cee00
Event: 55.588 Thread 0x00000163e02cee00 Thread exited: 0x00000163e02cee00
Event: 55.593 Thread 0x00000163e0425200 Thread exited: 0x00000163e0425200
Event: 240.346 Thread 0x000001639aacdc20 Thread exited: 0x000001639aacdc20
Event: 240.448 Thread 0x00000163e04e2e10 Thread exited: 0x00000163e04e2e10
Event: 240.729 Thread 0x00000163ff8d9a60 Thread added: 0x00000163e30afca0
Event: 240.730 Thread 0x00000163e30afca0 Thread added: 0x00000163ec2cfba0
Event: 240.730 Thread 0x00000163e30afca0 Thread added: 0x00000163ec2cce10
Event: 240.731 Thread 0x00000163ec2cce10 Thread exited: 0x00000163ec2cce10
Event: 240.733 Thread 0x00000163ec2cfba0 Thread exited: 0x00000163ec2cfba0


Dynamic libraries:
0x00007ff656aa0000 - 0x00007ff656aae000 	C:\Users\diego\.jdks\corretto-17.0.13\bin\java.exe
0x00007ff9e2630000 - 0x00007ff9e2847000 	C:\Windows\SYSTEM32\ntdll.dll
0x00007ff9e24c0000 - 0x00007ff9e2584000 	C:\Windows\System32\KERNEL32.DLL
0x00007ff9dfa50000 - 0x00007ff9dfe09000 	C:\Windows\System32\KERNELBASE.dll
0x00007ff9df930000 - 0x00007ff9dfa41000 	C:\Windows\System32\ucrtbase.dll
0x00007ff9da220000 - 0x00007ff9da237000 	C:\Users\diego\.jdks\corretto-17.0.13\bin\jli.dll
0x00007ff9da0f0000 - 0x00007ff9da10b000 	C:\Users\diego\.jdks\corretto-17.0.13\bin\VCRUNTIME140.dll
0x00007ff9e1790000 - 0x00007ff9e193e000 	C:\Windows\System32\USER32.dll
0x00007ff9dfff0000 - 0x00007ff9e0016000 	C:\Windows\System32\win32u.dll
0x00007ff9cd590000 - 0x00007ff9cd822000 	C:\Windows\WinSxS\amd64_microsoft.windows.common-controls_6595b64144ccf1df_6.0.22621.4391_none_2715d37f73803e96\COMCTL32.dll
0x00007ff9e1150000 - 0x00007ff9e1179000 	C:\Windows\System32\GDI32.dll
0x00007ff9e1b80000 - 0x00007ff9e1c27000 	C:\Windows\System32\msvcrt.dll
0x00007ff9dfed0000 - 0x00007ff9dffeb000 	C:\Windows\System32\gdi32full.dll
0x00007ff9e01c0000 - 0x00007ff9e025a000 	C:\Windows\System32\msvcp_win.dll
0x00007ff9e1af0000 - 0x00007ff9e1b21000 	C:\Windows\System32\IMM32.DLL
0x00007ff9da2b0000 - 0x00007ff9da2bc000 	C:\Users\diego\.jdks\corretto-17.0.13\bin\vcruntime140_1.dll
0x00007ff9d1ba0000 - 0x00007ff9d1c2d000 	C:\Users\diego\.jdks\corretto-17.0.13\bin\msvcp140.dll
0x00007ff97fc20000 - 0x00007ff98088c000 	C:\Users\diego\.jdks\corretto-17.0.13\bin\server\jvm.dll
0x00007ff9e04b0000 - 0x00007ff9e0562000 	C:\Windows\System32\ADVAPI32.dll
0x00007ff9e0820000 - 0x00007ff9e08c7000 	C:\Windows\System32\sechost.dll
0x00007ff9e0020000 - 0x00007ff9e0048000 	C:\Windows\System32\bcrypt.dll
0x00007ff9e0960000 - 0x00007ff9e0a74000 	C:\Windows\System32\RPCRT4.dll
0x00007ff9e0f10000 - 0x00007ff9e0f81000 	C:\Windows\System32\WS2_32.dll
0x00007ff9df800000 - 0x00007ff9df84d000 	C:\Windows\SYSTEM32\POWRPROF.dll
0x00007ff9dc2b0000 - 0x00007ff9dc2e4000 	C:\Windows\SYSTEM32\WINMM.dll
0x00007ff9d7050000 - 0x00007ff9d705a000 	C:\Windows\SYSTEM32\VERSION.dll
0x00007ff9df7e0000 - 0x00007ff9df7f3000 	C:\Windows\SYSTEM32\UMPDC.dll
0x00007ff9de970000 - 0x00007ff9de988000 	C:\Windows\SYSTEM32\kernel.appcore.dll
0x00007ff9da210000 - 0x00007ff9da21a000 	C:\Users\diego\.jdks\corretto-17.0.13\bin\jimage.dll
0x00007ff9dcf40000 - 0x00007ff9dd172000 	C:\Windows\SYSTEM32\DBGHELP.DLL
0x00007ff9e1400000 - 0x00007ff9e178f000 	C:\Windows\System32\combase.dll
0x00007ff9e0740000 - 0x00007ff9e0817000 	C:\Windows\System32\OLEAUT32.dll
0x00007ff9c08d0000 - 0x00007ff9c0902000 	C:\Windows\SYSTEM32\dbgcore.DLL
0x00007ff9e0260000 - 0x00007ff9e02db000 	C:\Windows\System32\bcryptPrimitives.dll
0x00007ff9d1b60000 - 0x00007ff9d1b9b000 	C:\Users\diego\.jdks\corretto-17.0.13\bin\jdwp.dll
0x00007ff9da080000 - 0x00007ff9da08e000 	C:\Users\diego\.jdks\corretto-17.0.13\bin\instrument.dll
0x00007ff9da090000 - 0x00007ff9da0b5000 	C:\Users\diego\.jdks\corretto-17.0.13\bin\java.dll
0x00007ff9da060000 - 0x00007ff9da078000 	C:\Users\diego\.jdks\corretto-17.0.13\bin\zip.dll
0x00007ff9d0070000 - 0x00007ff9d0147000 	C:\Users\diego\.jdks\corretto-17.0.13\bin\jsvml.dll
0x00007ff9e1c30000 - 0x00007ff9e24a6000 	C:\Windows\System32\SHELL32.dll
0x00007ff9dd870000 - 0x00007ff9de173000 	C:\Windows\SYSTEM32\windows.storage.dll
0x00007ff9dd730000 - 0x00007ff9dd86f000 	C:\Windows\SYSTEM32\wintypes.dll
0x00007ff9e1200000 - 0x00007ff9e12f9000 	C:\Windows\System32\SHCORE.dll
0x00007ff9e10f0000 - 0x00007ff9e114e000 	C:\Windows\System32\shlwapi.dll
0x00007ff9df860000 - 0x00007ff9df88b000 	C:\Windows\SYSTEM32\profapi.dll
0x00007ff9d9f70000 - 0x00007ff9d9f89000 	C:\Users\diego\.jdks\corretto-17.0.13\bin\net.dll
0x00007ff9d8e40000 - 0x00007ff9d8f76000 	C:\Windows\SYSTEM32\WINHTTP.dll
0x00007ff9dedf0000 - 0x00007ff9dee59000 	C:\Windows\system32\mswsock.dll
0x00007ff9d98a0000 - 0x00007ff9d98b6000 	C:\Users\diego\.jdks\corretto-17.0.13\bin\nio.dll
0x00007ff9d9ff0000 - 0x00007ff9d9ffc000 	C:\Users\diego\.jdks\corretto-17.0.13\bin\dt_socket.dll
0x00007ff9de420000 - 0x00007ff9de44d000 	C:\Windows\SYSTEM32\IPHLPAPI.DLL
0x000001639ab80000 - 0x000001639ab83000 	D:\Proyecto Terminal\openjfx-22.0.1_windows-x64_bin-sdk\javafx-sdk-22.0.1\bin\api-ms-win-core-console-l1-1-0.dll
0x000001639ab90000 - 0x000001639ab93000 	D:\Proyecto Terminal\openjfx-22.0.1_windows-x64_bin-sdk\javafx-sdk-22.0.1\bin\api-ms-win-core-console-l1-2-0.dll
0x000001639aba0000 - 0x000001639aba3000 	D:\Proyecto Terminal\openjfx-22.0.1_windows-x64_bin-sdk\javafx-sdk-22.0.1\bin\api-ms-win-core-datetime-l1-1-0.dll
0x000001639abb0000 - 0x000001639abb3000 	D:\Proyecto Terminal\openjfx-22.0.1_windows-x64_bin-sdk\javafx-sdk-22.0.1\bin\api-ms-win-core-debug-l1-1-0.dll
0x000001639abc0000 - 0x000001639abc3000 	D:\Proyecto Terminal\openjfx-22.0.1_windows-x64_bin-sdk\javafx-sdk-22.0.1\bin\api-ms-win-core-errorhandling-l1-1-0.dll
0x000001639abd0000 - 0x000001639abd4000 	D:\Proyecto Terminal\openjfx-22.0.1_windows-x64_bin-sdk\javafx-sdk-22.0.1\bin\api-ms-win-core-file-l1-1-0.dll
0x000001639abe0000 - 0x000001639abe3000 	D:\Proyecto Terminal\openjfx-22.0.1_windows-x64_bin-sdk\javafx-sdk-22.0.1\bin\api-ms-win-core-file-l1-2-0.dll
0x000001639abf0000 - 0x000001639abf3000 	D:\Proyecto Terminal\openjfx-22.0.1_windows-x64_bin-sdk\javafx-sdk-22.0.1\bin\api-ms-win-core-file-l2-1-0.dll
0x000001639ac00000 - 0x000001639ac03000 	D:\Proyecto Terminal\openjfx-22.0.1_windows-x64_bin-sdk\javafx-sdk-22.0.1\bin\api-ms-win-core-handle-l1-1-0.dll
0x000001639ac10000 - 0x000001639ac13000 	D:\Proyecto Terminal\openjfx-22.0.1_windows-x64_bin-sdk\javafx-sdk-22.0.1\bin\api-ms-win-core-heap-l1-1-0.dll
0x000001639af60000 - 0x000001639af63000 	D:\Proyecto Terminal\openjfx-22.0.1_windows-x64_bin-sdk\javafx-sdk-22.0.1\bin\api-ms-win-core-interlocked-l1-1-0.dll
0x000001639af70000 - 0x000001639af73000 	D:\Proyecto Terminal\openjfx-22.0.1_windows-x64_bin-sdk\javafx-sdk-22.0.1\bin\api-ms-win-core-libraryloader-l1-1-0.dll
0x000001639af80000 - 0x000001639af83000 	D:\Proyecto Terminal\openjfx-22.0.1_windows-x64_bin-sdk\javafx-sdk-22.0.1\bin\api-ms-win-core-localization-l1-2-0.dll
0x000001639af90000 - 0x000001639af93000 	D:\Proyecto Terminal\openjfx-22.0.1_windows-x64_bin-sdk\javafx-sdk-22.0.1\bin\api-ms-win-core-memory-l1-1-0.dll
0x000001639afa0000 - 0x000001639afa3000 	D:\Proyecto Terminal\openjfx-22.0.1_windows-x64_bin-sdk\javafx-sdk-22.0.1\bin\api-ms-win-core-namedpipe-l1-1-0.dll
0x000001639afb0000 - 0x000001639afb3000 	D:\Proyecto Terminal\openjfx-22.0.1_windows-x64_bin-sdk\javafx-sdk-22.0.1\bin\api-ms-win-core-processenvironment-l1-1-0.dll
0x000001639afc0000 - 0x000001639afc3000 	D:\Proyecto Terminal\openjfx-22.0.1_windows-x64_bin-sdk\javafx-sdk-22.0.1\bin\api-ms-win-core-processthreads-l1-1-0.dll
0x000001639afd0000 - 0x000001639afd3000 	D:\Proyecto Terminal\openjfx-22.0.1_windows-x64_bin-sdk\javafx-sdk-22.0.1\bin\api-ms-win-core-processthreads-l1-1-1.dll
0x000001639ac20000 - 0x000001639ac23000 	D:\Proyecto Terminal\openjfx-22.0.1_windows-x64_bin-sdk\javafx-sdk-22.0.1\bin\api-ms-win-core-profile-l1-1-0.dll
0x000001639ac30000 - 0x000001639ac33000 	D:\Proyecto Terminal\openjfx-22.0.1_windows-x64_bin-sdk\javafx-sdk-22.0.1\bin\api-ms-win-core-rtlsupport-l1-1-0.dll
0x000001639ac40000 - 0x000001639ac43000 	D:\Proyecto Terminal\openjfx-22.0.1_windows-x64_bin-sdk\javafx-sdk-22.0.1\bin\api-ms-win-core-string-l1-1-0.dll
0x000001639ac50000 - 0x000001639ac53000 	D:\Proyecto Terminal\openjfx-22.0.1_windows-x64_bin-sdk\javafx-sdk-22.0.1\bin\api-ms-win-core-synch-l1-1-0.dll
0x000001639ac60000 - 0x000001639ac63000 	D:\Proyecto Terminal\openjfx-22.0.1_windows-x64_bin-sdk\javafx-sdk-22.0.1\bin\api-ms-win-core-synch-l1-2-0.dll
0x000001639ac70000 - 0x000001639ac73000 	D:\Proyecto Terminal\openjfx-22.0.1_windows-x64_bin-sdk\javafx-sdk-22.0.1\bin\api-ms-win-core-sysinfo-l1-1-0.dll
0x000001639ac80000 - 0x000001639ac83000 	D:\Proyecto Terminal\openjfx-22.0.1_windows-x64_bin-sdk\javafx-sdk-22.0.1\bin\api-ms-win-core-timezone-l1-1-0.dll
0x000001639ac90000 - 0x000001639ac93000 	D:\Proyecto Terminal\openjfx-22.0.1_windows-x64_bin-sdk\javafx-sdk-22.0.1\bin\api-ms-win-core-util-l1-1-0.dll
0x000001639aca0000 - 0x000001639aca3000 	D:\Proyecto Terminal\openjfx-22.0.1_windows-x64_bin-sdk\javafx-sdk-22.0.1\bin\api-ms-win-crt-conio-l1-1-0.dll
0x000001639acb0000 - 0x000001639acb4000 	D:\Proyecto Terminal\openjfx-22.0.1_windows-x64_bin-sdk\javafx-sdk-22.0.1\bin\api-ms-win-crt-convert-l1-1-0.dll
0x000001639acc0000 - 0x000001639acc3000 	D:\Proyecto Terminal\openjfx-22.0.1_windows-x64_bin-sdk\javafx-sdk-22.0.1\bin\api-ms-win-crt-environment-l1-1-0.dll
0x000001639acd0000 - 0x000001639acd3000 	D:\Proyecto Terminal\openjfx-22.0.1_windows-x64_bin-sdk\javafx-sdk-22.0.1\bin\api-ms-win-crt-filesystem-l1-1-0.dll
0x000001639ace0000 - 0x000001639ace3000 	D:\Proyecto Terminal\openjfx-22.0.1_windows-x64_bin-sdk\javafx-sdk-22.0.1\bin\api-ms-win-crt-heap-l1-1-0.dll
0x000001639acf0000 - 0x000001639acf3000 	D:\Proyecto Terminal\openjfx-22.0.1_windows-x64_bin-sdk\javafx-sdk-22.0.1\bin\api-ms-win-crt-locale-l1-1-0.dll
0x000001639ad00000 - 0x000001639ad05000 	D:\Proyecto Terminal\openjfx-22.0.1_windows-x64_bin-sdk\javafx-sdk-22.0.1\bin\api-ms-win-crt-math-l1-1-0.dll
0x000001639ad10000 - 0x000001639ad15000 	D:\Proyecto Terminal\openjfx-22.0.1_windows-x64_bin-sdk\javafx-sdk-22.0.1\bin\api-ms-win-crt-multibyte-l1-1-0.dll
0x000001639ad20000 - 0x000001639ad30000 	D:\Proyecto Terminal\openjfx-22.0.1_windows-x64_bin-sdk\javafx-sdk-22.0.1\bin\api-ms-win-crt-private-l1-1-0.dll
0x000001639ad30000 - 0x000001639ad33000 	D:\Proyecto Terminal\openjfx-22.0.1_windows-x64_bin-sdk\javafx-sdk-22.0.1\bin\api-ms-win-crt-process-l1-1-0.dll
0x000001639ad40000 - 0x000001639ad44000 	D:\Proyecto Terminal\openjfx-22.0.1_windows-x64_bin-sdk\javafx-sdk-22.0.1\bin\api-ms-win-crt-runtime-l1-1-0.dll
0x000001639ad50000 - 0x000001639ad54000 	D:\Proyecto Terminal\openjfx-22.0.1_windows-x64_bin-sdk\javafx-sdk-22.0.1\bin\api-ms-win-crt-stdio-l1-1-0.dll
0x000001639ad60000 - 0x000001639ad64000 	D:\Proyecto Terminal\openjfx-22.0.1_windows-x64_bin-sdk\javafx-sdk-22.0.1\bin\api-ms-win-crt-string-l1-1-0.dll
0x000001639ad70000 - 0x000001639ad73000 	D:\Proyecto Terminal\openjfx-22.0.1_windows-x64_bin-sdk\javafx-sdk-22.0.1\bin\api-ms-win-crt-time-l1-1-0.dll
0x000001639ad80000 - 0x000001639ad83000 	D:\Proyecto Terminal\openjfx-22.0.1_windows-x64_bin-sdk\javafx-sdk-22.0.1\bin\api-ms-win-crt-utility-l1-1-0.dll
0x00007ff9cf0c0000 - 0x00007ff9cf1bc000 	D:\Proyecto Terminal\openjfx-22.0.1_windows-x64_bin-sdk\javafx-sdk-22.0.1\bin\ucrtbase.dll
0x00007ff9d1b40000 - 0x00007ff9d1b5b000 	D:\Proyecto Terminal\openjfx-22.0.1_windows-x64_bin-sdk\javafx-sdk-22.0.1\bin\vcruntime140.dll
0x00007ff9d7fe0000 - 0x00007ff9d7fec000 	D:\Proyecto Terminal\openjfx-22.0.1_windows-x64_bin-sdk\javafx-sdk-22.0.1\bin\vcruntime140_1.dll
0x00007ff9d0230000 - 0x00007ff9d02be000 	D:\Proyecto Terminal\openjfx-22.0.1_windows-x64_bin-sdk\javafx-sdk-22.0.1\bin\msvcp140.dll
0x00007ff9d1d90000 - 0x00007ff9d1d99000 	D:\Proyecto Terminal\openjfx-22.0.1_windows-x64_bin-sdk\javafx-sdk-22.0.1\bin\msvcp140_1.dll
0x00007ff9cffc0000 - 0x00007ff9d0001000 	D:\Proyecto Terminal\openjfx-22.0.1_windows-x64_bin-sdk\javafx-sdk-22.0.1\bin\msvcp140_2.dll
0x00007ff9d0040000 - 0x00007ff9d0070000 	D:\Proyecto Terminal\openjfx-22.0.1_windows-x64_bin-sdk\javafx-sdk-22.0.1\bin\prism_d3d.dll
0x00007ff996c00000 - 0x00007ff996da8000 	C:\Windows\system32\d3d9.dll
0x00007ff9dc810000 - 0x00007ff9dc83b000 	C:\Windows\SYSTEM32\dwmapi.dll
0x00007ff9dc6c0000 - 0x00007ff9dc6f7000 	C:\Windows\SYSTEM32\dxcore.dll
0x00007ff9dc5a0000 - 0x00007ff9dc651000 	C:\Windows\system32\uxtheme.dll
0x00007ff9d5090000 - 0x00007ff9d526d000 	C:\Windows\System32\DriverStore\FileRepository\u0355756.inf_amd64_5146fc3a012e7afa\B354291\aticfx64.dll
0x00007ff9a6c10000 - 0x00007ff9a6c40000 	C:\Windows\System32\DriverStore\FileRepository\u0355756.inf_amd64_5146fc3a012e7afa\B354291\atiu9p64.dll
0x00007ff9957a0000 - 0x00007ff99646b000 	C:\Windows\System32\DriverStore\FileRepository\u0355756.inf_amd64_5146fc3a012e7afa\B354291\atiumd64.dll
0x00007ff9e1940000 - 0x00007ff9e1ae5000 	C:\Windows\System32\ole32.dll
0x0000000066180000 - 0x0000000066f03000 	C:\Windows\System32\DriverStore\FileRepository\u0355756.inf_amd64_5146fc3a012e7afa\B354291\atiumd6a.dll
0x00007ff9d7c60000 - 0x00007ff9d7ca9000 	C:\Windows\SYSTEM32\directxdatabasehelper.dll
0x00007ff9cf3e0000 - 0x00007ff9cf425000 	D:\Proyecto Terminal\openjfx-22.0.1_windows-x64_bin-sdk\javafx-sdk-22.0.1\bin\glass.dll
0x00007ff9e1300000 - 0x00007ff9e13ff000 	C:\Windows\System32\COMDLG32.dll
0x00007ff971860000 - 0x00007ff9718be000 	C:\Program Files\Huawei\PCManager\plugins\PerfWndMonModule.dll
0x00007ff9e0f90000 - 0x00007ff9e10f0000 	C:\Windows\System32\MSCTF.dll
0x00007ff9e0350000 - 0x00007ff9e0400000 	C:\Windows\System32\clbcatq.dll
0x00007ff9d1110000 - 0x00007ff9d1289000 	C:\Windows\System32\Windows.UI.dll
0x00007ff9a5b90000 - 0x00007ff9a5d05000 	C:\Windows\System32\Windows.UI.Immersive.dll
0x00007ff9cf3c0000 - 0x00007ff9cf3d5000 	D:\Proyecto Terminal\openjfx-22.0.1_windows-x64_bin-sdk\javafx-sdk-22.0.1\bin\javafx_font.dll
0x00007ff9dbd20000 - 0x00007ff9dbf93000 	C:\Windows\SYSTEM32\dwrite.dll
0x00007ff9dc3c0000 - 0x00007ff9dc570000 	C:\Windows\SYSTEM32\WindowsCodecs.dll
0x00007ff9ca1e0000 - 0x00007ff9ca23e000 	C:\Windows\system32\dataexchange.dll
0x00007ff9d5270000 - 0x00007ff9d5514000 	C:\Windows\system32\twinapi.appcore.dll
0x00007ff9cf380000 - 0x00007ff9cf3b2000 	C:\Program Files\Common Files\Microsoft Shared\Ink\rtscom.dll
0x00007ff9ab980000 - 0x00007ff9abac5000 	C:\Windows\SYSTEM32\textinputframework.dll
0x00007ff9d7d30000 - 0x00007ff9d7e63000 	C:\Windows\SYSTEM32\CoreMessaging.dll
0x00007ff9d65c0000 - 0x00007ff9d692d000 	C:\Windows\SYSTEM32\CoreUIComponents.dll
0x00007ff9df060000 - 0x00007ff9df06c000 	C:\Windows\SYSTEM32\CRYPTBASE.DLL
0x00007ff9cf090000 - 0x00007ff9cf0bd000 	D:\Proyecto Terminal\openjfx-22.0.1_windows-x64_bin-sdk\javafx-sdk-22.0.1\bin\javafx_iio.dll
0x00007ff9db730000 - 0x00007ff9dbd1e000 	C:\Windows\SYSTEM32\d2d1.dll

dbghelp: loaded successfully - version: 4.0.5 - missing functions: none
symbol engine: initialized successfully - sym options: 0x614 - pdb path: .;C:\Users\diego\.jdks\corretto-17.0.13\bin;C:\Windows\SYSTEM32;C:\Windows\WinSxS\amd64_microsoft.windows.common-controls_6595b64144ccf1df_6.0.22621.4391_none_2715d37f73803e96;C:\Users\diego\.jdks\corretto-17.0.13\bin\server;D:\Proyecto Terminal\openjfx-22.0.1_windows-x64_bin-sdk\javafx-sdk-22.0.1\bin;C:\Windows\System32\DriverStore\FileRepository\u0355756.inf_amd64_5146fc3a012e7afa\B354291;C:\Program Files\Huawei\PCManager\plugins;C:\Program Files\Common Files\Microsoft Shared\Ink

VM Arguments:
jvm_args: -agentlib:jdwp=transport=dt_socket,address=127.0.0.1:53323,suspend=y,server=n --module-path=D:\Proyecto Terminal\openjfx-22.0.1_windows-x64_bin-sdk\javafx-sdk-22.0.1\lib --add-modules=javafx.controls,javafx.fxml -javaagent:C:\Users\diego\AppData\Local\JetBrains\IntelliJIdea2024.1\captureAgent\debugger-agent.jar -Dfile.encoding=UTF-8 
java_command: optiuam.bc.controller.OptiUAM24
java_class_path (initial): D:\Proyecto Terminal\C鏚igo\OptiUAM24\OptiUAM\out\production\OptiUAM;D:\Proyecto Terminal\C鏚igo\OptiUAM24\OptiUAM\Librerias\jcommon-1.0.23.jar;D:\Proyecto Terminal\C鏚igo\OptiUAM24\OptiUAM\Librerias\jfreechart-1.0.19.jar;D:\Proyecto Terminal\openjfx-22.0.1_windows-x64_bin-sdk\javafx-sdk-22.0.1\lib\javafx-swt.jar;D:\Proyecto Terminal\openjfx-22.0.1_windows-x64_bin-sdk\javafx-sdk-22.0.1\lib\javafx.base.jar;D:\Proyecto Terminal\openjfx-22.0.1_windows-x64_bin-sdk\javafx-sdk-22.0.1\lib\javafx.controls.jar;D:\Proyecto Terminal\openjfx-22.0.1_windows-x64_bin-sdk\javafx-sdk-22.0.1\lib\javafx.fxml.jar;D:\Proyecto Terminal\openjfx-22.0.1_windows-x64_bin-sdk\javafx-sdk-22.0.1\lib\javafx.graphics.jar;D:\Proyecto Terminal\openjfx-22.0.1_windows-x64_bin-sdk\javafx-sdk-22.0.1\lib\javafx.media.jar;D:\Proyecto Terminal\openjfx-22.0.1_windows-x64_bin-sdk\javafx-sdk-22.0.1\lib\javafx.swing.jar;D:\Proyecto Terminal\openjfx-22.0.1_windows-x64_bin-sdk\javafx-sdk-22.0.1\lib\javafx.web.jar;D:\Proyecto Terminal\openjfx-22.0.1_windows-x64_bin-sdk.zip;D:\Proyecto Terminal\commons-math3-3.6.1\commons-math3-3.6.1-tests.jar;D:\Proyecto Terminal\commons-math3-3.6.1\commons-math3-3.6.1-tools.jar;D:\Proyecto Terminal\commons-math3-3.6.1\commons-math3-3.6.1.jar;C:\Program Files\JetBrains\IntelliJ IDEA 2024.1.3\lib\idea_rt.jar
Launcher Type: SUN_STANDARD

[Global flags]
     intx CICompilerCount                          = 4                                         {product} {ergonomic}
     uint ConcGCThreads                            = 2                                         {product} {ergonomic}
     uint G1ConcRefinementThreads                  = 8                                         {product} {ergonomic}
   size_t G1HeapRegionSize                         = 1048576                                   {product} {ergonomic}
    uintx GCDrainStackTargetSize                   = 64                                        {product} {ergonomic}
   size_t InitialHeapSize                          = 117440512                                 {product} {ergonomic}
   size_t MarkStackSize                            = 4194304                                   {product} {ergonomic}
   size_t MaxHeapSize                              = 1862270976                                {product} {ergonomic}
   size_t MaxNewSize                               = 1116733440                                {product} {ergonomic}
   size_t MinHeapDeltaBytes                        = 1048576                                   {product} {ergonomic}
   size_t MinHeapSize                              = 8388608                                   {product} {ergonomic}
    uintx NonNMethodCodeHeapSize                   = 5839372                                {pd product} {ergonomic}
    uintx NonProfiledCodeHeapSize                  = 122909434                              {pd product} {ergonomic}
    uintx ProfiledCodeHeapSize                     = 122909434                              {pd product} {ergonomic}
    uintx ReservedCodeCacheSize                    = 251658240                              {pd product} {ergonomic}
     bool SegmentedCodeCache                       = true                                      {product} {ergonomic}
   size_t SoftMaxHeapSize                          = 1862270976                             {manageable} {ergonomic}
     bool UseCompressedClassPointers               = true                           {product lp64_product} {ergonomic}
     bool UseCompressedOops                        = true                           {product lp64_product} {ergonomic}
     bool UseG1GC                                  = true                                      {product} {ergonomic}
     bool UseLargePagesIndividualAllocation        = false                                  {pd product} {ergonomic}

Logging:
Log output configuration:
 #0: stdout all=off uptime,level,tags
 #1: stderr all=off uptime,level,tags

Environment Variables:
PATH=C:\Program Files\Common Files\Oracle\Java\javapath;C:\Users\diego\Desktop\oracle\bin;C:\Windows\system32;C:\Windows;C:\Windows\System32\Wbem;C:\Windows\System32\WindowsPowerShell\v1.0\;C:\Windows\System32\OpenSSH\;C:\Program Files\Git\cmd;C:\Strawberry\c\bin;C:\Strawberry\perl\site\bin;C:\Strawberry\perl\bin;C:\Users\diego\AppData\Local\Programs\Python\Launcher\;C:\Users\diego\AppData\Local\Microsoft\WindowsApps;C:\Program Files\JetBrains\IntelliJ IDEA 2024.1.3\bin;;C:\Users\diego\AppData\Local\GitHubDesktop\bin;C:\Program Files\JetBrains\PyCharm 2024.1.4\bin;;C:\Users\diego\AppData\Local\Programs\Microsoft VS Code\bin;C:\Users\diego\AppData\Local\Programs\MiKTeX\miktex\bin\x64\;C:\Program Files\JetBrains\PyCharm Community Edition 2024.3\bin;
USERNAME=diego
OS=Windows_NT
PROCESSOR_IDENTIFIER=AMD64 Family 23 Model 24 Stepping 1, AuthenticAMD
TMP=C:\Users\diego\AppData\Local\Temp
TEMP=C:\Users\diego\AppData\Local\Temp



Periodic native trim disabled


---------------  S Y S T E M  ---------------

OS:
 Windows 11 , 64 bit Build 22621 (10.0.22621.4391)
OS uptime: 3 days 11:32 hours

CPU: total 8 (initial active 8) (8 cores per cpu, 2 threads per core) family 23 model 24 stepping 1 microcode 0x0, cx8, cmov, fxsr, ht, mmx, 3dnowpref, sse, sse2, sse3, ssse3, sse4a, sse4.1, sse4.2, popcnt, lzcnt, tsc, tscinvbit, avx, avx2, aes, clmul, bmi1, bmi2, adx, sha, fma, vzeroupper, clflush, clflushopt
Processor Information for all 8 processors :
  Max Mhz: 2100, Current Mhz: 2100, Mhz Limit: 2100

Memory: 4k page, system-wide physical 7103M (932M free)
TotalPageFile size 15807M (AvailPageFile size 2364M)
current process WorkingSet (physical memory assigned to process): 268M, peak: 450M
current process commit charge ("private bytes"): 371M, peak: 567M

vm_info: OpenJDK 64-Bit Server VM (17.0.13+11-LTS) for windows-amd64 JRE (17.0.13+11-LTS), built on Oct 10 2024 19:51:30 by "Administrator" with MS VC++ 16.10 / 16.11 (VS2019)

END.
