#
# A fatal error has been detected by the Java Runtime Environment:
#
#  EXCEPTION_ACCESS_VIOLATION (0xc0000005) at pc=0x00007ff9598882d7, pid=17368, tid=1744
#
# JRE version: OpenJDK Runtime Environment Corretto-17.0.13.11.1 (17.0.13+11) (build 17.0.13+11-LTS)
# Java VM: OpenJDK 64-Bit Server VM Corretto-17.0.13.11.1 (17.0.13+11-LTS, mixed mode, sharing, tiered, compressed oops, compressed class ptrs, g1 gc, windows-amd64)
# Problematic frame:
# C  [glass.dll+0x282d7]
#
# No core dump will be written. Minidumps are not enabled by default on client versions of Windows
#
# If you would like to submit a bug report, please visit:
#   https://github.com/corretto/corretto-17/issues/
#

---------------  S U M M A R Y ------------

Command Line: -agentlib:jdwp=transport=dt_socket,address=127.0.0.1:3852,suspend=y,server=n --module-path=D:\Proyecto Terminal\openjfx-22.0.1_windows-x64_bin-sdk\javafx-sdk-22.0.1\lib --add-modules=javafx.controls,javafx.fxml -javaagent:C:\Users\diego\AppData\Local\JetBrains\IntelliJIdea2024.1\captureAgent\debugger-agent.jar -Dfile.encoding=UTF-8 optiuam.bc.controller.OptiUAM24

Host: AMD Ryzen 5 3500U with Radeon Vega Mobile Gfx  , 8 cores, 6G,  Windows 11 , 64 bit Build 26100 (10.0.26100.2454)
Time: Thu Jan  2 22:12:31 2025 Hora estándar central (México) elapsed time: 301.729771 seconds (0d 0h 5m 1s)

---------------  T H R E A D  ---------------

Current thread (0x000002a9b26e88b0):  VMThread "VM Thread" [stack: 0x000000c800a00000,0x000000c800b00000] [id=1744]

Stack: [0x000000c800a00000,0x000000c800b00000],  sp=0x000000c800afec10,  free space=1019k
Native frames: (J=compiled Java code, j=interpreted, Vv=VM code, C=native code)
C  [glass.dll+0x282d7]


siginfo: EXCEPTION_ACCESS_VIOLATION (0xc0000005), reading address 0x0000000000000000


Registers:
RAX=0x0000000000000000, RBX=0x000002a9f8511ec0, RCX=0x000002a9b26e88b0, RDX=0x000000c800afec10
RSP=0x000000c800afec10, RBP=0x0000f695c49ebd63, RSI=0x000002a9f87c93b8, RDI=0x000002a9f87c9390
R8 =0x0000000000010002, R9 =0x0000f695c49ebd63, R10=0x000002a9928e0000, R11=0x000000c800afeac0
R12=0x0000000000000001, R13=0x000000007ffe0385, R14=0x000000c800afed18, R15=0x000002a9f87c9390
RIP=0x00007ff9598882d7, EFLAGS=0x0000000000010202


Register to memory mapping:

RIP=0x00007ff9598882d7 glass.dll
RAX=0x0 is NULL
RBX=0x000002a9f8511ec0 is a global jni handle
RCX=0x000002a9b26e88b0 points into unknown readable memory: 0x00007ff90ede2cc8 | c8 2c de 0e f9 7f 00 00
RDX=0x000000c800afec10 points into unknown readable memory: 0x0000000000000000 | 00 00 00 00 00 00 00 00
RSP=0x000000c800afec10 points into unknown readable memory: 0x0000000000000000 | 00 00 00 00 00 00 00 00
RBP=0x0000f695c49ebd63 is an unknown value
RSI=0x000002a9f87c93b8 points into unknown readable memory: 0x0000f695c49ebd63 | 63 bd 9e c4 95 f6 00 00
RDI=0x000002a9f87c9390 points into unknown readable memory: 0xcc424155c49d42a9 | a9 42 9d c4 55 41 42 cc
R8 =0x0000000000010002 is an unknown value
R9 =0x0000f695c49ebd63 is an unknown value
R10=0x000002a9928e0000 points into unknown readable memory: 0x0000000000000000 | 00 00 00 00 00 00 00 00
R11=0x000000c800afeac0 points into unknown readable memory: 0x0000000000000000 | 00 00 00 00 00 00 00 00
R12=0x0000000000000001 is an unknown value
R13=0x000000007ffe0385 points into unknown readable memory: 00 00 00
R14=0x000000c800afed18 points into unknown readable memory: 0x000000c800afed00 | 00 ed af 00 c8 00 00 00
R15=0x000002a9f87c9390 points into unknown readable memory: 0xcc424155c49d42a9 | a9 42 9d c4 55 41 42 cc


Top of Stack: (sp=0x000000c800afec10)
0x000000c800afec10:   0000000000000000 000002a900000000
0x000000c800afec20:   000002a9f86a0c00 0000000000000001
0x000000c800afec30:   000002a9f87c9398 00007ff969a5cf05
0x000000c800afec40:   000002a9f87c9390 000002a900000000
0x000000c800afec50:   000002a9f87c93b0 0000f695c49ebd63
0x000000c800afec60:   fffffffffffffffe 0000000000000001
0x000000c800afec70:   00007ff959860000 00007ff959860000
0x000000c800afec80:   000000c800afed08 00007ff969a5ce27
0x000000c800afec90:   000000c800afed00 000000c800afed18
0x000000c800afeca0:   000000c800aff240 00007ff969b788c0
0x000000c800afecb0:   0000000000000001 00007ff969a5cddd
0x000000c800afecc0:   0000000000000000 0000000000000001
0x000000c800afecd0:   0000000000000001 000000c800afed08
0x000000c800afece0:   fffffffffffffffe 000000007ffe0384
0x000000c800afecf0:   0000000000000001 00007ff959885a6d
0x000000c800afed00:   00007ff95989d078 00007ff900000002
0x000000c800afed10:   0000000000000002 000000c800afed00
0x000000c800afed20:   0000000000000000 0000000000000000
0x000000c800afed30:   0000000000000000 00007ff959885b92
0x000000c800afed40:   0000000000000001 000000c800aff200
0x000000c800afed50:   0000000000000001 0000000000000001
0x000000c800afed60:   0000000000000001 00007ff968f9277e
0x000000c800afed70:   0000000000000001 000000000000008d
0x000000c800afed80:   0000000000000000 0000000000000001
0x000000c800afed90:   00007ff959885be0 00007ff96c5dd860
0x000000c800afeda0:   00007ff959860000 00007ff900000000
0x000000c800afedb0:   0000000000000001 000000007ffe0384
0x000000c800afedc0:   000000000000005e 0000000000000000
0x000000c800afedd0:   0000000000000000 0000000000000000
0x000000c800afede0:   00007ff959860000 fffffb0c00000000
0x000000c800afedf0:   000000000000008b 0000000000000000
0x000000c800afee00:   0000000000000000 000002a992c86550 

Instructions: (pc=0x00007ff9598882d7)
0x00007ff9598881d7:   8b 4d 58 e8 49 cf ff ff 48 8b 4d 60 e8 40 cf ff
0x00007ff9598881e7:   ff 48 8b 95 80 00 00 00 48 8b 8d 18 01 00 00 e8
0x00007ff9598881f7:   26 c5 ff ff 33 d2 33 c9 e8 8c e1 ff ff 90 48 89
0x00007ff959888207:   54 24 10 55 48 83 ec 20 48 8b ea 48 b8 00 00 00
0x00007ff959888217:   00 00 00 00 00 48 83 c4 20 5d c3 cc 40 55 48 8b
0x00007ff959888227:   ea 48 8b 01 33 c9 81 38 05 00 00 c0 0f 94 c1 8b
0x00007ff959888237:   c1 5d c3 cc 40 55 48 83 ec 20 48 8b ea 8a 4d 40
0x00007ff959888247:   48 83 c4 20 5d e9 33 d3 ff ff cc 40 55 48 83 ec
0x00007ff959888257:   20 48 8b ea 8a 4d 20 e8 21 d3 ff ff 90 48 83 c4
0x00007ff959888267:   20 5d c3 cc 40 55 48 83 ec 20 48 8b ea 48 83 c4
0x00007ff959888277:   20 5d e9 82 d1 ff ff cc 40 55 48 83 ec 30 48 8b
0x00007ff959888287:   ea 48 8b 01 8b 10 48 89 4c 24 28 89 54 24 20 4c
0x00007ff959888297:   8d 0d 23 d6 ff ff 4c 8b 45 70 8b 55 68 48 8b 4d
0x00007ff9598882a7:   60 e8 c3 d0 ff ff 90 48 83 c4 30 5d c3 cc cc cc
0x00007ff9598882b7:   cc cc cc cc cc cc cc cc cc 40 53 48 83 ec 20 48
0x00007ff9598882c7:   8b 1d 6b 47 01 00 48 85 db 74 16 e8 39 90 ff ff
0x00007ff9598882d7:   4c 8b 00 48 8b d3 48 8b c8 41 ff 90 b0 00 00 00
0x00007ff9598882e7:   90 48 83 c4 20 5b c3 cc cc 40 53 48 83 ec 20 48
0x00007ff9598882f7:   8b 1d ab 48 01 00 48 85 db 74 57 b8 ff ff ff ff
0x00007ff959888307:   f0 0f c1 43 10 83 f8 01 75 3d 48 85 db 74 38 48
0x00007ff959888317:   8b 0b 48 85 c9 74 0d ff 15 8c 0f 00 00 48 c7 03
0x00007ff959888327:   00 00 00 00 48 8b 4b 08 48 85 c9 74 0d e8 ef cd
0x00007ff959888337:   ff ff 48 c7 43 08 00 00 00 00 ba 18 00 00 00 48
0x00007ff959888347:   8b cb e8 da cd ff ff 48 c7 05 4f 48 01 00 00 00
0x00007ff959888357:   00 00 48 83 c4 20 5b c3 cc 40 53 48 83 ec 20 48
0x00007ff959888367:   8b 1d 1b 48 01 00 48 85 db 74 57 b8 ff ff ff ff
0x00007ff959888377:   f0 0f c1 43 10 83 f8 01 75 3d 48 85 db 74 38 48
0x00007ff959888387:   8b 0b 48 85 c9 74 0d ff 15 1c 0f 00 00 48 c7 03
0x00007ff959888397:   00 00 00 00 48 8b 4b 08 48 85 c9 74 0d e8 7f cd
0x00007ff9598883a7:   ff ff 48 c7 43 08 00 00 00 00 ba 18 00 00 00 48
0x00007ff9598883b7:   8b cb e8 6a cd ff ff 48 c7 05 bf 47 01 00 00 00
0x00007ff9598883c7:   00 00 48 83 c4 20 5b c3 cc 40 53 48 83 ec 20 48 


Stack slot to memory mapping:
stack at sp + 0 slots: 0x0 is NULL
stack at sp + 1 slots: 0x000002a900000000 is an unknown value
stack at sp + 2 slots: 0x000002a9f86a0c00 points into unknown readable memory: 0x000002a9f86a19b0 | b0 19 6a f8 a9 02 00 00
stack at sp + 3 slots: 0x0000000000000001 is an unknown value
stack at sp + 4 slots: 0x000002a9f87c9398 points into unknown readable memory: 0x0000f695c49ebd63 | 63 bd 9e c4 95 f6 00 00
stack at sp + 5 slots: 0x00007ff969a5cf05 ucrtbase.dll
stack at sp + 6 slots: 0x000002a9f87c9390 points into unknown readable memory: 0xcc424155c49d42a9 | a9 42 9d c4 55 41 42 cc
stack at sp + 7 slots: 0x000002a900000000 is an unknown value

VM_Operation (0x000000c8001fee70): Exit, mode: safepoint, requested by thread 0x000002a9f85a9780


---------------  P R O C E S S  ---------------

Threads class SMR info:
_java_thread_list=0x000002a9b2b21b80, length=21, elements={
0x000002a994c78840, 0x000002a9b26efe00, 0x000002a9b26f29d0, 0x000002a9b27024b0,
0x000002a9b2704d90, 0x000002a9b2705660, 0x000002a9b2705f30, 0x000002a9b2706b30,
0x000002a9b27074f0, 0x000002a9b273de10, 0x000002a9b26d9a70, 0x000002a9f88400a0,
0x000002a9f8b15340, 0x000002a9f8cab880, 0x000002a9f9375bf0, 0x000002a9f906c250,
0x000002a9f8c07490, 0x000002a9f85b0fb0, 0x000002a9f8f194d0, 0x000002a9f8f18090,
0x000002a9f85a9780
}

Java Threads: ( => current thread )
  0x000002a994c78840 JavaThread "main" [_thread_blocked, id=13796, stack(0x000000c800400000,0x000000c800500000)]
  0x000002a9b26efe00 JavaThread "Reference Handler" daemon [_thread_blocked, id=17300, stack(0x000000c800b00000,0x000000c800c00000)]
  0x000002a9b26f29d0 JavaThread "Finalizer" daemon [_thread_blocked, id=17244, stack(0x000000c800c00000,0x000000c800d00000)]
  0x000002a9b27024b0 JavaThread "Signal Dispatcher" daemon [_thread_blocked, id=16760, stack(0x000000c800d00000,0x000000c800e00000)]
  0x000002a9b2704d90 JavaThread "Attach Listener" daemon [_thread_blocked, id=16476, stack(0x000000c800e00000,0x000000c800f00000)]
  0x000002a9b2705660 JavaThread "Service Thread" daemon [_thread_blocked, id=11040, stack(0x000000c800f00000,0x000000c801000000)]
  0x000002a9b2705f30 JavaThread "Monitor Deflation Thread" daemon [_thread_blocked, id=16852, stack(0x000000c801000000,0x000000c801100000)]
  0x000002a9b2706b30 JavaThread "C2 CompilerThread0" daemon [_thread_blocked, id=11816, stack(0x000000c801100000,0x000000c801200000)]
  0x000002a9b27074f0 JavaThread "C1 CompilerThread0" daemon [_thread_blocked, id=16388, stack(0x000000c801200000,0x000000c801300000)]
  0x000002a9b273de10 JavaThread "Sweeper thread" daemon [_thread_blocked, id=9780, stack(0x000000c801300000,0x000000c801400000)]
  0x000002a9b26d9a70 JavaThread "Common-Cleaner" daemon [_thread_blocked, id=10644, stack(0x000000c801400000,0x000000c801500000)]
  0x000002a9f88400a0 JavaThread "JDWP Event Helper Thread" daemon [_thread_blocked, id=2868, stack(0x000000c801800000,0x000000c801900000)]
  0x000002a9f8b15340 JavaThread "Notification Thread" daemon [_thread_blocked, id=3840, stack(0x000000c801a00000,0x000000c801b00000)]
  0x000002a9f8cab880 JavaThread "QuantumRenderer-0" daemon [_thread_blocked, id=16904, stack(0x000000c801600000,0x000000c801700000)]
  0x000002a9f9375bf0 JavaThread "InvokeLaterDispatcher" daemon [_thread_blocked, id=316, stack(0x000000c801e00000,0x000000c801f00000)]
  0x000002a9f906c250 JavaThread "JavaFX Application Thread" [_thread_blocked, id=13468, stack(0x000000c801f00000,0x000000c802000000)]
  0x000002a9f8c07490 JavaThread "JavaFX-Launcher" [_thread_blocked, id=15504, stack(0x000000c802700000,0x000000c802800000)]
  0x000002a9f85b0fb0 JavaThread "Thread-2" daemon [_thread_in_native, id=14940, stack(0x000000c802600000,0x000000c802700000)]
  0x000002a9f8f194d0 JavaThread "Prism Font Disposer" daemon [_thread_blocked, id=4940, stack(0x000000c803000000,0x000000c803100000)]
  0x000002a9f8f18090 JavaThread "Cleaner-0" daemon [_thread_blocked, id=9684, stack(0x000000c803200000,0x000000c803300000)]
  0x000002a9f85a9780 JavaThread "SIGINT handler" daemon [_thread_blocked, id=13516, stack(0x000000c800100000,0x000000c800200000)]

Other Threads:
=>0x000002a9b26e88b0 VMThread "VM Thread" [stack: 0x000000c800a00000,0x000000c800b00000] [id=1744]
  0x000002a994ccbd90 GCTaskThread "GC Thread#0" [stack: 0x000000c800500000,0x000000c800600000] [id=16864]
  0x000002a9f8489ee0 GCTaskThread "GC Thread#1" [stack: 0x000000c802800000,0x000000c802900000] [id=17168]
  0x000002a9f854f4c0 GCTaskThread "GC Thread#2" [stack: 0x000000c802900000,0x000000c802a00000] [id=9808]
  0x000002a9f854fb90 GCTaskThread "GC Thread#3" [stack: 0x000000c802a00000,0x000000c802b00000] [id=3292]
  0x000002a9f857ff00 GCTaskThread "GC Thread#4" [stack: 0x000000c802b00000,0x000000c802c00000] [id=8384]
  0x000002a9f85801c0 GCTaskThread "GC Thread#5" [stack: 0x000000c802c00000,0x000000c802d00000] [id=14576]
  0x000002a9f857f6c0 GCTaskThread "GC Thread#6" [stack: 0x000000c802d00000,0x000000c802e00000] [id=6528]
  0x000002a9f8580740 GCTaskThread "GC Thread#7" [stack: 0x000000c802e00000,0x000000c802f00000] [id=11180]
  0x000002a994cdc7c0 ConcurrentGCThread "G1 Main Marker" terminated
  0x000002a994cde830 ConcurrentGCThread "G1 Conc#0" [stack: 0x000000c800700000,0x000000c800800000] [id=14620]
  0x000002a9892a7540 ConcurrentGCThread "G1 Conc#1" [stack: 0x000000c801500000,0x000000c801600000] [id=5364]
  0x000002a9b259a0f0 ConcurrentGCThread "G1 Refine#0" terminated
  0x000002a9feee2760 ConcurrentGCThread "G1 Refine#1" terminated
  0x000002a9b29cf590 ConcurrentGCThread "G1 Refine#2" terminated
  0x000002a9845d8280 ConcurrentGCThread "G1 Refine#3" terminated
  0x000002a9838ef940 ConcurrentGCThread "G1 Refine#4" terminated
  0x000002a9b259a9c0 ConcurrentGCThread "G1 Service" terminated

Threads with active compile tasks:
C2 CompilerThread0  
[error occurred during error reporting (printing all threads), id 0xc0000005, EXCEPTION_ACCESS_VIOLATION (0xc0000005) at pc=0x00007ff90ebe65b3]

VM state: at safepoint (shutting down)

VM Mutex/Monitor currently owned by a thread:  ([mutex/lock_event])
[0x000002a994c72160] Threads_lock - owner thread: 0x000002a9b26e88b0
[0x000002a994c72af0] Heap_lock - owner thread: 0x000002a9f85a9780

Heap address: 0x0000000091000000, size: 1776 MB, Compressed Oops mode: 32-bit

CDS archive(s) mapped at: [0x000002a9b3000000-0x000002a9b3bb0000-0x000002a9b3bb0000), size 12255232, SharedBaseAddress: 0x000002a9b3000000, ArchiveRelocationMode: 1.
Compressed class space mapped at: 0x000002a9b4000000-0x000002a9f4000000, reserved size: 1073741824
Narrow klass base: 0x000002a9b3000000, Narrow klass shift: 0, Narrow klass range: 0x100000000

GC Precious Log:
 CPUs: 8 total, 8 available
 Memory: 7103M
 Large Page Support: Disabled
 NUMA Support: Disabled
 Compressed Oops: Enabled (32-bit)
 Heap Region Size: 1M
 Heap Min Capacity: 8M
 Heap Initial Capacity: 112M
 Heap Max Capacity: 1776M
 Pre-touch: Disabled
 Parallel Workers: 8
 Concurrent Workers: 2
 Concurrent Refinement Workers: 8
 Periodic GC: Disabled

Heap:
 garbage-first heap   total 132096K, used 79877K [0x0000000091000000, 0x0000000100000000)
  region size 1024K, 6 young (6144K), 3 survivors (3072K)
 Metaspace       used 24140K, committed 24576K, reserved 1114112K
  class space    used 3237K, committed 3456K, reserved 1048576K

Heap Regions: E=young(eden), S=young(survivor), O=old, HS=humongous(starts), HC=humongous(continues), CS=collection set, F=free, OA=open archive, CA=closed archive, TAMS=top-at-mark-start (previous, next)
|   0|0x0000000091000000, 0x0000000091100000, 0x0000000091100000|100%|HS|  |TAMS 0x0000000091100000, 0x0000000091000000| Complete 
|   1|0x0000000091100000, 0x0000000091200000, 0x0000000091200000|100%|HS|  |TAMS 0x0000000091200000, 0x0000000091100000| Complete 
|   2|0x0000000091200000, 0x0000000091300000, 0x0000000091300000|100%| O|  |TAMS 0x0000000091300000, 0x0000000091200000| Untracked 
|   3|0x0000000091300000, 0x0000000091400000, 0x0000000091400000|100%|HS|  |TAMS 0x0000000091400000, 0x0000000091300000| Complete 
|   4|0x0000000091400000, 0x0000000091500000, 0x0000000091500000|100%| O|  |TAMS 0x0000000091500000, 0x0000000091400000| Untracked 
|   5|0x0000000091500000, 0x0000000091600000, 0x0000000091600000|100%| O|  |TAMS 0x0000000091600000, 0x0000000091500000| Untracked 
|   6|0x0000000091600000, 0x0000000091700000, 0x0000000091700000|100%| O|  |TAMS 0x0000000091700000, 0x0000000091600000| Untracked 
|   7|0x0000000091700000, 0x0000000091800000, 0x0000000091800000|100%|HS|  |TAMS 0x0000000091800000, 0x0000000091700000| Complete 
|   8|0x0000000091800000, 0x0000000091900000, 0x0000000091900000|100%|HC|  |TAMS 0x0000000091900000, 0x0000000091800000| Complete 
|   9|0x0000000091900000, 0x0000000091a00000, 0x0000000091a00000|100%|HC|  |TAMS 0x0000000091a00000, 0x0000000091900000| Complete 
|  10|0x0000000091a00000, 0x0000000091b00000, 0x0000000091b00000|100%|HC|  |TAMS 0x0000000091b00000, 0x0000000091a00000| Complete 
|  11|0x0000000091b00000, 0x0000000091c00000, 0x0000000091c00000|100%|HC|  |TAMS 0x0000000091c00000, 0x0000000091b00000| Complete 
|  12|0x0000000091c00000, 0x0000000091d00000, 0x0000000091d00000|100%|HC|  |TAMS 0x0000000091d00000, 0x0000000091c00000| Complete 
|  13|0x0000000091d00000, 0x0000000091e00000, 0x0000000091e00000|100%|HC|  |TAMS 0x0000000091e00000, 0x0000000091d00000| Complete 
|  14|0x0000000091e00000, 0x0000000091f00000, 0x0000000091f00000|100%|HC|  |TAMS 0x0000000091f00000, 0x0000000091e00000| Complete 
|  15|0x0000000091f00000, 0x0000000092000000, 0x0000000092000000|100%|HC|  |TAMS 0x0000000092000000, 0x0000000091f00000| Complete 
|  16|0x0000000092000000, 0x0000000092100000, 0x0000000092100000|100%|HC|  |TAMS 0x0000000092100000, 0x0000000092000000| Complete 
|  17|0x0000000092100000, 0x0000000092200000, 0x0000000092200000|100%|HC|  |TAMS 0x0000000092200000, 0x0000000092100000| Complete 
|  18|0x0000000092200000, 0x0000000092300000, 0x0000000092300000|100%|HC|  |TAMS 0x0000000092300000, 0x0000000092200000| Complete 
|  19|0x0000000092300000, 0x0000000092400000, 0x0000000092400000|100%|HC|  |TAMS 0x0000000092400000, 0x0000000092300000| Complete 
|  20|0x0000000092400000, 0x0000000092500000, 0x0000000092500000|100%|HS|  |TAMS 0x0000000092500000, 0x0000000092400000| Complete 
|  21|0x0000000092500000, 0x0000000092600000, 0x0000000092600000|100%|HS|  |TAMS 0x0000000092600000, 0x0000000092500000| Complete 
|  22|0x0000000092600000, 0x0000000092700000, 0x0000000092700000|100%|HC|  |TAMS 0x0000000092700000, 0x0000000092600000| Complete 
|  23|0x0000000092700000, 0x0000000092800000, 0x0000000092800000|100%|HS|  |TAMS 0x0000000092800000, 0x0000000092700000| Complete 
|  24|0x0000000092800000, 0x0000000092900000, 0x0000000092900000|100%| O|  |TAMS 0x0000000092900000, 0x0000000092800000| Untracked 
|  25|0x0000000092900000, 0x0000000092a00000, 0x0000000092a00000|100%| O|  |TAMS 0x0000000092a00000, 0x0000000092900000| Untracked 
|  26|0x0000000092a00000, 0x0000000092b00000, 0x0000000092b00000|100%|HS|  |TAMS 0x0000000092b00000, 0x0000000092a00000| Complete 
|  27|0x0000000092b00000, 0x0000000092c00000, 0x0000000092c00000|100%| O|  |TAMS 0x0000000092c00000, 0x0000000092b00000| Untracked 
|  28|0x0000000092c00000, 0x0000000092d00000, 0x0000000092d00000|100%| O|  |TAMS 0x0000000092d00000, 0x0000000092c00000| Untracked 
|  29|0x0000000092d00000, 0x0000000092e00000, 0x0000000092e00000|100%| O|  |TAMS 0x0000000092e00000, 0x0000000092d00000| Untracked 
|  30|0x0000000092e00000, 0x0000000092f00000, 0x0000000092f00000|100%| O|  |TAMS 0x0000000092f00000, 0x0000000092e00000| Untracked 
|  31|0x0000000092f00000, 0x0000000093000000, 0x0000000093000000|100%| O|  |TAMS 0x0000000093000000, 0x0000000092f00000| Untracked 
|  32|0x0000000093000000, 0x0000000093100000, 0x0000000093100000|100%|HS|  |TAMS 0x0000000093100000, 0x0000000093000000| Complete 
|  33|0x0000000093100000, 0x0000000093200000, 0x0000000093200000|100%| O|  |TAMS 0x0000000093200000, 0x0000000093100000| Untracked 
|  34|0x0000000093200000, 0x0000000093300000, 0x0000000093300000|100%| O|  |TAMS 0x0000000093300000, 0x0000000093200000| Untracked 
|  35|0x0000000093300000, 0x0000000093400000, 0x0000000093400000|100%| O|  |TAMS 0x0000000093400000, 0x0000000093300000| Untracked 
|  36|0x0000000093400000, 0x0000000093500000, 0x0000000093500000|100%| O|  |TAMS 0x0000000093500000, 0x0000000093400000| Untracked 
|  37|0x0000000093500000, 0x0000000093600000, 0x0000000093600000|100%| O|  |TAMS 0x0000000093600000, 0x0000000093500000| Untracked 
|  38|0x0000000093600000, 0x0000000093700000, 0x0000000093700000|100%| O|  |TAMS 0x0000000093700000, 0x0000000093600000| Untracked 
|  39|0x0000000093700000, 0x0000000093800000, 0x0000000093800000|100%| O|  |TAMS 0x0000000093800000, 0x0000000093700000| Untracked 
|  40|0x0000000093800000, 0x0000000093900000, 0x0000000093900000|100%| O|  |TAMS 0x0000000093900000, 0x0000000093800000| Untracked 
|  41|0x0000000093900000, 0x0000000093a00000, 0x0000000093a00000|100%| O|  |TAMS 0x0000000093a00000, 0x0000000093900000| Untracked 
|  42|0x0000000093a00000, 0x0000000093b00000, 0x0000000093b00000|100%|HS|  |TAMS 0x0000000093b00000, 0x0000000093a00000| Complete 
|  43|0x0000000093b00000, 0x0000000093c00000, 0x0000000093c00000|100%|HS|  |TAMS 0x0000000093c00000, 0x0000000093b00000| Complete 
|  44|0x0000000093c00000, 0x0000000093d00000, 0x0000000093d00000|100%|HS|  |TAMS 0x0000000093d00000, 0x0000000093c00000| Complete 
|  45|0x0000000093d00000, 0x0000000093e00000, 0x0000000093e00000|100%| O|  |TAMS 0x0000000093e00000, 0x0000000093d00000| Untracked 
|  46|0x0000000093e00000, 0x0000000093f00000, 0x0000000093f00000|100%|HS|  |TAMS 0x0000000093f00000, 0x0000000093e00000| Complete 
|  47|0x0000000093f00000, 0x0000000094000000, 0x0000000094000000|100%| O|  |TAMS 0x0000000094000000, 0x0000000093f00000| Untracked 
|  48|0x0000000094000000, 0x0000000094100000, 0x0000000094100000|100%| O|  |TAMS 0x0000000094100000, 0x0000000094000000| Untracked 
|  49|0x0000000094100000, 0x0000000094200000, 0x0000000094200000|100%| O|  |TAMS 0x0000000094200000, 0x0000000094100000| Untracked 
|  50|0x0000000094200000, 0x0000000094300000, 0x0000000094300000|100%| O|  |TAMS 0x0000000094300000, 0x0000000094200000| Untracked 
|  51|0x0000000094300000, 0x0000000094400000, 0x0000000094400000|100%| O|  |TAMS 0x0000000094400000, 0x0000000094300000| Untracked 
|  52|0x0000000094400000, 0x0000000094500000, 0x0000000094500000|100%| O|  |TAMS 0x0000000094500000, 0x0000000094400000| Untracked 
|  53|0x0000000094500000, 0x0000000094600000, 0x0000000094600000|100%| O|  |TAMS 0x0000000094600000, 0x0000000094500000| Untracked 
|  54|0x0000000094600000, 0x0000000094600000, 0x0000000094700000|  0%| F|  |TAMS 0x0000000094600000, 0x0000000094600000| Untracked 
|  55|0x0000000094700000, 0x0000000094800000, 0x0000000094800000|100%| O|  |TAMS 0x0000000094800000, 0x0000000094700000| Untracked 
|  56|0x0000000094800000, 0x0000000094900000, 0x0000000094900000|100%| O|  |TAMS 0x0000000094900000, 0x0000000094800000| Untracked 
|  57|0x0000000094900000, 0x0000000094a00000, 0x0000000094a00000|100%| O|  |TAMS 0x0000000094a00000, 0x0000000094900000| Untracked 
|  58|0x0000000094a00000, 0x0000000094b00000, 0x0000000094b00000|100%| O|  |TAMS 0x0000000094b00000, 0x0000000094a00000| Untracked 
|  59|0x0000000094b00000, 0x0000000094c00000, 0x0000000094c00000|100%|HS|  |TAMS 0x0000000094c00000, 0x0000000094b00000| Complete 
|  60|0x0000000094c00000, 0x0000000094d00000, 0x0000000094d00000|100%|HS|  |TAMS 0x0000000094d00000, 0x0000000094c00000| Complete 
|  61|0x0000000094d00000, 0x0000000094e00000, 0x0000000094e00000|100%|HS|  |TAMS 0x0000000094e00000, 0x0000000094d00000| Complete 
|  62|0x0000000094e00000, 0x0000000094f00000, 0x0000000094f00000|100%| O|  |TAMS 0x0000000094f00000, 0x0000000094e00000| Untracked 
|  63|0x0000000094f00000, 0x0000000095000000, 0x0000000095000000|100%|HS|  |TAMS 0x0000000095000000, 0x0000000094f00000| Complete 
|  64|0x0000000095000000, 0x0000000095100000, 0x0000000095100000|100%|HS|  |TAMS 0x0000000095100000, 0x0000000095000000| Complete 
|  65|0x0000000095100000, 0x0000000095200000, 0x0000000095200000|100%| O|  |TAMS 0x0000000095200000, 0x0000000095100000| Untracked 
|  66|0x0000000095200000, 0x0000000095300000, 0x0000000095300000|100%|HS|  |TAMS 0x0000000095300000, 0x0000000095200000| Complete 
|  67|0x0000000095300000, 0x0000000095400000, 0x0000000095400000|100%| O|  |TAMS 0x0000000095400000, 0x0000000095300000| Untracked 
|  68|0x0000000095400000, 0x0000000095500000, 0x0000000095500000|100%|HS|  |TAMS 0x0000000095500000, 0x0000000095400000| Complete 
|  69|0x0000000095500000, 0x0000000095500000, 0x0000000095600000|  0%| F|  |TAMS 0x0000000095500000, 0x0000000095500000| Untracked 
|  70|0x0000000095600000, 0x0000000095700000, 0x0000000095700000|100%| O|  |TAMS 0x0000000095700000, 0x0000000095600000| Untracked 
|  71|0x0000000095700000, 0x0000000095800000, 0x0000000095800000|100%| O|  |TAMS 0x0000000095800000, 0x0000000095700000| Complete 
|  72|0x0000000095800000, 0x0000000095900000, 0x0000000095900000|100%| O|  |TAMS 0x0000000095900000, 0x0000000095800000| Untracked 
|  73|0x0000000095900000, 0x0000000095a00000, 0x0000000095a00000|100%| O|  |TAMS 0x0000000095a00000, 0x0000000095900000| Untracked 
|  74|0x0000000095a00000, 0x0000000095aaca00, 0x0000000095b00000| 67%| O|  |TAMS 0x0000000095aaca00, 0x0000000095a00000| Untracked 
|  75|0x0000000095b00000, 0x0000000095b00000, 0x0000000095c00000|  0%| F|  |TAMS 0x0000000095b00000, 0x0000000095b00000| Untracked 
|  76|0x0000000095c00000, 0x0000000095d00000, 0x0000000095d00000|100%|HS|  |TAMS 0x0000000095c00000, 0x0000000095c00000| Complete 
|  77|0x0000000095d00000, 0x0000000095d00000, 0x0000000095e00000|  0%| F|  |TAMS 0x0000000095d00000, 0x0000000095d00000| Untracked 
|  78|0x0000000095e00000, 0x0000000095e00000, 0x0000000095f00000|  0%| F|  |TAMS 0x0000000095e00000, 0x0000000095e00000| Untracked 
|  79|0x0000000095f00000, 0x0000000095f00000, 0x0000000096000000|  0%| F|  |TAMS 0x0000000095f00000, 0x0000000095f00000| Untracked 
|  80|0x0000000096000000, 0x0000000096000000, 0x0000000096100000|  0%| F|  |TAMS 0x0000000096000000, 0x0000000096000000| Untracked 
|  81|0x0000000096100000, 0x0000000096100000, 0x0000000096200000|  0%| F|  |TAMS 0x0000000096100000, 0x0000000096100000| Untracked 
|  82|0x0000000096200000, 0x0000000096200000, 0x0000000096300000|  0%| F|  |TAMS 0x0000000096200000, 0x0000000096200000| Untracked 
|  83|0x0000000096300000, 0x0000000096300000, 0x0000000096400000|  0%| F|  |TAMS 0x0000000096300000, 0x0000000096300000| Untracked 
|  84|0x0000000096400000, 0x0000000096400000, 0x0000000096500000|  0%| F|  |TAMS 0x0000000096400000, 0x0000000096400000| Untracked 
|  85|0x0000000096500000, 0x0000000096500000, 0x0000000096600000|  0%| F|  |TAMS 0x0000000096500000, 0x0000000096500000| Untracked 
|  86|0x0000000096600000, 0x0000000096600000, 0x0000000096700000|  0%| F|  |TAMS 0x0000000096600000, 0x0000000096600000| Untracked 
|  87|0x0000000096700000, 0x0000000096700000, 0x0000000096800000|  0%| F|  |TAMS 0x0000000096700000, 0x0000000096700000| Untracked 
|  88|0x0000000096800000, 0x0000000096800000, 0x0000000096900000|  0%| F|  |TAMS 0x0000000096800000, 0x0000000096800000| Untracked 
|  89|0x0000000096900000, 0x0000000096900000, 0x0000000096a00000|  0%| F|  |TAMS 0x0000000096900000, 0x0000000096900000| Untracked 
|  90|0x0000000096a00000, 0x0000000096a00000, 0x0000000096b00000|  0%| F|  |TAMS 0x0000000096a00000, 0x0000000096a00000| Untracked 
|  91|0x0000000096b00000, 0x0000000096b00000, 0x0000000096c00000|  0%| F|  |TAMS 0x0000000096b00000, 0x0000000096b00000| Untracked 
|  92|0x0000000096c00000, 0x0000000096c00000, 0x0000000096d00000|  0%| F|  |TAMS 0x0000000096c00000, 0x0000000096c00000| Untracked 
|  93|0x0000000096d00000, 0x0000000096d00000, 0x0000000096e00000|  0%| F|  |TAMS 0x0000000096d00000, 0x0000000096d00000| Untracked 
|  94|0x0000000096e00000, 0x0000000096e00000, 0x0000000096f00000|  0%| F|  |TAMS 0x0000000096e00000, 0x0000000096e00000| Untracked 
|  95|0x0000000096f00000, 0x0000000096f00000, 0x0000000097000000|  0%| F|  |TAMS 0x0000000096f00000, 0x0000000096f00000| Untracked 
|  96|0x0000000097000000, 0x0000000097000000, 0x0000000097100000|  0%| F|  |TAMS 0x0000000097000000, 0x0000000097000000| Untracked 
|  97|0x0000000097100000, 0x0000000097100000, 0x0000000097200000|  0%| F|  |TAMS 0x0000000097100000, 0x0000000097100000| Untracked 
|  98|0x0000000097200000, 0x0000000097200000, 0x0000000097300000|  0%| F|  |TAMS 0x0000000097200000, 0x0000000097200000| Untracked 
|  99|0x0000000097300000, 0x0000000097354a10, 0x0000000097400000| 33%| S|CS|TAMS 0x0000000097300000, 0x0000000097300000| Complete 
| 100|0x0000000097400000, 0x0000000097500000, 0x0000000097500000|100%| S|CS|TAMS 0x0000000097400000, 0x0000000097400000| Complete 
| 101|0x0000000097500000, 0x0000000097600000, 0x0000000097600000|100%| S|CS|TAMS 0x0000000097500000, 0x0000000097500000| Complete 
| 102|0x0000000097600000, 0x0000000097600000, 0x0000000097700000|  0%| F|  |TAMS 0x0000000097600000, 0x0000000097600000| Untracked 
| 103|0x0000000097700000, 0x0000000097700000, 0x0000000097800000|  0%| F|  |TAMS 0x0000000097700000, 0x0000000097700000| Untracked 
| 104|0x0000000097800000, 0x0000000097800000, 0x0000000097900000|  0%| F|  |TAMS 0x0000000097800000, 0x0000000097800000| Untracked 
| 105|0x0000000097900000, 0x0000000097900000, 0x0000000097a00000|  0%| F|  |TAMS 0x0000000097900000, 0x0000000097900000| Untracked 
| 106|0x0000000097a00000, 0x0000000097a00000, 0x0000000097b00000|  0%| F|  |TAMS 0x0000000097a00000, 0x0000000097a00000| Untracked 
| 107|0x0000000097b00000, 0x0000000097b00000, 0x0000000097c00000|  0%| F|  |TAMS 0x0000000097b00000, 0x0000000097b00000| Untracked 
| 108|0x0000000097c00000, 0x0000000097c00000, 0x0000000097d00000|  0%| F|  |TAMS 0x0000000097c00000, 0x0000000097c00000| Untracked 
| 109|0x0000000097d00000, 0x0000000097d00000, 0x0000000097e00000|  0%| F|  |TAMS 0x0000000097d00000, 0x0000000097d00000| Untracked 
| 110|0x0000000097e00000, 0x0000000097e00000, 0x0000000097f00000|  0%| F|  |TAMS 0x0000000097e00000, 0x0000000097e00000| Untracked 
| 111|0x0000000097f00000, 0x0000000097f00000, 0x0000000098000000|  0%| F|  |TAMS 0x0000000097f00000, 0x0000000097f00000| Untracked 
| 112|0x0000000098000000, 0x0000000098000000, 0x0000000098100000|  0%| F|  |TAMS 0x0000000098000000, 0x0000000098000000| Untracked 
| 113|0x0000000098100000, 0x0000000098100000, 0x0000000098200000|  0%| F|  |TAMS 0x0000000098100000, 0x0000000098100000| Untracked 
| 114|0x0000000098200000, 0x0000000098200000, 0x0000000098300000|  0%| F|  |TAMS 0x0000000098200000, 0x0000000098200000| Untracked 
| 115|0x0000000098300000, 0x0000000098300000, 0x0000000098400000|  0%| F|  |TAMS 0x0000000098300000, 0x0000000098300000| Untracked 
| 116|0x0000000098400000, 0x0000000098400000, 0x0000000098500000|  0%| F|  |TAMS 0x0000000098400000, 0x0000000098400000| Untracked 
| 117|0x0000000098500000, 0x0000000098500000, 0x0000000098600000|  0%| F|  |TAMS 0x0000000098500000, 0x0000000098500000| Untracked 
| 118|0x0000000098600000, 0x0000000098600000, 0x0000000098700000|  0%| F|  |TAMS 0x0000000098600000, 0x0000000098600000| Untracked 
| 119|0x0000000098700000, 0x0000000098700000, 0x0000000098800000|  0%| F|  |TAMS 0x0000000098700000, 0x0000000098700000| Untracked 
| 120|0x0000000098800000, 0x0000000098800000, 0x0000000098900000|  0%| F|  |TAMS 0x0000000098800000, 0x0000000098800000| Untracked 
| 121|0x0000000098900000, 0x0000000098900000, 0x0000000098a00000|  0%| F|  |TAMS 0x0000000098900000, 0x0000000098900000| Untracked 
| 122|0x0000000098a00000, 0x0000000098a00000, 0x0000000098b00000|  0%| F|  |TAMS 0x0000000098a00000, 0x0000000098a00000| Untracked 
| 123|0x0000000098b00000, 0x0000000098b00000, 0x0000000098c00000|  0%| F|  |TAMS 0x0000000098b00000, 0x0000000098b00000| Untracked 
| 124|0x0000000098c00000, 0x0000000098c00000, 0x0000000098d00000|  0%| F|  |TAMS 0x0000000098c00000, 0x0000000098c00000| Untracked 
| 125|0x0000000098d00000, 0x0000000098d00000, 0x0000000098e00000|  0%| F|  |TAMS 0x0000000098d00000, 0x0000000098d00000| Untracked 
| 126|0x0000000098e00000, 0x0000000098e66ca0, 0x0000000098f00000| 40%| E|  |TAMS 0x0000000098e00000, 0x0000000098e00000| Complete 
| 127|0x0000000098f00000, 0x0000000099000000, 0x0000000099000000|100%| E|CS|TAMS 0x0000000098f00000, 0x0000000098f00000| Complete 
| 128|0x0000000099000000, 0x0000000099100000, 0x0000000099100000|100%| E|CS|TAMS 0x0000000099000000, 0x0000000099000000| Complete 

Card table byte_map: [0x000002a9abe60000,0x000002a9ac1e0000] _byte_map_base: 0x000002a9ab9d8000

Marking Bits (Prev, Next): (CMBitMap*) 0x000002a994ccc3b0, (CMBitMap*) 0x000002a994ccc3f0
 Prev Bits: [0x000002a9ac560000, 0x000002a9ae120000)
 Next Bits: [0x000002a9ae120000, 0x000002a9afce0000)

Polling page: 0x000002a992bd0000

Metaspace:

Usage:
  Non-class:     20.41 MB used.
      Class:      3.16 MB used.
       Both:     23.57 MB used.

Virtual space:
  Non-class space:       64.00 MB reserved,      20.62 MB ( 32%) committed,  1 nodes.
      Class space:        1.00 GB reserved,       3.38 MB ( <1%) committed,  1 nodes.
             Both:        1.06 GB reserved,      24.00 MB (  2%) committed. 

Chunk freelists:
   Non-Class:  11.30 MB
       Class:  12.46 MB
        Both:  23.76 MB

MaxMetaspaceSize: unlimited
CompressedClassSpaceSize: 1.00 GB
Initial GC threshold: 21.00 MB
Current GC threshold: 39.94 MB
CDS: on
MetaspaceReclaimPolicy: balanced
 - commit_granule_bytes: 65536.
 - commit_granule_words: 8192.
 - virtual_space_node_default_size: 8388608.
 - enlarge_chunks_in_place: 1.
 - new_chunks_are_fully_committed: 0.
 - uncommit_free_chunks: 1.
 - use_allocation_guard: 0.
 - handle_deallocations: 1.


Internal statistics:

num_allocs_failed_limit: 3.
num_arena_births: 490.
num_arena_deaths: 0.
num_vsnodes_births: 2.
num_vsnodes_deaths: 0.
num_space_committed: 384.
num_space_uncommitted: 0.
num_chunks_returned_to_freelist: 3.
num_chunks_taken_from_freelist: 1443.
num_chunk_merges: 3.
num_chunk_splits: 936.
num_chunks_enlarged: 611.
num_inconsistent_stats: 0.

CodeHeap 'non-profiled nmethods': size=120000Kb used=7154Kb max_used=7154Kb free=112845Kb
 bounds [0x000002a9a4280000, 0x000002a9a4980000, 0x000002a9ab7b0000]
CodeHeap 'profiled nmethods': size=120000Kb used=15408Kb max_used=15408Kb free=104591Kb
 bounds [0x000002a99c7b0000, 0x000002a99d6c0000, 0x000002a9a3ce0000]
CodeHeap 'non-nmethods': size=5760Kb used=1532Kb max_used=1635Kb free=4227Kb
 bounds [0x000002a9a3ce0000, 0x000002a9a3f50000, 0x000002a9a4280000]
 total_blobs=8325 nmethods=7494 adapters=740
 compilation: enabled
              stopped_count=0, restarted_count=0
 full_count=0

Compilation events (20 events):
Event: 286.210 Thread 0x000002a9b27074f0 nmethod 8987 0x000002a99d6b5a10 code [0x000002a99d6b5d40, 0x000002a99d6b7398]
Event: 286.677 Thread 0x000002a9b27074f0 8989       1       java.nio.DirectIntBufferU::isDirect (2 bytes)
Event: 286.677 Thread 0x000002a9b27074f0 nmethod 8989 0x000002a9a497bd10 code [0x000002a9a497bea0, 0x000002a9a497bf78]
Event: 286.800 Thread 0x000002a9b2706b30 8990       4       javafx.scene.control.Labeled$StyleableProperties$4::getStyleableProperty (9 bytes)
Event: 286.804 Thread 0x000002a9b2706b30 nmethod 8990 0x000002a9a497c010 code [0x000002a9a497c1a0, 0x000002a9a497c418]
Event: 287.099 Thread 0x000002a9b27074f0 8991       3       com.sun.javafx.tk.quantum.WindowStage::getViewScene (8 bytes)
Event: 287.100 Thread 0x000002a9b27074f0 nmethod 8991 0x000002a99d6b7c90 code [0x000002a99d6b7e20, 0x000002a99d6b8038]
Event: 287.105 Thread 0x000002a9b27074f0 8992       3       com.sun.scenario.effect.Merge::reducesOpaquePixels (38 bytes)
Event: 287.105 Thread 0x000002a9b27074f0 nmethod 8992 0x000002a99d6b8110 code [0x000002a99d6b8320, 0x000002a99d6b8b58]
Event: 287.106 Thread 0x000002a9b27074f0 8993       3       com.sun.scenario.effect.Merge::getTopInput (14 bytes)
Event: 287.106 Thread 0x000002a9b27074f0 nmethod 8993 0x000002a99d6b8d90 code [0x000002a99d6b8f40, 0x000002a99d6b9228]
Event: 287.728 Thread 0x000002a9b2706b30 8994       4       com.sun.javafx.text.ScriptMapper::isComplexCharCode (273 bytes)
Event: 287.728 Thread 0x000002a9b2706b30 nmethod 8994 0x000002a9a497c610 code [0x000002a9a497c780, 0x000002a9a497c7f8]
Event: 288.189 Thread 0x000002a9b27074f0 8995       3       java.io.DataOutputStream::writeUTF (411 bytes)
Event: 288.191 Thread 0x000002a9b27074f0 nmethod 8995 0x000002a99d6b9310 code [0x000002a99d6b96c0, 0x000002a99d6bb548]
Event: 301.249 Thread 0x000002a9b27074f0 8996       3       com.sun.prism.impl.BaseResourcePool::recordFree (31 bytes)
Event: 301.249 Thread 0x000002a9b27074f0 nmethod 8996 0x000002a99d6bc190 code [0x000002a99d6bc340, 0x000002a99d6bc588]
Event: 301.358 Thread 0x000002a9b27074f0 8997       3       com.sun.prism.impl.PrismTrace::rttDisposed (78 bytes)
Event: 301.358 Thread 0x000002a9b2706b30 8998       4       java.util.LinkedList$ListItr::next (56 bytes)
Event: 301.359 Thread 0x000002a9b27074f0 nmethod 8997 0x000002a99cfdba90 code [0x000002a99cfdbc20, 0x000002a99cfdbd18]

GC Heap History (20 events):
Event: 203.335 GC heap before
{Heap before GC invocations=20 (full 0):
 garbage-first heap   total 114688K, used 67165K [0x0000000091000000, 0x0000000100000000)
  region size 1024K, 5 young (5120K), 4 survivors (4096K)
 Metaspace       used 23889K, committed 24320K, reserved 1114112K
  class space    used 3227K, committed 3456K, reserved 1048576K
}
Event: 203.339 GC heap after
{Heap after GC invocations=21 (full 0):
 garbage-first heap   total 114688K, used 66037K [0x0000000091000000, 0x0000000100000000)
  region size 1024K, 1 young (1024K), 1 survivors (1024K)
 Metaspace       used 23889K, committed 24320K, reserved 1114112K
  class space    used 3227K, committed 3456K, reserved 1048576K
}
Event: 251.841 GC heap before
{Heap before GC invocations=21 (full 0):
 garbage-first heap   total 114688K, used 94709K [0x0000000091000000, 0x0000000100000000)
  region size 1024K, 25 young (25600K), 1 survivors (1024K)
 Metaspace       used 23955K, committed 24320K, reserved 1114112K
  class space    used 3227K, committed 3456K, reserved 1048576K
}
Event: 251.844 GC heap after
{Heap after GC invocations=22 (full 0):
 garbage-first heap   total 114688K, used 69262K [0x0000000091000000, 0x0000000100000000)
  region size 1024K, 3 young (3072K), 3 survivors (3072K)
 Metaspace       used 23955K, committed 24320K, reserved 1114112K
  class space    used 3227K, committed 3456K, reserved 1048576K
}
Event: 251.955 GC heap before
{Heap before GC invocations=22 (full 0):
 garbage-first heap   total 114688K, used 70286K [0x0000000091000000, 0x0000000100000000)
  region size 1024K, 5 young (5120K), 3 survivors (3072K)
 Metaspace       used 23960K, committed 24384K, reserved 1114112K
  class space    used 3228K, committed 3456K, reserved 1048576K
}
Event: 251.958 GC heap after
{Heap after GC invocations=23 (full 0):
 garbage-first heap   total 114688K, used 69593K [0x0000000091000000, 0x0000000100000000)
  region size 1024K, 1 young (1024K), 1 survivors (1024K)
 Metaspace       used 23960K, committed 24384K, reserved 1114112K
  class space    used 3228K, committed 3456K, reserved 1048576K
}
Event: 258.142 GC heap before
{Heap before GC invocations=24 (full 0):
 garbage-first heap   total 121856K, used 91097K [0x0000000091000000, 0x0000000100000000)
  region size 1024K, 20 young (20480K), 1 survivors (1024K)
 Metaspace       used 23990K, committed 24384K, reserved 1114112K
  class space    used 3229K, committed 3456K, reserved 1048576K
}
Event: 258.146 GC heap after
{Heap after GC invocations=25 (full 0):
 garbage-first heap   total 121856K, used 72896K [0x0000000091000000, 0x0000000100000000)
  region size 1024K, 3 young (3072K), 3 survivors (3072K)
 Metaspace       used 23990K, committed 24384K, reserved 1114112K
  class space    used 3229K, committed 3456K, reserved 1048576K
}
Event: 259.257 GC heap before
{Heap before GC invocations=25 (full 0):
 garbage-first heap   total 121856K, used 75968K [0x0000000091000000, 0x0000000100000000)
  region size 1024K, 5 young (5120K), 3 survivors (3072K)
 Metaspace       used 23992K, committed 24384K, reserved 1114112K
  class space    used 3229K, committed 3456K, reserved 1048576K
}
Event: 259.260 GC heap after
{Heap after GC invocations=26 (full 0):
 garbage-first heap   total 121856K, used 72463K [0x0000000091000000, 0x0000000100000000)
  region size 1024K, 1 young (1024K), 1 survivors (1024K)
 Metaspace       used 23992K, committed 24384K, reserved 1114112K
  class space    used 3229K, committed 3456K, reserved 1048576K
}
Event: 263.654 GC heap before
{Heap before GC invocations=26 (full 0):
 garbage-first heap   total 121856K, used 80655K [0x0000000091000000, 0x0000000100000000)
  region size 1024K, 10 young (10240K), 1 survivors (1024K)
 Metaspace       used 24010K, committed 24384K, reserved 1114112K
  class space    used 3229K, committed 3456K, reserved 1048576K
}
Event: 263.656 GC heap after
{Heap after GC invocations=27 (full 0):
 garbage-first heap   total 121856K, used 73251K [0x0000000091000000, 0x0000000100000000)
  region size 1024K, 2 young (2048K), 2 survivors (2048K)
 Metaspace       used 24010K, committed 24384K, reserved 1114112K
  class space    used 3229K, committed 3456K, reserved 1048576K
}
Event: 272.656 GC heap before
{Heap before GC invocations=28 (full 0):
 garbage-first heap   total 132096K, used 97827K [0x0000000091000000, 0x0000000100000000)
  region size 1024K, 23 young (23552K), 2 survivors (2048K)
 Metaspace       used 24046K, committed 24448K, reserved 1114112K
  class space    used 3229K, committed 3456K, reserved 1048576K
}
Event: 272.660 GC heap after
{Heap after GC invocations=29 (full 0):
 garbage-first heap   total 132096K, used 75314K [0x0000000091000000, 0x0000000100000000)
  region size 1024K, 3 young (3072K), 3 survivors (3072K)
 Metaspace       used 24046K, committed 24448K, reserved 1114112K
  class space    used 3229K, committed 3456K, reserved 1048576K
}
Event: 274.022 GC heap before
{Heap before GC invocations=29 (full 0):
 garbage-first heap   total 132096K, used 78386K [0x0000000091000000, 0x0000000100000000)
  region size 1024K, 6 young (6144K), 3 survivors (3072K)
 Metaspace       used 24066K, committed 24512K, reserved 1114112K
  class space    used 3232K, committed 3456K, reserved 1048576K
}
Event: 274.025 GC heap after
{Heap after GC invocations=30 (full 0):
 garbage-first heap   total 132096K, used 76355K [0x0000000091000000, 0x0000000100000000)
  region size 1024K, 1 young (1024K), 1 survivors (1024K)
 Metaspace       used 24066K, committed 24512K, reserved 1114112K
  class space    used 3232K, committed 3456K, reserved 1048576K
}
Event: 274.048 GC heap before
{Heap before GC invocations=30 (full 0):
 garbage-first heap   total 132096K, used 76355K [0x0000000091000000, 0x0000000100000000)
  region size 1024K, 2 young (2048K), 1 survivors (1024K)
 Metaspace       used 24068K, committed 24512K, reserved 1114112K
  class space    used 3232K, committed 3456K, reserved 1048576K
}
Event: 274.050 GC heap after
{Heap after GC invocations=31 (full 0):
 garbage-first heap   total 132096K, used 76446K [0x0000000091000000, 0x0000000100000000)
  region size 1024K, 1 young (1024K), 1 survivors (1024K)
 Metaspace       used 24068K, committed 24512K, reserved 1114112K
  class space    used 3232K, committed 3456K, reserved 1048576K
}
Event: 285.585 GC heap before
{Heap before GC invocations=32 (full 0):
 garbage-first heap   total 132096K, used 107166K [0x0000000091000000, 0x0000000100000000)
  region size 1024K, 27 young (27648K), 1 survivors (1024K)
 Metaspace       used 24121K, committed 24576K, reserved 1114112K
  class space    used 3235K, committed 3456K, reserved 1048576K
}
Event: 285.589 GC heap after
{Heap after GC invocations=33 (full 0):
 garbage-first heap   total 132096K, used 77829K [0x0000000091000000, 0x0000000100000000)
  region size 1024K, 3 young (3072K), 3 survivors (3072K)
 Metaspace       used 24121K, committed 24576K, reserved 1114112K
  class space    used 3235K, committed 3456K, reserved 1048576K
}

Dll operation events (20 events):
Event: 0.585 Loaded shared library D:\Proyecto Terminal\openjfx-22.0.1_windows-x64_bin-sdk\javafx-sdk-22.0.1\bin\api-ms-win-crt-math-l1-1-0.dll
Event: 0.587 Loaded shared library D:\Proyecto Terminal\openjfx-22.0.1_windows-x64_bin-sdk\javafx-sdk-22.0.1\bin\api-ms-win-crt-multibyte-l1-1-0.dll
Event: 0.589 Loaded shared library D:\Proyecto Terminal\openjfx-22.0.1_windows-x64_bin-sdk\javafx-sdk-22.0.1\bin\api-ms-win-crt-private-l1-1-0.dll
Event: 0.591 Loaded shared library D:\Proyecto Terminal\openjfx-22.0.1_windows-x64_bin-sdk\javafx-sdk-22.0.1\bin\api-ms-win-crt-process-l1-1-0.dll
Event: 0.593 Loaded shared library D:\Proyecto Terminal\openjfx-22.0.1_windows-x64_bin-sdk\javafx-sdk-22.0.1\bin\api-ms-win-crt-runtime-l1-1-0.dll
Event: 0.595 Loaded shared library D:\Proyecto Terminal\openjfx-22.0.1_windows-x64_bin-sdk\javafx-sdk-22.0.1\bin\api-ms-win-crt-stdio-l1-1-0.dll
Event: 0.597 Loaded shared library D:\Proyecto Terminal\openjfx-22.0.1_windows-x64_bin-sdk\javafx-sdk-22.0.1\bin\api-ms-win-crt-string-l1-1-0.dll
Event: 0.598 Loaded shared library D:\Proyecto Terminal\openjfx-22.0.1_windows-x64_bin-sdk\javafx-sdk-22.0.1\bin\api-ms-win-crt-time-l1-1-0.dll
Event: 0.600 Loaded shared library D:\Proyecto Terminal\openjfx-22.0.1_windows-x64_bin-sdk\javafx-sdk-22.0.1\bin\api-ms-win-crt-utility-l1-1-0.dll
Event: 0.603 Loaded shared library D:\Proyecto Terminal\openjfx-22.0.1_windows-x64_bin-sdk\javafx-sdk-22.0.1\bin\ucrtbase.dll
Event: 0.605 Loaded shared library D:\Proyecto Terminal\openjfx-22.0.1_windows-x64_bin-sdk\javafx-sdk-22.0.1\bin\vcruntime140.dll
Event: 0.607 Loaded shared library D:\Proyecto Terminal\openjfx-22.0.1_windows-x64_bin-sdk\javafx-sdk-22.0.1\bin\vcruntime140_1.dll
Event: 0.609 Loaded shared library D:\Proyecto Terminal\openjfx-22.0.1_windows-x64_bin-sdk\javafx-sdk-22.0.1\bin\msvcp140.dll
Event: 0.611 Loaded shared library D:\Proyecto Terminal\openjfx-22.0.1_windows-x64_bin-sdk\javafx-sdk-22.0.1\bin\msvcp140_1.dll
Event: 0.613 Loaded shared library D:\Proyecto Terminal\openjfx-22.0.1_windows-x64_bin-sdk\javafx-sdk-22.0.1\bin\msvcp140_2.dll
Event: 0.675 Loaded shared library D:\Proyecto Terminal\openjfx-22.0.1_windows-x64_bin-sdk\javafx-sdk-22.0.1\bin\prism_d3d.dll
Event: 0.741 Loaded shared library D:\Proyecto Terminal\openjfx-22.0.1_windows-x64_bin-sdk\javafx-sdk-22.0.1\bin\glass.dll
Event: 0.950 Loaded shared library C:\Users\diego\.jdks\corretto-17.0.13\bin\jimage.dll
Event: 1.876 Loaded shared library D:\Proyecto Terminal\openjfx-22.0.1_windows-x64_bin-sdk\javafx-sdk-22.0.1\bin\javafx_font.dll
Event: 6.445 Loaded shared library D:\Proyecto Terminal\openjfx-22.0.1_windows-x64_bin-sdk\javafx-sdk-22.0.1\bin\javafx_iio.dll

Deoptimization events (20 events):
Event: 301.357 Thread 0x000002a9f85a7920 DEOPT UNPACKING pc=0x000002a9a3d369a3 sp=0x000000c8003fedb0 mode 2
Event: 301.357 Thread 0x000002a9f8cab880 DEOPT UNPACKING pc=0x000002a9a3d369a3 sp=0x000000c8016ff0a8 mode 2
Event: 301.357 Thread 0x000002a9f8cab880 Uncommon trap: trap_request=0xffffff45 fr.pc=0x000002a9a47250c8 relative=0x0000000000000048
Event: 301.357 Thread 0x000002a9f8cab880 Uncommon trap: reason=unstable_if action=reinterpret pc=0x000002a9a47250c8 method=java.lang.Thread.interrupted()Z @ 10 c2
Event: 301.357 Thread 0x000002a9f8cab880 DEOPT PACKING pc=0x000002a9a47250c8 sp=0x000000c8016ff230
Event: 301.357 Thread 0x000002a9f8cab880 DEOPT UNPACKING pc=0x000002a9a3d369a3 sp=0x000000c8016ff1c0 mode 2
Event: 301.357 Thread 0x000002a9f8cab880 Uncommon trap: trap_request=0xffffff45 fr.pc=0x000002a9a48671a4 relative=0x0000000000000f24
Event: 301.357 Thread 0x000002a9f8cab880 Uncommon trap: reason=unstable_if action=reinterpret pc=0x000002a9a48671a4 method=java.util.concurrent.locks.AbstractQueuedSynchronizer.acquire(Ljava/util/concurrent/locks/AbstractQueuedSynchronizer$Node;IZZZJ)I @ 155 c2
Event: 301.357 Thread 0x000002a9f8cab880 DEOPT PACKING pc=0x000002a9a48671a4 sp=0x000000c8016ff180
Event: 301.358 Thread 0x000002a9f8cab880 DEOPT UNPACKING pc=0x000002a9a3d369a3 sp=0x000000c8016ff140 mode 2
Event: 301.358 Thread 0x000002a9f8cab880 Uncommon trap: trap_request=0xffffffde fr.pc=0x000002a9a4800a50 relative=0x0000000000000410
Event: 301.358 Thread 0x000002a9f8cab880 Uncommon trap: reason=class_check action=maybe_recompile pc=0x000002a9a4800a50 method=java.lang.Throwable.<init>()V @ 24 c2
Event: 301.358 Thread 0x000002a9f8cab880 DEOPT PACKING pc=0x000002a9a4800a50 sp=0x000000c8016ff130
Event: 301.358 Thread 0x000002a9f8cab880 DEOPT UNPACKING pc=0x000002a9a3d369a3 sp=0x000000c8016ff100 mode 2
Event: 301.358 Thread 0x000002a9f8cab880 DEOPT PACKING pc=0x000002a99d463c64 sp=0x000000c8016ff300
Event: 301.358 Thread 0x000002a9f8cab880 DEOPT UNPACKING pc=0x000002a9a3d37143 sp=0x000000c8016fe848 mode 1
Event: 301.358 Thread 0x000002a9f8cab880 DEOPT PACKING pc=0x000002a99d46683c sp=0x000000c8016ff410
Event: 301.358 Thread 0x000002a9f8cab880 DEOPT UNPACKING pc=0x000002a9a3d37143 sp=0x000000c8016fe8d0 mode 1
Event: 301.358 Thread 0x000002a9f85a7920 DEOPT PACKING pc=0x000002a99c93aacc sp=0x000000c8003ff1c0
Event: 301.358 Thread 0x000002a9f85a7920 DEOPT UNPACKING pc=0x000002a9a3d37143 sp=0x000000c8003fe620 mode 1

Classes loaded (20 events):
Event: 99.936 Loading class javafx/scene/input/MouseEvent
Event: 99.936 Loading class javafx/scene/input/MouseEvent done
Event: 99.937 Loading class optiuam/bc/model/ElementoGrafico
Event: 99.937 Loading class optiuam/bc/model/ElementoGrafico done
Event: 99.937 Loading class optiuam/bc/model/ElementoGrafico
Event: 99.937 Loading class optiuam/bc/model/ElementoGrafico done
Event: 99.940 Loading class optiuam/bc/model/ElementoGrafico
Event: 99.940 Loading class optiuam/bc/model/ElementoGrafico done
Event: 99.940 Loading class optiuam/bc/model/ElementoGrafico
Event: 99.940 Loading class optiuam/bc/model/ElementoGrafico done
Event: 99.942 Loading class optiuam/bc/controller/VentanaMultiplexorController
Event: 99.942 Loading class optiuam/bc/controller/VentanaMultiplexorController done
Event: 99.942 Loading class optiuam/bc/model/ElementoGrafico
Event: 99.942 Loading class optiuam/bc/model/ElementoGrafico done
Event: 301.352 Loading class jdk/internal/misc/Signal$1
Event: 301.352 Loading class jdk/internal/misc/Signal$1 done
Event: 301.356 Loading class com/sun/javafx/tk/quantum/QuantumRenderer
Event: 301.356 Loading class com/sun/javafx/tk/quantum/QuantumRenderer done
Event: 301.357 Loading class com/sun/javafx/tk/quantum/QuantumToolkit
Event: 301.357 Loading class com/sun/javafx/tk/quantum/QuantumToolkit done

Classes unloaded (0 events):
No events

Classes redefined (0 events):
No events

Internal exceptions (20 events):
Event: 5.597 Thread 0x000002a9f8cab880 Exception <a 'java/lang/NoSuchMethodError'{0x00000000962aca38}: 'java.lang.Object java.lang.invoke.DirectMethodHandle$Holder.invokeStaticInit(java.lang.Object, int)'> (0x00000000962aca38) 
thrown [s\src\hotspot\share\interpreter\linkResolver.cpp, line 759]
Event: 6.346 Thread 0x000002a9f906c250 Exception <a 'java/lang/NoSuchMethodError'{0x0000000095ff4ed0}: 'java.lang.Object java.lang.invoke.DirectMethodHandle$Holder.newInvokeSpecial(java.lang.Object, java.lang.Object, int, int, int, int, int, java.lang.Object)'> (0x0000000095ff4ed0) 
thrown [s\src\hotspot\share\interpreter\linkResolver.cpp, line 759]
Event: 6.349 Thread 0x000002a9f906c250 Exception <a 'java/lang/NoSuchMethodError'{0x0000000095e08330}: 'java.lang.Object java.lang.invoke.DirectMethodHandle$Holder.newInvokeSpecial(java.lang.Object, java.lang.Object, java.lang.Object, int, int, int, int, int)'> (0x0000000095e08330) 
thrown [s\src\hotspot\share\interpreter\linkResolver.cpp, line 759]
Event: 6.350 Thread 0x000002a9f906c250 Exception <a 'java/lang/NoSuchMethodError'{0x0000000095e0fb90}: 'java.lang.Object java.lang.invoke.Invokers$Holder.linkToTargetMethod(java.lang.Object, java.lang.Object, int, int, int, int, int, java.lang.Object)'> (0x0000000095e0fb90) 
thrown [s\src\hotspot\share\interpreter\linkResolver.cpp, line 759]
Event: 6.356 Thread 0x000002a9f906c250 Exception <a 'java/lang/NoSuchMethodError'{0x0000000095e2b470}: 'long java.lang.invoke.DirectMethodHandle$Holder.invokeStatic(java.lang.Object, java.lang.Object, java.lang.Object)'> (0x0000000095e2b470) 
thrown [s\src\hotspot\share\interpreter\linkResolver.cpp, line 759]
Event: 6.357 Thread 0x000002a9f906c250 Exception <a 'java/lang/NoSuchMethodError'{0x0000000095e2ec18}: 'long java.lang.invoke.DirectMethodHandle$Holder.invokeStaticInit(java.lang.Object, java.lang.Object, java.lang.Object)'> (0x0000000095e2ec18) 
thrown [s\src\hotspot\share\interpreter\linkResolver.cpp, line 759]
Event: 6.363 Thread 0x000002a9f906c250 Exception <a 'java/lang/NoSuchMethodError'{0x0000000095e46798}: 'java.lang.Object java.lang.invoke.DirectMethodHandle$Holder.newInvokeSpecial(java.lang.Object, java.lang.Object, long)'> (0x0000000095e46798) 
thrown [s\src\hotspot\share\interpreter\linkResolver.cpp, line 759]
Event: 6.363 Thread 0x000002a9f906c250 Exception <a 'java/lang/NoSuchMethodError'{0x0000000095e4a308}: 'java.lang.Object java.lang.invoke.Invokers$Holder.linkToTargetMethod(java.lang.Object, long, java.lang.Object)'> (0x0000000095e4a308) 
thrown [s\src\hotspot\share\interpreter\linkResolver.cpp, line 759]
Event: 6.676 Thread 0x000002a9f906c250 Exception <a 'java/lang/ClassNotFoundException'{0x000000009531d3c8}: com/sun/javafx/scene/control/skin/resources/controls> (0x000000009531d3c8) 
thrown [s\src\hotspot\share\prims\jni.cpp, line 535]
Event: 6.678 Thread 0x000002a9f906c250 Exception <a 'java/lang/ClassNotFoundException'{0x000000009532bd78}: com/sun/javafx/scene/control/skin/resources/controls_es> (0x000000009532bd78) 
thrown [s\src\hotspot\share\prims\jni.cpp, line 535]
Event: 6.680 Thread 0x000002a9f906c250 Exception <a 'java/lang/ClassNotFoundException'{0x0000000095339f58}: com/sun/javafx/scene/control/skin/resources/controls_es_MX> (0x0000000095339f58) 
thrown [s\src\hotspot\share\prims\jni.cpp, line 535]
Event: 6.734 Thread 0x000002a9f906c250 Exception <a 'java/lang/NoSuchMethodError'{0x00000000952c5ea8}: 'int java.lang.invoke.DirectMethodHandle$Holder.invokeSpecial(java.lang.Object, java.lang.Object, int)'> (0x00000000952c5ea8) 
thrown [s\src\hotspot\share\interpreter\linkResolver.cpp, line 759]
Event: 6.989 Thread 0x000002a9f906c250 Exception <a 'java/lang/NoSuchMethodError'{0x0000000094b0f028}: 'void java.lang.invoke.DirectMethodHandle$Holder.invokeVirtual(java.lang.Object, java.lang.Object)'> (0x0000000094b0f028) 
thrown [s\src\hotspot\share\interpreter\linkResolver.cpp, line 759]
Event: 12.645 Thread 0x000002a9f906c250 Implicit null exception at 0x000002a9a44a98fe to 0x000002a9a44a9990
Event: 39.717 Thread 0x000002a9f8cab880 Implicit null exception at 0x000002a9a45814ac to 0x000002a9a458152c
Event: 98.334 Thread 0x000002a9f906c250 Exception <a 'java/lang/NoSuchMethodError'{0x00000000979174c8}: 'java.lang.Object java.lang.invoke.DirectMethodHandle$Holder.invokeSpecial(java.lang.Object, java.lang.Object, long, java.lang.Object, int, int, java.lang.Object, int, java.lang.Object)'> (0x00000000979174c8) 
thrown [s\src\hotspot\share\interpreter\linkResolver.cpp, line 759]
Event: 98.335 Thread 0x000002a9f906c250 Exception <a 'java/lang/NoSuchMethodError'{0x000000009791b9d0}: 'java.lang.Object java.lang.invoke.DelegatingMethodHandle$Holder.reinvoke_L(java.lang.Object, long, java.lang.Object, int, int, java.lang.Object, int, java.lang.Object)'> (0x000000009791b9d0) 
thrown [s\src\hotspot\share\interpreter\linkResolver.cpp, line 759]
Event: 98.350 Thread 0x000002a9f906c250 Exception <a 'java/lang/NoSuchMethodError'{0x0000000097974b30}: 'java.lang.Object java.lang.invoke.DelegatingMethodHandle$Holder.reinvoke_L(java.lang.Object, java.lang.Object, int, int, java.lang.Object, java.lang.Object)'> (0x0000000097974b30) 
thrown [s\src\hotspot\share\interpreter\linkResolver.cpp, line 759]
Event: 107.073 Thread 0x000002a9f906c250 Exception <a 'java/lang/NoSuchMethodError'{0x0000000096e67e90}: 'java.lang.Object java.lang.invoke.DelegatingMethodHandle$Holder.reinvoke_L(java.lang.Object, java.lang.Object, int, int, double, int)'> (0x0000000096e67e90) 
thrown [s\src\hotspot\share\interpreter\linkResolver.cpp, line 759]
Event: 203.334 Thread 0x000002a9f906c250 Implicit null exception at 0x000002a9a489c42e to 0x000002a9a489e2f8

VM Operations (20 events):
Event: 290.581 Executing VM operation: get/set locals done
Event: 290.581 Executing VM operation: get/set locals
Event: 290.581 Executing VM operation: get/set locals done
Event: 300.884 Executing VM operation: HandshakeAllThreads
Event: 300.884 Executing VM operation: HandshakeAllThreads done
Event: 301.230 Executing VM operation: ChangeBreakpoints
Event: 301.230 Executing VM operation: ChangeBreakpoints done
Event: 301.233 Executing VM operation: ChangeBreakpoints
Event: 301.233 Executing VM operation: ChangeBreakpoints done
Event: 301.233 Executing VM operation: ChangeBreakpoints
Event: 301.233 Executing VM operation: ChangeBreakpoints done
Event: 301.233 Executing VM operation: ChangeBreakpoints
Event: 301.233 Executing VM operation: ChangeBreakpoints done
Event: 301.233 Executing VM operation: ChangeBreakpoints
Event: 301.233 Executing VM operation: ChangeBreakpoints done
Event: 301.233 Executing VM operation: ChangeBreakpoints
Event: 301.233 Executing VM operation: ChangeBreakpoints done
Event: 301.234 Executing VM operation: ChangeBreakpoints
Event: 301.234 Executing VM operation: ChangeBreakpoints done
Event: 301.359 Executing VM operation: Exit

Memory protections (0 events):
No events

Nmethod flushes (20 events):
Event: 90.667 Thread 0x000002a9b273de10 flushing  nmethod 0x000002a99d2a7510
Event: 90.667 Thread 0x000002a9b273de10 flushing  nmethod 0x000002a99d2b1590
Event: 90.668 Thread 0x000002a9b273de10 flushing  nmethod 0x000002a99d356210
Event: 90.668 Thread 0x000002a9b273de10 flushing  nmethod 0x000002a99d357010
Event: 90.668 Thread 0x000002a9b273de10 flushing  nmethod 0x000002a99d358d90
Event: 90.668 Thread 0x000002a9b273de10 flushing  nmethod 0x000002a99d359b90
Event: 90.668 Thread 0x000002a9b273de10 flushing  nmethod 0x000002a99d35a510
Event: 90.668 Thread 0x000002a9b273de10 flushing  nmethod 0x000002a99d35ad90
Event: 90.668 Thread 0x000002a9b273de10 flushing  nmethod 0x000002a99d35b810
Event: 90.668 Thread 0x000002a9b273de10 flushing  nmethod 0x000002a99d35be10
Event: 90.668 Thread 0x000002a9b273de10 flushing  nmethod 0x000002a99d35cc10
Event: 90.668 Thread 0x000002a9b273de10 flushing  nmethod 0x000002a99d35d410
Event: 90.668 Thread 0x000002a9b273de10 flushing  nmethod 0x000002a99d37ea90
Event: 90.668 Thread 0x000002a9b273de10 flushing  nmethod 0x000002a99d3ac610
Event: 90.668 Thread 0x000002a9b273de10 flushing  nmethod 0x000002a99d3dda10
Event: 90.668 Thread 0x000002a9b273de10 flushing  nmethod 0x000002a99d40f690
Event: 259.401 Thread 0x000002a9b273de10 flushing  nmethod 0x000002a99c9f0b90
Event: 259.406 Thread 0x000002a9b273de10 flushing  nmethod 0x000002a99d0f5f90
Event: 259.406 Thread 0x000002a9b273de10 flushing  nmethod 0x000002a99d1b9990
Event: 259.408 Thread 0x000002a9b273de10 flushing  nmethod 0x000002a99d358090

Events (20 events):
Event: 81.655 Thread 0x000002a987df6020 Thread exited: 0x000002a987df6020
Event: 93.955 Thread 0x000002a9b27074f0 Thread added: 0x000002a987df3af0
Event: 94.401 Thread 0x000002a987df3af0 Thread exited: 0x000002a987df3af0
Event: 103.272 Thread 0x000002a9b2706b30 Thread added: 0x000002a987df3af0
Event: 103.604 Thread 0x000002a987df3af0 Thread exited: 0x000002a987df3af0
Event: 170.244 Thread 0x000002a9b2706b30 Thread added: 0x000002a987df3af0
Event: 171.232 Thread 0x000002a987df3af0 Thread exited: 0x000002a987df3af0
Event: 176.218 Thread 0x000002a9b2706b30 Thread added: 0x000002a987df5030
Event: 176.484 Thread 0x000002a987df5030 Thread exited: 0x000002a987df5030
Event: 181.810 Thread 0x000002a9b2706b30 Thread added: 0x000002a987df4590
Event: 182.381 Thread 0x000002a987df4590 Thread exited: 0x000002a987df4590
Event: 200.969 Thread 0x000002a9b27074f0 Thread added: 0x000002a987df5030
Event: 201.352 Thread 0x000002a987df5030 Thread exited: 0x000002a987df5030
Event: 301.231 Thread 0x000002a9f8840f60 Thread exited: 0x000002a9f8840f60
Event: 301.240 Thread 0x000002a9f83ad650 Thread exited: 0x000002a9f83ad650
Event: 301.353 Thread 0x000002a9b27024b0 Thread added: 0x000002a9f85a9780
Event: 301.354 Thread 0x000002a9f85a9780 Thread added: 0x000002a9f85a8850
Event: 301.354 Thread 0x000002a9f85a9780 Thread added: 0x000002a9f85a7920
Event: 301.355 Thread 0x000002a9f85a8850 Thread exited: 0x000002a9f85a8850
Event: 301.358 Thread 0x000002a9f85a7920 Thread exited: 0x000002a9f85a7920


Dynamic libraries:
0x00007ff6a5c80000 - 0x00007ff6a5c8e000 	C:\Users\diego\.jdks\corretto-17.0.13\bin\java.exe
0x00007ff96c5c0000 - 0x00007ff96c823000 	C:\WINDOWS\SYSTEM32\ntdll.dll
0x00007ff96b700000 - 0x00007ff96b7c8000 	C:\WINDOWS\System32\KERNEL32.DLL
0x00007ff969e40000 - 0x00007ff96a1f2000 	C:\WINDOWS\System32\KERNELBASE.dll
0x00007ff969a40000 - 0x00007ff969b8b000 	C:\WINDOWS\System32\ucrtbase.dll
0x00007ff95c520000 - 0x00007ff95c53b000 	C:\Users\diego\.jdks\corretto-17.0.13\bin\VCRUNTIME140.dll
0x00007ff963f60000 - 0x00007ff963f77000 	C:\Users\diego\.jdks\corretto-17.0.13\bin\jli.dll
0x00007ff96b3a0000 - 0x00007ff96b568000 	C:\WINDOWS\System32\USER32.dll
0x00007ff96a3f0000 - 0x00007ff96a417000 	C:\WINDOWS\System32\win32u.dll
0x00007ff96b190000 - 0x00007ff96b1ba000 	C:\WINDOWS\System32\GDI32.dll
0x00007ff956410000 - 0x00007ff9566a0000 	C:\WINDOWS\WinSxS\amd64_microsoft.windows.common-controls_6595b64144ccf1df_6.0.26100.2454_none_3e0b68a2e331ad60\COMCTL32.dll
0x00007ff96a2c0000 - 0x00007ff96a3eb000 	C:\WINDOWS\System32\gdi32full.dll
0x00007ff969990000 - 0x00007ff969a33000 	C:\WINDOWS\System32\msvcp_win.dll
0x00007ff96b650000 - 0x00007ff96b6f9000 	C:\WINDOWS\System32\msvcrt.dll
0x00007ff96a430000 - 0x00007ff96a45f000 	C:\WINDOWS\System32\IMM32.DLL
0x00007ff964000000 - 0x00007ff96400c000 	C:\Users\diego\.jdks\corretto-17.0.13\bin\vcruntime140_1.dll
0x00007ff95b270000 - 0x00007ff95b2fd000 	C:\Users\diego\.jdks\corretto-17.0.13\bin\msvcp140.dll
0x00007ff90e3f0000 - 0x00007ff90f05c000 	C:\Users\diego\.jdks\corretto-17.0.13\bin\server\jvm.dll
0x00007ff96c2d0000 - 0x00007ff96c384000 	C:\WINDOWS\System32\ADVAPI32.dll
0x00007ff96c450000 - 0x00007ff96c4f6000 	C:\WINDOWS\System32\sechost.dll
0x00007ff96a470000 - 0x00007ff96a586000 	C:\WINDOWS\System32\RPCRT4.dll
0x00007ff96b1c0000 - 0x00007ff96b234000 	C:\WINDOWS\System32\WS2_32.dll
0x00007ff969820000 - 0x00007ff96986e000 	C:\WINDOWS\SYSTEM32\POWRPROF.dll
0x00007ff9603f0000 - 0x00007ff9603fb000 	C:\WINDOWS\SYSTEM32\VERSION.dll
0x00007ff9663c0000 - 0x00007ff9663f6000 	C:\WINDOWS\SYSTEM32\WINMM.dll
0x00007ff969800000 - 0x00007ff969814000 	C:\WINDOWS\SYSTEM32\UMPDC.dll
0x00007ff9687d0000 - 0x00007ff9687ea000 	C:\WINDOWS\SYSTEM32\kernel.appcore.dll
0x00007ff963410000 - 0x00007ff96341a000 	C:\Users\diego\.jdks\corretto-17.0.13\bin\jimage.dll
0x00007ff966ee0000 - 0x00007ff967121000 	C:\WINDOWS\SYSTEM32\DBGHELP.DLL
0x00007ff96bed0000 - 0x00007ff96c24e000 	C:\WINDOWS\System32\combase.dll
0x00007ff96b570000 - 0x00007ff96b646000 	C:\WINDOWS\System32\OLEAUT32.dll
0x00007ff94b010000 - 0x00007ff94b049000 	C:\WINDOWS\SYSTEM32\dbgcore.DLL
0x00007ff969b90000 - 0x00007ff969c29000 	C:\WINDOWS\System32\bcryptPrimitives.dll
0x00007ff95b110000 - 0x00007ff95b14b000 	C:\Users\diego\.jdks\corretto-17.0.13\bin\jdwp.dll
0x00007ff9612a0000 - 0x00007ff9612ae000 	C:\Users\diego\.jdks\corretto-17.0.13\bin\instrument.dll
0x00007ff95bc40000 - 0x00007ff95bc65000 	C:\Users\diego\.jdks\corretto-17.0.13\bin\java.dll
0x00007ff95b250000 - 0x00007ff95b268000 	C:\Users\diego\.jdks\corretto-17.0.13\bin\zip.dll
0x00007ff95b150000 - 0x00007ff95b227000 	C:\Users\diego\.jdks\corretto-17.0.13\bin\jsvml.dll
0x00007ff96a9a0000 - 0x00007ff96b0a0000 	C:\WINDOWS\System32\SHELL32.dll
0x00007ff9676e0000 - 0x00007ff967f11000 	C:\WINDOWS\SYSTEM32\windows.storage.dll
0x00007ff96b0b0000 - 0x00007ff96b18a000 	C:\WINDOWS\System32\SHCORE.dll
0x00007ff96a740000 - 0x00007ff96a79d000 	C:\WINDOWS\System32\shlwapi.dll
0x00007ff9698a0000 - 0x00007ff9698ce000 	C:\WINDOWS\SYSTEM32\profapi.dll
0x00007ff95ac10000 - 0x00007ff95ac29000 	C:\Users\diego\.jdks\corretto-17.0.13\bin\net.dll
0x00007ff962eb0000 - 0x00007ff962fd6000 	C:\WINDOWS\SYSTEM32\WINHTTP.dll
0x00007ff968cd0000 - 0x00007ff968d38000 	C:\WINDOWS\system32\mswsock.dll
0x00007ff95abf0000 - 0x00007ff95ac06000 	C:\Users\diego\.jdks\corretto-17.0.13\bin\nio.dll
0x00007ff95d060000 - 0x00007ff95d06c000 	C:\Users\diego\.jdks\corretto-17.0.13\bin\dt_socket.dll
0x00007ff968260000 - 0x00007ff968292000 	C:\WINDOWS\SYSTEM32\IPHLPAPI.DLL
0x000002a994b80000 - 0x000002a994b83000 	D:\Proyecto Terminal\openjfx-22.0.1_windows-x64_bin-sdk\javafx-sdk-22.0.1\bin\api-ms-win-core-console-l1-1-0.dll
0x000002a994b90000 - 0x000002a994b93000 	D:\Proyecto Terminal\openjfx-22.0.1_windows-x64_bin-sdk\javafx-sdk-22.0.1\bin\api-ms-win-core-console-l1-2-0.dll
0x000002a994ba0000 - 0x000002a994ba3000 	D:\Proyecto Terminal\openjfx-22.0.1_windows-x64_bin-sdk\javafx-sdk-22.0.1\bin\api-ms-win-core-datetime-l1-1-0.dll
0x000002a994bb0000 - 0x000002a994bb3000 	D:\Proyecto Terminal\openjfx-22.0.1_windows-x64_bin-sdk\javafx-sdk-22.0.1\bin\api-ms-win-core-debug-l1-1-0.dll
0x000002a994bc0000 - 0x000002a994bc3000 	D:\Proyecto Terminal\openjfx-22.0.1_windows-x64_bin-sdk\javafx-sdk-22.0.1\bin\api-ms-win-core-errorhandling-l1-1-0.dll
0x000002a994bd0000 - 0x000002a994bd4000 	D:\Proyecto Terminal\openjfx-22.0.1_windows-x64_bin-sdk\javafx-sdk-22.0.1\bin\api-ms-win-core-file-l1-1-0.dll
0x000002a994be0000 - 0x000002a994be3000 	D:\Proyecto Terminal\openjfx-22.0.1_windows-x64_bin-sdk\javafx-sdk-22.0.1\bin\api-ms-win-core-file-l1-2-0.dll
0x000002a994bf0000 - 0x000002a994bf3000 	D:\Proyecto Terminal\openjfx-22.0.1_windows-x64_bin-sdk\javafx-sdk-22.0.1\bin\api-ms-win-core-file-l2-1-0.dll
0x000002a994c00000 - 0x000002a994c03000 	D:\Proyecto Terminal\openjfx-22.0.1_windows-x64_bin-sdk\javafx-sdk-22.0.1\bin\api-ms-win-core-handle-l1-1-0.dll
0x000002a994c10000 - 0x000002a994c13000 	D:\Proyecto Terminal\openjfx-22.0.1_windows-x64_bin-sdk\javafx-sdk-22.0.1\bin\api-ms-win-core-heap-l1-1-0.dll
0x000002a994c20000 - 0x000002a994c23000 	D:\Proyecto Terminal\openjfx-22.0.1_windows-x64_bin-sdk\javafx-sdk-22.0.1\bin\api-ms-win-core-interlocked-l1-1-0.dll
0x000002a9b2ca0000 - 0x000002a9b2ca3000 	D:\Proyecto Terminal\openjfx-22.0.1_windows-x64_bin-sdk\javafx-sdk-22.0.1\bin\api-ms-win-core-libraryloader-l1-1-0.dll
0x000002a9b2cb0000 - 0x000002a9b2cb3000 	D:\Proyecto Terminal\openjfx-22.0.1_windows-x64_bin-sdk\javafx-sdk-22.0.1\bin\api-ms-win-core-localization-l1-2-0.dll
0x000002a9b2cc0000 - 0x000002a9b2cc3000 	D:\Proyecto Terminal\openjfx-22.0.1_windows-x64_bin-sdk\javafx-sdk-22.0.1\bin\api-ms-win-core-memory-l1-1-0.dll
0x000002a9b2cd0000 - 0x000002a9b2cd3000 	D:\Proyecto Terminal\openjfx-22.0.1_windows-x64_bin-sdk\javafx-sdk-22.0.1\bin\api-ms-win-core-namedpipe-l1-1-0.dll
0x000002a9b2ce0000 - 0x000002a9b2ce3000 	D:\Proyecto Terminal\openjfx-22.0.1_windows-x64_bin-sdk\javafx-sdk-22.0.1\bin\api-ms-win-core-processenvironment-l1-1-0.dll
0x000002a9b2cf0000 - 0x000002a9b2cf3000 	D:\Proyecto Terminal\openjfx-22.0.1_windows-x64_bin-sdk\javafx-sdk-22.0.1\bin\api-ms-win-core-processthreads-l1-1-0.dll
0x000002a9b2d00000 - 0x000002a9b2d03000 	D:\Proyecto Terminal\openjfx-22.0.1_windows-x64_bin-sdk\javafx-sdk-22.0.1\bin\api-ms-win-core-processthreads-l1-1-1.dll
0x000002a9b2d10000 - 0x000002a9b2d13000 	D:\Proyecto Terminal\openjfx-22.0.1_windows-x64_bin-sdk\javafx-sdk-22.0.1\bin\api-ms-win-core-profile-l1-1-0.dll
0x000002a9b2d20000 - 0x000002a9b2d23000 	D:\Proyecto Terminal\openjfx-22.0.1_windows-x64_bin-sdk\javafx-sdk-22.0.1\bin\api-ms-win-core-rtlsupport-l1-1-0.dll
0x000002a9b2d30000 - 0x000002a9b2d33000 	D:\Proyecto Terminal\openjfx-22.0.1_windows-x64_bin-sdk\javafx-sdk-22.0.1\bin\api-ms-win-core-string-l1-1-0.dll
0x000002a9b2d40000 - 0x000002a9b2d43000 	D:\Proyecto Terminal\openjfx-22.0.1_windows-x64_bin-sdk\javafx-sdk-22.0.1\bin\api-ms-win-core-synch-l1-1-0.dll
0x000002a9b2d50000 - 0x000002a9b2d53000 	D:\Proyecto Terminal\openjfx-22.0.1_windows-x64_bin-sdk\javafx-sdk-22.0.1\bin\api-ms-win-core-synch-l1-2-0.dll
0x000002a9b2d60000 - 0x000002a9b2d63000 	D:\Proyecto Terminal\openjfx-22.0.1_windows-x64_bin-sdk\javafx-sdk-22.0.1\bin\api-ms-win-core-sysinfo-l1-1-0.dll
0x000002a9b2d70000 - 0x000002a9b2d73000 	D:\Proyecto Terminal\openjfx-22.0.1_windows-x64_bin-sdk\javafx-sdk-22.0.1\bin\api-ms-win-core-timezone-l1-1-0.dll
0x000002a9b2d80000 - 0x000002a9b2d83000 	D:\Proyecto Terminal\openjfx-22.0.1_windows-x64_bin-sdk\javafx-sdk-22.0.1\bin\api-ms-win-core-util-l1-1-0.dll
0x000002a9b2d90000 - 0x000002a9b2d93000 	D:\Proyecto Terminal\openjfx-22.0.1_windows-x64_bin-sdk\javafx-sdk-22.0.1\bin\api-ms-win-crt-conio-l1-1-0.dll
0x000002a9b2da0000 - 0x000002a9b2da4000 	D:\Proyecto Terminal\openjfx-22.0.1_windows-x64_bin-sdk\javafx-sdk-22.0.1\bin\api-ms-win-crt-convert-l1-1-0.dll
0x000002a9b2db0000 - 0x000002a9b2db3000 	D:\Proyecto Terminal\openjfx-22.0.1_windows-x64_bin-sdk\javafx-sdk-22.0.1\bin\api-ms-win-crt-environment-l1-1-0.dll
0x000002a9b2dc0000 - 0x000002a9b2dc3000 	D:\Proyecto Terminal\openjfx-22.0.1_windows-x64_bin-sdk\javafx-sdk-22.0.1\bin\api-ms-win-crt-filesystem-l1-1-0.dll
0x000002a9b2dd0000 - 0x000002a9b2dd3000 	D:\Proyecto Terminal\openjfx-22.0.1_windows-x64_bin-sdk\javafx-sdk-22.0.1\bin\api-ms-win-crt-heap-l1-1-0.dll
0x000002a9b2de0000 - 0x000002a9b2de3000 	D:\Proyecto Terminal\openjfx-22.0.1_windows-x64_bin-sdk\javafx-sdk-22.0.1\bin\api-ms-win-crt-locale-l1-1-0.dll
0x000002a9b2df0000 - 0x000002a9b2df5000 	D:\Proyecto Terminal\openjfx-22.0.1_windows-x64_bin-sdk\javafx-sdk-22.0.1\bin\api-ms-win-crt-math-l1-1-0.dll
0x000002a9b2e00000 - 0x000002a9b2e05000 	D:\Proyecto Terminal\openjfx-22.0.1_windows-x64_bin-sdk\javafx-sdk-22.0.1\bin\api-ms-win-crt-multibyte-l1-1-0.dll
0x000002a9b2e10000 - 0x000002a9b2e20000 	D:\Proyecto Terminal\openjfx-22.0.1_windows-x64_bin-sdk\javafx-sdk-22.0.1\bin\api-ms-win-crt-private-l1-1-0.dll
0x000002a9b2fb0000 - 0x000002a9b2fb3000 	D:\Proyecto Terminal\openjfx-22.0.1_windows-x64_bin-sdk\javafx-sdk-22.0.1\bin\api-ms-win-crt-process-l1-1-0.dll
0x000002a9b2fc0000 - 0x000002a9b2fc4000 	D:\Proyecto Terminal\openjfx-22.0.1_windows-x64_bin-sdk\javafx-sdk-22.0.1\bin\api-ms-win-crt-runtime-l1-1-0.dll
0x000002a9b2fd0000 - 0x000002a9b2fd4000 	D:\Proyecto Terminal\openjfx-22.0.1_windows-x64_bin-sdk\javafx-sdk-22.0.1\bin\api-ms-win-crt-stdio-l1-1-0.dll
0x000002a9b2fe0000 - 0x000002a9b2fe4000 	D:\Proyecto Terminal\openjfx-22.0.1_windows-x64_bin-sdk\javafx-sdk-22.0.1\bin\api-ms-win-crt-string-l1-1-0.dll
0x000002a9b2ff0000 - 0x000002a9b2ff3000 	D:\Proyecto Terminal\openjfx-22.0.1_windows-x64_bin-sdk\javafx-sdk-22.0.1\bin\api-ms-win-crt-time-l1-1-0.dll
0x000002a9f9980000 - 0x000002a9f9983000 	D:\Proyecto Terminal\openjfx-22.0.1_windows-x64_bin-sdk\javafx-sdk-22.0.1\bin\api-ms-win-crt-utility-l1-1-0.dll
0x00007ff9598e0000 - 0x00007ff9599dc000 	D:\Proyecto Terminal\openjfx-22.0.1_windows-x64_bin-sdk\javafx-sdk-22.0.1\bin\ucrtbase.dll
0x00007ff95abd0000 - 0x00007ff95abeb000 	D:\Proyecto Terminal\openjfx-22.0.1_windows-x64_bin-sdk\javafx-sdk-22.0.1\bin\vcruntime140.dll
0x00007ff95b100000 - 0x00007ff95b10c000 	D:\Proyecto Terminal\openjfx-22.0.1_windows-x64_bin-sdk\javafx-sdk-22.0.1\bin\vcruntime140_1.dll
0x00007ff959e50000 - 0x00007ff959ede000 	D:\Proyecto Terminal\openjfx-22.0.1_windows-x64_bin-sdk\javafx-sdk-22.0.1\bin\msvcp140.dll
0x00007ff95ae70000 - 0x00007ff95ae79000 	D:\Proyecto Terminal\openjfx-22.0.1_windows-x64_bin-sdk\javafx-sdk-22.0.1\bin\msvcp140_1.dll
0x00007ff95ab80000 - 0x00007ff95abc1000 	D:\Proyecto Terminal\openjfx-22.0.1_windows-x64_bin-sdk\javafx-sdk-22.0.1\bin\msvcp140_2.dll
0x00007ff959e20000 - 0x00007ff959e50000 	D:\Proyecto Terminal\openjfx-22.0.1_windows-x64_bin-sdk\javafx-sdk-22.0.1\bin\prism_d3d.dll
0x00007ff926bb0000 - 0x00007ff926d56000 	C:\WINDOWS\system32\d3d9.dll
0x00007ff966790000 - 0x00007ff9667be000 	C:\WINDOWS\SYSTEM32\dwmapi.dll
0x00007ff966740000 - 0x00007ff966787000 	C:\WINDOWS\SYSTEM32\dxcore.dll
0x00007ff966440000 - 0x00007ff9664ed000 	C:\WINDOWS\system32\uxtheme.dll
0x00007ff960400000 - 0x00007ff9605dd000 	C:\WINDOWS\System32\DriverStore\FileRepository\u0355756.inf_amd64_5146fc3a012e7afa\B354291\aticfx64.dll
0x00007ff926b80000 - 0x00007ff926bb0000 	C:\WINDOWS\System32\DriverStore\FileRepository\u0355756.inf_amd64_5146fc3a012e7afa\B354291\atiu9p64.dll
0x00007ff925a20000 - 0x00007ff9266eb000 	C:\WINDOWS\System32\DriverStore\FileRepository\u0355756.inf_amd64_5146fc3a012e7afa\B354291\atiumd64.dll
0x00007ff96a5a0000 - 0x00007ff96a739000 	C:\WINDOWS\System32\ole32.dll
0x0000000073870000 - 0x00000000745f3000 	C:\WINDOWS\System32\DriverStore\FileRepository\u0355756.inf_amd64_5146fc3a012e7afa\B354291\atiumd6a.dll
0x00007ff966570000 - 0x00007ff9665cc000 	C:\WINDOWS\SYSTEM32\directxdatabasehelper.dll
0x00007ff959860000 - 0x00007ff9598a5000 	D:\Proyecto Terminal\openjfx-22.0.1_windows-x64_bin-sdk\javafx-sdk-22.0.1\bin\glass.dll
0x00007ff96a8b0000 - 0x00007ff96a99d000 	C:\WINDOWS\System32\COMDLG32.dll
0x00007ff904840000 - 0x00007ff90489e000 	C:\Program Files\Huawei\PCManager\plugins\PerfWndMonModule.dll
0x00007ff96b240000 - 0x00007ff96b39c000 	C:\WINDOWS\System32\MSCTF.dll
0x00007ff96c390000 - 0x00007ff96c438000 	C:\WINDOWS\System32\clbcatq.dll
0x00007ff95c0f0000 - 0x00007ff95c245000 	C:\Windows\System32\Windows.UI.dll
0x00007ff93fc90000 - 0x00007ff93fddc000 	C:\Windows\System32\Windows.UI.Immersive.dll
0x00007ff959ca0000 - 0x00007ff959cb5000 	D:\Proyecto Terminal\openjfx-22.0.1_windows-x64_bin-sdk\javafx-sdk-22.0.1\bin\javafx_font.dll
0x00007ff965b40000 - 0x00007ff965da5000 	C:\WINDOWS\SYSTEM32\dwrite.dll
0x00007ff965de0000 - 0x00007ff96600e000 	C:\WINDOWS\SYSTEM32\WindowsCodecs.dll
0x00007ff95a060000 - 0x00007ff95a0ba000 	C:\WINDOWS\system32\dataexchange.dll
0x00007ff95db90000 - 0x00007ff95ddc7000 	C:\WINDOWS\system32\twinapi.appcore.dll
0x00007ff959c10000 - 0x00007ff959c3c000 	C:\Program Files\Common Files\Microsoft Shared\Ink\rtscom.dll
0x00007ff958990000 - 0x00007ff958ad6000 	C:\WINDOWS\SYSTEM32\textinputframework.dll
0x00007ff962970000 - 0x00007ff962a95000 	C:\WINDOWS\SYSTEM32\CoreMessaging.dll
0x00007ff9607e0000 - 0x00007ff960ac3000 	C:\WINDOWS\SYSTEM32\CoreUIComponents.dll
0x00007ff964460000 - 0x00007ff9645c8000 	C:\WINDOWS\SYSTEM32\wintypes.dll
0x00007ff968f90000 - 0x00007ff968f9c000 	C:\WINDOWS\SYSTEM32\CRYPTBASE.DLL
0x00007ff959830000 - 0x00007ff95985d000 	D:\Proyecto Terminal\openjfx-22.0.1_windows-x64_bin-sdk\javafx-sdk-22.0.1\bin\javafx_iio.dll
0x00007ff965500000 - 0x00007ff965b3a000 	C:\WINDOWS\SYSTEM32\d2d1.dll
0x00007ff966150000 - 0x00007ff9663ad000 	C:\WINDOWS\SYSTEM32\d3d11.dll

dbghelp: loaded successfully - version: 4.0.5 - missing functions: none
symbol engine: initialized successfully - sym options: 0x614 - pdb path: .;C:\Users\diego\.jdks\corretto-17.0.13\bin;C:\WINDOWS\SYSTEM32;C:\WINDOWS\WinSxS\amd64_microsoft.windows.common-controls_6595b64144ccf1df_6.0.26100.2454_none_3e0b68a2e331ad60;C:\Users\diego\.jdks\corretto-17.0.13\bin\server;D:\Proyecto Terminal\openjfx-22.0.1_windows-x64_bin-sdk\javafx-sdk-22.0.1\bin;C:\WINDOWS\System32\DriverStore\FileRepository\u0355756.inf_amd64_5146fc3a012e7afa\B354291;C:\Program Files\Huawei\PCManager\plugins;C:\Program Files\Common Files\Microsoft Shared\Ink

VM Arguments:
jvm_args: -agentlib:jdwp=transport=dt_socket,address=127.0.0.1:3852,suspend=y,server=n --module-path=D:\Proyecto Terminal\openjfx-22.0.1_windows-x64_bin-sdk\javafx-sdk-22.0.1\lib --add-modules=javafx.controls,javafx.fxml -javaagent:C:\Users\diego\AppData\Local\JetBrains\IntelliJIdea2024.1\captureAgent\debugger-agent.jar -Dfile.encoding=UTF-8 
java_command: optiuam.bc.controller.OptiUAM24
java_class_path (initial): D:\Proyecto Terminal\Código\OptiUAM24\OptiUAM\out\production\OptiUAM;D:\Proyecto Terminal\Código\OptiUAM24\OptiUAM\Librerias\jcommon-1.0.23.jar;D:\Proyecto Terminal\Código\OptiUAM24\OptiUAM\Librerias\jfreechart-1.0.19.jar;D:\Proyecto Terminal\openjfx-22.0.1_windows-x64_bin-sdk\javafx-sdk-22.0.1\lib\javafx-swt.jar;D:\Proyecto Terminal\openjfx-22.0.1_windows-x64_bin-sdk\javafx-sdk-22.0.1\lib\javafx.base.jar;D:\Proyecto Terminal\openjfx-22.0.1_windows-x64_bin-sdk\javafx-sdk-22.0.1\lib\javafx.controls.jar;D:\Proyecto Terminal\openjfx-22.0.1_windows-x64_bin-sdk\javafx-sdk-22.0.1\lib\javafx.fxml.jar;D:\Proyecto Terminal\openjfx-22.0.1_windows-x64_bin-sdk\javafx-sdk-22.0.1\lib\javafx.graphics.jar;D:\Proyecto Terminal\openjfx-22.0.1_windows-x64_bin-sdk\javafx-sdk-22.0.1\lib\javafx.media.jar;D:\Proyecto Terminal\openjfx-22.0.1_windows-x64_bin-sdk\javafx-sdk-22.0.1\lib\javafx.swing.jar;D:\Proyecto Terminal\openjfx-22.0.1_windows-x64_bin-sdk\javafx-sdk-22.0.1\lib\javafx.web.jar;D:\Proyecto Terminal\openjfx-22.0.1_windows-x64_bin-sdk.zip;D:\Proyecto Terminal\commons-math3-3.6.1\commons-math3-3.6.1-tests.jar;D:\Proyecto Terminal\commons-math3-3.6.1\commons-math3-3.6.1-tools.jar;D:\Proyecto Terminal\commons-math3-3.6.1\commons-math3-3.6.1.jar;C:\Program Files\JetBrains\IntelliJ IDEA 2024.1.3\lib\idea_rt.jar
Launcher Type: SUN_STANDARD

[Global flags]
     intx CICompilerCount                          = 4                                         {product} {ergonomic}
     uint ConcGCThreads                            = 2                                         {product} {ergonomic}
     uint G1ConcRefinementThreads                  = 8                                         {product} {ergonomic}
   size_t G1HeapRegionSize                         = 1048576                                   {product} {ergonomic}
    uintx GCDrainStackTargetSize                   = 64                                        {product} {ergonomic}
   size_t InitialHeapSize                          = 117440512                                 {product} {ergonomic}
   size_t MarkStackSize                            = 4194304                                   {product} {ergonomic}
   size_t MaxHeapSize                              = 1862270976                                {product} {ergonomic}
   size_t MaxNewSize                               = 1116733440                                {product} {ergonomic}
   size_t MinHeapDeltaBytes                        = 1048576                                   {product} {ergonomic}
   size_t MinHeapSize                              = 8388608                                   {product} {ergonomic}
    uintx NonNMethodCodeHeapSize                   = 5839372                                {pd product} {ergonomic}
    uintx NonProfiledCodeHeapSize                  = 122909434                              {pd product} {ergonomic}
    uintx ProfiledCodeHeapSize                     = 122909434                              {pd product} {ergonomic}
    uintx ReservedCodeCacheSize                    = 251658240                              {pd product} {ergonomic}
     bool SegmentedCodeCache                       = true                                      {product} {ergonomic}
   size_t SoftMaxHeapSize                          = 1862270976                             {manageable} {ergonomic}
     bool UseCompressedClassPointers               = true                           {product lp64_product} {ergonomic}
     bool UseCompressedOops                        = true                           {product lp64_product} {ergonomic}
     bool UseG1GC                                  = true                                      {product} {ergonomic}
     bool UseLargePagesIndividualAllocation        = false                                  {pd product} {ergonomic}

Logging:
Log output configuration:
 #0: stdout all=off uptime,level,tags
 #1: stderr all=off uptime,level,tags

Environment Variables:
PATH=C:\Program Files\Common Files\Oracle\Java\javapath;C:\Users\diego\Desktop\oracle\bin;C:\WINDOWS\system32;C:\WINDOWS;C:\WINDOWS\System32\Wbem;C:\WINDOWS\System32\WindowsPowerShell\v1.0\;C:\WINDOWS\System32\OpenSSH\;C:\Program Files\Git\cmd;C:\Strawberry\c\bin;C:\Strawberry\perl\site\bin;C:\Strawberry\perl\bin;C:\Users\diego\AppData\Local\Programs\Python\Launcher\;C:\Users\diego\AppData\Local\Microsoft\WindowsApps;C:\Program Files\JetBrains\IntelliJ IDEA 2024.1.3\bin;;C:\Users\diego\AppData\Local\GitHubDesktop\bin;C:\Program Files\JetBrains\PyCharm 2024.1.4\bin;;C:\Users\diego\AppData\Local\Programs\Microsoft VS Code\bin;C:\Users\diego\AppData\Local\Programs\MiKTeX\miktex\bin\x64\;C:\Program Files\JetBrains\PyCharm Community Edition 2024.3\bin;;
USERNAME=diego
OS=Windows_NT
PROCESSOR_IDENTIFIER=AMD64 Family 23 Model 24 Stepping 1, AuthenticAMD
TMP=C:\Users\diego\AppData\Local\Temp
TEMP=C:\Users\diego\AppData\Local\Temp



Periodic native trim disabled


---------------  S Y S T E M  ---------------

OS:
 Windows 11 , 64 bit Build 26100 (10.0.26100.2454)
OS uptime: 3 days 16:23 hours

CPU: total 8 (initial active 8) (8 cores per cpu, 2 threads per core) family 23 model 24 stepping 1 microcode 0x8108109, cx8, cmov, fxsr, ht, mmx, 3dnowpref, sse, sse2, sse3, ssse3, sse4a, sse4.1, sse4.2, popcnt, lzcnt, tsc, tscinvbit, avx, avx2, aes, clmul, bmi1, bmi2, adx, sha, fma, vzeroupper, clflush, clflushopt
Processor Information for all 8 processors :
  Max Mhz: 2100, Current Mhz: 2100, Mhz Limit: 2100

Memory: 4k page, system-wide physical 7103M (1333M free)
TotalPageFile size 15807M (AvailPageFile size 3854M)
current process WorkingSet (physical memory assigned to process): 332M, peak: 453M
current process commit charge ("private bytes"): 436M, peak: 565M

vm_info: OpenJDK 64-Bit Server VM (17.0.13+11-LTS) for windows-amd64 JRE (17.0.13+11-LTS), built on Oct 10 2024 19:51:30 by "Administrator" with MS VC++ 16.10 / 16.11 (VS2019)

END.
