#
# A fatal error has been detected by the Java Runtime Environment:
#
#  EXCEPTION_ACCESS_VIOLATION (0xc0000005) at pc=0x00007ff9abe482d7, pid=25788, tid=28216
#
# JRE version: OpenJDK Runtime Environment Corretto-17.0.13.11.1 (17.0.13+11) (build 17.0.13+11-LTS)
# Java VM: OpenJDK 64-Bit Server VM Corretto-17.0.13.11.1 (17.0.13+11-LTS, mixed mode, sharing, tiered, compressed oops, compressed class ptrs, g1 gc, windows-amd64)
# Problematic frame:
# C  [glass.dll+0x282d7]
#
# No core dump will be written. Minidumps are not enabled by default on client versions of Windows
#
# If you would like to submit a bug report, please visit:
#   https://github.com/corretto/corretto-17/issues/
#

---------------  S U M M A R Y ------------

Command Line: -agentlib:jdwp=transport=dt_socket,address=127.0.0.1:53918,suspend=y,server=n --module-path=D:\Proyecto Terminal\openjfx-22.0.1_windows-x64_bin-sdk\javafx-sdk-22.0.1\lib --add-modules=javafx.controls,javafx.fxml -javaagent:C:\Users\diego\AppData\Local\JetBrains\IntelliJIdea2024.1\captureAgent\debugger-agent.jar -Dfile.encoding=UTF-8 optiuam.bc.controller.OptiUAM24

Host: AMD Ryzen 5 3500U with Radeon Vega Mobile Gfx  , 8 cores, 6G,  Windows 11 , 64 bit Build 22621 (10.0.22621.4391)
Time: Tue Nov 26 18:43:50 2024 Hora est嫕dar central (M憖ico) elapsed time: 826.836728 seconds (0d 0h 13m 46s)

---------------  T H R E A D  ---------------

Current thread (0x000001c883d2c500):  VMThread "VM Thread" [stack: 0x000000aa5f100000,0x000000aa5f200000] [id=28216]

Stack: [0x000000aa5f100000,0x000000aa5f200000],  sp=0x000000aa5f1fee50,  free space=1019k
Native frames: (J=compiled Java code, j=interpreted, Vv=VM code, C=native code)
C  [glass.dll+0x282d7]


siginfo: EXCEPTION_ACCESS_VIOLATION (0xc0000005), reading address 0x0000000000000000


Registers:
RAX=0x0000000000000000, RBX=0x000001c8d0060380, RCX=0x000001c883d2c500, RDX=0x000000aa5f1fee50
RSP=0x000000aa5f1fee50, RBP=0x000001c8c9a01a18, RSI=0x000000aa5f1fef58, RDI=0x000001c8c9a019f0
R8 =0x0000000000010002, R9 =0x000001c8c9a019f0, R10=0x85f13e9656da4870, R11=0x000000aa5f1fede0
R12=0x00007ff9abe45be0, R13=0x00007ff97fd18420, R14=0x0000deb55c3bd301, R15=0x000001c8c9a019f0
RIP=0x00007ff9abe482d7, EFLAGS=0x0000000000010206


Register to memory mapping:

RIP=0x00007ff9abe482d7 glass.dll
RAX=0x0 is NULL
RBX=0x000001c8d0060380 is a global jni handle
RCX=0x000001c883d2c500 points into unknown readable memory: 0x00007ff97fb42cc8 | c8 2c b4 7f f9 7f 00 00
RDX=0x000000aa5f1fee50 points into unknown readable memory: 0x0000000000000000 | 00 00 00 00 00 00 00 00
RSP=0x000000aa5f1fee50 points into unknown readable memory: 0x0000000000000000 | 00 00 00 00 00 00 00 00
RBP=0x000001c8c9a01a18 points into unknown readable memory: 0x0000deb55c3bd301 | 01 d3 3b 5c b5 de 00 00
RSI=0x000000aa5f1fef58 points into unknown readable memory: 0x000000aa5f1fef40 | 40 ef 1f 5f aa 00 00 00
RDI=0x000001c8c9a019f0 points into unknown readable memory: 0x000021460bf37ef1 | f1 7e f3 0b 46 21 00 00
R8 =0x0000000000010002 is an unknown value
R9 =0x000001c8c9a019f0 points into unknown readable memory: 0x000021460bf37ef1 | f1 7e f3 0b 46 21 00 00
R10=0x85f13e9656da4870 is an unknown value
R11=0x000000aa5f1fede0 points into unknown readable memory: 0x000001c8c9a019f0 | f0 19 a0 c9 c8 01 00 00
R12=0x00007ff9abe45be0 glass.dll
R13=0x00007ff97fd18420 jvm.dll
R14=0x0000deb55c3bd301 is an unknown value
R15=0x000001c8c9a019f0 points into unknown readable memory: 0x000021460bf37ef1 | f1 7e f3 0b 46 21 00 00


Top of Stack: (sp=0x000000aa5f1fee50)
0x000000aa5f1fee50:   0000000000000000 000000aa5f1fef58
0x000000aa5f1fee60:   00007ff97fd18420 00007ff9abe45be0
0x000000aa5f1fee70:   000001c8c9a019f8 00007ff9df983a93
0x000000aa5f1fee80:   000001c8c9a019f0 000001c800000000
0x000000aa5f1fee90:   000001c8c9a01a18 000000aa5f1fef58
0x000000aa5f1feea0:   fffffffffffffffe 0000000000000000
0x000000aa5f1feeb0:   0000000000000001 00007ff9abe20000
0x000000aa5f1feec0:   000000aa5f1fef48 00007ff9df95042e
0x000000aa5f1feed0:   0000000000000000 000000aa5f1fef58
0x000000aa5f1feee0:   000000aa5f1ff240 0000000000000001
0x000000aa5f1feef0:   0000000000000001 00007ff9df94dddd
0x000000aa5f1fef00:   0000000000000000 00007ff9abe453d9
0x000000aa5f1fef10:   0000000000000000 000000aa5f1fef48
0x000000aa5f1fef20:   fffffffffffffffe 0000000000000001
0x000000aa5f1fef30:   0000000000000001 00007ff9abe45a6d
0x000000aa5f1fef40:   00007ff9abe5d078 00007ff900000002
0x000000aa5f1fef50:   0000000000000002 000000aa5f1fef40
0x000000aa5f1fef60:   0000000000000000 00007ff9e2658af3
0x000000aa5f1fef70:   0000000000000000 00007ff9abe45b92
0x000000aa5f1fef80:   0000000000000001 000000aa5f1ff200
0x000000aa5f1fef90:   0000000000000001 0000000000000001
0x000000aa5f1fefa0:   000001c8e3f504d8 00007ff9df062223
0x000000aa5f1fefb0:   000001c800000001 0000000000000016
0x000000aa5f1fefc0:   00007ff9abe20000 000000007ffe0384
0x000000aa5f1fefd0:   0000000000000000 00007ff9e2658b8f
0x000000aa5f1fefe0:   00007ff9abe20000 0000000000000000
0x000000aa5f1feff0:   0000000000000001 000000007ffe0385
0x000000aa5f1ff000:   0000000000000000 00007ff9e26817d9
0x000000aa5f1ff010:   00003f349fe5c300 0000000000000014
0x000000aa5f1ff020:   00007ff9abe45be0 0000000000000000
0x000000aa5f1ff030:   0000000000000000 000000aa5e7dc000
0x000000aa5f1ff040:   000001c8c947a340 00007ff9e2681596 

Instructions: (pc=0x00007ff9abe482d7)
0x00007ff9abe481d7:   8b 4d 58 e8 49 cf ff ff 48 8b 4d 60 e8 40 cf ff
0x00007ff9abe481e7:   ff 48 8b 95 80 00 00 00 48 8b 8d 18 01 00 00 e8
0x00007ff9abe481f7:   26 c5 ff ff 33 d2 33 c9 e8 8c e1 ff ff 90 48 89
0x00007ff9abe48207:   54 24 10 55 48 83 ec 20 48 8b ea 48 b8 00 00 00
0x00007ff9abe48217:   00 00 00 00 00 48 83 c4 20 5d c3 cc 40 55 48 8b
0x00007ff9abe48227:   ea 48 8b 01 33 c9 81 38 05 00 00 c0 0f 94 c1 8b
0x00007ff9abe48237:   c1 5d c3 cc 40 55 48 83 ec 20 48 8b ea 8a 4d 40
0x00007ff9abe48247:   48 83 c4 20 5d e9 33 d3 ff ff cc 40 55 48 83 ec
0x00007ff9abe48257:   20 48 8b ea 8a 4d 20 e8 21 d3 ff ff 90 48 83 c4
0x00007ff9abe48267:   20 5d c3 cc 40 55 48 83 ec 20 48 8b ea 48 83 c4
0x00007ff9abe48277:   20 5d e9 82 d1 ff ff cc 40 55 48 83 ec 30 48 8b
0x00007ff9abe48287:   ea 48 8b 01 8b 10 48 89 4c 24 28 89 54 24 20 4c
0x00007ff9abe48297:   8d 0d 23 d6 ff ff 4c 8b 45 70 8b 55 68 48 8b 4d
0x00007ff9abe482a7:   60 e8 c3 d0 ff ff 90 48 83 c4 30 5d c3 cc cc cc
0x00007ff9abe482b7:   cc cc cc cc cc cc cc cc cc 40 53 48 83 ec 20 48
0x00007ff9abe482c7:   8b 1d 6b 47 01 00 48 85 db 74 16 e8 39 90 ff ff
0x00007ff9abe482d7:   4c 8b 00 48 8b d3 48 8b c8 41 ff 90 b0 00 00 00
0x00007ff9abe482e7:   90 48 83 c4 20 5b c3 cc cc 40 53 48 83 ec 20 48
0x00007ff9abe482f7:   8b 1d ab 48 01 00 48 85 db 74 57 b8 ff ff ff ff
0x00007ff9abe48307:   f0 0f c1 43 10 83 f8 01 75 3d 48 85 db 74 38 48
0x00007ff9abe48317:   8b 0b 48 85 c9 74 0d ff 15 8c 0f 00 00 48 c7 03
0x00007ff9abe48327:   00 00 00 00 48 8b 4b 08 48 85 c9 74 0d e8 ef cd
0x00007ff9abe48337:   ff ff 48 c7 43 08 00 00 00 00 ba 18 00 00 00 48
0x00007ff9abe48347:   8b cb e8 da cd ff ff 48 c7 05 4f 48 01 00 00 00
0x00007ff9abe48357:   00 00 48 83 c4 20 5b c3 cc 40 53 48 83 ec 20 48
0x00007ff9abe48367:   8b 1d 1b 48 01 00 48 85 db 74 57 b8 ff ff ff ff
0x00007ff9abe48377:   f0 0f c1 43 10 83 f8 01 75 3d 48 85 db 74 38 48
0x00007ff9abe48387:   8b 0b 48 85 c9 74 0d ff 15 1c 0f 00 00 48 c7 03
0x00007ff9abe48397:   00 00 00 00 48 8b 4b 08 48 85 c9 74 0d e8 7f cd
0x00007ff9abe483a7:   ff ff 48 c7 43 08 00 00 00 00 ba 18 00 00 00 48
0x00007ff9abe483b7:   8b cb e8 6a cd ff ff 48 c7 05 bf 47 01 00 00 00
0x00007ff9abe483c7:   00 00 48 83 c4 20 5b c3 cc 40 53 48 83 ec 20 48 


Stack slot to memory mapping:
stack at sp + 0 slots: 0x0 is NULL
stack at sp + 1 slots: 0x000000aa5f1fef58 points into unknown readable memory: 0x000000aa5f1fef40 | 40 ef 1f 5f aa 00 00 00
stack at sp + 2 slots: 0x00007ff97fd18420 jvm.dll
stack at sp + 3 slots: 0x00007ff9abe45be0 glass.dll
stack at sp + 4 slots: 0x000001c8c9a019f8 points into unknown readable memory: 0x0000deb55c3bd301 | 01 d3 3b 5c b5 de 00 00
stack at sp + 5 slots: 0x00007ff9df983a93 ucrtbase.dll
stack at sp + 6 slots: 0x000001c8c9a019f0 points into unknown readable memory: 0x000021460bf37ef1 | f1 7e f3 0b 46 21 00 00
stack at sp + 7 slots: 0x000001c800000000 is an unknown value

VM_Operation (0x000000aa5fdff170): Exit, mode: safepoint, requested by thread 0x000001c8ca37a0c0


---------------  P R O C E S S  ---------------

Threads class SMR info:
_java_thread_list=0x000001c8c91c1b20, length=21, elements={
0x000001c8e6292b40, 0x000001c883d32650, 0x000001c883d334d0, 0x000001c883d45d60,
0x000001c883d48640, 0x000001c883d48f10, 0x000001c883d4d7f0, 0x000001c883d518f0,
0x000001c883d53210, 0x000001c883d68700, 0x000001c8c904fc80, 0x000001c8c92fa7e0,
0x000001c8c915e910, 0x000001c8c9656fe0, 0x000001c8c9db3c60, 0x000001c8c9db8a60,
0x000001c8ca8c9360, 0x000001c8ca8a5820, 0x000001c8ca37b500, 0x000001c8ca37a5d0,
0x000001c8ca37a0c0
}

Java Threads: ( => current thread )
  0x000001c8e6292b40 JavaThread "main" [_thread_blocked, id=13900, stack(0x000000aa5eb00000,0x000000aa5ec00000)]
  0x000001c883d32650 JavaThread "Reference Handler" daemon [_thread_blocked, id=24996, stack(0x000000aa5f200000,0x000000aa5f300000)]
  0x000001c883d334d0 JavaThread "Finalizer" daemon [_thread_blocked, id=23360, stack(0x000000aa5f300000,0x000000aa5f400000)]
  0x000001c883d45d60 JavaThread "Signal Dispatcher" daemon [_thread_blocked, id=28188, stack(0x000000aa5f400000,0x000000aa5f500000)]
  0x000001c883d48640 JavaThread "Attach Listener" daemon [_thread_blocked, id=2792, stack(0x000000aa5f500000,0x000000aa5f600000)]
  0x000001c883d48f10 JavaThread "Service Thread" daemon [_thread_blocked, id=13124, stack(0x000000aa5f600000,0x000000aa5f700000)]
  0x000001c883d4d7f0 JavaThread "Monitor Deflation Thread" daemon [_thread_blocked, id=14332, stack(0x000000aa5f700000,0x000000aa5f800000)]
  0x000001c883d518f0 JavaThread "C2 CompilerThread0" daemon [_thread_blocked, id=23936, stack(0x000000aa5f800000,0x000000aa5f900000)]
  0x000001c883d53210 JavaThread "C1 CompilerThread0" daemon [_thread_blocked, id=25712, stack(0x000000aa5f900000,0x000000aa5fa00000)]
  0x000001c883d68700 JavaThread "Sweeper thread" daemon [_thread_blocked, id=21520, stack(0x000000aa5fa00000,0x000000aa5fb00000)]
  0x000001c8c904fc80 JavaThread "Common-Cleaner" daemon [_thread_blocked, id=10636, stack(0x000000aa5fb00000,0x000000aa5fc00000)]
  0x000001c8c92fa7e0 JavaThread "JDWP Event Helper Thread" daemon [_thread_blocked, id=27188, stack(0x000000aa5fe00000,0x000000aa5ff00000)]
  0x000001c8c915e910 JavaThread "Notification Thread" daemon [_thread_blocked, id=7860, stack(0x000000aa5fc00000,0x000000aa5fd00000)]
  0x000001c8c9656fe0 JavaThread "QuantumRenderer-0" daemon [_thread_blocked, id=14600, stack(0x000000aa60100000,0x000000aa60200000)]
  0x000001c8c9db3c60 JavaThread "InvokeLaterDispatcher" daemon [_thread_blocked, id=7408, stack(0x000000aa60400000,0x000000aa60500000)]
  0x000001c8c9db8a60 JavaThread "JavaFX Application Thread" [_thread_blocked, id=10212, stack(0x000000aa60500000,0x000000aa60600000)]
  0x000001c8ca8c9360 JavaThread "JavaFX-Launcher" [_thread_blocked, id=11500, stack(0x000000aa60d00000,0x000000aa60e00000)]
  0x000001c8ca8a5820 JavaThread "Thread-2" daemon [_thread_in_native, id=14660, stack(0x000000aa60c00000,0x000000aa60d00000)]
  0x000001c8ca37b500 JavaThread "Prism Font Disposer" daemon [_thread_blocked, id=26376, stack(0x000000aa61500000,0x000000aa61600000)]
  0x000001c8ca37a5d0 JavaThread "Cleaner-0" daemon [_thread_blocked, id=7812, stack(0x000000aa61700000,0x000000aa61800000)]
  0x000001c8ca37a0c0 JavaThread "SIGINT handler" daemon [_thread_blocked, id=26112, stack(0x000000aa5fd00000,0x000000aa5fe00000)]

Other Threads:
=>0x000001c883d2c500 VMThread "VM Thread" [stack: 0x000000aa5f100000,0x000000aa5f200000] [id=28216]
  0x000001c8e403de80 GCTaskThread "GC Thread#0" [stack: 0x000000aa5ec00000,0x000000aa5ed00000] [id=20136]
  0x000001c8ca0347e0 GCTaskThread "GC Thread#1" [stack: 0x000000aa60e00000,0x000000aa60f00000] [id=6700]
  0x000001c8ca034eb0 GCTaskThread "GC Thread#2" [stack: 0x000000aa60f00000,0x000000aa61000000] [id=14912]
  0x000001c8ca035170 GCTaskThread "GC Thread#3" [stack: 0x000000aa61000000,0x000000aa61100000] [id=26968]
  0x000001c8ca03d850 GCTaskThread "GC Thread#4" [stack: 0x000000aa61100000,0x000000aa61200000] [id=11508]
  0x000001c8ca03ebe0 GCTaskThread "GC Thread#5" [stack: 0x000000aa61200000,0x000000aa61300000] [id=25072]
  0x000001c8ca03de20 GCTaskThread "GC Thread#6" [stack: 0x000000aa61300000,0x000000aa61400000] [id=2836]
  0x000001c8ca03e3a0 GCTaskThread "GC Thread#7" [stack: 0x000000aa61400000,0x000000aa61500000] [id=13284]
  0x000001c8e62f2d40 ConcurrentGCThread "G1 Main Marker" terminated
  0x000001c8e62f3570 ConcurrentGCThread "G1 Conc#0" [stack: 0x000000aa5ee00000,0x000000aa5ef00000] [id=27208]
  0x000001c8d30c08a0 ConcurrentGCThread "G1 Conc#1" [stack: 0x000000aa61b00000,0x000000aa61c00000] [id=10848]
  0x000001c8e6336520 ConcurrentGCThread "G1 Refine#0" terminated
  0x000001c8d30c5ae0 ConcurrentGCThread "G1 Refine#1" terminated
  0x000001c8d30c4f20 ConcurrentGCThread "G1 Refine#2" terminated
  0x000001c8d30c4940 ConcurrentGCThread "G1 Refine#3" terminated
  0x000001c8d30c5210 ConcurrentGCThread "G1 Refine#4" terminated
  0x000001c8e6336f50 ConcurrentGCThread "G1 Service" terminated

Threads with active compile tasks:

VM state: at safepoint (shutting down)

VM Mutex/Monitor currently owned by a thread:  ([mutex/lock_event])
[0x000001c8e628d930] Threads_lock - owner thread: 0x000001c883d2c500
[0x000001c8e628c4f0] Heap_lock - owner thread: 0x000001c8ca37a0c0

Heap address: 0x0000000091000000, size: 1776 MB, Compressed Oops mode: 32-bit

CDS archive(s) mapped at: [0x000001c884000000-0x000001c884bb0000-0x000001c884bb0000), size 12255232, SharedBaseAddress: 0x000001c884000000, ArchiveRelocationMode: 1.
Compressed class space mapped at: 0x000001c885000000-0x000001c8c5000000, reserved size: 1073741824
Narrow klass base: 0x000001c884000000, Narrow klass shift: 0, Narrow klass range: 0x100000000

GC Precious Log:
 CPUs: 8 total, 8 available
 Memory: 7103M
 Large Page Support: Disabled
 NUMA Support: Disabled
 Compressed Oops: Enabled (32-bit)
 Heap Region Size: 1M
 Heap Min Capacity: 8M
 Heap Initial Capacity: 112M
 Heap Max Capacity: 1776M
 Pre-touch: Disabled
 Parallel Workers: 8
 Concurrent Workers: 2
 Concurrent Refinement Workers: 8
 Periodic GC: Disabled

Heap:
 garbage-first heap   total 114688K, used 55070K [0x0000000091000000, 0x0000000100000000)
  region size 1024K, 12 young (12288K), 1 survivors (1024K)
 Metaspace       used 22916K, committed 23296K, reserved 1114112K
  class space    used 3226K, committed 3456K, reserved 1048576K

Heap Regions: E=young(eden), S=young(survivor), O=old, HS=humongous(starts), HC=humongous(continues), CS=collection set, F=free, OA=open archive, CA=closed archive, TAMS=top-at-mark-start (previous, next)
|   0|0x0000000091000000, 0x0000000091100000, 0x0000000091100000|100%|HS|  |TAMS 0x0000000091000000, 0x0000000091000000| Complete 
|   1|0x0000000091100000, 0x0000000091200000, 0x0000000091200000|100%|HS|  |TAMS 0x0000000091200000, 0x0000000091100000| Complete 
|   2|0x0000000091200000, 0x0000000091300000, 0x0000000091300000|100%|HS|  |TAMS 0x0000000091300000, 0x0000000091200000| Complete 
|   3|0x0000000091300000, 0x0000000091400000, 0x0000000091400000|100%|HS|  |TAMS 0x0000000091400000, 0x0000000091300000| Complete 
|   4|0x0000000091400000, 0x0000000091500000, 0x0000000091500000|100%| O|  |TAMS 0x0000000091500000, 0x0000000091400000| Untracked 
|   5|0x0000000091500000, 0x0000000091600000, 0x0000000091600000|100%| O|  |TAMS 0x0000000091600000, 0x0000000091500000| Untracked 
|   6|0x0000000091600000, 0x0000000091700000, 0x0000000091700000|100%| O|  |TAMS 0x000000009160f000, 0x0000000091600000| Untracked 
|   7|0x0000000091700000, 0x0000000091800000, 0x0000000091800000|100%|HS|  |TAMS 0x0000000091800000, 0x0000000091700000| Complete 
|   8|0x0000000091800000, 0x0000000091900000, 0x0000000091900000|100%|HC|  |TAMS 0x0000000091900000, 0x0000000091800000| Complete 
|   9|0x0000000091900000, 0x0000000091a00000, 0x0000000091a00000|100%|HC|  |TAMS 0x0000000091a00000, 0x0000000091900000| Complete 
|  10|0x0000000091a00000, 0x0000000091b00000, 0x0000000091b00000|100%|HC|  |TAMS 0x0000000091b00000, 0x0000000091a00000| Complete 
|  11|0x0000000091b00000, 0x0000000091c00000, 0x0000000091c00000|100%|HC|  |TAMS 0x0000000091c00000, 0x0000000091b00000| Complete 
|  12|0x0000000091c00000, 0x0000000091d00000, 0x0000000091d00000|100%|HC|  |TAMS 0x0000000091d00000, 0x0000000091c00000| Complete 
|  13|0x0000000091d00000, 0x0000000091e00000, 0x0000000091e00000|100%|HC|  |TAMS 0x0000000091e00000, 0x0000000091d00000| Complete 
|  14|0x0000000091e00000, 0x0000000091f00000, 0x0000000091f00000|100%|HC|  |TAMS 0x0000000091f00000, 0x0000000091e00000| Complete 
|  15|0x0000000091f00000, 0x0000000092000000, 0x0000000092000000|100%|HC|  |TAMS 0x0000000092000000, 0x0000000091f00000| Complete 
|  16|0x0000000092000000, 0x0000000092100000, 0x0000000092100000|100%|HC|  |TAMS 0x0000000092100000, 0x0000000092000000| Complete 
|  17|0x0000000092100000, 0x0000000092200000, 0x0000000092200000|100%|HC|  |TAMS 0x0000000092200000, 0x0000000092100000| Complete 
|  18|0x0000000092200000, 0x0000000092300000, 0x0000000092300000|100%|HC|  |TAMS 0x0000000092300000, 0x0000000092200000| Complete 
|  19|0x0000000092300000, 0x0000000092400000, 0x0000000092400000|100%|HC|  |TAMS 0x0000000092400000, 0x0000000092300000| Complete 
|  20|0x0000000092400000, 0x0000000092500000, 0x0000000092500000|100%|HS|  |TAMS 0x0000000092400000, 0x0000000092400000| Complete 
|  21|0x0000000092500000, 0x0000000092600000, 0x0000000092600000|100%|HS|  |TAMS 0x0000000092600000, 0x0000000092500000| Complete 
|  22|0x0000000092600000, 0x0000000092700000, 0x0000000092700000|100%|HC|  |TAMS 0x0000000092700000, 0x0000000092600000| Complete 
|  23|0x0000000092700000, 0x0000000092800000, 0x0000000092800000|100%|HS|  |TAMS 0x0000000092800000, 0x0000000092700000| Complete 
|  24|0x0000000092800000, 0x0000000092900000, 0x0000000092900000|100%| O|  |TAMS 0x0000000092800000, 0x0000000092800000| Untracked 
|  25|0x0000000092900000, 0x0000000092a00000, 0x0000000092a00000|100%| O|  |TAMS 0x0000000092900000, 0x0000000092900000| Untracked 
|  26|0x0000000092a00000, 0x0000000092b00000, 0x0000000092b00000|100%| O|  |TAMS 0x0000000092a00000, 0x0000000092a00000| Untracked 
|  27|0x0000000092b00000, 0x0000000092c00000, 0x0000000092c00000|100%| O|  |TAMS 0x0000000092b00000, 0x0000000092b00000| Untracked 
|  28|0x0000000092c00000, 0x0000000092d00000, 0x0000000092d00000|100%|HS|  |TAMS 0x0000000092c00000, 0x0000000092c00000| Complete 
|  29|0x0000000092d00000, 0x0000000092e00000, 0x0000000092e00000|100%| O|  |TAMS 0x0000000092d00000, 0x0000000092d00000| Untracked 
|  30|0x0000000092e00000, 0x0000000092f00000, 0x0000000092f00000|100%| O|  |TAMS 0x0000000092e00000, 0x0000000092e00000| Untracked 
|  31|0x0000000092f00000, 0x0000000093000000, 0x0000000093000000|100%| O|  |TAMS 0x0000000092f00000, 0x0000000092f00000| Untracked 
|  32|0x0000000093000000, 0x0000000093100000, 0x0000000093100000|100%|HS|  |TAMS 0x0000000093000000, 0x0000000093000000| Complete 
|  33|0x0000000093100000, 0x0000000093200000, 0x0000000093200000|100%|HS|  |TAMS 0x0000000093100000, 0x0000000093100000| Complete 
|  34|0x0000000093200000, 0x0000000093300000, 0x0000000093300000|100%| O|  |TAMS 0x0000000093200000, 0x0000000093200000| Untracked 
|  35|0x0000000093300000, 0x0000000093400000, 0x0000000093400000|100%| O|  |TAMS 0x0000000093300000, 0x0000000093300000| Untracked 
|  36|0x0000000093400000, 0x0000000093500000, 0x0000000093500000|100%| O|  |TAMS 0x0000000093400000, 0x0000000093400000| Untracked 
|  37|0x0000000093500000, 0x0000000093600000, 0x0000000093600000|100%| O|  |TAMS 0x0000000093500000, 0x0000000093500000| Untracked 
|  38|0x0000000093600000, 0x0000000093700000, 0x0000000093700000|100%| O|  |TAMS 0x0000000093600000, 0x0000000093600000| Untracked 
|  39|0x0000000093700000, 0x0000000093800000, 0x0000000093800000|100%| O|  |TAMS 0x0000000093700000, 0x0000000093700000| Untracked 
|  40|0x0000000093800000, 0x0000000093900000, 0x0000000093900000|100%| O|  |TAMS 0x0000000093800000, 0x0000000093800000| Untracked 
|  41|0x0000000093900000, 0x0000000093900000, 0x0000000093a00000|  0%| F|  |TAMS 0x0000000093900000, 0x0000000093900000| Untracked 
|  42|0x0000000093a00000, 0x0000000093a00000, 0x0000000093b00000|  0%| F|  |TAMS 0x0000000093a00000, 0x0000000093a00000| Untracked 
|  43|0x0000000093b00000, 0x0000000093b00000, 0x0000000093c00000|  0%| F|  |TAMS 0x0000000093b00000, 0x0000000093b00000| Untracked 
|  44|0x0000000093c00000, 0x0000000093c00000, 0x0000000093d00000|  0%| F|  |TAMS 0x0000000093c00000, 0x0000000093c00000| Untracked 
|  45|0x0000000093d00000, 0x0000000093d00000, 0x0000000093e00000|  0%| F|  |TAMS 0x0000000093d00000, 0x0000000093d00000| Untracked 
|  46|0x0000000093e00000, 0x0000000093e00000, 0x0000000093f00000|  0%| F|  |TAMS 0x0000000093e00000, 0x0000000093e00000| Untracked 
|  47|0x0000000093f00000, 0x0000000093f00000, 0x0000000094000000|  0%| F|  |TAMS 0x0000000093f00000, 0x0000000093f00000| Untracked 
|  48|0x0000000094000000, 0x0000000094000000, 0x0000000094100000|  0%| F|  |TAMS 0x0000000094000000, 0x0000000094000000| Untracked 
|  49|0x0000000094100000, 0x0000000094100000, 0x0000000094200000|  0%| F|  |TAMS 0x0000000094100000, 0x0000000094100000| Untracked 
|  50|0x0000000094200000, 0x0000000094300000, 0x0000000094300000|100%| O|  |TAMS 0x0000000094200000, 0x0000000094200000| Untracked 
|  51|0x0000000094300000, 0x0000000094400000, 0x0000000094400000|100%| O|  |TAMS 0x0000000094300000, 0x0000000094300000| Untracked 
|  52|0x0000000094400000, 0x0000000094400000, 0x0000000094500000|  0%| F|  |TAMS 0x0000000094400000, 0x0000000094400000| Untracked 
|  53|0x0000000094500000, 0x0000000094500000, 0x0000000094600000|  0%| F|  |TAMS 0x0000000094500000, 0x0000000094500000| Untracked 
|  54|0x0000000094600000, 0x0000000094600000, 0x0000000094700000|  0%| F|  |TAMS 0x0000000094600000, 0x0000000094600000| Untracked 
|  55|0x0000000094700000, 0x0000000094700000, 0x0000000094800000|  0%| F|  |TAMS 0x0000000094700000, 0x0000000094700000| Untracked 
|  56|0x0000000094800000, 0x0000000094800000, 0x0000000094900000|  0%| F|  |TAMS 0x0000000094800000, 0x0000000094800000| Untracked 
|  57|0x0000000094900000, 0x0000000094900000, 0x0000000094a00000|  0%| F|  |TAMS 0x0000000094900000, 0x0000000094900000| Untracked 
|  58|0x0000000094a00000, 0x0000000094a00000, 0x0000000094b00000|  0%| F|  |TAMS 0x0000000094a00000, 0x0000000094a00000| Untracked 
|  59|0x0000000094b00000, 0x0000000094b00000, 0x0000000094c00000|  0%| F|  |TAMS 0x0000000094b00000, 0x0000000094b00000| Untracked 
|  60|0x0000000094c00000, 0x0000000094c00000, 0x0000000094d00000|  0%| F|  |TAMS 0x0000000094c00000, 0x0000000094c00000| Untracked 
|  61|0x0000000094d00000, 0x0000000094d00000, 0x0000000094e00000|  0%| F|  |TAMS 0x0000000094d00000, 0x0000000094d00000| Untracked 
|  62|0x0000000094e00000, 0x0000000094e00000, 0x0000000094f00000|  0%| F|  |TAMS 0x0000000094e00000, 0x0000000094e00000| Untracked 
|  63|0x0000000094f00000, 0x0000000094f00000, 0x0000000095000000|  0%| F|  |TAMS 0x0000000094f00000, 0x0000000094f00000| Untracked 
|  64|0x0000000095000000, 0x0000000095000000, 0x0000000095100000|  0%| F|  |TAMS 0x0000000095000000, 0x0000000095000000| Untracked 
|  65|0x0000000095100000, 0x0000000095100000, 0x0000000095200000|  0%| F|  |TAMS 0x0000000095100000, 0x0000000095100000| Untracked 
|  66|0x0000000095200000, 0x0000000095200000, 0x0000000095300000|  0%| F|  |TAMS 0x0000000095200000, 0x0000000095200000| Untracked 
|  67|0x0000000095300000, 0x0000000095300000, 0x0000000095400000|  0%| F|  |TAMS 0x0000000095300000, 0x0000000095300000| Untracked 
|  68|0x0000000095400000, 0x0000000095400000, 0x0000000095500000|  0%| F|  |TAMS 0x0000000095400000, 0x0000000095400000| Untracked 
|  69|0x0000000095500000, 0x0000000095500000, 0x0000000095600000|  0%| F|  |TAMS 0x0000000095500000, 0x0000000095500000| Untracked 
|  70|0x0000000095600000, 0x0000000095600000, 0x0000000095700000|  0%| F|  |TAMS 0x0000000095600000, 0x0000000095600000| Untracked 
|  71|0x0000000095700000, 0x0000000095700000, 0x0000000095800000|  0%| F|  |TAMS 0x0000000095700000, 0x0000000095700000| Untracked 
|  72|0x0000000095800000, 0x0000000095800000, 0x0000000095900000|  0%| F|  |TAMS 0x0000000095800000, 0x0000000095800000| Untracked 
|  73|0x0000000095900000, 0x0000000095900000, 0x0000000095a00000|  0%| F|  |TAMS 0x0000000095900000, 0x0000000095900000| Untracked 
|  74|0x0000000095a00000, 0x0000000095a00000, 0x0000000095b00000|  0%| F|  |TAMS 0x0000000095a00000, 0x0000000095a00000| Untracked 
|  75|0x0000000095b00000, 0x0000000095b00000, 0x0000000095c00000|  0%| F|  |TAMS 0x0000000095b00000, 0x0000000095b00000| Untracked 
|  76|0x0000000095c00000, 0x0000000095c00000, 0x0000000095d00000|  0%| F|  |TAMS 0x0000000095c00000, 0x0000000095c00000| Untracked 
|  77|0x0000000095d00000, 0x0000000095d00000, 0x0000000095e00000|  0%| F|  |TAMS 0x0000000095d00000, 0x0000000095d00000| Untracked 
|  78|0x0000000095e00000, 0x0000000095e00000, 0x0000000095f00000|  0%| F|  |TAMS 0x0000000095e00000, 0x0000000095e00000| Untracked 
|  79|0x0000000095f00000, 0x0000000095f00000, 0x0000000096000000|  0%| F|  |TAMS 0x0000000095f00000, 0x0000000095f00000| Untracked 
|  80|0x0000000096000000, 0x0000000096000000, 0x0000000096100000|  0%| F|  |TAMS 0x0000000096000000, 0x0000000096000000| Untracked 
|  81|0x0000000096100000, 0x0000000096100000, 0x0000000096200000|  0%| F|  |TAMS 0x0000000096100000, 0x0000000096100000| Untracked 
|  82|0x0000000096200000, 0x0000000096200000, 0x0000000096300000|  0%| F|  |TAMS 0x0000000096200000, 0x0000000096200000| Untracked 
|  83|0x0000000096300000, 0x0000000096300000, 0x0000000096400000|  0%| F|  |TAMS 0x0000000096300000, 0x0000000096300000| Untracked 
|  84|0x0000000096400000, 0x0000000096400000, 0x0000000096500000|  0%| F|  |TAMS 0x0000000096400000, 0x0000000096400000| Untracked 
|  85|0x0000000096500000, 0x0000000096500000, 0x0000000096600000|  0%| F|  |TAMS 0x0000000096500000, 0x0000000096500000| Untracked 
|  86|0x0000000096600000, 0x0000000096600000, 0x0000000096700000|  0%| F|  |TAMS 0x0000000096600000, 0x0000000096600000| Untracked 
|  87|0x0000000096700000, 0x0000000096700000, 0x0000000096800000|  0%| F|  |TAMS 0x0000000096700000, 0x0000000096700000| Untracked 
|  88|0x0000000096800000, 0x0000000096800000, 0x0000000096900000|  0%| F|  |TAMS 0x0000000096800000, 0x0000000096800000| Untracked 
|  89|0x0000000096900000, 0x0000000096900000, 0x0000000096a00000|  0%| F|  |TAMS 0x0000000096900000, 0x0000000096900000| Untracked 
|  90|0x0000000096a00000, 0x0000000096a00000, 0x0000000096b00000|  0%| F|  |TAMS 0x0000000096a00000, 0x0000000096a00000| Untracked 
|  91|0x0000000096b00000, 0x0000000096b00000, 0x0000000096c00000|  0%| F|  |TAMS 0x0000000096b00000, 0x0000000096b00000| Untracked 
|  92|0x0000000096c00000, 0x0000000096c00000, 0x0000000096d00000|  0%| F|  |TAMS 0x0000000096c00000, 0x0000000096c00000| Untracked 
|  93|0x0000000096d00000, 0x0000000096d00000, 0x0000000096e00000|  0%| F|  |TAMS 0x0000000096d00000, 0x0000000096d00000| Untracked 
|  94|0x0000000096e00000, 0x0000000096e00000, 0x0000000096f00000|  0%| F|  |TAMS 0x0000000096e00000, 0x0000000096e00000| Untracked 
|  95|0x0000000096f00000, 0x0000000096f00000, 0x0000000097000000|  0%| F|  |TAMS 0x0000000096f00000, 0x0000000096f00000| Untracked 
|  96|0x0000000097000000, 0x0000000097000000, 0x0000000097100000|  0%| F|  |TAMS 0x0000000097000000, 0x0000000097000000| Untracked 
|  97|0x0000000097100000, 0x0000000097100000, 0x0000000097200000|  0%| F|  |TAMS 0x0000000097100000, 0x0000000097100000| Untracked 
|  98|0x0000000097200000, 0x0000000097200000, 0x0000000097300000|  0%| F|  |TAMS 0x0000000097200000, 0x0000000097200000| Untracked 
|  99|0x0000000097300000, 0x0000000097300000, 0x0000000097400000|  0%| F|  |TAMS 0x0000000097300000, 0x0000000097300000| Untracked 
| 100|0x0000000097400000, 0x0000000097468fb8, 0x0000000097500000| 41%| E|  |TAMS 0x0000000097400000, 0x0000000097400000| Complete 
| 101|0x0000000097500000, 0x0000000097600000, 0x0000000097600000|100%| E|CS|TAMS 0x0000000097500000, 0x0000000097500000| Complete 
| 102|0x0000000097600000, 0x0000000097700000, 0x0000000097700000|100%| E|CS|TAMS 0x0000000097600000, 0x0000000097600000| Complete 
| 103|0x0000000097700000, 0x0000000097800000, 0x0000000097800000|100%| E|CS|TAMS 0x0000000097700000, 0x0000000097700000| Complete 
| 104|0x0000000097800000, 0x0000000097900000, 0x0000000097900000|100%| E|CS|TAMS 0x0000000097800000, 0x0000000097800000| Complete 
| 105|0x0000000097900000, 0x0000000097a00000, 0x0000000097a00000|100%| E|CS|TAMS 0x0000000097900000, 0x0000000097900000| Complete 
| 106|0x0000000097a00000, 0x0000000097b00000, 0x0000000097b00000|100%| E|CS|TAMS 0x0000000097a00000, 0x0000000097a00000| Complete 
| 107|0x0000000097b00000, 0x0000000097c00000, 0x0000000097c00000|100%| E|CS|TAMS 0x0000000097b00000, 0x0000000097b00000| Complete 
| 108|0x0000000097c00000, 0x0000000097d00000, 0x0000000097d00000|100%| E|CS|TAMS 0x0000000097c00000, 0x0000000097c00000| Complete 
| 109|0x0000000097d00000, 0x0000000097e00000, 0x0000000097e00000|100%| E|CS|TAMS 0x0000000097d00000, 0x0000000097d00000| Complete 
| 110|0x0000000097e00000, 0x0000000097ec7ba0, 0x0000000097f00000| 78%| S|CS|TAMS 0x0000000097e00000, 0x0000000097e00000| Complete 
| 111|0x0000000097f00000, 0x0000000098000000, 0x0000000098000000|100%| E|CS|TAMS 0x0000000097f00000, 0x0000000097f00000| Complete 

Card table byte_map: [0x000001c8fd470000,0x000001c8fd7f0000] _byte_map_base: 0x000001c8fcfe8000

Marking Bits (Prev, Next): (CMBitMap*) 0x000001c8e403e4e0, (CMBitMap*) 0x000001c8e403e4a0
 Prev Bits: [0x000001c880000000, 0x000001c881bc0000)
 Next Bits: [0x000001c8fdb70000, 0x000001c8ff730000)

Polling page: 0x000001c8e4210000

Metaspace:

Usage:
  Non-class:     19.23 MB used.
      Class:      3.15 MB used.
       Both:     22.38 MB used.

Virtual space:
  Non-class space:       64.00 MB reserved,      19.38 MB ( 30%) committed,  1 nodes.
      Class space:        1.00 GB reserved,       3.38 MB ( <1%) committed,  1 nodes.
             Both:        1.06 GB reserved,      22.75 MB (  2%) committed. 

Chunk freelists:
   Non-Class:  12.21 MB
       Class:  12.48 MB
        Both:  24.69 MB

MaxMetaspaceSize: unlimited
CompressedClassSpaceSize: 1.00 GB
Initial GC threshold: 21.00 MB
Current GC threshold: 35.12 MB
CDS: on
MetaspaceReclaimPolicy: balanced
 - commit_granule_bytes: 65536.
 - commit_granule_words: 8192.
 - virtual_space_node_default_size: 8388608.
 - enlarge_chunks_in_place: 1.
 - new_chunks_are_fully_committed: 0.
 - uncommit_free_chunks: 1.
 - use_allocation_guard: 0.
 - handle_deallocations: 1.


Internal statistics:

num_allocs_failed_limit: 3.
num_arena_births: 478.
num_arena_deaths: 0.
num_vsnodes_births: 2.
num_vsnodes_deaths: 0.
num_space_committed: 364.
num_space_uncommitted: 0.
num_chunks_returned_to_freelist: 3.
num_chunks_taken_from_freelist: 1354.
num_chunk_merges: 3.
num_chunk_splits: 899.
num_chunks_enlarged: 607.
num_inconsistent_stats: 0.

CodeHeap 'non-profiled nmethods': size=120000Kb used=3787Kb max_used=3787Kb free=116212Kb
 bounds [0x000001c8f5890000, 0x000001c8f5c50000, 0x000001c8fcdc0000]
CodeHeap 'profiled nmethods': size=120000Kb used=12467Kb max_used=12467Kb free=107532Kb
 bounds [0x000001c8eddc0000, 0x000001c8ee9f0000, 0x000001c8f52f0000]
CodeHeap 'non-nmethods': size=5760Kb used=1536Kb max_used=1600Kb free=4224Kb
 bounds [0x000001c8f52f0000, 0x000001c8f5560000, 0x000001c8f5890000]
 total_blobs=6688 nmethods=5854 adapters=745
 compilation: enabled
              stopped_count=0, restarted_count=0
 full_count=0

Compilation events (20 events):
Event: 216.562 Thread 0x000001c883d518f0 6853       4       com.sun.javafx.geom.Vec3d::length (33 bytes)
Event: 216.563 Thread 0x000001c883d518f0 nmethod 6853 0x000001c8f5c41910 code [0x000001c8f5c41a80, 0x000001c8f5c41b18]
Event: 216.641 Thread 0x000001c883d53210 6854       3       java.util.stream.Collectors$$Lambda$407/0x000001c8851f1e48::accept (14 bytes)
Event: 216.642 Thread 0x000001c883d53210 nmethod 6854 0x000001c8ee9e9a90 code [0x000001c8ee9e9c60, 0x000001c8ee9ea2a8]
Event: 216.647 Thread 0x000001c883d518f0 6855       4       com.sun.scenario.effect.impl.prism.ps.PPSRenderer::getCompatibleImage (29 bytes)
Event: 216.652 Thread 0x000001c883d518f0 nmethod 6855 0x000001c8f5c41c10 code [0x000001c8f5c41da0, 0x000001c8f5c42088]
Event: 217.300 Thread 0x000001c883d53210 6856       3       jdk.internal.org.objectweb.asm.AnnotationVisitor::<init> (88 bytes)
Event: 217.300 Thread 0x000001c883d53210 nmethod 6856 0x000001c8ee9ea510 code [0x000001c8ee9ea760, 0x000001c8ee9eb028]
Event: 217.301 Thread 0x000001c883d53210 6857       3       java.lang.invoke.LambdaFormBuffer::replaceName (124 bytes)
Event: 217.301 Thread 0x000001c883d53210 nmethod 6857 0x000001c8ee9eb310 code [0x000001c8ee9eb4c0, 0x000001c8ee9eb6a8]
Event: 217.302 Thread 0x000001c883d53210 6858       3       java.util.ImmutableCollections$List12::<init> (20 bytes)
Event: 217.303 Thread 0x000001c883d53210 nmethod 6858 0x000001c8ee9eb790 code [0x000001c8ee9eb980, 0x000001c8ee9ebe48]
Event: 217.304 Thread 0x000001c883d53210 6859       3       java.lang.invoke.BoundMethodHandle::speciesDataFor (32 bytes)
Event: 217.305 Thread 0x000001c883d53210 nmethod 6859 0x000001c8ee9ec010 code [0x000001c8ee9ec1c0, 0x000001c8ee9ec558]
Event: 217.305 Thread 0x000001c883d53210 6860       3       java.lang.invoke.LambdaFormEditor::oldSpeciesData (8 bytes)
Event: 217.305 Thread 0x000001c883d53210 nmethod 6860 0x000001c8ee9ec690 code [0x000001c8ee9ec840, 0x000001c8ee9ecc38]
Event: 217.306 Thread 0x000001c883d53210 6861       3       java.lang.invoke.LambdaFormEditor$TransformKey::<init> (15 bytes)
Event: 217.306 Thread 0x000001c883d53210 nmethod 6861 0x000001c8ee9ecd90 code [0x000001c8ee9ecf20, 0x000001c8ee9ed0f8]
Event: 217.308 Thread 0x000001c883d53210 6864       3       jdk.internal.org.objectweb.asm.MethodWriter::visitLdcInsn (215 bytes)
Event: 217.309 Thread 0x000001c883d53210 nmethod 6864 0x000001c8ee9ed190 code [0x000001c8ee9ed420, 0x000001c8ee9edea8]

GC Heap History (10 events):
Event: 5.282 GC heap before
{Heap before GC invocations=0 (full 0):
 garbage-first heap   total 114688K, used 23552K [0x0000000091000000, 0x0000000100000000)
  region size 1024K, 23 young (23552K), 0 survivors (0K)
 Metaspace       used 4574K, committed 4800K, reserved 1114112K
  class space    used 513K, committed 640K, reserved 1048576K
}
Event: 5.286 GC heap after
{Heap after GC invocations=1 (full 0):
 garbage-first heap   total 114688K, used 3289K [0x0000000091000000, 0x0000000100000000)
  region size 1024K, 3 young (3072K), 3 survivors (3072K)
 Metaspace       used 4574K, committed 4800K, reserved 1114112K
  class space    used 513K, committed 640K, reserved 1048576K
}
Event: 8.336 GC heap before
{Heap before GC invocations=1 (full 0):
 garbage-first heap   total 114688K, used 40153K [0x0000000091000000, 0x0000000100000000)
  region size 1024K, 36 young (36864K), 3 survivors (3072K)
 Metaspace       used 10737K, committed 11008K, reserved 1114112K
  class space    used 1425K, committed 1536K, reserved 1048576K
}
Event: 8.344 GC heap after
{Heap after GC invocations=2 (full 0):
 garbage-first heap   total 114688K, used 8518K [0x0000000091000000, 0x0000000100000000)
  region size 1024K, 4 young (4096K), 4 survivors (4096K)
 Metaspace       used 10737K, committed 11008K, reserved 1114112K
  class space    used 1425K, committed 1536K, reserved 1048576K
}
Event: 21.818 GC heap before
{Heap before GC invocations=2 (full 0):
 garbage-first heap   total 114688K, used 86342K [0x0000000091000000, 0x0000000100000000)
  region size 1024K, 62 young (63488K), 4 survivors (4096K)
 Metaspace       used 21204K, committed 21504K, reserved 1114112K
  class space    used 3069K, committed 3200K, reserved 1048576K
}
Event: 21.831 GC heap after
{Heap after GC invocations=3 (full 0):
 garbage-first heap   total 114688K, used 33687K [0x0000000091000000, 0x0000000100000000)
  region size 1024K, 9 young (9216K), 9 survivors (9216K)
 Metaspace       used 21204K, committed 21504K, reserved 1114112K
  class space    used 3069K, committed 3200K, reserved 1048576K
}
Event: 214.067 GC heap before
{Heap before GC invocations=4 (full 0):
 garbage-first heap   total 114688K, used 90007K [0x0000000091000000, 0x0000000100000000)
  region size 1024K, 55 young (56320K), 9 survivors (9216K)
 Metaspace       used 22729K, committed 23104K, reserved 1114112K
  class space    used 3211K, committed 3392K, reserved 1048576K
}
Event: 214.080 GC heap after
{Heap after GC invocations=5 (full 0):
 garbage-first heap   total 114688K, used 42309K [0x0000000091000000, 0x0000000100000000)
  region size 1024K, 6 young (6144K), 6 survivors (6144K)
 Metaspace       used 22729K, committed 23104K, reserved 1114112K
  class space    used 3211K, committed 3392K, reserved 1048576K
}
Event: 214.216 GC heap before
{Heap before GC invocations=5 (full 0):
 garbage-first heap   total 114688K, used 43333K [0x0000000091000000, 0x0000000100000000)
  region size 1024K, 7 young (7168K), 6 survivors (6144K)
 Metaspace       used 22752K, committed 23104K, reserved 1114112K
  class space    used 3211K, committed 3392K, reserved 1048576K
}
Event: 214.228 GC heap after
{Heap after GC invocations=6 (full 0):
 garbage-first heap   total 114688K, used 42782K [0x0000000091000000, 0x0000000100000000)
  region size 1024K, 1 young (1024K), 1 survivors (1024K)
 Metaspace       used 22752K, committed 23104K, reserved 1114112K
  class space    used 3211K, committed 3392K, reserved 1048576K
}

Dll operation events (20 events):
Event: 3.391 Loaded shared library D:\Proyecto Terminal\openjfx-22.0.1_windows-x64_bin-sdk\javafx-sdk-22.0.1\bin\api-ms-win-crt-math-l1-1-0.dll
Event: 3.430 Loaded shared library D:\Proyecto Terminal\openjfx-22.0.1_windows-x64_bin-sdk\javafx-sdk-22.0.1\bin\api-ms-win-crt-multibyte-l1-1-0.dll
Event: 3.476 Loaded shared library D:\Proyecto Terminal\openjfx-22.0.1_windows-x64_bin-sdk\javafx-sdk-22.0.1\bin\api-ms-win-crt-private-l1-1-0.dll
Event: 3.506 Loaded shared library D:\Proyecto Terminal\openjfx-22.0.1_windows-x64_bin-sdk\javafx-sdk-22.0.1\bin\api-ms-win-crt-process-l1-1-0.dll
Event: 3.538 Loaded shared library D:\Proyecto Terminal\openjfx-22.0.1_windows-x64_bin-sdk\javafx-sdk-22.0.1\bin\api-ms-win-crt-runtime-l1-1-0.dll
Event: 3.574 Loaded shared library D:\Proyecto Terminal\openjfx-22.0.1_windows-x64_bin-sdk\javafx-sdk-22.0.1\bin\api-ms-win-crt-stdio-l1-1-0.dll
Event: 3.613 Loaded shared library D:\Proyecto Terminal\openjfx-22.0.1_windows-x64_bin-sdk\javafx-sdk-22.0.1\bin\api-ms-win-crt-string-l1-1-0.dll
Event: 3.648 Loaded shared library D:\Proyecto Terminal\openjfx-22.0.1_windows-x64_bin-sdk\javafx-sdk-22.0.1\bin\api-ms-win-crt-time-l1-1-0.dll
Event: 3.681 Loaded shared library D:\Proyecto Terminal\openjfx-22.0.1_windows-x64_bin-sdk\javafx-sdk-22.0.1\bin\api-ms-win-crt-utility-l1-1-0.dll
Event: 3.798 Loaded shared library D:\Proyecto Terminal\openjfx-22.0.1_windows-x64_bin-sdk\javafx-sdk-22.0.1\bin\ucrtbase.dll
Event: 3.844 Loaded shared library D:\Proyecto Terminal\openjfx-22.0.1_windows-x64_bin-sdk\javafx-sdk-22.0.1\bin\vcruntime140.dll
Event: 3.883 Loaded shared library D:\Proyecto Terminal\openjfx-22.0.1_windows-x64_bin-sdk\javafx-sdk-22.0.1\bin\vcruntime140_1.dll
Event: 3.935 Loaded shared library D:\Proyecto Terminal\openjfx-22.0.1_windows-x64_bin-sdk\javafx-sdk-22.0.1\bin\msvcp140.dll
Event: 3.977 Loaded shared library D:\Proyecto Terminal\openjfx-22.0.1_windows-x64_bin-sdk\javafx-sdk-22.0.1\bin\msvcp140_1.dll
Event: 4.821 Loaded shared library D:\Proyecto Terminal\openjfx-22.0.1_windows-x64_bin-sdk\javafx-sdk-22.0.1\bin\msvcp140_2.dll
Event: 4.933 Loaded shared library D:\Proyecto Terminal\openjfx-22.0.1_windows-x64_bin-sdk\javafx-sdk-22.0.1\bin\prism_d3d.dll
Event: 5.044 Loaded shared library D:\Proyecto Terminal\openjfx-22.0.1_windows-x64_bin-sdk\javafx-sdk-22.0.1\bin\glass.dll
Event: 5.230 Loaded shared library C:\Users\diego\.jdks\corretto-17.0.13\bin\jimage.dll
Event: 5.994 Loaded shared library D:\Proyecto Terminal\openjfx-22.0.1_windows-x64_bin-sdk\javafx-sdk-22.0.1\bin\javafx_font.dll
Event: 12.406 Loaded shared library D:\Proyecto Terminal\openjfx-22.0.1_windows-x64_bin-sdk\javafx-sdk-22.0.1\bin\javafx_iio.dll

Deoptimization events (20 events):
Event: 214.864 Thread 0x000001c8c9db8a60 DEOPT PACKING pc=0x000001c8edfdc43c sp=0x000000aa605fc840
Event: 214.864 Thread 0x000001c8c9db8a60 DEOPT UNPACKING pc=0x000001c8f5347143 sp=0x000000aa605fbe28 mode 1
Event: 214.864 Thread 0x000001c8c9db8a60 DEOPT PACKING pc=0x000001c8edf843a4 sp=0x000000aa605fca30
Event: 214.864 Thread 0x000001c8c9db8a60 DEOPT UNPACKING pc=0x000001c8f5347143 sp=0x000000aa605fbef8 mode 1
Event: 214.868 Thread 0x000001c8c9db8a60 DEOPT PACKING pc=0x000001c8edfdc43c sp=0x000000aa605fc840
Event: 214.868 Thread 0x000001c8c9db8a60 DEOPT UNPACKING pc=0x000001c8f5347143 sp=0x000000aa605fbe28 mode 1
Event: 214.868 Thread 0x000001c8c9db8a60 DEOPT PACKING pc=0x000001c8edf843a4 sp=0x000000aa605fca30
Event: 214.868 Thread 0x000001c8c9db8a60 DEOPT UNPACKING pc=0x000001c8f5347143 sp=0x000000aa605fbef8 mode 1
Event: 214.871 Thread 0x000001c8c9db8a60 DEOPT PACKING pc=0x000001c8edfdc43c sp=0x000000aa605fc840
Event: 214.871 Thread 0x000001c8c9db8a60 DEOPT UNPACKING pc=0x000001c8f5347143 sp=0x000000aa605fbe28 mode 1
Event: 214.871 Thread 0x000001c8c9db8a60 DEOPT PACKING pc=0x000001c8edf843a4 sp=0x000000aa605fca30
Event: 214.871 Thread 0x000001c8c9db8a60 DEOPT UNPACKING pc=0x000001c8f5347143 sp=0x000000aa605fbef8 mode 1
Event: 826.486 Thread 0x000001c8ca37c430 Uncommon trap: trap_request=0xffffff45 fr.pc=0x000001c8f5919dc4 relative=0x00000000000000c4
Event: 826.486 Thread 0x000001c8ca37c430 Uncommon trap: reason=unstable_if action=reinterpret pc=0x000001c8f5919dc4 method=java.util.concurrent.locks.ReentrantLock$Sync.tryRelease(I)Z @ 26 c2
Event: 826.486 Thread 0x000001c8ca37c430 DEOPT PACKING pc=0x000001c8f5919dc4 sp=0x000000aa5fffede0
Event: 826.486 Thread 0x000001c8ca37c430 DEOPT UNPACKING pc=0x000001c8f53469a3 sp=0x000000aa5fffed90 mode 2
Event: 826.487 Thread 0x000001c8c9656fe0 DEOPT PACKING pc=0x000001c8ee711f44 sp=0x000000aa601ff050
Event: 826.487 Thread 0x000001c8c9656fe0 DEOPT UNPACKING pc=0x000001c8f5347143 sp=0x000000aa601fe578 mode 1
Event: 826.487 Thread 0x000001c8ca37c430 DEOPT PACKING pc=0x000001c8ee2a9c4c sp=0x000000aa5ffff140
Event: 826.487 Thread 0x000001c8ca37c430 DEOPT UNPACKING pc=0x000001c8f5347143 sp=0x000000aa5fffe5a0 mode 1

Classes loaded (20 events):
Event: 202.980 Loading class javafx/scene/input/MouseEvent
Event: 202.980 Loading class javafx/scene/input/MouseEvent done
Event: 202.981 Loading class optiuam/bc/model/ElementoGrafico
Event: 202.981 Loading class optiuam/bc/model/ElementoGrafico done
Event: 202.981 Loading class optiuam/bc/model/ElementoGrafico
Event: 202.981 Loading class optiuam/bc/model/ElementoGrafico done
Event: 202.981 Loading class optiuam/bc/model/ElementoGrafico
Event: 202.981 Loading class optiuam/bc/model/ElementoGrafico done
Event: 202.981 Loading class optiuam/bc/model/ElementoGrafico
Event: 202.981 Loading class optiuam/bc/model/ElementoGrafico done
Event: 202.981 Loading class optiuam/bc/controller/VentanaFibraController
Event: 202.981 Loading class optiuam/bc/controller/VentanaFibraController done
Event: 202.981 Loading class optiuam/bc/model/ElementoGrafico
Event: 202.981 Loading class optiuam/bc/model/ElementoGrafico done
Event: 826.483 Loading class jdk/internal/misc/Signal$1
Event: 826.483 Loading class jdk/internal/misc/Signal$1 done
Event: 826.486 Loading class com/sun/javafx/tk/quantum/QuantumRenderer
Event: 826.486 Loading class com/sun/javafx/tk/quantum/QuantumRenderer done
Event: 826.486 Loading class com/sun/javafx/tk/quantum/QuantumToolkit
Event: 826.486 Loading class com/sun/javafx/tk/quantum/QuantumToolkit done

Classes unloaded (0 events):
No events

Classes redefined (0 events):
No events

Internal exceptions (20 events):
Event: 12.610 Thread 0x000001c8c9db8a60 Exception <a 'java/lang/ClassNotFoundException'{0x0000000095411880}: com/sun/javafx/scene/control/skin/resources/controls> (0x0000000095411880) 
thrown [s\src\hotspot\share\prims\jni.cpp, line 535]
Event: 12.612 Thread 0x000001c8c9db8a60 Exception <a 'java/lang/ClassNotFoundException'{0x0000000095420250}: com/sun/javafx/scene/control/skin/resources/controls_es> (0x0000000095420250) 
thrown [s\src\hotspot\share\prims\jni.cpp, line 535]
Event: 12.613 Thread 0x000001c8c9db8a60 Exception <a 'java/lang/ClassNotFoundException'{0x000000009542e450}: com/sun/javafx/scene/control/skin/resources/controls_es_MX> (0x000000009542e450) 
thrown [s\src\hotspot\share\prims\jni.cpp, line 535]
Event: 12.664 Thread 0x000001c8c9db8a60 Exception <a 'java/lang/NoSuchMethodError'{0x00000000953ba450}: 'int java.lang.invoke.DirectMethodHandle$Holder.invokeSpecial(java.lang.Object, java.lang.Object, int)'> (0x00000000953ba450) 
thrown [s\src\hotspot\share\interpreter\linkResolver.cpp, line 759]
Event: 12.873 Thread 0x000001c8c9db8a60 Exception <a 'java/lang/NoSuchMethodError'{0x0000000094c60898}: 'void java.lang.invoke.DirectMethodHandle$Holder.invokeVirtual(java.lang.Object, java.lang.Object)'> (0x0000000094c60898) 
thrown [s\src\hotspot\share\interpreter\linkResolver.cpp, line 759]
Event: 16.135 Thread 0x000001c8c9db8a60 Implicit null exception at 0x000001c8f5a06b84 to 0x000001c8f5a06d3c
Event: 16.137 Thread 0x000001c8c9db8a60 Implicit null exception at 0x000001c8f5a1009c to 0x000001c8f5a10ccc
Event: 19.608 Thread 0x000001c8c9db8a60 Exception <a 'java/lang/NoSuchMethodError'{0x0000000094615170}: 'java.lang.Object java.lang.invoke.DirectMethodHandle$Holder.newInvokeSpecial(java.lang.Object, java.lang.Object, int, int, int, int, int, java.lang.Object)'> (0x0000000094615170) 
thrown [s\src\hotspot\share\interpreter\linkResolver.cpp, line 759]
Event: 19.612 Thread 0x000001c8c9db8a60 Exception <a 'java/lang/NoSuchMethodError'{0x0000000094628698}: 'java.lang.Object java.lang.invoke.DirectMethodHandle$Holder.newInvokeSpecial(java.lang.Object, java.lang.Object, java.lang.Object, int, int, int, int, int)'> (0x0000000094628698) 
thrown [s\src\hotspot\share\interpreter\linkResolver.cpp, line 759]
Event: 19.614 Thread 0x000001c8c9db8a60 Exception <a 'java/lang/NoSuchMethodError'{0x00000000946306f0}: 'java.lang.Object java.lang.invoke.Invokers$Holder.linkToTargetMethod(java.lang.Object, java.lang.Object, int, int, int, int, int, java.lang.Object)'> (0x00000000946306f0) 
thrown [s\src\hotspot\share\interpreter\linkResolver.cpp, line 759]
Event: 22.818 Thread 0x000001c8c9db8a60 Implicit null exception at 0x000001c8f5a1797e to 0x000001c8f5a17a10
Event: 43.193 Thread 0x000001c8c9db8a60 Exception <a 'java/lang/NoSuchMethodError'{0x0000000096aae9f8}: 'java.lang.Object java.lang.invoke.DirectMethodHandle$Holder.invokeSpecial(java.lang.Object, java.lang.Object, long, java.lang.Object, int, int, java.lang.Object, int, java.lang.Object)'> (0x0000000096aae9f8) 
thrown [s\src\hotspot\share\interpreter\linkResolver.cpp, line 759]
Event: 43.193 Thread 0x000001c8c9db8a60 Exception <a 'java/lang/NoSuchMethodError'{0x0000000096ab2c58}: 'java.lang.Object java.lang.invoke.DelegatingMethodHandle$Holder.reinvoke_L(java.lang.Object, long, java.lang.Object, int, int, java.lang.Object, int, java.lang.Object)'> (0x0000000096ab2c58) 
thrown [s\src\hotspot\share\interpreter\linkResolver.cpp, line 759]
Event: 43.212 Thread 0x000001c8c9db8a60 Exception <a 'java/lang/NoSuchMethodError'{0x0000000096910860}: 'java.lang.Object java.lang.invoke.DelegatingMethodHandle$Holder.reinvoke_L(java.lang.Object, java.lang.Object, long, java.lang.Object, int, java.lang.Object, java.lang.Object, java.lang.Object, java.lang.Object, java.lang.Object, java.lang.Object, java.lang.Object, java.lang.Object, int, int)'> (0x0000000096910860) 
thrown [s\src\hotspot\share\interpreter\linkResolver.cpp, line 759]
Event: 43.229 Thread 0x000001c8c9db8a60 Exception <a 'java/lang/NoSuchMethodError'{0x0000000096955570}: 'java.lang.Object java.lang.invoke.DirectMethodHandle$Holder.invokeSpecial(java.lang.Object, java.lang.Object, long, java.lang.Object, int, java.lang.Object, java.lang.Object, java.lang.Object, java.lang.Object, java.lang.Object, java.lang.Object, java.lang.Object, java.lang.Object, int, int)'> (0x0000000096955570) 
thrown [s\src\hotspot\share\interpreter\linkResolver.cpp, line 759]
Event: 43.230 Thread 0x000001c8c9db8a60 Exception <a 'java/lang/NoSuchMethodError'{0x000000009695a128}: 'java.lang.Object java.lang.invoke.DelegatingMethodHandle$Holder.reinvoke_L(java.lang.Object, long, java.lang.Object, int, java.lang.Object, java.lang.Object, java.lang.Object, java.lang.Object, java.lang.Object, java.lang.Object, java.lang.Object, java.lang.Object, int, int)'> (0x000000009695a128) 
thrown [s\src\hotspot\share\interpreter\linkResolver.cpp, line 759]
Event: 64.980 Thread 0x000001c8c9db8a60 Implicit null exception at 0x000001c8f593b9f7 to 0x000001c8f593bffc
Event: 92.224 Thread 0x000001c8c9db8a60 Implicit null exception at 0x000001c8f5900ef7 to 0x000001c8f59014fc
Event: 217.307 Thread 0x000001c8c9db8a60 Exception <a 'java/lang/NoSuchMethodError'{0x00000000976c4ac8}: 'java.lang.Object java.lang.invoke.DirectMethodHandle$Holder.invokeSpecial(java.lang.Object, java.lang.Object, long, java.lang.Object, int, int, int, java.lang.Object, java.lang.Object, java.lang.Object, int)'> (0x00000000976c4ac8) 
thrown [s\src\hotspot\share\interpreter\linkResolver.cpp, line 759]
Event: 217.307 Thread 0x000001c8c9db8a60 Exception <a 'java/lang/NoSuchMethodError'{0x00000000976c9008}: 'java.lang.Object java.lang.invoke.DelegatingMethodHandle$Holder.reinvoke_L(java.lang.Object, long, java.lang.Object, int, int, int, java.lang.Object, java.lang.Object, java.lang.Object, int)'> (0x00000000976c9008) 
thrown [s\src\hotspot\share\interpreter\linkResolver.cpp, line 759]

VM Operations (20 events):
Event: 706.015 Executing VM operation: get/set locals done
Event: 826.352 Executing VM operation: ChangeBreakpoints
Event: 826.352 Executing VM operation: ChangeBreakpoints done
Event: 826.352 Executing VM operation: ChangeBreakpoints
Event: 826.352 Executing VM operation: ChangeBreakpoints done
Event: 826.352 Executing VM operation: ChangeBreakpoints
Event: 826.352 Executing VM operation: ChangeBreakpoints done
Event: 826.353 Executing VM operation: ChangeBreakpoints
Event: 826.353 Executing VM operation: ChangeBreakpoints done
Event: 826.353 Executing VM operation: ChangeBreakpoints
Event: 826.353 Executing VM operation: ChangeBreakpoints done
Event: 826.353 Executing VM operation: ChangeBreakpoints
Event: 826.353 Executing VM operation: ChangeBreakpoints done
Event: 826.353 Executing VM operation: ChangeBreakpoints
Event: 826.353 Executing VM operation: ChangeBreakpoints done
Event: 826.353 Executing VM operation: ChangeBreakpoints
Event: 826.353 Executing VM operation: ChangeBreakpoints done
Event: 826.353 Executing VM operation: ChangeBreakpoints
Event: 826.353 Executing VM operation: ChangeBreakpoints done
Event: 826.487 Executing VM operation: Exit

Memory protections (0 events):
No events

Nmethod flushes (20 events):
Event: 36.921 Thread 0x000001c883d68700 flushing  nmethod 0x000001c8ee64a190
Event: 36.921 Thread 0x000001c883d68700 flushing  nmethod 0x000001c8ee658890
Event: 36.922 Thread 0x000001c883d68700 flushing  nmethod 0x000001c8ee6b9f90
Event: 36.922 Thread 0x000001c883d68700 flushing  nmethod 0x000001c8ee6e3410
Event: 36.922 Thread 0x000001c883d68700 flushing  nmethod 0x000001c8ee6f3990
Event: 36.922 Thread 0x000001c883d68700 flushing  nmethod 0x000001c8ee700f90
Event: 36.922 Thread 0x000001c883d68700 flushing  nmethod 0x000001c8ee728790
Event: 36.922 Thread 0x000001c883d68700 flushing  nmethod 0x000001c8ee730410
Event: 36.923 Thread 0x000001c883d68700 flushing  nmethod 0x000001c8ee79c410
Event: 36.923 Thread 0x000001c883d68700 flushing  nmethod 0x000001c8ee7a6790
Event: 36.923 Thread 0x000001c883d68700 flushing  nmethod 0x000001c8ee7cb810
Event: 36.923 Thread 0x000001c883d68700 flushing  nmethod 0x000001c8ee7cbf90
Event: 36.923 Thread 0x000001c883d68700 flushing  nmethod 0x000001c8ee7d5e10
Event: 36.923 Thread 0x000001c883d68700 flushing  nmethod 0x000001c8ee7dc810
Event: 36.923 Thread 0x000001c883d68700 flushing  nmethod 0x000001c8ee80b210
Event: 36.923 Thread 0x000001c883d68700 flushing  nmethod 0x000001c8ee80b810
Event: 36.923 Thread 0x000001c883d68700 flushing osr nmethod 0x000001c8ee80d010
Event: 36.923 Thread 0x000001c883d68700 flushing  nmethod 0x000001c8ee818f90
Event: 36.923 Thread 0x000001c883d68700 flushing  nmethod 0x000001c8ee877110
Event: 36.923 Thread 0x000001c883d68700 flushing  nmethod 0x000001c8ee8d1990

Events (20 events):
Event: 37.899 Thread 0x000001c8d0d21f50 Thread exited: 0x000001c8d0d21f50
Event: 38.035 Thread 0x000001c883d53210 Thread added: 0x000001c8d0e8b410
Event: 38.211 Thread 0x000001c8d0e8b410 Thread exited: 0x000001c8d0e8b410
Event: 43.213 Thread 0x000001c883d53210 Thread added: 0x000001c8d0e8b410
Event: 48.787 Thread 0x000001c8d0e8b410 Thread exited: 0x000001c8d0e8b410
Event: 187.103 Thread 0x000001c883d518f0 Thread added: 0x000001c8d0e8b410
Event: 192.107 Thread 0x000001c8d0e8b410 Thread exited: 0x000001c8d0e8b410
Event: 195.641 Thread 0x000001c883d53210 Thread added: 0x000001c8d0e8b410
Event: 196.399 Thread 0x000001c8d0e8b410 Thread exited: 0x000001c8d0e8b410
Event: 206.374 Thread 0x000001c883d53210 Thread added: 0x000001c8ca1f8d10
Event: 206.540 Thread 0x000001c8ca1f8d10 Thread exited: 0x000001c8ca1f8d10
Event: 214.190 Thread 0x000001c883d518f0 Thread added: 0x000001c8dd6e7020
Event: 214.498 Thread 0x000001c8dd6e7020 Thread exited: 0x000001c8dd6e7020
Event: 826.352 Thread 0x000001c8c92face0 Thread exited: 0x000001c8c92face0
Event: 826.359 Thread 0x000001c8c92ece10 Thread exited: 0x000001c8c92ece10
Event: 826.484 Thread 0x000001c883d45d60 Thread added: 0x000001c8ca37a0c0
Event: 826.485 Thread 0x000001c8ca37a0c0 Thread added: 0x000001c8ca37c430
Event: 826.485 Thread 0x000001c8ca37a0c0 Thread added: 0x000001c8ca378c80
Event: 826.486 Thread 0x000001c8ca378c80 Thread exited: 0x000001c8ca378c80
Event: 826.487 Thread 0x000001c8ca37c430 Thread exited: 0x000001c8ca37c430


Dynamic libraries:
0x00007ff62fc30000 - 0x00007ff62fc3e000 	C:\Users\diego\.jdks\corretto-17.0.13\bin\java.exe
0x00007ff9e2630000 - 0x00007ff9e2847000 	C:\Windows\SYSTEM32\ntdll.dll
0x00007ff9e24c0000 - 0x00007ff9e2584000 	C:\Windows\System32\KERNEL32.DLL
0x00007ff9dfa50000 - 0x00007ff9dfe09000 	C:\Windows\System32\KERNELBASE.dll
0x00007ff9df930000 - 0x00007ff9dfa41000 	C:\Windows\System32\ucrtbase.dll
0x00007ff9da200000 - 0x00007ff9da217000 	C:\Users\diego\.jdks\corretto-17.0.13\bin\jli.dll
0x00007ff9d1de0000 - 0x00007ff9d1dfb000 	C:\Users\diego\.jdks\corretto-17.0.13\bin\VCRUNTIME140.dll
0x00007ff9e1790000 - 0x00007ff9e193e000 	C:\Windows\System32\USER32.dll
0x00007ff9dfff0000 - 0x00007ff9e0016000 	C:\Windows\System32\win32u.dll
0x00007ff9cd590000 - 0x00007ff9cd822000 	C:\Windows\WinSxS\amd64_microsoft.windows.common-controls_6595b64144ccf1df_6.0.22621.4391_none_2715d37f73803e96\COMCTL32.dll
0x00007ff9e1b80000 - 0x00007ff9e1c27000 	C:\Windows\System32\msvcrt.dll
0x00007ff9e1150000 - 0x00007ff9e1179000 	C:\Windows\System32\GDI32.dll
0x00007ff9dfed0000 - 0x00007ff9dffeb000 	C:\Windows\System32\gdi32full.dll
0x00007ff9e01c0000 - 0x00007ff9e025a000 	C:\Windows\System32\msvcp_win.dll
0x00007ff9e1af0000 - 0x00007ff9e1b21000 	C:\Windows\System32\IMM32.DLL
0x00007ff9da0c0000 - 0x00007ff9da0cc000 	C:\Users\diego\.jdks\corretto-17.0.13\bin\vcruntime140_1.dll
0x00007ff9d0c80000 - 0x00007ff9d0d0d000 	C:\Users\diego\.jdks\corretto-17.0.13\bin\msvcp140.dll
0x00007ff97f150000 - 0x00007ff97fdbc000 	C:\Users\diego\.jdks\corretto-17.0.13\bin\server\jvm.dll
0x00007ff9e04b0000 - 0x00007ff9e0562000 	C:\Windows\System32\ADVAPI32.dll
0x00007ff9e0820000 - 0x00007ff9e08c7000 	C:\Windows\System32\sechost.dll
0x00007ff9e0020000 - 0x00007ff9e0048000 	C:\Windows\System32\bcrypt.dll
0x00007ff9e0960000 - 0x00007ff9e0a74000 	C:\Windows\System32\RPCRT4.dll
0x00007ff9e0f10000 - 0x00007ff9e0f81000 	C:\Windows\System32\WS2_32.dll
0x00007ff9df800000 - 0x00007ff9df84d000 	C:\Windows\SYSTEM32\POWRPROF.dll
0x00007ff9dc2b0000 - 0x00007ff9dc2e4000 	C:\Windows\SYSTEM32\WINMM.dll
0x00007ff9d7050000 - 0x00007ff9d705a000 	C:\Windows\SYSTEM32\VERSION.dll
0x00007ff9df7e0000 - 0x00007ff9df7f3000 	C:\Windows\SYSTEM32\UMPDC.dll
0x00007ff9de970000 - 0x00007ff9de988000 	C:\Windows\SYSTEM32\kernel.appcore.dll
0x00007ff9d9f30000 - 0x00007ff9d9f3a000 	C:\Users\diego\.jdks\corretto-17.0.13\bin\jimage.dll
0x00007ff9dcf40000 - 0x00007ff9dd172000 	C:\Windows\SYSTEM32\DBGHELP.DLL
0x00007ff9e1400000 - 0x00007ff9e178f000 	C:\Windows\System32\combase.dll
0x00007ff9e0740000 - 0x00007ff9e0817000 	C:\Windows\System32\OLEAUT32.dll
0x00007ff9c08d0000 - 0x00007ff9c0902000 	C:\Windows\SYSTEM32\dbgcore.DLL
0x00007ff9e0260000 - 0x00007ff9e02db000 	C:\Windows\System32\bcryptPrimitives.dll
0x00007ff9d0be0000 - 0x00007ff9d0c1b000 	C:\Users\diego\.jdks\corretto-17.0.13\bin\jdwp.dll
0x00007ff9d1b40000 - 0x00007ff9d1b4e000 	C:\Users\diego\.jdks\corretto-17.0.13\bin\instrument.dll
0x00007ff9d1c00000 - 0x00007ff9d1c25000 	C:\Users\diego\.jdks\corretto-17.0.13\bin\java.dll
0x00007ff9d0c60000 - 0x00007ff9d0c78000 	C:\Users\diego\.jdks\corretto-17.0.13\bin\zip.dll
0x00007ff9ceea0000 - 0x00007ff9cef77000 	C:\Users\diego\.jdks\corretto-17.0.13\bin\jsvml.dll
0x00007ff9e1c30000 - 0x00007ff9e24a6000 	C:\Windows\System32\SHELL32.dll
0x00007ff9dd870000 - 0x00007ff9de173000 	C:\Windows\SYSTEM32\windows.storage.dll
0x00007ff9dd730000 - 0x00007ff9dd86f000 	C:\Windows\SYSTEM32\wintypes.dll
0x00007ff9e1200000 - 0x00007ff9e12f9000 	C:\Windows\System32\SHCORE.dll
0x00007ff9e10f0000 - 0x00007ff9e114e000 	C:\Windows\System32\shlwapi.dll
0x00007ff9df860000 - 0x00007ff9df88b000 	C:\Windows\SYSTEM32\profapi.dll
0x00007ff9d19f0000 - 0x00007ff9d1a09000 	C:\Users\diego\.jdks\corretto-17.0.13\bin\net.dll
0x00007ff9d8e40000 - 0x00007ff9d8f76000 	C:\Windows\SYSTEM32\WINHTTP.dll
0x00007ff9dedf0000 - 0x00007ff9dee59000 	C:\Windows\system32\mswsock.dll
0x00007ff9d19d0000 - 0x00007ff9d19e6000 	C:\Users\diego\.jdks\corretto-17.0.13\bin\nio.dll
0x00007ff9d19c0000 - 0x00007ff9d19cc000 	C:\Users\diego\.jdks\corretto-17.0.13\bin\dt_socket.dll
0x00007ff9de420000 - 0x00007ff9de44d000 	C:\Windows\SYSTEM32\IPHLPAPI.DLL
0x000001c883f00000 - 0x000001c883f03000 	D:\Proyecto Terminal\openjfx-22.0.1_windows-x64_bin-sdk\javafx-sdk-22.0.1\bin\api-ms-win-core-console-l1-1-0.dll
0x000001c883f10000 - 0x000001c883f13000 	D:\Proyecto Terminal\openjfx-22.0.1_windows-x64_bin-sdk\javafx-sdk-22.0.1\bin\api-ms-win-core-console-l1-2-0.dll
0x000001c883f20000 - 0x000001c883f23000 	D:\Proyecto Terminal\openjfx-22.0.1_windows-x64_bin-sdk\javafx-sdk-22.0.1\bin\api-ms-win-core-datetime-l1-1-0.dll
0x000001c883f30000 - 0x000001c883f33000 	D:\Proyecto Terminal\openjfx-22.0.1_windows-x64_bin-sdk\javafx-sdk-22.0.1\bin\api-ms-win-core-debug-l1-1-0.dll
0x000001c883f40000 - 0x000001c883f43000 	D:\Proyecto Terminal\openjfx-22.0.1_windows-x64_bin-sdk\javafx-sdk-22.0.1\bin\api-ms-win-core-errorhandling-l1-1-0.dll
0x000001c883f50000 - 0x000001c883f54000 	D:\Proyecto Terminal\openjfx-22.0.1_windows-x64_bin-sdk\javafx-sdk-22.0.1\bin\api-ms-win-core-file-l1-1-0.dll
0x000001c883f60000 - 0x000001c883f63000 	D:\Proyecto Terminal\openjfx-22.0.1_windows-x64_bin-sdk\javafx-sdk-22.0.1\bin\api-ms-win-core-file-l1-2-0.dll
0x000001c883f70000 - 0x000001c883f73000 	D:\Proyecto Terminal\openjfx-22.0.1_windows-x64_bin-sdk\javafx-sdk-22.0.1\bin\api-ms-win-core-file-l2-1-0.dll
0x000001c883f80000 - 0x000001c883f83000 	D:\Proyecto Terminal\openjfx-22.0.1_windows-x64_bin-sdk\javafx-sdk-22.0.1\bin\api-ms-win-core-handle-l1-1-0.dll
0x000001c883f90000 - 0x000001c883f93000 	D:\Proyecto Terminal\openjfx-22.0.1_windows-x64_bin-sdk\javafx-sdk-22.0.1\bin\api-ms-win-core-heap-l1-1-0.dll
0x000001c883fa0000 - 0x000001c883fa3000 	D:\Proyecto Terminal\openjfx-22.0.1_windows-x64_bin-sdk\javafx-sdk-22.0.1\bin\api-ms-win-core-interlocked-l1-1-0.dll
0x000001c883fb0000 - 0x000001c883fb3000 	D:\Proyecto Terminal\openjfx-22.0.1_windows-x64_bin-sdk\javafx-sdk-22.0.1\bin\api-ms-win-core-libraryloader-l1-1-0.dll
0x000001c883fc0000 - 0x000001c883fc3000 	D:\Proyecto Terminal\openjfx-22.0.1_windows-x64_bin-sdk\javafx-sdk-22.0.1\bin\api-ms-win-core-localization-l1-2-0.dll
0x000001c883fd0000 - 0x000001c883fd3000 	D:\Proyecto Terminal\openjfx-22.0.1_windows-x64_bin-sdk\javafx-sdk-22.0.1\bin\api-ms-win-core-memory-l1-1-0.dll
0x000001c883fe0000 - 0x000001c883fe3000 	D:\Proyecto Terminal\openjfx-22.0.1_windows-x64_bin-sdk\javafx-sdk-22.0.1\bin\api-ms-win-core-namedpipe-l1-1-0.dll
0x000001c883ff0000 - 0x000001c883ff3000 	D:\Proyecto Terminal\openjfx-22.0.1_windows-x64_bin-sdk\javafx-sdk-22.0.1\bin\api-ms-win-core-processenvironment-l1-1-0.dll
0x000001c8cabd0000 - 0x000001c8cabd3000 	D:\Proyecto Terminal\openjfx-22.0.1_windows-x64_bin-sdk\javafx-sdk-22.0.1\bin\api-ms-win-core-processthreads-l1-1-0.dll
0x000001c8cabe0000 - 0x000001c8cabe3000 	D:\Proyecto Terminal\openjfx-22.0.1_windows-x64_bin-sdk\javafx-sdk-22.0.1\bin\api-ms-win-core-processthreads-l1-1-1.dll
0x000001c8cabf0000 - 0x000001c8cabf3000 	D:\Proyecto Terminal\openjfx-22.0.1_windows-x64_bin-sdk\javafx-sdk-22.0.1\bin\api-ms-win-core-profile-l1-1-0.dll
0x000001c8cac00000 - 0x000001c8cac03000 	D:\Proyecto Terminal\openjfx-22.0.1_windows-x64_bin-sdk\javafx-sdk-22.0.1\bin\api-ms-win-core-rtlsupport-l1-1-0.dll
0x000001c8cac10000 - 0x000001c8cac13000 	D:\Proyecto Terminal\openjfx-22.0.1_windows-x64_bin-sdk\javafx-sdk-22.0.1\bin\api-ms-win-core-string-l1-1-0.dll
0x000001c8cac20000 - 0x000001c8cac23000 	D:\Proyecto Terminal\openjfx-22.0.1_windows-x64_bin-sdk\javafx-sdk-22.0.1\bin\api-ms-win-core-synch-l1-1-0.dll
0x000001c8cac30000 - 0x000001c8cac33000 	D:\Proyecto Terminal\openjfx-22.0.1_windows-x64_bin-sdk\javafx-sdk-22.0.1\bin\api-ms-win-core-synch-l1-2-0.dll
0x000001c8cac40000 - 0x000001c8cac43000 	D:\Proyecto Terminal\openjfx-22.0.1_windows-x64_bin-sdk\javafx-sdk-22.0.1\bin\api-ms-win-core-sysinfo-l1-1-0.dll
0x000001c8cac50000 - 0x000001c8cac53000 	D:\Proyecto Terminal\openjfx-22.0.1_windows-x64_bin-sdk\javafx-sdk-22.0.1\bin\api-ms-win-core-timezone-l1-1-0.dll
0x000001c8cac60000 - 0x000001c8cac63000 	D:\Proyecto Terminal\openjfx-22.0.1_windows-x64_bin-sdk\javafx-sdk-22.0.1\bin\api-ms-win-core-util-l1-1-0.dll
0x000001c8cac70000 - 0x000001c8cac73000 	D:\Proyecto Terminal\openjfx-22.0.1_windows-x64_bin-sdk\javafx-sdk-22.0.1\bin\api-ms-win-crt-conio-l1-1-0.dll
0x000001c8cac80000 - 0x000001c8cac84000 	D:\Proyecto Terminal\openjfx-22.0.1_windows-x64_bin-sdk\javafx-sdk-22.0.1\bin\api-ms-win-crt-convert-l1-1-0.dll
0x000001c8cac90000 - 0x000001c8cac93000 	D:\Proyecto Terminal\openjfx-22.0.1_windows-x64_bin-sdk\javafx-sdk-22.0.1\bin\api-ms-win-crt-environment-l1-1-0.dll
0x000001c8caca0000 - 0x000001c8caca3000 	D:\Proyecto Terminal\openjfx-22.0.1_windows-x64_bin-sdk\javafx-sdk-22.0.1\bin\api-ms-win-crt-filesystem-l1-1-0.dll
0x000001c8cacb0000 - 0x000001c8cacb3000 	D:\Proyecto Terminal\openjfx-22.0.1_windows-x64_bin-sdk\javafx-sdk-22.0.1\bin\api-ms-win-crt-heap-l1-1-0.dll
0x000001c8cacc0000 - 0x000001c8cacc3000 	D:\Proyecto Terminal\openjfx-22.0.1_windows-x64_bin-sdk\javafx-sdk-22.0.1\bin\api-ms-win-crt-locale-l1-1-0.dll
0x000001c8cacd0000 - 0x000001c8cacd5000 	D:\Proyecto Terminal\openjfx-22.0.1_windows-x64_bin-sdk\javafx-sdk-22.0.1\bin\api-ms-win-crt-math-l1-1-0.dll
0x000001c8cace0000 - 0x000001c8cace5000 	D:\Proyecto Terminal\openjfx-22.0.1_windows-x64_bin-sdk\javafx-sdk-22.0.1\bin\api-ms-win-crt-multibyte-l1-1-0.dll
0x000001c8cacf0000 - 0x000001c8cad00000 	D:\Proyecto Terminal\openjfx-22.0.1_windows-x64_bin-sdk\javafx-sdk-22.0.1\bin\api-ms-win-crt-private-l1-1-0.dll
0x000001c8cad00000 - 0x000001c8cad03000 	D:\Proyecto Terminal\openjfx-22.0.1_windows-x64_bin-sdk\javafx-sdk-22.0.1\bin\api-ms-win-crt-process-l1-1-0.dll
0x000001c8cad10000 - 0x000001c8cad14000 	D:\Proyecto Terminal\openjfx-22.0.1_windows-x64_bin-sdk\javafx-sdk-22.0.1\bin\api-ms-win-crt-runtime-l1-1-0.dll
0x000001c8cad20000 - 0x000001c8cad24000 	D:\Proyecto Terminal\openjfx-22.0.1_windows-x64_bin-sdk\javafx-sdk-22.0.1\bin\api-ms-win-crt-stdio-l1-1-0.dll
0x000001c8cad30000 - 0x000001c8cad34000 	D:\Proyecto Terminal\openjfx-22.0.1_windows-x64_bin-sdk\javafx-sdk-22.0.1\bin\api-ms-win-crt-string-l1-1-0.dll
0x000001c8cad40000 - 0x000001c8cad43000 	D:\Proyecto Terminal\openjfx-22.0.1_windows-x64_bin-sdk\javafx-sdk-22.0.1\bin\api-ms-win-crt-time-l1-1-0.dll
0x000001c8cad50000 - 0x000001c8cad53000 	D:\Proyecto Terminal\openjfx-22.0.1_windows-x64_bin-sdk\javafx-sdk-22.0.1\bin\api-ms-win-crt-utility-l1-1-0.dll
0x00007ff9ceb10000 - 0x00007ff9cec0c000 	D:\Proyecto Terminal\openjfx-22.0.1_windows-x64_bin-sdk\javafx-sdk-22.0.1\bin\ucrtbase.dll
0x00007ff9cee80000 - 0x00007ff9cee9b000 	D:\Proyecto Terminal\openjfx-22.0.1_windows-x64_bin-sdk\javafx-sdk-22.0.1\bin\vcruntime140.dll
0x00007ff9cee70000 - 0x00007ff9cee7c000 	D:\Proyecto Terminal\openjfx-22.0.1_windows-x64_bin-sdk\javafx-sdk-22.0.1\bin\vcruntime140_1.dll
0x00007ff9cea80000 - 0x00007ff9ceb0e000 	D:\Proyecto Terminal\openjfx-22.0.1_windows-x64_bin-sdk\javafx-sdk-22.0.1\bin\msvcp140.dll
0x00007ff9cea70000 - 0x00007ff9cea79000 	D:\Proyecto Terminal\openjfx-22.0.1_windows-x64_bin-sdk\javafx-sdk-22.0.1\bin\msvcp140_1.dll
0x00007ff9abe70000 - 0x00007ff9abeb1000 	D:\Proyecto Terminal\openjfx-22.0.1_windows-x64_bin-sdk\javafx-sdk-22.0.1\bin\msvcp140_2.dll
0x00007ff9cea40000 - 0x00007ff9cea70000 	D:\Proyecto Terminal\openjfx-22.0.1_windows-x64_bin-sdk\javafx-sdk-22.0.1\bin\prism_d3d.dll
0x00007ff9c6120000 - 0x00007ff9c62c8000 	C:\Windows\system32\d3d9.dll
0x00007ff9dc810000 - 0x00007ff9dc83b000 	C:\Windows\SYSTEM32\dwmapi.dll
0x00007ff9dc6c0000 - 0x00007ff9dc6f7000 	C:\Windows\SYSTEM32\dxcore.dll
0x00007ff9dc5a0000 - 0x00007ff9dc651000 	C:\Windows\system32\uxtheme.dll
0x00007ff9d5090000 - 0x00007ff9d526d000 	C:\Windows\System32\DriverStore\FileRepository\u0355756.inf_amd64_5146fc3a012e7afa\B354291\aticfx64.dll
0x00007ff9cdec0000 - 0x00007ff9cdef0000 	C:\Windows\System32\DriverStore\FileRepository\u0355756.inf_amd64_5146fc3a012e7afa\B354291\atiu9p64.dll
0x00007ff9a6340000 - 0x00007ff9a700b000 	C:\Windows\System32\DriverStore\FileRepository\u0355756.inf_amd64_5146fc3a012e7afa\B354291\atiumd64.dll
0x00007ff9e1940000 - 0x00007ff9e1ae5000 	C:\Windows\System32\ole32.dll
0x0000000066180000 - 0x0000000066f03000 	C:\Windows\System32\DriverStore\FileRepository\u0355756.inf_amd64_5146fc3a012e7afa\B354291\atiumd6a.dll
0x00007ff9d7c60000 - 0x00007ff9d7ca9000 	C:\Windows\SYSTEM32\directxdatabasehelper.dll
0x00007ff9abe20000 - 0x00007ff9abe65000 	D:\Proyecto Terminal\openjfx-22.0.1_windows-x64_bin-sdk\javafx-sdk-22.0.1\bin\glass.dll
0x00007ff9e1300000 - 0x00007ff9e13ff000 	C:\Windows\System32\COMDLG32.dll
0x00007ff96c180000 - 0x00007ff96c1de000 	C:\Program Files\Huawei\PCManager\plugins\PerfWndMonModule.dll
0x00007ff9e0f90000 - 0x00007ff9e10f0000 	C:\Windows\System32\MSCTF.dll
0x00007ff9e0350000 - 0x00007ff9e0400000 	C:\Windows\System32\clbcatq.dll
0x00007ff9d1110000 - 0x00007ff9d1289000 	C:\Windows\System32\Windows.UI.dll
0x00007ff9ab950000 - 0x00007ff9abac5000 	C:\Windows\System32\Windows.UI.Immersive.dll
0x00007ff9adbe0000 - 0x00007ff9adbf5000 	D:\Proyecto Terminal\openjfx-22.0.1_windows-x64_bin-sdk\javafx-sdk-22.0.1\bin\javafx_font.dll
0x00007ff9dbd20000 - 0x00007ff9dbf93000 	C:\Windows\SYSTEM32\dwrite.dll
0x00007ff9dc3c0000 - 0x00007ff9dc570000 	C:\Windows\SYSTEM32\WindowsCodecs.dll
0x00007ff9d0b80000 - 0x00007ff9d0bde000 	C:\Windows\system32\dataexchange.dll
0x00007ff9d5270000 - 0x00007ff9d5514000 	C:\Windows\system32\twinapi.appcore.dll
0x00007ff9abde0000 - 0x00007ff9abe12000 	C:\Program Files\Common Files\Microsoft Shared\Ink\rtscom.dll
0x00007ff9ccd20000 - 0x00007ff9cce65000 	C:\Windows\SYSTEM32\textinputframework.dll
0x00007ff9d7d30000 - 0x00007ff9d7e63000 	C:\Windows\SYSTEM32\CoreMessaging.dll
0x00007ff9d65c0000 - 0x00007ff9d692d000 	C:\Windows\SYSTEM32\CoreUIComponents.dll
0x00007ff9df060000 - 0x00007ff9df06c000 	C:\Windows\SYSTEM32\CRYPTBASE.DLL
0x00007ff9cfa30000 - 0x00007ff9cfa5d000 	D:\Proyecto Terminal\openjfx-22.0.1_windows-x64_bin-sdk\javafx-sdk-22.0.1\bin\javafx_iio.dll
0x00007ff9db730000 - 0x00007ff9dbd1e000 	C:\Windows\SYSTEM32\d2d1.dll

dbghelp: loaded successfully - version: 4.0.5 - missing functions: none
symbol engine: initialized successfully - sym options: 0x614 - pdb path: .;C:\Users\diego\.jdks\corretto-17.0.13\bin;C:\Windows\SYSTEM32;C:\Windows\WinSxS\amd64_microsoft.windows.common-controls_6595b64144ccf1df_6.0.22621.4391_none_2715d37f73803e96;C:\Users\diego\.jdks\corretto-17.0.13\bin\server;D:\Proyecto Terminal\openjfx-22.0.1_windows-x64_bin-sdk\javafx-sdk-22.0.1\bin;C:\Windows\System32\DriverStore\FileRepository\u0355756.inf_amd64_5146fc3a012e7afa\B354291;C:\Program Files\Huawei\PCManager\plugins;C:\Program Files\Common Files\Microsoft Shared\Ink

VM Arguments:
jvm_args: -agentlib:jdwp=transport=dt_socket,address=127.0.0.1:53918,suspend=y,server=n --module-path=D:\Proyecto Terminal\openjfx-22.0.1_windows-x64_bin-sdk\javafx-sdk-22.0.1\lib --add-modules=javafx.controls,javafx.fxml -javaagent:C:\Users\diego\AppData\Local\JetBrains\IntelliJIdea2024.1\captureAgent\debugger-agent.jar -Dfile.encoding=UTF-8 
java_command: optiuam.bc.controller.OptiUAM24
java_class_path (initial): D:\Proyecto Terminal\C鏚igo\OptiUAM24\OptiUAM\out\production\OptiUAM;D:\Proyecto Terminal\C鏚igo\OptiUAM24\OptiUAM\Librerias\jcommon-1.0.23.jar;D:\Proyecto Terminal\C鏚igo\OptiUAM24\OptiUAM\Librerias\jfreechart-1.0.19.jar;D:\Proyecto Terminal\openjfx-22.0.1_windows-x64_bin-sdk\javafx-sdk-22.0.1\lib\javafx-swt.jar;D:\Proyecto Terminal\openjfx-22.0.1_windows-x64_bin-sdk\javafx-sdk-22.0.1\lib\javafx.base.jar;D:\Proyecto Terminal\openjfx-22.0.1_windows-x64_bin-sdk\javafx-sdk-22.0.1\lib\javafx.controls.jar;D:\Proyecto Terminal\openjfx-22.0.1_windows-x64_bin-sdk\javafx-sdk-22.0.1\lib\javafx.fxml.jar;D:\Proyecto Terminal\openjfx-22.0.1_windows-x64_bin-sdk\javafx-sdk-22.0.1\lib\javafx.graphics.jar;D:\Proyecto Terminal\openjfx-22.0.1_windows-x64_bin-sdk\javafx-sdk-22.0.1\lib\javafx.media.jar;D:\Proyecto Terminal\openjfx-22.0.1_windows-x64_bin-sdk\javafx-sdk-22.0.1\lib\javafx.swing.jar;D:\Proyecto Terminal\openjfx-22.0.1_windows-x64_bin-sdk\javafx-sdk-22.0.1\lib\javafx.web.jar;D:\Proyecto Terminal\openjfx-22.0.1_windows-x64_bin-sdk.zip;D:\Proyecto Terminal\commons-math3-3.6.1\commons-math3-3.6.1-tests.jar;D:\Proyecto Terminal\commons-math3-3.6.1\commons-math3-3.6.1-tools.jar;D:\Proyecto Terminal\commons-math3-3.6.1\commons-math3-3.6.1.jar;C:\Program Files\JetBrains\IntelliJ IDEA 2024.1.3\lib\idea_rt.jar
Launcher Type: SUN_STANDARD

[Global flags]
     intx CICompilerCount                          = 4                                         {product} {ergonomic}
     uint ConcGCThreads                            = 2                                         {product} {ergonomic}
     uint G1ConcRefinementThreads                  = 8                                         {product} {ergonomic}
   size_t G1HeapRegionSize                         = 1048576                                   {product} {ergonomic}
    uintx GCDrainStackTargetSize                   = 64                                        {product} {ergonomic}
   size_t InitialHeapSize                          = 117440512                                 {product} {ergonomic}
   size_t MarkStackSize                            = 4194304                                   {product} {ergonomic}
   size_t MaxHeapSize                              = 1862270976                                {product} {ergonomic}
   size_t MaxNewSize                               = 1116733440                                {product} {ergonomic}
   size_t MinHeapDeltaBytes                        = 1048576                                   {product} {ergonomic}
   size_t MinHeapSize                              = 8388608                                   {product} {ergonomic}
    uintx NonNMethodCodeHeapSize                   = 5839372                                {pd product} {ergonomic}
    uintx NonProfiledCodeHeapSize                  = 122909434                              {pd product} {ergonomic}
    uintx ProfiledCodeHeapSize                     = 122909434                              {pd product} {ergonomic}
    uintx ReservedCodeCacheSize                    = 251658240                              {pd product} {ergonomic}
     bool SegmentedCodeCache                       = true                                      {product} {ergonomic}
   size_t SoftMaxHeapSize                          = 1862270976                             {manageable} {ergonomic}
     bool UseCompressedClassPointers               = true                           {product lp64_product} {ergonomic}
     bool UseCompressedOops                        = true                           {product lp64_product} {ergonomic}
     bool UseG1GC                                  = true                                      {product} {ergonomic}
     bool UseLargePagesIndividualAllocation        = false                                  {pd product} {ergonomic}

Logging:
Log output configuration:
 #0: stdout all=off uptime,level,tags
 #1: stderr all=off uptime,level,tags

Environment Variables:
PATH=C:\Program Files\Common Files\Oracle\Java\javapath;C:\Users\diego\Desktop\oracle\bin;C:\Windows\system32;C:\Windows;C:\Windows\System32\Wbem;C:\Windows\System32\WindowsPowerShell\v1.0\;C:\Windows\System32\OpenSSH\;C:\Program Files\Git\cmd;C:\Strawberry\c\bin;C:\Strawberry\perl\site\bin;C:\Strawberry\perl\bin;C:\Users\diego\AppData\Local\Programs\Python\Launcher\;C:\Users\diego\AppData\Local\Microsoft\WindowsApps;C:\Program Files\JetBrains\IntelliJ IDEA 2024.1.3\bin;;C:\Users\diego\AppData\Local\GitHubDesktop\bin;C:\Program Files\JetBrains\PyCharm 2024.1.4\bin;;C:\Users\diego\AppData\Local\Programs\Microsoft VS Code\bin;C:\Users\diego\AppData\Local\Programs\MiKTeX\miktex\bin\x64\;C:\Program Files\JetBrains\PyCharm Community Edition 2024.3\bin;
USERNAME=diego
OS=Windows_NT
PROCESSOR_IDENTIFIER=AMD64 Family 23 Model 24 Stepping 1, AuthenticAMD
TMP=C:\Users\diego\AppData\Local\Temp
TEMP=C:\Users\diego\AppData\Local\Temp



Periodic native trim disabled


---------------  S Y S T E M  ---------------

OS:
 Windows 11 , 64 bit Build 22621 (10.0.22621.4391)
OS uptime: 4 days 14:01 hours

CPU: total 8 (initial active 8) (8 cores per cpu, 2 threads per core) family 23 model 24 stepping 1 microcode 0x0, cx8, cmov, fxsr, ht, mmx, 3dnowpref, sse, sse2, sse3, ssse3, sse4a, sse4.1, sse4.2, popcnt, lzcnt, tsc, tscinvbit, avx, avx2, aes, clmul, bmi1, bmi2, adx, sha, fma, vzeroupper, clflush, clflushopt
Processor Information for all 8 processors :
  Max Mhz: 2100, Current Mhz: 2100, Mhz Limit: 2100

Memory: 4k page, system-wide physical 7103M (549M free)
TotalPageFile size 15807M (AvailPageFile size 4301M)
current process WorkingSet (physical memory assigned to process): 258M, peak: 343M
current process commit charge ("private bytes"): 360M, peak: 458M

vm_info: OpenJDK 64-Bit Server VM (17.0.13+11-LTS) for windows-amd64 JRE (17.0.13+11-LTS), built on Oct 10 2024 19:51:30 by "Administrator" with MS VC++ 16.10 / 16.11 (VS2019)

END.
