#
# A fatal error has been detected by the Java Runtime Environment:
#
#  EXCEPTION_ACCESS_VIOLATION (0xc0000005) at pc=0x00007ffa254e82d7, pid=15096, tid=14080
#
# JRE version: OpenJDK Runtime Environment Corretto-17.0.13.11.1 (17.0.13+11) (build 17.0.13+11-LTS)
# Java VM: OpenJDK 64-Bit Server VM Corretto-17.0.13.11.1 (17.0.13+11-LTS, mixed mode, sharing, tiered, compressed oops, compressed class ptrs, g1 gc, windows-amd64)
# Problematic frame:
# C  [glass.dll+0x282d7]
#
# No core dump will be written. Minidumps are not enabled by default on client versions of Windows
#
# If you would like to submit a bug report, please visit:
#   https://github.com/corretto/corretto-17/issues/
#

---------------  S U M M A R Y ------------

Command Line: -agentlib:jdwp=transport=dt_socket,address=127.0.0.1:50786,suspend=y,server=n --module-path=D:\Proyecto Terminal\openjfx-22.0.1_windows-x64_bin-sdk\javafx-sdk-22.0.1\lib --add-modules=javafx.controls,javafx.fxml -javaagent:C:\Users\diego\AppData\Local\JetBrains\IntelliJIdea2024.1\captureAgent\debugger-agent.jar -Dfile.encoding=UTF-8 optiuam.bc.controller.OptiUAM24

Host: AMD Ryzen 5 3500U with Radeon Vega Mobile Gfx  , 8 cores, 6G,  Windows 11 , 64 bit Build 26100 (10.0.26100.2454)
Time: Mon Jan  6 14:51:34 2025 Hora estándar central (México) elapsed time: 82.090765 seconds (0d 0h 1m 22s)

---------------  T H R E A D  ---------------

Current thread (0x00000204d7e088c0):  VMThread "VM Thread" [stack: 0x0000003062500000,0x0000003062600000] [id=14080]

Stack: [0x0000003062500000,0x0000003062600000],  sp=0x00000030625fed00,  free space=1019k
Native frames: (J=compiled Java code, j=interpreted, Vv=VM code, C=native code)
C  [glass.dll+0x282d7]


siginfo: EXCEPTION_ACCESS_VIOLATION (0xc0000005), reading address 0x0000000000000000


Registers:
RAX=0x0000000000000000, RBX=0x000002051dbab4c8, RCX=0x00000204d7e088c0, RDX=0x00000030625fed00
RSP=0x00000030625fed00, RBP=0x00006fe0bd9eb33b, RSI=0x000002051dbf4578, RDI=0x000002051dbf4550
R8 =0x0000000000010002, R9 =0x00006fe0bd9eb33b, R10=0x00000204b7fb0000, R11=0x00000030625febb0
R12=0x0000000000000001, R13=0x000000007ffe0385, R14=0x00000030625fee08, R15=0x000002051dbf4550
RIP=0x00007ffa254e82d7, EFLAGS=0x0000000000010202


Register to memory mapping:

RIP=0x00007ffa254e82d7 glass.dll
RAX=0x0 is NULL
RBX=0x000002051dbab4c8 is a global jni handle
RCX=0x00000204d7e088c0 points into unknown readable memory: 0x00007ffa070d2cc8 | c8 2c 0d 07 fa 7f 00 00
RDX=0x00000030625fed00 points into unknown readable memory: 0x0000000000000000 | 00 00 00 00 00 00 00 00
RSP=0x00000030625fed00 points into unknown readable memory: 0x0000000000000000 | 00 00 00 00 00 00 00 00
RBP=0x00006fe0bd9eb33b is an unknown value
RSI=0x000002051dbf4578 points into unknown readable memory: 0x00006fe0bd9eb33b | 3b b3 9e bd e0 6f 00 00
RDI=0x000002051dbf4550 points into unknown readable memory: 0xc0006c1f6cb4c18c | 8c c1 b4 6c 1f 6c 00 c0
R8 =0x0000000000010002 is an unknown value
R9 =0x00006fe0bd9eb33b is an unknown value
R10=0x00000204b7fb0000 points into unknown readable memory: 0x0000000000000000 | 00 00 00 00 00 00 00 00
R11=0x00000030625febb0 points into unknown readable memory: 0x000002051dbf4550 | 50 45 bf 1d 05 02 00 00
R12=0x0000000000000001 is an unknown value
R13=0x000000007ffe0385 points into unknown readable memory: 00 00 00
R14=0x00000030625fee08 points into unknown readable memory: 0x00000030625fedf0 | f0 ed 5f 62 30 00 00 00
R15=0x000002051dbf4550 points into unknown readable memory: 0xc0006c1f6cb4c18c | 8c c1 b4 6c 1f 6c 00 c0


Top of Stack: (sp=0x00000030625fed00)
0x00000030625fed00:   0000000000000000 0000020500000000
0x00000030625fed10:   000002051f15fef0 0000000000000001
0x00000030625fed20:   000002051dbf4558 00007ffa5e4acf05
0x00000030625fed30:   000002051dbf4550 0000020500000000
0x00000030625fed40:   000002051dbf4570 00006fe0bd9eb33b
0x00000030625fed50:   fffffffffffffffe 0000000000000001
0x00000030625fed60:   00007ffa254c0000 00007ffa254c0000
0x00000030625fed70:   00000030625fedf8 00007ffa5e4ace27
0x00000030625fed80:   00000030625fee00 00000030625fee08
0x00000030625fed90:   00000030625ff330 00007ffa5e5c88c0
0x00000030625feda0:   0000000000000001 00007ffa5e4acddd
0x00000030625fedb0:   0000000000000000 0000000000000001
0x00000030625fedc0:   0000000000000001 00000030625fedf8
0x00000030625fedd0:   fffffffffffffffe 000000007ffe0384
0x00000030625fede0:   0000000000000001 00007ffa254e5a6d
0x00000030625fedf0:   00007ffa254fd078 00007ffa00000002
0x00000030625fee00:   0000000000000002 00000030625fedf0
0x00000030625fee10:   0000000000000000 0000000000000000
0x00000030625fee20:   0000000000000000 00007ffa254e5b92
0x00000030625fee30:   0000000000000001 00000030625ff300
0x00000030625fee40:   0000000000000001 0000000000000001
0x00000030625fee50:   0000000000000001 00007ffa5d15277e
0x00000030625fee60:   0000000000000001 000000000000008d
0x00000030625fee70:   0000000000000000 0000000000000001
0x00000030625fee80:   00007ffa254e5be0 00007ffa6079d860
0x00000030625fee90:   00007ffa254c0000 00007ffa00000000
0x00000030625feea0:   0000000000000001 000000007ffe0384
0x00000030625feeb0:   000000000000005e 0000000000000000
0x00000030625feec0:   0000000000000000 0000000000000000
0x00000030625feed0:   00007ffa254c0000 fffffd1a00000000
0x00000030625feee0:   000000000000008b 0000000000000000
0x00000030625feef0:   0000000000000000 00000204b8396550 

Instructions: (pc=0x00007ffa254e82d7)
0x00007ffa254e81d7:   8b 4d 58 e8 49 cf ff ff 48 8b 4d 60 e8 40 cf ff
0x00007ffa254e81e7:   ff 48 8b 95 80 00 00 00 48 8b 8d 18 01 00 00 e8
0x00007ffa254e81f7:   26 c5 ff ff 33 d2 33 c9 e8 8c e1 ff ff 90 48 89
0x00007ffa254e8207:   54 24 10 55 48 83 ec 20 48 8b ea 48 b8 00 00 00
0x00007ffa254e8217:   00 00 00 00 00 48 83 c4 20 5d c3 cc 40 55 48 8b
0x00007ffa254e8227:   ea 48 8b 01 33 c9 81 38 05 00 00 c0 0f 94 c1 8b
0x00007ffa254e8237:   c1 5d c3 cc 40 55 48 83 ec 20 48 8b ea 8a 4d 40
0x00007ffa254e8247:   48 83 c4 20 5d e9 33 d3 ff ff cc 40 55 48 83 ec
0x00007ffa254e8257:   20 48 8b ea 8a 4d 20 e8 21 d3 ff ff 90 48 83 c4
0x00007ffa254e8267:   20 5d c3 cc 40 55 48 83 ec 20 48 8b ea 48 83 c4
0x00007ffa254e8277:   20 5d e9 82 d1 ff ff cc 40 55 48 83 ec 30 48 8b
0x00007ffa254e8287:   ea 48 8b 01 8b 10 48 89 4c 24 28 89 54 24 20 4c
0x00007ffa254e8297:   8d 0d 23 d6 ff ff 4c 8b 45 70 8b 55 68 48 8b 4d
0x00007ffa254e82a7:   60 e8 c3 d0 ff ff 90 48 83 c4 30 5d c3 cc cc cc
0x00007ffa254e82b7:   cc cc cc cc cc cc cc cc cc 40 53 48 83 ec 20 48
0x00007ffa254e82c7:   8b 1d 6b 47 01 00 48 85 db 74 16 e8 39 90 ff ff
0x00007ffa254e82d7:   4c 8b 00 48 8b d3 48 8b c8 41 ff 90 b0 00 00 00
0x00007ffa254e82e7:   90 48 83 c4 20 5b c3 cc cc 40 53 48 83 ec 20 48
0x00007ffa254e82f7:   8b 1d ab 48 01 00 48 85 db 74 57 b8 ff ff ff ff
0x00007ffa254e8307:   f0 0f c1 43 10 83 f8 01 75 3d 48 85 db 74 38 48
0x00007ffa254e8317:   8b 0b 48 85 c9 74 0d ff 15 8c 0f 00 00 48 c7 03
0x00007ffa254e8327:   00 00 00 00 48 8b 4b 08 48 85 c9 74 0d e8 ef cd
0x00007ffa254e8337:   ff ff 48 c7 43 08 00 00 00 00 ba 18 00 00 00 48
0x00007ffa254e8347:   8b cb e8 da cd ff ff 48 c7 05 4f 48 01 00 00 00
0x00007ffa254e8357:   00 00 48 83 c4 20 5b c3 cc 40 53 48 83 ec 20 48
0x00007ffa254e8367:   8b 1d 1b 48 01 00 48 85 db 74 57 b8 ff ff ff ff
0x00007ffa254e8377:   f0 0f c1 43 10 83 f8 01 75 3d 48 85 db 74 38 48
0x00007ffa254e8387:   8b 0b 48 85 c9 74 0d ff 15 1c 0f 00 00 48 c7 03
0x00007ffa254e8397:   00 00 00 00 48 8b 4b 08 48 85 c9 74 0d e8 7f cd
0x00007ffa254e83a7:   ff ff 48 c7 43 08 00 00 00 00 ba 18 00 00 00 48
0x00007ffa254e83b7:   8b cb e8 6a cd ff ff 48 c7 05 bf 47 01 00 00 00
0x00007ffa254e83c7:   00 00 48 83 c4 20 5b c3 cc 40 53 48 83 ec 20 48 


Stack slot to memory mapping:
stack at sp + 0 slots: 0x0 is NULL
stack at sp + 1 slots: 0x0000020500000000 is an unknown value
stack at sp + 2 slots: 0x000002051f15fef0 points into unknown readable memory: 0x000002051f15fd40 | 40 fd 15 1f 05 02 00 00
stack at sp + 3 slots: 0x0000000000000001 is an unknown value
stack at sp + 4 slots: 0x000002051dbf4558 points into unknown readable memory: 0x00006fe0bd9eb33b | 3b b3 9e bd e0 6f 00 00
stack at sp + 5 slots: 0x00007ffa5e4acf05 ucrtbase.dll
stack at sp + 6 slots: 0x000002051dbf4550 points into unknown readable memory: 0xc0006c1f6cb4c18c | 8c c1 b4 6c 1f 6c 00 c0
stack at sp + 7 slots: 0x0000020500000000 is an unknown value

VM_Operation (0x0000003061cff130): Exit, mode: safepoint, requested by thread 0x000002052875dc20


---------------  P R O C E S S  ---------------

Threads class SMR info:
_java_thread_list=0x000002051f3b1e40, length=21, elements={
0x00000204ba388330, 0x00000204d7e0e880, 0x00000204d7e0fec0, 0x00000204d7e29390,
0x00000204d7e2bd70, 0x00000204d7e2d1b0, 0x00000204d7e2e5f0, 0x00000204d7e33e80,
0x00000204d7e3e860, 0x00000204d7e3fce0, 0x00000204d7df9e90, 0x000002051d64c210,
0x000002051d2fe2f0, 0x000002051e464c80, 0x000002051f168890, 0x000002051f15d1a0,
0x000002051e33dd60, 0x000002051e33e6f0, 0x000002052875c7e0, 0x000002052875b8b0,
0x000002052875dc20
}

Java Threads: ( => current thread )
  0x00000204ba388330 JavaThread "main" [_thread_blocked, id=8528, stack(0x0000003061f00000,0x0000003062000000)]
  0x00000204d7e0e880 JavaThread "Reference Handler" daemon [_thread_blocked, id=12752, stack(0x0000003062600000,0x0000003062700000)]
  0x00000204d7e0fec0 JavaThread "Finalizer" daemon [_thread_blocked, id=14484, stack(0x0000003062700000,0x0000003062800000)]
  0x00000204d7e29390 JavaThread "Signal Dispatcher" daemon [_thread_blocked, id=13408, stack(0x0000003062800000,0x0000003062900000)]
  0x00000204d7e2bd70 JavaThread "Attach Listener" daemon [_thread_blocked, id=14904, stack(0x0000003062900000,0x0000003062a00000)]
  0x00000204d7e2d1b0 JavaThread "Service Thread" daemon [_thread_blocked, id=1488, stack(0x0000003062a00000,0x0000003062b00000)]
  0x00000204d7e2e5f0 JavaThread "Monitor Deflation Thread" daemon [_thread_blocked, id=12016, stack(0x0000003062b00000,0x0000003062c00000)]
  0x00000204d7e33e80 JavaThread "C2 CompilerThread0" daemon [_thread_blocked, id=12716, stack(0x0000003062c00000,0x0000003062d00000)]
  0x00000204d7e3e860 JavaThread "C1 CompilerThread0" daemon [_thread_blocked, id=4808, stack(0x0000003062d00000,0x0000003062e00000)]
  0x00000204d7e3fce0 JavaThread "Sweeper thread" daemon [_thread_blocked, id=15568, stack(0x0000003062e00000,0x0000003062f00000)]
  0x00000204d7df9e90 JavaThread "Common-Cleaner" daemon [_thread_blocked, id=4740, stack(0x0000003062f00000,0x0000003063000000)]
  0x000002051d64c210 JavaThread "JDWP Event Helper Thread" daemon [_thread_blocked, id=13176, stack(0x0000003063300000,0x0000003063400000)]
  0x000002051d2fe2f0 JavaThread "Notification Thread" daemon [_thread_blocked, id=12336, stack(0x0000003063500000,0x0000003063600000)]
  0x000002051e464c80 JavaThread "QuantumRenderer-0" daemon [_thread_blocked, id=2476, stack(0x0000003063000000,0x0000003063100000)]
  0x000002051f168890 JavaThread "InvokeLaterDispatcher" daemon [_thread_blocked, id=6116, stack(0x0000003063800000,0x0000003063900000)]
  0x000002051f15d1a0 JavaThread "JavaFX Application Thread" [_thread_blocked, id=14316, stack(0x0000003063900000,0x0000003063a00000)]
  0x000002051e33dd60 JavaThread "JavaFX-Launcher" [_thread_blocked, id=11840, stack(0x0000003064100000,0x0000003064200000)]
  0x000002051e33e6f0 JavaThread "Thread-2" daemon [_thread_in_native, id=9092, stack(0x0000003064000000,0x0000003064100000)]
  0x000002052875c7e0 JavaThread "Prism Font Disposer" daemon [_thread_blocked, id=2816, stack(0x0000003064c00000,0x0000003064d00000)]
  0x000002052875b8b0 JavaThread "Cleaner-0" daemon [_thread_blocked, id=10308, stack(0x0000003064d00000,0x0000003064e00000)]
  0x000002052875dc20 JavaThread "SIGINT handler" daemon [_thread_blocked, id=13128, stack(0x0000003061c00000,0x0000003061d00000)]

Other Threads:
=>0x00000204d7e088c0 VMThread "VM Thread" [stack: 0x0000003062500000,0x0000003062600000] [id=14080]
  0x00000204ba3dd630 GCTaskThread "GC Thread#0" [stack: 0x0000003062000000,0x0000003062100000] [id=11368]
  0x000002051e26a9f0 GCTaskThread "GC Thread#1" [stack: 0x0000003064200000,0x0000003064300000] [id=8432]
  0x000002051e26acb0 GCTaskThread "GC Thread#2" [stack: 0x0000003064300000,0x0000003064400000] [id=6276]
  0x000002051e26af70 GCTaskThread "GC Thread#3" [stack: 0x0000003064400000,0x0000003064500000] [id=2368]
  0x000002051e26ca20 GCTaskThread "GC Thread#4" [stack: 0x0000003064500000,0x0000003064600000] [id=8340]
  0x000002051e26cce0 GCTaskThread "GC Thread#5" [stack: 0x0000003064600000,0x0000003064700000] [id=9124]
  0x000002051e27aea0 GCTaskThread "GC Thread#6" [stack: 0x0000003064700000,0x0000003064800000] [id=14200]
  0x000002051e27b160 GCTaskThread "GC Thread#7" [stack: 0x0000003064800000,0x0000003064900000] [id=10812]
  0x00000204ba3ef070 ConcurrentGCThread "G1 Main Marker" terminated
  0x00000204ba3f0760 ConcurrentGCThread "G1 Conc#0" [stack: 0x0000003062200000,0x0000003062300000] [id=13572]
  0x00000205289ffd50 ConcurrentGCThread "G1 Conc#1" [stack: 0x0000003064a00000,0x0000003064b00000] [id=12284]
  0x00000204d7cbde10 ConcurrentGCThread "G1 Refine#0" terminated
  0x000002051d03fc80 ConcurrentGCThread "G1 Refine#1" terminated
  0x00000204d7cc0510 ConcurrentGCThread "G1 Service" terminated

Threads with active compile tasks:
C1 CompilerThread0  
[error occurred during error reporting (printing all threads), id 0xc0000005, EXCEPTION_ACCESS_VIOLATION (0xc0000005) at pc=0x00007ffa06ed65b3]

VM state: at safepoint (shutting down)

VM Mutex/Monitor currently owned by a thread:  ([mutex/lock_event])
[0x00000204ba36c5f0] Threads_lock - owner thread: 0x00000204d7e088c0
[0x00000204ba373c60] Heap_lock - owner thread: 0x000002052875dc20

Heap address: 0x0000000091000000, size: 1776 MB, Compressed Oops mode: 32-bit

CDS archive(s) mapped at: [0x00000204d8000000-0x00000204d8bb0000-0x00000204d8bb0000), size 12255232, SharedBaseAddress: 0x00000204d8000000, ArchiveRelocationMode: 1.
Compressed class space mapped at: 0x00000204d9000000-0x0000020519000000, reserved size: 1073741824
Narrow klass base: 0x00000204d8000000, Narrow klass shift: 0, Narrow klass range: 0x100000000

GC Precious Log:
 CPUs: 8 total, 8 available
 Memory: 7103M
 Large Page Support: Disabled
 NUMA Support: Disabled
 Compressed Oops: Enabled (32-bit)
 Heap Region Size: 1M
 Heap Min Capacity: 8M
 Heap Initial Capacity: 112M
 Heap Max Capacity: 1776M
 Pre-touch: Disabled
 Parallel Workers: 8
 Concurrent Workers: 2
 Concurrent Refinement Workers: 8
 Periodic GC: Disabled

Heap:
 garbage-first heap   total 114688K, used 74166K [0x0000000091000000, 0x0000000100000000)
  region size 1024K, 32 young (32768K), 6 survivors (6144K)
 Metaspace       used 23072K, committed 23488K, reserved 1114112K
  class space    used 3226K, committed 3456K, reserved 1048576K

Heap Regions: E=young(eden), S=young(survivor), O=old, HS=humongous(starts), HC=humongous(continues), CS=collection set, F=free, OA=open archive, CA=closed archive, TAMS=top-at-mark-start (previous, next)
|   0|0x0000000091000000, 0x0000000091100000, 0x0000000091100000|100%| O|  |TAMS 0x0000000091100000, 0x0000000091000000| Untracked 
|   1|0x0000000091100000, 0x0000000091200000, 0x0000000091200000|100%|HS|  |TAMS 0x0000000091200000, 0x0000000091100000| Complete 
|   2|0x0000000091200000, 0x0000000091300000, 0x0000000091300000|100%|HS|  |TAMS 0x0000000091300000, 0x0000000091200000| Complete 
|   3|0x0000000091300000, 0x0000000091400000, 0x0000000091400000|100%|HS|  |TAMS 0x0000000091400000, 0x0000000091300000| Complete 
|   4|0x0000000091400000, 0x0000000091500000, 0x0000000091500000|100%| O|  |TAMS 0x0000000091500000, 0x0000000091400000| Untracked 
|   5|0x0000000091500000, 0x0000000091600000, 0x0000000091600000|100%| O|  |TAMS 0x00000000915d2000, 0x0000000091500000| Untracked 
|   6|0x0000000091600000, 0x0000000091700000, 0x0000000091700000|100%|HS|  |TAMS 0x0000000091700000, 0x0000000091600000| Complete 
|   7|0x0000000091700000, 0x0000000091800000, 0x0000000091800000|100%|HC|  |TAMS 0x0000000091800000, 0x0000000091700000| Complete 
|   8|0x0000000091800000, 0x0000000091900000, 0x0000000091900000|100%|HC|  |TAMS 0x0000000091900000, 0x0000000091800000| Complete 
|   9|0x0000000091900000, 0x0000000091a00000, 0x0000000091a00000|100%|HC|  |TAMS 0x0000000091a00000, 0x0000000091900000| Complete 
|  10|0x0000000091a00000, 0x0000000091b00000, 0x0000000091b00000|100%|HC|  |TAMS 0x0000000091b00000, 0x0000000091a00000| Complete 
|  11|0x0000000091b00000, 0x0000000091c00000, 0x0000000091c00000|100%|HC|  |TAMS 0x0000000091c00000, 0x0000000091b00000| Complete 
|  12|0x0000000091c00000, 0x0000000091d00000, 0x0000000091d00000|100%|HC|  |TAMS 0x0000000091d00000, 0x0000000091c00000| Complete 
|  13|0x0000000091d00000, 0x0000000091e00000, 0x0000000091e00000|100%|HC|  |TAMS 0x0000000091e00000, 0x0000000091d00000| Complete 
|  14|0x0000000091e00000, 0x0000000091f00000, 0x0000000091f00000|100%|HC|  |TAMS 0x0000000091f00000, 0x0000000091e00000| Complete 
|  15|0x0000000091f00000, 0x0000000092000000, 0x0000000092000000|100%|HC|  |TAMS 0x0000000092000000, 0x0000000091f00000| Complete 
|  16|0x0000000092000000, 0x0000000092100000, 0x0000000092100000|100%|HC|  |TAMS 0x0000000092100000, 0x0000000092000000| Complete 
|  17|0x0000000092100000, 0x0000000092200000, 0x0000000092200000|100%|HC|  |TAMS 0x0000000092200000, 0x0000000092100000| Complete 
|  18|0x0000000092200000, 0x0000000092300000, 0x0000000092300000|100%|HC|  |TAMS 0x0000000092300000, 0x0000000092200000| Complete 
|  19|0x0000000092300000, 0x0000000092400000, 0x0000000092400000|100%|HS|  |TAMS 0x0000000092300000, 0x0000000092300000| Complete 
|  20|0x0000000092400000, 0x0000000092500000, 0x0000000092500000|100%|HS|  |TAMS 0x0000000092500000, 0x0000000092400000| Complete 
|  21|0x0000000092500000, 0x0000000092600000, 0x0000000092600000|100%|HC|  |TAMS 0x0000000092600000, 0x0000000092500000| Complete 
|  22|0x0000000092600000, 0x0000000092700000, 0x0000000092700000|100%|HS|  |TAMS 0x0000000092700000, 0x0000000092600000| Complete 
|  23|0x0000000092700000, 0x0000000092800000, 0x0000000092800000|100%|HS|  |TAMS 0x0000000092700000, 0x0000000092700000| Complete 
|  24|0x0000000092800000, 0x0000000092900000, 0x0000000092900000|100%| O|  |TAMS 0x0000000092800000, 0x0000000092800000| Untracked 
|  25|0x0000000092900000, 0x0000000092a00000, 0x0000000092a00000|100%| O|  |TAMS 0x0000000092900000, 0x0000000092900000| Untracked 
|  26|0x0000000092a00000, 0x0000000092b00000, 0x0000000092b00000|100%|HS|  |TAMS 0x0000000092a00000, 0x0000000092a00000| Complete 
|  27|0x0000000092b00000, 0x0000000092c00000, 0x0000000092c00000|100%|HS|  |TAMS 0x0000000092b00000, 0x0000000092b00000| Complete 
|  28|0x0000000092c00000, 0x0000000092d00000, 0x0000000092d00000|100%|HS|  |TAMS 0x0000000092c00000, 0x0000000092c00000| Complete 
|  29|0x0000000092d00000, 0x0000000092e00000, 0x0000000092e00000|100%|HS|  |TAMS 0x0000000092d00000, 0x0000000092d00000| Complete 
|  30|0x0000000092e00000, 0x0000000092f00000, 0x0000000092f00000|100%|HS|  |TAMS 0x0000000092e00000, 0x0000000092e00000| Complete 
|  31|0x0000000092f00000, 0x0000000093000000, 0x0000000093000000|100%|HS|  |TAMS 0x0000000092f00000, 0x0000000092f00000| Complete 
|  32|0x0000000093000000, 0x0000000093100000, 0x0000000093100000|100%|HS|  |TAMS 0x0000000093000000, 0x0000000093000000| Complete 
|  33|0x0000000093100000, 0x0000000093100000, 0x0000000093200000|  0%| F|  |TAMS 0x0000000093100000, 0x0000000093100000| Untracked 
|  34|0x0000000093200000, 0x0000000093300000, 0x0000000093300000|100%| O|  |TAMS 0x0000000093200000, 0x0000000093200000| Untracked 
|  35|0x0000000093300000, 0x0000000093400000, 0x0000000093400000|100%| O|  |TAMS 0x0000000093300000, 0x0000000093300000| Untracked 
|  36|0x0000000093400000, 0x0000000093500000, 0x0000000093500000|100%| O|  |TAMS 0x0000000093400000, 0x0000000093400000| Untracked 
|  37|0x0000000093500000, 0x0000000093600000, 0x0000000093600000|100%| O|  |TAMS 0x0000000093500000, 0x0000000093500000| Untracked 
|  38|0x0000000093600000, 0x0000000093700000, 0x0000000093700000|100%| O|  |TAMS 0x0000000093600000, 0x0000000093600000| Untracked 
|  39|0x0000000093700000, 0x0000000093800000, 0x0000000093800000|100%| O|  |TAMS 0x0000000093700000, 0x0000000093700000| Untracked 
|  40|0x0000000093800000, 0x0000000093900000, 0x0000000093900000|100%| O|  |TAMS 0x0000000093800000, 0x0000000093800000| Untracked 
|  41|0x0000000093900000, 0x0000000093900000, 0x0000000093a00000|  0%| F|  |TAMS 0x0000000093900000, 0x0000000093900000| Untracked 
|  42|0x0000000093a00000, 0x0000000093a00000, 0x0000000093b00000|  0%| F|  |TAMS 0x0000000093a00000, 0x0000000093a00000| Untracked 
|  43|0x0000000093b00000, 0x0000000093b00000, 0x0000000093c00000|  0%| F|  |TAMS 0x0000000093b00000, 0x0000000093b00000| Untracked 
|  44|0x0000000093c00000, 0x0000000093c00000, 0x0000000093d00000|  0%| F|  |TAMS 0x0000000093c00000, 0x0000000093c00000| Untracked 
|  45|0x0000000093d00000, 0x0000000093d00000, 0x0000000093e00000|  0%| F|  |TAMS 0x0000000093d00000, 0x0000000093d00000| Untracked 
|  46|0x0000000093e00000, 0x0000000093e00000, 0x0000000093f00000|  0%| F|  |TAMS 0x0000000093e00000, 0x0000000093e00000| Untracked 
|  47|0x0000000093f00000, 0x0000000093f00000, 0x0000000094000000|  0%| F|  |TAMS 0x0000000093f00000, 0x0000000093f00000| Untracked 
|  48|0x0000000094000000, 0x0000000094000000, 0x0000000094100000|  0%| F|  |TAMS 0x0000000094000000, 0x0000000094000000| Untracked 
|  49|0x0000000094100000, 0x0000000094100000, 0x0000000094200000|  0%| F|  |TAMS 0x0000000094100000, 0x0000000094100000| Untracked 
|  50|0x0000000094200000, 0x0000000094300000, 0x0000000094300000|100%| O|  |TAMS 0x0000000094200000, 0x0000000094200000| Untracked 
|  51|0x0000000094300000, 0x000000009436da00, 0x0000000094400000| 42%| O|  |TAMS 0x0000000094300000, 0x0000000094300000| Untracked 
|  52|0x0000000094400000, 0x0000000094400000, 0x0000000094500000|  0%| F|  |TAMS 0x0000000094400000, 0x0000000094400000| Untracked 
|  53|0x0000000094500000, 0x0000000094500000, 0x0000000094600000|  0%| F|  |TAMS 0x0000000094500000, 0x0000000094500000| Untracked 
|  54|0x0000000094600000, 0x0000000094600000, 0x0000000094700000|  0%| F|  |TAMS 0x0000000094600000, 0x0000000094600000| Untracked 
|  55|0x0000000094700000, 0x0000000094700000, 0x0000000094800000|  0%| F|  |TAMS 0x0000000094700000, 0x0000000094700000| Untracked 
|  56|0x0000000094800000, 0x0000000094800000, 0x0000000094900000|  0%| F|  |TAMS 0x0000000094800000, 0x0000000094800000| Untracked 
|  57|0x0000000094900000, 0x0000000094900000, 0x0000000094a00000|  0%| F|  |TAMS 0x0000000094900000, 0x0000000094900000| Untracked 
|  58|0x0000000094a00000, 0x0000000094a00000, 0x0000000094b00000|  0%| F|  |TAMS 0x0000000094a00000, 0x0000000094a00000| Untracked 
|  59|0x0000000094b00000, 0x0000000094b00000, 0x0000000094c00000|  0%| F|  |TAMS 0x0000000094b00000, 0x0000000094b00000| Untracked 
|  60|0x0000000094c00000, 0x0000000094c00000, 0x0000000094d00000|  0%| F|  |TAMS 0x0000000094c00000, 0x0000000094c00000| Untracked 
|  61|0x0000000094d00000, 0x0000000094e00000, 0x0000000094e00000|100%| S|CS|TAMS 0x0000000094d00000, 0x0000000094d00000| Complete 
|  62|0x0000000094e00000, 0x0000000094f00000, 0x0000000094f00000|100%| S|CS|TAMS 0x0000000094e00000, 0x0000000094e00000| Complete 
|  63|0x0000000094f00000, 0x0000000095000000, 0x0000000095000000|100%| S|CS|TAMS 0x0000000094f00000, 0x0000000094f00000| Complete 
|  64|0x0000000095000000, 0x0000000095100000, 0x0000000095100000|100%| S|CS|TAMS 0x0000000095000000, 0x0000000095000000| Complete 
|  65|0x0000000095100000, 0x0000000095200000, 0x0000000095200000|100%| S|CS|TAMS 0x0000000095100000, 0x0000000095100000| Complete 
|  66|0x0000000095200000, 0x0000000095300000, 0x0000000095300000|100%| S|CS|TAMS 0x0000000095200000, 0x0000000095200000| Complete 
|  67|0x0000000095300000, 0x0000000095300000, 0x0000000095400000|  0%| F|  |TAMS 0x0000000095300000, 0x0000000095300000| Untracked 
|  68|0x0000000095400000, 0x0000000095400000, 0x0000000095500000|  0%| F|  |TAMS 0x0000000095400000, 0x0000000095400000| Untracked 
|  69|0x0000000095500000, 0x0000000095500000, 0x0000000095600000|  0%| F|  |TAMS 0x0000000095500000, 0x0000000095500000| Untracked 
|  70|0x0000000095600000, 0x0000000095600000, 0x0000000095700000|  0%| F|  |TAMS 0x0000000095600000, 0x0000000095600000| Untracked 
|  71|0x0000000095700000, 0x0000000095700000, 0x0000000095800000|  0%| F|  |TAMS 0x0000000095700000, 0x0000000095700000| Untracked 
|  72|0x0000000095800000, 0x0000000095800000, 0x0000000095900000|  0%| F|  |TAMS 0x0000000095800000, 0x0000000095800000| Untracked 
|  73|0x0000000095900000, 0x0000000095900000, 0x0000000095a00000|  0%| F|  |TAMS 0x0000000095900000, 0x0000000095900000| Untracked 
|  74|0x0000000095a00000, 0x0000000095a00000, 0x0000000095b00000|  0%| F|  |TAMS 0x0000000095a00000, 0x0000000095a00000| Untracked 
|  75|0x0000000095b00000, 0x0000000095b00000, 0x0000000095c00000|  0%| F|  |TAMS 0x0000000095b00000, 0x0000000095b00000| Untracked 
|  76|0x0000000095c00000, 0x0000000095c00000, 0x0000000095d00000|  0%| F|  |TAMS 0x0000000095c00000, 0x0000000095c00000| Untracked 
|  77|0x0000000095d00000, 0x0000000095d00000, 0x0000000095e00000|  0%| F|  |TAMS 0x0000000095d00000, 0x0000000095d00000| Untracked 
|  78|0x0000000095e00000, 0x0000000095e00000, 0x0000000095f00000|  0%| F|  |TAMS 0x0000000095e00000, 0x0000000095e00000| Untracked 
|  79|0x0000000095f00000, 0x0000000095f00000, 0x0000000096000000|  0%| F|  |TAMS 0x0000000095f00000, 0x0000000095f00000| Untracked 
|  80|0x0000000096000000, 0x0000000096000000, 0x0000000096100000|  0%| F|  |TAMS 0x0000000096000000, 0x0000000096000000| Untracked 
|  81|0x0000000096100000, 0x0000000096100000, 0x0000000096200000|  0%| F|  |TAMS 0x0000000096100000, 0x0000000096100000| Untracked 
|  82|0x0000000096200000, 0x0000000096200000, 0x0000000096300000|  0%| F|  |TAMS 0x0000000096200000, 0x0000000096200000| Untracked 
|  83|0x0000000096300000, 0x0000000096300000, 0x0000000096400000|  0%| F|  |TAMS 0x0000000096300000, 0x0000000096300000| Untracked 
|  84|0x0000000096400000, 0x0000000096400000, 0x0000000096500000|  0%| F|  |TAMS 0x0000000096400000, 0x0000000096400000| Untracked 
|  85|0x0000000096500000, 0x0000000096500000, 0x0000000096600000|  0%| F|  |TAMS 0x0000000096500000, 0x0000000096500000| Untracked 
|  86|0x0000000096600000, 0x00000000966666c0, 0x0000000096700000| 40%| E|  |TAMS 0x0000000096600000, 0x0000000096600000| Complete 
|  87|0x0000000096700000, 0x0000000096800000, 0x0000000096800000|100%| E|CS|TAMS 0x0000000096700000, 0x0000000096700000| Complete 
|  88|0x0000000096800000, 0x0000000096900000, 0x0000000096900000|100%| E|CS|TAMS 0x0000000096800000, 0x0000000096800000| Complete 
|  89|0x0000000096900000, 0x0000000096a00000, 0x0000000096a00000|100%| E|CS|TAMS 0x0000000096900000, 0x0000000096900000| Complete 
|  90|0x0000000096a00000, 0x0000000096b00000, 0x0000000096b00000|100%| E|CS|TAMS 0x0000000096a00000, 0x0000000096a00000| Complete 
|  91|0x0000000096b00000, 0x0000000096c00000, 0x0000000096c00000|100%| E|CS|TAMS 0x0000000096b00000, 0x0000000096b00000| Complete 
|  92|0x0000000096c00000, 0x0000000096d00000, 0x0000000096d00000|100%| E|CS|TAMS 0x0000000096c00000, 0x0000000096c00000| Complete 
|  93|0x0000000096d00000, 0x0000000096e00000, 0x0000000096e00000|100%| E|CS|TAMS 0x0000000096d00000, 0x0000000096d00000| Complete 
|  94|0x0000000096e00000, 0x0000000096f00000, 0x0000000096f00000|100%| E|CS|TAMS 0x0000000096e00000, 0x0000000096e00000| Complete 
|  95|0x0000000096f00000, 0x0000000097000000, 0x0000000097000000|100%| E|CS|TAMS 0x0000000096f00000, 0x0000000096f00000| Complete 
|  96|0x0000000097000000, 0x0000000097100000, 0x0000000097100000|100%| E|CS|TAMS 0x0000000097000000, 0x0000000097000000| Complete 
|  97|0x0000000097100000, 0x0000000097200000, 0x0000000097200000|100%| E|CS|TAMS 0x0000000097100000, 0x0000000097100000| Complete 
|  98|0x0000000097200000, 0x0000000097300000, 0x0000000097300000|100%| E|CS|TAMS 0x0000000097200000, 0x0000000097200000| Complete 
|  99|0x0000000097300000, 0x0000000097400000, 0x0000000097400000|100%| E|CS|TAMS 0x0000000097300000, 0x0000000097300000| Complete 
| 100|0x0000000097400000, 0x0000000097500000, 0x0000000097500000|100%| E|CS|TAMS 0x0000000097400000, 0x0000000097400000| Complete 
| 101|0x0000000097500000, 0x0000000097600000, 0x0000000097600000|100%| E|CS|TAMS 0x0000000097500000, 0x0000000097500000| Complete 
| 102|0x0000000097600000, 0x0000000097700000, 0x0000000097700000|100%| E|CS|TAMS 0x0000000097600000, 0x0000000097600000| Complete 
| 103|0x0000000097700000, 0x0000000097800000, 0x0000000097800000|100%| E|CS|TAMS 0x0000000097700000, 0x0000000097700000| Complete 
| 104|0x0000000097800000, 0x0000000097900000, 0x0000000097900000|100%| E|CS|TAMS 0x0000000097800000, 0x0000000097800000| Complete 
| 105|0x0000000097900000, 0x0000000097a00000, 0x0000000097a00000|100%| E|CS|TAMS 0x0000000097900000, 0x0000000097900000| Complete 
| 106|0x0000000097a00000, 0x0000000097b00000, 0x0000000097b00000|100%| E|CS|TAMS 0x0000000097a00000, 0x0000000097a00000| Complete 
| 107|0x0000000097b00000, 0x0000000097c00000, 0x0000000097c00000|100%| E|CS|TAMS 0x0000000097b00000, 0x0000000097b00000| Complete 
| 108|0x0000000097c00000, 0x0000000097d00000, 0x0000000097d00000|100%| E|CS|TAMS 0x0000000097c00000, 0x0000000097c00000| Complete 
| 109|0x0000000097d00000, 0x0000000097e00000, 0x0000000097e00000|100%| E|CS|TAMS 0x0000000097d00000, 0x0000000097d00000| Complete 
| 110|0x0000000097e00000, 0x0000000097f00000, 0x0000000097f00000|100%| E|CS|TAMS 0x0000000097e00000, 0x0000000097e00000| Complete 
| 111|0x0000000097f00000, 0x0000000098000000, 0x0000000098000000|100%| E|CS|TAMS 0x0000000097f00000, 0x0000000097f00000| Complete 

Card table byte_map: [0x00000204d1570000,0x00000204d18f0000] _byte_map_base: 0x00000204d10e8000

Marking Bits (Prev, Next): (CMBitMap*) 0x00000204ba3ddc90, (CMBitMap*) 0x00000204ba3ddc50
 Prev Bits: [0x00000204d3830000, 0x00000204d53f0000)
 Next Bits: [0x00000204d1c70000, 0x00000204d3830000)

Polling page: 0x00000204b8290000

Metaspace:

Usage:
  Non-class:     19.38 MB used.
      Class:      3.15 MB used.
       Both:     22.53 MB used.

Virtual space:
  Non-class space:       64.00 MB reserved,      19.56 MB ( 31%) committed,  1 nodes.
      Class space:        1.00 GB reserved,       3.38 MB ( <1%) committed,  1 nodes.
             Both:        1.06 GB reserved,      22.94 MB (  2%) committed. 

Chunk freelists:
   Non-Class:  11.83 MB
       Class:  12.48 MB
        Both:  24.31 MB

MaxMetaspaceSize: unlimited
CompressedClassSpaceSize: 1.00 GB
Initial GC threshold: 21.00 MB
Current GC threshold: 35.25 MB
CDS: on
MetaspaceReclaimPolicy: balanced
 - commit_granule_bytes: 65536.
 - commit_granule_words: 8192.
 - virtual_space_node_default_size: 8388608.
 - enlarge_chunks_in_place: 1.
 - new_chunks_are_fully_committed: 0.
 - uncommit_free_chunks: 1.
 - use_allocation_guard: 0.
 - handle_deallocations: 1.


Internal statistics:

num_allocs_failed_limit: 3.
num_arena_births: 444.
num_arena_deaths: 0.
num_vsnodes_births: 2.
num_vsnodes_deaths: 0.
num_space_committed: 367.
num_space_uncommitted: 0.
num_chunks_returned_to_freelist: 3.
num_chunks_taken_from_freelist: 1328.
num_chunk_merges: 3.
num_chunk_splits: 864.
num_chunks_enlarged: 587.
num_inconsistent_stats: 0.

CodeHeap 'non-profiled nmethods': size=120000Kb used=4269Kb max_used=4269Kb free=115730Kb
 bounds [0x00000204c9990000, 0x00000204c9dc0000, 0x00000204d0ec0000]
CodeHeap 'profiled nmethods': size=120000Kb used=13053Kb max_used=13053Kb free=106946Kb
 bounds [0x00000204c1ec0000, 0x00000204c2b90000, 0x00000204c93f0000]
CodeHeap 'non-nmethods': size=5760Kb used=1530Kb max_used=1598Kb free=4229Kb
 bounds [0x00000204c93f0000, 0x00000204c9660000, 0x00000204c9990000]
 total_blobs=6859 nmethods=6029 adapters=740
 compilation: enabled
              stopped_count=0, restarted_count=0
 full_count=0

Compilation events (20 events):
Event: 81.474 Thread 0x00000204d7e3e860 nmethod 6814 0x00000204c2b7b910 code [0x00000204c2b7bae0, 0x00000204c2b7c058]
Event: 81.474 Thread 0x00000204d7e3e860 6815       3       javafx.scene.control.SkinBase::getSkinnable (5 bytes)
Event: 81.474 Thread 0x00000204d7e3e860 nmethod 6815 0x00000204c2b7c190 code [0x00000204c2b7c320, 0x00000204c2b7c438]
Event: 81.474 Thread 0x00000204d7e3e860 6816       3       javafx.scene.control.Control$5::set (9 bytes)
Event: 81.475 Thread 0x00000204d7e3e860 nmethod 6816 0x00000204c2b7c510 code [0x00000204c2b7c700, 0x00000204c2b7cce8]
Event: 81.475 Thread 0x00000204d7e3e860 6817       3       javafx.scene.control.Control$5::set (29 bytes)
Event: 81.476 Thread 0x00000204d7e3e860 nmethod 6817 0x00000204c2b7cf10 code [0x00000204c2b7d120, 0x00000204c2b7d808]
Event: 81.476 Thread 0x00000204d7e3e860 6818       3       javafx.scene.control.Control$5::invalidated (45 bytes)
Event: 81.477 Thread 0x00000204d7e3e860 nmethod 6818 0x00000204c2b7da10 code [0x00000204c2b7dc40, 0x00000204c2b7e608]
Event: 81.477 Thread 0x00000204d7e3e860 6820       3       javafx.scene.layout.GridPane::getNodeColumnIndex (18 bytes)
Event: 81.479 Thread 0x00000204d7e3e860 nmethod 6820 0x00000204c2b7e890 code [0x00000204c2b7eae0, 0x00000204c2b7f618]
Event: 81.479 Thread 0x00000204d7e3e860 6821       3       javafx.scene.layout.GridPane::getColumnIndex (10 bytes)
Event: 81.480 Thread 0x00000204d7e3e860 nmethod 6821 0x00000204c2b7f990 code [0x00000204c2b7fbc0, 0x00000204c2b80618]
Event: 81.480 Thread 0x00000204d7e3e860 6819       3       javafx.scene.control.DialogPane::getHeaderText (11 bytes)
Event: 81.480 Thread 0x00000204d7e3e860 nmethod 6819 0x00000204c2b80910 code [0x00000204c2b80ac0, 0x00000204c2b80da8]
Event: 81.528 Thread 0x00000204d7e3e860 6822       3       java.util.concurrent.ThreadPoolExecutor$Worker::tryAcquire (20 bytes)
Event: 81.529 Thread 0x00000204d7e3e860 nmethod 6822 0x00000204c2b80e90 code [0x00000204c2b81040, 0x00000204c2b81288]
Event: 81.529 Thread 0x00000204d7e3e860 6823       3       java.util.concurrent.ConcurrentHashMap$BaseIterator::<init> (21 bytes)
Event: 81.530 Thread 0x00000204d7e3e860 nmethod 6823 0x00000204c2b81390 code [0x00000204c2b81540, 0x00000204c2b81758]
Event: 81.530 Thread 0x00000204d7e3e860 6824       3       java.util.concurrent.ConcurrentHashMap$Traverser::<init> (36 bytes)

GC Heap History (8 events):
Event: 1.534 GC heap before
{Heap before GC invocations=0 (full 0):
 garbage-first heap   total 114688K, used 22528K [0x0000000091000000, 0x0000000100000000)
  region size 1024K, 23 young (23552K), 0 survivors (0K)
 Metaspace       used 4572K, committed 4800K, reserved 1114112K
  class space    used 515K, committed 640K, reserved 1048576K
}
Event: 1.539 GC heap after
{Heap after GC invocations=1 (full 0):
 garbage-first heap   total 114688K, used 3162K [0x0000000091000000, 0x0000000100000000)
  region size 1024K, 3 young (3072K), 3 survivors (3072K)
 Metaspace       used 4572K, committed 4800K, reserved 1114112K
  class space    used 515K, committed 640K, reserved 1048576K
}
Event: 4.851 GC heap before
{Heap before GC invocations=1 (full 0):
 garbage-first heap   total 114688K, used 39002K [0x0000000091000000, 0x0000000100000000)
  region size 1024K, 35 young (35840K), 3 survivors (3072K)
 Metaspace       used 10420K, committed 10624K, reserved 1114112K
  class space    used 1367K, committed 1472K, reserved 1048576K
}
Event: 4.866 GC heap after
{Heap after GC invocations=2 (full 0):
 garbage-first heap   total 114688K, used 8330K [0x0000000091000000, 0x0000000100000000)
  region size 1024K, 4 young (4096K), 4 survivors (4096K)
 Metaspace       used 10420K, committed 10624K, reserved 1114112K
  class space    used 1367K, committed 1472K, reserved 1048576K
}
Event: 13.355 GC heap before
{Heap before GC invocations=2 (full 0):
 garbage-first heap   total 114688K, used 85130K [0x0000000091000000, 0x0000000100000000)
  region size 1024K, 62 young (63488K), 4 survivors (4096K)
 Metaspace       used 21254K, committed 21504K, reserved 1114112K
  class space    used 3095K, committed 3264K, reserved 1048576K
}
Event: 13.368 GC heap after
{Heap after GC invocations=3 (full 0):
 garbage-first heap   total 114688K, used 33464K [0x0000000091000000, 0x0000000100000000)
  region size 1024K, 9 young (9216K), 9 survivors (9216K)
 Metaspace       used 21254K, committed 21504K, reserved 1114112K
  class space    used 3095K, committed 3264K, reserved 1048576K
}
Event: 54.767 GC heap before
{Heap before GC invocations=4 (full 0):
 garbage-first heap   total 114688K, used 88760K [0x0000000091000000, 0x0000000100000000)
  region size 1024K, 54 young (55296K), 9 survivors (9216K)
 Metaspace       used 22619K, committed 22976K, reserved 1114112K
  class space    used 3208K, committed 3392K, reserved 1048576K
}
Event: 54.782 GC heap after
{Heap after GC invocations=5 (full 0):
 garbage-first heap   total 114688K, used 42422K [0x0000000091000000, 0x0000000100000000)
  region size 1024K, 6 young (6144K), 6 survivors (6144K)
 Metaspace       used 22619K, committed 22976K, reserved 1114112K
  class space    used 3208K, committed 3392K, reserved 1048576K
}

Dll operation events (20 events):
Event: 1.078 Loaded shared library D:\Proyecto Terminal\openjfx-22.0.1_windows-x64_bin-sdk\javafx-sdk-22.0.1\bin\api-ms-win-crt-math-l1-1-0.dll
Event: 1.081 Loaded shared library D:\Proyecto Terminal\openjfx-22.0.1_windows-x64_bin-sdk\javafx-sdk-22.0.1\bin\api-ms-win-crt-multibyte-l1-1-0.dll
Event: 1.083 Loaded shared library D:\Proyecto Terminal\openjfx-22.0.1_windows-x64_bin-sdk\javafx-sdk-22.0.1\bin\api-ms-win-crt-private-l1-1-0.dll
Event: 1.085 Loaded shared library D:\Proyecto Terminal\openjfx-22.0.1_windows-x64_bin-sdk\javafx-sdk-22.0.1\bin\api-ms-win-crt-process-l1-1-0.dll
Event: 1.087 Loaded shared library D:\Proyecto Terminal\openjfx-22.0.1_windows-x64_bin-sdk\javafx-sdk-22.0.1\bin\api-ms-win-crt-runtime-l1-1-0.dll
Event: 1.089 Loaded shared library D:\Proyecto Terminal\openjfx-22.0.1_windows-x64_bin-sdk\javafx-sdk-22.0.1\bin\api-ms-win-crt-stdio-l1-1-0.dll
Event: 1.091 Loaded shared library D:\Proyecto Terminal\openjfx-22.0.1_windows-x64_bin-sdk\javafx-sdk-22.0.1\bin\api-ms-win-crt-string-l1-1-0.dll
Event: 1.094 Loaded shared library D:\Proyecto Terminal\openjfx-22.0.1_windows-x64_bin-sdk\javafx-sdk-22.0.1\bin\api-ms-win-crt-time-l1-1-0.dll
Event: 1.095 Loaded shared library D:\Proyecto Terminal\openjfx-22.0.1_windows-x64_bin-sdk\javafx-sdk-22.0.1\bin\api-ms-win-crt-utility-l1-1-0.dll
Event: 1.098 Loaded shared library D:\Proyecto Terminal\openjfx-22.0.1_windows-x64_bin-sdk\javafx-sdk-22.0.1\bin\ucrtbase.dll
Event: 1.100 Loaded shared library D:\Proyecto Terminal\openjfx-22.0.1_windows-x64_bin-sdk\javafx-sdk-22.0.1\bin\vcruntime140.dll
Event: 1.102 Loaded shared library D:\Proyecto Terminal\openjfx-22.0.1_windows-x64_bin-sdk\javafx-sdk-22.0.1\bin\vcruntime140_1.dll
Event: 1.104 Loaded shared library D:\Proyecto Terminal\openjfx-22.0.1_windows-x64_bin-sdk\javafx-sdk-22.0.1\bin\msvcp140.dll
Event: 1.106 Loaded shared library D:\Proyecto Terminal\openjfx-22.0.1_windows-x64_bin-sdk\javafx-sdk-22.0.1\bin\msvcp140_1.dll
Event: 1.107 Loaded shared library D:\Proyecto Terminal\openjfx-22.0.1_windows-x64_bin-sdk\javafx-sdk-22.0.1\bin\msvcp140_2.dll
Event: 1.173 Loaded shared library D:\Proyecto Terminal\openjfx-22.0.1_windows-x64_bin-sdk\javafx-sdk-22.0.1\bin\prism_d3d.dll
Event: 1.237 Loaded shared library D:\Proyecto Terminal\openjfx-22.0.1_windows-x64_bin-sdk\javafx-sdk-22.0.1\bin\glass.dll
Event: 1.466 Loaded shared library C:\Users\diego\.jdks\corretto-17.0.13\bin\jimage.dll
Event: 2.514 Loaded shared library D:\Proyecto Terminal\openjfx-22.0.1_windows-x64_bin-sdk\javafx-sdk-22.0.1\bin\javafx_font.dll
Event: 7.211 Loaded shared library D:\Proyecto Terminal\openjfx-22.0.1_windows-x64_bin-sdk\javafx-sdk-22.0.1\bin\javafx_iio.dll

Deoptimization events (20 events):
Event: 67.333 Thread 0x000002051f15d1a0 DEOPT PACKING pc=0x00000204c2b2dabc sp=0x00000030639fcd70
Event: 67.333 Thread 0x000002051f15d1a0 DEOPT UNPACKING pc=0x00000204c9447143 sp=0x00000030639fc2e8 mode 1
Event: 67.341 Thread 0x000002051f15d1a0 DEOPT PACKING pc=0x00000204c9d21504 sp=0x00000030639fd290
Event: 67.341 Thread 0x000002051f15d1a0 DEOPT UNPACKING pc=0x00000204c9447143 sp=0x00000030639fc728 mode 1
Event: 67.377 Thread 0x000002051f15d1a0 DEOPT PACKING pc=0x00000204c2083e3c sp=0x00000030639fc460
Event: 67.377 Thread 0x000002051f15d1a0 DEOPT UNPACKING pc=0x00000204c9447143 sp=0x00000030639fba48 mode 1
Event: 67.377 Thread 0x000002051f15d1a0 DEOPT PACKING pc=0x00000204c209d9dc sp=0x00000030639fc650
Event: 67.377 Thread 0x000002051f15d1a0 DEOPT UNPACKING pc=0x00000204c9447143 sp=0x00000030639fbb18 mode 1
Event: 71.016 Thread 0x000002051f15d1a0 Uncommon trap: trap_request=0xffffffde fr.pc=0x00000204c9b4c4c0 relative=0x0000000000000040
Event: 71.016 Thread 0x000002051f15d1a0 Uncommon trap: reason=class_check action=maybe_recompile pc=0x00000204c9b4c4c0 method=java.lang.StringConcatHelper.stringOf(Ljava/lang/Object;)Ljava/lang/String; @ 5 c2
Event: 71.016 Thread 0x000002051f15d1a0 DEOPT PACKING pc=0x00000204c9b4c4c0 sp=0x00000030639f9850
Event: 71.016 Thread 0x000002051f15d1a0 DEOPT UNPACKING pc=0x00000204c94469a3 sp=0x00000030639f97e0 mode 2
Event: 81.528 Thread 0x000002052875d710 Uncommon trap: trap_request=0xffffff45 fr.pc=0x00000204c9cf3a44 relative=0x00000000000000c4
Event: 81.528 Thread 0x000002052875d710 Uncommon trap: reason=unstable_if action=reinterpret pc=0x00000204c9cf3a44 method=java.util.concurrent.locks.ReentrantLock$Sync.tryRelease(I)Z @ 26 c2
Event: 81.528 Thread 0x000002052875d710 DEOPT PACKING pc=0x00000204c9cf3a44 sp=0x0000003061dff190
Event: 81.528 Thread 0x000002052875d710 DEOPT UNPACKING pc=0x00000204c94469a3 sp=0x0000003061dff140 mode 2
Event: 81.528 Thread 0x000002051e464c80 DEOPT PACKING pc=0x00000204c28f23c4 sp=0x00000030630ff2a0
Event: 81.528 Thread 0x000002051e464c80 DEOPT UNPACKING pc=0x00000204c9447143 sp=0x00000030630fe7c8 mode 1
Event: 81.529 Thread 0x000002052875d710 DEOPT PACKING pc=0x00000204c9b24b4c sp=0x0000003061dff4f0
Event: 81.529 Thread 0x000002052875d710 DEOPT UNPACKING pc=0x00000204c9447143 sp=0x0000003061dfe910 mode 1

Classes loaded (20 events):
Event: 63.299 Loading class javafx/scene/input/MouseEvent
Event: 63.299 Loading class javafx/scene/input/MouseEvent done
Event: 63.300 Loading class optiuam/bc/model/ElementoGrafico
Event: 63.300 Loading class optiuam/bc/model/ElementoGrafico done
Event: 63.300 Loading class optiuam/bc/model/ElementoGrafico
Event: 63.300 Loading class optiuam/bc/model/ElementoGrafico done
Event: 63.301 Loading class optiuam/bc/model/ElementoGrafico
Event: 63.301 Loading class optiuam/bc/model/ElementoGrafico done
Event: 63.301 Loading class optiuam/bc/model/ElementoGrafico
Event: 63.301 Loading class optiuam/bc/model/ElementoGrafico done
Event: 63.301 Loading class optiuam/bc/controller/VentanaMultiplexorController
Event: 63.301 Loading class optiuam/bc/controller/VentanaMultiplexorController done
Event: 63.301 Loading class optiuam/bc/model/ElementoGrafico
Event: 63.301 Loading class optiuam/bc/model/ElementoGrafico done
Event: 81.522 Loading class jdk/internal/misc/Signal$1
Event: 81.522 Loading class jdk/internal/misc/Signal$1 done
Event: 81.527 Loading class com/sun/javafx/tk/quantum/QuantumRenderer
Event: 81.527 Loading class com/sun/javafx/tk/quantum/QuantumRenderer done
Event: 81.528 Loading class com/sun/javafx/tk/quantum/QuantumToolkit
Event: 81.528 Loading class com/sun/javafx/tk/quantum/QuantumToolkit done

Classes unloaded (0 events):
No events

Classes redefined (0 events):
No events

Internal exceptions (20 events):
Event: 5.903 Thread 0x000002051f15d1a0 Exception <a 'java/lang/NoSuchMethodError'{0x000000009671ecc8}: 'void java.lang.invoke.DirectMethodHandle$Holder.invokeSpecial(java.lang.Object, java.lang.Object, java.lang.Object, java.lang.Object, java.lang.Object, java.lang.Object)'> (0x000000009671ecc8) 
thrown [s\src\hotspot\share\interpreter\linkResolver.cpp, line 759]
Event: 6.248 Thread 0x000002051e464c80 Exception <a 'java/lang/NoSuchMethodError'{0x000000009612d7f0}: 'java.lang.Object java.lang.invoke.DirectMethodHandle$Holder.invokeStaticInit(java.lang.Object, int)'> (0x000000009612d7f0) 
thrown [s\src\hotspot\share\interpreter\linkResolver.cpp, line 759]
Event: 7.134 Thread 0x000002051f15d1a0 Exception <a 'java/lang/NoSuchMethodError'{0x0000000095eec350}: 'long java.lang.invoke.DirectMethodHandle$Holder.invokeStatic(java.lang.Object, java.lang.Object, java.lang.Object)'> (0x0000000095eec350) 
thrown [s\src\hotspot\share\interpreter\linkResolver.cpp, line 759]
Event: 7.134 Thread 0x000002051f15d1a0 Exception <a 'java/lang/NoSuchMethodError'{0x0000000095eefaf8}: 'long java.lang.invoke.DirectMethodHandle$Holder.invokeStaticInit(java.lang.Object, java.lang.Object, java.lang.Object)'> (0x0000000095eefaf8) 
thrown [s\src\hotspot\share\interpreter\linkResolver.cpp, line 759]
Event: 7.137 Thread 0x000002051f15d1a0 Exception <a 'java/lang/NoSuchMethodError'{0x0000000095d078c0}: 'java.lang.Object java.lang.invoke.DirectMethodHandle$Holder.newInvokeSpecial(java.lang.Object, java.lang.Object, long)'> (0x0000000095d078c0) 
thrown [s\src\hotspot\share\interpreter\linkResolver.cpp, line 759]
Event: 7.138 Thread 0x000002051f15d1a0 Exception <a 'java/lang/NoSuchMethodError'{0x0000000095d0b430}: 'java.lang.Object java.lang.invoke.Invokers$Holder.linkToTargetMethod(java.lang.Object, long, java.lang.Object)'> (0x0000000095d0b430) 
thrown [s\src\hotspot\share\interpreter\linkResolver.cpp, line 759]
Event: 7.428 Thread 0x000002051f15d1a0 Exception <a 'java/lang/ClassNotFoundException'{0x00000000953da0e8}: com/sun/javafx/scene/control/skin/resources/controls> (0x00000000953da0e8) 
thrown [s\src\hotspot\share\prims\jni.cpp, line 535]
Event: 7.430 Thread 0x000002051f15d1a0 Exception <a 'java/lang/ClassNotFoundException'{0x00000000953e8a98}: com/sun/javafx/scene/control/skin/resources/controls_es> (0x00000000953e8a98) 
thrown [s\src\hotspot\share\prims\jni.cpp, line 535]
Event: 7.431 Thread 0x000002051f15d1a0 Exception <a 'java/lang/ClassNotFoundException'{0x00000000953f6c78}: com/sun/javafx/scene/control/skin/resources/controls_es_MX> (0x00000000953f6c78) 
thrown [s\src\hotspot\share\prims\jni.cpp, line 535]
Event: 7.480 Thread 0x000002051f15d1a0 Exception <a 'java/lang/NoSuchMethodError'{0x0000000095184be0}: 'int java.lang.invoke.DirectMethodHandle$Holder.invokeSpecial(java.lang.Object, java.lang.Object, int)'> (0x0000000095184be0) 
thrown [s\src\hotspot\share\interpreter\linkResolver.cpp, line 759]
Event: 7.716 Thread 0x000002051f15d1a0 Exception <a 'java/lang/NoSuchMethodError'{0x0000000094baafc0}: 'void java.lang.invoke.DirectMethodHandle$Holder.invokeVirtual(java.lang.Object, java.lang.Object)'> (0x0000000094baafc0) 
thrown [s\src\hotspot\share\interpreter\linkResolver.cpp, line 759]
Event: 9.351 Thread 0x000002051f15d1a0 Exception <a 'java/lang/NoSuchMethodError'{0x00000000949aa240}: 'java.lang.Object java.lang.invoke.DirectMethodHandle$Holder.newInvokeSpecial(java.lang.Object, java.lang.Object, int, int, int, int, int, java.lang.Object)'> (0x00000000949aa240) 
thrown [s\src\hotspot\share\interpreter\linkResolver.cpp, line 759]
Event: 9.353 Thread 0x000002051f15d1a0 Exception <a 'java/lang/NoSuchMethodError'{0x00000000949bd768}: 'java.lang.Object java.lang.invoke.DirectMethodHandle$Holder.newInvokeSpecial(java.lang.Object, java.lang.Object, java.lang.Object, int, int, int, int, int)'> (0x00000000949bd768) 
thrown [s\src\hotspot\share\interpreter\linkResolver.cpp, line 759]
Event: 9.354 Thread 0x000002051f15d1a0 Exception <a 'java/lang/NoSuchMethodError'{0x00000000949c57c0}: 'java.lang.Object java.lang.invoke.Invokers$Holder.linkToTargetMethod(java.lang.Object, java.lang.Object, int, int, int, int, int, java.lang.Object)'> (0x00000000949c57c0) 
thrown [s\src\hotspot\share\interpreter\linkResolver.cpp, line 759]
Event: 36.628 Thread 0x000002051f15d1a0 Exception <a 'java/lang/NoSuchMethodError'{0x0000000095c58c50}: 'java.lang.Object java.lang.invoke.DirectMethodHandle$Holder.invokeSpecial(java.lang.Object, java.lang.Object, long, java.lang.Object, int, int, java.lang.Object, int, java.lang.Object)'> (0x0000000095c58c50) 
thrown [s\src\hotspot\share\interpreter\linkResolver.cpp, line 759]
Event: 36.629 Thread 0x000002051f15d1a0 Exception <a 'java/lang/NoSuchMethodError'{0x0000000095c5ceb0}: 'java.lang.Object java.lang.invoke.DelegatingMethodHandle$Holder.reinvoke_L(java.lang.Object, long, java.lang.Object, int, int, java.lang.Object, int, java.lang.Object)'> (0x0000000095c5ceb0) 
thrown [s\src\hotspot\share\interpreter\linkResolver.cpp, line 759]
Event: 36.650 Thread 0x000002051f15d1a0 Exception <a 'java/lang/NoSuchMethodError'{0x0000000095b28740}: 'java.lang.Object java.lang.invoke.DelegatingMethodHandle$Holder.reinvoke_L(java.lang.Object, java.lang.Object, int, int, double, int)'> (0x0000000095b28740) 
thrown [s\src\hotspot\share\interpreter\linkResolver.cpp, line 759]
Event: 54.785 Thread 0x000002051e464c80 Implicit null exception at 0x00000204c9c5bb2c to 0x00000204c9c5bbac
Event: 60.791 Thread 0x000002051e464c80 Implicit null exception at 0x00000204c9d2ca1e to 0x00000204c9d2cc83
Event: 62.153 Thread 0x000002051f15d1a0 Exception <a 'java/lang/NoSuchMethodError'{0x0000000097118280}: 'java.lang.Object java.lang.invoke.DelegatingMethodHandle$Holder.reinvoke_L(java.lang.Object, java.lang.Object, int, int, java.lang.Object, java.lang.Object)'> (0x0000000097118280) 
thrown [s\src\hotspot\share\interpreter\linkResolver.cpp, line 759]

VM Operations (20 events):
Event: 70.677 Executing VM operation: get/set locals done
Event: 70.677 Executing VM operation: get/set locals
Event: 70.677 Executing VM operation: get/set locals done
Event: 81.406 Executing VM operation: ChangeBreakpoints
Event: 81.406 Executing VM operation: ChangeBreakpoints done
Event: 81.406 Executing VM operation: ChangeBreakpoints
Event: 81.406 Executing VM operation: ChangeBreakpoints done
Event: 81.406 Executing VM operation: ChangeBreakpoints
Event: 81.406 Executing VM operation: ChangeBreakpoints done
Event: 81.409 Executing VM operation: ChangeBreakpoints
Event: 81.409 Executing VM operation: ChangeBreakpoints done
Event: 81.409 Executing VM operation: ChangeBreakpoints
Event: 81.409 Executing VM operation: ChangeBreakpoints done
Event: 81.410 Executing VM operation: ChangeBreakpoints
Event: 81.410 Executing VM operation: ChangeBreakpoints done
Event: 81.410 Executing VM operation: ChangeBreakpoints
Event: 81.410 Executing VM operation: ChangeBreakpoints done
Event: 81.410 Executing VM operation: ChangeBreakpoints
Event: 81.410 Executing VM operation: ChangeBreakpoints done
Event: 81.530 Executing VM operation: Exit

Memory protections (0 events):
No events

Nmethod flushes (20 events):
Event: 25.294 Thread 0x00000204d7e3fce0 flushing  nmethod 0x00000204c2686d10
Event: 25.294 Thread 0x00000204d7e3fce0 flushing osr nmethod 0x00000204c2693c90
Event: 25.294 Thread 0x00000204d7e3fce0 flushing osr nmethod 0x00000204c26ae290
Event: 25.294 Thread 0x00000204d7e3fce0 flushing  nmethod 0x00000204c26c4190
Event: 25.294 Thread 0x00000204d7e3fce0 flushing  nmethod 0x00000204c26dc010
Event: 25.294 Thread 0x00000204d7e3fce0 flushing  nmethod 0x00000204c26f0490
Event: 25.294 Thread 0x00000204d7e3fce0 flushing  nmethod 0x00000204c26f4d10
Event: 25.294 Thread 0x00000204d7e3fce0 flushing  nmethod 0x00000204c270e590
Event: 25.294 Thread 0x00000204d7e3fce0 flushing  nmethod 0x00000204c2774c90
Event: 25.294 Thread 0x00000204d7e3fce0 flushing  nmethod 0x00000204c2780c90
Event: 25.295 Thread 0x00000204d7e3fce0 flushing  nmethod 0x00000204c27a9490
Event: 25.295 Thread 0x00000204d7e3fce0 flushing  nmethod 0x00000204c27c1f90
Event: 25.295 Thread 0x00000204d7e3fce0 flushing  nmethod 0x00000204c27dbf10
Event: 25.296 Thread 0x00000204d7e3fce0 flushing  nmethod 0x00000204c2889c10
Event: 25.296 Thread 0x00000204d7e3fce0 flushing  nmethod 0x00000204c2893f90
Event: 25.296 Thread 0x00000204d7e3fce0 flushing  nmethod 0x00000204c28c7b90
Event: 25.296 Thread 0x00000204d7e3fce0 flushing  nmethod 0x00000204c28e3f10
Event: 25.296 Thread 0x00000204d7e3fce0 flushing  nmethod 0x00000204c28e4510
Event: 25.296 Thread 0x00000204d7e3fce0 flushing osr nmethod 0x00000204c28e5d10
Event: 25.297 Thread 0x00000204d7e3fce0 flushing  nmethod 0x00000204c297ca10

Events (20 events):
Event: 30.012 Thread 0x00000205294da4e0 Thread exited: 0x00000205294da4e0
Event: 32.704 Thread 0x00000204d7e3e860 Thread added: 0x00000205294da4e0
Event: 33.130 Thread 0x00000205294da4e0 Thread exited: 0x00000205294da4e0
Event: 34.029 Thread 0x00000204d7e3e860 Thread added: 0x00000205294da4e0
Event: 34.507 Thread 0x00000205294da4e0 Thread exited: 0x00000205294da4e0
Event: 51.132 Thread 0x00000204d7e3e860 Thread added: 0x00000205294da4e0
Event: 51.526 Thread 0x00000205294da4e0 Thread exited: 0x00000205294da4e0
Event: 54.812 Thread 0x00000204d7e33e80 Thread added: 0x000002051f336cb0
Event: 54.996 Thread 0x000002051f336cb0 Thread exited: 0x000002051f336cb0
Event: 58.925 Thread 0x00000204d7e33e80 Thread added: 0x0000020527edf9b0
Event: 59.628 Thread 0x0000020527edf9b0 Thread exited: 0x0000020527edf9b0
Event: 67.376 Thread 0x00000204d7e33e80 Thread added: 0x000002051d9b6230
Event: 68.274 Thread 0x000002051d9b6230 Thread exited: 0x000002051d9b6230
Event: 81.406 Thread 0x000002051db2bad0 Thread exited: 0x000002051db2bad0
Event: 81.439 Thread 0x000002051da1dec0 Thread exited: 0x000002051da1dec0
Event: 81.522 Thread 0x00000204d7e29390 Thread added: 0x000002052875dc20
Event: 81.525 Thread 0x000002052875dc20 Thread added: 0x000002052875d710
Event: 81.525 Thread 0x000002052875dc20 Thread added: 0x000002051d5b0360
Event: 81.527 Thread 0x000002051d5b0360 Thread exited: 0x000002051d5b0360
Event: 81.529 Thread 0x000002052875d710 Thread exited: 0x000002052875d710


Dynamic libraries:
0x00007ff7ef700000 - 0x00007ff7ef70e000 	C:\Users\diego\.jdks\corretto-17.0.13\bin\java.exe
0x00007ffa60780000 - 0x00007ffa609e3000 	C:\WINDOWS\SYSTEM32\ntdll.dll
0x00007ffa5f000000 - 0x00007ffa5f0c8000 	C:\WINDOWS\System32\KERNEL32.DLL
0x00007ffa5dfa0000 - 0x00007ffa5e352000 	C:\WINDOWS\System32\KERNELBASE.dll
0x00007ffa5e490000 - 0x00007ffa5e5db000 	C:\WINDOWS\System32\ucrtbase.dll
0x00007ffa56de0000 - 0x00007ffa56df7000 	C:\Users\diego\.jdks\corretto-17.0.13\bin\jli.dll
0x00007ffa56dc0000 - 0x00007ffa56ddb000 	C:\Users\diego\.jdks\corretto-17.0.13\bin\VCRUNTIME140.dll
0x00007ffa5e780000 - 0x00007ffa5e948000 	C:\WINDOWS\System32\USER32.dll
0x00007ffa420b0000 - 0x00007ffa42340000 	C:\WINDOWS\WinSxS\amd64_microsoft.windows.common-controls_6595b64144ccf1df_6.0.26100.2454_none_3e0b68a2e331ad60\COMCTL32.dll
0x00007ffa5db50000 - 0x00007ffa5db77000 	C:\WINDOWS\System32\win32u.dll
0x00007ffa5e6d0000 - 0x00007ffa5e779000 	C:\WINDOWS\System32\msvcrt.dll
0x00007ffa60350000 - 0x00007ffa6037a000 	C:\WINDOWS\System32\GDI32.dll
0x00007ffa5e360000 - 0x00007ffa5e48b000 	C:\WINDOWS\System32\gdi32full.dll
0x00007ffa5def0000 - 0x00007ffa5df93000 	C:\WINDOWS\System32\msvcp_win.dll
0x00007ffa60700000 - 0x00007ffa6072f000 	C:\WINDOWS\System32\IMM32.DLL
0x00007ffa59660000 - 0x00007ffa5966c000 	C:\Users\diego\.jdks\corretto-17.0.13\bin\vcruntime140_1.dll
0x00007ffa55370000 - 0x00007ffa553fd000 	C:\Users\diego\.jdks\corretto-17.0.13\bin\msvcp140.dll
0x00007ffa066e0000 - 0x00007ffa0734c000 	C:\Users\diego\.jdks\corretto-17.0.13\bin\server\jvm.dll
0x00007ffa60640000 - 0x00007ffa606f4000 	C:\WINDOWS\System32\ADVAPI32.dll
0x00007ffa601b0000 - 0x00007ffa60256000 	C:\WINDOWS\System32\sechost.dll
0x00007ffa604f0000 - 0x00007ffa60606000 	C:\WINDOWS\System32\RPCRT4.dll
0x00007ffa5e950000 - 0x00007ffa5e9c4000 	C:\WINDOWS\System32\WS2_32.dll
0x00007ffa5a620000 - 0x00007ffa5a656000 	C:\WINDOWS\SYSTEM32\WINMM.dll
0x00007ffa542c0000 - 0x00007ffa542cb000 	C:\WINDOWS\SYSTEM32\VERSION.dll
0x00007ffa5d9e0000 - 0x00007ffa5da2e000 	C:\WINDOWS\SYSTEM32\POWRPROF.dll
0x00007ffa5d9c0000 - 0x00007ffa5d9d4000 	C:\WINDOWS\SYSTEM32\UMPDC.dll
0x00007ffa5c990000 - 0x00007ffa5c9aa000 	C:\WINDOWS\SYSTEM32\kernel.appcore.dll
0x00007ffa57f60000 - 0x00007ffa57f6a000 	C:\Users\diego\.jdks\corretto-17.0.13\bin\jimage.dll
0x00007ffa5b0a0000 - 0x00007ffa5b2e1000 	C:\WINDOWS\SYSTEM32\DBGHELP.DLL
0x00007ffa5eba0000 - 0x00007ffa5ef1e000 	C:\WINDOWS\System32\combase.dll
0x00007ffa5fd10000 - 0x00007ffa5fde6000 	C:\WINDOWS\System32\OLEAUT32.dll
0x00007ffa43c00000 - 0x00007ffa43c39000 	C:\WINDOWS\SYSTEM32\dbgcore.DLL
0x00007ffa5de50000 - 0x00007ffa5dee9000 	C:\WINDOWS\System32\bcryptPrimitives.dll
0x00007ffa56cf0000 - 0x00007ffa56d2b000 	C:\Users\diego\.jdks\corretto-17.0.13\bin\jdwp.dll
0x00007ffa57340000 - 0x00007ffa5734e000 	C:\Users\diego\.jdks\corretto-17.0.13\bin\instrument.dll
0x00007ffa56d90000 - 0x00007ffa56db5000 	C:\Users\diego\.jdks\corretto-17.0.13\bin\java.dll
0x00007ffa56d70000 - 0x00007ffa56d88000 	C:\Users\diego\.jdks\corretto-17.0.13\bin\zip.dll
0x00007ffa48d20000 - 0x00007ffa48df7000 	C:\Users\diego\.jdks\corretto-17.0.13\bin\jsvml.dll
0x00007ffa5f580000 - 0x00007ffa5fc80000 	C:\WINDOWS\System32\SHELL32.dll
0x00007ffa5b8a0000 - 0x00007ffa5c0d1000 	C:\WINDOWS\SYSTEM32\windows.storage.dll
0x00007ffa5e5f0000 - 0x00007ffa5e6ca000 	C:\WINDOWS\System32\SHCORE.dll
0x00007ffa60150000 - 0x00007ffa601ad000 	C:\WINDOWS\System32\shlwapi.dll
0x00007ffa5da60000 - 0x00007ffa5da8e000 	C:\WINDOWS\SYSTEM32\profapi.dll
0x00007ffa569d0000 - 0x00007ffa569e9000 	C:\Users\diego\.jdks\corretto-17.0.13\bin\net.dll
0x00007ffa56890000 - 0x00007ffa569b6000 	C:\WINDOWS\SYSTEM32\WINHTTP.dll
0x00007ffa5ce90000 - 0x00007ffa5cef8000 	C:\WINDOWS\system32\mswsock.dll
0x00007ffa50a40000 - 0x00007ffa50a56000 	C:\Users\diego\.jdks\corretto-17.0.13\bin\nio.dll
0x00007ffa56d60000 - 0x00007ffa56d6c000 	C:\Users\diego\.jdks\corretto-17.0.13\bin\dt_socket.dll
0x00007ffa5c420000 - 0x00007ffa5c452000 	C:\WINDOWS\SYSTEM32\IPHLPAPI.DLL
0x00000204b82d0000 - 0x00000204b82d3000 	D:\Proyecto Terminal\openjfx-22.0.1_windows-x64_bin-sdk\javafx-sdk-22.0.1\bin\api-ms-win-core-console-l1-1-0.dll
0x00000204b82e0000 - 0x00000204b82e3000 	D:\Proyecto Terminal\openjfx-22.0.1_windows-x64_bin-sdk\javafx-sdk-22.0.1\bin\api-ms-win-core-console-l1-2-0.dll
0x00000204b82f0000 - 0x00000204b82f3000 	D:\Proyecto Terminal\openjfx-22.0.1_windows-x64_bin-sdk\javafx-sdk-22.0.1\bin\api-ms-win-core-datetime-l1-1-0.dll
0x00000204b8300000 - 0x00000204b8303000 	D:\Proyecto Terminal\openjfx-22.0.1_windows-x64_bin-sdk\javafx-sdk-22.0.1\bin\api-ms-win-core-debug-l1-1-0.dll
0x00000204b8310000 - 0x00000204b8313000 	D:\Proyecto Terminal\openjfx-22.0.1_windows-x64_bin-sdk\javafx-sdk-22.0.1\bin\api-ms-win-core-errorhandling-l1-1-0.dll
0x00000204b8320000 - 0x00000204b8324000 	D:\Proyecto Terminal\openjfx-22.0.1_windows-x64_bin-sdk\javafx-sdk-22.0.1\bin\api-ms-win-core-file-l1-1-0.dll
0x00000204b8340000 - 0x00000204b8343000 	D:\Proyecto Terminal\openjfx-22.0.1_windows-x64_bin-sdk\javafx-sdk-22.0.1\bin\api-ms-win-core-file-l1-2-0.dll
0x00000204b8350000 - 0x00000204b8353000 	D:\Proyecto Terminal\openjfx-22.0.1_windows-x64_bin-sdk\javafx-sdk-22.0.1\bin\api-ms-win-core-file-l2-1-0.dll
0x00000204b8360000 - 0x00000204b8363000 	D:\Proyecto Terminal\openjfx-22.0.1_windows-x64_bin-sdk\javafx-sdk-22.0.1\bin\api-ms-win-core-handle-l1-1-0.dll
0x00000204b8370000 - 0x00000204b8373000 	D:\Proyecto Terminal\openjfx-22.0.1_windows-x64_bin-sdk\javafx-sdk-22.0.1\bin\api-ms-win-core-heap-l1-1-0.dll
0x00000204b8380000 - 0x00000204b8383000 	D:\Proyecto Terminal\openjfx-22.0.1_windows-x64_bin-sdk\javafx-sdk-22.0.1\bin\api-ms-win-core-interlocked-l1-1-0.dll
0x00000204ba2f0000 - 0x00000204ba2f3000 	D:\Proyecto Terminal\openjfx-22.0.1_windows-x64_bin-sdk\javafx-sdk-22.0.1\bin\api-ms-win-core-libraryloader-l1-1-0.dll
0x00000204ba300000 - 0x00000204ba303000 	D:\Proyecto Terminal\openjfx-22.0.1_windows-x64_bin-sdk\javafx-sdk-22.0.1\bin\api-ms-win-core-localization-l1-2-0.dll
0x00000204ba310000 - 0x00000204ba313000 	D:\Proyecto Terminal\openjfx-22.0.1_windows-x64_bin-sdk\javafx-sdk-22.0.1\bin\api-ms-win-core-memory-l1-1-0.dll
0x00000204ba320000 - 0x00000204ba323000 	D:\Proyecto Terminal\openjfx-22.0.1_windows-x64_bin-sdk\javafx-sdk-22.0.1\bin\api-ms-win-core-namedpipe-l1-1-0.dll
0x00000204ba330000 - 0x00000204ba333000 	D:\Proyecto Terminal\openjfx-22.0.1_windows-x64_bin-sdk\javafx-sdk-22.0.1\bin\api-ms-win-core-processenvironment-l1-1-0.dll
0x00000204d7fa0000 - 0x00000204d7fa3000 	D:\Proyecto Terminal\openjfx-22.0.1_windows-x64_bin-sdk\javafx-sdk-22.0.1\bin\api-ms-win-core-processthreads-l1-1-0.dll
0x00000204d7fb0000 - 0x00000204d7fb3000 	D:\Proyecto Terminal\openjfx-22.0.1_windows-x64_bin-sdk\javafx-sdk-22.0.1\bin\api-ms-win-core-processthreads-l1-1-1.dll
0x00000204d7fc0000 - 0x00000204d7fc3000 	D:\Proyecto Terminal\openjfx-22.0.1_windows-x64_bin-sdk\javafx-sdk-22.0.1\bin\api-ms-win-core-profile-l1-1-0.dll
0x00000204d7fd0000 - 0x00000204d7fd3000 	D:\Proyecto Terminal\openjfx-22.0.1_windows-x64_bin-sdk\javafx-sdk-22.0.1\bin\api-ms-win-core-rtlsupport-l1-1-0.dll
0x00000204d7fe0000 - 0x00000204d7fe3000 	D:\Proyecto Terminal\openjfx-22.0.1_windows-x64_bin-sdk\javafx-sdk-22.0.1\bin\api-ms-win-core-string-l1-1-0.dll
0x00000204d7ff0000 - 0x00000204d7ff3000 	D:\Proyecto Terminal\openjfx-22.0.1_windows-x64_bin-sdk\javafx-sdk-22.0.1\bin\api-ms-win-core-synch-l1-1-0.dll
0x000002051f070000 - 0x000002051f073000 	D:\Proyecto Terminal\openjfx-22.0.1_windows-x64_bin-sdk\javafx-sdk-22.0.1\bin\api-ms-win-core-synch-l1-2-0.dll
0x000002051f080000 - 0x000002051f083000 	D:\Proyecto Terminal\openjfx-22.0.1_windows-x64_bin-sdk\javafx-sdk-22.0.1\bin\api-ms-win-core-sysinfo-l1-1-0.dll
0x0000020520060000 - 0x0000020520063000 	D:\Proyecto Terminal\openjfx-22.0.1_windows-x64_bin-sdk\javafx-sdk-22.0.1\bin\api-ms-win-core-timezone-l1-1-0.dll
0x0000020520070000 - 0x0000020520073000 	D:\Proyecto Terminal\openjfx-22.0.1_windows-x64_bin-sdk\javafx-sdk-22.0.1\bin\api-ms-win-core-util-l1-1-0.dll
0x0000020520080000 - 0x0000020520083000 	D:\Proyecto Terminal\openjfx-22.0.1_windows-x64_bin-sdk\javafx-sdk-22.0.1\bin\api-ms-win-crt-conio-l1-1-0.dll
0x0000020520090000 - 0x0000020520094000 	D:\Proyecto Terminal\openjfx-22.0.1_windows-x64_bin-sdk\javafx-sdk-22.0.1\bin\api-ms-win-crt-convert-l1-1-0.dll
0x00000205200a0000 - 0x00000205200a3000 	D:\Proyecto Terminal\openjfx-22.0.1_windows-x64_bin-sdk\javafx-sdk-22.0.1\bin\api-ms-win-crt-environment-l1-1-0.dll
0x000002051ebd0000 - 0x000002051ebd3000 	D:\Proyecto Terminal\openjfx-22.0.1_windows-x64_bin-sdk\javafx-sdk-22.0.1\bin\api-ms-win-crt-filesystem-l1-1-0.dll
0x000002051ebe0000 - 0x000002051ebe3000 	D:\Proyecto Terminal\openjfx-22.0.1_windows-x64_bin-sdk\javafx-sdk-22.0.1\bin\api-ms-win-crt-heap-l1-1-0.dll
0x000002051ebf0000 - 0x000002051ebf3000 	D:\Proyecto Terminal\openjfx-22.0.1_windows-x64_bin-sdk\javafx-sdk-22.0.1\bin\api-ms-win-crt-locale-l1-1-0.dll
0x000002051ec00000 - 0x000002051ec05000 	D:\Proyecto Terminal\openjfx-22.0.1_windows-x64_bin-sdk\javafx-sdk-22.0.1\bin\api-ms-win-crt-math-l1-1-0.dll
0x000002051ec10000 - 0x000002051ec15000 	D:\Proyecto Terminal\openjfx-22.0.1_windows-x64_bin-sdk\javafx-sdk-22.0.1\bin\api-ms-win-crt-multibyte-l1-1-0.dll
0x000002051ec20000 - 0x000002051ec30000 	D:\Proyecto Terminal\openjfx-22.0.1_windows-x64_bin-sdk\javafx-sdk-22.0.1\bin\api-ms-win-crt-private-l1-1-0.dll
0x000002051ec30000 - 0x000002051ec33000 	D:\Proyecto Terminal\openjfx-22.0.1_windows-x64_bin-sdk\javafx-sdk-22.0.1\bin\api-ms-win-crt-process-l1-1-0.dll
0x000002051ec40000 - 0x000002051ec44000 	D:\Proyecto Terminal\openjfx-22.0.1_windows-x64_bin-sdk\javafx-sdk-22.0.1\bin\api-ms-win-crt-runtime-l1-1-0.dll
0x000002051ec50000 - 0x000002051ec54000 	D:\Proyecto Terminal\openjfx-22.0.1_windows-x64_bin-sdk\javafx-sdk-22.0.1\bin\api-ms-win-crt-stdio-l1-1-0.dll
0x000002051ec60000 - 0x000002051ec64000 	D:\Proyecto Terminal\openjfx-22.0.1_windows-x64_bin-sdk\javafx-sdk-22.0.1\bin\api-ms-win-crt-string-l1-1-0.dll
0x000002051ec70000 - 0x000002051ec73000 	D:\Proyecto Terminal\openjfx-22.0.1_windows-x64_bin-sdk\javafx-sdk-22.0.1\bin\api-ms-win-crt-time-l1-1-0.dll
0x000002051ec80000 - 0x000002051ec83000 	D:\Proyecto Terminal\openjfx-22.0.1_windows-x64_bin-sdk\javafx-sdk-22.0.1\bin\api-ms-win-crt-utility-l1-1-0.dll
0x00007ffa20550000 - 0x00007ffa2064c000 	D:\Proyecto Terminal\openjfx-22.0.1_windows-x64_bin-sdk\javafx-sdk-22.0.1\bin\ucrtbase.dll
0x00007ffa4be20000 - 0x00007ffa4be3b000 	D:\Proyecto Terminal\openjfx-22.0.1_windows-x64_bin-sdk\javafx-sdk-22.0.1\bin\vcruntime140.dll
0x00007ffa50a20000 - 0x00007ffa50a2c000 	D:\Proyecto Terminal\openjfx-22.0.1_windows-x64_bin-sdk\javafx-sdk-22.0.1\bin\vcruntime140_1.dll
0x00007ffa25a00000 - 0x00007ffa25a8e000 	D:\Proyecto Terminal\openjfx-22.0.1_windows-x64_bin-sdk\javafx-sdk-22.0.1\bin\msvcp140.dll
0x00007ffa4de00000 - 0x00007ffa4de09000 	D:\Proyecto Terminal\openjfx-22.0.1_windows-x64_bin-sdk\javafx-sdk-22.0.1\bin\msvcp140_1.dll
0x00007ffa48cd0000 - 0x00007ffa48d11000 	D:\Proyecto Terminal\openjfx-22.0.1_windows-x64_bin-sdk\javafx-sdk-22.0.1\bin\msvcp140_2.dll
0x00007ffa48c00000 - 0x00007ffa48c30000 	D:\Proyecto Terminal\openjfx-22.0.1_windows-x64_bin-sdk\javafx-sdk-22.0.1\bin\prism_d3d.dll
0x00007ffa48ee0000 - 0x00007ffa49086000 	C:\WINDOWS\system32\d3d9.dll
0x00007ffa5a950000 - 0x00007ffa5a97e000 	C:\WINDOWS\SYSTEM32\dwmapi.dll
0x00007ffa5a8e0000 - 0x00007ffa5a927000 	C:\WINDOWS\SYSTEM32\dxcore.dll
0x00007ffa5a570000 - 0x00007ffa5a61d000 	C:\WINDOWS\system32\uxtheme.dll
0x00007ffa53d90000 - 0x00007ffa53f6d000 	C:\WINDOWS\System32\DriverStore\FileRepository\u0355756.inf_amd64_5146fc3a012e7afa\B354291\aticfx64.dll
0x00007ffa1b870000 - 0x00007ffa1b8a0000 	C:\WINDOWS\System32\DriverStore\FileRepository\u0355756.inf_amd64_5146fc3a012e7afa\B354291\atiu9p64.dll
0x00007ffa18340000 - 0x00007ffa1900b000 	C:\WINDOWS\System32\DriverStore\FileRepository\u0355756.inf_amd64_5146fc3a012e7afa\B354291\atiumd64.dll
0x00007ffa5fdf0000 - 0x00007ffa5ff89000 	C:\WINDOWS\System32\ole32.dll
0x000000006ba70000 - 0x000000006c7f3000 	C:\WINDOWS\System32\DriverStore\FileRepository\u0355756.inf_amd64_5146fc3a012e7afa\B354291\atiumd6a.dll
0x00007ffa5a730000 - 0x00007ffa5a78c000 	C:\WINDOWS\SYSTEM32\directxdatabasehelper.dll
0x00007ffa254c0000 - 0x00007ffa25505000 	D:\Proyecto Terminal\openjfx-22.0.1_windows-x64_bin-sdk\javafx-sdk-22.0.1\bin\glass.dll
0x00007ffa60260000 - 0x00007ffa6034d000 	C:\WINDOWS\System32\COMDLG32.dll
0x00007ffa04340000 - 0x00007ffa0439e000 	C:\Program Files\Huawei\PCManager\plugins\PerfWndMonModule.dll
0x00007ffa60390000 - 0x00007ffa604ec000 	C:\WINDOWS\System32\MSCTF.dll
0x00007ffa5ff90000 - 0x00007ffa60038000 	C:\WINDOWS\System32\clbcatq.dll
0x00007ffa49d70000 - 0x00007ffa49ec5000 	C:\Windows\System32\Windows.UI.dll
0x00007ffa2c910000 - 0x00007ffa2ca5c000 	C:\Windows\System32\Windows.UI.Immersive.dll
0x00007ffa48cb0000 - 0x00007ffa48cc5000 	D:\Proyecto Terminal\openjfx-22.0.1_windows-x64_bin-sdk\javafx-sdk-22.0.1\bin\javafx_font.dll
0x00007ffa59f70000 - 0x00007ffa5a1d5000 	C:\WINDOWS\SYSTEM32\dwrite.dll
0x00007ffa596c0000 - 0x00007ffa598ee000 	C:\WINDOWS\SYSTEM32\WindowsCodecs.dll
0x00007ffa37740000 - 0x00007ffa3779a000 	C:\WINDOWS\system32\dataexchange.dll
0x00007ffa51610000 - 0x00007ffa51847000 	C:\WINDOWS\system32\twinapi.appcore.dll
0x00007ffa375c0000 - 0x00007ffa375ec000 	C:\Program Files\Common Files\Microsoft Shared\Ink\rtscom.dll
0x00007ffa490e0000 - 0x00007ffa49226000 	C:\WINDOWS\SYSTEM32\textinputframework.dll
0x00007ffa561e0000 - 0x00007ffa56305000 	C:\WINDOWS\SYSTEM32\CoreMessaging.dll
0x00007ffa54330000 - 0x00007ffa54613000 	C:\WINDOWS\SYSTEM32\CoreUIComponents.dll
0x00007ffa58830000 - 0x00007ffa58998000 	C:\WINDOWS\SYSTEM32\wintypes.dll
0x00007ffa5d150000 - 0x00007ffa5d15c000 	C:\WINDOWS\SYSTEM32\CRYPTBASE.DLL
0x00007ffa373f0000 - 0x00007ffa3741d000 	D:\Proyecto Terminal\openjfx-22.0.1_windows-x64_bin-sdk\javafx-sdk-22.0.1\bin\javafx_iio.dll
0x00007ffa59930000 - 0x00007ffa59f6a000 	C:\WINDOWS\SYSTEM32\d2d1.dll
0x00007ffa5a310000 - 0x00007ffa5a56d000 	C:\WINDOWS\SYSTEM32\d3d11.dll

dbghelp: loaded successfully - version: 4.0.5 - missing functions: none
symbol engine: initialized successfully - sym options: 0x614 - pdb path: .;C:\Users\diego\.jdks\corretto-17.0.13\bin;C:\WINDOWS\SYSTEM32;C:\WINDOWS\WinSxS\amd64_microsoft.windows.common-controls_6595b64144ccf1df_6.0.26100.2454_none_3e0b68a2e331ad60;C:\Users\diego\.jdks\corretto-17.0.13\bin\server;D:\Proyecto Terminal\openjfx-22.0.1_windows-x64_bin-sdk\javafx-sdk-22.0.1\bin;C:\WINDOWS\System32\DriverStore\FileRepository\u0355756.inf_amd64_5146fc3a012e7afa\B354291;C:\Program Files\Huawei\PCManager\plugins;C:\Program Files\Common Files\Microsoft Shared\Ink

VM Arguments:
jvm_args: -agentlib:jdwp=transport=dt_socket,address=127.0.0.1:50786,suspend=y,server=n --module-path=D:\Proyecto Terminal\openjfx-22.0.1_windows-x64_bin-sdk\javafx-sdk-22.0.1\lib --add-modules=javafx.controls,javafx.fxml -javaagent:C:\Users\diego\AppData\Local\JetBrains\IntelliJIdea2024.1\captureAgent\debugger-agent.jar -Dfile.encoding=UTF-8 
java_command: optiuam.bc.controller.OptiUAM24
java_class_path (initial): D:\Proyecto Terminal\Código\OptiUAM24\OptiUAM\out\production\OptiUAM;D:\Proyecto Terminal\Código\OptiUAM24\OptiUAM\Librerias\jcommon-1.0.23.jar;D:\Proyecto Terminal\Código\OptiUAM24\OptiUAM\Librerias\jfreechart-1.0.19.jar;D:\Proyecto Terminal\openjfx-22.0.1_windows-x64_bin-sdk\javafx-sdk-22.0.1\lib\javafx-swt.jar;D:\Proyecto Terminal\openjfx-22.0.1_windows-x64_bin-sdk\javafx-sdk-22.0.1\lib\javafx.base.jar;D:\Proyecto Terminal\openjfx-22.0.1_windows-x64_bin-sdk\javafx-sdk-22.0.1\lib\javafx.controls.jar;D:\Proyecto Terminal\openjfx-22.0.1_windows-x64_bin-sdk\javafx-sdk-22.0.1\lib\javafx.fxml.jar;D:\Proyecto Terminal\openjfx-22.0.1_windows-x64_bin-sdk\javafx-sdk-22.0.1\lib\javafx.graphics.jar;D:\Proyecto Terminal\openjfx-22.0.1_windows-x64_bin-sdk\javafx-sdk-22.0.1\lib\javafx.media.jar;D:\Proyecto Terminal\openjfx-22.0.1_windows-x64_bin-sdk\javafx-sdk-22.0.1\lib\javafx.swing.jar;D:\Proyecto Terminal\openjfx-22.0.1_windows-x64_bin-sdk\javafx-sdk-22.0.1\lib\javafx.web.jar;D:\Proyecto Terminal\openjfx-22.0.1_windows-x64_bin-sdk.zip;D:\Proyecto Terminal\commons-math3-3.6.1\commons-math3-3.6.1-tests.jar;D:\Proyecto Terminal\commons-math3-3.6.1\commons-math3-3.6.1-tools.jar;D:\Proyecto Terminal\commons-math3-3.6.1\commons-math3-3.6.1.jar;C:\Program Files\JetBrains\IntelliJ IDEA 2024.1.3\lib\idea_rt.jar
Launcher Type: SUN_STANDARD

[Global flags]
     intx CICompilerCount                          = 4                                         {product} {ergonomic}
     uint ConcGCThreads                            = 2                                         {product} {ergonomic}
     uint G1ConcRefinementThreads                  = 8                                         {product} {ergonomic}
   size_t G1HeapRegionSize                         = 1048576                                   {product} {ergonomic}
    uintx GCDrainStackTargetSize                   = 64                                        {product} {ergonomic}
   size_t InitialHeapSize                          = 117440512                                 {product} {ergonomic}
   size_t MarkStackSize                            = 4194304                                   {product} {ergonomic}
   size_t MaxHeapSize                              = 1862270976                                {product} {ergonomic}
   size_t MaxNewSize                               = 1116733440                                {product} {ergonomic}
   size_t MinHeapDeltaBytes                        = 1048576                                   {product} {ergonomic}
   size_t MinHeapSize                              = 8388608                                   {product} {ergonomic}
    uintx NonNMethodCodeHeapSize                   = 5839372                                {pd product} {ergonomic}
    uintx NonProfiledCodeHeapSize                  = 122909434                              {pd product} {ergonomic}
    uintx ProfiledCodeHeapSize                     = 122909434                              {pd product} {ergonomic}
    uintx ReservedCodeCacheSize                    = 251658240                              {pd product} {ergonomic}
     bool SegmentedCodeCache                       = true                                      {product} {ergonomic}
   size_t SoftMaxHeapSize                          = 1862270976                             {manageable} {ergonomic}
     bool UseCompressedClassPointers               = true                           {product lp64_product} {ergonomic}
     bool UseCompressedOops                        = true                           {product lp64_product} {ergonomic}
     bool UseG1GC                                  = true                                      {product} {ergonomic}
     bool UseLargePagesIndividualAllocation        = false                                  {pd product} {ergonomic}

Logging:
Log output configuration:
 #0: stdout all=off uptime,level,tags
 #1: stderr all=off uptime,level,tags

Environment Variables:
PATH=C:\Program Files\Common Files\Oracle\Java\javapath;C:\Users\diego\Desktop\oracle\bin;C:\WINDOWS\system32;C:\WINDOWS;C:\WINDOWS\System32\Wbem;C:\WINDOWS\System32\WindowsPowerShell\v1.0\;C:\WINDOWS\System32\OpenSSH\;C:\Program Files\Git\cmd;C:\Strawberry\c\bin;C:\Strawberry\perl\site\bin;C:\Strawberry\perl\bin;C:\Users\diego\AppData\Local\Programs\Python\Launcher\;C:\Users\diego\AppData\Local\Microsoft\WindowsApps;C:\Program Files\JetBrains\IntelliJ IDEA 2024.1.3\bin;;C:\Users\diego\AppData\Local\GitHubDesktop\bin;C:\Program Files\JetBrains\PyCharm 2024.1.4\bin;;C:\Users\diego\AppData\Local\Programs\Microsoft VS Code\bin;C:\Users\diego\AppData\Local\Programs\MiKTeX\miktex\bin\x64\;C:\Program Files\JetBrains\PyCharm Community Edition 2024.3\bin;;
USERNAME=diego
OS=Windows_NT
PROCESSOR_IDENTIFIER=AMD64 Family 23 Model 24 Stepping 1, AuthenticAMD
TMP=C:\Users\diego\AppData\Local\Temp
TEMP=C:\Users\diego\AppData\Local\Temp



Periodic native trim disabled


---------------  S Y S T E M  ---------------

OS:
 Windows 11 , 64 bit Build 26100 (10.0.26100.2454)
OS uptime: 0 days 3:10 hours

CPU: total 8 (initial active 8) (8 cores per cpu, 2 threads per core) family 23 model 24 stepping 1 microcode 0x8108109, cx8, cmov, fxsr, ht, mmx, 3dnowpref, sse, sse2, sse3, ssse3, sse4a, sse4.1, sse4.2, popcnt, lzcnt, tsc, tscinvbit, avx, avx2, aes, clmul, bmi1, bmi2, adx, sha, fma, vzeroupper, clflush, clflushopt
Processor Information for all 8 processors :
  Max Mhz: 2100, Current Mhz: 2100, Mhz Limit: 2100

Memory: 4k page, system-wide physical 7103M (1448M free)
TotalPageFile size 15807M (AvailPageFile size 6890M)
current process WorkingSet (physical memory assigned to process): 265M, peak: 299M
current process commit charge ("private bytes"): 366M, peak: 408M

vm_info: OpenJDK 64-Bit Server VM (17.0.13+11-LTS) for windows-amd64 JRE (17.0.13+11-LTS), built on Oct 10 2024 19:51:30 by "Administrator" with MS VC++ 16.10 / 16.11 (VS2019)

END.
