#
# A fatal error has been detected by the Java Runtime Environment:
#
#  EXCEPTION_ACCESS_VIOLATION (0xc0000005) at pc=0x00007ff9cf1482d7, pid=5484, tid=3648
#
# JRE version: OpenJDK Runtime Environment Corretto-17.0.13.11.1 (17.0.13+11) (build 17.0.13+11-LTS)
# Java VM: OpenJDK 64-Bit Server VM Corretto-17.0.13.11.1 (17.0.13+11-LTS, mixed mode, sharing, tiered, compressed oops, compressed class ptrs, g1 gc, windows-amd64)
# Problematic frame:
# C  [glass.dll+0x282d7]
#
# No core dump will be written. Minidumps are not enabled by default on client versions of Windows
#
# If you would like to submit a bug report, please visit:
#   https://github.com/corretto/corretto-17/issues/
#

---------------  S U M M A R Y ------------

Command Line: -agentlib:jdwp=transport=dt_socket,address=127.0.0.1:53990,suspend=y,server=n --module-path=D:\Proyecto Terminal\openjfx-22.0.1_windows-x64_bin-sdk\javafx-sdk-22.0.1\lib --add-modules=javafx.controls,javafx.fxml -javaagent:C:\Users\diego\AppData\Local\JetBrains\IntelliJIdea2024.1\captureAgent\debugger-agent.jar -Dfile.encoding=UTF-8 optiuam.bc.controller.OptiUAM24

Host: AMD Ryzen 5 3500U with Radeon Vega Mobile Gfx  , 8 cores, 6G,  Windows 11 , 64 bit Build 22621 (10.0.22621.4391)
Time: Tue Nov 26 19:01:13 2024 Hora est嫕dar central (M憖ico) elapsed time: 584.469327 seconds (0d 0h 9m 44s)

---------------  T H R E A D  ---------------

Current thread (0x000001955117e5c0):  VMThread "VM Thread" [stack: 0x0000007bfc000000,0x0000007bfc100000] [id=3648]

Stack: [0x0000007bfc000000,0x0000007bfc100000],  sp=0x0000007bfc0ff310,  free space=1020k
Native frames: (J=compiled Java code, j=interpreted, Vv=VM code, C=native code)
C  [glass.dll+0x282d7]


siginfo: EXCEPTION_ACCESS_VIOLATION (0xc0000005), reading address 0x0000000000000000


Registers:
RAX=0x0000000000000000, RBX=0x0000019551195f00, RCX=0x000001955117e5c0, RDX=0x0000007bfc0ff310
RSP=0x0000007bfc0ff310, RBP=0x00000195971bf318, RSI=0x0000007bfc0ff418, RDI=0x00000195971bf2f0
R8 =0x0000000000010002, R9 =0x00000195971bf2f0, R10=0x85f13e9656da4870, R11=0x0000007bfc0ff2a0
R12=0x00007ff9cf145be0, R13=0x00007ff97fd18420, R14=0x0000367106084fb8, R15=0x00000195971bf2f0
RIP=0x00007ff9cf1482d7, EFLAGS=0x0000000000010202


Register to memory mapping:

RIP=0x00007ff9cf1482d7 glass.dll
RAX=0x0 is NULL
RBX=0x0000019551195f00 is a global jni handle
RCX=0x000001955117e5c0 points into unknown readable memory: 0x00007ff97fb42cc8 | c8 2c b4 7f f9 7f 00 00
RDX=0x0000007bfc0ff310 points into unknown readable memory: 0x0000000000000000 | 00 00 00 00 00 00 00 00
RSP=0x0000007bfc0ff310 points into unknown readable memory: 0x0000000000000000 | 00 00 00 00 00 00 00 00
RBP=0x00000195971bf318 points into unknown readable memory: 0x0000367106084fb8 | b8 4f 08 06 71 36 00 00
RSI=0x0000007bfc0ff418 points into unknown readable memory: 0x0000007bfc0ff400 | 00 f4 0f fc 7b 00 00 00
RDI=0x00000195971bf2f0 points into unknown readable memory: 0xf800360effc75bee | ee 5b c7 ff 0e 36 00 f8
R8 =0x0000000000010002 is an unknown value
R9 =0x00000195971bf2f0 points into unknown readable memory: 0xf800360effc75bee | ee 5b c7 ff 0e 36 00 f8
R10=0x85f13e9656da4870 is an unknown value
R11=0x0000007bfc0ff2a0 points into unknown readable memory: 0x00000195971bf2f0 | f0 f2 1b 97 95 01 00 00
R12=0x00007ff9cf145be0 glass.dll
R13=0x00007ff97fd18420 jvm.dll
R14=0x0000367106084fb8 is an unknown value
R15=0x00000195971bf2f0 points into unknown readable memory: 0xf800360effc75bee | ee 5b c7 ff 0e 36 00 f8


Top of Stack: (sp=0x0000007bfc0ff310)
0x0000007bfc0ff310:   0000000000000000 0000007bfc0ff418
0x0000007bfc0ff320:   00007ff97fd18420 00007ff9cf145be0
0x0000007bfc0ff330:   00000195971bf2f8 00007ff9df983a93
0x0000007bfc0ff340:   00000195971bf2f0 0000019500000000
0x0000007bfc0ff350:   00000195971bf318 0000007bfc0ff418
0x0000007bfc0ff360:   fffffffffffffffe 0000000000000000
0x0000007bfc0ff370:   0000000000000001 00007ff9cf120000
0x0000007bfc0ff380:   0000007bfc0ff408 00007ff9df95042e
0x0000007bfc0ff390:   0000000000000000 0000007bfc0ff418
0x0000007bfc0ff3a0:   0000007bfc0ff700 0000000000000001
0x0000007bfc0ff3b0:   0000000000000001 00007ff9df94dddd
0x0000007bfc0ff3c0:   0000000000000000 00007ff9cf1453d9
0x0000007bfc0ff3d0:   0000000000000000 0000007bfc0ff408
0x0000007bfc0ff3e0:   fffffffffffffffe 0000000000000001
0x0000007bfc0ff3f0:   0000000000000001 00007ff9cf145a6d
0x0000007bfc0ff400:   00007ff9cf15d078 00007ff900000002
0x0000007bfc0ff410:   0000000000000002 0000007bfc0ff400
0x0000007bfc0ff420:   0000000000000000 00007ff9e2658af3
0x0000007bfc0ff430:   0000000000000000 00007ff9cf145b92
0x0000007bfc0ff440:   0000000000000001 0000007bfc0ff700
0x0000007bfc0ff450:   0000000000000001 0000000000000001
0x0000007bfc0ff460:   00000195315d0928 00007ff9df062223
0x0000007bfc0ff470:   0000019500000001 0000000000000016
0x0000007bfc0ff480:   00007ff9cf120000 000000007ffe0384
0x0000007bfc0ff490:   0000000000000000 00007ff9e2658b8f
0x0000007bfc0ff4a0:   00007ff9cf120000 0000000000000000
0x0000007bfc0ff4b0:   0000000000000001 000000007ffe0385
0x0000007bfc0ff4c0:   0000000000000000 00007ff9e26817d9
0x0000007bfc0ff4d0:   0000c7f667ccee00 0000000000000014
0x0000007bfc0ff4e0:   00007ff9cf145be0 0000000000000000
0x0000007bfc0ff4f0:   0000000000000000 0000007bfb46f000
0x0000007bfc0ff500:   0000019597369520 00007ff9e2681596 

Instructions: (pc=0x00007ff9cf1482d7)
0x00007ff9cf1481d7:   8b 4d 58 e8 49 cf ff ff 48 8b 4d 60 e8 40 cf ff
0x00007ff9cf1481e7:   ff 48 8b 95 80 00 00 00 48 8b 8d 18 01 00 00 e8
0x00007ff9cf1481f7:   26 c5 ff ff 33 d2 33 c9 e8 8c e1 ff ff 90 48 89
0x00007ff9cf148207:   54 24 10 55 48 83 ec 20 48 8b ea 48 b8 00 00 00
0x00007ff9cf148217:   00 00 00 00 00 48 83 c4 20 5d c3 cc 40 55 48 8b
0x00007ff9cf148227:   ea 48 8b 01 33 c9 81 38 05 00 00 c0 0f 94 c1 8b
0x00007ff9cf148237:   c1 5d c3 cc 40 55 48 83 ec 20 48 8b ea 8a 4d 40
0x00007ff9cf148247:   48 83 c4 20 5d e9 33 d3 ff ff cc 40 55 48 83 ec
0x00007ff9cf148257:   20 48 8b ea 8a 4d 20 e8 21 d3 ff ff 90 48 83 c4
0x00007ff9cf148267:   20 5d c3 cc 40 55 48 83 ec 20 48 8b ea 48 83 c4
0x00007ff9cf148277:   20 5d e9 82 d1 ff ff cc 40 55 48 83 ec 30 48 8b
0x00007ff9cf148287:   ea 48 8b 01 8b 10 48 89 4c 24 28 89 54 24 20 4c
0x00007ff9cf148297:   8d 0d 23 d6 ff ff 4c 8b 45 70 8b 55 68 48 8b 4d
0x00007ff9cf1482a7:   60 e8 c3 d0 ff ff 90 48 83 c4 30 5d c3 cc cc cc
0x00007ff9cf1482b7:   cc cc cc cc cc cc cc cc cc 40 53 48 83 ec 20 48
0x00007ff9cf1482c7:   8b 1d 6b 47 01 00 48 85 db 74 16 e8 39 90 ff ff
0x00007ff9cf1482d7:   4c 8b 00 48 8b d3 48 8b c8 41 ff 90 b0 00 00 00
0x00007ff9cf1482e7:   90 48 83 c4 20 5b c3 cc cc 40 53 48 83 ec 20 48
0x00007ff9cf1482f7:   8b 1d ab 48 01 00 48 85 db 74 57 b8 ff ff ff ff
0x00007ff9cf148307:   f0 0f c1 43 10 83 f8 01 75 3d 48 85 db 74 38 48
0x00007ff9cf148317:   8b 0b 48 85 c9 74 0d ff 15 8c 0f 00 00 48 c7 03
0x00007ff9cf148327:   00 00 00 00 48 8b 4b 08 48 85 c9 74 0d e8 ef cd
0x00007ff9cf148337:   ff ff 48 c7 43 08 00 00 00 00 ba 18 00 00 00 48
0x00007ff9cf148347:   8b cb e8 da cd ff ff 48 c7 05 4f 48 01 00 00 00
0x00007ff9cf148357:   00 00 48 83 c4 20 5b c3 cc 40 53 48 83 ec 20 48
0x00007ff9cf148367:   8b 1d 1b 48 01 00 48 85 db 74 57 b8 ff ff ff ff
0x00007ff9cf148377:   f0 0f c1 43 10 83 f8 01 75 3d 48 85 db 74 38 48
0x00007ff9cf148387:   8b 0b 48 85 c9 74 0d ff 15 1c 0f 00 00 48 c7 03
0x00007ff9cf148397:   00 00 00 00 48 8b 4b 08 48 85 c9 74 0d e8 7f cd
0x00007ff9cf1483a7:   ff ff 48 c7 43 08 00 00 00 00 ba 18 00 00 00 48
0x00007ff9cf1483b7:   8b cb e8 6a cd ff ff 48 c7 05 bf 47 01 00 00 00
0x00007ff9cf1483c7:   00 00 48 83 c4 20 5b c3 cc 40 53 48 83 ec 20 48 


Stack slot to memory mapping:
stack at sp + 0 slots: 0x0 is NULL
stack at sp + 1 slots: 0x0000007bfc0ff418 points into unknown readable memory: 0x0000007bfc0ff400 | 00 f4 0f fc 7b 00 00 00
stack at sp + 2 slots: 0x00007ff97fd18420 jvm.dll
stack at sp + 3 slots: 0x00007ff9cf145be0 glass.dll
stack at sp + 4 slots: 0x00000195971bf2f8 points into unknown readable memory: 0x0000367106084fb8 | b8 4f 08 06 71 36 00 00
stack at sp + 5 slots: 0x00007ff9df983a93 ucrtbase.dll
stack at sp + 6 slots: 0x00000195971bf2f0 points into unknown readable memory: 0xf800360effc75bee | ee 5b c7 ff 0e 36 00 f8
stack at sp + 7 slots: 0x0000019500000000 is an unknown value

VM_Operation (0x0000007bfb9ff4c0): Exit, mode: safepoint, requested by thread 0x00000195a09738d0


---------------  P R O C E S S  ---------------

Threads class SMR info:
_java_thread_list=0x00000195a0d6ddb0, length=21, elements={
0x000001953372bff0, 0x00000195511846c0, 0x0000019551185d50, 0x0000019551199ed0,
0x000001955119a9a0, 0x000001955119e0b0, 0x00000195511a13b0, 0x00000195511a54b0,
0x00000195511aecb0, 0x00000195511b0a00, 0x00000195513ac820, 0x0000019551f20850,
0x0000019551a5c8a0, 0x00000195971c5a70, 0x00000195517c7010, 0x00000195971d2ad0,
0x00000195975e52f0, 0x00000195975df030, 0x00000195a0974d10, 0x00000195a0973de0,
0x00000195a09738d0
}

Java Threads: ( => current thread )
  0x000001953372bff0 JavaThread "main" [_thread_blocked, id=1940, stack(0x0000007bfba00000,0x0000007bfbb00000)]
  0x00000195511846c0 JavaThread "Reference Handler" daemon [_thread_blocked, id=1000, stack(0x0000007bfc100000,0x0000007bfc200000)]
  0x0000019551185d50 JavaThread "Finalizer" daemon [_thread_blocked, id=3684, stack(0x0000007bfc200000,0x0000007bfc300000)]
  0x0000019551199ed0 JavaThread "Signal Dispatcher" daemon [_thread_blocked, id=6940, stack(0x0000007bfc300000,0x0000007bfc400000)]
  0x000001955119a9a0 JavaThread "Attach Listener" daemon [_thread_blocked, id=7844, stack(0x0000007bfc400000,0x0000007bfc500000)]
  0x000001955119e0b0 JavaThread "Service Thread" daemon [_thread_blocked, id=2352, stack(0x0000007bfc500000,0x0000007bfc600000)]
  0x00000195511a13b0 JavaThread "Monitor Deflation Thread" daemon [_thread_blocked, id=15300, stack(0x0000007bfc600000,0x0000007bfc700000)]
  0x00000195511a54b0 JavaThread "C2 CompilerThread0" daemon [_thread_blocked, id=11800, stack(0x0000007bfc700000,0x0000007bfc800000)]
  0x00000195511aecb0 JavaThread "C1 CompilerThread0" daemon [_thread_blocked, id=7976, stack(0x0000007bfc800000,0x0000007bfc900000)]
  0x00000195511b0a00 JavaThread "Sweeper thread" daemon [_thread_blocked, id=14456, stack(0x0000007bfc900000,0x0000007bfca00000)]
  0x00000195513ac820 JavaThread "Common-Cleaner" daemon [_thread_blocked, id=4412, stack(0x0000007bfca00000,0x0000007bfcb00000)]
  0x0000019551f20850 JavaThread "JDWP Event Helper Thread" daemon [_thread_blocked, id=292, stack(0x0000007bfce00000,0x0000007bfcf00000)]
  0x0000019551a5c8a0 JavaThread "Notification Thread" daemon [_thread_blocked, id=8036, stack(0x0000007bfd000000,0x0000007bfd100000)]
  0x00000195971c5a70 JavaThread "QuantumRenderer-0" daemon [_thread_blocked, id=10156, stack(0x0000007bfd200000,0x0000007bfd300000)]
  0x00000195517c7010 JavaThread "InvokeLaterDispatcher" daemon [_thread_blocked, id=13760, stack(0x0000007bfd500000,0x0000007bfd600000)]
  0x00000195971d2ad0 JavaThread "JavaFX Application Thread" [_thread_blocked, id=444, stack(0x0000007bfd600000,0x0000007bfd700000)]
  0x00000195975e52f0 JavaThread "JavaFX-Launcher" [_thread_blocked, id=15248, stack(0x0000007bfde00000,0x0000007bfdf00000)]
  0x00000195975df030 JavaThread "Thread-2" daemon [_thread_in_native, id=4444, stack(0x0000007bfdd00000,0x0000007bfde00000)]
  0x00000195a0974d10 JavaThread "Prism Font Disposer" daemon [_thread_blocked, id=2036, stack(0x0000007bfe600000,0x0000007bfe700000)]
  0x00000195a0973de0 JavaThread "Cleaner-0" daemon [_thread_blocked, id=9840, stack(0x0000007bfe800000,0x0000007bfe900000)]
  0x00000195a09738d0 JavaThread "SIGINT handler" daemon [_thread_blocked, id=21600, stack(0x0000007bfb900000,0x0000007bfba00000)]

Other Threads:
=>0x000001955117e5c0 VMThread "VM Thread" [stack: 0x0000007bfc000000,0x0000007bfc100000] [id=3648]
  0x000001953377f710 GCTaskThread "GC Thread#0" [stack: 0x0000007bfbb00000,0x0000007bfbc00000] [id=12312]
  0x00000195977d4c90 GCTaskThread "GC Thread#1" [stack: 0x0000007bfdf00000,0x0000007bfe000000] [id=1188]
  0x00000195977d4f50 GCTaskThread "GC Thread#2" [stack: 0x0000007bfe000000,0x0000007bfe100000] [id=13196]
  0x00000195977d7220 GCTaskThread "GC Thread#3" [stack: 0x0000007bfe100000,0x0000007bfe200000] [id=15968]
  0x00000195977d74e0 GCTaskThread "GC Thread#4" [stack: 0x0000007bfe200000,0x0000007bfe300000] [id=8232]
  0x00000195977d77a0 GCTaskThread "GC Thread#5" [stack: 0x0000007bfe300000,0x0000007bfe400000] [id=11032]
  0x00000195977ee1d0 GCTaskThread "GC Thread#6" [stack: 0x0000007bfe400000,0x0000007bfe500000] [id=12336]
  0x00000195971b21b0 GCTaskThread "GC Thread#7" [stack: 0x0000007bfe500000,0x0000007bfe600000] [id=1156]
  0x000001953378f470 ConcurrentGCThread "G1 Main Marker" terminated
  0x0000019533790630 ConcurrentGCThread "G1 Conc#0" [stack: 0x0000007bfbd00000,0x0000007bfbe00000] [id=11728]
  0x00000195a29b59c0 ConcurrentGCThread "G1 Conc#1" [stack: 0x0000007bfcc00000,0x0000007bfcd00000] [id=15216]
  0x00000195337d6b20 ConcurrentGCThread "G1 Refine#0" terminated
  0x00000195a0d839e0 ConcurrentGCThread "G1 Refine#1" terminated
  0x00000195a0d842b0 ConcurrentGCThread "G1 Refine#2" terminated
  0x00000195337d7550 ConcurrentGCThread "G1 Service" terminated

Threads with active compile tasks:
C1 CompilerThread0  
[error occurred during error reporting (printing all threads), id 0xc0000005, EXCEPTION_ACCESS_VIOLATION (0xc0000005) at pc=0x00007ff97f9465b3]

VM state: at safepoint (shutting down)

VM Mutex/Monitor currently owned by a thread:  ([mutex/lock_event])
[0x0000019533727020] Threads_lock - owner thread: 0x000001955117e5c0
[0x0000019533725ac0] Heap_lock - owner thread: 0x00000195a09738d0

Heap address: 0x0000000091000000, size: 1776 MB, Compressed Oops mode: 32-bit

CDS archive(s) mapped at: [0x0000019552000000-0x0000019552bb0000-0x0000019552bb0000), size 12255232, SharedBaseAddress: 0x0000019552000000, ArchiveRelocationMode: 1.
Compressed class space mapped at: 0x0000019553000000-0x0000019593000000, reserved size: 1073741824
Narrow klass base: 0x0000019552000000, Narrow klass shift: 0, Narrow klass range: 0x100000000

GC Precious Log:
 CPUs: 8 total, 8 available
 Memory: 7103M
 Large Page Support: Disabled
 NUMA Support: Disabled
 Compressed Oops: Enabled (32-bit)
 Heap Region Size: 1M
 Heap Min Capacity: 8M
 Heap Initial Capacity: 112M
 Heap Max Capacity: 1776M
 Pre-touch: Disabled
 Parallel Workers: 8
 Concurrent Workers: 2
 Concurrent Refinement Workers: 8
 Periodic GC: Disabled

Heap:
 garbage-first heap   total 114688K, used 86588K [0x0000000091000000, 0x0000000100000000)
  region size 1024K, 38 young (38912K), 4 survivors (4096K)
 Metaspace       used 23438K, committed 23808K, reserved 1114112K
  class space    used 3219K, committed 3456K, reserved 1048576K

Heap Regions: E=young(eden), S=young(survivor), O=old, HS=humongous(starts), HC=humongous(continues), CS=collection set, F=free, OA=open archive, CA=closed archive, TAMS=top-at-mark-start (previous, next)
|   0|0x0000000091000000, 0x0000000091100000, 0x0000000091100000|100%|HS|  |TAMS 0x0000000091100000, 0x0000000091000000| Complete 
|   1|0x0000000091100000, 0x0000000091200000, 0x0000000091200000|100%|HS|  |TAMS 0x0000000091200000, 0x0000000091100000| Complete 
|   2|0x0000000091200000, 0x0000000091300000, 0x0000000091300000|100%|HS|  |TAMS 0x0000000091300000, 0x0000000091200000| Complete 
|   3|0x0000000091300000, 0x0000000091400000, 0x0000000091400000|100%| O|  |TAMS 0x0000000091400000, 0x0000000091300000| Untracked 
|   4|0x0000000091400000, 0x0000000091500000, 0x0000000091500000|100%| O|  |TAMS 0x0000000091500000, 0x0000000091400000| Untracked 
|   5|0x0000000091500000, 0x0000000091600000, 0x0000000091600000|100%| O|  |TAMS 0x00000000915cf400, 0x0000000091500000| Untracked 
|   6|0x0000000091600000, 0x0000000091700000, 0x0000000091700000|100%|HS|  |TAMS 0x0000000091700000, 0x0000000091600000| Complete 
|   7|0x0000000091700000, 0x0000000091800000, 0x0000000091800000|100%|HC|  |TAMS 0x0000000091800000, 0x0000000091700000| Complete 
|   8|0x0000000091800000, 0x0000000091900000, 0x0000000091900000|100%|HC|  |TAMS 0x0000000091900000, 0x0000000091800000| Complete 
|   9|0x0000000091900000, 0x0000000091a00000, 0x0000000091a00000|100%|HC|  |TAMS 0x0000000091a00000, 0x0000000091900000| Complete 
|  10|0x0000000091a00000, 0x0000000091b00000, 0x0000000091b00000|100%|HC|  |TAMS 0x0000000091b00000, 0x0000000091a00000| Complete 
|  11|0x0000000091b00000, 0x0000000091c00000, 0x0000000091c00000|100%|HC|  |TAMS 0x0000000091c00000, 0x0000000091b00000| Complete 
|  12|0x0000000091c00000, 0x0000000091d00000, 0x0000000091d00000|100%|HC|  |TAMS 0x0000000091d00000, 0x0000000091c00000| Complete 
|  13|0x0000000091d00000, 0x0000000091e00000, 0x0000000091e00000|100%|HC|  |TAMS 0x0000000091e00000, 0x0000000091d00000| Complete 
|  14|0x0000000091e00000, 0x0000000091f00000, 0x0000000091f00000|100%|HC|  |TAMS 0x0000000091f00000, 0x0000000091e00000| Complete 
|  15|0x0000000091f00000, 0x0000000092000000, 0x0000000092000000|100%|HC|  |TAMS 0x0000000092000000, 0x0000000091f00000| Complete 
|  16|0x0000000092000000, 0x0000000092100000, 0x0000000092100000|100%|HC|  |TAMS 0x0000000092100000, 0x0000000092000000| Complete 
|  17|0x0000000092100000, 0x0000000092200000, 0x0000000092200000|100%|HC|  |TAMS 0x0000000092200000, 0x0000000092100000| Complete 
|  18|0x0000000092200000, 0x0000000092300000, 0x0000000092300000|100%|HC|  |TAMS 0x0000000092300000, 0x0000000092200000| Complete 
|  19|0x0000000092300000, 0x0000000092400000, 0x0000000092400000|100%|HS|  |TAMS 0x0000000092300000, 0x0000000092300000| Complete 
|  20|0x0000000092400000, 0x0000000092500000, 0x0000000092500000|100%|HS|  |TAMS 0x0000000092500000, 0x0000000092400000| Complete 
|  21|0x0000000092500000, 0x0000000092600000, 0x0000000092600000|100%|HC|  |TAMS 0x0000000092600000, 0x0000000092500000| Complete 
|  22|0x0000000092600000, 0x0000000092700000, 0x0000000092700000|100%|HS|  |TAMS 0x0000000092700000, 0x0000000092600000| Complete 
|  23|0x0000000092700000, 0x0000000092800000, 0x0000000092800000|100%|HS|  |TAMS 0x0000000092700000, 0x0000000092700000| Complete 
|  24|0x0000000092800000, 0x0000000092900000, 0x0000000092900000|100%| O|  |TAMS 0x0000000092800000, 0x0000000092800000| Untracked 
|  25|0x0000000092900000, 0x0000000092a00000, 0x0000000092a00000|100%| O|  |TAMS 0x0000000092900000, 0x0000000092900000| Untracked 
|  26|0x0000000092a00000, 0x0000000092b00000, 0x0000000092b00000|100%|HS|  |TAMS 0x0000000092a00000, 0x0000000092a00000| Complete 
|  27|0x0000000092b00000, 0x0000000092c00000, 0x0000000092c00000|100%|HS|  |TAMS 0x0000000092b00000, 0x0000000092b00000| Complete 
|  28|0x0000000092c00000, 0x0000000092d00000, 0x0000000092d00000|100%|HS|  |TAMS 0x0000000092c00000, 0x0000000092c00000| Complete 
|  29|0x0000000092d00000, 0x0000000092e00000, 0x0000000092e00000|100%|HS|  |TAMS 0x0000000092d00000, 0x0000000092d00000| Complete 
|  30|0x0000000092e00000, 0x0000000092f00000, 0x0000000092f00000|100%|HS|  |TAMS 0x0000000092e00000, 0x0000000092e00000| Complete 
|  31|0x0000000092f00000, 0x0000000093000000, 0x0000000093000000|100%|HS|  |TAMS 0x0000000092f00000, 0x0000000092f00000| Complete 
|  32|0x0000000093000000, 0x0000000093100000, 0x0000000093100000|100%|HS|  |TAMS 0x0000000093000000, 0x0000000093000000| Complete 
|  33|0x0000000093100000, 0x0000000093200000, 0x0000000093200000|100%|HS|  |TAMS 0x0000000093100000, 0x0000000093100000| Complete 
|  34|0x0000000093200000, 0x0000000093300000, 0x0000000093300000|100%|HS|  |TAMS 0x0000000093200000, 0x0000000093200000| Complete 
|  35|0x0000000093300000, 0x0000000093400000, 0x0000000093400000|100%| O|  |TAMS 0x0000000093300000, 0x0000000093300000| Untracked 
|  36|0x0000000093400000, 0x0000000093500000, 0x0000000093500000|100%| O|  |TAMS 0x0000000093400000, 0x0000000093400000| Untracked 
|  37|0x0000000093500000, 0x0000000093600000, 0x0000000093600000|100%| O|  |TAMS 0x0000000093500000, 0x0000000093500000| Untracked 
|  38|0x0000000093600000, 0x0000000093700000, 0x0000000093700000|100%| O|  |TAMS 0x0000000093600000, 0x0000000093600000| Untracked 
|  39|0x0000000093700000, 0x0000000093800000, 0x0000000093800000|100%| O|  |TAMS 0x0000000093700000, 0x0000000093700000| Untracked 
|  40|0x0000000093800000, 0x0000000093900000, 0x0000000093900000|100%| O|  |TAMS 0x0000000093800000, 0x0000000093800000| Untracked 
|  41|0x0000000093900000, 0x0000000093900000, 0x0000000093a00000|  0%| F|  |TAMS 0x0000000093900000, 0x0000000093900000| Untracked 
|  42|0x0000000093a00000, 0x0000000093b00000, 0x0000000093b00000|100%| O|  |TAMS 0x0000000093a00000, 0x0000000093a00000| Untracked 
|  43|0x0000000093b00000, 0x0000000093c00000, 0x0000000093c00000|100%| O|  |TAMS 0x0000000093b00000, 0x0000000093b00000| Untracked 
|  44|0x0000000093c00000, 0x0000000093d00000, 0x0000000093d00000|100%| O|  |TAMS 0x0000000093c00000, 0x0000000093c00000| Untracked 
|  45|0x0000000093d00000, 0x0000000093e00000, 0x0000000093e00000|100%| O|  |TAMS 0x0000000093d00000, 0x0000000093d00000| Untracked 
|  46|0x0000000093e00000, 0x0000000093e00000, 0x0000000093f00000|  0%| F|  |TAMS 0x0000000093e00000, 0x0000000093e00000| Untracked 
|  47|0x0000000093f00000, 0x0000000093f00000, 0x0000000094000000|  0%| F|  |TAMS 0x0000000093f00000, 0x0000000093f00000| Untracked 
|  48|0x0000000094000000, 0x0000000094000000, 0x0000000094100000|  0%| F|  |TAMS 0x0000000094000000, 0x0000000094000000| Untracked 
|  49|0x0000000094100000, 0x0000000094100000, 0x0000000094200000|  0%| F|  |TAMS 0x0000000094100000, 0x0000000094100000| Untracked 
|  50|0x0000000094200000, 0x0000000094300000, 0x0000000094300000|100%| O|  |TAMS 0x0000000094200000, 0x0000000094200000| Untracked 
|  51|0x0000000094300000, 0x0000000094400000, 0x0000000094400000|100%| O|  |TAMS 0x0000000094300000, 0x0000000094300000| Untracked 
|  52|0x0000000094400000, 0x0000000094500000, 0x0000000094500000|100%| O|  |TAMS 0x0000000094400000, 0x0000000094400000| Untracked 
|  53|0x0000000094500000, 0x0000000094500000, 0x0000000094600000|  0%| F|  |TAMS 0x0000000094500000, 0x0000000094500000| Untracked 
|  54|0x0000000094600000, 0x0000000094600000, 0x0000000094700000|  0%| F|  |TAMS 0x0000000094600000, 0x0000000094600000| Untracked 
|  55|0x0000000094700000, 0x0000000094700000, 0x0000000094800000|  0%| F|  |TAMS 0x0000000094700000, 0x0000000094700000| Untracked 
|  56|0x0000000094800000, 0x0000000094800000, 0x0000000094900000|  0%| F|  |TAMS 0x0000000094800000, 0x0000000094800000| Untracked 
|  57|0x0000000094900000, 0x0000000094900000, 0x0000000094a00000|  0%| F|  |TAMS 0x0000000094900000, 0x0000000094900000| Untracked 
|  58|0x0000000094a00000, 0x0000000094a00000, 0x0000000094b00000|  0%| F|  |TAMS 0x0000000094a00000, 0x0000000094a00000| Untracked 
|  59|0x0000000094b00000, 0x0000000094b00000, 0x0000000094c00000|  0%| F|  |TAMS 0x0000000094b00000, 0x0000000094b00000| Untracked 
|  60|0x0000000094c00000, 0x0000000094c00000, 0x0000000094d00000|  0%| F|  |TAMS 0x0000000094c00000, 0x0000000094c00000| Untracked 
|  61|0x0000000094d00000, 0x0000000094d00000, 0x0000000094e00000|  0%| F|  |TAMS 0x0000000094d00000, 0x0000000094d00000| Untracked 
|  62|0x0000000094e00000, 0x0000000094e00000, 0x0000000094f00000|  0%| F|  |TAMS 0x0000000094e00000, 0x0000000094e00000| Untracked 
|  63|0x0000000094f00000, 0x0000000094f00000, 0x0000000095000000|  0%| F|  |TAMS 0x0000000094f00000, 0x0000000094f00000| Untracked 
|  64|0x0000000095000000, 0x0000000095000000, 0x0000000095100000|  0%| F|  |TAMS 0x0000000095000000, 0x0000000095000000| Untracked 
|  65|0x0000000095100000, 0x0000000095100000, 0x0000000095200000|  0%| F|  |TAMS 0x0000000095100000, 0x0000000095100000| Untracked 
|  66|0x0000000095200000, 0x0000000095200000, 0x0000000095300000|  0%| F|  |TAMS 0x0000000095200000, 0x0000000095200000| Untracked 
|  67|0x0000000095300000, 0x000000009538f0c0, 0x0000000095400000| 55%| S|CS|TAMS 0x0000000095300000, 0x0000000095300000| Complete 
|  68|0x0000000095400000, 0x0000000095500000, 0x0000000095500000|100%| S|CS|TAMS 0x0000000095400000, 0x0000000095400000| Complete 
|  69|0x0000000095500000, 0x0000000095600000, 0x0000000095600000|100%| S|CS|TAMS 0x0000000095500000, 0x0000000095500000| Complete 
|  70|0x0000000095600000, 0x0000000095700000, 0x0000000095700000|100%| S|CS|TAMS 0x0000000095600000, 0x0000000095600000| Complete 
|  71|0x0000000095700000, 0x0000000095700000, 0x0000000095800000|  0%| F|  |TAMS 0x0000000095700000, 0x0000000095700000| Untracked 
|  72|0x0000000095800000, 0x0000000095800000, 0x0000000095900000|  0%| F|  |TAMS 0x0000000095800000, 0x0000000095800000| Untracked 
|  73|0x0000000095900000, 0x0000000095900000, 0x0000000095a00000|  0%| F|  |TAMS 0x0000000095900000, 0x0000000095900000| Untracked 
|  74|0x0000000095a00000, 0x0000000095a00000, 0x0000000095b00000|  0%| F|  |TAMS 0x0000000095a00000, 0x0000000095a00000| Untracked 
|  75|0x0000000095b00000, 0x0000000095b00000, 0x0000000095c00000|  0%| F|  |TAMS 0x0000000095b00000, 0x0000000095b00000| Untracked 
|  76|0x0000000095c00000, 0x0000000095c00000, 0x0000000095d00000|  0%| F|  |TAMS 0x0000000095c00000, 0x0000000095c00000| Untracked 
|  77|0x0000000095d00000, 0x0000000095d00000, 0x0000000095e00000|  0%| F|  |TAMS 0x0000000095d00000, 0x0000000095d00000| Untracked 
|  78|0x0000000095e00000, 0x0000000095e666c0, 0x0000000095f00000| 40%| E|  |TAMS 0x0000000095e00000, 0x0000000095e00000| Complete 
|  79|0x0000000095f00000, 0x0000000096000000, 0x0000000096000000|100%| E|CS|TAMS 0x0000000095f00000, 0x0000000095f00000| Complete 
|  80|0x0000000096000000, 0x0000000096100000, 0x0000000096100000|100%| E|CS|TAMS 0x0000000096000000, 0x0000000096000000| Complete 
|  81|0x0000000096100000, 0x0000000096200000, 0x0000000096200000|100%| E|CS|TAMS 0x0000000096100000, 0x0000000096100000| Complete 
|  82|0x0000000096200000, 0x0000000096300000, 0x0000000096300000|100%| E|CS|TAMS 0x0000000096200000, 0x0000000096200000| Complete 
|  83|0x0000000096300000, 0x0000000096400000, 0x0000000096400000|100%| E|CS|TAMS 0x0000000096300000, 0x0000000096300000| Complete 
|  84|0x0000000096400000, 0x0000000096500000, 0x0000000096500000|100%| E|CS|TAMS 0x0000000096400000, 0x0000000096400000| Complete 
|  85|0x0000000096500000, 0x0000000096600000, 0x0000000096600000|100%| E|CS|TAMS 0x0000000096500000, 0x0000000096500000| Complete 
|  86|0x0000000096600000, 0x0000000096700000, 0x0000000096700000|100%| E|CS|TAMS 0x0000000096600000, 0x0000000096600000| Complete 
|  87|0x0000000096700000, 0x0000000096800000, 0x0000000096800000|100%| E|CS|TAMS 0x0000000096700000, 0x0000000096700000| Complete 
|  88|0x0000000096800000, 0x0000000096900000, 0x0000000096900000|100%| E|CS|TAMS 0x0000000096800000, 0x0000000096800000| Complete 
|  89|0x0000000096900000, 0x0000000096a00000, 0x0000000096a00000|100%| E|CS|TAMS 0x0000000096900000, 0x0000000096900000| Complete 
|  90|0x0000000096a00000, 0x0000000096b00000, 0x0000000096b00000|100%| E|CS|TAMS 0x0000000096a00000, 0x0000000096a00000| Complete 
|  91|0x0000000096b00000, 0x0000000096c00000, 0x0000000096c00000|100%| E|CS|TAMS 0x0000000096b00000, 0x0000000096b00000| Complete 
|  92|0x0000000096c00000, 0x0000000096d00000, 0x0000000096d00000|100%| E|CS|TAMS 0x0000000096c00000, 0x0000000096c00000| Complete 
|  93|0x0000000096d00000, 0x0000000096e00000, 0x0000000096e00000|100%| E|CS|TAMS 0x0000000096d00000, 0x0000000096d00000| Complete 
|  94|0x0000000096e00000, 0x0000000096f00000, 0x0000000096f00000|100%| E|CS|TAMS 0x0000000096e00000, 0x0000000096e00000| Complete 
|  95|0x0000000096f00000, 0x0000000097000000, 0x0000000097000000|100%| E|CS|TAMS 0x0000000096f00000, 0x0000000096f00000| Complete 
|  96|0x0000000097000000, 0x0000000097100000, 0x0000000097100000|100%| E|CS|TAMS 0x0000000097000000, 0x0000000097000000| Complete 
|  97|0x0000000097100000, 0x0000000097200000, 0x0000000097200000|100%| E|CS|TAMS 0x0000000097100000, 0x0000000097100000| Complete 
|  98|0x0000000097200000, 0x0000000097300000, 0x0000000097300000|100%| E|CS|TAMS 0x0000000097200000, 0x0000000097200000| Complete 
|  99|0x0000000097300000, 0x0000000097400000, 0x0000000097400000|100%| E|CS|TAMS 0x0000000097300000, 0x0000000097300000| Complete 
| 100|0x0000000097400000, 0x0000000097500000, 0x0000000097500000|100%| E|CS|TAMS 0x0000000097400000, 0x0000000097400000| Complete 
| 101|0x0000000097500000, 0x0000000097600000, 0x0000000097600000|100%| E|CS|TAMS 0x0000000097500000, 0x0000000097500000| Complete 
| 102|0x0000000097600000, 0x0000000097700000, 0x0000000097700000|100%| E|CS|TAMS 0x0000000097600000, 0x0000000097600000| Complete 
| 103|0x0000000097700000, 0x0000000097800000, 0x0000000097800000|100%| E|CS|TAMS 0x0000000097700000, 0x0000000097700000| Complete 
| 104|0x0000000097800000, 0x0000000097900000, 0x0000000097900000|100%| E|CS|TAMS 0x0000000097800000, 0x0000000097800000| Complete 
| 105|0x0000000097900000, 0x0000000097a00000, 0x0000000097a00000|100%| E|CS|TAMS 0x0000000097900000, 0x0000000097900000| Complete 
| 106|0x0000000097a00000, 0x0000000097b00000, 0x0000000097b00000|100%| E|CS|TAMS 0x0000000097a00000, 0x0000000097a00000| Complete 
| 107|0x0000000097b00000, 0x0000000097c00000, 0x0000000097c00000|100%| E|CS|TAMS 0x0000000097b00000, 0x0000000097b00000| Complete 
| 108|0x0000000097c00000, 0x0000000097d00000, 0x0000000097d00000|100%| E|CS|TAMS 0x0000000097c00000, 0x0000000097c00000| Complete 
| 109|0x0000000097d00000, 0x0000000097e00000, 0x0000000097e00000|100%| E|CS|TAMS 0x0000000097d00000, 0x0000000097d00000| Complete 
| 110|0x0000000097e00000, 0x0000000097f00000, 0x0000000097f00000|100%| E|CS|TAMS 0x0000000097e00000, 0x0000000097e00000| Complete 
| 111|0x0000000097f00000, 0x0000000098000000, 0x0000000098000000|100%| E|CS|TAMS 0x0000000097f00000, 0x0000000097f00000| Complete 

Card table byte_map: [0x000001954a910000,0x000001954ac90000] _byte_map_base: 0x000001954a488000

Marking Bits (Prev, Next): (CMBitMap*) 0x000001953377fd70, (CMBitMap*) 0x000001953377fd30
 Prev Bits: [0x000001954cbd0000, 0x000001954e790000)
 Next Bits: [0x000001954b010000, 0x000001954cbd0000)

Polling page: 0x00000195316e0000

Metaspace:

Usage:
  Non-class:     19.74 MB used.
      Class:      3.14 MB used.
       Both:     22.89 MB used.

Virtual space:
  Non-class space:       64.00 MB reserved,      19.88 MB ( 31%) committed,  1 nodes.
      Class space:        1.00 GB reserved,       3.38 MB ( <1%) committed,  1 nodes.
             Both:        1.06 GB reserved,      23.25 MB (  2%) committed. 

Chunk freelists:
   Non-Class:  12.14 MB
       Class:  12.49 MB
        Both:  24.63 MB

MaxMetaspaceSize: unlimited
CompressedClassSpaceSize: 1.00 GB
Initial GC threshold: 21.00 MB
Current GC threshold: 35.25 MB
CDS: on
MetaspaceReclaimPolicy: balanced
 - commit_granule_bytes: 65536.
 - commit_granule_words: 8192.
 - virtual_space_node_default_size: 8388608.
 - enlarge_chunks_in_place: 1.
 - new_chunks_are_fully_committed: 0.
 - uncommit_free_chunks: 1.
 - use_allocation_guard: 0.
 - handle_deallocations: 1.


Internal statistics:

num_allocs_failed_limit: 3.
num_arena_births: 432.
num_arena_deaths: 0.
num_vsnodes_births: 2.
num_vsnodes_deaths: 0.
num_space_committed: 372.
num_space_uncommitted: 0.
num_chunks_returned_to_freelist: 3.
num_chunks_taken_from_freelist: 1329.
num_chunk_merges: 3.
num_chunk_splits: 872.
num_chunks_enlarged: 588.
num_inconsistent_stats: 0.

CodeHeap 'non-profiled nmethods': size=120000Kb used=5710Kb max_used=5710Kb free=114289Kb
 bounds [0x0000019542d30000, 0x00000195432d0000, 0x000001954a260000]
CodeHeap 'profiled nmethods': size=120000Kb used=15032Kb max_used=15032Kb free=104967Kb
 bounds [0x000001953b260000, 0x000001953c110000, 0x0000019542790000]
CodeHeap 'non-nmethods': size=5760Kb used=1524Kb max_used=1611Kb free=4235Kb
 bounds [0x0000019542790000, 0x0000019542a00000, 0x0000019542d30000]
 total_blobs=7608 nmethods=6784 adapters=736
 compilation: enabled
              stopped_count=0, restarted_count=0
 full_count=0

Compilation events (20 events):
Event: 161.530 Thread 0x00000195511aecb0 nmethod 7672 0x000001953c10a590 code [0x000001953c10a760, 0x000001953c10ac08]
Event: 161.542 Thread 0x00000195511aecb0 7673       3       javafx.scene.control.skin.ListCellSkin::computeMinHeight (29 bytes)
Event: 161.544 Thread 0x00000195511a54b0 7674       4       com.sun.scenario.effect.impl.prism.ps.PPSDrawable::getPhysicalHeight (10 bytes)
Event: 161.544 Thread 0x00000195511aecb0 nmethod 7673 0x000001953c10ad90 code [0x000001953c10afc0, 0x000001953c10b7a8]
Event: 161.545 Thread 0x00000195511a54b0 nmethod 7674 0x00000195432c1990 code [0x00000195432c1b00, 0x00000195432c1bb8]
Event: 161.545 Thread 0x00000195511a54b0 7675       4       java.lang.Math::abs (14 bytes)
Event: 161.546 Thread 0x00000195511a54b0 nmethod 7675 0x00000195432c1c90 code [0x00000195432c1e00, 0x00000195432c1e58]
Event: 161.865 Thread 0x00000195511a54b0 7676   !   4       com.sun.scenario.effect.impl.state.BoxRenderState::validatePassInput (351 bytes)
Event: 161.875 Thread 0x00000195511a54b0 nmethod 7676 0x00000195432c1f90 code [0x00000195432c2140, 0x00000195432c2698]
Event: 161.875 Thread 0x00000195511a54b0 7677       4       com.sun.scenario.effect.impl.state.BoxRenderState::getPassPeer (125 bytes)
Event: 161.881 Thread 0x00000195511a54b0 nmethod 7677 0x00000195432c2b10 code [0x00000195432c2ce0, 0x00000195432c3048]
Event: 162.192 Thread 0x00000195511aecb0 7678   !   3       javafx.scene.control.TextInputControl::replaceText (124 bytes)
Event: 162.194 Thread 0x00000195511aecb0 nmethod 7678 0x000001953c10ba90 code [0x000001953c10bda0, 0x000001953c10d3d8]
Event: 162.194 Thread 0x00000195511aecb0 7679       3       javafx.scene.control.TextField$TextFieldContent::insert (33 bytes)
Event: 162.195 Thread 0x00000195511aecb0 nmethod 7679 0x000001953c10df10 code [0x000001953c10e100, 0x000001953c10e608]
Event: 162.649 Thread 0x00000195511a54b0 7680       4       java.lang.invoke.DirectMethodHandle$Holder::invokeStatic (17 bytes)
Event: 162.650 Thread 0x00000195511a54b0 nmethod 7680 0x00000195432c3390 code [0x00000195432c3520, 0x00000195432c35e8]
Event: 162.650 Thread 0x00000195511a54b0 7681       4       java.lang.invoke.LambdaForm$MH/0x0000019553014400::invoke (32 bytes)
Event: 162.652 Thread 0x00000195511a54b0 nmethod 7681 0x00000195432c3710 code [0x00000195432c38a0, 0x00000195432c39f8]
Event: 584.114 Thread 0x00000195511aecb0 7682       3       java.util.concurrent.ConcurrentHashMap$BaseIterator::<init> (21 bytes)

GC Heap History (10 events):
Event: 1.126 GC heap before
{Heap before GC invocations=0 (full 0):
 garbage-first heap   total 114688K, used 23552K [0x0000000091000000, 0x0000000100000000)
  region size 1024K, 23 young (23552K), 0 survivors (0K)
 Metaspace       used 4571K, committed 4800K, reserved 1114112K
  class space    used 513K, committed 640K, reserved 1048576K
}
Event: 1.130 GC heap after
{Heap after GC invocations=1 (full 0):
 garbage-first heap   total 114688K, used 3025K [0x0000000091000000, 0x0000000100000000)
  region size 1024K, 3 young (3072K), 3 survivors (3072K)
 Metaspace       used 4571K, committed 4800K, reserved 1114112K
  class space    used 513K, committed 640K, reserved 1048576K
}
Event: 4.431 GC heap before
{Heap before GC invocations=1 (full 0):
 garbage-first heap   total 114688K, used 39889K [0x0000000091000000, 0x0000000100000000)
  region size 1024K, 36 young (36864K), 3 survivors (3072K)
 Metaspace       used 10756K, committed 11008K, reserved 1114112K
  class space    used 1426K, committed 1536K, reserved 1048576K
}
Event: 4.438 GC heap after
{Heap after GC invocations=2 (full 0):
 garbage-first heap   total 114688K, used 8386K [0x0000000091000000, 0x0000000100000000)
  region size 1024K, 4 young (4096K), 4 survivors (4096K)
 Metaspace       used 10756K, committed 11008K, reserved 1114112K
  class space    used 1426K, committed 1536K, reserved 1048576K
}
Event: 13.957 GC heap before
{Heap before GC invocations=2 (full 0):
 garbage-first heap   total 114688K, used 86210K [0x0000000091000000, 0x0000000100000000)
  region size 1024K, 62 young (63488K), 4 survivors (4096K)
 Metaspace       used 21199K, committed 21504K, reserved 1114112K
  class space    used 3069K, committed 3200K, reserved 1048576K
}
Event: 13.970 GC heap after
{Heap after GC invocations=3 (full 0):
 garbage-first heap   total 114688K, used 33720K [0x0000000091000000, 0x0000000100000000)
  region size 1024K, 9 young (9216K), 9 survivors (9216K)
 Metaspace       used 21199K, committed 21504K, reserved 1114112K
  class space    used 3069K, committed 3200K, reserved 1048576K
}
Event: 48.617 GC heap before
{Heap before GC invocations=4 (full 0):
 garbage-first heap   total 114688K, used 91064K [0x0000000091000000, 0x0000000100000000)
  region size 1024K, 55 young (56320K), 9 survivors (9216K)
 Metaspace       used 22517K, committed 22848K, reserved 1114112K
  class space    used 3187K, committed 3392K, reserved 1048576K
}
Event: 48.630 GC heap after
{Heap after GC invocations=5 (full 0):
 garbage-first heap   total 114688K, used 42086K [0x0000000091000000, 0x0000000100000000)
  region size 1024K, 6 young (6144K), 6 survivors (6144K)
 Metaspace       used 22517K, committed 22848K, reserved 1114112K
  class space    used 3187K, committed 3392K, reserved 1048576K
}
Event: 137.769 GC heap before
{Heap before GC invocations=5 (full 0):
 garbage-first heap   total 114688K, used 93286K [0x0000000091000000, 0x0000000100000000)
  region size 1024K, 47 young (48128K), 6 survivors (6144K)
 Metaspace       used 23165K, committed 23616K, reserved 1114112K
  class space    used 3215K, committed 3456K, reserved 1048576K
}
Event: 137.779 GC heap after
{Heap after GC invocations=6 (full 0):
 garbage-first heap   total 114688K, used 46652K [0x0000000091000000, 0x0000000100000000)
  region size 1024K, 4 young (4096K), 4 survivors (4096K)
 Metaspace       used 23165K, committed 23616K, reserved 1114112K
  class space    used 3215K, committed 3456K, reserved 1048576K
}

Dll operation events (20 events):
Event: 0.682 Loaded shared library D:\Proyecto Terminal\openjfx-22.0.1_windows-x64_bin-sdk\javafx-sdk-22.0.1\bin\api-ms-win-crt-math-l1-1-0.dll
Event: 0.684 Loaded shared library D:\Proyecto Terminal\openjfx-22.0.1_windows-x64_bin-sdk\javafx-sdk-22.0.1\bin\api-ms-win-crt-multibyte-l1-1-0.dll
Event: 0.686 Loaded shared library D:\Proyecto Terminal\openjfx-22.0.1_windows-x64_bin-sdk\javafx-sdk-22.0.1\bin\api-ms-win-crt-private-l1-1-0.dll
Event: 0.688 Loaded shared library D:\Proyecto Terminal\openjfx-22.0.1_windows-x64_bin-sdk\javafx-sdk-22.0.1\bin\api-ms-win-crt-process-l1-1-0.dll
Event: 0.690 Loaded shared library D:\Proyecto Terminal\openjfx-22.0.1_windows-x64_bin-sdk\javafx-sdk-22.0.1\bin\api-ms-win-crt-runtime-l1-1-0.dll
Event: 0.692 Loaded shared library D:\Proyecto Terminal\openjfx-22.0.1_windows-x64_bin-sdk\javafx-sdk-22.0.1\bin\api-ms-win-crt-stdio-l1-1-0.dll
Event: 0.695 Loaded shared library D:\Proyecto Terminal\openjfx-22.0.1_windows-x64_bin-sdk\javafx-sdk-22.0.1\bin\api-ms-win-crt-string-l1-1-0.dll
Event: 0.698 Loaded shared library D:\Proyecto Terminal\openjfx-22.0.1_windows-x64_bin-sdk\javafx-sdk-22.0.1\bin\api-ms-win-crt-time-l1-1-0.dll
Event: 0.701 Loaded shared library D:\Proyecto Terminal\openjfx-22.0.1_windows-x64_bin-sdk\javafx-sdk-22.0.1\bin\api-ms-win-crt-utility-l1-1-0.dll
Event: 0.704 Loaded shared library D:\Proyecto Terminal\openjfx-22.0.1_windows-x64_bin-sdk\javafx-sdk-22.0.1\bin\ucrtbase.dll
Event: 0.707 Loaded shared library D:\Proyecto Terminal\openjfx-22.0.1_windows-x64_bin-sdk\javafx-sdk-22.0.1\bin\vcruntime140.dll
Event: 0.709 Loaded shared library D:\Proyecto Terminal\openjfx-22.0.1_windows-x64_bin-sdk\javafx-sdk-22.0.1\bin\vcruntime140_1.dll
Event: 0.712 Loaded shared library D:\Proyecto Terminal\openjfx-22.0.1_windows-x64_bin-sdk\javafx-sdk-22.0.1\bin\msvcp140.dll
Event: 0.714 Loaded shared library D:\Proyecto Terminal\openjfx-22.0.1_windows-x64_bin-sdk\javafx-sdk-22.0.1\bin\msvcp140_1.dll
Event: 0.716 Loaded shared library D:\Proyecto Terminal\openjfx-22.0.1_windows-x64_bin-sdk\javafx-sdk-22.0.1\bin\msvcp140_2.dll
Event: 0.810 Loaded shared library D:\Proyecto Terminal\openjfx-22.0.1_windows-x64_bin-sdk\javafx-sdk-22.0.1\bin\prism_d3d.dll
Event: 0.875 Loaded shared library D:\Proyecto Terminal\openjfx-22.0.1_windows-x64_bin-sdk\javafx-sdk-22.0.1\bin\glass.dll
Event: 1.068 Loaded shared library C:\Users\diego\.jdks\corretto-17.0.13\bin\jimage.dll
Event: 2.031 Loaded shared library D:\Proyecto Terminal\openjfx-22.0.1_windows-x64_bin-sdk\javafx-sdk-22.0.1\bin\javafx_font.dll
Event: 6.703 Loaded shared library D:\Proyecto Terminal\openjfx-22.0.1_windows-x64_bin-sdk\javafx-sdk-22.0.1\bin\javafx_iio.dll

Deoptimization events (20 events):
Event: 159.587 Thread 0x00000195971d2ad0 DEOPT PACKING pc=0x000001953b42febc sp=0x0000007bfd6fc740
Event: 159.587 Thread 0x00000195971d2ad0 DEOPT UNPACKING pc=0x00000195427e7143 sp=0x0000007bfd6fbd28 mode 1
Event: 159.587 Thread 0x00000195971d2ad0 DEOPT PACKING pc=0x000001953b41afdc sp=0x0000007bfd6fc930
Event: 159.587 Thread 0x00000195971d2ad0 DEOPT UNPACKING pc=0x00000195427e7143 sp=0x0000007bfd6fbdf8 mode 1
Event: 159.589 Thread 0x00000195971d2ad0 DEOPT PACKING pc=0x000001953b42febc sp=0x0000007bfd6fc740
Event: 159.589 Thread 0x00000195971d2ad0 DEOPT UNPACKING pc=0x00000195427e7143 sp=0x0000007bfd6fbd28 mode 1
Event: 159.589 Thread 0x00000195971d2ad0 DEOPT PACKING pc=0x000001953b41afdc sp=0x0000007bfd6fc930
Event: 159.589 Thread 0x00000195971d2ad0 DEOPT UNPACKING pc=0x00000195427e7143 sp=0x0000007bfd6fbdf8 mode 1
Event: 584.113 Thread 0x00000195a09742f0 Uncommon trap: trap_request=0xffffff45 fr.pc=0x0000019542e44844 relative=0x00000000000000c4
Event: 584.113 Thread 0x00000195a09742f0 Uncommon trap: reason=unstable_if action=reinterpret pc=0x0000019542e44844 method=java.util.concurrent.locks.ReentrantLock$Sync.tryRelease(I)Z @ 26 c2
Event: 584.113 Thread 0x00000195a09742f0 DEOPT PACKING pc=0x0000019542e44844 sp=0x0000007bfcdff100
Event: 584.113 Thread 0x00000195a09742f0 DEOPT UNPACKING pc=0x00000195427e69a3 sp=0x0000007bfcdff0b0 mode 2
Event: 584.113 Thread 0x00000195971c5a70 DEOPT PACKING pc=0x000001953bb69ec4 sp=0x0000007bfd2fed70
Event: 584.113 Thread 0x00000195971c5a70 DEOPT UNPACKING pc=0x00000195427e7143 sp=0x0000007bfd2fe290 mode 1
Event: 584.113 Thread 0x00000195971c5a70 DEOPT PACKING pc=0x000001953beeb464 sp=0x0000007bfd2fee60
Event: 584.113 Thread 0x00000195971c5a70 DEOPT UNPACKING pc=0x00000195427e7143 sp=0x0000007bfd2fe3a8 mode 1
Event: 584.113 Thread 0x00000195971c5a70 DEOPT PACKING pc=0x000001953beee03c sp=0x0000007bfd2fef70
Event: 584.113 Thread 0x00000195971c5a70 DEOPT UNPACKING pc=0x00000195427e7143 sp=0x0000007bfd2fe430 mode 1
Event: 584.114 Thread 0x00000195a09742f0 DEOPT PACKING pc=0x0000019542ec57cc sp=0x0000007bfcdff460
Event: 584.114 Thread 0x00000195a09742f0 DEOPT UNPACKING pc=0x00000195427e7143 sp=0x0000007bfcdfe880 mode 1

Classes loaded (20 events):
Event: 57.289 Loading class optiuam/bc/model/ElementoGrafico
Event: 57.289 Loading class optiuam/bc/model/ElementoGrafico done
Event: 57.289 Loading class optiuam/bc/model/ElementoGrafico
Event: 57.289 Loading class optiuam/bc/model/ElementoGrafico done
Event: 57.290 Loading class optiuam/bc/model/ElementoGrafico
Event: 57.290 Loading class optiuam/bc/model/ElementoGrafico done
Event: 57.290 Loading class optiuam/bc/model/ElementoGrafico
Event: 57.290 Loading class optiuam/bc/model/ElementoGrafico done
Event: 57.291 Loading class optiuam/bc/controller/VentanaFibraController
Event: 57.291 Loading class optiuam/bc/controller/VentanaFibraController done
Event: 57.291 Loading class optiuam/bc/model/ElementoGrafico
Event: 57.291 Loading class optiuam/bc/model/ElementoGrafico done
Event: 91.016 Loading class java/io/DataOutputStream
Event: 91.017 Loading class java/io/DataOutputStream done
Event: 584.108 Loading class jdk/internal/misc/Signal$1
Event: 584.109 Loading class jdk/internal/misc/Signal$1 done
Event: 584.112 Loading class com/sun/javafx/tk/quantum/QuantumRenderer
Event: 584.112 Loading class com/sun/javafx/tk/quantum/QuantumRenderer done
Event: 584.113 Loading class com/sun/javafx/tk/quantum/QuantumToolkit
Event: 584.113 Loading class com/sun/javafx/tk/quantum/QuantumToolkit done

Classes unloaded (0 events):
No events

Classes redefined (0 events):
No events

Internal exceptions (20 events):
Event: 6.618 Thread 0x00000195971d2ad0 Exception <a 'java/lang/NoSuchMethodError'{0x0000000095f4b910}: 'long java.lang.invoke.DirectMethodHandle$Holder.invokeStaticInit(java.lang.Object, java.lang.Object, java.lang.Object)'> (0x0000000095f4b910) 
thrown [s\src\hotspot\share\interpreter\linkResolver.cpp, line 759]
Event: 6.622 Thread 0x00000195971d2ad0 Exception <a 'java/lang/NoSuchMethodError'{0x0000000095f63490}: 'java.lang.Object java.lang.invoke.DirectMethodHandle$Holder.newInvokeSpecial(java.lang.Object, java.lang.Object, long)'> (0x0000000095f63490) 
thrown [s\src\hotspot\share\interpreter\linkResolver.cpp, line 759]
Event: 6.623 Thread 0x00000195971d2ad0 Exception <a 'java/lang/NoSuchMethodError'{0x0000000095f67000}: 'java.lang.Object java.lang.invoke.Invokers$Holder.linkToTargetMethod(java.lang.Object, long, java.lang.Object)'> (0x0000000095f67000) 
thrown [s\src\hotspot\share\interpreter\linkResolver.cpp, line 759]
Event: 6.968 Thread 0x00000195971d2ad0 Exception <a 'java/lang/ClassNotFoundException'{0x0000000095436f18}: com/sun/javafx/scene/control/skin/resources/controls> (0x0000000095436f18) 
thrown [s\src\hotspot\share\prims\jni.cpp, line 535]
Event: 6.970 Thread 0x00000195971d2ad0 Exception <a 'java/lang/ClassNotFoundException'{0x00000000954458c8}: com/sun/javafx/scene/control/skin/resources/controls_es> (0x00000000954458c8) 
thrown [s\src\hotspot\share\prims\jni.cpp, line 535]
Event: 6.971 Thread 0x00000195971d2ad0 Exception <a 'java/lang/ClassNotFoundException'{0x0000000095453aa8}: com/sun/javafx/scene/control/skin/resources/controls_es_MX> (0x0000000095453aa8) 
thrown [s\src\hotspot\share\prims\jni.cpp, line 535]
Event: 7.025 Thread 0x00000195971d2ad0 Exception <a 'java/lang/NoSuchMethodError'{0x00000000953e2678}: 'int java.lang.invoke.DirectMethodHandle$Holder.invokeSpecial(java.lang.Object, java.lang.Object, int)'> (0x00000000953e2678) 
thrown [s\src\hotspot\share\interpreter\linkResolver.cpp, line 759]
Event: 7.303 Thread 0x00000195971d2ad0 Exception <a 'java/lang/NoSuchMethodError'{0x0000000094c35ae0}: 'void java.lang.invoke.DirectMethodHandle$Holder.invokeVirtual(java.lang.Object, java.lang.Object)'> (0x0000000094c35ae0) 
thrown [s\src\hotspot\share\interpreter\linkResolver.cpp, line 759]
Event: 8.532 Thread 0x00000195971d2ad0 Exception <a 'java/lang/NoSuchMethodError'{0x0000000094a48110}: 'java.lang.Object java.lang.invoke.DirectMethodHandle$Holder.newInvokeSpecial(java.lang.Object, java.lang.Object, int, int, int, int, int, java.lang.Object)'> (0x0000000094a48110) 
thrown [s\src\hotspot\share\interpreter\linkResolver.cpp, line 759]
Event: 8.536 Thread 0x00000195971d2ad0 Exception <a 'java/lang/NoSuchMethodError'{0x0000000094a5b638}: 'java.lang.Object java.lang.invoke.DirectMethodHandle$Holder.newInvokeSpecial(java.lang.Object, java.lang.Object, java.lang.Object, int, int, int, int, int)'> (0x0000000094a5b638) 
thrown [s\src\hotspot\share\interpreter\linkResolver.cpp, line 759]
Event: 8.539 Thread 0x00000195971d2ad0 Exception <a 'java/lang/NoSuchMethodError'{0x0000000094a63690}: 'java.lang.Object java.lang.invoke.Invokers$Holder.linkToTargetMethod(java.lang.Object, java.lang.Object, int, int, int, int, int, java.lang.Object)'> (0x0000000094a63690) 
thrown [s\src\hotspot\share\interpreter\linkResolver.cpp, line 759]
Event: 10.583 Thread 0x00000195971d2ad0 Implicit null exception at 0x0000019542eeb67c to 0x0000019542eec58c
Event: 10.585 Thread 0x00000195971d2ad0 Implicit null exception at 0x0000019542f2e21c to 0x0000019542f2ee4c
Event: 12.192 Thread 0x00000195971d2ad0 Implicit null exception at 0x0000019542f49d7e to 0x0000019542f49e10
Event: 14.850 Thread 0x00000195971d2ad0 Implicit null exception at 0x0000019542f3326c to 0x0000019542f332e8
Event: 39.937 Thread 0x00000195971d2ad0 Implicit null exception at 0x0000019543084597 to 0x00000195430887d4
Event: 91.023 Thread 0x00000195971d2ad0 Exception <a 'java/lang/NoSuchMethodError'{0x000000009619d970}: 'java.lang.Object java.lang.invoke.DirectMethodHandle$Holder.invokeSpecial(java.lang.Object, java.lang.Object, long, java.lang.Object, int, int, java.lang.Object, int, java.lang.Object)'> (0x000000009619d970) 
thrown [s\src\hotspot\share\interpreter\linkResolver.cpp, line 759]
Event: 91.024 Thread 0x00000195971d2ad0 Exception <a 'java/lang/NoSuchMethodError'{0x00000000961a1bd0}: 'java.lang.Object java.lang.invoke.DelegatingMethodHandle$Holder.reinvoke_L(java.lang.Object, long, java.lang.Object, int, int, java.lang.Object, int, java.lang.Object)'> (0x00000000961a1bd0) 
thrown [s\src\hotspot\share\interpreter\linkResolver.cpp, line 759]
Event: 91.037 Thread 0x00000195971d2ad0 Exception <a 'java/lang/NoSuchMethodError'{0x0000000096089c00}: 'java.lang.Object java.lang.invoke.DirectMethodHandle$Holder.invokeSpecial(java.lang.Object, java.lang.Object, long, java.lang.Object, int, int, int, java.lang.Object, java.lang.Object, java.lang.Object, int)'> (0x0000000096089c00) 
thrown [s\src\hotspot\share\interpreter\linkResolver.cpp, line 759]
Event: 91.037 Thread 0x00000195971d2ad0 Exception <a 'java/lang/NoSuchMethodError'{0x000000009608e140}: 'java.lang.Object java.lang.invoke.DelegatingMethodHandle$Holder.reinvoke_L(java.lang.Object, long, java.lang.Object, int, int, int, java.lang.Object, java.lang.Object, java.lang.Object, int)'> (0x000000009608e140) 
thrown [s\src\hotspot\share\interpreter\linkResolver.cpp, line 759]

VM Operations (20 events):
Event: 576.902 Executing VM operation: get/set locals done
Event: 584.002 Executing VM operation: ChangeBreakpoints
Event: 584.002 Executing VM operation: ChangeBreakpoints done
Event: 584.005 Executing VM operation: ChangeBreakpoints
Event: 584.005 Executing VM operation: ChangeBreakpoints done
Event: 584.011 Executing VM operation: ChangeBreakpoints
Event: 584.011 Executing VM operation: ChangeBreakpoints done
Event: 584.013 Executing VM operation: ChangeBreakpoints
Event: 584.013 Executing VM operation: ChangeBreakpoints done
Event: 584.015 Executing VM operation: ChangeBreakpoints
Event: 584.015 Executing VM operation: ChangeBreakpoints done
Event: 584.016 Executing VM operation: ChangeBreakpoints
Event: 584.016 Executing VM operation: ChangeBreakpoints done
Event: 584.016 Executing VM operation: ChangeBreakpoints
Event: 584.016 Executing VM operation: ChangeBreakpoints done
Event: 584.016 Executing VM operation: ChangeBreakpoints
Event: 584.016 Executing VM operation: ChangeBreakpoints done
Event: 584.016 Executing VM operation: ChangeBreakpoints
Event: 584.017 Executing VM operation: ChangeBreakpoints done
Event: 584.114 Executing VM operation: Exit

Memory protections (0 events):
No events

Nmethod flushes (20 events):
Event: 22.238 Thread 0x00000195511b0a00 flushing  nmethod 0x000001953ba67690
Event: 22.239 Thread 0x00000195511b0a00 flushing  nmethod 0x000001953baad090
Event: 22.239 Thread 0x00000195511b0a00 flushing  nmethod 0x000001953bae4890
Event: 22.239 Thread 0x00000195511b0a00 flushing  nmethod 0x000001953baf1390
Event: 22.239 Thread 0x00000195511b0a00 flushing  nmethod 0x000001953bafc290
Event: 22.239 Thread 0x00000195511b0a00 flushing  nmethod 0x000001953bb40e90
Event: 22.240 Thread 0x00000195511b0a00 flushing  nmethod 0x000001953bb5d890
Event: 22.240 Thread 0x00000195511b0a00 flushing  nmethod 0x000001953bba8c10
Event: 22.240 Thread 0x00000195511b0a00 flushing  nmethod 0x000001953bbbb810
Event: 22.240 Thread 0x00000195511b0a00 flushing  nmethod 0x000001953bc2ee10
Event: 22.240 Thread 0x00000195511b0a00 flushing  nmethod 0x000001953bc7ac10
Event: 22.240 Thread 0x00000195511b0a00 flushing  nmethod 0x000001953bc94010
Event: 22.240 Thread 0x00000195511b0a00 flushing  nmethod 0x000001953bca3a10
Event: 22.240 Thread 0x00000195511b0a00 flushing  nmethod 0x000001953bca4010
Event: 22.240 Thread 0x00000195511b0a00 flushing osr nmethod 0x000001953bca5410
Event: 22.240 Thread 0x00000195511b0a00 flushing  nmethod 0x000001953bcb9110
Event: 22.241 Thread 0x00000195511b0a00 flushing  nmethod 0x000001953bd01c90
Event: 59.784 Thread 0x00000195511b0a00 flushing  nmethod 0x000001953b27c190
Event: 59.785 Thread 0x00000195511b0a00 flushing  nmethod 0x000001953b393390
Event: 59.788 Thread 0x00000195511b0a00 flushing  nmethod 0x000001953b73bc10

Events (20 events):
Event: 30.708 Thread 0x00000195a2a41930 Thread exited: 0x00000195a2a41930
Event: 30.751 Thread 0x00000195511aecb0 Thread added: 0x00000195a2a40e90
Event: 32.240 Thread 0x00000195a2a40e90 Thread exited: 0x00000195a2a40e90
Event: 32.954 Thread 0x00000195511aecb0 Thread added: 0x00000195a2a40e90
Event: 33.907 Thread 0x00000195a2a40e90 Thread exited: 0x00000195a2a40e90
Event: 59.156 Thread 0x00000195511aecb0 Thread added: 0x00000195a2a3eeb0
Event: 61.623 Thread 0x00000195a2a3eeb0 Thread exited: 0x00000195a2a3eeb0
Event: 70.189 Thread 0x00000195511a54b0 Thread added: 0x00000195a2a3fea0
Event: 70.536 Thread 0x00000195a2a3fea0 Thread exited: 0x00000195a2a3fea0
Event: 91.021 Thread 0x00000195511aecb0 Thread added: 0x00000195a2a3eeb0
Event: 96.516 Thread 0x00000195a2a3eeb0 Thread exited: 0x00000195a2a3eeb0
Event: 130.784 Thread 0x00000195511a54b0 Thread added: 0x00000195a2a3e960
Event: 131.676 Thread 0x00000195a2a3e960 Thread exited: 0x00000195a2a3e960
Event: 584.002 Thread 0x0000019551a60c70 Thread exited: 0x0000019551a60c70
Event: 584.024 Thread 0x0000019551972320 Thread exited: 0x0000019551972320
Event: 584.109 Thread 0x0000019551199ed0 Thread added: 0x00000195a09738d0
Event: 584.110 Thread 0x00000195a09738d0 Thread added: 0x00000195a09742f0
Event: 584.110 Thread 0x00000195a09738d0 Thread added: 0x00000195a0974800
Event: 584.112 Thread 0x00000195a0974800 Thread exited: 0x00000195a0974800
Event: 584.114 Thread 0x00000195a09742f0 Thread exited: 0x00000195a09742f0


Dynamic libraries:
0x00007ff62fc30000 - 0x00007ff62fc3e000 	C:\Users\diego\.jdks\corretto-17.0.13\bin\java.exe
0x00007ff9e2630000 - 0x00007ff9e2847000 	C:\Windows\SYSTEM32\ntdll.dll
0x00007ff9e24c0000 - 0x00007ff9e2584000 	C:\Windows\System32\KERNEL32.DLL
0x00007ff9dfa50000 - 0x00007ff9dfe09000 	C:\Windows\System32\KERNELBASE.dll
0x00007ff9df930000 - 0x00007ff9dfa41000 	C:\Windows\System32\ucrtbase.dll
0x00007ff9da210000 - 0x00007ff9da227000 	C:\Users\diego\.jdks\corretto-17.0.13\bin\jli.dll
0x00007ff9d1e10000 - 0x00007ff9d1e2b000 	C:\Users\diego\.jdks\corretto-17.0.13\bin\VCRUNTIME140.dll
0x00007ff9e1790000 - 0x00007ff9e193e000 	C:\Windows\System32\USER32.dll
0x00007ff9dfff0000 - 0x00007ff9e0016000 	C:\Windows\System32\win32u.dll
0x00007ff9cd590000 - 0x00007ff9cd822000 	C:\Windows\WinSxS\amd64_microsoft.windows.common-controls_6595b64144ccf1df_6.0.22621.4391_none_2715d37f73803e96\COMCTL32.dll
0x00007ff9e1150000 - 0x00007ff9e1179000 	C:\Windows\System32\GDI32.dll
0x00007ff9e1b80000 - 0x00007ff9e1c27000 	C:\Windows\System32\msvcrt.dll
0x00007ff9dfed0000 - 0x00007ff9dffeb000 	C:\Windows\System32\gdi32full.dll
0x00007ff9e01c0000 - 0x00007ff9e025a000 	C:\Windows\System32\msvcp_win.dll
0x00007ff9e1af0000 - 0x00007ff9e1b21000 	C:\Windows\System32\IMM32.DLL
0x00007ff9da570000 - 0x00007ff9da57c000 	C:\Users\diego\.jdks\corretto-17.0.13\bin\vcruntime140_1.dll
0x00007ff9d0ca0000 - 0x00007ff9d0d2d000 	C:\Users\diego\.jdks\corretto-17.0.13\bin\msvcp140.dll
0x00007ff97f150000 - 0x00007ff97fdbc000 	C:\Users\diego\.jdks\corretto-17.0.13\bin\server\jvm.dll
0x00007ff9e04b0000 - 0x00007ff9e0562000 	C:\Windows\System32\ADVAPI32.dll
0x00007ff9e0820000 - 0x00007ff9e08c7000 	C:\Windows\System32\sechost.dll
0x00007ff9e0020000 - 0x00007ff9e0048000 	C:\Windows\System32\bcrypt.dll
0x00007ff9e0960000 - 0x00007ff9e0a74000 	C:\Windows\System32\RPCRT4.dll
0x00007ff9e0f10000 - 0x00007ff9e0f81000 	C:\Windows\System32\WS2_32.dll
0x00007ff9df800000 - 0x00007ff9df84d000 	C:\Windows\SYSTEM32\POWRPROF.dll
0x00007ff9d7050000 - 0x00007ff9d705a000 	C:\Windows\SYSTEM32\VERSION.dll
0x00007ff9dc2b0000 - 0x00007ff9dc2e4000 	C:\Windows\SYSTEM32\WINMM.dll
0x00007ff9df7e0000 - 0x00007ff9df7f3000 	C:\Windows\SYSTEM32\UMPDC.dll
0x00007ff9de970000 - 0x00007ff9de988000 	C:\Windows\SYSTEM32\kernel.appcore.dll
0x00007ff9da530000 - 0x00007ff9da53a000 	C:\Users\diego\.jdks\corretto-17.0.13\bin\jimage.dll
0x00007ff9dcf40000 - 0x00007ff9dd172000 	C:\Windows\SYSTEM32\DBGHELP.DLL
0x00007ff9e1400000 - 0x00007ff9e178f000 	C:\Windows\System32\combase.dll
0x00007ff9e0740000 - 0x00007ff9e0817000 	C:\Windows\System32\OLEAUT32.dll
0x00007ff9c08d0000 - 0x00007ff9c0902000 	C:\Windows\SYSTEM32\dbgcore.DLL
0x00007ff9e0260000 - 0x00007ff9e02db000 	C:\Windows\System32\bcryptPrimitives.dll
0x00007ff9d19d0000 - 0x00007ff9d1a0b000 	C:\Users\diego\.jdks\corretto-17.0.13\bin\jdwp.dll
0x00007ff9da470000 - 0x00007ff9da47e000 	C:\Users\diego\.jdks\corretto-17.0.13\bin\instrument.dll
0x00007ff9d1de0000 - 0x00007ff9d1e05000 	C:\Users\diego\.jdks\corretto-17.0.13\bin\java.dll
0x00007ff9d1c10000 - 0x00007ff9d1c28000 	C:\Users\diego\.jdks\corretto-17.0.13\bin\zip.dll
0x00007ff9cfd30000 - 0x00007ff9cfe07000 	C:\Users\diego\.jdks\corretto-17.0.13\bin\jsvml.dll
0x00007ff9e1c30000 - 0x00007ff9e24a6000 	C:\Windows\System32\SHELL32.dll
0x00007ff9dd870000 - 0x00007ff9de173000 	C:\Windows\SYSTEM32\windows.storage.dll
0x00007ff9dd730000 - 0x00007ff9dd86f000 	C:\Windows\SYSTEM32\wintypes.dll
0x00007ff9e1200000 - 0x00007ff9e12f9000 	C:\Windows\System32\SHCORE.dll
0x00007ff9e10f0000 - 0x00007ff9e114e000 	C:\Windows\System32\shlwapi.dll
0x00007ff9df860000 - 0x00007ff9df88b000 	C:\Windows\SYSTEM32\profapi.dll
0x00007ff9d1b90000 - 0x00007ff9d1ba9000 	C:\Users\diego\.jdks\corretto-17.0.13\bin\net.dll
0x00007ff9d8e40000 - 0x00007ff9d8f76000 	C:\Windows\SYSTEM32\WINHTTP.dll
0x00007ff9dedf0000 - 0x00007ff9dee59000 	C:\Windows\system32\mswsock.dll
0x00007ff9d1980000 - 0x00007ff9d1996000 	C:\Users\diego\.jdks\corretto-17.0.13\bin\nio.dll
0x00007ff9da200000 - 0x00007ff9da20c000 	C:\Users\diego\.jdks\corretto-17.0.13\bin\dt_socket.dll
0x00007ff9de420000 - 0x00007ff9de44d000 	C:\Windows\SYSTEM32\IPHLPAPI.DLL
0x00000195336d0000 - 0x00000195336d3000 	D:\Proyecto Terminal\openjfx-22.0.1_windows-x64_bin-sdk\javafx-sdk-22.0.1\bin\api-ms-win-core-console-l1-1-0.dll
0x0000019551f40000 - 0x0000019551f43000 	D:\Proyecto Terminal\openjfx-22.0.1_windows-x64_bin-sdk\javafx-sdk-22.0.1\bin\api-ms-win-core-console-l1-2-0.dll
0x0000019551f50000 - 0x0000019551f53000 	D:\Proyecto Terminal\openjfx-22.0.1_windows-x64_bin-sdk\javafx-sdk-22.0.1\bin\api-ms-win-core-datetime-l1-1-0.dll
0x0000019551f60000 - 0x0000019551f63000 	D:\Proyecto Terminal\openjfx-22.0.1_windows-x64_bin-sdk\javafx-sdk-22.0.1\bin\api-ms-win-core-debug-l1-1-0.dll
0x0000019551f70000 - 0x0000019551f73000 	D:\Proyecto Terminal\openjfx-22.0.1_windows-x64_bin-sdk\javafx-sdk-22.0.1\bin\api-ms-win-core-errorhandling-l1-1-0.dll
0x0000019551f80000 - 0x0000019551f84000 	D:\Proyecto Terminal\openjfx-22.0.1_windows-x64_bin-sdk\javafx-sdk-22.0.1\bin\api-ms-win-core-file-l1-1-0.dll
0x0000019551f90000 - 0x0000019551f93000 	D:\Proyecto Terminal\openjfx-22.0.1_windows-x64_bin-sdk\javafx-sdk-22.0.1\bin\api-ms-win-core-file-l1-2-0.dll
0x0000019551fa0000 - 0x0000019551fa3000 	D:\Proyecto Terminal\openjfx-22.0.1_windows-x64_bin-sdk\javafx-sdk-22.0.1\bin\api-ms-win-core-file-l2-1-0.dll
0x0000019551fb0000 - 0x0000019551fb3000 	D:\Proyecto Terminal\openjfx-22.0.1_windows-x64_bin-sdk\javafx-sdk-22.0.1\bin\api-ms-win-core-handle-l1-1-0.dll
0x0000019551fc0000 - 0x0000019551fc3000 	D:\Proyecto Terminal\openjfx-22.0.1_windows-x64_bin-sdk\javafx-sdk-22.0.1\bin\api-ms-win-core-heap-l1-1-0.dll
0x0000019551fd0000 - 0x0000019551fd3000 	D:\Proyecto Terminal\openjfx-22.0.1_windows-x64_bin-sdk\javafx-sdk-22.0.1\bin\api-ms-win-core-interlocked-l1-1-0.dll
0x0000019551fe0000 - 0x0000019551fe3000 	D:\Proyecto Terminal\openjfx-22.0.1_windows-x64_bin-sdk\javafx-sdk-22.0.1\bin\api-ms-win-core-libraryloader-l1-1-0.dll
0x0000019551ff0000 - 0x0000019551ff3000 	D:\Proyecto Terminal\openjfx-22.0.1_windows-x64_bin-sdk\javafx-sdk-22.0.1\bin\api-ms-win-core-localization-l1-2-0.dll
0x0000019597fd0000 - 0x0000019597fd3000 	D:\Proyecto Terminal\openjfx-22.0.1_windows-x64_bin-sdk\javafx-sdk-22.0.1\bin\api-ms-win-core-memory-l1-1-0.dll
0x0000019597fe0000 - 0x0000019597fe3000 	D:\Proyecto Terminal\openjfx-22.0.1_windows-x64_bin-sdk\javafx-sdk-22.0.1\bin\api-ms-win-core-namedpipe-l1-1-0.dll
0x0000019597ff0000 - 0x0000019597ff3000 	D:\Proyecto Terminal\openjfx-22.0.1_windows-x64_bin-sdk\javafx-sdk-22.0.1\bin\api-ms-win-core-processenvironment-l1-1-0.dll
0x0000019598000000 - 0x0000019598003000 	D:\Proyecto Terminal\openjfx-22.0.1_windows-x64_bin-sdk\javafx-sdk-22.0.1\bin\api-ms-win-core-processthreads-l1-1-0.dll
0x0000019598010000 - 0x0000019598013000 	D:\Proyecto Terminal\openjfx-22.0.1_windows-x64_bin-sdk\javafx-sdk-22.0.1\bin\api-ms-win-core-processthreads-l1-1-1.dll
0x0000019598020000 - 0x0000019598023000 	D:\Proyecto Terminal\openjfx-22.0.1_windows-x64_bin-sdk\javafx-sdk-22.0.1\bin\api-ms-win-core-profile-l1-1-0.dll
0x0000019598030000 - 0x0000019598033000 	D:\Proyecto Terminal\openjfx-22.0.1_windows-x64_bin-sdk\javafx-sdk-22.0.1\bin\api-ms-win-core-rtlsupport-l1-1-0.dll
0x0000019598040000 - 0x0000019598043000 	D:\Proyecto Terminal\openjfx-22.0.1_windows-x64_bin-sdk\javafx-sdk-22.0.1\bin\api-ms-win-core-string-l1-1-0.dll
0x0000019598050000 - 0x0000019598053000 	D:\Proyecto Terminal\openjfx-22.0.1_windows-x64_bin-sdk\javafx-sdk-22.0.1\bin\api-ms-win-core-synch-l1-1-0.dll
0x0000019598060000 - 0x0000019598063000 	D:\Proyecto Terminal\openjfx-22.0.1_windows-x64_bin-sdk\javafx-sdk-22.0.1\bin\api-ms-win-core-synch-l1-2-0.dll
0x0000019598070000 - 0x0000019598073000 	D:\Proyecto Terminal\openjfx-22.0.1_windows-x64_bin-sdk\javafx-sdk-22.0.1\bin\api-ms-win-core-sysinfo-l1-1-0.dll
0x0000019598080000 - 0x0000019598083000 	D:\Proyecto Terminal\openjfx-22.0.1_windows-x64_bin-sdk\javafx-sdk-22.0.1\bin\api-ms-win-core-timezone-l1-1-0.dll
0x0000019598090000 - 0x0000019598093000 	D:\Proyecto Terminal\openjfx-22.0.1_windows-x64_bin-sdk\javafx-sdk-22.0.1\bin\api-ms-win-core-util-l1-1-0.dll
0x00000195980a0000 - 0x00000195980a3000 	D:\Proyecto Terminal\openjfx-22.0.1_windows-x64_bin-sdk\javafx-sdk-22.0.1\bin\api-ms-win-crt-conio-l1-1-0.dll
0x00000195980b0000 - 0x00000195980b4000 	D:\Proyecto Terminal\openjfx-22.0.1_windows-x64_bin-sdk\javafx-sdk-22.0.1\bin\api-ms-win-crt-convert-l1-1-0.dll
0x00000195980c0000 - 0x00000195980c3000 	D:\Proyecto Terminal\openjfx-22.0.1_windows-x64_bin-sdk\javafx-sdk-22.0.1\bin\api-ms-win-crt-environment-l1-1-0.dll
0x00000195980d0000 - 0x00000195980d3000 	D:\Proyecto Terminal\openjfx-22.0.1_windows-x64_bin-sdk\javafx-sdk-22.0.1\bin\api-ms-win-crt-filesystem-l1-1-0.dll
0x00000195980e0000 - 0x00000195980e3000 	D:\Proyecto Terminal\openjfx-22.0.1_windows-x64_bin-sdk\javafx-sdk-22.0.1\bin\api-ms-win-crt-heap-l1-1-0.dll
0x00000195980f0000 - 0x00000195980f3000 	D:\Proyecto Terminal\openjfx-22.0.1_windows-x64_bin-sdk\javafx-sdk-22.0.1\bin\api-ms-win-crt-locale-l1-1-0.dll
0x0000019598100000 - 0x0000019598105000 	D:\Proyecto Terminal\openjfx-22.0.1_windows-x64_bin-sdk\javafx-sdk-22.0.1\bin\api-ms-win-crt-math-l1-1-0.dll
0x0000019598110000 - 0x0000019598115000 	D:\Proyecto Terminal\openjfx-22.0.1_windows-x64_bin-sdk\javafx-sdk-22.0.1\bin\api-ms-win-crt-multibyte-l1-1-0.dll
0x0000019598460000 - 0x0000019598470000 	D:\Proyecto Terminal\openjfx-22.0.1_windows-x64_bin-sdk\javafx-sdk-22.0.1\bin\api-ms-win-crt-private-l1-1-0.dll
0x0000019598470000 - 0x0000019598473000 	D:\Proyecto Terminal\openjfx-22.0.1_windows-x64_bin-sdk\javafx-sdk-22.0.1\bin\api-ms-win-crt-process-l1-1-0.dll
0x0000019598480000 - 0x0000019598484000 	D:\Proyecto Terminal\openjfx-22.0.1_windows-x64_bin-sdk\javafx-sdk-22.0.1\bin\api-ms-win-crt-runtime-l1-1-0.dll
0x0000019598490000 - 0x0000019598494000 	D:\Proyecto Terminal\openjfx-22.0.1_windows-x64_bin-sdk\javafx-sdk-22.0.1\bin\api-ms-win-crt-stdio-l1-1-0.dll
0x00000195984a0000 - 0x00000195984a4000 	D:\Proyecto Terminal\openjfx-22.0.1_windows-x64_bin-sdk\javafx-sdk-22.0.1\bin\api-ms-win-crt-string-l1-1-0.dll
0x00000195984b0000 - 0x00000195984b3000 	D:\Proyecto Terminal\openjfx-22.0.1_windows-x64_bin-sdk\javafx-sdk-22.0.1\bin\api-ms-win-crt-time-l1-1-0.dll
0x00000195984c0000 - 0x00000195984c3000 	D:\Proyecto Terminal\openjfx-22.0.1_windows-x64_bin-sdk\javafx-sdk-22.0.1\bin\api-ms-win-crt-utility-l1-1-0.dll
0x00007ff9cf960000 - 0x00007ff9cfa5c000 	D:\Proyecto Terminal\openjfx-22.0.1_windows-x64_bin-sdk\javafx-sdk-22.0.1\bin\ucrtbase.dll
0x00007ff9d0c80000 - 0x00007ff9d0c9b000 	D:\Proyecto Terminal\openjfx-22.0.1_windows-x64_bin-sdk\javafx-sdk-22.0.1\bin\vcruntime140.dll
0x00007ff9da0c0000 - 0x00007ff9da0cc000 	D:\Proyecto Terminal\openjfx-22.0.1_windows-x64_bin-sdk\javafx-sdk-22.0.1\bin\vcruntime140_1.dll
0x00007ff9cfca0000 - 0x00007ff9cfd2e000 	D:\Proyecto Terminal\openjfx-22.0.1_windows-x64_bin-sdk\javafx-sdk-22.0.1\bin\msvcp140.dll
0x00007ff9d9f30000 - 0x00007ff9d9f39000 	D:\Proyecto Terminal\openjfx-22.0.1_windows-x64_bin-sdk\javafx-sdk-22.0.1\bin\msvcp140_1.dll
0x00007ff9cf170000 - 0x00007ff9cf1b1000 	D:\Proyecto Terminal\openjfx-22.0.1_windows-x64_bin-sdk\javafx-sdk-22.0.1\bin\msvcp140_2.dll
0x00007ff9d0bf0000 - 0x00007ff9d0c20000 	D:\Proyecto Terminal\openjfx-22.0.1_windows-x64_bin-sdk\javafx-sdk-22.0.1\bin\prism_d3d.dll
0x00007ff9c6120000 - 0x00007ff9c62c8000 	C:\Windows\system32\d3d9.dll
0x00007ff9dc810000 - 0x00007ff9dc83b000 	C:\Windows\SYSTEM32\dwmapi.dll
0x00007ff9dc6c0000 - 0x00007ff9dc6f7000 	C:\Windows\SYSTEM32\dxcore.dll
0x00007ff9dc5a0000 - 0x00007ff9dc651000 	C:\Windows\system32\uxtheme.dll
0x00007ff9e1940000 - 0x00007ff9e1ae5000 	C:\Windows\System32\ole32.dll
0x00007ff9d7c60000 - 0x00007ff9d7ca9000 	C:\Windows\SYSTEM32\directxdatabasehelper.dll
0x00007ff9cf120000 - 0x00007ff9cf165000 	D:\Proyecto Terminal\openjfx-22.0.1_windows-x64_bin-sdk\javafx-sdk-22.0.1\bin\glass.dll
0x00007ff9e1300000 - 0x00007ff9e13ff000 	C:\Windows\System32\COMDLG32.dll
0x00007ff96c180000 - 0x00007ff96c1de000 	C:\Program Files\Huawei\PCManager\plugins\PerfWndMonModule.dll
0x00007ff9e0f90000 - 0x00007ff9e10f0000 	C:\Windows\System32\MSCTF.dll
0x00007ff9e0350000 - 0x00007ff9e0400000 	C:\Windows\System32\clbcatq.dll
0x00007ff9d1110000 - 0x00007ff9d1289000 	C:\Windows\System32\Windows.UI.dll
0x00007ff9ab950000 - 0x00007ff9abac5000 	C:\Windows\System32\Windows.UI.Immersive.dll
0x00007ff9d0c60000 - 0x00007ff9d0c75000 	D:\Proyecto Terminal\openjfx-22.0.1_windows-x64_bin-sdk\javafx-sdk-22.0.1\bin\javafx_font.dll
0x00007ff9dbd20000 - 0x00007ff9dbf93000 	C:\Windows\SYSTEM32\dwrite.dll
0x00007ff9dc3c0000 - 0x00007ff9dc570000 	C:\Windows\SYSTEM32\WindowsCodecs.dll
0x00007ff9d0b80000 - 0x00007ff9d0bde000 	C:\Windows\system32\dataexchange.dll
0x00007ff9d5270000 - 0x00007ff9d5514000 	C:\Windows\system32\twinapi.appcore.dll
0x00007ff9cf920000 - 0x00007ff9cf952000 	C:\Program Files\Common Files\Microsoft Shared\Ink\rtscom.dll
0x00007ff9ccd20000 - 0x00007ff9cce65000 	C:\Windows\SYSTEM32\textinputframework.dll
0x00007ff9d7d30000 - 0x00007ff9d7e63000 	C:\Windows\SYSTEM32\CoreMessaging.dll
0x00007ff9d65c0000 - 0x00007ff9d692d000 	C:\Windows\SYSTEM32\CoreUIComponents.dll
0x00007ff9df060000 - 0x00007ff9df06c000 	C:\Windows\SYSTEM32\CRYPTBASE.DLL
0x00007ff9cfe20000 - 0x00007ff9cfe4d000 	D:\Proyecto Terminal\openjfx-22.0.1_windows-x64_bin-sdk\javafx-sdk-22.0.1\bin\javafx_iio.dll
0x00007ff9db730000 - 0x00007ff9dbd1e000 	C:\Windows\SYSTEM32\d2d1.dll
0x00007ff9dc050000 - 0x00007ff9dc2a7000 	C:\Windows\SYSTEM32\d3d11.dll
0x00007ff9dc700000 - 0x00007ff9dc7f7000 	C:\Windows\SYSTEM32\dxgi.dll
0x00007ff9d5610000 - 0x00007ff9d5d23000 	C:\Windows\SYSTEM32\D3D10Warp.dll

dbghelp: loaded successfully - version: 4.0.5 - missing functions: none
symbol engine: initialized successfully - sym options: 0x614 - pdb path: .;C:\Users\diego\.jdks\corretto-17.0.13\bin;C:\Windows\SYSTEM32;C:\Windows\WinSxS\amd64_microsoft.windows.common-controls_6595b64144ccf1df_6.0.22621.4391_none_2715d37f73803e96;C:\Users\diego\.jdks\corretto-17.0.13\bin\server;D:\Proyecto Terminal\openjfx-22.0.1_windows-x64_bin-sdk\javafx-sdk-22.0.1\bin;C:\Windows\System32\DriverStore\FileRepository\u0355756.inf_amd64_5146fc3a012e7afa\B354291;C:\Program Files\Huawei\PCManager\plugins;C:\Program Files\Common Files\Microsoft Shared\Ink

VM Arguments:
jvm_args: -agentlib:jdwp=transport=dt_socket,address=127.0.0.1:53990,suspend=y,server=n --module-path=D:\Proyecto Terminal\openjfx-22.0.1_windows-x64_bin-sdk\javafx-sdk-22.0.1\lib --add-modules=javafx.controls,javafx.fxml -javaagent:C:\Users\diego\AppData\Local\JetBrains\IntelliJIdea2024.1\captureAgent\debugger-agent.jar -Dfile.encoding=UTF-8 
java_command: optiuam.bc.controller.OptiUAM24
java_class_path (initial): D:\Proyecto Terminal\C鏚igo\OptiUAM24\OptiUAM\out\production\OptiUAM;D:\Proyecto Terminal\C鏚igo\OptiUAM24\OptiUAM\Librerias\jcommon-1.0.23.jar;D:\Proyecto Terminal\C鏚igo\OptiUAM24\OptiUAM\Librerias\jfreechart-1.0.19.jar;D:\Proyecto Terminal\openjfx-22.0.1_windows-x64_bin-sdk\javafx-sdk-22.0.1\lib\javafx-swt.jar;D:\Proyecto Terminal\openjfx-22.0.1_windows-x64_bin-sdk\javafx-sdk-22.0.1\lib\javafx.base.jar;D:\Proyecto Terminal\openjfx-22.0.1_windows-x64_bin-sdk\javafx-sdk-22.0.1\lib\javafx.controls.jar;D:\Proyecto Terminal\openjfx-22.0.1_windows-x64_bin-sdk\javafx-sdk-22.0.1\lib\javafx.fxml.jar;D:\Proyecto Terminal\openjfx-22.0.1_windows-x64_bin-sdk\javafx-sdk-22.0.1\lib\javafx.graphics.jar;D:\Proyecto Terminal\openjfx-22.0.1_windows-x64_bin-sdk\javafx-sdk-22.0.1\lib\javafx.media.jar;D:\Proyecto Terminal\openjfx-22.0.1_windows-x64_bin-sdk\javafx-sdk-22.0.1\lib\javafx.swing.jar;D:\Proyecto Terminal\openjfx-22.0.1_windows-x64_bin-sdk\javafx-sdk-22.0.1\lib\javafx.web.jar;D:\Proyecto Terminal\openjfx-22.0.1_windows-x64_bin-sdk.zip;D:\Proyecto Terminal\commons-math3-3.6.1\commons-math3-3.6.1-tests.jar;D:\Proyecto Terminal\commons-math3-3.6.1\commons-math3-3.6.1-tools.jar;D:\Proyecto Terminal\commons-math3-3.6.1\commons-math3-3.6.1.jar;C:\Program Files\JetBrains\IntelliJ IDEA 2024.1.3\lib\idea_rt.jar
Launcher Type: SUN_STANDARD

[Global flags]
     intx CICompilerCount                          = 4                                         {product} {ergonomic}
     uint ConcGCThreads                            = 2                                         {product} {ergonomic}
     uint G1ConcRefinementThreads                  = 8                                         {product} {ergonomic}
   size_t G1HeapRegionSize                         = 1048576                                   {product} {ergonomic}
    uintx GCDrainStackTargetSize                   = 64                                        {product} {ergonomic}
   size_t InitialHeapSize                          = 117440512                                 {product} {ergonomic}
   size_t MarkStackSize                            = 4194304                                   {product} {ergonomic}
   size_t MaxHeapSize                              = 1862270976                                {product} {ergonomic}
   size_t MaxNewSize                               = 1116733440                                {product} {ergonomic}
   size_t MinHeapDeltaBytes                        = 1048576                                   {product} {ergonomic}
   size_t MinHeapSize                              = 8388608                                   {product} {ergonomic}
    uintx NonNMethodCodeHeapSize                   = 5839372                                {pd product} {ergonomic}
    uintx NonProfiledCodeHeapSize                  = 122909434                              {pd product} {ergonomic}
    uintx ProfiledCodeHeapSize                     = 122909434                              {pd product} {ergonomic}
    uintx ReservedCodeCacheSize                    = 251658240                              {pd product} {ergonomic}
     bool SegmentedCodeCache                       = true                                      {product} {ergonomic}
   size_t SoftMaxHeapSize                          = 1862270976                             {manageable} {ergonomic}
     bool UseCompressedClassPointers               = true                           {product lp64_product} {ergonomic}
     bool UseCompressedOops                        = true                           {product lp64_product} {ergonomic}
     bool UseG1GC                                  = true                                      {product} {ergonomic}
     bool UseLargePagesIndividualAllocation        = false                                  {pd product} {ergonomic}

Logging:
Log output configuration:
 #0: stdout all=off uptime,level,tags
 #1: stderr all=off uptime,level,tags

Environment Variables:
PATH=C:\Program Files\Common Files\Oracle\Java\javapath;C:\Users\diego\Desktop\oracle\bin;C:\Windows\system32;C:\Windows;C:\Windows\System32\Wbem;C:\Windows\System32\WindowsPowerShell\v1.0\;C:\Windows\System32\OpenSSH\;C:\Program Files\Git\cmd;C:\Strawberry\c\bin;C:\Strawberry\perl\site\bin;C:\Strawberry\perl\bin;C:\Users\diego\AppData\Local\Programs\Python\Launcher\;C:\Users\diego\AppData\Local\Microsoft\WindowsApps;C:\Program Files\JetBrains\IntelliJ IDEA 2024.1.3\bin;;C:\Users\diego\AppData\Local\GitHubDesktop\bin;C:\Program Files\JetBrains\PyCharm 2024.1.4\bin;;C:\Users\diego\AppData\Local\Programs\Microsoft VS Code\bin;C:\Users\diego\AppData\Local\Programs\MiKTeX\miktex\bin\x64\;C:\Program Files\JetBrains\PyCharm Community Edition 2024.3\bin;
USERNAME=diego
OS=Windows_NT
PROCESSOR_IDENTIFIER=AMD64 Family 23 Model 24 Stepping 1, AuthenticAMD
TMP=C:\Users\diego\AppData\Local\Temp
TEMP=C:\Users\diego\AppData\Local\Temp



Periodic native trim disabled


---------------  S Y S T E M  ---------------

OS:
 Windows 11 , 64 bit Build 22621 (10.0.22621.4391)
OS uptime: 4 days 14:18 hours

CPU: total 8 (initial active 8) (8 cores per cpu, 2 threads per core) family 23 model 24 stepping 1 microcode 0x0, cx8, cmov, fxsr, ht, mmx, 3dnowpref, sse, sse2, sse3, ssse3, sse4a, sse4.1, sse4.2, popcnt, lzcnt, tsc, tscinvbit, avx, avx2, aes, clmul, bmi1, bmi2, adx, sha, fma, vzeroupper, clflush, clflushopt
Processor Information for all 8 processors :
  Max Mhz: 2100, Current Mhz: 2100, Mhz Limit: 2100

Memory: 4k page, system-wide physical 7103M (731M free)
TotalPageFile size 15807M (AvailPageFile size 3706M)
current process WorkingSet (physical memory assigned to process): 236M, peak: 351M
current process commit charge ("private bytes"): 338M, peak: 480M

vm_info: OpenJDK 64-Bit Server VM (17.0.13+11-LTS) for windows-amd64 JRE (17.0.13+11-LTS), built on Oct 10 2024 19:51:30 by "Administrator" with MS VC++ 16.10 / 16.11 (VS2019)

END.
