#
# A fatal error has been detected by the Java Runtime Environment:
#
#  EXCEPTION_ACCESS_VIOLATION (0xc0000005) at pc=0x00007ffa64c682d7, pid=6696, tid=12216
#
# JRE version: OpenJDK Runtime Environment Corretto-17.0.12.7.1 (17.0.12+7) (build 17.0.12+7-LTS)
# Java VM: OpenJDK 64-Bit Server VM Corretto-17.0.12.7.1 (17.0.12+7-LTS, mixed mode, sharing, tiered, compressed oops, compressed class ptrs, g1 gc, windows-amd64)
# Problematic frame:
# C  [glass.dll+0x282d7]
#
# No core dump will be written. Minidumps are not enabled by default on client versions of Windows
#
# If you would like to submit a bug report, please visit:
#   https://github.com/corretto/corretto-17/issues/
#

---------------  S U M M A R Y ------------

Command Line: --module-path=D:\Proyecto Terminal\openjfx-22.0.1_windows-x64_bin-sdk\javafx-sdk-22.0.1\lib --add-modules=javafx.controls,javafx.fxml -javaagent:C:\Program Files\JetBrains\IntelliJ IDEA 2024.1.3\lib\idea_rt.jar=57464:C:\Program Files\JetBrains\IntelliJ IDEA 2024.1.3\bin -Dfile.encoding=UTF-8 optiuam.bc.controller.OptiUAM24

Host: AMD Ryzen 5 3500U with Radeon Vega Mobile Gfx  , 8 cores, 6G,  Windows 11 , 64 bit Build 22621 (10.0.22621.3958)
Time: Sun Sep  1 18:33:41 2024 Hora est嫕dar central (M憖ico) elapsed time: 154.557542 seconds (0d 0h 2m 34s)

---------------  T H R E A D  ---------------

Current thread (0x000001b9f9b74550):  VMThread "VM Thread" [stack: 0x000000412ca00000,0x000000412cb00000] [id=12216]

Stack: [0x000000412ca00000,0x000000412cb00000],  sp=0x000000412cafee40,  free space=1019k
Native frames: (J=compiled Java code, j=interpreted, Vv=VM code, C=native code)
C  [glass.dll+0x282d7]


siginfo: EXCEPTION_ACCESS_VIOLATION (0xc0000005), reading address 0x0000000000000000


Registers:
RAX=0x0000000000000000, RBX=0x000001b9f9b8cf88, RCX=0x000001b9f9b74550, RDX=0x000000412cafee40
RSP=0x000000412cafee40, RBP=0x000001b9fe6ef3c8, RSI=0x000000412cafef48, RDI=0x000001b9fe6ef3a0
R8 =0x0000000000010002, R9 =0x000001b9fe6ef3a0, R10=0x85f13e9656da4870, R11=0x000000412cafedd0
R12=0x00007ffa64c65be0, R13=0x00007ffa487c5fe0, R14=0x0000d7b0fd201aff, R15=0x000001b9fe6ef3a0
RIP=0x00007ffa64c682d7, EFLAGS=0x0000000000010202


Register to memory mapping:

RIP=0x00007ffa64c682d7 glass.dll
RAX=0x0 is NULL
RBX=0x000001b9f9b8cf88 is a global jni handle
RCX=0x000001b9f9b74550 points into unknown readable memory: 0x00007ffa485f0bb8 | b8 0b 5f 48 fa 7f 00 00
RDX=0x000000412cafee40 points into unknown readable memory: 0x0000000000000000 | 00 00 00 00 00 00 00 00
RSP=0x000000412cafee40 points into unknown readable memory: 0x0000000000000000 | 00 00 00 00 00 00 00 00
RBP=0x000001b9fe6ef3c8 points into unknown readable memory: 0x0000d7b0fd201aff | ff 1a 20 fd b0 d7 00 00
RSI=0x000000412cafef48 points into unknown readable memory: 0x000000412cafef30 | 30 ef af 2c 41 00 00 00
RDI=0x000001b9fe6ef3a0 points into unknown readable memory: 0x0000e84dcf433183 | 83 31 43 cf 4d e8 00 00
R8 =0x0000000000010002 is an unknown value
R9 =0x000001b9fe6ef3a0 points into unknown readable memory: 0x0000e84dcf433183 | 83 31 43 cf 4d e8 00 00
R10=0x85f13e9656da4870 is an unknown value
R11=0x000000412cafedd0 points into unknown readable memory: 0x000001b9fe6ef3a0 | a0 f3 6e fe b9 01 00 00
R12=0x00007ffa64c65be0 glass.dll
R13=0x00007ffa487c5fe0 jvm.dll
R14=0x0000d7b0fd201aff is an unknown value
R15=0x000001b9fe6ef3a0 points into unknown readable memory: 0x0000e84dcf433183 | 83 31 43 cf 4d e8 00 00


Top of Stack: (sp=0x000000412cafee40)
0x000000412cafee40:   0000000000000000 000000412cafef48
0x000000412cafee50:   00007ffa487c5fe0 00007ffa64c65be0
0x000000412cafee60:   000001b9fe6ef3a8 00007ffaa87c3a93
0x000000412cafee70:   000001b9fe6ef3a0 000001b900000000
0x000000412cafee80:   000001b9fe6ef3c8 000000412cafef48
0x000000412cafee90:   fffffffffffffffe 0000000000000000
0x000000412cafeea0:   0000000000000001 00007ffa64c40000
0x000000412cafeeb0:   000000412cafef38 00007ffaa879042e
0x000000412cafeec0:   0000000000000000 000000412cafef48
0x000000412cafeed0:   000000412caff230 0000000000000001
0x000000412cafeee0:   0000000000000001 00007ffaa878dddd
0x000000412cafeef0:   0000000000000000 00007ffa64c653d9
0x000000412cafef00:   0000000000000000 000000412cafef38
0x000000412cafef10:   fffffffffffffffe 0000000000000001
0x000000412cafef20:   0000000000000001 00007ffa64c65a6d
0x000000412cafef30:   00007ffa64c7d078 00007ffa00000002
0x000000412cafef40:   0000000000000002 000000412cafef30
0x000000412cafef50:   0000000000000000 00007ffaaad18ae3
0x000000412cafef60:   0000000000000000 00007ffa64c65b92
0x000000412cafef70:   0000000000000001 000000412caff200
0x000000412cafef80:   0000000000000001 0000000000000001
0x000000412cafef90:   000001b9e8e60a68 00007ffaa7742223
0x000000412cafefa0:   000001b900000001 0000000000000016
0x000000412cafefb0:   00007ffa64c40000 000000007ffe0384
0x000000412cafefc0:   0000000000000000 00007ffaaad18b7f
0x000000412cafefd0:   00007ffa64c40000 0000000000000000
0x000000412cafefe0:   0000000000000001 000000007ffe0385
0x000000412cafeff0:   0000000000000000 00007ffaaad417c9
0x000000412caff000:   00004910b2bb2f00 0000000000000014
0x000000412caff010:   00007ffa64c65be0 0000000000000000
0x000000412caff020:   0000000000000000 000000412bf66000
0x000000412caff030:   000001b9fe6ebad0 00007ffaaad41586 

Instructions: (pc=0x00007ffa64c682d7)
0x00007ffa64c681d7:   8b 4d 58 e8 49 cf ff ff 48 8b 4d 60 e8 40 cf ff
0x00007ffa64c681e7:   ff 48 8b 95 80 00 00 00 48 8b 8d 18 01 00 00 e8
0x00007ffa64c681f7:   26 c5 ff ff 33 d2 33 c9 e8 8c e1 ff ff 90 48 89
0x00007ffa64c68207:   54 24 10 55 48 83 ec 20 48 8b ea 48 b8 00 00 00
0x00007ffa64c68217:   00 00 00 00 00 48 83 c4 20 5d c3 cc 40 55 48 8b
0x00007ffa64c68227:   ea 48 8b 01 33 c9 81 38 05 00 00 c0 0f 94 c1 8b
0x00007ffa64c68237:   c1 5d c3 cc 40 55 48 83 ec 20 48 8b ea 8a 4d 40
0x00007ffa64c68247:   48 83 c4 20 5d e9 33 d3 ff ff cc 40 55 48 83 ec
0x00007ffa64c68257:   20 48 8b ea 8a 4d 20 e8 21 d3 ff ff 90 48 83 c4
0x00007ffa64c68267:   20 5d c3 cc 40 55 48 83 ec 20 48 8b ea 48 83 c4
0x00007ffa64c68277:   20 5d e9 82 d1 ff ff cc 40 55 48 83 ec 30 48 8b
0x00007ffa64c68287:   ea 48 8b 01 8b 10 48 89 4c 24 28 89 54 24 20 4c
0x00007ffa64c68297:   8d 0d 23 d6 ff ff 4c 8b 45 70 8b 55 68 48 8b 4d
0x00007ffa64c682a7:   60 e8 c3 d0 ff ff 90 48 83 c4 30 5d c3 cc cc cc
0x00007ffa64c682b7:   cc cc cc cc cc cc cc cc cc 40 53 48 83 ec 20 48
0x00007ffa64c682c7:   8b 1d 6b 47 01 00 48 85 db 74 16 e8 39 90 ff ff
0x00007ffa64c682d7:   4c 8b 00 48 8b d3 48 8b c8 41 ff 90 b0 00 00 00
0x00007ffa64c682e7:   90 48 83 c4 20 5b c3 cc cc 40 53 48 83 ec 20 48
0x00007ffa64c682f7:   8b 1d ab 48 01 00 48 85 db 74 57 b8 ff ff ff ff
0x00007ffa64c68307:   f0 0f c1 43 10 83 f8 01 75 3d 48 85 db 74 38 48
0x00007ffa64c68317:   8b 0b 48 85 c9 74 0d ff 15 8c 0f 00 00 48 c7 03
0x00007ffa64c68327:   00 00 00 00 48 8b 4b 08 48 85 c9 74 0d e8 ef cd
0x00007ffa64c68337:   ff ff 48 c7 43 08 00 00 00 00 ba 18 00 00 00 48
0x00007ffa64c68347:   8b cb e8 da cd ff ff 48 c7 05 4f 48 01 00 00 00
0x00007ffa64c68357:   00 00 48 83 c4 20 5b c3 cc 40 53 48 83 ec 20 48
0x00007ffa64c68367:   8b 1d 1b 48 01 00 48 85 db 74 57 b8 ff ff ff ff
0x00007ffa64c68377:   f0 0f c1 43 10 83 f8 01 75 3d 48 85 db 74 38 48
0x00007ffa64c68387:   8b 0b 48 85 c9 74 0d ff 15 1c 0f 00 00 48 c7 03
0x00007ffa64c68397:   00 00 00 00 48 8b 4b 08 48 85 c9 74 0d e8 7f cd
0x00007ffa64c683a7:   ff ff 48 c7 43 08 00 00 00 00 ba 18 00 00 00 48
0x00007ffa64c683b7:   8b cb e8 6a cd ff ff 48 c7 05 bf 47 01 00 00 00
0x00007ffa64c683c7:   00 00 48 83 c4 20 5b c3 cc 40 53 48 83 ec 20 48 


Stack slot to memory mapping:
stack at sp + 0 slots: 0x0 is NULL
stack at sp + 1 slots: 0x000000412cafef48 points into unknown readable memory: 0x000000412cafef30 | 30 ef af 2c 41 00 00 00
stack at sp + 2 slots: 0x00007ffa487c5fe0 jvm.dll
stack at sp + 3 slots: 0x00007ffa64c65be0 glass.dll
stack at sp + 4 slots: 0x000001b9fe6ef3a8 points into unknown readable memory: 0x0000d7b0fd201aff | ff 1a 20 fd b0 d7 00 00
stack at sp + 5 slots: 0x00007ffaa87c3a93 ucrtbase.dll
stack at sp + 6 slots: 0x000001b9fe6ef3a0 points into unknown readable memory: 0x0000e84dcf433183 | 83 31 43 cf 4d e8 00 00
stack at sp + 7 slots: 0x000001b900000000 is an unknown value

VM_Operation (0x000000412c1feeb0): Exit, mode: safepoint, requested by thread 0x000001b9feeea400


---------------  P R O C E S S  ---------------

Threads class SMR info:
_java_thread_list=0x000001b9fef622f0, length=20, elements={
0x000001b9eb127870, 0x000001b9f9b7cd20, 0x000001b9f9b7dba0, 0x000001b9f9b91840,
0x000001b9f9b96900, 0x000001b9f9b9d090, 0x000001b9f9bc32d0, 0x000001b9f9bc3c90,
0x000001b9f9bc75c0, 0x000001b9f9b9b230, 0x000001b9f9b9b740, 0x000001b9f9b9c160,
0x000001b9f9b9d5a0, 0x000001b9f9b9cb80, 0x000001b9f9b9dab0, 0x000001b9f9b9dfc0,
0x000001b9f9b9e4d0, 0x000001b9f9b9bc50, 0x000001b9f9b9c670, 0x000001b9feeea400
}

Java Threads: ( => current thread )
  0x000001b9eb127870 JavaThread "main" [_thread_blocked, id=5152, stack(0x000000412c400000,0x000000412c500000)]
  0x000001b9f9b7cd20 JavaThread "Reference Handler" daemon [_thread_blocked, id=9452, stack(0x000000412cb00000,0x000000412cc00000)]
  0x000001b9f9b7dba0 JavaThread "Finalizer" daemon [_thread_blocked, id=11320, stack(0x000000412cc00000,0x000000412cd00000)]
  0x000001b9f9b91840 JavaThread "Attach Listener" daemon [_thread_blocked, id=9044, stack(0x000000412ce00000,0x000000412cf00000)]
  0x000001b9f9b96900 JavaThread "Service Thread" daemon [_thread_blocked, id=4256, stack(0x000000412cf00000,0x000000412d000000)]
  0x000001b9f9b9d090 JavaThread "Monitor Deflation Thread" daemon [_thread_blocked, id=16052, stack(0x000000412d000000,0x000000412d100000)]
  0x000001b9f9bc32d0 JavaThread "C2 CompilerThread0" daemon [_thread_blocked, id=4288, stack(0x000000412d100000,0x000000412d200000)]
  0x000001b9f9bc3c90 JavaThread "C1 CompilerThread0" daemon [_thread_blocked, id=7260, stack(0x000000412d200000,0x000000412d300000)]
  0x000001b9f9bc75c0 JavaThread "Sweeper thread" daemon [_thread_blocked, id=8892, stack(0x000000412d300000,0x000000412d400000)]
  0x000001b9f9b9b230 JavaThread "Common-Cleaner" daemon [_thread_blocked, id=11016, stack(0x000000412d400000,0x000000412d500000)]
  0x000001b9f9b9b740 JavaThread "Monitor Ctrl-Break" daemon [_thread_in_native, id=11972, stack(0x000000412d700000,0x000000412d800000)]
  0x000001b9f9b9c160 JavaThread "Notification Thread" daemon [_thread_blocked, id=16284, stack(0x000000412d800000,0x000000412d900000)]
  0x000001b9f9b9d5a0 JavaThread "QuantumRenderer-0" daemon [_thread_blocked, id=17164, stack(0x000000412d500000,0x000000412d600000)]
  0x000001b9f9b9cb80 JavaThread "InvokeLaterDispatcher" daemon [_thread_blocked, id=3676, stack(0x000000412db00000,0x000000412dc00000)]
  0x000001b9f9b9dab0 JavaThread "JavaFX Application Thread" [_thread_blocked, id=13704, stack(0x000000412dc00000,0x000000412dd00000)]
  0x000001b9f9b9dfc0 JavaThread "JavaFX-Launcher" [_thread_blocked, id=132, stack(0x000000412e400000,0x000000412e500000)]
  0x000001b9f9b9e4d0 JavaThread "Thread-2" daemon [_thread_in_native, id=16800, stack(0x000000412e300000,0x000000412e400000)]
  0x000001b9f9b9bc50 JavaThread "Prism Font Disposer" daemon [_thread_blocked, id=14160, stack(0x000000412ef00000,0x000000412f000000)]
  0x000001b9f9b9c670 JavaThread "Cleaner-0" daemon [_thread_blocked, id=18388, stack(0x000000412f000000,0x000000412f100000)]
  0x000001b9feeea400 JavaThread "SIGINT handler" daemon [_thread_blocked, id=17580, stack(0x000000412c100000,0x000000412c200000)]

Other Threads:
=>0x000001b9f9b74550 VMThread "VM Thread" [stack: 0x000000412ca00000,0x000000412cb00000] [id=12216]
  0x000001b9eb17af00 GCTaskThread "GC Thread#0" [stack: 0x000000412c500000,0x000000412c600000] [id=16208]
  0x000001b9feb8bf90 GCTaskThread "GC Thread#1" [stack: 0x000000412e700000,0x000000412e800000] [id=9668]
  0x000001b9fed89a10 GCTaskThread "GC Thread#2" [stack: 0x000000412e800000,0x000000412e900000] [id=12676]
  0x000001b9fed89cd0 GCTaskThread "GC Thread#3" [stack: 0x000000412e900000,0x000000412ea00000] [id=10712]
  0x000001b9fed89f90 GCTaskThread "GC Thread#4" [stack: 0x000000412ea00000,0x000000412eb00000] [id=12300]
  0x000001b9fed8a660 GCTaskThread "GC Thread#5" [stack: 0x000000412eb00000,0x000000412ec00000] [id=5072]
  0x000001b9fee05b60 GCTaskThread "GC Thread#6" [stack: 0x000000412ec00000,0x000000412ed00000] [id=7008]
  0x000001b9d56a3820 GCTaskThread "GC Thread#7" [stack: 0x000000412ee00000,0x000000412ef00000] [id=6836]
  0x000001b9eb189c50 ConcurrentGCThread "G1 Main Marker" terminated
  0x000001b9eb18a670 ConcurrentGCThread "G1 Conc#0" [stack: 0x000000412c700000,0x000000412c800000] [id=1980]
  0x000001b9ff8867d0 ConcurrentGCThread "G1 Conc#1" [stack: 0x000000412c200000,0x000000412c300000] [id=17384]
  0x000001b9f9a30840 ConcurrentGCThread "G1 Refine#0" terminated
  0x000001b9f9a31180 ConcurrentGCThread "G1 Service" terminated

Threads with active compile tasks:

VM state: at safepoint (shutting down)

VM Mutex/Monitor currently owned by a thread:  ([mutex/lock_event])
[0x000001b9eb123e50] Threads_lock - owner thread: 0x000001b9f9b74550
[0x000001b9eb123f70] Heap_lock - owner thread: 0x000001b9feeea400

Heap address: 0x0000000091000000, size: 1776 MB, Compressed Oops mode: 32-bit

CDS archive(s) mapped at: [0x000001b98f000000-0x000001b98fbb0000-0x000001b98fbb0000), size 12255232, SharedBaseAddress: 0x000001b98f000000, ArchiveRelocationMode: 1.
Compressed class space mapped at: 0x000001b990000000-0x000001b9d0000000, reserved size: 1073741824
Narrow klass base: 0x000001b98f000000, Narrow klass shift: 0, Narrow klass range: 0x100000000

GC Precious Log:
 CPUs: 8 total, 8 available
 Memory: 7103M
 Large Page Support: Disabled
 NUMA Support: Disabled
 Compressed Oops: Enabled (32-bit)
 Heap Region Size: 1M
 Heap Min Capacity: 8M
 Heap Initial Capacity: 112M
 Heap Max Capacity: 1776M
 Pre-touch: Disabled
 Parallel Workers: 8
 Concurrent Workers: 2
 Concurrent Refinement Workers: 8
 Periodic GC: Disabled

Heap:
 garbage-first heap   total 114688K, used 36788K [0x0000000091000000, 0x0000000100000000)
  region size 1024K, 11 young (11264K), 7 survivors (7168K)
 Metaspace       used 21341K, committed 21696K, reserved 1114112K
  class space    used 3144K, committed 3328K, reserved 1048576K

Heap Regions: E=young(eden), S=young(survivor), O=old, HS=humongous(starts), HC=humongous(continues), CS=collection set, F=free, OA=open archive, CA=closed archive, TAMS=top-at-mark-start (previous, next)
|   0|0x0000000091000000, 0x0000000091100000, 0x0000000091100000|100%| O|  |TAMS 0x0000000091100000, 0x0000000091000000| Untracked 
|   1|0x0000000091100000, 0x0000000091200000, 0x0000000091200000|100%|HS|  |TAMS 0x0000000091200000, 0x0000000091100000| Complete 
|   2|0x0000000091200000, 0x0000000091300000, 0x0000000091300000|100%|HS|  |TAMS 0x0000000091300000, 0x0000000091200000| Complete 
|   3|0x0000000091300000, 0x0000000091400000, 0x0000000091400000|100%|HS|  |TAMS 0x0000000091400000, 0x0000000091300000| Complete 
|   4|0x0000000091400000, 0x0000000091500000, 0x0000000091500000|100%| O|  |TAMS 0x0000000091500000, 0x0000000091400000| Untracked 
|   5|0x0000000091500000, 0x0000000091600000, 0x0000000091600000|100%| O|  |TAMS 0x0000000091600000, 0x0000000091500000| Untracked 
|   6|0x0000000091600000, 0x0000000091700000, 0x0000000091700000|100%| O|  |TAMS 0x00000000916bf800, 0x0000000091600000| Untracked 
|   7|0x0000000091700000, 0x0000000091800000, 0x0000000091800000|100%|HS|  |TAMS 0x0000000091800000, 0x0000000091700000| Complete 
|   8|0x0000000091800000, 0x0000000091900000, 0x0000000091900000|100%|HC|  |TAMS 0x0000000091900000, 0x0000000091800000| Complete 
|   9|0x0000000091900000, 0x0000000091a00000, 0x0000000091a00000|100%|HC|  |TAMS 0x0000000091a00000, 0x0000000091900000| Complete 
|  10|0x0000000091a00000, 0x0000000091b00000, 0x0000000091b00000|100%|HC|  |TAMS 0x0000000091b00000, 0x0000000091a00000| Complete 
|  11|0x0000000091b00000, 0x0000000091c00000, 0x0000000091c00000|100%|HC|  |TAMS 0x0000000091c00000, 0x0000000091b00000| Complete 
|  12|0x0000000091c00000, 0x0000000091d00000, 0x0000000091d00000|100%|HC|  |TAMS 0x0000000091d00000, 0x0000000091c00000| Complete 
|  13|0x0000000091d00000, 0x0000000091e00000, 0x0000000091e00000|100%|HC|  |TAMS 0x0000000091e00000, 0x0000000091d00000| Complete 
|  14|0x0000000091e00000, 0x0000000091f00000, 0x0000000091f00000|100%|HC|  |TAMS 0x0000000091f00000, 0x0000000091e00000| Complete 
|  15|0x0000000091f00000, 0x0000000092000000, 0x0000000092000000|100%|HC|  |TAMS 0x0000000092000000, 0x0000000091f00000| Complete 
|  16|0x0000000092000000, 0x0000000092100000, 0x0000000092100000|100%|HC|  |TAMS 0x0000000092100000, 0x0000000092000000| Complete 
|  17|0x0000000092100000, 0x0000000092200000, 0x0000000092200000|100%|HC|  |TAMS 0x0000000092200000, 0x0000000092100000| Complete 
|  18|0x0000000092200000, 0x0000000092300000, 0x0000000092300000|100%|HC|  |TAMS 0x0000000092300000, 0x0000000092200000| Complete 
|  19|0x0000000092300000, 0x0000000092400000, 0x0000000092400000|100%|HC|  |TAMS 0x0000000092400000, 0x0000000092300000| Complete 
|  20|0x0000000092400000, 0x0000000092400000, 0x0000000092500000|  0%| F|  |TAMS 0x0000000092400000, 0x0000000092400000| Untracked 
|  21|0x0000000092500000, 0x0000000092600000, 0x0000000092600000|100%|HS|  |TAMS 0x0000000092600000, 0x0000000092500000| Complete 
|  22|0x0000000092600000, 0x0000000092700000, 0x0000000092700000|100%|HC|  |TAMS 0x0000000092700000, 0x0000000092600000| Complete 
|  23|0x0000000092700000, 0x0000000092800000, 0x0000000092800000|100%|HS|  |TAMS 0x0000000092800000, 0x0000000092700000| Complete 
|  24|0x0000000092800000, 0x0000000092800000, 0x0000000092900000|  0%| F|  |TAMS 0x0000000092800000, 0x0000000092800000| Untracked 
|  25|0x0000000092900000, 0x0000000092a00000, 0x0000000092a00000|100%| O|  |TAMS 0x0000000092900000, 0x0000000092900000| Untracked 
|  26|0x0000000092a00000, 0x0000000092b00000, 0x0000000092b00000|100%| O|  |TAMS 0x0000000092a00000, 0x0000000092a00000| Untracked 
|  27|0x0000000092b00000, 0x0000000092c00000, 0x0000000092c00000|100%| O|  |TAMS 0x0000000092b00000, 0x0000000092b00000| Untracked 
|  28|0x0000000092c00000, 0x0000000092c62000, 0x0000000092d00000| 38%| O|  |TAMS 0x0000000092c00000, 0x0000000092c00000| Untracked 
|  29|0x0000000092d00000, 0x0000000092d00000, 0x0000000092e00000|  0%| F|  |TAMS 0x0000000092d00000, 0x0000000092d00000| Untracked 
|  30|0x0000000092e00000, 0x0000000092e00000, 0x0000000092f00000|  0%| F|  |TAMS 0x0000000092e00000, 0x0000000092e00000| Untracked 
|  31|0x0000000092f00000, 0x0000000092f00000, 0x0000000093000000|  0%| F|  |TAMS 0x0000000092f00000, 0x0000000092f00000| Untracked 
|  32|0x0000000093000000, 0x0000000093000000, 0x0000000093100000|  0%| F|  |TAMS 0x0000000093000000, 0x0000000093000000| Untracked 
|  33|0x0000000093100000, 0x0000000093100000, 0x0000000093200000|  0%| F|  |TAMS 0x0000000093100000, 0x0000000093100000| Untracked 
|  34|0x0000000093200000, 0x0000000093200000, 0x0000000093300000|  0%| F|  |TAMS 0x0000000093200000, 0x0000000093200000| Untracked 
|  35|0x0000000093300000, 0x0000000093300000, 0x0000000093400000|  0%| F|  |TAMS 0x0000000093300000, 0x0000000093300000| Untracked 
|  36|0x0000000093400000, 0x0000000093400000, 0x0000000093500000|  0%| F|  |TAMS 0x0000000093400000, 0x0000000093400000| Untracked 
|  37|0x0000000093500000, 0x0000000093500000, 0x0000000093600000|  0%| F|  |TAMS 0x0000000093500000, 0x0000000093500000| Untracked 
|  38|0x0000000093600000, 0x0000000093600000, 0x0000000093700000|  0%| F|  |TAMS 0x0000000093600000, 0x0000000093600000| Untracked 
|  39|0x0000000093700000, 0x0000000093700000, 0x0000000093800000|  0%| F|  |TAMS 0x0000000093700000, 0x0000000093700000| Untracked 
|  40|0x0000000093800000, 0x0000000093800000, 0x0000000093900000|  0%| F|  |TAMS 0x0000000093800000, 0x0000000093800000| Untracked 
|  41|0x0000000093900000, 0x0000000093900000, 0x0000000093a00000|  0%| F|  |TAMS 0x0000000093900000, 0x0000000093900000| Untracked 
|  42|0x0000000093a00000, 0x0000000093a00000, 0x0000000093b00000|  0%| F|  |TAMS 0x0000000093a00000, 0x0000000093a00000| Untracked 
|  43|0x0000000093b00000, 0x0000000093b00000, 0x0000000093c00000|  0%| F|  |TAMS 0x0000000093b00000, 0x0000000093b00000| Untracked 
|  44|0x0000000093c00000, 0x0000000093c00000, 0x0000000093d00000|  0%| F|  |TAMS 0x0000000093c00000, 0x0000000093c00000| Untracked 
|  45|0x0000000093d00000, 0x0000000093d00000, 0x0000000093e00000|  0%| F|  |TAMS 0x0000000093d00000, 0x0000000093d00000| Untracked 
|  46|0x0000000093e00000, 0x0000000093e00000, 0x0000000093f00000|  0%| F|  |TAMS 0x0000000093e00000, 0x0000000093e00000| Untracked 
|  47|0x0000000093f00000, 0x0000000093f00000, 0x0000000094000000|  0%| F|  |TAMS 0x0000000093f00000, 0x0000000093f00000| Untracked 
|  48|0x0000000094000000, 0x0000000094000000, 0x0000000094100000|  0%| F|  |TAMS 0x0000000094000000, 0x0000000094000000| Untracked 
|  49|0x0000000094100000, 0x0000000094100000, 0x0000000094200000|  0%| F|  |TAMS 0x0000000094100000, 0x0000000094100000| Untracked 
|  50|0x0000000094200000, 0x0000000094200000, 0x0000000094300000|  0%| F|  |TAMS 0x0000000094200000, 0x0000000094200000| Untracked 
|  51|0x0000000094300000, 0x000000009438b2c0, 0x0000000094400000| 54%| S|CS|TAMS 0x0000000094300000, 0x0000000094300000| Complete 
|  52|0x0000000094400000, 0x0000000094500000, 0x0000000094500000|100%| S|CS|TAMS 0x0000000094400000, 0x0000000094400000| Complete 
|  53|0x0000000094500000, 0x0000000094600000, 0x0000000094600000|100%| S|CS|TAMS 0x0000000094500000, 0x0000000094500000| Complete 
|  54|0x0000000094600000, 0x0000000094700000, 0x0000000094700000|100%| S|CS|TAMS 0x0000000094600000, 0x0000000094600000| Complete 
|  55|0x0000000094700000, 0x0000000094800000, 0x0000000094800000|100%| S|CS|TAMS 0x0000000094700000, 0x0000000094700000| Complete 
|  56|0x0000000094800000, 0x0000000094900000, 0x0000000094900000|100%| S|CS|TAMS 0x0000000094800000, 0x0000000094800000| Complete 
|  57|0x0000000094900000, 0x0000000094a00000, 0x0000000094a00000|100%| S|CS|TAMS 0x0000000094900000, 0x0000000094900000| Complete 
|  58|0x0000000094a00000, 0x0000000094a00000, 0x0000000094b00000|  0%| F|  |TAMS 0x0000000094a00000, 0x0000000094a00000| Untracked 
|  59|0x0000000094b00000, 0x0000000094b00000, 0x0000000094c00000|  0%| F|  |TAMS 0x0000000094b00000, 0x0000000094b00000| Untracked 
|  60|0x0000000094c00000, 0x0000000094c00000, 0x0000000094d00000|  0%| F|  |TAMS 0x0000000094c00000, 0x0000000094c00000| Untracked 
|  61|0x0000000094d00000, 0x0000000094d00000, 0x0000000094e00000|  0%| F|  |TAMS 0x0000000094d00000, 0x0000000094d00000| Untracked 
|  62|0x0000000094e00000, 0x0000000094e00000, 0x0000000094f00000|  0%| F|  |TAMS 0x0000000094e00000, 0x0000000094e00000| Untracked 
|  63|0x0000000094f00000, 0x0000000094f00000, 0x0000000095000000|  0%| F|  |TAMS 0x0000000094f00000, 0x0000000094f00000| Untracked 
|  64|0x0000000095000000, 0x0000000095000000, 0x0000000095100000|  0%| F|  |TAMS 0x0000000095000000, 0x0000000095000000| Untracked 
|  65|0x0000000095100000, 0x0000000095100000, 0x0000000095200000|  0%| F|  |TAMS 0x0000000095100000, 0x0000000095100000| Untracked 
|  66|0x0000000095200000, 0x0000000095200000, 0x0000000095300000|  0%| F|  |TAMS 0x0000000095200000, 0x0000000095200000| Untracked 
|  67|0x0000000095300000, 0x0000000095300000, 0x0000000095400000|  0%| F|  |TAMS 0x0000000095300000, 0x0000000095300000| Untracked 
|  68|0x0000000095400000, 0x0000000095400000, 0x0000000095500000|  0%| F|  |TAMS 0x0000000095400000, 0x0000000095400000| Untracked 
|  69|0x0000000095500000, 0x0000000095500000, 0x0000000095600000|  0%| F|  |TAMS 0x0000000095500000, 0x0000000095500000| Untracked 
|  70|0x0000000095600000, 0x0000000095600000, 0x0000000095700000|  0%| F|  |TAMS 0x0000000095600000, 0x0000000095600000| Untracked 
|  71|0x0000000095700000, 0x0000000095700000, 0x0000000095800000|  0%| F|  |TAMS 0x0000000095700000, 0x0000000095700000| Untracked 
|  72|0x0000000095800000, 0x0000000095800000, 0x0000000095900000|  0%| F|  |TAMS 0x0000000095800000, 0x0000000095800000| Untracked 
|  73|0x0000000095900000, 0x0000000095900000, 0x0000000095a00000|  0%| F|  |TAMS 0x0000000095900000, 0x0000000095900000| Untracked 
|  74|0x0000000095a00000, 0x0000000095a00000, 0x0000000095b00000|  0%| F|  |TAMS 0x0000000095a00000, 0x0000000095a00000| Untracked 
|  75|0x0000000095b00000, 0x0000000095b00000, 0x0000000095c00000|  0%| F|  |TAMS 0x0000000095b00000, 0x0000000095b00000| Untracked 
|  76|0x0000000095c00000, 0x0000000095c00000, 0x0000000095d00000|  0%| F|  |TAMS 0x0000000095c00000, 0x0000000095c00000| Untracked 
|  77|0x0000000095d00000, 0x0000000095d00000, 0x0000000095e00000|  0%| F|  |TAMS 0x0000000095d00000, 0x0000000095d00000| Untracked 
|  78|0x0000000095e00000, 0x0000000095e00000, 0x0000000095f00000|  0%| F|  |TAMS 0x0000000095e00000, 0x0000000095e00000| Untracked 
|  79|0x0000000095f00000, 0x0000000095f00000, 0x0000000096000000|  0%| F|  |TAMS 0x0000000095f00000, 0x0000000095f00000| Untracked 
|  80|0x0000000096000000, 0x0000000096000000, 0x0000000096100000|  0%| F|  |TAMS 0x0000000096000000, 0x0000000096000000| Untracked 
|  81|0x0000000096100000, 0x0000000096100000, 0x0000000096200000|  0%| F|  |TAMS 0x0000000096100000, 0x0000000096100000| Untracked 
|  82|0x0000000096200000, 0x0000000096200000, 0x0000000096300000|  0%| F|  |TAMS 0x0000000096200000, 0x0000000096200000| Untracked 
|  83|0x0000000096300000, 0x0000000096300000, 0x0000000096400000|  0%| F|  |TAMS 0x0000000096300000, 0x0000000096300000| Untracked 
|  84|0x0000000096400000, 0x0000000096400000, 0x0000000096500000|  0%| F|  |TAMS 0x0000000096400000, 0x0000000096400000| Untracked 
|  85|0x0000000096500000, 0x0000000096500000, 0x0000000096600000|  0%| F|  |TAMS 0x0000000096500000, 0x0000000096500000| Untracked 
|  86|0x0000000096600000, 0x0000000096600000, 0x0000000096700000|  0%| F|  |TAMS 0x0000000096600000, 0x0000000096600000| Untracked 
|  87|0x0000000096700000, 0x0000000096700000, 0x0000000096800000|  0%| F|  |TAMS 0x0000000096700000, 0x0000000096700000| Untracked 
|  88|0x0000000096800000, 0x0000000096800000, 0x0000000096900000|  0%| F|  |TAMS 0x0000000096800000, 0x0000000096800000| Untracked 
|  89|0x0000000096900000, 0x0000000096900000, 0x0000000096a00000|  0%| F|  |TAMS 0x0000000096900000, 0x0000000096900000| Untracked 
|  90|0x0000000096a00000, 0x0000000096a00000, 0x0000000096b00000|  0%| F|  |TAMS 0x0000000096a00000, 0x0000000096a00000| Untracked 
|  91|0x0000000096b00000, 0x0000000096b00000, 0x0000000096c00000|  0%| F|  |TAMS 0x0000000096b00000, 0x0000000096b00000| Untracked 
|  92|0x0000000096c00000, 0x0000000096c00000, 0x0000000096d00000|  0%| F|  |TAMS 0x0000000096c00000, 0x0000000096c00000| Untracked 
|  93|0x0000000096d00000, 0x0000000096d00000, 0x0000000096e00000|  0%| F|  |TAMS 0x0000000096d00000, 0x0000000096d00000| Untracked 
|  94|0x0000000096e00000, 0x0000000096e00000, 0x0000000096f00000|  0%| F|  |TAMS 0x0000000096e00000, 0x0000000096e00000| Untracked 
|  95|0x0000000096f00000, 0x0000000096f00000, 0x0000000097000000|  0%| F|  |TAMS 0x0000000096f00000, 0x0000000096f00000| Untracked 
|  96|0x0000000097000000, 0x0000000097000000, 0x0000000097100000|  0%| F|  |TAMS 0x0000000097000000, 0x0000000097000000| Untracked 
|  97|0x0000000097100000, 0x0000000097100000, 0x0000000097200000|  0%| F|  |TAMS 0x0000000097100000, 0x0000000097100000| Untracked 
|  98|0x0000000097200000, 0x0000000097200000, 0x0000000097300000|  0%| F|  |TAMS 0x0000000097200000, 0x0000000097200000| Untracked 
|  99|0x0000000097300000, 0x0000000097300000, 0x0000000097400000|  0%| F|  |TAMS 0x0000000097300000, 0x0000000097300000| Untracked 
| 100|0x0000000097400000, 0x0000000097400000, 0x0000000097500000|  0%| F|  |TAMS 0x0000000097400000, 0x0000000097400000| Untracked 
| 101|0x0000000097500000, 0x0000000097500000, 0x0000000097600000|  0%| F|  |TAMS 0x0000000097500000, 0x0000000097500000| Untracked 
| 102|0x0000000097600000, 0x0000000097600000, 0x0000000097700000|  0%| F|  |TAMS 0x0000000097600000, 0x0000000097600000| Untracked 
| 103|0x0000000097700000, 0x0000000097700000, 0x0000000097800000|  0%| F|  |TAMS 0x0000000097700000, 0x0000000097700000| Untracked 
| 104|0x0000000097800000, 0x0000000097800000, 0x0000000097900000|  0%| F|  |TAMS 0x0000000097800000, 0x0000000097800000| Untracked 
| 105|0x0000000097900000, 0x0000000097900000, 0x0000000097a00000|  0%| F|  |TAMS 0x0000000097900000, 0x0000000097900000| Untracked 
| 106|0x0000000097a00000, 0x0000000097a00000, 0x0000000097b00000|  0%| F|  |TAMS 0x0000000097a00000, 0x0000000097a00000| Untracked 
| 107|0x0000000097b00000, 0x0000000097b00000, 0x0000000097c00000|  0%| F|  |TAMS 0x0000000097b00000, 0x0000000097b00000| Untracked 
| 108|0x0000000097c00000, 0x0000000097c4b9c0, 0x0000000097d00000| 29%| E|  |TAMS 0x0000000097c00000, 0x0000000097c00000| Complete 
| 109|0x0000000097d00000, 0x0000000097e00000, 0x0000000097e00000|100%| E|CS|TAMS 0x0000000097d00000, 0x0000000097d00000| Complete 
| 110|0x0000000097e00000, 0x0000000097f00000, 0x0000000097f00000|100%| E|CS|TAMS 0x0000000097e00000, 0x0000000097e00000| Complete 
| 111|0x0000000097f00000, 0x0000000098000000, 0x0000000098000000|100%| E|CS|TAMS 0x0000000097f00000, 0x0000000097f00000| Complete 

Card table byte_map: [0x000001b9f3300000,0x000001b9f3680000] _byte_map_base: 0x000001b9f2e78000

Marking Bits (Prev, Next): (CMBitMap*) 0x000001b9eb17b560, (CMBitMap*) 0x000001b9eb17b520
 Prev Bits: [0x000001b9f55c0000, 0x000001b9f7180000)
 Next Bits: [0x000001b9f3a00000, 0x000001b9f55c0000)

Polling page: 0x000001b9e90c0000

Metaspace:

Usage:
  Non-class:     17.77 MB used.
      Class:      3.07 MB used.
       Both:     20.84 MB used.

Virtual space:
  Non-class space:       64.00 MB reserved,      17.94 MB ( 28%) committed,  1 nodes.
      Class space:        1.00 GB reserved,       3.25 MB ( <1%) committed,  1 nodes.
             Both:        1.06 GB reserved,      21.19 MB (  2%) committed. 

Chunk freelists:
   Non-Class:  13.68 MB
       Class:  12.61 MB
        Both:  26.29 MB

MaxMetaspaceSize: unlimited
CompressedClassSpaceSize: 1.00 GB
Initial GC threshold: 21.00 MB
Current GC threshold: 35.12 MB
CDS: on
MetaspaceReclaimPolicy: balanced
 - commit_granule_bytes: 65536.
 - commit_granule_words: 8192.
 - virtual_space_node_default_size: 8388608.
 - enlarge_chunks_in_place: 1.
 - new_chunks_are_fully_committed: 0.
 - uncommit_free_chunks: 1.
 - use_allocation_guard: 0.
 - handle_deallocations: 1.


Internal statistics:

num_allocs_failed_limit: 3.
num_arena_births: 306.
num_arena_deaths: 0.
num_vsnodes_births: 2.
num_vsnodes_deaths: 0.
num_space_committed: 339.
num_space_uncommitted: 0.
num_chunks_returned_to_freelist: 3.
num_chunks_taken_from_freelist: 1055.
num_chunk_merges: 3.
num_chunk_splits: 716.
num_chunks_enlarged: 540.
num_inconsistent_stats: 0.

CodeHeap 'non-profiled nmethods': size=120000Kb used=2735Kb max_used=2735Kb free=117264Kb
 bounds [0x000001b987ad0000, 0x000001b987d80000, 0x000001b98f000000]
CodeHeap 'profiled nmethods': size=120000Kb used=10627Kb max_used=10627Kb free=109372Kb
 bounds [0x000001b980000000, 0x000001b980a70000, 0x000001b987530000]
CodeHeap 'non-nmethods': size=5760Kb used=1447Kb max_used=1587Kb free=4312Kb
 bounds [0x000001b987530000, 0x000001b9877a0000, 0x000001b987ad0000]
 total_blobs=5797 nmethods=4986 adapters=723
 compilation: enabled
              stopped_count=0, restarted_count=0
 full_count=0

Compilation events (20 events):
Event: 125.460 Thread 0x000001b9d5c3c4d0 4986       4       java.util.LinkedList::get (14 bytes)
Event: 125.462 Thread 0x000001b9f9bc32d0 nmethod 4984% 0x000001b987d5d310 code [0x000001b987d5d480, 0x000001b987d5d5f8]
Event: 125.462 Thread 0x000001b9f9bc32d0 4979       4       java.lang.Double::valueOf (9 bytes)
Event: 125.463 Thread 0x000001b9f9bc32d0 nmethod 4979 0x000001b987d5d710 code [0x000001b987d5d880, 0x000001b987d5d938]
Event: 125.463 Thread 0x000001b9f9bc32d0 4987       4       java.util.LinkedList::node (65 bytes)
Event: 125.467 Thread 0x000001b9ff3c6890 nmethod 4878 0x000001b987d5da10 code [0x000001b987d5e2a0, 0x000001b987d73210]
Event: 125.470 Thread 0x000001b9ff3c6890 4976       4       java.util.LinkedList::add (7 bytes)
Event: 125.470 Thread 0x000001b9d5c3c4d0 nmethod 4986 0x000001b987d79610 code [0x000001b987d797a0, 0x000001b987d799f8]
Event: 125.470 Thread 0x000001b9d5c3c4d0 4978       4       java.util.LinkedList::linkLast (59 bytes)
Event: 125.471 Thread 0x000001b9f9bc32d0 nmethod 4987 0x000001b987d79c10 code [0x000001b987d79d80, 0x000001b987d79f78]
Event: 125.471 Thread 0x000001b9f9bc32d0 4980       4       optiuam.bc.model.GeneradorSeAl::GLC (36 bytes)
Event: 125.472 Thread 0x000001b9f9bc32d0 nmethod 4980 0x000001b987d7a110 code [0x000001b987d7a2c0, 0x000001b987d7a3b8]
Event: 125.476 Thread 0x000001b9d5c3c4d0 nmethod 4978 0x000001b987d7a410 code [0x000001b987d7a5a0, 0x000001b987d7a918]
Event: 125.477 Thread 0x000001b9ff3c6890 nmethod 4976 0x000001b987d7aa10 code [0x000001b987d7aba0, 0x000001b987d7af18]
Event: 125.491 Thread 0x000001b9f9bc3c90 4988 %     3       optiuam.bc.model.Fuente::calcularDatos @ 51 (169 bytes)
Event: 125.493 Thread 0x000001b9f9bc3c90 nmethod 4988% 0x000001b980a5c310 code [0x000001b980a5c6a0, 0x000001b980a5e068]
Event: 125.502 Thread 0x000001b9f9bc3c90 4989       3       optiuam.bc.model.Fuente::calcularDatos (169 bytes)
Event: 125.505 Thread 0x000001b9f9bc3c90 nmethod 4989 0x000001b980a5ea10 code [0x000001b980a5eda0, 0x000001b980a60608]
Event: 125.722 Thread 0x000001b9ff3c6890 4990 %     4       optiuam.bc.model.Fuente::calcularDatos @ 51 (169 bytes)
Event: 125.746 Thread 0x000001b9ff3c6890 nmethod 4990% 0x000001b987d7b010 code [0x000001b987d7b200, 0x000001b987d7b978]

GC Heap History (6 events):
Event: 4.688 GC heap before
{Heap before GC invocations=0 (full 0):
 garbage-first heap   total 114688K, used 22528K [0x0000000091000000, 0x0000000100000000)
  region size 1024K, 23 young (23552K), 0 survivors (0K)
 Metaspace       used 4633K, committed 4800K, reserved 1114112K
  class space    used 532K, committed 640K, reserved 1048576K
}
Event: 4.692 GC heap after
{Heap after GC invocations=1 (full 0):
 garbage-first heap   total 114688K, used 3757K [0x0000000091000000, 0x0000000100000000)
  region size 1024K, 3 young (3072K), 3 survivors (3072K)
 Metaspace       used 4633K, committed 4800K, reserved 1114112K
  class space    used 532K, committed 640K, reserved 1048576K
}
Event: 8.138 GC heap before
{Heap before GC invocations=1 (full 0):
 garbage-first heap   total 114688K, used 38573K [0x0000000091000000, 0x0000000100000000)
  region size 1024K, 34 young (34816K), 3 survivors (3072K)
 Metaspace       used 11427K, committed 11648K, reserved 1114112K
  class space    used 1545K, committed 1664K, reserved 1048576K
}
Event: 8.145 GC heap after
{Heap after GC invocations=2 (full 0):
 garbage-first heap   total 114688K, used 9763K [0x0000000091000000, 0x0000000100000000)
  region size 1024K, 4 young (4096K), 4 survivors (4096K)
 Metaspace       used 11427K, committed 11648K, reserved 1114112K
  class space    used 1545K, committed 1664K, reserved 1048576K
}
Event: 123.868 GC heap before
{Heap before GC invocations=2 (full 0):
 garbage-first heap   total 114688K, used 79395K [0x0000000091000000, 0x0000000100000000)
  region size 1024K, 54 young (55296K), 4 survivors (4096K)
 Metaspace       used 21262K, committed 21504K, reserved 1114112K
  class space    used 3128K, committed 3264K, reserved 1048576K
}
Event: 123.881 GC heap after
{Heap after GC invocations=3 (full 0):
 garbage-first heap   total 114688K, used 33716K [0x0000000091000000, 0x0000000100000000)
  region size 1024K, 7 young (7168K), 7 survivors (7168K)
 Metaspace       used 21262K, committed 21504K, reserved 1114112K
  class space    used 3128K, committed 3264K, reserved 1048576K
}

Dll operation events (20 events):
Event: 2.385 Loaded shared library D:\Proyecto Terminal\openjfx-22.0.1_windows-x64_bin-sdk\javafx-sdk-22.0.1\bin\api-ms-win-crt-locale-l1-1-0.dll
Event: 2.426 Loaded shared library D:\Proyecto Terminal\openjfx-22.0.1_windows-x64_bin-sdk\javafx-sdk-22.0.1\bin\api-ms-win-crt-math-l1-1-0.dll
Event: 2.475 Loaded shared library D:\Proyecto Terminal\openjfx-22.0.1_windows-x64_bin-sdk\javafx-sdk-22.0.1\bin\api-ms-win-crt-multibyte-l1-1-0.dll
Event: 2.551 Loaded shared library D:\Proyecto Terminal\openjfx-22.0.1_windows-x64_bin-sdk\javafx-sdk-22.0.1\bin\api-ms-win-crt-private-l1-1-0.dll
Event: 2.594 Loaded shared library D:\Proyecto Terminal\openjfx-22.0.1_windows-x64_bin-sdk\javafx-sdk-22.0.1\bin\api-ms-win-crt-process-l1-1-0.dll
Event: 2.641 Loaded shared library D:\Proyecto Terminal\openjfx-22.0.1_windows-x64_bin-sdk\javafx-sdk-22.0.1\bin\api-ms-win-crt-runtime-l1-1-0.dll
Event: 2.683 Loaded shared library D:\Proyecto Terminal\openjfx-22.0.1_windows-x64_bin-sdk\javafx-sdk-22.0.1\bin\api-ms-win-crt-stdio-l1-1-0.dll
Event: 2.724 Loaded shared library D:\Proyecto Terminal\openjfx-22.0.1_windows-x64_bin-sdk\javafx-sdk-22.0.1\bin\api-ms-win-crt-string-l1-1-0.dll
Event: 2.769 Loaded shared library D:\Proyecto Terminal\openjfx-22.0.1_windows-x64_bin-sdk\javafx-sdk-22.0.1\bin\api-ms-win-crt-time-l1-1-0.dll
Event: 2.814 Loaded shared library D:\Proyecto Terminal\openjfx-22.0.1_windows-x64_bin-sdk\javafx-sdk-22.0.1\bin\api-ms-win-crt-utility-l1-1-0.dll
Event: 2.940 Loaded shared library D:\Proyecto Terminal\openjfx-22.0.1_windows-x64_bin-sdk\javafx-sdk-22.0.1\bin\ucrtbase.dll
Event: 2.997 Loaded shared library D:\Proyecto Terminal\openjfx-22.0.1_windows-x64_bin-sdk\javafx-sdk-22.0.1\bin\vcruntime140.dll
Event: 3.042 Loaded shared library D:\Proyecto Terminal\openjfx-22.0.1_windows-x64_bin-sdk\javafx-sdk-22.0.1\bin\vcruntime140_1.dll
Event: 3.098 Loaded shared library D:\Proyecto Terminal\openjfx-22.0.1_windows-x64_bin-sdk\javafx-sdk-22.0.1\bin\msvcp140.dll
Event: 3.144 Loaded shared library D:\Proyecto Terminal\openjfx-22.0.1_windows-x64_bin-sdk\javafx-sdk-22.0.1\bin\msvcp140_1.dll
Event: 4.036 Loaded shared library D:\Proyecto Terminal\openjfx-22.0.1_windows-x64_bin-sdk\javafx-sdk-22.0.1\bin\msvcp140_2.dll
Event: 4.166 Loaded shared library D:\Proyecto Terminal\openjfx-22.0.1_windows-x64_bin-sdk\javafx-sdk-22.0.1\bin\prism_d3d.dll
Event: 4.363 Loaded shared library D:\Proyecto Terminal\openjfx-22.0.1_windows-x64_bin-sdk\javafx-sdk-22.0.1\bin\glass.dll
Event: 5.580 Loaded shared library D:\Proyecto Terminal\openjfx-22.0.1_windows-x64_bin-sdk\javafx-sdk-22.0.1\bin\javafx_font.dll
Event: 47.432 Loaded shared library D:\Proyecto Terminal\openjfx-22.0.1_windows-x64_bin-sdk\javafx-sdk-22.0.1\bin\javafx_iio.dll

Deoptimization events (20 events):
Event: 125.469 Thread 0x000001b9f9b9dab0 DEOPT PACKING pc=0x000001b980a5a8df sp=0x000000412dcf8fa0
Event: 125.469 Thread 0x000001b9f9b9dab0 DEOPT UNPACKING pc=0x000001b987587143 sp=0x000000412dcf8428 mode 0
Event: 125.469 Thread 0x000001b9f9b9dab0 DEOPT PACKING pc=0x000001b980a5a8df sp=0x000000412dcf8fa0
Event: 125.469 Thread 0x000001b9f9b9dab0 DEOPT UNPACKING pc=0x000001b987587143 sp=0x000000412dcf8428 mode 0
Event: 125.470 Thread 0x000001b9f9b9dab0 DEOPT PACKING pc=0x000001b980a5a8df sp=0x000000412dcf8fa0
Event: 125.470 Thread 0x000001b9f9b9dab0 DEOPT UNPACKING pc=0x000001b987587143 sp=0x000000412dcf8428 mode 0
Event: 125.470 Thread 0x000001b9f9b9dab0 DEOPT PACKING pc=0x000001b980a5a8df sp=0x000000412dcf8fa0
Event: 125.470 Thread 0x000001b9f9b9dab0 DEOPT UNPACKING pc=0x000001b987587143 sp=0x000000412dcf8428 mode 0
Event: 125.470 Thread 0x000001b9f9b9dab0 DEOPT PACKING pc=0x000001b980a5a8df sp=0x000000412dcf8fa0
Event: 125.470 Thread 0x000001b9f9b9dab0 DEOPT UNPACKING pc=0x000001b987587143 sp=0x000000412dcf8428 mode 0
Event: 125.470 Thread 0x000001b9f9b9dab0 DEOPT PACKING pc=0x000001b980a5a8df sp=0x000000412dcf8fa0
Event: 125.470 Thread 0x000001b9f9b9dab0 DEOPT UNPACKING pc=0x000001b987587143 sp=0x000000412dcf8428 mode 0
Event: 125.470 Thread 0x000001b9f9b9dab0 DEOPT PACKING pc=0x000001b980a5a8df sp=0x000000412dcf8fa0
Event: 125.470 Thread 0x000001b9f9b9dab0 DEOPT UNPACKING pc=0x000001b987587143 sp=0x000000412dcf8428 mode 0
Event: 125.470 Thread 0x000001b9f9b9dab0 DEOPT PACKING pc=0x000001b980a5a8df sp=0x000000412dcf8fa0
Event: 125.470 Thread 0x000001b9f9b9dab0 DEOPT UNPACKING pc=0x000001b987587143 sp=0x000000412dcf8428 mode 0
Event: 125.470 Thread 0x000001b9f9b9dab0 DEOPT PACKING pc=0x000001b980a5a8df sp=0x000000412dcf8fa0
Event: 125.470 Thread 0x000001b9f9b9dab0 DEOPT UNPACKING pc=0x000001b987587143 sp=0x000000412dcf8428 mode 0
Event: 125.787 Thread 0x000001b9f9b9dab0 DEOPT PACKING pc=0x000001b980a5dc71 sp=0x000000412dcf8fa0
Event: 125.787 Thread 0x000001b9f9b9dab0 DEOPT UNPACKING pc=0x000001b987587143 sp=0x000000412dcf8558 mode 0

Classes loaded (20 events):
Event: 123.807 Loading class java/awt/event/MouseListener
Event: 123.807 Loading class java/awt/event/MouseListener done
Event: 123.807 Loading class java/awt/event/MouseMotionListener
Event: 123.807 Loading class java/awt/event/MouseMotionListener done
Event: 123.808 Loading class java/awt/print/Printable
Event: 123.808 Loading class java/awt/print/Printable done
Event: 123.808 Loading class javax/swing/JPanel
Event: 123.808 Loading class javax/accessibility/Accessible
Event: 123.809 Loading class javax/accessibility/Accessible done
Event: 123.809 Loading class javax/swing/JComponent
Event: 123.810 Loading class javax/swing/TransferHandler$HasGetTransferHandler
Event: 123.810 Loading class javax/swing/TransferHandler$HasGetTransferHandler done
Event: 123.810 Loading class java/awt/Container
Event: 123.811 Loading class java/awt/Container done
Event: 123.811 Loading class javax/swing/JComponent done
Event: 123.811 Loading class javax/swing/JPanel done
Event: 123.963 Loading class java/util/Formatter$FixedString
Event: 123.964 Loading class java/util/Formatter$FixedString done
Event: 154.192 Loading class jdk/internal/misc/Signal$1
Event: 154.193 Loading class jdk/internal/misc/Signal$1 done

Classes unloaded (0 events):
No events

Classes redefined (0 events):
No events

Internal exceptions (20 events):
Event: 8.091 Thread 0x000001b9f9b9dab0 Exception <a 'java/lang/NoSuchMethodError'{0x0000000095e5b5b8}: 'void java.lang.invoke.DirectMethodHandle$Holder.invokeSpecial(java.lang.Object, java.lang.Object, java.lang.Object, java.lang.Object, java.lang.Object)'> (0x0000000095e5b5b8) 
thrown [s\src\hotspot\share\interpreter\linkResolver.cpp, line 759]
Event: 8.935 Thread 0x000001b9f9b9dab0 Exception <a 'java/lang/NoSuchMethodError'{0x00000000978377a0}: 'java.lang.Object java.lang.invoke.DirectMethodHandle$Holder.invokeInterface(java.lang.Object, java.lang.Object, java.lang.Object)'> (0x00000000978377a0) 
thrown [s\src\hotspot\share\interpreter\linkResolver.cpp, line 759]
Event: 8.936 Thread 0x000001b9f9b9dab0 Exception <a 'java/lang/IncompatibleClassChangeError'{0x000000009783b128}: Found class java.lang.Object, but interface was expected> (0x000000009783b128) 
thrown [s\src\hotspot\share\interpreter\linkResolver.cpp, line 826]
Event: 9.056 Thread 0x000001b9f9b9dab0 Exception <a 'java/lang/NoSuchMethodError'{0x00000000976662e0}: 'void java.lang.invoke.DirectMethodHandle$Holder.invokeSpecialIFC(java.lang.Object, java.lang.Object, java.lang.Object, java.lang.Object)'> (0x00000000976662e0) 
thrown [s\src\hotspot\share\interpreter\linkResolver.cpp, line 759]
Event: 9.406 Thread 0x000001b9f9b9dab0 Exception <a 'java/lang/NoSuchMethodError'{0x0000000097094a28}: 'void java.lang.invoke.DirectMethodHandle$Holder.invokeSpecial(java.lang.Object, java.lang.Object, java.lang.Object, java.lang.Object, java.lang.Object, java.lang.Object)'> (0x0000000097094a28) 
thrown [s\src\hotspot\share\interpreter\linkResolver.cpp, line 759]
Event: 9.880 Thread 0x000001b9f9b9d5a0 Exception <a 'java/lang/NoSuchMethodError'{0x0000000096a7b440}: 'java.lang.Object java.lang.invoke.DirectMethodHandle$Holder.invokeStaticInit(java.lang.Object, int)'> (0x0000000096a7b440) 
thrown [s\src\hotspot\share\interpreter\linkResolver.cpp, line 759]
Event: 47.308 Thread 0x000001b9f9b9dab0 Exception <a 'java/lang/NoSuchMethodError'{0x0000000096784088}: 'long java.lang.invoke.DirectMethodHandle$Holder.invokeStatic(java.lang.Object, java.lang.Object, java.lang.Object)'> (0x0000000096784088) 
thrown [s\src\hotspot\share\interpreter\linkResolver.cpp, line 759]
Event: 47.309 Thread 0x000001b9f9b9dab0 Exception <a 'java/lang/NoSuchMethodError'{0x0000000096787830}: 'long java.lang.invoke.DirectMethodHandle$Holder.invokeStaticInit(java.lang.Object, java.lang.Object, java.lang.Object)'> (0x0000000096787830) 
thrown [s\src\hotspot\share\interpreter\linkResolver.cpp, line 759]
Event: 47.313 Thread 0x000001b9f9b9dab0 Exception <a 'java/lang/NoSuchMethodError'{0x000000009679f3b0}: 'java.lang.Object java.lang.invoke.DirectMethodHandle$Holder.newInvokeSpecial(java.lang.Object, java.lang.Object, long)'> (0x000000009679f3b0) 
thrown [s\src\hotspot\share\interpreter\linkResolver.cpp, line 759]
Event: 47.313 Thread 0x000001b9f9b9dab0 Exception <a 'java/lang/NoSuchMethodError'{0x00000000967a2f20}: 'java.lang.Object java.lang.invoke.Invokers$Holder.linkToTargetMethod(java.lang.Object, long, java.lang.Object)'> (0x00000000967a2f20) 
thrown [s\src\hotspot\share\interpreter\linkResolver.cpp, line 759]
Event: 47.617 Thread 0x000001b9f9b9dab0 Exception <a 'java/lang/ClassNotFoundException'{0x00000000961de5e8}: com/sun/javafx/scene/control/skin/resources/controls> (0x00000000961de5e8) 
thrown [s\src\hotspot\share\prims\jni.cpp, line 535]
Event: 47.618 Thread 0x000001b9f9b9dab0 Exception <a 'java/lang/ClassNotFoundException'{0x00000000961ecf98}: com/sun/javafx/scene/control/skin/resources/controls_es> (0x00000000961ecf98) 
thrown [s\src\hotspot\share\prims\jni.cpp, line 535]
Event: 47.619 Thread 0x000001b9f9b9dab0 Exception <a 'java/lang/ClassNotFoundException'{0x00000000961fb178}: com/sun/javafx/scene/control/skin/resources/controls_es_MX> (0x00000000961fb178) 
thrown [s\src\hotspot\share\prims\jni.cpp, line 535]
Event: 47.648 Thread 0x000001b9f9b9dab0 Exception <a 'java/lang/NoSuchMethodError'{0x0000000095f6ea98}: 'int java.lang.invoke.DirectMethodHandle$Holder.invokeSpecial(java.lang.Object, java.lang.Object, int)'> (0x0000000095f6ea98) 
thrown [s\src\hotspot\share\interpreter\linkResolver.cpp, line 759]
Event: 47.857 Thread 0x000001b9f9b9dab0 Exception <a 'java/lang/NoSuchMethodError'{0x000000009554cd18}: 'void java.lang.invoke.DirectMethodHandle$Holder.invokeVirtual(java.lang.Object, java.lang.Object)'> (0x000000009554cd18) 
thrown [s\src\hotspot\share\interpreter\linkResolver.cpp, line 759]
Event: 117.646 Thread 0x000001b9f9b9dab0 Exception <a 'java/lang/NoSuchMethodError'{0x0000000095081798}: 'java.lang.Object java.lang.invoke.DirectMethodHandle$Holder.newInvokeSpecial(java.lang.Object, java.lang.Object, int, int, int, int, int, java.lang.Object)'> (0x0000000095081798) 
thrown [s\src\hotspot\share\interpreter\linkResolver.cpp, line 759]
Event: 117.650 Thread 0x000001b9f9b9dab0 Exception <a 'java/lang/NoSuchMethodError'{0x0000000095094cc0}: 'java.lang.Object java.lang.invoke.DirectMethodHandle$Holder.newInvokeSpecial(java.lang.Object, java.lang.Object, java.lang.Object, int, int, int, int, int)'> (0x0000000095094cc0) 
thrown [s\src\hotspot\share\interpreter\linkResolver.cpp, line 759]
Event: 117.651 Thread 0x000001b9f9b9dab0 Exception <a 'java/lang/NoSuchMethodError'{0x000000009509cd18}: 'java.lang.Object java.lang.invoke.Invokers$Holder.linkToTargetMethod(java.lang.Object, java.lang.Object, int, int, int, int, int, java.lang.Object)'> (0x000000009509cd18) 
thrown [s\src\hotspot\share\interpreter\linkResolver.cpp, line 759]
Event: 123.848 Thread 0x000001b9f9b9dab0 Implicit null exception at 0x000001b987c847d0 to 0x000001b987c8484c
Event: 124.875 Thread 0x000001b9f9b9dab0 Implicit null exception at 0x000001b987cacc7c to 0x000001b987caccec

VM Operations (20 events):
Event: 118.781 Executing VM operation: Cleanup done
Event: 119.782 Executing VM operation: Cleanup
Event: 119.782 Executing VM operation: Cleanup done
Event: 120.417 Executing VM operation: HandshakeAllThreads
Event: 120.417 Executing VM operation: HandshakeAllThreads done
Event: 121.418 Executing VM operation: Cleanup
Event: 121.418 Executing VM operation: Cleanup done
Event: 122.418 Executing VM operation: Cleanup
Event: 122.418 Executing VM operation: Cleanup done
Event: 123.419 Executing VM operation: Cleanup
Event: 123.419 Executing VM operation: Cleanup done
Event: 123.868 Executing VM operation: CollectForMetadataAllocation
Event: 123.881 Executing VM operation: CollectForMetadataAllocation done
Event: 123.893 Executing VM operation: G1PauseRemark
Event: 123.897 Executing VM operation: G1PauseRemark done
Event: 123.900 Executing VM operation: G1PauseCleanup
Event: 123.901 Executing VM operation: G1PauseCleanup done
Event: 124.902 Executing VM operation: Cleanup
Event: 124.902 Executing VM operation: Cleanup done
Event: 154.202 Executing VM operation: Exit

Events (20 events):
Event: 7.975 Thread 0x000001b9fe8e1100 Thread added: 0x000001b9fe8e1100
Event: 7.995 Thread 0x000001b9ff81d950 Thread added: 0x000001b9ff81d950
Event: 8.921 Thread 0x000001b9f9b9bc50 Thread added: 0x000001b9f9b9bc50
Event: 9.935 Thread 0x000001b9f9b9c670 Thread added: 0x000001b9f9b9c670
Event: 10.073 Thread 0x000001b9ff81d950 Thread exited: 0x000001b9ff81d950
Event: 10.582 Thread 0x000001b9fe8e1100 Thread exited: 0x000001b9fe8e1100
Event: 47.316 Thread 0x000001b9d58e1010 Thread added: 0x000001b9d58e1010
Event: 47.900 Thread 0x000001b9d59055f0 Thread added: 0x000001b9d59055f0
Event: 48.329 Thread 0x000001b9d59055f0 Thread exited: 0x000001b9d59055f0
Event: 48.361 Thread 0x000001b9d58e1010 Thread exited: 0x000001b9d58e1010
Event: 123.715 Thread 0x000001b9ff3c6890 Thread added: 0x000001b9ff3c6890
Event: 125.458 Thread 0x000001b9d5c3c4d0 Thread added: 0x000001b9d5c3c4d0
Event: 125.722 Thread 0x000001b9d5c3c4d0 Thread exited: 0x000001b9d5c3c4d0
Event: 130.746 Thread 0x000001b9ff3c6890 Thread exited: 0x000001b9ff3c6890
Event: 154.193 Thread 0x000001b9feeea400 Thread added: 0x000001b9feeea400
Event: 154.194 Thread 0x000001b9feeea910 Thread added: 0x000001b9feeea910
Event: 154.194 Thread 0x000001b9feee8fc0 Thread added: 0x000001b9feee8fc0
Event: 154.201 Thread 0x000001b9feee8fc0 Thread exited: 0x000001b9feee8fc0
Event: 154.201 Thread 0x000001b9feeea910 Thread exited: 0x000001b9feeea910
Event: 154.201 Thread 0x000001b9f9b90d70 Thread exited: 0x000001b9f9b90d70


Dynamic libraries:
0x00007ff6ed040000 - 0x00007ff6ed04e000 	C:\Users\diego\.jdks\corretto-17.0.12\bin\java.exe
0x00007ffaaacf0000 - 0x00007ffaaaf07000 	C:\Windows\SYSTEM32\ntdll.dll
0x00007ffaa9870000 - 0x00007ffaa9934000 	C:\Windows\System32\KERNEL32.DLL
0x00007ffaa8180000 - 0x00007ffaa852d000 	C:\Windows\System32\KERNELBASE.dll
0x00007ffaa8770000 - 0x00007ffaa8881000 	C:\Windows\System32\ucrtbase.dll
0x00007ffa92e30000 - 0x00007ffa92e4b000 	C:\Users\diego\.jdks\corretto-17.0.12\bin\VCRUNTIME140.dll
0x00007ffa92e10000 - 0x00007ffa92e27000 	C:\Users\diego\.jdks\corretto-17.0.12\bin\jli.dll
0x00007ffaaa940000 - 0x00007ffaaaaee000 	C:\Windows\System32\USER32.dll
0x00007ffaa8950000 - 0x00007ffaa8976000 	C:\Windows\System32\win32u.dll
0x00007ffa90010000 - 0x00007ffa902a3000 	C:\Windows\WinSxS\amd64_microsoft.windows.common-controls_6595b64144ccf1df_6.0.22621.3672_none_2713b9d173822955\COMCTL32.dll
0x00007ffaa9960000 - 0x00007ffaa9989000 	C:\Windows\System32\GDI32.dll
0x00007ffaa9b50000 - 0x00007ffaa9bf7000 	C:\Windows\System32\msvcrt.dll
0x00007ffaa8530000 - 0x00007ffaa8649000 	C:\Windows\System32\gdi32full.dll
0x00007ffaa8650000 - 0x00007ffaa86ea000 	C:\Windows\System32\msvcp_win.dll
0x00007ffaaa900000 - 0x00007ffaaa931000 	C:\Windows\System32\IMM32.DLL
0x00007ffa92e00000 - 0x00007ffa92e0c000 	C:\Users\diego\.jdks\corretto-17.0.12\bin\vcruntime140_1.dll
0x00007ffa92d70000 - 0x00007ffa92dfd000 	C:\Users\diego\.jdks\corretto-17.0.12\bin\msvcp140.dll
0x00007ffa47c00000 - 0x00007ffa4886a000 	C:\Users\diego\.jdks\corretto-17.0.12\bin\server\jvm.dll
0x00007ffaa9c60000 - 0x00007ffaa9d12000 	C:\Windows\System32\ADVAPI32.dll
0x00007ffaa9770000 - 0x00007ffaa9819000 	C:\Windows\System32\sechost.dll
0x00007ffaa89f0000 - 0x00007ffaa8a18000 	C:\Windows\System32\bcrypt.dll
0x00007ffaa9a20000 - 0x00007ffaa9b34000 	C:\Windows\System32\RPCRT4.dll
0x00007ffaa99a0000 - 0x00007ffaa9a11000 	C:\Windows\System32\WS2_32.dll
0x00007ffaa7ee0000 - 0x00007ffaa7f2d000 	C:\Windows\SYSTEM32\POWRPROF.dll
0x00007ffaa49e0000 - 0x00007ffaa4a14000 	C:\Windows\SYSTEM32\WINMM.dll
0x00007ffa9da90000 - 0x00007ffa9da9a000 	C:\Windows\SYSTEM32\VERSION.dll
0x00007ffaa7ec0000 - 0x00007ffaa7ed3000 	C:\Windows\SYSTEM32\UMPDC.dll
0x00007ffaa7060000 - 0x00007ffaa7078000 	C:\Windows\SYSTEM32\kernel.appcore.dll
0x00007ffa92d60000 - 0x00007ffa92d6a000 	C:\Users\diego\.jdks\corretto-17.0.12\bin\jimage.dll
0x00007ffaa54f0000 - 0x00007ffaa5722000 	C:\Windows\SYSTEM32\DBGHELP.DLL
0x00007ffaaa090000 - 0x00007ffaaa41e000 	C:\Windows\System32\combase.dll
0x00007ffaa8a20000 - 0x00007ffaa8af7000 	C:\Windows\System32\OLEAUT32.dll
0x00007ffa73180000 - 0x00007ffa731b2000 	C:\Windows\SYSTEM32\dbgcore.DLL
0x00007ffaa86f0000 - 0x00007ffaa876b000 	C:\Windows\System32\bcryptPrimitives.dll
0x00007ffa92c20000 - 0x00007ffa92c2e000 	C:\Users\diego\.jdks\corretto-17.0.12\bin\instrument.dll
0x00007ffa917d0000 - 0x00007ffa917f5000 	C:\Users\diego\.jdks\corretto-17.0.12\bin\java.dll
0x00007ffa916f0000 - 0x00007ffa917c7000 	C:\Users\diego\.jdks\corretto-17.0.12\bin\jsvml.dll
0x00007ffaa8c00000 - 0x00007ffaa9467000 	C:\Windows\System32\SHELL32.dll
0x00007ffaa5f90000 - 0x00007ffaa688f000 	C:\Windows\SYSTEM32\windows.storage.dll
0x00007ffaa5e50000 - 0x00007ffaa5f8f000 	C:\Windows\SYSTEM32\wintypes.dll
0x00007ffaa8b00000 - 0x00007ffaa8bf9000 	C:\Windows\System32\SHCORE.dll
0x00007ffaa9c00000 - 0x00007ffaa9c5e000 	C:\Windows\System32\shlwapi.dll
0x00007ffaa7f40000 - 0x00007ffaa7f67000 	C:\Windows\SYSTEM32\profapi.dll
0x00007ffa92d00000 - 0x00007ffa92d19000 	C:\Users\diego\.jdks\corretto-17.0.12\bin\net.dll
0x00007ffaa1b50000 - 0x00007ffaa1c86000 	C:\Windows\SYSTEM32\WINHTTP.dll
0x00007ffaa74d0000 - 0x00007ffaa7539000 	C:\Windows\system32\mswsock.dll
0x00007ffa86090000 - 0x00007ffa860a6000 	C:\Users\diego\.jdks\corretto-17.0.12\bin\nio.dll
0x00007ffa84cd0000 - 0x00007ffa84ce8000 	C:\Users\diego\.jdks\corretto-17.0.12\bin\zip.dll
0x00007ffa840f0000 - 0x00007ffa8410a000 	C:\Program Files\JetBrains\IntelliJ IDEA 2024.1.3\bin\breakgen64.dll
0x00007ffa916e0000 - 0x00007ffa916e9000 	C:\Users\diego\.jdks\corretto-17.0.12\bin\extnet.dll
0x000001b9e9110000 - 0x000001b9e9113000 	D:\Proyecto Terminal\openjfx-22.0.1_windows-x64_bin-sdk\javafx-sdk-22.0.1\bin\api-ms-win-core-console-l1-1-0.dll
0x000001b9e9120000 - 0x000001b9e9123000 	D:\Proyecto Terminal\openjfx-22.0.1_windows-x64_bin-sdk\javafx-sdk-22.0.1\bin\api-ms-win-core-console-l1-2-0.dll
0x000001b9eb090000 - 0x000001b9eb093000 	D:\Proyecto Terminal\openjfx-22.0.1_windows-x64_bin-sdk\javafx-sdk-22.0.1\bin\api-ms-win-core-datetime-l1-1-0.dll
0x000001b9eb0a0000 - 0x000001b9eb0a3000 	D:\Proyecto Terminal\openjfx-22.0.1_windows-x64_bin-sdk\javafx-sdk-22.0.1\bin\api-ms-win-core-debug-l1-1-0.dll
0x000001b9eb0b0000 - 0x000001b9eb0b3000 	D:\Proyecto Terminal\openjfx-22.0.1_windows-x64_bin-sdk\javafx-sdk-22.0.1\bin\api-ms-win-core-errorhandling-l1-1-0.dll
0x000001b9eb0c0000 - 0x000001b9eb0c4000 	D:\Proyecto Terminal\openjfx-22.0.1_windows-x64_bin-sdk\javafx-sdk-22.0.1\bin\api-ms-win-core-file-l1-1-0.dll
0x000001b9eb0d0000 - 0x000001b9eb0d3000 	D:\Proyecto Terminal\openjfx-22.0.1_windows-x64_bin-sdk\javafx-sdk-22.0.1\bin\api-ms-win-core-file-l1-2-0.dll
0x000001b9f9d40000 - 0x000001b9f9d43000 	D:\Proyecto Terminal\openjfx-22.0.1_windows-x64_bin-sdk\javafx-sdk-22.0.1\bin\api-ms-win-core-file-l2-1-0.dll
0x000001b9f9d50000 - 0x000001b9f9d53000 	D:\Proyecto Terminal\openjfx-22.0.1_windows-x64_bin-sdk\javafx-sdk-22.0.1\bin\api-ms-win-core-handle-l1-1-0.dll
0x000001b9f9d60000 - 0x000001b9f9d63000 	D:\Proyecto Terminal\openjfx-22.0.1_windows-x64_bin-sdk\javafx-sdk-22.0.1\bin\api-ms-win-core-heap-l1-1-0.dll
0x000001b9f9d70000 - 0x000001b9f9d73000 	D:\Proyecto Terminal\openjfx-22.0.1_windows-x64_bin-sdk\javafx-sdk-22.0.1\bin\api-ms-win-core-interlocked-l1-1-0.dll
0x000001b9f9d80000 - 0x000001b9f9d83000 	D:\Proyecto Terminal\openjfx-22.0.1_windows-x64_bin-sdk\javafx-sdk-22.0.1\bin\api-ms-win-core-libraryloader-l1-1-0.dll
0x000001b9f9d90000 - 0x000001b9f9d93000 	D:\Proyecto Terminal\openjfx-22.0.1_windows-x64_bin-sdk\javafx-sdk-22.0.1\bin\api-ms-win-core-localization-l1-2-0.dll
0x000001b9f9da0000 - 0x000001b9f9da3000 	D:\Proyecto Terminal\openjfx-22.0.1_windows-x64_bin-sdk\javafx-sdk-22.0.1\bin\api-ms-win-core-memory-l1-1-0.dll
0x000001b9f9db0000 - 0x000001b9f9db3000 	D:\Proyecto Terminal\openjfx-22.0.1_windows-x64_bin-sdk\javafx-sdk-22.0.1\bin\api-ms-win-core-namedpipe-l1-1-0.dll
0x000001b9f9dc0000 - 0x000001b9f9dc3000 	D:\Proyecto Terminal\openjfx-22.0.1_windows-x64_bin-sdk\javafx-sdk-22.0.1\bin\api-ms-win-core-processenvironment-l1-1-0.dll
0x000001b9f9df0000 - 0x000001b9f9df3000 	D:\Proyecto Terminal\openjfx-22.0.1_windows-x64_bin-sdk\javafx-sdk-22.0.1\bin\api-ms-win-core-processthreads-l1-1-0.dll
0x000001b9f9dd0000 - 0x000001b9f9dd3000 	D:\Proyecto Terminal\openjfx-22.0.1_windows-x64_bin-sdk\javafx-sdk-22.0.1\bin\api-ms-win-core-processthreads-l1-1-1.dll
0x000001b9f9e10000 - 0x000001b9f9e13000 	D:\Proyecto Terminal\openjfx-22.0.1_windows-x64_bin-sdk\javafx-sdk-22.0.1\bin\api-ms-win-core-profile-l1-1-0.dll
0x000001b9f9de0000 - 0x000001b9f9de3000 	D:\Proyecto Terminal\openjfx-22.0.1_windows-x64_bin-sdk\javafx-sdk-22.0.1\bin\api-ms-win-core-rtlsupport-l1-1-0.dll
0x000001b9f9e00000 - 0x000001b9f9e03000 	D:\Proyecto Terminal\openjfx-22.0.1_windows-x64_bin-sdk\javafx-sdk-22.0.1\bin\api-ms-win-core-string-l1-1-0.dll
0x000001b9f9e20000 - 0x000001b9f9e23000 	D:\Proyecto Terminal\openjfx-22.0.1_windows-x64_bin-sdk\javafx-sdk-22.0.1\bin\api-ms-win-core-synch-l1-1-0.dll
0x000001b9f9e30000 - 0x000001b9f9e33000 	D:\Proyecto Terminal\openjfx-22.0.1_windows-x64_bin-sdk\javafx-sdk-22.0.1\bin\api-ms-win-core-synch-l1-2-0.dll
0x000001b9f9e40000 - 0x000001b9f9e43000 	D:\Proyecto Terminal\openjfx-22.0.1_windows-x64_bin-sdk\javafx-sdk-22.0.1\bin\api-ms-win-core-sysinfo-l1-1-0.dll
0x000001b9f9e50000 - 0x000001b9f9e53000 	D:\Proyecto Terminal\openjfx-22.0.1_windows-x64_bin-sdk\javafx-sdk-22.0.1\bin\api-ms-win-core-timezone-l1-1-0.dll
0x000001b9f9e60000 - 0x000001b9f9e63000 	D:\Proyecto Terminal\openjfx-22.0.1_windows-x64_bin-sdk\javafx-sdk-22.0.1\bin\api-ms-win-core-util-l1-1-0.dll
0x000001b9f9e70000 - 0x000001b9f9e73000 	D:\Proyecto Terminal\openjfx-22.0.1_windows-x64_bin-sdk\javafx-sdk-22.0.1\bin\api-ms-win-crt-conio-l1-1-0.dll
0x000001b9f9e80000 - 0x000001b9f9e84000 	D:\Proyecto Terminal\openjfx-22.0.1_windows-x64_bin-sdk\javafx-sdk-22.0.1\bin\api-ms-win-crt-convert-l1-1-0.dll
0x000001b9f9e90000 - 0x000001b9f9e93000 	D:\Proyecto Terminal\openjfx-22.0.1_windows-x64_bin-sdk\javafx-sdk-22.0.1\bin\api-ms-win-crt-environment-l1-1-0.dll
0x000001b9f9ea0000 - 0x000001b9f9ea3000 	D:\Proyecto Terminal\openjfx-22.0.1_windows-x64_bin-sdk\javafx-sdk-22.0.1\bin\api-ms-win-crt-filesystem-l1-1-0.dll
0x000001b9f9eb0000 - 0x000001b9f9eb3000 	D:\Proyecto Terminal\openjfx-22.0.1_windows-x64_bin-sdk\javafx-sdk-22.0.1\bin\api-ms-win-crt-heap-l1-1-0.dll
0x000001b9f9ec0000 - 0x000001b9f9ec3000 	D:\Proyecto Terminal\openjfx-22.0.1_windows-x64_bin-sdk\javafx-sdk-22.0.1\bin\api-ms-win-crt-locale-l1-1-0.dll
0x000001b9f9ed0000 - 0x000001b9f9ed5000 	D:\Proyecto Terminal\openjfx-22.0.1_windows-x64_bin-sdk\javafx-sdk-22.0.1\bin\api-ms-win-crt-math-l1-1-0.dll
0x000001b9f9ee0000 - 0x000001b9f9ee5000 	D:\Proyecto Terminal\openjfx-22.0.1_windows-x64_bin-sdk\javafx-sdk-22.0.1\bin\api-ms-win-crt-multibyte-l1-1-0.dll
0x000001b9f9ef0000 - 0x000001b9f9f00000 	D:\Proyecto Terminal\openjfx-22.0.1_windows-x64_bin-sdk\javafx-sdk-22.0.1\bin\api-ms-win-crt-private-l1-1-0.dll
0x000001b9f9f00000 - 0x000001b9f9f03000 	D:\Proyecto Terminal\openjfx-22.0.1_windows-x64_bin-sdk\javafx-sdk-22.0.1\bin\api-ms-win-crt-process-l1-1-0.dll
0x000001b9f9f10000 - 0x000001b9f9f14000 	D:\Proyecto Terminal\openjfx-22.0.1_windows-x64_bin-sdk\javafx-sdk-22.0.1\bin\api-ms-win-crt-runtime-l1-1-0.dll
0x000001b9f9f20000 - 0x000001b9f9f24000 	D:\Proyecto Terminal\openjfx-22.0.1_windows-x64_bin-sdk\javafx-sdk-22.0.1\bin\api-ms-win-crt-stdio-l1-1-0.dll
0x000001b9f9f30000 - 0x000001b9f9f34000 	D:\Proyecto Terminal\openjfx-22.0.1_windows-x64_bin-sdk\javafx-sdk-22.0.1\bin\api-ms-win-crt-string-l1-1-0.dll
0x000001b9f9f40000 - 0x000001b9f9f43000 	D:\Proyecto Terminal\openjfx-22.0.1_windows-x64_bin-sdk\javafx-sdk-22.0.1\bin\api-ms-win-crt-time-l1-1-0.dll
0x000001b9f9f50000 - 0x000001b9f9f53000 	D:\Proyecto Terminal\openjfx-22.0.1_windows-x64_bin-sdk\javafx-sdk-22.0.1\bin\api-ms-win-crt-utility-l1-1-0.dll
0x00007ffa52d60000 - 0x00007ffa52e5c000 	D:\Proyecto Terminal\openjfx-22.0.1_windows-x64_bin-sdk\javafx-sdk-22.0.1\bin\ucrtbase.dll
0x00007ffa7a500000 - 0x00007ffa7a51b000 	D:\Proyecto Terminal\openjfx-22.0.1_windows-x64_bin-sdk\javafx-sdk-22.0.1\bin\vcruntime140.dll
0x00007ffa8b860000 - 0x00007ffa8b86c000 	D:\Proyecto Terminal\openjfx-22.0.1_windows-x64_bin-sdk\javafx-sdk-22.0.1\bin\vcruntime140_1.dll
0x00007ffa52cd0000 - 0x00007ffa52d5e000 	D:\Proyecto Terminal\openjfx-22.0.1_windows-x64_bin-sdk\javafx-sdk-22.0.1\bin\msvcp140.dll
0x00007ffa8b1a0000 - 0x00007ffa8b1a9000 	D:\Proyecto Terminal\openjfx-22.0.1_windows-x64_bin-sdk\javafx-sdk-22.0.1\bin\msvcp140_1.dll
0x00007ffa70b60000 - 0x00007ffa70ba1000 	D:\Proyecto Terminal\openjfx-22.0.1_windows-x64_bin-sdk\javafx-sdk-22.0.1\bin\msvcp140_2.dll
0x00007ffa6b990000 - 0x00007ffa6b9c0000 	D:\Proyecto Terminal\openjfx-22.0.1_windows-x64_bin-sdk\javafx-sdk-22.0.1\bin\prism_d3d.dll
0x00007ffa5dbe0000 - 0x00007ffa5dd88000 	C:\Windows\system32\d3d9.dll
0x00007ffaa4f40000 - 0x00007ffaa4f6b000 	C:\Windows\SYSTEM32\dwmapi.dll
0x00007ffaa4df0000 - 0x00007ffaa4e27000 	C:\Windows\SYSTEM32\dxcore.dll
0x00007ffaa4cd0000 - 0x00007ffaa4d81000 	C:\Windows\system32\uxtheme.dll
0x00007ffa9d0d0000 - 0x00007ffa9d2ad000 	C:\Windows\System32\DriverStore\FileRepository\u0355756.inf_amd64_5146fc3a012e7afa\B354291\aticfx64.dll
0x00007ffa66100000 - 0x00007ffa66130000 	C:\Windows\System32\DriverStore\FileRepository\u0355756.inf_amd64_5146fc3a012e7afa\B354291\atiu9p64.dll
0x00007ffa5cf10000 - 0x00007ffa5dbdb000 	C:\Windows\System32\DriverStore\FileRepository\u0355756.inf_amd64_5146fc3a012e7afa\B354291\atiumd64.dll
0x00007ffaa9d20000 - 0x00007ffaa9ec5000 	C:\Windows\System32\ole32.dll
0x0000000055d50000 - 0x0000000056ad3000 	C:\Windows\System32\DriverStore\FileRepository\u0355756.inf_amd64_5146fc3a012e7afa\B354291\atiumd6a.dll
0x00007ffa9f4a0000 - 0x00007ffa9f4e9000 	C:\Windows\SYSTEM32\directxdatabasehelper.dll
0x00007ffa64c40000 - 0x00007ffa64c85000 	D:\Proyecto Terminal\openjfx-22.0.1_windows-x64_bin-sdk\javafx-sdk-22.0.1\bin\glass.dll
0x00007ffaa9660000 - 0x00007ffaa975f000 	C:\Windows\System32\COMDLG32.dll
0x00007ffa92f70000 - 0x00007ffa92fce000 	C:\Program Files\Huawei\PCManager\plugins\PerfWndMonModule.dll
0x00007ffaa9470000 - 0x00007ffaa95ce000 	C:\Windows\System32\MSCTF.dll
0x00007ffaaac00000 - 0x00007ffaaacb0000 	C:\Windows\System32\clbcatq.dll
0x00007ffa98490000 - 0x00007ffa98605000 	C:\Windows\System32\Windows.UI.dll
0x00007ffa90e80000 - 0x00007ffa90ff5000 	C:\Windows\System32\Windows.UI.Immersive.dll
0x00007ffa7a4e0000 - 0x00007ffa7a4f5000 	D:\Proyecto Terminal\openjfx-22.0.1_windows-x64_bin-sdk\javafx-sdk-22.0.1\bin\javafx_font.dll
0x00007ffaa4440000 - 0x00007ffaa46b3000 	C:\Windows\SYSTEM32\dwrite.dll
0x00007ffaa4ad0000 - 0x00007ffaa4c81000 	C:\Windows\SYSTEM32\WindowsCodecs.dll
0x00007ffa96280000 - 0x00007ffa962de000 	C:\Windows\system32\dataexchange.dll
0x00007ffa9d2b0000 - 0x00007ffa9d53a000 	C:\Windows\system32\twinapi.appcore.dll
0x00007ffa628a0000 - 0x00007ffa628d2000 	C:\Program Files\Common Files\Microsoft Shared\Ink\rtscom.dll
0x00007ffa907f0000 - 0x00007ffa90933000 	C:\Windows\SYSTEM32\textinputframework.dll
0x00007ffaa0270000 - 0x00007ffaa03a3000 	C:\Windows\SYSTEM32\CoreMessaging.dll
0x00007ffa9eca0000 - 0x00007ffa9f00d000 	C:\Windows\SYSTEM32\CoreUIComponents.dll
0x00007ffaa7740000 - 0x00007ffaa774c000 	C:\Windows\SYSTEM32\CRYPTBASE.DLL
0x00007ffa64900000 - 0x00007ffa6492d000 	D:\Proyecto Terminal\openjfx-22.0.1_windows-x64_bin-sdk\javafx-sdk-22.0.1\bin\javafx_iio.dll
0x00007ffaa3e50000 - 0x00007ffaa443e000 	C:\Windows\SYSTEM32\d2d1.dll
0x00007ffaa4770000 - 0x00007ffaa49c7000 	C:\Windows\SYSTEM32\d3d11.dll

dbghelp: loaded successfully - version: 4.0.5 - missing functions: none
symbol engine: initialized successfully - sym options: 0x614 - pdb path: .;C:\Users\diego\.jdks\corretto-17.0.12\bin;C:\Windows\SYSTEM32;C:\Windows\WinSxS\amd64_microsoft.windows.common-controls_6595b64144ccf1df_6.0.22621.3672_none_2713b9d173822955;C:\Users\diego\.jdks\corretto-17.0.12\bin\server;C:\Program Files\JetBrains\IntelliJ IDEA 2024.1.3\bin;D:\Proyecto Terminal\openjfx-22.0.1_windows-x64_bin-sdk\javafx-sdk-22.0.1\bin;C:\Windows\System32\DriverStore\FileRepository\u0355756.inf_amd64_5146fc3a012e7afa\B354291;C:\Program Files\Huawei\PCManager\plugins;C:\Program Files\Common Files\Microsoft Shared\Ink

VM Arguments:
jvm_args: --module-path=D:\Proyecto Terminal\openjfx-22.0.1_windows-x64_bin-sdk\javafx-sdk-22.0.1\lib --add-modules=javafx.controls,javafx.fxml -javaagent:C:\Program Files\JetBrains\IntelliJ IDEA 2024.1.3\lib\idea_rt.jar=57464:C:\Program Files\JetBrains\IntelliJ IDEA 2024.1.3\bin -Dfile.encoding=UTF-8 
java_command: optiuam.bc.controller.OptiUAM24
java_class_path (initial): D:\Proyecto Terminal\C鏚igo\OptiUAM24\OptiUAM\out\production\OptiUAM;D:\Proyecto Terminal\C鏚igo\OptiUAM24\OptiUAM\Librerias\jcommon-1.0.23.jar;D:\Proyecto Terminal\C鏚igo\OptiUAM24\OptiUAM\Librerias\jfreechart-1.0.19.jar;D:\Proyecto Terminal\openjfx-22.0.1_windows-x64_bin-sdk\javafx-sdk-22.0.1\lib\javafx-swt.jar;D:\Proyecto Terminal\openjfx-22.0.1_windows-x64_bin-sdk\javafx-sdk-22.0.1\lib\javafx.base.jar;D:\Proyecto Terminal\openjfx-22.0.1_windows-x64_bin-sdk\javafx-sdk-22.0.1\lib\javafx.controls.jar;D:\Proyecto Terminal\openjfx-22.0.1_windows-x64_bin-sdk\javafx-sdk-22.0.1\lib\javafx.fxml.jar;D:\Proyecto Terminal\openjfx-22.0.1_windows-x64_bin-sdk\javafx-sdk-22.0.1\lib\javafx.graphics.jar;D:\Proyecto Terminal\openjfx-22.0.1_windows-x64_bin-sdk\javafx-sdk-22.0.1\lib\javafx.media.jar;D:\Proyecto Terminal\openjfx-22.0.1_windows-x64_bin-sdk\javafx-sdk-22.0.1\lib\javafx.swing.jar;D:\Proyecto Terminal\openjfx-22.0.1_windows-x64_bin-sdk\javafx-sdk-22.0.1\lib\javafx.web.jar;D:\Proyecto Terminal\openjfx-22.0.1_windows-x64_bin-sdk.zip
Launcher Type: SUN_STANDARD

[Global flags]
     intx CICompilerCount                          = 4                                         {product} {ergonomic}
     uint ConcGCThreads                            = 2                                         {product} {ergonomic}
     uint G1ConcRefinementThreads                  = 8                                         {product} {ergonomic}
   size_t G1HeapRegionSize                         = 1048576                                   {product} {ergonomic}
    uintx GCDrainStackTargetSize                   = 64                                        {product} {ergonomic}
   size_t InitialHeapSize                          = 117440512                                 {product} {ergonomic}
   size_t MarkStackSize                            = 4194304                                   {product} {ergonomic}
   size_t MaxHeapSize                              = 1862270976                                {product} {ergonomic}
   size_t MaxNewSize                               = 1116733440                                {product} {ergonomic}
   size_t MinHeapDeltaBytes                        = 1048576                                   {product} {ergonomic}
   size_t MinHeapSize                              = 8388608                                   {product} {ergonomic}
    uintx NonNMethodCodeHeapSize                   = 5839372                                {pd product} {ergonomic}
    uintx NonProfiledCodeHeapSize                  = 122909434                              {pd product} {ergonomic}
    uintx ProfiledCodeHeapSize                     = 122909434                              {pd product} {ergonomic}
    uintx ReservedCodeCacheSize                    = 251658240                              {pd product} {ergonomic}
     bool SegmentedCodeCache                       = true                                      {product} {ergonomic}
   size_t SoftMaxHeapSize                          = 1862270976                             {manageable} {ergonomic}
     bool UseCompressedClassPointers               = true                           {product lp64_product} {ergonomic}
     bool UseCompressedOops                        = true                           {product lp64_product} {ergonomic}
     bool UseG1GC                                  = true                                      {product} {ergonomic}
     bool UseLargePagesIndividualAllocation        = false                                  {pd product} {ergonomic}

Logging:
Log output configuration:
 #0: stdout all=off uptime,level,tags
 #1: stderr all=off uptime,level,tags

Environment Variables:
PATH=C:\Program Files\Common Files\Oracle\Java\javapath;C:\Users\diego\Desktop\oracle\bin;C:\Windows\system32;C:\Windows;C:\Windows\System32\Wbem;C:\Windows\System32\WindowsPowerShell\v1.0\;C:\Windows\System32\OpenSSH\;C:\Program Files\Git\cmd;C:\Strawberry\c\bin;C:\Strawberry\perl\site\bin;C:\Strawberry\perl\bin;C:\Users\diego\AppData\Local\Microsoft\WindowsApps;C:\Program Files\JetBrains\IntelliJ IDEA 2024.1.3\bin;;C:\Users\diego\AppData\Local\GitHubDesktop\bin;C:\Program Files\JetBrains\PyCharm 2024.1.4\bin;;C:\Users\diego\AppData\Local\Programs\Microsoft VS Code\bin;C:\Users\diego\AppData\Local\Programs\MiKTeX\miktex\bin\x64\
USERNAME=diego
OS=Windows_NT
PROCESSOR_IDENTIFIER=AMD64 Family 23 Model 24 Stepping 1, AuthenticAMD
TMP=C:\Users\diego\AppData\Local\Temp
TEMP=C:\Users\diego\AppData\Local\Temp



Periodic native trim disabled


---------------  S Y S T E M  ---------------

OS:
 Windows 11 , 64 bit Build 22621 (10.0.22621.3958)
OS uptime: 2 days 13:38 hours

CPU: total 8 (initial active 8) (8 cores per cpu, 2 threads per core) family 23 model 24 stepping 1 microcode 0x0, cx8, cmov, fxsr, ht, mmx, 3dnowpref, sse, sse2, sse3, ssse3, sse4a, sse4.1, sse4.2, popcnt, lzcnt, tsc, tscinvbit, avx, avx2, aes, clmul, bmi1, bmi2, adx, sha, fma, vzeroupper, clflush, clflushopt
Processor Information for all 8 processors :
  Max Mhz: 2100, Current Mhz: 2100, Mhz Limit: 2100

Memory: 4k page, system-wide physical 7103M (750M free)
TotalPageFile size 15295M (AvailPageFile size 3336M)
current process WorkingSet (physical memory assigned to process): 226M, peak: 326M
current process commit charge ("private bytes"): 346M, peak: 450M

vm_info: OpenJDK 64-Bit Server VM (17.0.12+7-LTS) for windows-amd64 JRE (17.0.12+7-LTS), built on Jul 10 2024 20:46:33 by "Administrator" with MS VC++ 16.10 / 16.11 (VS2019)

END.
