#
# A fatal error has been detected by the Java Runtime Environment:
#
#  EXCEPTION_ACCESS_VIOLATION (0xc0000005) at pc=0x00007ff9598882d7, pid=7568, tid=11584
#
# JRE version: OpenJDK Runtime Environment Corretto-17.0.13.11.1 (17.0.13+11) (build 17.0.13+11-LTS)
# Java VM: OpenJDK 64-Bit Server VM Corretto-17.0.13.11.1 (17.0.13+11-LTS, mixed mode, sharing, tiered, compressed oops, compressed class ptrs, g1 gc, windows-amd64)
# Problematic frame:
# C  [glass.dll+0x282d7]
#
# No core dump will be written. Minidumps are not enabled by default on client versions of Windows
#
# If you would like to submit a bug report, please visit:
#   https://github.com/corretto/corretto-17/issues/
#

---------------  S U M M A R Y ------------

Command Line: -agentlib:jdwp=transport=dt_socket,address=127.0.0.1:2016,suspend=y,server=n --module-path=D:\Proyecto Terminal\openjfx-22.0.1_windows-x64_bin-sdk\javafx-sdk-22.0.1\lib --add-modules=javafx.controls,javafx.fxml -javaagent:C:\Users\diego\AppData\Local\JetBrains\IntelliJIdea2024.1\captureAgent\debugger-agent.jar -Dfile.encoding=UTF-8 optiuam.bc.controller.OptiUAM24

Host: AMD Ryzen 5 3500U with Radeon Vega Mobile Gfx  , 8 cores, 6G,  Windows 11 , 64 bit Build 26100 (10.0.26100.2454)
Time: Thu Jan  2 21:50:25 2025 Hora est嫕dar central (M憖ico) elapsed time: 147.817320 seconds (0d 0h 2m 27s)

---------------  T H R E A D  ---------------

Current thread (0x000001f9cd6882b0):  VMThread "VM Thread" [stack: 0x0000001be6d00000,0x0000001be6e00000] [id=11584]

Stack: [0x0000001be6d00000,0x0000001be6e00000],  sp=0x0000001be6dff100,  free space=1020k
Native frames: (J=compiled Java code, j=interpreted, Vv=VM code, C=native code)
C  [glass.dll+0x282d7]


siginfo: EXCEPTION_ACCESS_VIOLATION (0xc0000005), reading address 0x0000000000000000


Registers:
RAX=0x0000000000000000, RBX=0x000001fa130db1c8, RCX=0x000001f9cd6882b0, RDX=0x0000001be6dff100
RSP=0x0000001be6dff100, RBP=0x0000499168767758, RSI=0x000001fa138133f8, RDI=0x000001fa138133d0
R8 =0x0000000000010002, R9 =0x0000499168767758, R10=0x000001f9ad8f0000, R11=0x0000001be6dfefb0
R12=0x0000000000000001, R13=0x000000007ffe0385, R14=0x0000001be6dff208, R15=0x000001fa138133d0
RIP=0x00007ff9598882d7, EFLAGS=0x0000000000010202


Register to memory mapping:

RIP=0x00007ff9598882d7 glass.dll
RAX=0x0 is NULL
RBX=0x000001fa130db1c8 is a global jni handle
RCX=0x000001f9cd6882b0 points into unknown readable memory: 0x00007ff90ede2cc8 | c8 2c de 0e f9 7f 00 00
RDX=0x0000001be6dff100 points into unknown readable memory: 0x0000000000000000 | 00 00 00 00 00 00 00 00
RSP=0x0000001be6dff100 points into unknown readable memory: 0x0000000000000000 | 00 00 00 00 00 00 00 00
RBP=0x0000499168767758 is an unknown value
RSI=0x000001fa138133f8 points into unknown readable memory: 0x0000499168767758 | 58 77 76 68 91 49 00 00
RDI=0x000001fa138133d0 points into unknown readable memory: 0xf959c1c790767727 | 27 77 76 90 c7 c1 59 f9
R8 =0x0000000000010002 is an unknown value
R9 =0x0000499168767758 is an unknown value
R10=0x000001f9ad8f0000 points into unknown readable memory: 0x0000000000000000 | 00 00 00 00 00 00 00 00
R11=0x0000001be6dfefb0 points into unknown readable memory: 0x000001fa138133d0 | d0 33 81 13 fa 01 00 00
R12=0x0000000000000001 is an unknown value
R13=0x000000007ffe0385 points into unknown readable memory: 00 00 00
R14=0x0000001be6dff208 points into unknown readable memory: 0x0000001be6dff1f0 | f0 f1 df e6 1b 00 00 00
R15=0x000001fa138133d0 points into unknown readable memory: 0xf959c1c790767727 | 27 77 76 90 c7 c1 59 f9


Top of Stack: (sp=0x0000001be6dff100)
0x0000001be6dff100:   0000000000000000 000001fa00000000
0x0000001be6dff110:   000001fa1454a220 0000000000000001
0x0000001be6dff120:   000001fa138133d8 00007ff969a5cf05
0x0000001be6dff130:   000001fa138133d0 000001fa00000000
0x0000001be6dff140:   000001fa138133f0 0000499168767758
0x0000001be6dff150:   fffffffffffffffe 0000000000000001
0x0000001be6dff160:   00007ff959860000 00007ff959860000
0x0000001be6dff170:   0000001be6dff1f8 00007ff969a5ce27
0x0000001be6dff180:   0000001be6dff200 0000001be6dff208
0x0000001be6dff190:   0000001be6dff730 00007ff969b788c0
0x0000001be6dff1a0:   0000000000000001 00007ff969a5cddd
0x0000001be6dff1b0:   0000000000000000 0000000000000001
0x0000001be6dff1c0:   0000000000000001 0000001be6dff1f8
0x0000001be6dff1d0:   fffffffffffffffe 000000007ffe0384
0x0000001be6dff1e0:   0000000000000001 00007ff959885a6d
0x0000001be6dff1f0:   00007ff95989d078 00007ff900000002
0x0000001be6dff200:   0000000000000002 0000001be6dff1f0
0x0000001be6dff210:   0000000000000000 0000000000000000
0x0000001be6dff220:   0000000000000000 00007ff959885b92
0x0000001be6dff230:   0000000000000001 0000001be6dff700
0x0000001be6dff240:   0000000000000001 0000000000000001
0x0000001be6dff250:   0000000000000001 00007ff968f9277e
0x0000001be6dff260:   0000000000000001 000000000000008d
0x0000001be6dff270:   0000000000000000 0000000000000001
0x0000001be6dff280:   00007ff959885be0 00007ff96c5dd860
0x0000001be6dff290:   00007ff959860000 00007ff900000000
0x0000001be6dff2a0:   0000000000000001 000000007ffe0384
0x0000001be6dff2b0:   000000000000005e 0000000000000000
0x0000001be6dff2c0:   0000000000000000 0000000000000000
0x0000001be6dff2d0:   00007ff959860000 fffffbc500000000
0x0000001be6dff2e0:   000000000000008b 0000000000000000
0x0000001be6dff2f0:   0000000000000000 000001f9adcc6550 

Instructions: (pc=0x00007ff9598882d7)
0x00007ff9598881d7:   8b 4d 58 e8 49 cf ff ff 48 8b 4d 60 e8 40 cf ff
0x00007ff9598881e7:   ff 48 8b 95 80 00 00 00 48 8b 8d 18 01 00 00 e8
0x00007ff9598881f7:   26 c5 ff ff 33 d2 33 c9 e8 8c e1 ff ff 90 48 89
0x00007ff959888207:   54 24 10 55 48 83 ec 20 48 8b ea 48 b8 00 00 00
0x00007ff959888217:   00 00 00 00 00 48 83 c4 20 5d c3 cc 40 55 48 8b
0x00007ff959888227:   ea 48 8b 01 33 c9 81 38 05 00 00 c0 0f 94 c1 8b
0x00007ff959888237:   c1 5d c3 cc 40 55 48 83 ec 20 48 8b ea 8a 4d 40
0x00007ff959888247:   48 83 c4 20 5d e9 33 d3 ff ff cc 40 55 48 83 ec
0x00007ff959888257:   20 48 8b ea 8a 4d 20 e8 21 d3 ff ff 90 48 83 c4
0x00007ff959888267:   20 5d c3 cc 40 55 48 83 ec 20 48 8b ea 48 83 c4
0x00007ff959888277:   20 5d e9 82 d1 ff ff cc 40 55 48 83 ec 30 48 8b
0x00007ff959888287:   ea 48 8b 01 8b 10 48 89 4c 24 28 89 54 24 20 4c
0x00007ff959888297:   8d 0d 23 d6 ff ff 4c 8b 45 70 8b 55 68 48 8b 4d
0x00007ff9598882a7:   60 e8 c3 d0 ff ff 90 48 83 c4 30 5d c3 cc cc cc
0x00007ff9598882b7:   cc cc cc cc cc cc cc cc cc 40 53 48 83 ec 20 48
0x00007ff9598882c7:   8b 1d 6b 47 01 00 48 85 db 74 16 e8 39 90 ff ff
0x00007ff9598882d7:   4c 8b 00 48 8b d3 48 8b c8 41 ff 90 b0 00 00 00
0x00007ff9598882e7:   90 48 83 c4 20 5b c3 cc cc 40 53 48 83 ec 20 48
0x00007ff9598882f7:   8b 1d ab 48 01 00 48 85 db 74 57 b8 ff ff ff ff
0x00007ff959888307:   f0 0f c1 43 10 83 f8 01 75 3d 48 85 db 74 38 48
0x00007ff959888317:   8b 0b 48 85 c9 74 0d ff 15 8c 0f 00 00 48 c7 03
0x00007ff959888327:   00 00 00 00 48 8b 4b 08 48 85 c9 74 0d e8 ef cd
0x00007ff959888337:   ff ff 48 c7 43 08 00 00 00 00 ba 18 00 00 00 48
0x00007ff959888347:   8b cb e8 da cd ff ff 48 c7 05 4f 48 01 00 00 00
0x00007ff959888357:   00 00 48 83 c4 20 5b c3 cc 40 53 48 83 ec 20 48
0x00007ff959888367:   8b 1d 1b 48 01 00 48 85 db 74 57 b8 ff ff ff ff
0x00007ff959888377:   f0 0f c1 43 10 83 f8 01 75 3d 48 85 db 74 38 48
0x00007ff959888387:   8b 0b 48 85 c9 74 0d ff 15 1c 0f 00 00 48 c7 03
0x00007ff959888397:   00 00 00 00 48 8b 4b 08 48 85 c9 74 0d e8 7f cd
0x00007ff9598883a7:   ff ff 48 c7 43 08 00 00 00 00 ba 18 00 00 00 48
0x00007ff9598883b7:   8b cb e8 6a cd ff ff 48 c7 05 bf 47 01 00 00 00
0x00007ff9598883c7:   00 00 48 83 c4 20 5b c3 cc 40 53 48 83 ec 20 48 


Stack slot to memory mapping:
stack at sp + 0 slots: 0x0 is NULL
stack at sp + 1 slots: 0x000001fa00000000 is an unknown value
stack at sp + 2 slots: 0x000001fa1454a220 points into unknown readable memory: 0x000001fa1454a190 | 90 a1 54 14 fa 01 00 00
stack at sp + 3 slots: 0x0000000000000001 is an unknown value
stack at sp + 4 slots: 0x000001fa138133d8 points into unknown readable memory: 0x0000499168767758 | 58 77 76 68 91 49 00 00
stack at sp + 5 slots: 0x00007ff969a5cf05 ucrtbase.dll
stack at sp + 6 slots: 0x000001fa138133d0 points into unknown readable memory: 0xf959c1c790767727 | 27 77 76 90 c7 c1 59 f9
stack at sp + 7 slots: 0x000001fa00000000 is an unknown value

VM_Operation (0x0000001be64ff4b0): Exit, mode: safepoint, requested by thread 0x000001fa13d5c080


---------------  P R O C E S S  ---------------

Threads class SMR info:
_java_thread_list=0x000001fa1a1bee20, length=21, elements={
0x000001f9af4bc1b0, 0x000001f9cd68f740, 0x000001f9cd692220, 0x000001f9cd69fdc0,
0x000001f9cd6a26a0, 0x000001f9cd6a2f70, 0x000001f9cd6a3840, 0x000001f9cd6afa00,
0x000001f9cd6c23e0, 0x000001f9cd6fb4b0, 0x000001f9cd8d9c40, 0x000001fa137fe590,
0x000001fa13a6b8e0, 0x000001fa138370e0, 0x000001fa13875b10, 0x000001fa138767c0,
0x000001fa13874ec0, 0x000001fa13a19c30, 0x000001fa13d5d9d0, 0x000001fa13d5f320,
0x000001fa13d5c080
}

Java Threads: ( => current thread )
  0x000001f9af4bc1b0 JavaThread "main" [_thread_blocked, id=15984, stack(0x0000001be6700000,0x0000001be6800000)]
  0x000001f9cd68f740 JavaThread "Reference Handler" daemon [_thread_blocked, id=3060, stack(0x0000001be6e00000,0x0000001be6f00000)]
  0x000001f9cd692220 JavaThread "Finalizer" daemon [_thread_blocked, id=15400, stack(0x0000001be6f00000,0x0000001be7000000)]
  0x000001f9cd69fdc0 JavaThread "Signal Dispatcher" daemon [_thread_blocked, id=1872, stack(0x0000001be7000000,0x0000001be7100000)]
  0x000001f9cd6a26a0 JavaThread "Attach Listener" daemon [_thread_blocked, id=16844, stack(0x0000001be7100000,0x0000001be7200000)]
  0x000001f9cd6a2f70 JavaThread "Service Thread" daemon [_thread_blocked, id=16704, stack(0x0000001be7200000,0x0000001be7300000)]
  0x000001f9cd6a3840 JavaThread "Monitor Deflation Thread" daemon [_thread_blocked, id=3064, stack(0x0000001be7300000,0x0000001be7400000)]
  0x000001f9cd6afa00 JavaThread "C2 CompilerThread0" daemon [_thread_blocked, id=11168, stack(0x0000001be7400000,0x0000001be7500000)]
  0x000001f9cd6c23e0 JavaThread "C1 CompilerThread0" daemon [_thread_blocked, id=14912, stack(0x0000001be7500000,0x0000001be7600000)]
  0x000001f9cd6fb4b0 JavaThread "Sweeper thread" daemon [_thread_blocked, id=16984, stack(0x0000001be7600000,0x0000001be7700000)]
  0x000001f9cd8d9c40 JavaThread "Common-Cleaner" daemon [_thread_blocked, id=3292, stack(0x0000001be7700000,0x0000001be7800000)]
  0x000001fa137fe590 JavaThread "JDWP Event Helper Thread" daemon [_thread_blocked, id=5272, stack(0x0000001be7b00000,0x0000001be7c00000)]
  0x000001fa13a6b8e0 JavaThread "Notification Thread" daemon [_thread_blocked, id=10608, stack(0x0000001be7d00000,0x0000001be7e00000)]
  0x000001fa138370e0 JavaThread "QuantumRenderer-0" daemon [_thread_blocked, id=1268, stack(0x0000001be7900000,0x0000001be7a00000)]
  0x000001fa13875b10 JavaThread "InvokeLaterDispatcher" daemon [_thread_blocked, id=748, stack(0x0000001be7800000,0x0000001be7900000)]
  0x000001fa138767c0 JavaThread "JavaFX Application Thread" [_thread_in_native, id=12116, stack(0x0000001be8100000,0x0000001be8200000)]
  0x000001fa13874ec0 JavaThread "JavaFX-Launcher" [_thread_blocked, id=4028, stack(0x0000001be8900000,0x0000001be8a00000)]
  0x000001fa13a19c30 JavaThread "Thread-2" daemon [_thread_in_native, id=4844, stack(0x0000001be8800000,0x0000001be8900000)]
  0x000001fa13d5d9d0 JavaThread "Prism Font Disposer" daemon [_thread_blocked, id=10188, stack(0x0000001be9400000,0x0000001be9500000)]
  0x000001fa13d5f320 JavaThread "Cleaner-0" daemon [_thread_blocked, id=9776, stack(0x0000001be9500000,0x0000001be9600000)]
  0x000001fa13d5c080 JavaThread "SIGINT handler" daemon [_thread_blocked, id=5648, stack(0x0000001be6400000,0x0000001be6500000)]

Other Threads:
=>0x000001f9cd6882b0 VMThread "VM Thread" [stack: 0x0000001be6d00000,0x0000001be6e00000] [id=11584]
  0x000001f9af50e790 GCTaskThread "GC Thread#0" [stack: 0x0000001be6800000,0x0000001be6900000] [id=3056]
  0x000001fa13b9d260 GCTaskThread "GC Thread#1" [stack: 0x0000001be8a00000,0x0000001be8b00000] [id=17356]
  0x000001fa13b8c6e0 GCTaskThread "GC Thread#2" [stack: 0x0000001be8b00000,0x0000001be8c00000] [id=7524]
  0x000001fa13b8c9a0 GCTaskThread "GC Thread#3" [stack: 0x0000001be8c00000,0x0000001be8d00000] [id=12332]
  0x000001fa13b8d070 GCTaskThread "GC Thread#4" [stack: 0x0000001be8d00000,0x0000001be8e00000] [id=17156]
  0x000001fa13b8d330 GCTaskThread "GC Thread#5" [stack: 0x0000001be8e00000,0x0000001be8f00000] [id=7388]
  0x000001fa1455ecc0 GCTaskThread "GC Thread#6" [stack: 0x0000001be8f00000,0x0000001be9000000] [id=11816]
  0x000001fa1455ff90 GCTaskThread "GC Thread#7" [stack: 0x0000001be9000000,0x0000001be9100000] [id=14784]
  0x000001f9af51f0d0 ConcurrentGCThread "G1 Main Marker" terminated
  0x000001f9af5298d0 ConcurrentGCThread "G1 Conc#0" [stack: 0x0000001be6a00000,0x0000001be6b00000] [id=15560]
  0x000001fa1dd2c230 ConcurrentGCThread "G1 Conc#1" [stack: 0x0000001be9100000,0x0000001be9200000] [id=2440]
  0x000001f9cd5460e0 ConcurrentGCThread "G1 Refine#0" terminated
  0x000001fa1a2944f0 ConcurrentGCThread "G1 Refine#1" terminated
  0x000001fa19c475e0 ConcurrentGCThread "G1 Refine#2" terminated
  0x000001f9af56d2e0 ConcurrentGCThread "G1 Service" terminated

Threads with active compile tasks:

VM state: at safepoint (shutting down)

VM Mutex/Monitor currently owned by a thread:  ([mutex/lock_event])
[0x000001f9ad9fe120] Threads_lock - owner thread: 0x000001f9cd6882b0
[0x000001f9af4a6330] Heap_lock - owner thread: 0x000001fa13d5c080

Heap address: 0x0000000091000000, size: 1776 MB, Compressed Oops mode: 32-bit

CDS archive(s) mapped at: [0x000001f9ce000000-0x000001f9cebb0000-0x000001f9cebb0000), size 12255232, SharedBaseAddress: 0x000001f9ce000000, ArchiveRelocationMode: 1.
Compressed class space mapped at: 0x000001f9cf000000-0x000001fa0f000000, reserved size: 1073741824
Narrow klass base: 0x000001f9ce000000, Narrow klass shift: 0, Narrow klass range: 0x100000000

GC Precious Log:
 CPUs: 8 total, 8 available
 Memory: 7103M
 Large Page Support: Disabled
 NUMA Support: Disabled
 Compressed Oops: Enabled (32-bit)
 Heap Region Size: 1M
 Heap Min Capacity: 8M
 Heap Initial Capacity: 112M
 Heap Max Capacity: 1776M
 Pre-touch: Disabled
 Parallel Workers: 8
 Concurrent Workers: 2
 Concurrent Refinement Workers: 8
 Periodic GC: Disabled

Heap:
 garbage-first heap   total 114688K, used 60995K [0x0000000091000000, 0x0000000100000000)
  region size 1024K, 10 young (10240K), 3 survivors (3072K)
 Metaspace       used 24251K, committed 24640K, reserved 1114112K
  class space    used 3436K, committed 3648K, reserved 1048576K

Heap Regions: E=young(eden), S=young(survivor), O=old, HS=humongous(starts), HC=humongous(continues), CS=collection set, F=free, OA=open archive, CA=closed archive, TAMS=top-at-mark-start (previous, next)
|   0|0x0000000091000000, 0x0000000091100000, 0x0000000091100000|100%|HS|  |TAMS 0x0000000091100000, 0x0000000091100000| Complete 
|   1|0x0000000091100000, 0x0000000091200000, 0x0000000091200000|100%|HS|  |TAMS 0x0000000091200000, 0x0000000091200000| Complete 
|   2|0x0000000091200000, 0x0000000091300000, 0x0000000091300000|100%|HS|  |TAMS 0x0000000091300000, 0x0000000091300000| Complete 
|   3|0x0000000091300000, 0x0000000091400000, 0x0000000091400000|100%| O|  |TAMS 0x0000000091400000, 0x0000000091400000| Untracked 
|   4|0x0000000091400000, 0x0000000091500000, 0x0000000091500000|100%| O|  |TAMS 0x0000000091500000, 0x0000000091500000| Untracked 
|   5|0x0000000091500000, 0x0000000091600000, 0x0000000091600000|100%| O|  |TAMS 0x00000000915d0c00, 0x0000000091600000| Untracked 
|   6|0x0000000091600000, 0x0000000091700000, 0x0000000091700000|100%|HS|  |TAMS 0x0000000091700000, 0x0000000091700000| Complete 
|   7|0x0000000091700000, 0x0000000091800000, 0x0000000091800000|100%|HC|  |TAMS 0x0000000091800000, 0x0000000091800000| Complete 
|   8|0x0000000091800000, 0x0000000091900000, 0x0000000091900000|100%|HC|  |TAMS 0x0000000091900000, 0x0000000091900000| Complete 
|   9|0x0000000091900000, 0x0000000091a00000, 0x0000000091a00000|100%|HC|  |TAMS 0x0000000091a00000, 0x0000000091a00000| Complete 
|  10|0x0000000091a00000, 0x0000000091b00000, 0x0000000091b00000|100%|HC|  |TAMS 0x0000000091b00000, 0x0000000091b00000| Complete 
|  11|0x0000000091b00000, 0x0000000091c00000, 0x0000000091c00000|100%|HC|  |TAMS 0x0000000091c00000, 0x0000000091c00000| Complete 
|  12|0x0000000091c00000, 0x0000000091d00000, 0x0000000091d00000|100%|HC|  |TAMS 0x0000000091d00000, 0x0000000091d00000| Complete 
|  13|0x0000000091d00000, 0x0000000091e00000, 0x0000000091e00000|100%|HC|  |TAMS 0x0000000091e00000, 0x0000000091e00000| Complete 
|  14|0x0000000091e00000, 0x0000000091f00000, 0x0000000091f00000|100%|HC|  |TAMS 0x0000000091f00000, 0x0000000091f00000| Complete 
|  15|0x0000000091f00000, 0x0000000092000000, 0x0000000092000000|100%|HC|  |TAMS 0x0000000092000000, 0x0000000092000000| Complete 
|  16|0x0000000092000000, 0x0000000092100000, 0x0000000092100000|100%|HC|  |TAMS 0x0000000092100000, 0x0000000092100000| Complete 
|  17|0x0000000092100000, 0x0000000092200000, 0x0000000092200000|100%|HC|  |TAMS 0x0000000092200000, 0x0000000092200000| Complete 
|  18|0x0000000092200000, 0x0000000092300000, 0x0000000092300000|100%|HC|  |TAMS 0x0000000092300000, 0x0000000092300000| Complete 
|  19|0x0000000092300000, 0x0000000092400000, 0x0000000092400000|100%|HS|  |TAMS 0x0000000092300000, 0x0000000092400000| Complete 
|  20|0x0000000092400000, 0x0000000092500000, 0x0000000092500000|100%|HS|  |TAMS 0x0000000092500000, 0x0000000092500000| Complete 
|  21|0x0000000092500000, 0x0000000092600000, 0x0000000092600000|100%|HC|  |TAMS 0x0000000092600000, 0x0000000092600000| Complete 
|  22|0x0000000092600000, 0x0000000092700000, 0x0000000092700000|100%|HS|  |TAMS 0x0000000092700000, 0x0000000092700000| Complete 
|  23|0x0000000092700000, 0x0000000092800000, 0x0000000092800000|100%|HS|  |TAMS 0x0000000092700000, 0x0000000092800000| Complete 
|  24|0x0000000092800000, 0x0000000092900000, 0x0000000092900000|100%| O|  |TAMS 0x0000000092800000, 0x0000000092900000| Untracked 
|  25|0x0000000092900000, 0x0000000092a00000, 0x0000000092a00000|100%| O|  |TAMS 0x0000000092900000, 0x0000000092a00000| Untracked 
|  26|0x0000000092a00000, 0x0000000092b00000, 0x0000000092b00000|100%|HS|  |TAMS 0x0000000092a00000, 0x0000000092a00000| Complete 
|  27|0x0000000092b00000, 0x0000000092b00000, 0x0000000092c00000|  0%| F|  |TAMS 0x0000000092b00000, 0x0000000092b00000| Untracked 
|  28|0x0000000092c00000, 0x0000000092c00000, 0x0000000092d00000|  0%| F|  |TAMS 0x0000000092c00000, 0x0000000092c00000| Untracked 
|  29|0x0000000092d00000, 0x0000000092e00000, 0x0000000092e00000|100%|HS|  |TAMS 0x0000000092d00000, 0x0000000092e00000| Complete 
|  30|0x0000000092e00000, 0x0000000092f00000, 0x0000000092f00000|100%|HC|  |TAMS 0x0000000092e00000, 0x0000000092f00000| Complete 
|  31|0x0000000092f00000, 0x0000000093000000, 0x0000000093000000|100%|HS|  |TAMS 0x0000000092f00000, 0x0000000093000000| Complete 
|  32|0x0000000093000000, 0x0000000093100000, 0x0000000093100000|100%|HC|  |TAMS 0x0000000093000000, 0x0000000093100000| Complete 
|  33|0x0000000093100000, 0x0000000093200000, 0x0000000093200000|100%|HS|  |TAMS 0x0000000093100000, 0x0000000093200000| Complete 
|  34|0x0000000093200000, 0x0000000093300000, 0x0000000093300000|100%|HS|  |TAMS 0x0000000093200000, 0x0000000093300000| Complete 
|  35|0x0000000093300000, 0x0000000093400000, 0x0000000093400000|100%|HS|  |TAMS 0x0000000093300000, 0x0000000093400000| Complete 
|  36|0x0000000093400000, 0x0000000093500000, 0x0000000093500000|100%| O|  |TAMS 0x0000000093400000, 0x0000000093400000| Untracked 
|  37|0x0000000093500000, 0x0000000093600000, 0x0000000093600000|100%| O|  |TAMS 0x0000000093500000, 0x0000000093600000| Untracked 
|  38|0x0000000093600000, 0x0000000093700000, 0x0000000093700000|100%| O|  |TAMS 0x0000000093600000, 0x0000000093700000| Untracked 
|  39|0x0000000093700000, 0x0000000093800000, 0x0000000093800000|100%| O|  |TAMS 0x0000000093700000, 0x0000000093800000| Untracked 
|  40|0x0000000093800000, 0x0000000093900000, 0x0000000093900000|100%|HS|  |TAMS 0x0000000093800000, 0x0000000093900000| Complete 
|  41|0x0000000093900000, 0x0000000093a00000, 0x0000000093a00000|100%| O|  |TAMS 0x0000000093900000, 0x0000000093a00000| Untracked 
|  42|0x0000000093a00000, 0x0000000093b00000, 0x0000000093b00000|100%| O|  |TAMS 0x0000000093a00000, 0x0000000093a00000| Untracked 
|  43|0x0000000093b00000, 0x0000000093ba8000, 0x0000000093c00000| 65%| O|  |TAMS 0x0000000093b00000, 0x0000000093b00000| Untracked 
|  44|0x0000000093c00000, 0x0000000093c00000, 0x0000000093d00000|  0%| F|  |TAMS 0x0000000093c00000, 0x0000000093c00000| Untracked 
|  45|0x0000000093d00000, 0x0000000093d00000, 0x0000000093e00000|  0%| F|  |TAMS 0x0000000093d00000, 0x0000000093d00000| Untracked 
|  46|0x0000000093e00000, 0x0000000093e00000, 0x0000000093f00000|  0%| F|  |TAMS 0x0000000093e00000, 0x0000000093e00000| Untracked 
|  47|0x0000000093f00000, 0x0000000093f00000, 0x0000000094000000|  0%| F|  |TAMS 0x0000000093f00000, 0x0000000093f00000| Untracked 
|  48|0x0000000094000000, 0x0000000094000000, 0x0000000094100000|  0%| F|  |TAMS 0x0000000094000000, 0x0000000094000000| Untracked 
|  49|0x0000000094100000, 0x0000000094100000, 0x0000000094200000|  0%| F|  |TAMS 0x0000000094100000, 0x0000000094100000| Untracked 
|  50|0x0000000094200000, 0x0000000094200000, 0x0000000094300000|  0%| F|  |TAMS 0x0000000094200000, 0x0000000094200000| Untracked 
|  51|0x0000000094300000, 0x0000000094400000, 0x0000000094400000|100%| O|  |TAMS 0x0000000094300000, 0x0000000094400000| Untracked 
|  52|0x0000000094400000, 0x0000000094500000, 0x0000000094500000|100%| O|  |TAMS 0x0000000094400000, 0x0000000094500000| Untracked 
|  53|0x0000000094500000, 0x0000000094600000, 0x0000000094600000|100%| O|  |TAMS 0x0000000094500000, 0x0000000094600000| Untracked 
|  54|0x0000000094600000, 0x0000000094700000, 0x0000000094700000|100%| O|  |TAMS 0x0000000094600000, 0x0000000094700000| Untracked 
|  55|0x0000000094700000, 0x0000000094800000, 0x0000000094800000|100%| O|  |TAMS 0x0000000094700000, 0x0000000094800000| Untracked 
|  56|0x0000000094800000, 0x0000000094900000, 0x0000000094900000|100%| O|  |TAMS 0x0000000094800000, 0x0000000094900000| Untracked 
|  57|0x0000000094900000, 0x0000000094a00000, 0x0000000094a00000|100%| O|  |TAMS 0x0000000094900000, 0x0000000094a00000| Untracked 
|  58|0x0000000094a00000, 0x0000000094b00000, 0x0000000094b00000|100%| O|  |TAMS 0x0000000094a00000, 0x0000000094b00000| Untracked 
|  59|0x0000000094b00000, 0x0000000094c00000, 0x0000000094c00000|100%| O|  |TAMS 0x0000000094b00000, 0x0000000094c00000| Untracked 
|  60|0x0000000094c00000, 0x0000000094c00000, 0x0000000094d00000|  0%| F|  |TAMS 0x0000000094c00000, 0x0000000094c00000| Untracked 
|  61|0x0000000094d00000, 0x0000000094d00000, 0x0000000094e00000|  0%| F|  |TAMS 0x0000000094d00000, 0x0000000094d00000| Untracked 
|  62|0x0000000094e00000, 0x0000000094e00000, 0x0000000094f00000|  0%| F|  |TAMS 0x0000000094e00000, 0x0000000094e00000| Untracked 
|  63|0x0000000094f00000, 0x0000000094f00000, 0x0000000095000000|  0%| F|  |TAMS 0x0000000094f00000, 0x0000000094f00000| Untracked 
|  64|0x0000000095000000, 0x0000000095000000, 0x0000000095100000|  0%| F|  |TAMS 0x0000000095000000, 0x0000000095000000| Untracked 
|  65|0x0000000095100000, 0x0000000095100000, 0x0000000095200000|  0%| F|  |TAMS 0x0000000095100000, 0x0000000095100000| Untracked 
|  66|0x0000000095200000, 0x0000000095200000, 0x0000000095300000|  0%| F|  |TAMS 0x0000000095200000, 0x0000000095200000| Untracked 
|  67|0x0000000095300000, 0x0000000095300000, 0x0000000095400000|  0%| F|  |TAMS 0x0000000095300000, 0x0000000095300000| Untracked 
|  68|0x0000000095400000, 0x0000000095400000, 0x0000000095500000|  0%| F|  |TAMS 0x0000000095400000, 0x0000000095400000| Untracked 
|  69|0x0000000095500000, 0x0000000095500000, 0x0000000095600000|  0%| F|  |TAMS 0x0000000095500000, 0x0000000095500000| Untracked 
|  70|0x0000000095600000, 0x0000000095600000, 0x0000000095700000|  0%| F|  |TAMS 0x0000000095600000, 0x0000000095600000| Untracked 
|  71|0x0000000095700000, 0x0000000095700000, 0x0000000095800000|  0%| F|  |TAMS 0x0000000095700000, 0x0000000095700000| Untracked 
|  72|0x0000000095800000, 0x0000000095800000, 0x0000000095900000|  0%| F|  |TAMS 0x0000000095800000, 0x0000000095800000| Untracked 
|  73|0x0000000095900000, 0x0000000095900000, 0x0000000095a00000|  0%| F|  |TAMS 0x0000000095900000, 0x0000000095900000| Untracked 
|  74|0x0000000095a00000, 0x0000000095a00000, 0x0000000095b00000|  0%| F|  |TAMS 0x0000000095a00000, 0x0000000095a00000| Untracked 
|  75|0x0000000095b00000, 0x0000000095b00000, 0x0000000095c00000|  0%| F|  |TAMS 0x0000000095b00000, 0x0000000095b00000| Untracked 
|  76|0x0000000095c00000, 0x0000000095c00000, 0x0000000095d00000|  0%| F|  |TAMS 0x0000000095c00000, 0x0000000095c00000| Untracked 
|  77|0x0000000095d00000, 0x0000000095d00000, 0x0000000095e00000|  0%| F|  |TAMS 0x0000000095d00000, 0x0000000095d00000| Untracked 
|  78|0x0000000095e00000, 0x0000000095e00000, 0x0000000095f00000|  0%| F|  |TAMS 0x0000000095e00000, 0x0000000095e00000| Untracked 
|  79|0x0000000095f00000, 0x0000000095f00000, 0x0000000096000000|  0%| F|  |TAMS 0x0000000095f00000, 0x0000000095f00000| Untracked 
|  80|0x0000000096000000, 0x0000000096000000, 0x0000000096100000|  0%| F|  |TAMS 0x0000000096000000, 0x0000000096000000| Untracked 
|  81|0x0000000096100000, 0x0000000096100000, 0x0000000096200000|  0%| F|  |TAMS 0x0000000096100000, 0x0000000096100000| Untracked 
|  82|0x0000000096200000, 0x0000000096200000, 0x0000000096300000|  0%| F|  |TAMS 0x0000000096200000, 0x0000000096200000| Untracked 
|  83|0x0000000096300000, 0x0000000096300000, 0x0000000096400000|  0%| F|  |TAMS 0x0000000096300000, 0x0000000096300000| Untracked 
|  84|0x0000000096400000, 0x0000000096400000, 0x0000000096500000|  0%| F|  |TAMS 0x0000000096400000, 0x0000000096400000| Untracked 
|  85|0x0000000096500000, 0x00000000965e8fc0, 0x0000000096600000| 91%| S|CS|TAMS 0x0000000096500000, 0x0000000096500000| Complete 
|  86|0x0000000096600000, 0x0000000096700000, 0x0000000096700000|100%| S|CS|TAMS 0x0000000096600000, 0x0000000096600000| Complete 
|  87|0x0000000096700000, 0x0000000096800000, 0x0000000096800000|100%| S|CS|TAMS 0x0000000096700000, 0x0000000096700000| Complete 
|  88|0x0000000096800000, 0x0000000096800000, 0x0000000096900000|  0%| F|  |TAMS 0x0000000096800000, 0x0000000096800000| Untracked 
|  89|0x0000000096900000, 0x0000000096900000, 0x0000000096a00000|  0%| F|  |TAMS 0x0000000096900000, 0x0000000096900000| Untracked 
|  90|0x0000000096a00000, 0x0000000096a00000, 0x0000000096b00000|  0%| F|  |TAMS 0x0000000096a00000, 0x0000000096a00000| Untracked 
|  91|0x0000000096b00000, 0x0000000096b00000, 0x0000000096c00000|  0%| F|  |TAMS 0x0000000096b00000, 0x0000000096b00000| Untracked 
|  92|0x0000000096c00000, 0x0000000096c00000, 0x0000000096d00000|  0%| F|  |TAMS 0x0000000096c00000, 0x0000000096c00000| Untracked 
|  93|0x0000000096d00000, 0x0000000096d00000, 0x0000000096e00000|  0%| F|  |TAMS 0x0000000096d00000, 0x0000000096d00000| Untracked 
|  94|0x0000000096e00000, 0x0000000096e00000, 0x0000000096f00000|  0%| F|  |TAMS 0x0000000096e00000, 0x0000000096e00000| Untracked 
|  95|0x0000000096f00000, 0x0000000096f00000, 0x0000000097000000|  0%| F|  |TAMS 0x0000000096f00000, 0x0000000096f00000| Untracked 
|  96|0x0000000097000000, 0x0000000097000000, 0x0000000097100000|  0%| F|  |TAMS 0x0000000097000000, 0x0000000097000000| Untracked 
|  97|0x0000000097100000, 0x0000000097100000, 0x0000000097200000|  0%| F|  |TAMS 0x0000000097100000, 0x0000000097100000| Untracked 
|  98|0x0000000097200000, 0x0000000097200000, 0x0000000097300000|  0%| F|  |TAMS 0x0000000097200000, 0x0000000097200000| Untracked 
|  99|0x0000000097300000, 0x0000000097300000, 0x0000000097400000|  0%| F|  |TAMS 0x0000000097300000, 0x0000000097300000| Untracked 
| 100|0x0000000097400000, 0x0000000097400000, 0x0000000097500000|  0%| F|  |TAMS 0x0000000097400000, 0x0000000097400000| Untracked 
| 101|0x0000000097500000, 0x0000000097500000, 0x0000000097600000|  0%| F|  |TAMS 0x0000000097500000, 0x0000000097500000| Untracked 
| 102|0x0000000097600000, 0x0000000097600000, 0x0000000097700000|  0%| F|  |TAMS 0x0000000097600000, 0x0000000097600000| Untracked 
| 103|0x0000000097700000, 0x0000000097700000, 0x0000000097800000|  0%| F|  |TAMS 0x0000000097700000, 0x0000000097700000| Untracked 
| 104|0x0000000097800000, 0x0000000097800000, 0x0000000097900000|  0%| F|  |TAMS 0x0000000097800000, 0x0000000097800000| Untracked 
| 105|0x0000000097900000, 0x00000000979599e8, 0x0000000097a00000| 35%| E|  |TAMS 0x0000000097900000, 0x0000000097900000| Complete 
| 106|0x0000000097a00000, 0x0000000097b00000, 0x0000000097b00000|100%| E|CS|TAMS 0x0000000097a00000, 0x0000000097a00000| Complete 
| 107|0x0000000097b00000, 0x0000000097c00000, 0x0000000097c00000|100%| E|CS|TAMS 0x0000000097b00000, 0x0000000097b00000| Complete 
| 108|0x0000000097c00000, 0x0000000097d00000, 0x0000000097d00000|100%| E|CS|TAMS 0x0000000097c00000, 0x0000000097c00000| Complete 
| 109|0x0000000097d00000, 0x0000000097e00000, 0x0000000097e00000|100%| E|CS|TAMS 0x0000000097d00000, 0x0000000097d00000| Complete 
| 110|0x0000000097e00000, 0x0000000097f00000, 0x0000000097f00000|100%| E|CS|TAMS 0x0000000097e00000, 0x0000000097e00000| Complete 
| 111|0x0000000097f00000, 0x0000000098000000, 0x0000000098000000|100%| E|CS|TAMS 0x0000000097f00000, 0x0000000097f00000| Complete 

Card table byte_map: [0x000001f9c6e00000,0x000001f9c7180000] _byte_map_base: 0x000001f9c6978000

Marking Bits (Prev, Next): (CMBitMap*) 0x000001f9af50ed00, (CMBitMap*) 0x000001f9af50ecc0
 Prev Bits: [0x000001f9c90c0000, 0x000001f9cac80000)
 Next Bits: [0x000001f9c7500000, 0x000001f9c90c0000)

Polling page: 0x000001f9adbd0000

Metaspace:

Usage:
  Non-class:     20.33 MB used.
      Class:      3.36 MB used.
       Both:     23.68 MB used.

Virtual space:
  Non-class space:       64.00 MB reserved,      20.50 MB ( 32%) committed,  1 nodes.
      Class space:        1.00 GB reserved,       3.56 MB ( <1%) committed,  1 nodes.
             Both:        1.06 GB reserved,      24.06 MB (  2%) committed. 

Chunk freelists:
   Non-Class:  11.42 MB
       Class:  12.29 MB
        Both:  23.70 MB

MaxMetaspaceSize: unlimited
CompressedClassSpaceSize: 1.00 GB
Initial GC threshold: 21.00 MB
Current GC threshold: 35.25 MB
CDS: on
MetaspaceReclaimPolicy: balanced
 - commit_granule_bytes: 65536.
 - commit_granule_words: 8192.
 - virtual_space_node_default_size: 8388608.
 - enlarge_chunks_in_place: 1.
 - new_chunks_are_fully_committed: 0.
 - uncommit_free_chunks: 1.
 - use_allocation_guard: 0.
 - handle_deallocations: 1.


Internal statistics:

num_allocs_failed_limit: 3.
num_arena_births: 456.
num_arena_deaths: 0.
num_vsnodes_births: 2.
num_vsnodes_deaths: 0.
num_space_committed: 385.
num_space_uncommitted: 0.
num_chunks_returned_to_freelist: 3.
num_chunks_taken_from_freelist: 1389.
num_chunk_merges: 3.
num_chunk_splits: 912.
num_chunks_enlarged: 621.
num_inconsistent_stats: 0.

CodeHeap 'non-profiled nmethods': size=120000Kb used=5298Kb max_used=5298Kb free=114702Kb
 bounds [0x000001f9beaf0000, 0x000001f9bf020000, 0x000001f9c6020000]
CodeHeap 'profiled nmethods': size=120000Kb used=13401Kb max_used=13838Kb free=106598Kb
 bounds [0x000001f9b7020000, 0x000001f9b7db0000, 0x000001f9be550000]
CodeHeap 'non-nmethods': size=5760Kb used=1537Kb max_used=1624Kb free=4222Kb
 bounds [0x000001f9be550000, 0x000001f9be7c0000, 0x000001f9beaf0000]
 total_blobs=7222 nmethods=6383 adapters=751
 compilation: enabled
              stopped_count=0, restarted_count=0
 full_count=0

Compilation events (20 events):
Event: 103.851 Thread 0x000001f9cd6afa00 7661  s    4       java.lang.Throwable::fillInStackTrace (29 bytes)
Event: 103.853 Thread 0x000001f9cd6afa00 nmethod 7661 0x000001f9bf01bc10 code [0x000001f9bf01bda0, 0x000001f9bf01c128]
Event: 103.853 Thread 0x000001f9cd6c23e0 7662       3       java.lang.invoke.LambdaFormEditor$TransformKey::<init> (15 bytes)
Event: 103.853 Thread 0x000001f9cd6afa00 7663       4       java.util.Objects::checkFromIndexSize (8 bytes)
Event: 103.853 Thread 0x000001f9cd6c23e0 nmethod 7662 0x000001f9b7a64310 code [0x000001f9b7a644a0, 0x000001f9b7a64678]
Event: 103.854 Thread 0x000001f9cd6afa00 nmethod 7663 0x000001f9bf01c210 code [0x000001f9bf01c380, 0x000001f9bf01c438]
Event: 147.315 Thread 0x000001f9cd6c23e0 7664       3       com.sun.javafx.tk.quantum.GlassScene::markDirty (5 bytes)
Event: 147.315 Thread 0x000001f9cd6c23e0 nmethod 7664 0x000001f9b7bbb090 code [0x000001f9b7bbb260, 0x000001f9b7bbb618]
Event: 147.322 Thread 0x000001f9cd6c23e0 7665       3       java.lang.invoke.DelegatingMethodHandle$Holder::reinvoke_L (18 bytes)
Event: 147.322 Thread 0x000001f9cd6c23e0 nmethod 7665 0x000001f9b7bba810 code [0x000001f9b7bba9e0, 0x000001f9b7bbaf58]
Event: 147.323 Thread 0x000001f9cd6c23e0 7666       3       javafx.scene.control.DialogPane::getHeaderText (11 bytes)
Event: 147.323 Thread 0x000001f9cd6c23e0 nmethod 7666 0x000001f9b7bba290 code [0x000001f9b7bba440, 0x000001f9b7bba728]
Event: 147.323 Thread 0x000001f9cd6c23e0 7667       3       javafx.scene.layout.GridPane::getNodeColumnIndex (18 bytes)
Event: 147.324 Thread 0x000001f9cd6c23e0 nmethod 7667 0x000001f9b7d83e90 code [0x000001f9b7d840e0, 0x000001f9b7d84c18]
Event: 147.324 Thread 0x000001f9cd6c23e0 7668       3       javafx.scene.layout.GridPane::getColumnIndex (10 bytes)
Event: 147.325 Thread 0x000001f9cd6c23e0 nmethod 7668 0x000001f9b7d82f10 code [0x000001f9b7d83140, 0x000001f9b7d83b98]
Event: 147.326 Thread 0x000001f9cd6c23e0 7669       3       javafx.scene.layout.HBox::requestLayout (36 bytes)
Event: 147.326 Thread 0x000001f9cd6c23e0 nmethod 7669 0x000001f9b75eec90 code [0x000001f9b75eee40, 0x000001f9b75ef118]
Event: 147.375 Thread 0x000001f9cd6afa00 7670       4       java.util.Collections$EmptyList::iterator (4 bytes)
Event: 147.377 Thread 0x000001f9cd6afa00 nmethod 7670 0x000001f9bf01c510 code [0x000001f9bf01c680, 0x000001f9bf01c6f8]

GC Heap History (12 events):
Event: 1.256 GC heap before
{Heap before GC invocations=0 (full 0):
 garbage-first heap   total 114688K, used 23552K [0x0000000091000000, 0x0000000100000000)
  region size 1024K, 23 young (23552K), 0 survivors (0K)
 Metaspace       used 4578K, committed 4800K, reserved 1114112K
  class space    used 513K, committed 640K, reserved 1048576K
}
Event: 1.259 GC heap after
{Heap after GC invocations=1 (full 0):
 garbage-first heap   total 114688K, used 3071K [0x0000000091000000, 0x0000000100000000)
  region size 1024K, 3 young (3072K), 3 survivors (3072K)
 Metaspace       used 4578K, committed 4800K, reserved 1114112K
  class space    used 513K, committed 640K, reserved 1048576K
}
Event: 4.537 GC heap before
{Heap before GC invocations=1 (full 0):
 garbage-first heap   total 114688K, used 39935K [0x0000000091000000, 0x0000000100000000)
  region size 1024K, 36 young (36864K), 3 survivors (3072K)
 Metaspace       used 10738K, committed 11008K, reserved 1114112K
  class space    used 1425K, committed 1536K, reserved 1048576K
}
Event: 4.543 GC heap after
{Heap after GC invocations=2 (full 0):
 garbage-first heap   total 114688K, used 8456K [0x0000000091000000, 0x0000000100000000)
  region size 1024K, 4 young (4096K), 4 survivors (4096K)
 Metaspace       used 10738K, committed 11008K, reserved 1114112K
  class space    used 1425K, committed 1536K, reserved 1048576K
}
Event: 13.200 GC heap before
{Heap before GC invocations=2 (full 0):
 garbage-first heap   total 114688K, used 86280K [0x0000000091000000, 0x0000000100000000)
  region size 1024K, 62 young (63488K), 4 survivors (4096K)
 Metaspace       used 21262K, committed 21504K, reserved 1114112K
  class space    used 3092K, committed 3264K, reserved 1048576K
}
Event: 13.212 GC heap after
{Heap after GC invocations=3 (full 0):
 garbage-first heap   total 114688K, used 33792K [0x0000000091000000, 0x0000000100000000)
  region size 1024K, 9 young (9216K), 9 survivors (9216K)
 Metaspace       used 21262K, committed 21504K, reserved 1114112K
  class space    used 3092K, committed 3264K, reserved 1048576K
}
Event: 38.393 GC heap before
{Heap before GC invocations=4 (full 0):
 garbage-first heap   total 114688K, used 97280K [0x0000000091000000, 0x0000000100000000)
  region size 1024K, 55 young (56320K), 9 survivors (9216K)
 Metaspace       used 23300K, committed 23680K, reserved 1114112K
  class space    used 3397K, committed 3584K, reserved 1048576K
}
Event: 38.403 GC heap after
{Heap after GC invocations=5 (full 0):
 garbage-first heap   total 114688K, used 40807K [0x0000000091000000, 0x0000000100000000)
  region size 1024K, 5 young (5120K), 5 survivors (5120K)
 Metaspace       used 23300K, committed 23680K, reserved 1114112K
  class space    used 3397K, committed 3584K, reserved 1048576K
}
Event: 83.917 GC heap before
{Heap before GC invocations=5 (full 0):
 garbage-first heap   total 114688K, used 96103K [0x0000000091000000, 0x0000000100000000)
  region size 1024K, 47 young (48128K), 5 survivors (5120K)
 Metaspace       used 23984K, committed 24384K, reserved 1114112K
  class space    used 3425K, committed 3648K, reserved 1048576K
}
Event: 83.923 GC heap after
{Heap after GC invocations=6 (full 0):
 garbage-first heap   total 114688K, used 49979K [0x0000000091000000, 0x0000000100000000)
  region size 1024K, 4 young (4096K), 4 survivors (4096K)
 Metaspace       used 23984K, committed 24384K, reserved 1114112K
  class space    used 3425K, committed 3648K, reserved 1048576K
}
Event: 95.592 GC heap before
{Heap before GC invocations=6 (full 0):
 garbage-first heap   total 114688K, used 77627K [0x0000000091000000, 0x0000000100000000)
  region size 1024K, 28 young (28672K), 4 survivors (4096K)
 Metaspace       used 24175K, committed 24576K, reserved 1114112K
  class space    used 3426K, committed 3648K, reserved 1048576K
}
Event: 95.596 GC heap after
{Heap after GC invocations=7 (full 0):
 garbage-first heap   total 114688K, used 53827K [0x0000000091000000, 0x0000000100000000)
  region size 1024K, 3 young (3072K), 3 survivors (3072K)
 Metaspace       used 24175K, committed 24576K, reserved 1114112K
  class space    used 3426K, committed 3648K, reserved 1048576K
}

Dll operation events (20 events):
Event: 0.666 Loaded shared library D:\Proyecto Terminal\openjfx-22.0.1_windows-x64_bin-sdk\javafx-sdk-22.0.1\bin\api-ms-win-crt-math-l1-1-0.dll
Event: 0.668 Loaded shared library D:\Proyecto Terminal\openjfx-22.0.1_windows-x64_bin-sdk\javafx-sdk-22.0.1\bin\api-ms-win-crt-multibyte-l1-1-0.dll
Event: 0.671 Loaded shared library D:\Proyecto Terminal\openjfx-22.0.1_windows-x64_bin-sdk\javafx-sdk-22.0.1\bin\api-ms-win-crt-private-l1-1-0.dll
Event: 0.673 Loaded shared library D:\Proyecto Terminal\openjfx-22.0.1_windows-x64_bin-sdk\javafx-sdk-22.0.1\bin\api-ms-win-crt-process-l1-1-0.dll
Event: 0.675 Loaded shared library D:\Proyecto Terminal\openjfx-22.0.1_windows-x64_bin-sdk\javafx-sdk-22.0.1\bin\api-ms-win-crt-runtime-l1-1-0.dll
Event: 0.678 Loaded shared library D:\Proyecto Terminal\openjfx-22.0.1_windows-x64_bin-sdk\javafx-sdk-22.0.1\bin\api-ms-win-crt-stdio-l1-1-0.dll
Event: 0.680 Loaded shared library D:\Proyecto Terminal\openjfx-22.0.1_windows-x64_bin-sdk\javafx-sdk-22.0.1\bin\api-ms-win-crt-string-l1-1-0.dll
Event: 0.682 Loaded shared library D:\Proyecto Terminal\openjfx-22.0.1_windows-x64_bin-sdk\javafx-sdk-22.0.1\bin\api-ms-win-crt-time-l1-1-0.dll
Event: 0.683 Loaded shared library D:\Proyecto Terminal\openjfx-22.0.1_windows-x64_bin-sdk\javafx-sdk-22.0.1\bin\api-ms-win-crt-utility-l1-1-0.dll
Event: 0.690 Loaded shared library D:\Proyecto Terminal\openjfx-22.0.1_windows-x64_bin-sdk\javafx-sdk-22.0.1\bin\ucrtbase.dll
Event: 0.693 Loaded shared library D:\Proyecto Terminal\openjfx-22.0.1_windows-x64_bin-sdk\javafx-sdk-22.0.1\bin\vcruntime140.dll
Event: 0.696 Loaded shared library D:\Proyecto Terminal\openjfx-22.0.1_windows-x64_bin-sdk\javafx-sdk-22.0.1\bin\vcruntime140_1.dll
Event: 0.701 Loaded shared library D:\Proyecto Terminal\openjfx-22.0.1_windows-x64_bin-sdk\javafx-sdk-22.0.1\bin\msvcp140.dll
Event: 0.706 Loaded shared library D:\Proyecto Terminal\openjfx-22.0.1_windows-x64_bin-sdk\javafx-sdk-22.0.1\bin\msvcp140_1.dll
Event: 0.713 Loaded shared library D:\Proyecto Terminal\openjfx-22.0.1_windows-x64_bin-sdk\javafx-sdk-22.0.1\bin\msvcp140_2.dll
Event: 0.812 Loaded shared library D:\Proyecto Terminal\openjfx-22.0.1_windows-x64_bin-sdk\javafx-sdk-22.0.1\bin\prism_d3d.dll
Event: 0.947 Loaded shared library D:\Proyecto Terminal\openjfx-22.0.1_windows-x64_bin-sdk\javafx-sdk-22.0.1\bin\glass.dll
Event: 1.189 Loaded shared library C:\Users\diego\.jdks\corretto-17.0.13\bin\jimage.dll
Event: 2.174 Loaded shared library D:\Proyecto Terminal\openjfx-22.0.1_windows-x64_bin-sdk\javafx-sdk-22.0.1\bin\javafx_font.dll
Event: 6.970 Loaded shared library D:\Proyecto Terminal\openjfx-22.0.1_windows-x64_bin-sdk\javafx-sdk-22.0.1\bin\javafx_iio.dll

Deoptimization events (20 events):
Event: 100.620 Thread 0x000001fa138767c0 Uncommon trap: trap_request=0xffffffc6 fr.pc=0x000001f9bebe8de4 relative=0x00000000000002c4
Event: 100.620 Thread 0x000001fa138767c0 Uncommon trap: reason=bimorphic_or_optimized_type_check action=maybe_recompile pc=0x000001f9bebe8de4 method=java.util.Collections$UnmodifiableCollection$1.<init>(Ljava/util/Collections$UnmodifiableCollection;)V @ 17 c2
Event: 100.620 Thread 0x000001fa138767c0 DEOPT PACKING pc=0x000001f9bebe8de4 sp=0x0000001be81fbac0
Event: 100.620 Thread 0x000001fa138767c0 DEOPT UNPACKING pc=0x000001f9be5a69a3 sp=0x0000001be81fba28 mode 2
Event: 147.437 Thread 0x000001f9cd69fdc0 Uncommon trap: trap_request=0xffffffc6 fr.pc=0x000001f9bee533ec relative=0x00000000000006ac
Event: 147.437 Thread 0x000001f9cd69fdc0 Uncommon trap: reason=bimorphic_or_optimized_type_check action=maybe_recompile pc=0x000001f9bee533ec method=java.util.Hashtable.get(Ljava/lang/Object;)Ljava/lang/Object; @ 6 c2
Event: 147.437 Thread 0x000001f9cd69fdc0 DEOPT PACKING pc=0x000001f9bee533ec sp=0x0000001be70ff570
Event: 147.437 Thread 0x000001f9cd69fdc0 DEOPT UNPACKING pc=0x000001f9be5a69a3 sp=0x0000001be70ff540 mode 2
Event: 147.440 Thread 0x000001fa13d5c590 Uncommon trap: trap_request=0xffffff45 fr.pc=0x000001f9bef25644 relative=0x00000000000000c4
Event: 147.440 Thread 0x000001fa13d5c590 Uncommon trap: reason=unstable_if action=reinterpret pc=0x000001f9bef25644 method=java.util.concurrent.locks.ReentrantLock$Sync.tryRelease(I)Z @ 26 c2
Event: 147.440 Thread 0x000001fa13d5c590 DEOPT PACKING pc=0x000001f9bef25644 sp=0x0000001be66fece0
Event: 147.441 Thread 0x000001fa13d5c590 DEOPT UNPACKING pc=0x000001f9be5a69a3 sp=0x0000001be66fec90 mode 2
Event: 147.441 Thread 0x000001fa138370e0 DEOPT PACKING pc=0x000001f9b79d90c4 sp=0x0000001be79ff1f0
Event: 147.441 Thread 0x000001fa138370e0 DEOPT UNPACKING pc=0x000001f9be5a7143 sp=0x0000001be79fe710 mode 1
Event: 147.441 Thread 0x000001fa138370e0 DEOPT PACKING pc=0x000001f9b74d22e4 sp=0x0000001be79ff2e0
Event: 147.441 Thread 0x000001fa138370e0 DEOPT UNPACKING pc=0x000001f9be5a7143 sp=0x0000001be79fe828 mode 1
Event: 147.441 Thread 0x000001fa138370e0 DEOPT PACKING pc=0x000001f9b7d1f2bc sp=0x0000001be79ff3f0
Event: 147.441 Thread 0x000001fa138370e0 DEOPT UNPACKING pc=0x000001f9be5a7143 sp=0x0000001be79fe8b0 mode 1
Event: 147.441 Thread 0x000001fa13d5c590 DEOPT PACKING pc=0x000001f9b71abdcc sp=0x0000001be66ff040
Event: 147.441 Thread 0x000001fa13d5c590 DEOPT UNPACKING pc=0x000001f9be5a7143 sp=0x0000001be66fe4a0 mode 1

Classes loaded (20 events):
Event: 78.818 Loading class javafx/scene/input/MouseEvent
Event: 78.818 Loading class javafx/scene/input/MouseEvent done
Event: 78.818 Loading class optiuam/bc/model/ElementoGrafico
Event: 78.818 Loading class optiuam/bc/model/ElementoGrafico done
Event: 78.818 Loading class optiuam/bc/model/ElementoGrafico
Event: 78.818 Loading class optiuam/bc/model/ElementoGrafico done
Event: 78.819 Loading class optiuam/bc/model/ElementoGrafico
Event: 78.819 Loading class optiuam/bc/model/ElementoGrafico done
Event: 78.819 Loading class optiuam/bc/model/ElementoGrafico
Event: 78.819 Loading class optiuam/bc/model/ElementoGrafico done
Event: 78.819 Loading class optiuam/bc/controller/VentanaFibraController
Event: 78.819 Loading class optiuam/bc/controller/VentanaFibraController done
Event: 78.819 Loading class optiuam/bc/model/ElementoGrafico
Event: 78.819 Loading class optiuam/bc/model/ElementoGrafico done
Event: 147.437 Loading class jdk/internal/misc/Signal$1
Event: 147.437 Loading class jdk/internal/misc/Signal$1 done
Event: 147.440 Loading class com/sun/javafx/tk/quantum/QuantumRenderer
Event: 147.440 Loading class com/sun/javafx/tk/quantum/QuantumRenderer done
Event: 147.441 Loading class com/sun/javafx/tk/quantum/QuantumToolkit
Event: 147.441 Loading class com/sun/javafx/tk/quantum/QuantumToolkit done

Classes unloaded (0 events):
No events

Classes redefined (0 events):
No events

Internal exceptions (20 events):
Event: 6.896 Thread 0x000001fa138767c0 Exception <a 'java/lang/NoSuchMethodError'{0x0000000095e66fc0}: 'java.lang.Object java.lang.invoke.DirectMethodHandle$Holder.newInvokeSpecial(java.lang.Object, java.lang.Object, long)'> (0x0000000095e66fc0) 
thrown [s\src\hotspot\share\interpreter\linkResolver.cpp, line 759]
Event: 6.896 Thread 0x000001fa138767c0 Exception <a 'java/lang/NoSuchMethodError'{0x0000000095e6ab30}: 'java.lang.Object java.lang.invoke.Invokers$Holder.linkToTargetMethod(java.lang.Object, long, java.lang.Object)'> (0x0000000095e6ab30) 
thrown [s\src\hotspot\share\interpreter\linkResolver.cpp, line 759]
Event: 7.165 Thread 0x000001fa138767c0 Exception <a 'java/lang/ClassNotFoundException'{0x00000000953373b8}: com/sun/javafx/scene/control/skin/resources/controls> (0x00000000953373b8) 
thrown [s\src\hotspot\share\prims\jni.cpp, line 535]
Event: 7.167 Thread 0x000001fa138767c0 Exception <a 'java/lang/ClassNotFoundException'{0x0000000095345d68}: com/sun/javafx/scene/control/skin/resources/controls_es> (0x0000000095345d68) 
thrown [s\src\hotspot\share\prims\jni.cpp, line 535]
Event: 7.168 Thread 0x000001fa138767c0 Exception <a 'java/lang/ClassNotFoundException'{0x0000000095353f48}: com/sun/javafx/scene/control/skin/resources/controls_es_MX> (0x0000000095353f48) 
thrown [s\src\hotspot\share\prims\jni.cpp, line 535]
Event: 7.211 Thread 0x000001fa138767c0 Exception <a 'java/lang/NoSuchMethodError'{0x00000000952e2678}: 'int java.lang.invoke.DirectMethodHandle$Holder.invokeSpecial(java.lang.Object, java.lang.Object, int)'> (0x00000000952e2678) 
thrown [s\src\hotspot\share\interpreter\linkResolver.cpp, line 759]
Event: 7.454 Thread 0x000001fa138767c0 Exception <a 'java/lang/NoSuchMethodError'{0x0000000094b06200}: 'void java.lang.invoke.DirectMethodHandle$Holder.invokeVirtual(java.lang.Object, java.lang.Object)'> (0x0000000094b06200) 
thrown [s\src\hotspot\share\interpreter\linkResolver.cpp, line 759]
Event: 8.468 Thread 0x000001fa138767c0 Exception <a 'java/lang/NoSuchMethodError'{0x0000000094ace978}: 'java.lang.Object java.lang.invoke.DirectMethodHandle$Holder.newInvokeSpecial(java.lang.Object, java.lang.Object, int, int, int, int, int, java.lang.Object)'> (0x0000000094ace978) 
thrown [s\src\hotspot\share\interpreter\linkResolver.cpp, line 759]
Event: 8.471 Thread 0x000001fa138767c0 Exception <a 'java/lang/NoSuchMethodError'{0x0000000094ae1ea0}: 'java.lang.Object java.lang.invoke.DirectMethodHandle$Holder.newInvokeSpecial(java.lang.Object, java.lang.Object, java.lang.Object, int, int, int, int, int)'> (0x0000000094ae1ea0) 
thrown [s\src\hotspot\share\interpreter\linkResolver.cpp, line 759]
Event: 8.472 Thread 0x000001fa138767c0 Exception <a 'java/lang/NoSuchMethodError'{0x0000000094ae9ef8}: 'java.lang.Object java.lang.invoke.Invokers$Holder.linkToTargetMethod(java.lang.Object, java.lang.Object, int, int, int, int, int, java.lang.Object)'> (0x0000000094ae9ef8) 
thrown [s\src\hotspot\share\interpreter\linkResolver.cpp, line 759]
Event: 38.409 Thread 0x000001fa138767c0 Exception <a 'java/lang/NoSuchMethodError'{0x0000000097f31d80}: 'java.lang.Object java.lang.invoke.DirectMethodHandle$Holder.invokeSpecial(java.lang.Object, java.lang.Object, long, java.lang.Object, int, int, java.lang.Object, int, java.lang.Object)'> (0x0000000097f31d80) 
thrown [s\src\hotspot\share\interpreter\linkResolver.cpp, line 759]
Event: 38.410 Thread 0x000001fa138767c0 Exception <a 'java/lang/NoSuchMethodError'{0x0000000097f36288}: 'java.lang.Object java.lang.invoke.DelegatingMethodHandle$Holder.reinvoke_L(java.lang.Object, long, java.lang.Object, int, int, java.lang.Object, int, java.lang.Object)'> (0x0000000097f36288) 
thrown [s\src\hotspot\share\interpreter\linkResolver.cpp, line 759]
Event: 38.419 Thread 0x000001fa138767c0 Exception <a 'java/lang/NoSuchMethodError'{0x0000000097f8f648}: 'java.lang.Object java.lang.invoke.DelegatingMethodHandle$Holder.reinvoke_L(java.lang.Object, java.lang.Object, int, int, java.lang.Object, java.lang.Object)'> (0x0000000097f8f648) 
thrown [s\src\hotspot\share\interpreter\linkResolver.cpp, line 759]
Event: 55.249 Thread 0x000001fa138370e0 Implicit null exception at 0x000001f9bedad75e to 0x000001f9bedad7d8
Event: 55.249 Thread 0x000001fa138370e0 Implicit null exception at 0x000001f9bedb08ac to 0x000001f9bedb092c
Event: 62.221 Thread 0x000001fa138767c0 Implicit null exception at 0x000001f9bebfe905 to 0x000001f9bebff534
Event: 73.910 Thread 0x000001fa138370e0 Implicit null exception at 0x000001f9bed292d9 to 0x000001f9bed2de34
Event: 75.502 Thread 0x000001fa138370e0 Implicit null exception at 0x000001f9bed28853 to 0x000001f9bed288b8
Event: 88.459 Thread 0x000001fa138370e0 Implicit null exception at 0x000001f9bed4bd57 to 0x000001f9bed4bdd8
Event: 103.851 Thread 0x000001fa138767c0 Exception <a 'java/lang/NoSuchMethodError'{0x0000000097b731b8}: 'java.lang.Object java.lang.invoke.DelegatingMethodHandle$Holder.reinvoke_L(java.lang.Object, java.lang.Object, int, int, double, int)'> (0x0000000097b731b8) 
thrown [s\src\hotspot\share\interpreter\linkResolver.cpp, line 759]

VM Operations (20 events):
Event: 143.937 Executing VM operation: get/set locals done
Event: 143.937 Executing VM operation: get/set locals
Event: 143.938 Executing VM operation: get/set locals done
Event: 143.938 Executing VM operation: get/set locals
Event: 143.938 Executing VM operation: get/set locals done
Event: 147.275 Executing VM operation: ChangeBreakpoints
Event: 147.276 Executing VM operation: ChangeBreakpoints done
Event: 147.281 Executing VM operation: ChangeBreakpoints
Event: 147.281 Executing VM operation: ChangeBreakpoints done
Event: 147.281 Executing VM operation: ChangeBreakpoints
Event: 147.281 Executing VM operation: ChangeBreakpoints done
Event: 147.281 Executing VM operation: ChangeBreakpoints
Event: 147.281 Executing VM operation: ChangeBreakpoints done
Event: 147.281 Executing VM operation: ChangeBreakpoints
Event: 147.282 Executing VM operation: ChangeBreakpoints done
Event: 147.282 Executing VM operation: ChangeBreakpoints
Event: 147.282 Executing VM operation: ChangeBreakpoints done
Event: 147.282 Executing VM operation: ChangeBreakpoints
Event: 147.282 Executing VM operation: ChangeBreakpoints done
Event: 147.442 Executing VM operation: Exit

Memory protections (0 events):
No events

Nmethod flushes (20 events):
Event: 80.075 Thread 0x000001f9cd6fb4b0 flushing  nmethod 0x000001f9b79cb110
Event: 80.075 Thread 0x000001f9cd6fb4b0 flushing  nmethod 0x000001f9b79d4910
Event: 80.075 Thread 0x000001f9cd6fb4b0 flushing  nmethod 0x000001f9b79db290
Event: 80.075 Thread 0x000001f9cd6fb4b0 flushing  nmethod 0x000001f9b7a40310
Event: 80.075 Thread 0x000001f9cd6fb4b0 flushing  nmethod 0x000001f9b7a57b90
Event: 80.075 Thread 0x000001f9cd6fb4b0 flushing  nmethod 0x000001f9b7a58e10
Event: 80.075 Thread 0x000001f9cd6fb4b0 flushing  nmethod 0x000001f9b7ade310
Event: 80.075 Thread 0x000001f9cd6fb4b0 flushing  nmethod 0x000001f9b7ae6310
Event: 80.075 Thread 0x000001f9cd6fb4b0 flushing  nmethod 0x000001f9b7ae6690
Event: 80.075 Thread 0x000001f9cd6fb4b0 flushing  nmethod 0x000001f9b7ae6a10
Event: 80.075 Thread 0x000001f9cd6fb4b0 flushing  nmethod 0x000001f9b7b14290
Event: 80.075 Thread 0x000001f9cd6fb4b0 flushing  nmethod 0x000001f9b7b2f310
Event: 80.076 Thread 0x000001f9cd6fb4b0 flushing  nmethod 0x000001f9b7b94510
Event: 80.076 Thread 0x000001f9cd6fb4b0 flushing  nmethod 0x000001f9b7b9e510
Event: 80.076 Thread 0x000001f9cd6fb4b0 flushing  nmethod 0x000001f9b7bce210
Event: 80.076 Thread 0x000001f9cd6fb4b0 flushing  nmethod 0x000001f9b7bd1590
Event: 80.076 Thread 0x000001f9cd6fb4b0 flushing  nmethod 0x000001f9b7bf0410
Event: 80.076 Thread 0x000001f9cd6fb4b0 flushing  nmethod 0x000001f9b7ce7d90
Event: 80.076 Thread 0x000001f9cd6fb4b0 flushing  nmethod 0x000001f9b7cef410
Event: 80.077 Thread 0x000001f9cd6fb4b0 flushing  nmethod 0x000001f9b7d7f710

Events (20 events):
Event: 74.393 Thread 0x000001fa1a5e9cc0 Thread exited: 0x000001fa1a5e9cc0
Event: 80.378 Thread 0x000001f9cd6c23e0 Thread added: 0x000001fa1a58fa70
Event: 80.658 Thread 0x000001fa1a58fa70 Thread exited: 0x000001fa1a58fa70
Event: 82.085 Thread 0x000001f9cd6c23e0 Thread added: 0x000001fa1a58fa70
Event: 82.312 Thread 0x000001fa1a58fa70 Thread exited: 0x000001fa1a58fa70
Event: 82.986 Thread 0x000001f9cd6c23e0 Thread added: 0x000001fa1a58fa70
Event: 83.608 Thread 0x000001fa1a58fa70 Thread exited: 0x000001fa1a58fa70
Event: 83.951 Thread 0x000001f9cd6c23e0 Thread added: 0x000001fa19c3db80
Event: 84.319 Thread 0x000001fa19c3db80 Thread exited: 0x000001fa19c3db80
Event: 91.208 Thread 0x000001f9cd6c23e0 Thread added: 0x000001fa137bd660
Event: 91.360 Thread 0x000001fa137bd660 Thread exited: 0x000001fa137bd660
Event: 92.958 Thread 0x000001f9cd6c23e0 Thread added: 0x000001fa1399dba0
Event: 93.398 Thread 0x000001fa1399dba0 Thread exited: 0x000001fa1399dba0
Event: 147.275 Thread 0x000001fa137fea90 Thread exited: 0x000001fa137fea90
Event: 147.293 Thread 0x000001fa137fe090 Thread exited: 0x000001fa137fe090
Event: 147.437 Thread 0x000001f9cd69fdc0 Thread added: 0x000001fa13d5c080
Event: 147.439 Thread 0x000001fa13d5c080 Thread added: 0x000001fa13d5caa0
Event: 147.439 Thread 0x000001fa13d5c080 Thread added: 0x000001fa13d5c590
Event: 147.440 Thread 0x000001fa13d5caa0 Thread exited: 0x000001fa13d5caa0
Event: 147.441 Thread 0x000001fa13d5c590 Thread exited: 0x000001fa13d5c590


Dynamic libraries:
0x00007ff6a5c80000 - 0x00007ff6a5c8e000 	C:\Users\diego\.jdks\corretto-17.0.13\bin\java.exe
0x00007ff96c5c0000 - 0x00007ff96c823000 	C:\WINDOWS\SYSTEM32\ntdll.dll
0x00007ff96b700000 - 0x00007ff96b7c8000 	C:\WINDOWS\System32\KERNEL32.DLL
0x00007ff969e40000 - 0x00007ff96a1f2000 	C:\WINDOWS\System32\KERNELBASE.dll
0x00007ff969a40000 - 0x00007ff969b8b000 	C:\WINDOWS\System32\ucrtbase.dll
0x00007ff963f60000 - 0x00007ff963f7b000 	C:\Users\diego\.jdks\corretto-17.0.13\bin\VCRUNTIME140.dll
0x00007ff95c520000 - 0x00007ff95c537000 	C:\Users\diego\.jdks\corretto-17.0.13\bin\jli.dll
0x00007ff96b3a0000 - 0x00007ff96b568000 	C:\WINDOWS\System32\USER32.dll
0x00007ff96a3f0000 - 0x00007ff96a417000 	C:\WINDOWS\System32\win32u.dll
0x00007ff956410000 - 0x00007ff9566a0000 	C:\WINDOWS\WinSxS\amd64_microsoft.windows.common-controls_6595b64144ccf1df_6.0.26100.2454_none_3e0b68a2e331ad60\COMCTL32.dll
0x00007ff96b190000 - 0x00007ff96b1ba000 	C:\WINDOWS\System32\GDI32.dll
0x00007ff96b650000 - 0x00007ff96b6f9000 	C:\WINDOWS\System32\msvcrt.dll
0x00007ff96a2c0000 - 0x00007ff96a3eb000 	C:\WINDOWS\System32\gdi32full.dll
0x00007ff969990000 - 0x00007ff969a33000 	C:\WINDOWS\System32\msvcp_win.dll
0x00007ff96a430000 - 0x00007ff96a45f000 	C:\WINDOWS\System32\IMM32.DLL
0x00007ff964000000 - 0x00007ff96400c000 	C:\Users\diego\.jdks\corretto-17.0.13\bin\vcruntime140_1.dll
0x00007ff95b270000 - 0x00007ff95b2fd000 	C:\Users\diego\.jdks\corretto-17.0.13\bin\msvcp140.dll
0x00007ff90e3f0000 - 0x00007ff90f05c000 	C:\Users\diego\.jdks\corretto-17.0.13\bin\server\jvm.dll
0x00007ff96c2d0000 - 0x00007ff96c384000 	C:\WINDOWS\System32\ADVAPI32.dll
0x00007ff96c450000 - 0x00007ff96c4f6000 	C:\WINDOWS\System32\sechost.dll
0x00007ff96a470000 - 0x00007ff96a586000 	C:\WINDOWS\System32\RPCRT4.dll
0x00007ff96b1c0000 - 0x00007ff96b234000 	C:\WINDOWS\System32\WS2_32.dll
0x00007ff969820000 - 0x00007ff96986e000 	C:\WINDOWS\SYSTEM32\POWRPROF.dll
0x00007ff9663c0000 - 0x00007ff9663f6000 	C:\WINDOWS\SYSTEM32\WINMM.dll
0x00007ff9603f0000 - 0x00007ff9603fb000 	C:\WINDOWS\SYSTEM32\VERSION.dll
0x00007ff969800000 - 0x00007ff969814000 	C:\WINDOWS\SYSTEM32\UMPDC.dll
0x00007ff9687d0000 - 0x00007ff9687ea000 	C:\WINDOWS\SYSTEM32\kernel.appcore.dll
0x00007ff963410000 - 0x00007ff96341a000 	C:\Users\diego\.jdks\corretto-17.0.13\bin\jimage.dll
0x00007ff966ee0000 - 0x00007ff967121000 	C:\WINDOWS\SYSTEM32\DBGHELP.DLL
0x00007ff96bed0000 - 0x00007ff96c24e000 	C:\WINDOWS\System32\combase.dll
0x00007ff96b570000 - 0x00007ff96b646000 	C:\WINDOWS\System32\OLEAUT32.dll
0x00007ff94b010000 - 0x00007ff94b049000 	C:\WINDOWS\SYSTEM32\dbgcore.DLL
0x00007ff969b90000 - 0x00007ff969c29000 	C:\WINDOWS\System32\bcryptPrimitives.dll
0x00007ff95b1f0000 - 0x00007ff95b22b000 	C:\Users\diego\.jdks\corretto-17.0.13\bin\jdwp.dll
0x00007ff9612a0000 - 0x00007ff9612ae000 	C:\Users\diego\.jdks\corretto-17.0.13\bin\instrument.dll
0x00007ff95bc40000 - 0x00007ff95bc65000 	C:\Users\diego\.jdks\corretto-17.0.13\bin\java.dll
0x00007ff95b250000 - 0x00007ff95b268000 	C:\Users\diego\.jdks\corretto-17.0.13\bin\zip.dll
0x00007ff95b110000 - 0x00007ff95b1e7000 	C:\Users\diego\.jdks\corretto-17.0.13\bin\jsvml.dll
0x00007ff96a9a0000 - 0x00007ff96b0a0000 	C:\WINDOWS\System32\SHELL32.dll
0x00007ff9676e0000 - 0x00007ff967f11000 	C:\WINDOWS\SYSTEM32\windows.storage.dll
0x00007ff96b0b0000 - 0x00007ff96b18a000 	C:\WINDOWS\System32\SHCORE.dll
0x00007ff96a740000 - 0x00007ff96a79d000 	C:\WINDOWS\System32\shlwapi.dll
0x00007ff9698a0000 - 0x00007ff9698ce000 	C:\WINDOWS\SYSTEM32\profapi.dll
0x00007ff95ac10000 - 0x00007ff95ac29000 	C:\Users\diego\.jdks\corretto-17.0.13\bin\net.dll
0x00007ff962eb0000 - 0x00007ff962fd6000 	C:\WINDOWS\SYSTEM32\WINHTTP.dll
0x00007ff968cd0000 - 0x00007ff968d38000 	C:\WINDOWS\system32\mswsock.dll
0x00007ff95abc0000 - 0x00007ff95abd6000 	C:\Users\diego\.jdks\corretto-17.0.13\bin\nio.dll
0x00007ff95d060000 - 0x00007ff95d06c000 	C:\Users\diego\.jdks\corretto-17.0.13\bin\dt_socket.dll
0x00007ff968260000 - 0x00007ff968292000 	C:\WINDOWS\SYSTEM32\IPHLPAPI.DLL
0x000001f9adc90000 - 0x000001f9adc93000 	D:\Proyecto Terminal\openjfx-22.0.1_windows-x64_bin-sdk\javafx-sdk-22.0.1\bin\api-ms-win-core-console-l1-1-0.dll
0x000001f9adca0000 - 0x000001f9adca3000 	D:\Proyecto Terminal\openjfx-22.0.1_windows-x64_bin-sdk\javafx-sdk-22.0.1\bin\api-ms-win-core-console-l1-2-0.dll
0x000001f9adcb0000 - 0x000001f9adcb3000 	D:\Proyecto Terminal\openjfx-22.0.1_windows-x64_bin-sdk\javafx-sdk-22.0.1\bin\api-ms-win-core-datetime-l1-1-0.dll
0x000001f9af570000 - 0x000001f9af573000 	D:\Proyecto Terminal\openjfx-22.0.1_windows-x64_bin-sdk\javafx-sdk-22.0.1\bin\api-ms-win-core-debug-l1-1-0.dll
0x000001f9af580000 - 0x000001f9af583000 	D:\Proyecto Terminal\openjfx-22.0.1_windows-x64_bin-sdk\javafx-sdk-22.0.1\bin\api-ms-win-core-errorhandling-l1-1-0.dll
0x000001f9cdf90000 - 0x000001f9cdf94000 	D:\Proyecto Terminal\openjfx-22.0.1_windows-x64_bin-sdk\javafx-sdk-22.0.1\bin\api-ms-win-core-file-l1-1-0.dll
0x000001f9cdc40000 - 0x000001f9cdc43000 	D:\Proyecto Terminal\openjfx-22.0.1_windows-x64_bin-sdk\javafx-sdk-22.0.1\bin\api-ms-win-core-file-l1-2-0.dll
0x000001f9cdc50000 - 0x000001f9cdc53000 	D:\Proyecto Terminal\openjfx-22.0.1_windows-x64_bin-sdk\javafx-sdk-22.0.1\bin\api-ms-win-core-file-l2-1-0.dll
0x000001f9cdc60000 - 0x000001f9cdc63000 	D:\Proyecto Terminal\openjfx-22.0.1_windows-x64_bin-sdk\javafx-sdk-22.0.1\bin\api-ms-win-core-handle-l1-1-0.dll
0x000001f9cdc70000 - 0x000001f9cdc73000 	D:\Proyecto Terminal\openjfx-22.0.1_windows-x64_bin-sdk\javafx-sdk-22.0.1\bin\api-ms-win-core-heap-l1-1-0.dll
0x000001f9cdc80000 - 0x000001f9cdc83000 	D:\Proyecto Terminal\openjfx-22.0.1_windows-x64_bin-sdk\javafx-sdk-22.0.1\bin\api-ms-win-core-interlocked-l1-1-0.dll
0x000001f9cdc90000 - 0x000001f9cdc93000 	D:\Proyecto Terminal\openjfx-22.0.1_windows-x64_bin-sdk\javafx-sdk-22.0.1\bin\api-ms-win-core-libraryloader-l1-1-0.dll
0x000001f9cdca0000 - 0x000001f9cdca3000 	D:\Proyecto Terminal\openjfx-22.0.1_windows-x64_bin-sdk\javafx-sdk-22.0.1\bin\api-ms-win-core-localization-l1-2-0.dll
0x000001f9cdcb0000 - 0x000001f9cdcb3000 	D:\Proyecto Terminal\openjfx-22.0.1_windows-x64_bin-sdk\javafx-sdk-22.0.1\bin\api-ms-win-core-memory-l1-1-0.dll
0x000001f9cdcc0000 - 0x000001f9cdcc3000 	D:\Proyecto Terminal\openjfx-22.0.1_windows-x64_bin-sdk\javafx-sdk-22.0.1\bin\api-ms-win-core-namedpipe-l1-1-0.dll
0x000001f9cdcd0000 - 0x000001f9cdcd3000 	D:\Proyecto Terminal\openjfx-22.0.1_windows-x64_bin-sdk\javafx-sdk-22.0.1\bin\api-ms-win-core-processenvironment-l1-1-0.dll
0x000001f9cdce0000 - 0x000001f9cdce3000 	D:\Proyecto Terminal\openjfx-22.0.1_windows-x64_bin-sdk\javafx-sdk-22.0.1\bin\api-ms-win-core-processthreads-l1-1-0.dll
0x000001f9cdcf0000 - 0x000001f9cdcf3000 	D:\Proyecto Terminal\openjfx-22.0.1_windows-x64_bin-sdk\javafx-sdk-22.0.1\bin\api-ms-win-core-processthreads-l1-1-1.dll
0x000001f9cdd00000 - 0x000001f9cdd03000 	D:\Proyecto Terminal\openjfx-22.0.1_windows-x64_bin-sdk\javafx-sdk-22.0.1\bin\api-ms-win-core-profile-l1-1-0.dll
0x000001f9cdd10000 - 0x000001f9cdd13000 	D:\Proyecto Terminal\openjfx-22.0.1_windows-x64_bin-sdk\javafx-sdk-22.0.1\bin\api-ms-win-core-rtlsupport-l1-1-0.dll
0x000001f9cdd20000 - 0x000001f9cdd23000 	D:\Proyecto Terminal\openjfx-22.0.1_windows-x64_bin-sdk\javafx-sdk-22.0.1\bin\api-ms-win-core-string-l1-1-0.dll
0x000001f9cdd30000 - 0x000001f9cdd33000 	D:\Proyecto Terminal\openjfx-22.0.1_windows-x64_bin-sdk\javafx-sdk-22.0.1\bin\api-ms-win-core-synch-l1-1-0.dll
0x000001f9cdd40000 - 0x000001f9cdd43000 	D:\Proyecto Terminal\openjfx-22.0.1_windows-x64_bin-sdk\javafx-sdk-22.0.1\bin\api-ms-win-core-synch-l1-2-0.dll
0x000001f9cdd50000 - 0x000001f9cdd53000 	D:\Proyecto Terminal\openjfx-22.0.1_windows-x64_bin-sdk\javafx-sdk-22.0.1\bin\api-ms-win-core-sysinfo-l1-1-0.dll
0x000001f9cdd60000 - 0x000001f9cdd63000 	D:\Proyecto Terminal\openjfx-22.0.1_windows-x64_bin-sdk\javafx-sdk-22.0.1\bin\api-ms-win-core-timezone-l1-1-0.dll
0x000001f9cdd70000 - 0x000001f9cdd73000 	D:\Proyecto Terminal\openjfx-22.0.1_windows-x64_bin-sdk\javafx-sdk-22.0.1\bin\api-ms-win-core-util-l1-1-0.dll
0x000001f9cdd80000 - 0x000001f9cdd83000 	D:\Proyecto Terminal\openjfx-22.0.1_windows-x64_bin-sdk\javafx-sdk-22.0.1\bin\api-ms-win-crt-conio-l1-1-0.dll
0x000001f9cdd90000 - 0x000001f9cdd94000 	D:\Proyecto Terminal\openjfx-22.0.1_windows-x64_bin-sdk\javafx-sdk-22.0.1\bin\api-ms-win-crt-convert-l1-1-0.dll
0x000001f9cdda0000 - 0x000001f9cdda3000 	D:\Proyecto Terminal\openjfx-22.0.1_windows-x64_bin-sdk\javafx-sdk-22.0.1\bin\api-ms-win-crt-environment-l1-1-0.dll
0x000001f9cddb0000 - 0x000001f9cddb3000 	D:\Proyecto Terminal\openjfx-22.0.1_windows-x64_bin-sdk\javafx-sdk-22.0.1\bin\api-ms-win-crt-filesystem-l1-1-0.dll
0x000001f9cddc0000 - 0x000001f9cddc3000 	D:\Proyecto Terminal\openjfx-22.0.1_windows-x64_bin-sdk\javafx-sdk-22.0.1\bin\api-ms-win-crt-heap-l1-1-0.dll
0x000001f9cddd0000 - 0x000001f9cddd3000 	D:\Proyecto Terminal\openjfx-22.0.1_windows-x64_bin-sdk\javafx-sdk-22.0.1\bin\api-ms-win-crt-locale-l1-1-0.dll
0x000001f9cdde0000 - 0x000001f9cdde5000 	D:\Proyecto Terminal\openjfx-22.0.1_windows-x64_bin-sdk\javafx-sdk-22.0.1\bin\api-ms-win-crt-math-l1-1-0.dll
0x000001f9cddf0000 - 0x000001f9cddf5000 	D:\Proyecto Terminal\openjfx-22.0.1_windows-x64_bin-sdk\javafx-sdk-22.0.1\bin\api-ms-win-crt-multibyte-l1-1-0.dll
0x000001f9cde00000 - 0x000001f9cde10000 	D:\Proyecto Terminal\openjfx-22.0.1_windows-x64_bin-sdk\javafx-sdk-22.0.1\bin\api-ms-win-crt-private-l1-1-0.dll
0x000001f9cde10000 - 0x000001f9cde13000 	D:\Proyecto Terminal\openjfx-22.0.1_windows-x64_bin-sdk\javafx-sdk-22.0.1\bin\api-ms-win-crt-process-l1-1-0.dll
0x000001f9cde20000 - 0x000001f9cde24000 	D:\Proyecto Terminal\openjfx-22.0.1_windows-x64_bin-sdk\javafx-sdk-22.0.1\bin\api-ms-win-crt-runtime-l1-1-0.dll
0x000001f9cde30000 - 0x000001f9cde34000 	D:\Proyecto Terminal\openjfx-22.0.1_windows-x64_bin-sdk\javafx-sdk-22.0.1\bin\api-ms-win-crt-stdio-l1-1-0.dll
0x000001f9cde40000 - 0x000001f9cde44000 	D:\Proyecto Terminal\openjfx-22.0.1_windows-x64_bin-sdk\javafx-sdk-22.0.1\bin\api-ms-win-crt-string-l1-1-0.dll
0x000001f9cde50000 - 0x000001f9cde53000 	D:\Proyecto Terminal\openjfx-22.0.1_windows-x64_bin-sdk\javafx-sdk-22.0.1\bin\api-ms-win-crt-time-l1-1-0.dll
0x000001f9cde60000 - 0x000001f9cde63000 	D:\Proyecto Terminal\openjfx-22.0.1_windows-x64_bin-sdk\javafx-sdk-22.0.1\bin\api-ms-win-crt-utility-l1-1-0.dll
0x00007ff9598e0000 - 0x00007ff9599dc000 	D:\Proyecto Terminal\openjfx-22.0.1_windows-x64_bin-sdk\javafx-sdk-22.0.1\bin\ucrtbase.dll
0x00007ff95aba0000 - 0x00007ff95abbb000 	D:\Proyecto Terminal\openjfx-22.0.1_windows-x64_bin-sdk\javafx-sdk-22.0.1\bin\vcruntime140.dll
0x00007ff95b100000 - 0x00007ff95b10c000 	D:\Proyecto Terminal\openjfx-22.0.1_windows-x64_bin-sdk\javafx-sdk-22.0.1\bin\vcruntime140_1.dll
0x00007ff959e50000 - 0x00007ff959ede000 	D:\Proyecto Terminal\openjfx-22.0.1_windows-x64_bin-sdk\javafx-sdk-22.0.1\bin\msvcp140.dll
0x00007ff95ae70000 - 0x00007ff95ae79000 	D:\Proyecto Terminal\openjfx-22.0.1_windows-x64_bin-sdk\javafx-sdk-22.0.1\bin\msvcp140_1.dll
0x00007ff959e00000 - 0x00007ff959e41000 	D:\Proyecto Terminal\openjfx-22.0.1_windows-x64_bin-sdk\javafx-sdk-22.0.1\bin\msvcp140_2.dll
0x00007ff95ab70000 - 0x00007ff95aba0000 	D:\Proyecto Terminal\openjfx-22.0.1_windows-x64_bin-sdk\javafx-sdk-22.0.1\bin\prism_d3d.dll
0x00007ff926bb0000 - 0x00007ff926d56000 	C:\WINDOWS\system32\d3d9.dll
0x00007ff966790000 - 0x00007ff9667be000 	C:\WINDOWS\SYSTEM32\dwmapi.dll
0x00007ff966740000 - 0x00007ff966787000 	C:\WINDOWS\SYSTEM32\dxcore.dll
0x00007ff966440000 - 0x00007ff9664ed000 	C:\WINDOWS\system32\uxtheme.dll
0x00007ff960400000 - 0x00007ff9605dd000 	C:\WINDOWS\System32\DriverStore\FileRepository\u0355756.inf_amd64_5146fc3a012e7afa\B354291\aticfx64.dll
0x00007ff926b80000 - 0x00007ff926bb0000 	C:\WINDOWS\System32\DriverStore\FileRepository\u0355756.inf_amd64_5146fc3a012e7afa\B354291\atiu9p64.dll
0x00007ff925a20000 - 0x00007ff9266eb000 	C:\WINDOWS\System32\DriverStore\FileRepository\u0355756.inf_amd64_5146fc3a012e7afa\B354291\atiumd64.dll
0x00007ff96a5a0000 - 0x00007ff96a739000 	C:\WINDOWS\System32\ole32.dll
0x0000000073870000 - 0x00000000745f3000 	C:\WINDOWS\System32\DriverStore\FileRepository\u0355756.inf_amd64_5146fc3a012e7afa\B354291\atiumd6a.dll
0x00007ff966570000 - 0x00007ff9665cc000 	C:\WINDOWS\SYSTEM32\directxdatabasehelper.dll
0x00007ff959860000 - 0x00007ff9598a5000 	D:\Proyecto Terminal\openjfx-22.0.1_windows-x64_bin-sdk\javafx-sdk-22.0.1\bin\glass.dll
0x00007ff96a8b0000 - 0x00007ff96a99d000 	C:\WINDOWS\System32\COMDLG32.dll
0x00007ff904840000 - 0x00007ff90489e000 	C:\Program Files\Huawei\PCManager\plugins\PerfWndMonModule.dll
0x00007ff96b240000 - 0x00007ff96b39c000 	C:\WINDOWS\System32\MSCTF.dll
0x00007ff96c390000 - 0x00007ff96c438000 	C:\WINDOWS\System32\clbcatq.dll
0x00007ff95c0f0000 - 0x00007ff95c245000 	C:\Windows\System32\Windows.UI.dll
0x00007ff93fc90000 - 0x00007ff93fddc000 	C:\Windows\System32\Windows.UI.Immersive.dll
0x00007ff959ca0000 - 0x00007ff959cb5000 	D:\Proyecto Terminal\openjfx-22.0.1_windows-x64_bin-sdk\javafx-sdk-22.0.1\bin\javafx_font.dll
0x00007ff965b40000 - 0x00007ff965da5000 	C:\WINDOWS\SYSTEM32\dwrite.dll
0x00007ff965de0000 - 0x00007ff96600e000 	C:\WINDOWS\SYSTEM32\WindowsCodecs.dll
0x00007ff95a060000 - 0x00007ff95a0ba000 	C:\WINDOWS\system32\dataexchange.dll
0x00007ff95db90000 - 0x00007ff95ddc7000 	C:\WINDOWS\system32\twinapi.appcore.dll
0x00007ff959c10000 - 0x00007ff959c3c000 	C:\Program Files\Common Files\Microsoft Shared\Ink\rtscom.dll
0x00007ff958990000 - 0x00007ff958ad6000 	C:\WINDOWS\SYSTEM32\textinputframework.dll
0x00007ff962970000 - 0x00007ff962a95000 	C:\WINDOWS\SYSTEM32\CoreMessaging.dll
0x00007ff9607e0000 - 0x00007ff960ac3000 	C:\WINDOWS\SYSTEM32\CoreUIComponents.dll
0x00007ff964460000 - 0x00007ff9645c8000 	C:\WINDOWS\SYSTEM32\wintypes.dll
0x00007ff968f90000 - 0x00007ff968f9c000 	C:\WINDOWS\SYSTEM32\CRYPTBASE.DLL
0x00007ff959830000 - 0x00007ff95985d000 	D:\Proyecto Terminal\openjfx-22.0.1_windows-x64_bin-sdk\javafx-sdk-22.0.1\bin\javafx_iio.dll
0x00007ff965500000 - 0x00007ff965b3a000 	C:\WINDOWS\SYSTEM32\d2d1.dll
0x00007ff966150000 - 0x00007ff9663ad000 	C:\WINDOWS\SYSTEM32\d3d11.dll

dbghelp: loaded successfully - version: 4.0.5 - missing functions: none
symbol engine: initialized successfully - sym options: 0x614 - pdb path: .;C:\Users\diego\.jdks\corretto-17.0.13\bin;C:\WINDOWS\SYSTEM32;C:\WINDOWS\WinSxS\amd64_microsoft.windows.common-controls_6595b64144ccf1df_6.0.26100.2454_none_3e0b68a2e331ad60;C:\Users\diego\.jdks\corretto-17.0.13\bin\server;D:\Proyecto Terminal\openjfx-22.0.1_windows-x64_bin-sdk\javafx-sdk-22.0.1\bin;C:\WINDOWS\System32\DriverStore\FileRepository\u0355756.inf_amd64_5146fc3a012e7afa\B354291;C:\Program Files\Huawei\PCManager\plugins;C:\Program Files\Common Files\Microsoft Shared\Ink

VM Arguments:
jvm_args: -agentlib:jdwp=transport=dt_socket,address=127.0.0.1:2016,suspend=y,server=n --module-path=D:\Proyecto Terminal\openjfx-22.0.1_windows-x64_bin-sdk\javafx-sdk-22.0.1\lib --add-modules=javafx.controls,javafx.fxml -javaagent:C:\Users\diego\AppData\Local\JetBrains\IntelliJIdea2024.1\captureAgent\debugger-agent.jar -Dfile.encoding=UTF-8 
java_command: optiuam.bc.controller.OptiUAM24
java_class_path (initial): D:\Proyecto Terminal\C鏚igo\OptiUAM24\OptiUAM\out\production\OptiUAM;D:\Proyecto Terminal\C鏚igo\OptiUAM24\OptiUAM\Librerias\jcommon-1.0.23.jar;D:\Proyecto Terminal\C鏚igo\OptiUAM24\OptiUAM\Librerias\jfreechart-1.0.19.jar;D:\Proyecto Terminal\openjfx-22.0.1_windows-x64_bin-sdk\javafx-sdk-22.0.1\lib\javafx-swt.jar;D:\Proyecto Terminal\openjfx-22.0.1_windows-x64_bin-sdk\javafx-sdk-22.0.1\lib\javafx.base.jar;D:\Proyecto Terminal\openjfx-22.0.1_windows-x64_bin-sdk\javafx-sdk-22.0.1\lib\javafx.controls.jar;D:\Proyecto Terminal\openjfx-22.0.1_windows-x64_bin-sdk\javafx-sdk-22.0.1\lib\javafx.fxml.jar;D:\Proyecto Terminal\openjfx-22.0.1_windows-x64_bin-sdk\javafx-sdk-22.0.1\lib\javafx.graphics.jar;D:\Proyecto Terminal\openjfx-22.0.1_windows-x64_bin-sdk\javafx-sdk-22.0.1\lib\javafx.media.jar;D:\Proyecto Terminal\openjfx-22.0.1_windows-x64_bin-sdk\javafx-sdk-22.0.1\lib\javafx.swing.jar;D:\Proyecto Terminal\openjfx-22.0.1_windows-x64_bin-sdk\javafx-sdk-22.0.1\lib\javafx.web.jar;D:\Proyecto Terminal\openjfx-22.0.1_windows-x64_bin-sdk.zip;D:\Proyecto Terminal\commons-math3-3.6.1\commons-math3-3.6.1-tests.jar;D:\Proyecto Terminal\commons-math3-3.6.1\commons-math3-3.6.1-tools.jar;D:\Proyecto Terminal\commons-math3-3.6.1\commons-math3-3.6.1.jar;C:\Program Files\JetBrains\IntelliJ IDEA 2024.1.3\lib\idea_rt.jar
Launcher Type: SUN_STANDARD

[Global flags]
     intx CICompilerCount                          = 4                                         {product} {ergonomic}
     uint ConcGCThreads                            = 2                                         {product} {ergonomic}
     uint G1ConcRefinementThreads                  = 8                                         {product} {ergonomic}
   size_t G1HeapRegionSize                         = 1048576                                   {product} {ergonomic}
    uintx GCDrainStackTargetSize                   = 64                                        {product} {ergonomic}
   size_t InitialHeapSize                          = 117440512                                 {product} {ergonomic}
   size_t MarkStackSize                            = 4194304                                   {product} {ergonomic}
   size_t MaxHeapSize                              = 1862270976                                {product} {ergonomic}
   size_t MaxNewSize                               = 1116733440                                {product} {ergonomic}
   size_t MinHeapDeltaBytes                        = 1048576                                   {product} {ergonomic}
   size_t MinHeapSize                              = 8388608                                   {product} {ergonomic}
    uintx NonNMethodCodeHeapSize                   = 5839372                                {pd product} {ergonomic}
    uintx NonProfiledCodeHeapSize                  = 122909434                              {pd product} {ergonomic}
    uintx ProfiledCodeHeapSize                     = 122909434                              {pd product} {ergonomic}
    uintx ReservedCodeCacheSize                    = 251658240                              {pd product} {ergonomic}
     bool SegmentedCodeCache                       = true                                      {product} {ergonomic}
   size_t SoftMaxHeapSize                          = 1862270976                             {manageable} {ergonomic}
     bool UseCompressedClassPointers               = true                           {product lp64_product} {ergonomic}
     bool UseCompressedOops                        = true                           {product lp64_product} {ergonomic}
     bool UseG1GC                                  = true                                      {product} {ergonomic}
     bool UseLargePagesIndividualAllocation        = false                                  {pd product} {ergonomic}

Logging:
Log output configuration:
 #0: stdout all=off uptime,level,tags
 #1: stderr all=off uptime,level,tags

Environment Variables:
PATH=C:\Program Files\Common Files\Oracle\Java\javapath;C:\Users\diego\Desktop\oracle\bin;C:\WINDOWS\system32;C:\WINDOWS;C:\WINDOWS\System32\Wbem;C:\WINDOWS\System32\WindowsPowerShell\v1.0\;C:\WINDOWS\System32\OpenSSH\;C:\Program Files\Git\cmd;C:\Strawberry\c\bin;C:\Strawberry\perl\site\bin;C:\Strawberry\perl\bin;C:\Users\diego\AppData\Local\Programs\Python\Launcher\;C:\Users\diego\AppData\Local\Microsoft\WindowsApps;C:\Program Files\JetBrains\IntelliJ IDEA 2024.1.3\bin;;C:\Users\diego\AppData\Local\GitHubDesktop\bin;C:\Program Files\JetBrains\PyCharm 2024.1.4\bin;;C:\Users\diego\AppData\Local\Programs\Microsoft VS Code\bin;C:\Users\diego\AppData\Local\Programs\MiKTeX\miktex\bin\x64\;C:\Program Files\JetBrains\PyCharm Community Edition 2024.3\bin;;
USERNAME=diego
OS=Windows_NT
PROCESSOR_IDENTIFIER=AMD64 Family 23 Model 24 Stepping 1, AuthenticAMD
TMP=C:\Users\diego\AppData\Local\Temp
TEMP=C:\Users\diego\AppData\Local\Temp



Periodic native trim disabled


---------------  S Y S T E M  ---------------

OS:
 Windows 11 , 64 bit Build 26100 (10.0.26100.2454)
OS uptime: 3 days 16:01 hours

CPU: total 8 (initial active 8) (8 cores per cpu, 2 threads per core) family 23 model 24 stepping 1 microcode 0x8108109, cx8, cmov, fxsr, ht, mmx, 3dnowpref, sse, sse2, sse3, ssse3, sse4a, sse4.1, sse4.2, popcnt, lzcnt, tsc, tscinvbit, avx, avx2, aes, clmul, bmi1, bmi2, adx, sha, fma, vzeroupper, clflush, clflushopt
Processor Information for all 8 processors :
  Max Mhz: 2100, Current Mhz: 2100, Mhz Limit: 2100

Memory: 4k page, system-wide physical 7103M (1082M free)
TotalPageFile size 15807M (AvailPageFile size 2721M)
current process WorkingSet (physical memory assigned to process): 271M, peak: 357M
current process commit charge ("private bytes"): 384M, peak: 471M

vm_info: OpenJDK 64-Bit Server VM (17.0.13+11-LTS) for windows-amd64 JRE (17.0.13+11-LTS), built on Oct 10 2024 19:51:30 by "Administrator" with MS VC++ 16.10 / 16.11 (VS2019)

END.
