#
# A fatal error has been detected by the Java Runtime Environment:
#
#  EXCEPTION_ACCESS_VIOLATION (0xc0000005) at pc=0x00007ffebd7b82d7, pid=1340, tid=3604
#
# JRE version: OpenJDK Runtime Environment Corretto-17.0.13.11.1 (17.0.13+11) (build 17.0.13+11-LTS)
# Java VM: OpenJDK 64-Bit Server VM Corretto-17.0.13.11.1 (17.0.13+11-LTS, mixed mode, sharing, tiered, compressed oops, compressed class ptrs, g1 gc, windows-amd64)
# Problematic frame:
# C  [glass.dll+0x282d7]
#
# No core dump will be written. Minidumps are not enabled by default on client versions of Windows
#
# If you would like to submit a bug report, please visit:
#   https://github.com/corretto/corretto-17/issues/
#

---------------  S U M M A R Y ------------

Command Line: -agentlib:jdwp=transport=dt_socket,address=127.0.0.1:53263,suspend=y,server=n --module-path=D:\Proyecto Terminal\openjfx-22.0.1_windows-x64_bin-sdk\javafx-sdk-22.0.1\lib --add-modules=javafx.controls,javafx.fxml -javaagent:C:\Users\diego\AppData\Local\JetBrains\IntelliJIdea2024.1\captureAgent\debugger-agent.jar -Dfile.encoding=UTF-8 optiuam.bc.controller.OptiUAM24

Host: AMD Ryzen 5 3500U with Radeon Vega Mobile Gfx  , 8 cores, 6G,  Windows 11 , 64 bit Build 26100 (10.0.26100.2454)
Time: Sun Dec  8 17:33:52 2024 Hora estándar central (México) elapsed time: 200.291324 seconds (0d 0h 3m 20s)

---------------  T H R E A D  ---------------

Current thread (0x00000241cd7a9020):  VMThread "VM Thread" [stack: 0x000000c166d00000,0x000000c166e00000] [id=3604]

Stack: [0x000000c166d00000,0x000000c166e00000],  sp=0x000000c166dfef00,  free space=1019k
Native frames: (J=compiled Java code, j=interpreted, Vv=VM code, C=native code)
C  [glass.dll+0x282d7]


siginfo: EXCEPTION_ACCESS_VIOLATION (0xc0000005), reading address 0x0000000000000000


Registers:
RAX=0x0000000000000000, RBX=0x00000242142f0208, RCX=0x00000241cd7a9020, RDX=0x000000c166dfef00
RSP=0x000000c166dfef00, RBP=0x0000df5d67994b71, RSI=0x0000024213847648, RDI=0x0000024213847620
R8 =0x0000000000010002, R9 =0x0000df5d67994b71, R10=0x00000241ad980000, R11=0x000000c166dfedb0
R12=0x0000000000000001, R13=0x000000007ffe0385, R14=0x000000c166dff008, R15=0x0000024213847620
RIP=0x00007ffebd7b82d7, EFLAGS=0x0000000000010202


Register to memory mapping:

RIP=0x00007ffebd7b82d7 glass.dll
RAX=0x0 is NULL
RBX=0x00000242142f0208 is a global jni handle
RCX=0x00000241cd7a9020 points into unknown readable memory: 0x00007ffe8c232cc8 | c8 2c 23 8c fe 7f 00 00
RDX=0x000000c166dfef00 points into unknown readable memory: 0x0000000000000000 | 00 00 00 00 00 00 00 00
RSP=0x000000c166dfef00 points into unknown readable memory: 0x0000000000000000 | 00 00 00 00 00 00 00 00
RBP=0x0000df5d67994b71 is an unknown value
RSI=0x0000024213847648 points into unknown readable memory: 0x0000df5d67994b71 | 71 4b 99 67 5d df 00 00
RDI=0x0000024213847620 points into unknown readable memory: 0xadf0df5d98643187 | 87 31 64 98 5d df f0 ad
R8 =0x0000000000010002 is an unknown value
R9 =0x0000df5d67994b71 is an unknown value
R10=0x00000241ad980000 points into unknown readable memory: 0x0000000000000000 | 00 00 00 00 00 00 00 00
R11=0x000000c166dfedb0 points into unknown readable memory: 0x0000024213847620 | 20 76 84 13 42 02 00 00
R12=0x0000000000000001 is an unknown value
R13=0x000000007ffe0385 points into unknown readable memory: 00 00 00
R14=0x000000c166dff008 points into unknown readable memory: 0x000000c166dfeff0 | f0 ef df 66 c1 00 00 00
R15=0x0000024213847620 points into unknown readable memory: 0xadf0df5d98643187 | 87 31 64 98 5d df f0 ad


Top of Stack: (sp=0x000000c166dfef00)
0x000000c166dfef00:   0000000000000000 0000024200000000
0x000000c166dfef10:   0000024213a55c80 0000000000000001
0x000000c166dfef20:   0000024213847628 00007ffee002cf05
0x000000c166dfef30:   0000024213847620 0000024200000000
0x000000c166dfef40:   0000024213847640 0000df5d67994b71
0x000000c166dfef50:   fffffffffffffffe 0000000000000001
0x000000c166dfef60:   00007ffebd790000 00007ffebd790000
0x000000c166dfef70:   000000c166dfeff8 00007ffee002ce27
0x000000c166dfef80:   000000c166dff000 000000c166dff008
0x000000c166dfef90:   000000c166dff530 00007ffee01488c0
0x000000c166dfefa0:   0000000000000001 00007ffee002cddd
0x000000c166dfefb0:   0000000000000000 0000000000000001
0x000000c166dfefc0:   0000000000000001 000000c166dfeff8
0x000000c166dfefd0:   fffffffffffffffe 000000007ffe0384
0x000000c166dfefe0:   0000000000000001 00007ffebd7b5a6d
0x000000c166dfeff0:   00007ffebd7cd078 00007ffe00000002
0x000000c166dff000:   0000000000000002 000000c166dfeff0
0x000000c166dff010:   0000000000000000 0000000000000000
0x000000c166dff020:   0000000000000000 00007ffebd7b5b92
0x000000c166dff030:   0000000000000001 000000c166dff500
0x000000c166dff040:   0000000000000001 0000000000000001
0x000000c166dff050:   0000000000000001 00007ffedee3277e
0x000000c166dff060:   0000000000000001 000000000000008d
0x000000c166dff070:   0000000000000000 0000000000000001
0x000000c166dff080:   00007ffebd7b5be0 00007ffee247d860
0x000000c166dff090:   00007ffebd790000 00007ffe00000000
0x000000c166dff0a0:   0000000000000001 000000007ffe0384
0x000000c166dff0b0:   000000000000005e 0000000000000000
0x000000c166dff0c0:   0000000000000000 0000000000000000
0x000000c166dff0d0:   00007ffebd790000 fffffd3700000000
0x000000c166dff0e0:   000000000000008b 0000000000000000
0x000000c166dff0f0:   0000000000000000 00000241add56550 

Instructions: (pc=0x00007ffebd7b82d7)
0x00007ffebd7b81d7:   8b 4d 58 e8 49 cf ff ff 48 8b 4d 60 e8 40 cf ff
0x00007ffebd7b81e7:   ff 48 8b 95 80 00 00 00 48 8b 8d 18 01 00 00 e8
0x00007ffebd7b81f7:   26 c5 ff ff 33 d2 33 c9 e8 8c e1 ff ff 90 48 89
0x00007ffebd7b8207:   54 24 10 55 48 83 ec 20 48 8b ea 48 b8 00 00 00
0x00007ffebd7b8217:   00 00 00 00 00 48 83 c4 20 5d c3 cc 40 55 48 8b
0x00007ffebd7b8227:   ea 48 8b 01 33 c9 81 38 05 00 00 c0 0f 94 c1 8b
0x00007ffebd7b8237:   c1 5d c3 cc 40 55 48 83 ec 20 48 8b ea 8a 4d 40
0x00007ffebd7b8247:   48 83 c4 20 5d e9 33 d3 ff ff cc 40 55 48 83 ec
0x00007ffebd7b8257:   20 48 8b ea 8a 4d 20 e8 21 d3 ff ff 90 48 83 c4
0x00007ffebd7b8267:   20 5d c3 cc 40 55 48 83 ec 20 48 8b ea 48 83 c4
0x00007ffebd7b8277:   20 5d e9 82 d1 ff ff cc 40 55 48 83 ec 30 48 8b
0x00007ffebd7b8287:   ea 48 8b 01 8b 10 48 89 4c 24 28 89 54 24 20 4c
0x00007ffebd7b8297:   8d 0d 23 d6 ff ff 4c 8b 45 70 8b 55 68 48 8b 4d
0x00007ffebd7b82a7:   60 e8 c3 d0 ff ff 90 48 83 c4 30 5d c3 cc cc cc
0x00007ffebd7b82b7:   cc cc cc cc cc cc cc cc cc 40 53 48 83 ec 20 48
0x00007ffebd7b82c7:   8b 1d 6b 47 01 00 48 85 db 74 16 e8 39 90 ff ff
0x00007ffebd7b82d7:   4c 8b 00 48 8b d3 48 8b c8 41 ff 90 b0 00 00 00
0x00007ffebd7b82e7:   90 48 83 c4 20 5b c3 cc cc 40 53 48 83 ec 20 48
0x00007ffebd7b82f7:   8b 1d ab 48 01 00 48 85 db 74 57 b8 ff ff ff ff
0x00007ffebd7b8307:   f0 0f c1 43 10 83 f8 01 75 3d 48 85 db 74 38 48
0x00007ffebd7b8317:   8b 0b 48 85 c9 74 0d ff 15 8c 0f 00 00 48 c7 03
0x00007ffebd7b8327:   00 00 00 00 48 8b 4b 08 48 85 c9 74 0d e8 ef cd
0x00007ffebd7b8337:   ff ff 48 c7 43 08 00 00 00 00 ba 18 00 00 00 48
0x00007ffebd7b8347:   8b cb e8 da cd ff ff 48 c7 05 4f 48 01 00 00 00
0x00007ffebd7b8357:   00 00 48 83 c4 20 5b c3 cc 40 53 48 83 ec 20 48
0x00007ffebd7b8367:   8b 1d 1b 48 01 00 48 85 db 74 57 b8 ff ff ff ff
0x00007ffebd7b8377:   f0 0f c1 43 10 83 f8 01 75 3d 48 85 db 74 38 48
0x00007ffebd7b8387:   8b 0b 48 85 c9 74 0d ff 15 1c 0f 00 00 48 c7 03
0x00007ffebd7b8397:   00 00 00 00 48 8b 4b 08 48 85 c9 74 0d e8 7f cd
0x00007ffebd7b83a7:   ff ff 48 c7 43 08 00 00 00 00 ba 18 00 00 00 48
0x00007ffebd7b83b7:   8b cb e8 6a cd ff ff 48 c7 05 bf 47 01 00 00 00
0x00007ffebd7b83c7:   00 00 48 83 c4 20 5b c3 cc 40 53 48 83 ec 20 48 


Stack slot to memory mapping:
stack at sp + 0 slots: 0x0 is NULL
stack at sp + 1 slots: 0x0000024200000000 is an unknown value
stack at sp + 2 slots: 0x0000024213a55c80 points into unknown readable memory: 0x0000024213a563a0 | a0 63 a5 13 42 02 00 00
stack at sp + 3 slots: 0x0000000000000001 is an unknown value
stack at sp + 4 slots: 0x0000024213847628 points into unknown readable memory: 0x0000df5d67994b71 | 71 4b 99 67 5d df 00 00
stack at sp + 5 slots: 0x00007ffee002cf05 ucrtbase.dll
stack at sp + 6 slots: 0x0000024213847620 points into unknown readable memory: 0xadf0df5d98643187 | 87 31 64 98 5d df f0 ad
stack at sp + 7 slots: 0x0000024200000000 is an unknown value

VM_Operation (0x000000c1664ff440): Exit, mode: safepoint, requested by thread 0x0000024214bbeed0


---------------  P R O C E S S  ---------------

Threads class SMR info:
_java_thread_list=0x000002421efc5590, length=22, elements={
0x00000241afd48550, 0x00000241cd7ae470, 0x00000241cd7aef40, 0x00000241cd7c17a0,
0x00000241cd7c4080, 0x00000241cd7c4950, 0x00000241cd7c5220, 0x00000241cd7c93d0,
0x00000241cd7e4d20, 0x00000241cd7e5630, 0x00000241cd9df500, 0x00000242132e85d0,
0x000002421406a360, 0x00000241cdd2e2c0, 0x0000024214aea2d0, 0x0000024214aeebe0,
0x0000024213d5b380, 0x0000024213d5c070, 0x0000024214bbdfa0, 0x0000024214bbfe00,
0x0000024214bbeed0, 0x0000024224b43690
}

Java Threads: ( => current thread )
  0x00000241afd48550 JavaThread "main" [_thread_blocked, id=14488, stack(0x000000c166700000,0x000000c166800000)]
  0x00000241cd7ae470 JavaThread "Reference Handler" daemon [_thread_blocked, id=12524, stack(0x000000c166e00000,0x000000c166f00000)]
  0x00000241cd7aef40 JavaThread "Finalizer" daemon [_thread_blocked, id=1076, stack(0x000000c166f00000,0x000000c167000000)]
  0x00000241cd7c17a0 JavaThread "Signal Dispatcher" daemon [_thread_blocked, id=5236, stack(0x000000c167000000,0x000000c167100000)]
  0x00000241cd7c4080 JavaThread "Attach Listener" daemon [_thread_blocked, id=8460, stack(0x000000c167100000,0x000000c167200000)]
  0x00000241cd7c4950 JavaThread "Service Thread" daemon [_thread_blocked, id=4828, stack(0x000000c167200000,0x000000c167300000)]
  0x00000241cd7c5220 JavaThread "Monitor Deflation Thread" daemon [_thread_blocked, id=9144, stack(0x000000c167300000,0x000000c167400000)]
  0x00000241cd7c93d0 JavaThread "C2 CompilerThread0" daemon [_thread_blocked, id=2740, stack(0x000000c167400000,0x000000c167500000)]
  0x00000241cd7e4d20 JavaThread "C1 CompilerThread0" daemon [_thread_blocked, id=11940, stack(0x000000c167500000,0x000000c167600000)]
  0x00000241cd7e5630 JavaThread "Sweeper thread" daemon [_thread_blocked, id=3608, stack(0x000000c167600000,0x000000c167700000)]
  0x00000241cd9df500 JavaThread "Common-Cleaner" daemon [_thread_blocked, id=3172, stack(0x000000c167700000,0x000000c167800000)]
  0x00000242132e85d0 JavaThread "JDWP Event Helper Thread" daemon [_thread_blocked, id=12240, stack(0x000000c167b00000,0x000000c167c00000)]
  0x000002421406a360 JavaThread "Notification Thread" daemon [_thread_blocked, id=4584, stack(0x000000c167900000,0x000000c167a00000)]
  0x00000241cdd2e2c0 JavaThread "QuantumRenderer-0" daemon [_thread_blocked, id=4144, stack(0x000000c167800000,0x000000c167900000)]
  0x0000024214aea2d0 JavaThread "InvokeLaterDispatcher" daemon [_thread_blocked, id=4708, stack(0x000000c168000000,0x000000c168100000)]
  0x0000024214aeebe0 JavaThread "JavaFX Application Thread" [_thread_in_native, id=3252, stack(0x000000c168100000,0x000000c168200000)]
  0x0000024213d5b380 JavaThread "JavaFX-Launcher" [_thread_blocked, id=11148, stack(0x000000c168900000,0x000000c168a00000)]
  0x0000024213d5c070 JavaThread "Thread-2" daemon [_thread_in_native, id=10112, stack(0x000000c168800000,0x000000c168900000)]
  0x0000024214bbdfa0 JavaThread "Prism Font Disposer" daemon [_thread_blocked, id=10308, stack(0x000000c169300000,0x000000c169400000)]
  0x0000024214bbfe00 JavaThread "Cleaner-0" daemon [_thread_blocked, id=8744, stack(0x000000c169500000,0x000000c169600000)]
  0x0000024214bbeed0 JavaThread "SIGINT handler" daemon [_thread_blocked, id=4376, stack(0x000000c166400000,0x000000c166500000)]
  0x0000024224b43690 JavaThread "C2 CompilerThread1" daemon [_thread_blocked, id=4440, stack(0x000000c166500000,0x000000c166600000)]

Other Threads:
=>0x00000241cd7a9020 VMThread "VM Thread" [stack: 0x000000c166d00000,0x000000c166e00000] [id=3604]
  0x00000241afd9d290 GCTaskThread "GC Thread#0" [stack: 0x000000c166800000,0x000000c166900000] [id=10960]
  0x0000024213dd2810 GCTaskThread "GC Thread#1" [stack: 0x000000c168a00000,0x000000c168b00000] [id=8348]
  0x0000024213dd2ad0 GCTaskThread "GC Thread#2" [stack: 0x000000c168b00000,0x000000c168c00000] [id=6864]
  0x0000024213dd3da0 GCTaskThread "GC Thread#3" [stack: 0x000000c168c00000,0x000000c168d00000] [id=2804]
  0x0000024213dd4060 GCTaskThread "GC Thread#4" [stack: 0x000000c168d00000,0x000000c168e00000] [id=5504]
  0x0000024213dc9100 GCTaskThread "GC Thread#5" [stack: 0x000000c168e00000,0x000000c168f00000] [id=12360]
  0x0000024213de1f80 GCTaskThread "GC Thread#6" [stack: 0x000000c168f00000,0x000000c169000000] [id=2444]
  0x0000024213de2240 GCTaskThread "GC Thread#7" [stack: 0x000000c169000000,0x000000c169100000] [id=852]
  0x00000241afdadbd0 ConcurrentGCThread "G1 Main Marker" terminated
  0x00000241afdb0cb0 ConcurrentGCThread "G1 Conc#0" [stack: 0x000000c166a00000,0x000000c166b00000] [id=9456]
  0x0000024213910850 ConcurrentGCThread "G1 Conc#1" [stack: 0x000000c169100000,0x000000c169200000] [id=8540]
  0x00000241afdfded0 ConcurrentGCThread "G1 Refine#0" terminated
  0x00000241afdfe6b0 ConcurrentGCThread "G1 Service" terminated

Threads with active compile tasks:
C2 CompilerThread0  
[error occurred during error reporting (printing all threads), id 0xc0000005, EXCEPTION_ACCESS_VIOLATION (0xc0000005) at pc=0x00007ffe8c0365b3]

VM state: at safepoint (shutting down)

VM Mutex/Monitor currently owned by a thread:  ([mutex/lock_event])
[0x00000241afd42f50] Threads_lock - owner thread: 0x00000241cd7a9020
[0x00000241afd41e70] Heap_lock - owner thread: 0x0000024214bbeed0

Heap address: 0x0000000091000000, size: 1776 MB, Compressed Oops mode: 32-bit

CDS archive(s) mapped at: [0x00000241ce000000-0x00000241cebb0000-0x00000241cebb0000), size 12255232, SharedBaseAddress: 0x00000241ce000000, ArchiveRelocationMode: 1.
Compressed class space mapped at: 0x00000241cf000000-0x000002420f000000, reserved size: 1073741824
Narrow klass base: 0x00000241ce000000, Narrow klass shift: 0, Narrow klass range: 0x100000000

GC Precious Log:
 CPUs: 8 total, 8 available
 Memory: 7103M
 Large Page Support: Disabled
 NUMA Support: Disabled
 Compressed Oops: Enabled (32-bit)
 Heap Region Size: 1M
 Heap Min Capacity: 8M
 Heap Initial Capacity: 112M
 Heap Max Capacity: 1776M
 Pre-touch: Disabled
 Parallel Workers: 8
 Concurrent Workers: 2
 Concurrent Refinement Workers: 8
 Periodic GC: Disabled

Heap:
 garbage-first heap   total 109568K, used 47491K [0x0000000091000000, 0x0000000100000000)
  region size 1024K, 7 young (7168K), 1 survivors (1024K)
 Metaspace       used 22725K, committed 23040K, reserved 1114112K
  class space    used 3214K, committed 3392K, reserved 1048576K

Heap Regions: E=young(eden), S=young(survivor), O=old, HS=humongous(starts), HC=humongous(continues), CS=collection set, F=free, OA=open archive, CA=closed archive, TAMS=top-at-mark-start (previous, next)
|   0|0x0000000091000000, 0x0000000091100000, 0x0000000091100000|100%| O|  |TAMS 0x0000000091100000, 0x0000000091000000| Untracked 
|   1|0x0000000091100000, 0x0000000091200000, 0x0000000091200000|100%|HS|  |TAMS 0x0000000091100000, 0x0000000091100000| Complete 
|   2|0x0000000091200000, 0x0000000091200000, 0x0000000091300000|  0%| F|  |TAMS 0x0000000091200000, 0x0000000091200000| Untracked 
|   3|0x0000000091300000, 0x0000000091400000, 0x0000000091400000|100%|HS|  |TAMS 0x0000000091400000, 0x0000000091300000| Complete 
|   4|0x0000000091400000, 0x0000000091500000, 0x0000000091500000|100%| O|  |TAMS 0x000000009144c400, 0x0000000091400000| Untracked 
|   5|0x0000000091500000, 0x0000000091600000, 0x0000000091600000|100%|HS|  |TAMS 0x0000000091600000, 0x0000000091500000| Complete 
|   6|0x0000000091600000, 0x0000000091700000, 0x0000000091700000|100%|HC|  |TAMS 0x0000000091700000, 0x0000000091600000| Complete 
|   7|0x0000000091700000, 0x0000000091800000, 0x0000000091800000|100%|HC|  |TAMS 0x0000000091800000, 0x0000000091700000| Complete 
|   8|0x0000000091800000, 0x0000000091900000, 0x0000000091900000|100%|HC|  |TAMS 0x0000000091900000, 0x0000000091800000| Complete 
|   9|0x0000000091900000, 0x0000000091a00000, 0x0000000091a00000|100%|HC|  |TAMS 0x0000000091a00000, 0x0000000091900000| Complete 
|  10|0x0000000091a00000, 0x0000000091b00000, 0x0000000091b00000|100%|HC|  |TAMS 0x0000000091b00000, 0x0000000091a00000| Complete 
|  11|0x0000000091b00000, 0x0000000091c00000, 0x0000000091c00000|100%|HC|  |TAMS 0x0000000091c00000, 0x0000000091b00000| Complete 
|  12|0x0000000091c00000, 0x0000000091d00000, 0x0000000091d00000|100%|HC|  |TAMS 0x0000000091d00000, 0x0000000091c00000| Complete 
|  13|0x0000000091d00000, 0x0000000091e00000, 0x0000000091e00000|100%|HC|  |TAMS 0x0000000091e00000, 0x0000000091d00000| Complete 
|  14|0x0000000091e00000, 0x0000000091f00000, 0x0000000091f00000|100%|HC|  |TAMS 0x0000000091f00000, 0x0000000091e00000| Complete 
|  15|0x0000000091f00000, 0x0000000092000000, 0x0000000092000000|100%|HC|  |TAMS 0x0000000092000000, 0x0000000091f00000| Complete 
|  16|0x0000000092000000, 0x0000000092100000, 0x0000000092100000|100%|HC|  |TAMS 0x0000000092100000, 0x0000000092000000| Complete 
|  17|0x0000000092100000, 0x0000000092200000, 0x0000000092200000|100%|HC|  |TAMS 0x0000000092200000, 0x0000000092100000| Complete 
|  18|0x0000000092200000, 0x0000000092300000, 0x0000000092300000|100%| O|  |TAMS 0x0000000092200000, 0x0000000092200000| Untracked 
|  19|0x0000000092300000, 0x0000000092400000, 0x0000000092400000|100%|HS|  |TAMS 0x0000000092400000, 0x0000000092300000| Complete 
|  20|0x0000000092400000, 0x0000000092500000, 0x0000000092500000|100%|HC|  |TAMS 0x0000000092500000, 0x0000000092400000| Complete 
|  21|0x0000000092500000, 0x0000000092600000, 0x0000000092600000|100%|HS|  |TAMS 0x0000000092600000, 0x0000000092500000| Complete 
|  22|0x0000000092600000, 0x0000000092700000, 0x0000000092700000|100%| O|  |TAMS 0x0000000092600000, 0x0000000092600000| Untracked 
|  23|0x0000000092700000, 0x0000000092800000, 0x0000000092800000|100%| O|  |TAMS 0x0000000092700000, 0x0000000092700000| Untracked 
|  24|0x0000000092800000, 0x0000000092900000, 0x0000000092900000|100%| O|  |TAMS 0x0000000092800000, 0x0000000092800000| Untracked 
|  25|0x0000000092900000, 0x0000000092900000, 0x0000000092a00000|  0%| F|  |TAMS 0x0000000092900000, 0x0000000092900000| Untracked 
|  26|0x0000000092a00000, 0x0000000092b00000, 0x0000000092b00000|100%|HS|  |TAMS 0x0000000092a00000, 0x0000000092a00000| Complete 
|  27|0x0000000092b00000, 0x0000000092c00000, 0x0000000092c00000|100%| O|  |TAMS 0x0000000092b00000, 0x0000000092b00000| Untracked 
|  28|0x0000000092c00000, 0x0000000092d00000, 0x0000000092d00000|100%| O|  |TAMS 0x0000000092c00000, 0x0000000092c00000| Untracked 
|  29|0x0000000092d00000, 0x0000000092e00000, 0x0000000092e00000|100%| O|  |TAMS 0x0000000092d00000, 0x0000000092d00000| Untracked 
|  30|0x0000000092e00000, 0x0000000092f00000, 0x0000000092f00000|100%|HS|  |TAMS 0x0000000092e00000, 0x0000000092e00000| Complete 
|  31|0x0000000092f00000, 0x0000000093000000, 0x0000000093000000|100%| O|  |TAMS 0x0000000092f00000, 0x0000000092f00000| Untracked 
|  32|0x0000000093000000, 0x0000000093100000, 0x0000000093100000|100%|HS|  |TAMS 0x0000000093000000, 0x0000000093000000| Complete 
|  33|0x0000000093100000, 0x0000000093200000, 0x0000000093200000|100%| O|  |TAMS 0x0000000093100000, 0x0000000093100000| Untracked 
|  34|0x0000000093200000, 0x0000000093300000, 0x0000000093300000|100%| O|  |TAMS 0x0000000093200000, 0x0000000093200000| Untracked 
|  35|0x0000000093300000, 0x0000000093400000, 0x0000000093400000|100%| O|  |TAMS 0x0000000093300000, 0x0000000093300000| Untracked 
|  36|0x0000000093400000, 0x0000000093500000, 0x0000000093500000|100%| O|  |TAMS 0x0000000093400000, 0x0000000093400000| Untracked 
|  37|0x0000000093500000, 0x0000000093600000, 0x0000000093600000|100%| O|  |TAMS 0x0000000093500000, 0x0000000093500000| Untracked 
|  38|0x0000000093600000, 0x0000000093700000, 0x0000000093700000|100%| O|  |TAMS 0x0000000093600000, 0x0000000093600000| Untracked 
|  39|0x0000000093700000, 0x0000000093800000, 0x0000000093800000|100%| O|  |TAMS 0x0000000093700000, 0x0000000093700000| Untracked 
|  40|0x0000000093800000, 0x0000000093860e00, 0x0000000093900000| 37%| O|  |TAMS 0x0000000093800000, 0x0000000093800000| Untracked 
|  41|0x0000000093900000, 0x0000000093900000, 0x0000000093a00000|  0%| F|  |TAMS 0x0000000093900000, 0x0000000093900000| Untracked 
|  42|0x0000000093a00000, 0x0000000093a00000, 0x0000000093b00000|  0%| F|  |TAMS 0x0000000093a00000, 0x0000000093a00000| Untracked 
|  43|0x0000000093b00000, 0x0000000093b00000, 0x0000000093c00000|  0%| F|  |TAMS 0x0000000093b00000, 0x0000000093b00000| Untracked 
|  44|0x0000000093c00000, 0x0000000093c00000, 0x0000000093d00000|  0%| F|  |TAMS 0x0000000093c00000, 0x0000000093c00000| Untracked 
|  45|0x0000000093d00000, 0x0000000093d00000, 0x0000000093e00000|  0%| F|  |TAMS 0x0000000093d00000, 0x0000000093d00000| Untracked 
|  46|0x0000000093e00000, 0x0000000093e00000, 0x0000000093f00000|  0%| F|  |TAMS 0x0000000093e00000, 0x0000000093e00000| Untracked 
|  47|0x0000000093f00000, 0x0000000093f00000, 0x0000000094000000|  0%| F|  |TAMS 0x0000000093f00000, 0x0000000093f00000| Untracked 
|  48|0x0000000094000000, 0x0000000094000000, 0x0000000094100000|  0%| F|  |TAMS 0x0000000094000000, 0x0000000094000000| Untracked 
|  49|0x0000000094100000, 0x0000000094200000, 0x0000000094200000|100%| O|  |TAMS 0x0000000094100000, 0x0000000094100000| Untracked 
|  50|0x0000000094200000, 0x0000000094300000, 0x0000000094300000|100%| O|  |TAMS 0x0000000094200000, 0x0000000094200000| Untracked 
|  51|0x0000000094300000, 0x0000000094300000, 0x0000000094400000|  0%| F|  |TAMS 0x0000000094300000, 0x0000000094300000| Untracked 
|  52|0x0000000094400000, 0x0000000094400000, 0x0000000094500000|  0%| F|  |TAMS 0x0000000094400000, 0x0000000094400000| Untracked 
|  53|0x0000000094500000, 0x0000000094500000, 0x0000000094600000|  0%| F|  |TAMS 0x0000000094500000, 0x0000000094500000| Untracked 
|  54|0x0000000094600000, 0x0000000094600000, 0x0000000094700000|  0%| F|  |TAMS 0x0000000094600000, 0x0000000094600000| Untracked 
|  55|0x0000000094700000, 0x0000000094700000, 0x0000000094800000|  0%| F|  |TAMS 0x0000000094700000, 0x0000000094700000| Untracked 
|  56|0x0000000094800000, 0x0000000094800000, 0x0000000094900000|  0%| F|  |TAMS 0x0000000094800000, 0x0000000094800000| Untracked 
|  57|0x0000000094900000, 0x0000000094900000, 0x0000000094a00000|  0%| F|  |TAMS 0x0000000094900000, 0x0000000094900000| Untracked 
|  58|0x0000000094a00000, 0x0000000094a00000, 0x0000000094b00000|  0%| F|  |TAMS 0x0000000094a00000, 0x0000000094a00000| Untracked 
|  59|0x0000000094b00000, 0x0000000094b00000, 0x0000000094c00000|  0%| F|  |TAMS 0x0000000094b00000, 0x0000000094b00000| Untracked 
|  60|0x0000000094c00000, 0x0000000094c00000, 0x0000000094d00000|  0%| F|  |TAMS 0x0000000094c00000, 0x0000000094c00000| Untracked 
|  61|0x0000000094d00000, 0x0000000094d00000, 0x0000000094e00000|  0%| F|  |TAMS 0x0000000094d00000, 0x0000000094d00000| Untracked 
|  62|0x0000000094e00000, 0x0000000094e00000, 0x0000000094f00000|  0%| F|  |TAMS 0x0000000094e00000, 0x0000000094e00000| Untracked 
|  63|0x0000000094f00000, 0x0000000094f00000, 0x0000000095000000|  0%| F|  |TAMS 0x0000000094f00000, 0x0000000094f00000| Untracked 
|  64|0x0000000095000000, 0x0000000095000000, 0x0000000095100000|  0%| F|  |TAMS 0x0000000095000000, 0x0000000095000000| Untracked 
|  65|0x0000000095100000, 0x0000000095100000, 0x0000000095200000|  0%| F|  |TAMS 0x0000000095100000, 0x0000000095100000| Untracked 
|  66|0x0000000095200000, 0x0000000095200000, 0x0000000095300000|  0%| F|  |TAMS 0x0000000095200000, 0x0000000095200000| Untracked 
|  67|0x0000000095300000, 0x0000000095300000, 0x0000000095400000|  0%| F|  |TAMS 0x0000000095300000, 0x0000000095300000| Untracked 
|  68|0x0000000095400000, 0x0000000095400000, 0x0000000095500000|  0%| F|  |TAMS 0x0000000095400000, 0x0000000095400000| Untracked 
|  69|0x0000000095500000, 0x0000000095500000, 0x0000000095600000|  0%| F|  |TAMS 0x0000000095500000, 0x0000000095500000| Untracked 
|  70|0x0000000095600000, 0x0000000095600000, 0x0000000095700000|  0%| F|  |TAMS 0x0000000095600000, 0x0000000095600000| Untracked 
|  71|0x0000000095700000, 0x0000000095700000, 0x0000000095800000|  0%| F|  |TAMS 0x0000000095700000, 0x0000000095700000| Untracked 
|  72|0x0000000095800000, 0x0000000095800000, 0x0000000095900000|  0%| F|  |TAMS 0x0000000095800000, 0x0000000095800000| Untracked 
|  73|0x0000000095900000, 0x0000000095900000, 0x0000000095a00000|  0%| F|  |TAMS 0x0000000095900000, 0x0000000095900000| Untracked 
|  74|0x0000000095a00000, 0x0000000095a00000, 0x0000000095b00000|  0%| F|  |TAMS 0x0000000095a00000, 0x0000000095a00000| Untracked 
|  75|0x0000000095b00000, 0x0000000095b00000, 0x0000000095c00000|  0%| F|  |TAMS 0x0000000095b00000, 0x0000000095b00000| Untracked 
|  76|0x0000000095c00000, 0x0000000095c00000, 0x0000000095d00000|  0%| F|  |TAMS 0x0000000095c00000, 0x0000000095c00000| Untracked 
|  77|0x0000000095d00000, 0x0000000095d00000, 0x0000000095e00000|  0%| F|  |TAMS 0x0000000095d00000, 0x0000000095d00000| Untracked 
|  78|0x0000000095e00000, 0x0000000095e00000, 0x0000000095f00000|  0%| F|  |TAMS 0x0000000095e00000, 0x0000000095e00000| Untracked 
|  79|0x0000000095f00000, 0x0000000095f00000, 0x0000000096000000|  0%| F|  |TAMS 0x0000000095f00000, 0x0000000095f00000| Untracked 
|  80|0x0000000096000000, 0x0000000096000000, 0x0000000096100000|  0%| F|  |TAMS 0x0000000096000000, 0x0000000096000000| Untracked 
|  81|0x0000000096100000, 0x0000000096100000, 0x0000000096200000|  0%| F|  |TAMS 0x0000000096100000, 0x0000000096100000| Untracked 
|  82|0x0000000096200000, 0x0000000096200000, 0x0000000096300000|  0%| F|  |TAMS 0x0000000096200000, 0x0000000096200000| Untracked 
|  83|0x0000000096300000, 0x0000000096300000, 0x0000000096400000|  0%| F|  |TAMS 0x0000000096300000, 0x0000000096300000| Untracked 
|  84|0x0000000096400000, 0x0000000096400000, 0x0000000096500000|  0%| F|  |TAMS 0x0000000096400000, 0x0000000096400000| Untracked 
|  85|0x0000000096500000, 0x0000000096500000, 0x0000000096600000|  0%| F|  |TAMS 0x0000000096500000, 0x0000000096500000| Untracked 
|  86|0x0000000096600000, 0x0000000096600000, 0x0000000096700000|  0%| F|  |TAMS 0x0000000096600000, 0x0000000096600000| Untracked 
|  87|0x0000000096700000, 0x0000000096700000, 0x0000000096800000|  0%| F|  |TAMS 0x0000000096700000, 0x0000000096700000| Untracked 
|  88|0x0000000096800000, 0x0000000096800000, 0x0000000096900000|  0%| F|  |TAMS 0x0000000096800000, 0x0000000096800000| Untracked 
|  89|0x0000000096900000, 0x0000000096900000, 0x0000000096a00000|  0%| F|  |TAMS 0x0000000096900000, 0x0000000096900000| Untracked 
|  90|0x0000000096a00000, 0x0000000096a00000, 0x0000000096b00000|  0%| F|  |TAMS 0x0000000096a00000, 0x0000000096a00000| Untracked 
|  91|0x0000000096b00000, 0x0000000096b00000, 0x0000000096c00000|  0%| F|  |TAMS 0x0000000096b00000, 0x0000000096b00000| Untracked 
|  92|0x0000000096c00000, 0x0000000096c00000, 0x0000000096d00000|  0%| F|  |TAMS 0x0000000096c00000, 0x0000000096c00000| Untracked 
|  93|0x0000000096d00000, 0x0000000096d00000, 0x0000000096e00000|  0%| F|  |TAMS 0x0000000096d00000, 0x0000000096d00000| Untracked 
|  94|0x0000000096e00000, 0x0000000096e00000, 0x0000000096f00000|  0%| F|  |TAMS 0x0000000096e00000, 0x0000000096e00000| Untracked 
|  95|0x0000000096f00000, 0x0000000096f00000, 0x0000000097000000|  0%| F|  |TAMS 0x0000000096f00000, 0x0000000096f00000| Untracked 
|  96|0x0000000097000000, 0x0000000097000000, 0x0000000097100000|  0%| F|  |TAMS 0x0000000097000000, 0x0000000097000000| Untracked 
|  97|0x0000000097100000, 0x0000000097100000, 0x0000000097200000|  0%| F|  |TAMS 0x0000000097100000, 0x0000000097100000| Untracked 
|  98|0x0000000097200000, 0x0000000097200000, 0x0000000097300000|  0%| F|  |TAMS 0x0000000097200000, 0x0000000097200000| Untracked 
|  99|0x0000000097300000, 0x0000000097300000, 0x0000000097400000|  0%| F|  |TAMS 0x0000000097300000, 0x0000000097300000| Untracked 
| 100|0x0000000097400000, 0x00000000974614d0, 0x0000000097500000| 38%| E|  |TAMS 0x0000000097400000, 0x0000000097400000| Complete 
| 101|0x0000000097500000, 0x0000000097600000, 0x0000000097600000|100%| E|CS|TAMS 0x0000000097500000, 0x0000000097500000| Complete 
| 102|0x0000000097600000, 0x0000000097700000, 0x0000000097700000|100%| E|CS|TAMS 0x0000000097600000, 0x0000000097600000| Complete 
| 103|0x0000000097700000, 0x0000000097800000, 0x0000000097800000|100%| E|CS|TAMS 0x0000000097700000, 0x0000000097700000| Complete 
| 104|0x0000000097800000, 0x0000000097900000, 0x0000000097900000|100%| E|CS|TAMS 0x0000000097800000, 0x0000000097800000| Complete 
| 105|0x0000000097900000, 0x0000000097a00000, 0x0000000097a00000|100%| S|CS|TAMS 0x0000000097900000, 0x0000000097900000| Complete 
| 111|0x0000000097f00000, 0x0000000098000000, 0x0000000098000000|100%| E|CS|TAMS 0x0000000097f00000, 0x0000000097f00000| Complete 

Card table byte_map: [0x00000241c6f30000,0x00000241c72b0000] _byte_map_base: 0x00000241c6aa8000

Marking Bits (Prev, Next): (CMBitMap*) 0x00000241afd9d800, (CMBitMap*) 0x00000241afd9d7c0
 Prev Bits: [0x00000241c91f0000, 0x00000241cadb0000)
 Next Bits: [0x00000241c7630000, 0x00000241c91f0000)

Polling page: 0x00000241adc60000

Metaspace:

Usage:
  Non-class:     19.05 MB used.
      Class:      3.14 MB used.
       Both:     22.19 MB used.

Virtual space:
  Non-class space:       64.00 MB reserved,      19.19 MB ( 30%) committed,  1 nodes.
      Class space:        1.00 GB reserved,       3.31 MB ( <1%) committed,  1 nodes.
             Both:        1.06 GB reserved,      22.50 MB (  2%) committed. 

Chunk freelists:
   Non-Class:  12.72 MB
       Class:  12.50 MB
        Both:  25.22 MB

MaxMetaspaceSize: unlimited
CompressedClassSpaceSize: 1.00 GB
Initial GC threshold: 21.00 MB
Current GC threshold: 35.25 MB
CDS: on
MetaspaceReclaimPolicy: balanced
 - commit_granule_bytes: 65536.
 - commit_granule_words: 8192.
 - virtual_space_node_default_size: 8388608.
 - enlarge_chunks_in_place: 1.
 - new_chunks_are_fully_committed: 0.
 - uncommit_free_chunks: 1.
 - use_allocation_guard: 0.
 - handle_deallocations: 1.


Internal statistics:

num_allocs_failed_limit: 3.
num_arena_births: 410.
num_arena_deaths: 0.
num_vsnodes_births: 2.
num_vsnodes_deaths: 0.
num_space_committed: 360.
num_space_uncommitted: 0.
num_chunks_returned_to_freelist: 3.
num_chunks_taken_from_freelist: 1260.
num_chunk_merges: 3.
num_chunk_splits: 830.
num_chunks_enlarged: 574.
num_inconsistent_stats: 0.

CodeHeap 'non-profiled nmethods': size=120000Kb used=4174Kb max_used=4174Kb free=115825Kb
 bounds [0x00000241bf350000, 0x00000241bf770000, 0x00000241c6880000]
CodeHeap 'profiled nmethods': size=120000Kb used=12284Kb max_used=12284Kb free=107715Kb
 bounds [0x00000241b7880000, 0x00000241b8490000, 0x00000241bedb0000]
CodeHeap 'non-nmethods': size=5760Kb used=1522Kb max_used=1619Kb free=4237Kb
 bounds [0x00000241bedb0000, 0x00000241bf020000, 0x00000241bf350000]
 total_blobs=6476 nmethods=5653 adapters=735
 compilation: enabled
              stopped_count=0, restarted_count=0
 full_count=0

Compilation events (20 events):
Event: 83.851 Thread 0x00000241cd7c93d0 nmethod 6382 0x00000241bf763110 code [0x00000241bf763280, 0x00000241bf763338]
Event: 147.109 Thread 0x00000241cd7e4d20 6383       3       java.lang.StringConcatHelper::mix (11 bytes)
Event: 147.110 Thread 0x00000241cd7e4d20 nmethod 6383 0x00000241b847e310 code [0x00000241b847e4e0, 0x00000241b847e778]
Event: 199.617 Thread 0x00000241cd7c93d0 6384       4       com.sun.javafx.tk.quantum.QuantumToolkit::postPulse (133 bytes)
Event: 199.624 Thread 0x00000241cd7e4d20 6386       3       com.sun.glass.ui.View::handleViewEvent (18 bytes)
Event: 199.624 Thread 0x00000241cd7e4d20 nmethod 6386 0x00000241b847e890 code [0x00000241b847ea40, 0x00000241b847ec68]
Event: 199.624 Thread 0x00000241cd7e4d20 6387   !   3       com.sun.javafx.tk.quantum.GlassViewEventHandler::handleViewEvent (83 bytes)
Event: 199.625 Thread 0x00000241cd7e4d20 nmethod 6387 0x00000241b847ed90 code [0x00000241b847efa0, 0x00000241b847f698]
Event: 199.640 Thread 0x00000241cd7e4d20 6389       1       javafx.scene.control.DialogPane::expandedProperty (5 bytes)
Event: 199.640 Thread 0x00000241cd7e4d20 nmethod 6389 0x00000241bf763410 code [0x00000241bf7635a0, 0x00000241bf763678]
Event: 199.661 Thread 0x00000241cd7e4d20 6391       3       com.sun.javafx.scene.control.LabeledText$StyleablePropertyMirror::<init> (26 bytes)
Event: 199.661 Thread 0x00000241cd7e4d20 nmethod 6391 0x00000241b847fa10 code [0x00000241b847fbe0, 0x00000241b8480068]
Event: 199.662 Thread 0x00000241cd7e4d20 6392       3       javafx.scene.control.skin.LabeledSkinBase$$Lambda$268/0x00000241cf1da578::accept (12 bytes)
Event: 199.662 Thread 0x00000241cd7e4d20 nmethod 6392 0x00000241b8480210 code [0x00000241b84803c0, 0x00000241b8480658]
Event: 199.662 Thread 0x00000241cd7e4d20 6393       3       javafx.scene.control.skin.LabeledSkinBase::lambda$new$3 (6 bytes)
Event: 199.663 Thread 0x00000241cd7e4d20 nmethod 6393 0x00000241b8480790 code [0x00000241b8480920, 0x00000241b8480a38]
Event: 199.674 Thread 0x00000241cd7e4d20 6395       3       javafx.scene.Node$17::notifyListeners (21 bytes)
Event: 199.675 Thread 0x00000241cd7e4d20 nmethod 6395 0x00000241b8480b10 code [0x00000241b8480cc0, 0x00000241b8480eb8]
Event: 199.738 Thread 0x00000241cd7e4d20 6397       3       java.lang.Exception::<init> (6 bytes)
Event: 199.738 Thread 0x00000241cd7e4d20 nmethod 6397 0x00000241b8480f90 code [0x00000241b8481160, 0x00000241b8481588]

GC Heap History (10 events):
Event: 4.566 GC heap before
{Heap before GC invocations=0 (full 0):
 garbage-first heap   total 114688K, used 22528K [0x0000000091000000, 0x0000000100000000)
  region size 1024K, 23 young (23552K), 0 survivors (0K)
 Metaspace       used 4574K, committed 4800K, reserved 1114112K
  class space    used 515K, committed 640K, reserved 1048576K
}
Event: 4.569 GC heap after
{Heap after GC invocations=1 (full 0):
 garbage-first heap   total 114688K, used 3408K [0x0000000091000000, 0x0000000100000000)
  region size 1024K, 3 young (3072K), 3 survivors (3072K)
 Metaspace       used 4574K, committed 4800K, reserved 1114112K
  class space    used 515K, committed 640K, reserved 1048576K
}
Event: 7.617 GC heap before
{Heap before GC invocations=1 (full 0):
 garbage-first heap   total 114688K, used 40272K [0x0000000091000000, 0x0000000100000000)
  region size 1024K, 36 young (36864K), 3 survivors (3072K)
 Metaspace       used 10739K, committed 11008K, reserved 1114112K
  class space    used 1428K, committed 1536K, reserved 1048576K
}
Event: 7.622 GC heap after
{Heap after GC invocations=2 (full 0):
 garbage-first heap   total 114688K, used 8497K [0x0000000091000000, 0x0000000100000000)
  region size 1024K, 5 young (5120K), 5 survivors (5120K)
 Metaspace       used 10739K, committed 11008K, reserved 1114112K
  class space    used 1428K, committed 1536K, reserved 1048576K
}
Event: 16.651 GC heap before
{Heap before GC invocations=2 (full 0):
 garbage-first heap   total 114688K, used 85297K [0x0000000091000000, 0x0000000100000000)
  region size 1024K, 63 young (64512K), 5 survivors (5120K)
 Metaspace       used 21254K, committed 21504K, reserved 1114112K
  class space    used 3092K, committed 3264K, reserved 1048576K
}
Event: 16.664 GC heap after
{Heap after GC invocations=3 (full 0):
 garbage-first heap   total 114688K, used 31267K [0x0000000091000000, 0x0000000100000000)
  region size 1024K, 9 young (9216K), 9 survivors (9216K)
 Metaspace       used 21254K, committed 21504K, reserved 1114112K
  class space    used 3092K, committed 3264K, reserved 1048576K
}
Event: 55.170 GC heap before
{Heap before GC invocations=4 (full 0):
 garbage-first heap   total 109568K, used 90659K [0x0000000091000000, 0x0000000100000000)
  region size 1024K, 56 young (57344K), 9 survivors (9216K)
 Metaspace       used 22544K, committed 22912K, reserved 1114112K
  class space    used 3189K, committed 3392K, reserved 1048576K
}
Event: 55.182 GC heap after
{Heap after GC invocations=5 (full 0):
 garbage-first heap   total 109568K, used 42165K [0x0000000091000000, 0x0000000100000000)
  region size 1024K, 7 young (7168K), 7 survivors (7168K)
 Metaspace       used 22544K, committed 22912K, reserved 1114112K
  class space    used 3189K, committed 3392K, reserved 1048576K
}
Event: 55.610 GC heap before
{Heap before GC invocations=5 (full 0):
 garbage-first heap   total 109568K, used 44213K [0x0000000091000000, 0x0000000100000000)
  region size 1024K, 8 young (8192K), 7 survivors (7168K)
 Metaspace       used 22564K, committed 22912K, reserved 1114112K
  class space    used 3189K, committed 3392K, reserved 1048576K
}
Event: 55.614 GC heap after
{Heap after GC invocations=6 (full 0):
 garbage-first heap   total 109568K, used 42371K [0x0000000091000000, 0x0000000100000000)
  region size 1024K, 1 young (1024K), 1 survivors (1024K)
 Metaspace       used 22564K, committed 22912K, reserved 1114112K
  class space    used 3189K, committed 3392K, reserved 1048576K
}

Dll operation events (20 events):
Event: 2.858 Loaded shared library D:\Proyecto Terminal\openjfx-22.0.1_windows-x64_bin-sdk\javafx-sdk-22.0.1\bin\api-ms-win-crt-math-l1-1-0.dll
Event: 2.889 Loaded shared library D:\Proyecto Terminal\openjfx-22.0.1_windows-x64_bin-sdk\javafx-sdk-22.0.1\bin\api-ms-win-crt-multibyte-l1-1-0.dll
Event: 2.920 Loaded shared library D:\Proyecto Terminal\openjfx-22.0.1_windows-x64_bin-sdk\javafx-sdk-22.0.1\bin\api-ms-win-crt-private-l1-1-0.dll
Event: 2.949 Loaded shared library D:\Proyecto Terminal\openjfx-22.0.1_windows-x64_bin-sdk\javafx-sdk-22.0.1\bin\api-ms-win-crt-process-l1-1-0.dll
Event: 2.977 Loaded shared library D:\Proyecto Terminal\openjfx-22.0.1_windows-x64_bin-sdk\javafx-sdk-22.0.1\bin\api-ms-win-crt-runtime-l1-1-0.dll
Event: 3.004 Loaded shared library D:\Proyecto Terminal\openjfx-22.0.1_windows-x64_bin-sdk\javafx-sdk-22.0.1\bin\api-ms-win-crt-stdio-l1-1-0.dll
Event: 3.033 Loaded shared library D:\Proyecto Terminal\openjfx-22.0.1_windows-x64_bin-sdk\javafx-sdk-22.0.1\bin\api-ms-win-crt-string-l1-1-0.dll
Event: 3.063 Loaded shared library D:\Proyecto Terminal\openjfx-22.0.1_windows-x64_bin-sdk\javafx-sdk-22.0.1\bin\api-ms-win-crt-time-l1-1-0.dll
Event: 3.099 Loaded shared library D:\Proyecto Terminal\openjfx-22.0.1_windows-x64_bin-sdk\javafx-sdk-22.0.1\bin\api-ms-win-crt-utility-l1-1-0.dll
Event: 3.166 Loaded shared library D:\Proyecto Terminal\openjfx-22.0.1_windows-x64_bin-sdk\javafx-sdk-22.0.1\bin\ucrtbase.dll
Event: 3.203 Loaded shared library D:\Proyecto Terminal\openjfx-22.0.1_windows-x64_bin-sdk\javafx-sdk-22.0.1\bin\vcruntime140.dll
Event: 3.250 Loaded shared library D:\Proyecto Terminal\openjfx-22.0.1_windows-x64_bin-sdk\javafx-sdk-22.0.1\bin\vcruntime140_1.dll
Event: 3.299 Loaded shared library D:\Proyecto Terminal\openjfx-22.0.1_windows-x64_bin-sdk\javafx-sdk-22.0.1\bin\msvcp140.dll
Event: 3.336 Loaded shared library D:\Proyecto Terminal\openjfx-22.0.1_windows-x64_bin-sdk\javafx-sdk-22.0.1\bin\msvcp140_1.dll
Event: 4.090 Loaded shared library D:\Proyecto Terminal\openjfx-22.0.1_windows-x64_bin-sdk\javafx-sdk-22.0.1\bin\msvcp140_2.dll
Event: 4.197 Loaded shared library D:\Proyecto Terminal\openjfx-22.0.1_windows-x64_bin-sdk\javafx-sdk-22.0.1\bin\prism_d3d.dll
Event: 4.332 Loaded shared library D:\Proyecto Terminal\openjfx-22.0.1_windows-x64_bin-sdk\javafx-sdk-22.0.1\bin\glass.dll
Event: 4.515 Loaded shared library C:\Users\diego\.jdks\corretto-17.0.13\bin\jimage.dll
Event: 5.313 Loaded shared library D:\Proyecto Terminal\openjfx-22.0.1_windows-x64_bin-sdk\javafx-sdk-22.0.1\bin\javafx_font.dll
Event: 10.838 Loaded shared library D:\Proyecto Terminal\openjfx-22.0.1_windows-x64_bin-sdk\javafx-sdk-22.0.1\bin\javafx_iio.dll

Deoptimization events (20 events):
Event: 55.158 Thread 0x0000024214aeebe0 DEOPT PACKING pc=0x00000241b7a60b5c sp=0x000000c1681fc910
Event: 55.158 Thread 0x0000024214aeebe0 DEOPT UNPACKING pc=0x00000241bee07143 sp=0x000000c1681fbdd8 mode 1
Event: 55.183 Thread 0x0000024214aeebe0 Uncommon trap: trap_request=0xffffff45 fr.pc=0x00000241bf4b8d18 relative=0x0000000000000678
Event: 55.183 Thread 0x0000024214aeebe0 Uncommon trap: reason=unstable_if action=reinterpret pc=0x00000241bf4b8d18 method=java.util.WeakHashMap.expungeStaleEntries()V @ 9 c2
Event: 55.183 Thread 0x0000024214aeebe0 DEOPT PACKING pc=0x00000241bf4b8d18 sp=0x000000c1681fbe80
Event: 55.183 Thread 0x0000024214aeebe0 DEOPT UNPACKING pc=0x00000241bee069a3 sp=0x000000c1681fbcd8 mode 2
Event: 55.237 Thread 0x00000241cdd2e2c0 Uncommon trap: trap_request=0xffffff45 fr.pc=0x00000241bf687ebc relative=0x000000000000009c
Event: 55.237 Thread 0x00000241cdd2e2c0 Uncommon trap: reason=unstable_if action=reinterpret pc=0x00000241bf687ebc method=com.sun.prism.impl.ManagedResource._isgone(Lcom/sun/prism/impl/ManagedResource;)Z @ 1 c2
Event: 55.237 Thread 0x00000241cdd2e2c0 DEOPT PACKING pc=0x00000241bf687ebc sp=0x000000c1678fed30
Event: 55.237 Thread 0x00000241cdd2e2c0 DEOPT UNPACKING pc=0x00000241bee069a3 sp=0x000000c1678fecc8 mode 2
Event: 199.737 Thread 0x0000024214bbe9c0 Uncommon trap: trap_request=0xffffff45 fr.pc=0x00000241bf649844 relative=0x00000000000000c4
Event: 199.737 Thread 0x0000024214bbe9c0 Uncommon trap: reason=unstable_if action=reinterpret pc=0x00000241bf649844 method=java.util.concurrent.locks.ReentrantLock$Sync.tryRelease(I)Z @ 26 c2
Event: 199.737 Thread 0x0000024214bbe9c0 DEOPT PACKING pc=0x00000241bf649844 sp=0x000000c1666fedc0
Event: 199.737 Thread 0x0000024214bbe9c0 DEOPT UNPACKING pc=0x00000241bee069a3 sp=0x000000c1666fed70 mode 2
Event: 199.737 Thread 0x00000241cdd2e2c0 DEOPT PACKING pc=0x00000241b8251c44 sp=0x000000c1678ff0c0
Event: 199.737 Thread 0x00000241cdd2e2c0 DEOPT UNPACKING pc=0x00000241bee07143 sp=0x000000c1678fe5e8 mode 1
Event: 199.737 Thread 0x00000241cdd2e2c0 DEOPT PACKING pc=0x00000241b7dad4bc sp=0x000000c1678ff250
Event: 199.737 Thread 0x00000241cdd2e2c0 DEOPT UNPACKING pc=0x00000241bee07143 sp=0x000000c1678fe710 mode 1
Event: 199.738 Thread 0x0000024214bbe9c0 DEOPT PACKING pc=0x00000241bf4efbcc sp=0x000000c1666ff120
Event: 199.738 Thread 0x0000024214bbe9c0 DEOPT UNPACKING pc=0x00000241bee07143 sp=0x000000c1666fe540 mode 1

Classes loaded (20 events):
Event: 44.590 Loading class optiuam/bc/model/ElementoGrafico
Event: 44.590 Loading class optiuam/bc/model/ElementoGrafico done
Event: 44.590 Loading class optiuam/bc/model/ElementoGrafico
Event: 44.590 Loading class optiuam/bc/model/ElementoGrafico done
Event: 44.590 Loading class optiuam/bc/model/ElementoGrafico
Event: 44.590 Loading class optiuam/bc/model/ElementoGrafico done
Event: 44.590 Loading class optiuam/bc/model/ElementoGrafico
Event: 44.590 Loading class optiuam/bc/model/ElementoGrafico done
Event: 44.591 Loading class optiuam/bc/controller/VentanaFibraController
Event: 44.591 Loading class optiuam/bc/controller/VentanaFibraController done
Event: 44.591 Loading class optiuam/bc/model/ElementoGrafico
Event: 44.591 Loading class optiuam/bc/model/ElementoGrafico done
Event: 83.216 Loading class java/io/DataOutputStream
Event: 83.216 Loading class java/io/DataOutputStream done
Event: 199.733 Loading class jdk/internal/misc/Signal$1
Event: 199.733 Loading class jdk/internal/misc/Signal$1 done
Event: 199.736 Loading class com/sun/javafx/tk/quantum/QuantumRenderer
Event: 199.736 Loading class com/sun/javafx/tk/quantum/QuantumRenderer done
Event: 199.737 Loading class com/sun/javafx/tk/quantum/QuantumToolkit
Event: 199.737 Loading class com/sun/javafx/tk/quantum/QuantumToolkit done

Classes unloaded (0 events):
No events

Classes redefined (0 events):
No events

Internal exceptions (20 events):
Event: 8.912 Thread 0x0000024214aeebe0 Exception <a 'java/lang/NoSuchMethodError'{0x0000000096f9bb98}: 'void java.lang.invoke.DirectMethodHandle$Holder.invokeSpecialIFC(java.lang.Object, java.lang.Object, java.lang.Object, java.lang.Object)'> (0x0000000096f9bb98) 
thrown [s\src\hotspot\share\interpreter\linkResolver.cpp, line 759]
Event: 9.119 Thread 0x0000024214aeebe0 Exception <a 'java/lang/NoSuchMethodError'{0x0000000096854a20}: 'void java.lang.invoke.DirectMethodHandle$Holder.invokeSpecial(java.lang.Object, java.lang.Object, java.lang.Object, java.lang.Object, java.lang.Object, java.lang.Object)'> (0x0000000096854a20) 
thrown [s\src\hotspot\share\interpreter\linkResolver.cpp, line 759]
Event: 9.470 Thread 0x00000241cdd2e2c0 Exception <a 'java/lang/NoSuchMethodError'{0x00000000962ae958}: 'java.lang.Object java.lang.invoke.DirectMethodHandle$Holder.invokeStaticInit(java.lang.Object, int)'> (0x00000000962ae958) 
thrown [s\src\hotspot\share\interpreter\linkResolver.cpp, line 759]
Event: 10.714 Thread 0x0000024214aeebe0 Exception <a 'java/lang/NoSuchMethodError'{0x0000000095e25850}: 'long java.lang.invoke.DirectMethodHandle$Holder.invokeStatic(java.lang.Object, java.lang.Object, java.lang.Object)'> (0x0000000095e25850) 
thrown [s\src\hotspot\share\interpreter\linkResolver.cpp, line 759]
Event: 10.715 Thread 0x0000024214aeebe0 Exception <a 'java/lang/NoSuchMethodError'{0x0000000095e28ff8}: 'long java.lang.invoke.DirectMethodHandle$Holder.invokeStaticInit(java.lang.Object, java.lang.Object, java.lang.Object)'> (0x0000000095e28ff8) 
thrown [s\src\hotspot\share\interpreter\linkResolver.cpp, line 759]
Event: 10.719 Thread 0x0000024214aeebe0 Exception <a 'java/lang/NoSuchMethodError'{0x0000000095e40b78}: 'java.lang.Object java.lang.invoke.DirectMethodHandle$Holder.newInvokeSpecial(java.lang.Object, java.lang.Object, long)'> (0x0000000095e40b78) 
thrown [s\src\hotspot\share\interpreter\linkResolver.cpp, line 759]
Event: 10.720 Thread 0x0000024214aeebe0 Exception <a 'java/lang/NoSuchMethodError'{0x0000000095e446e8}: 'java.lang.Object java.lang.invoke.Invokers$Holder.linkToTargetMethod(java.lang.Object, long, java.lang.Object)'> (0x0000000095e446e8) 
thrown [s\src\hotspot\share\interpreter\linkResolver.cpp, line 759]
Event: 11.052 Thread 0x0000024214aeebe0 Exception <a 'java/lang/ClassNotFoundException'{0x00000000952c2bf8}: com/sun/javafx/scene/control/skin/resources/controls> (0x00000000952c2bf8) 
thrown [s\src\hotspot\share\prims\jni.cpp, line 535]
Event: 11.053 Thread 0x0000024214aeebe0 Exception <a 'java/lang/ClassNotFoundException'{0x00000000952d15a8}: com/sun/javafx/scene/control/skin/resources/controls_es> (0x00000000952d15a8) 
thrown [s\src\hotspot\share\prims\jni.cpp, line 535]
Event: 11.055 Thread 0x0000024214aeebe0 Exception <a 'java/lang/ClassNotFoundException'{0x00000000952df788}: com/sun/javafx/scene/control/skin/resources/controls_es_MX> (0x00000000952df788) 
thrown [s\src\hotspot\share\prims\jni.cpp, line 535]
Event: 11.115 Thread 0x0000024214aeebe0 Exception <a 'java/lang/NoSuchMethodError'{0x000000009506c220}: 'int java.lang.invoke.DirectMethodHandle$Holder.invokeSpecial(java.lang.Object, java.lang.Object, int)'> (0x000000009506c220) 
thrown [s\src\hotspot\share\interpreter\linkResolver.cpp, line 759]
Event: 11.362 Thread 0x0000024214aeebe0 Exception <a 'java/lang/NoSuchMethodError'{0x0000000094a780f8}: 'void java.lang.invoke.DirectMethodHandle$Holder.invokeVirtual(java.lang.Object, java.lang.Object)'> (0x0000000094a780f8) 
thrown [s\src\hotspot\share\interpreter\linkResolver.cpp, line 759]
Event: 12.672 Thread 0x0000024214aeebe0 Exception <a 'java/lang/NoSuchMethodError'{0x00000000949d9090}: 'java.lang.Object java.lang.invoke.DirectMethodHandle$Holder.newInvokeSpecial(java.lang.Object, java.lang.Object, int, int, int, int, int, java.lang.Object)'> (0x00000000949d9090) 
thrown [s\src\hotspot\share\interpreter\linkResolver.cpp, line 759]
Event: 12.675 Thread 0x0000024214aeebe0 Exception <a 'java/lang/NoSuchMethodError'{0x00000000949ec5b8}: 'java.lang.Object java.lang.invoke.DirectMethodHandle$Holder.newInvokeSpecial(java.lang.Object, java.lang.Object, java.lang.Object, int, int, int, int, int)'> (0x00000000949ec5b8) 
thrown [s\src\hotspot\share\interpreter\linkResolver.cpp, line 759]
Event: 12.677 Thread 0x0000024214aeebe0 Exception <a 'java/lang/NoSuchMethodError'{0x0000000094874840}: 'java.lang.Object java.lang.invoke.Invokers$Holder.linkToTargetMethod(java.lang.Object, java.lang.Object, int, int, int, int, int, java.lang.Object)'> (0x0000000094874840) 
thrown [s\src\hotspot\share\interpreter\linkResolver.cpp, line 759]
Event: 55.237 Thread 0x00000241cdd2e2c0 Implicit null exception at 0x00000241bf687e2c to 0x00000241bf687eac
Event: 83.227 Thread 0x0000024214aeebe0 Exception <a 'java/lang/NoSuchMethodError'{0x0000000097650510}: 'java.lang.Object java.lang.invoke.DirectMethodHandle$Holder.invokeSpecial(java.lang.Object, java.lang.Object, long, java.lang.Object, int, int, java.lang.Object, int, java.lang.Object)'> (0x0000000097650510) 
thrown [s\src\hotspot\share\interpreter\linkResolver.cpp, line 759]
Event: 83.228 Thread 0x0000024214aeebe0 Exception <a 'java/lang/NoSuchMethodError'{0x0000000097654770}: 'java.lang.Object java.lang.invoke.DelegatingMethodHandle$Holder.reinvoke_L(java.lang.Object, long, java.lang.Object, int, int, java.lang.Object, int, java.lang.Object)'> (0x0000000097654770) 
thrown [s\src\hotspot\share\interpreter\linkResolver.cpp, line 759]
Event: 83.238 Thread 0x0000024214aeebe0 Exception <a 'java/lang/NoSuchMethodError'{0x00000000976abfa8}: 'java.lang.Object java.lang.invoke.DirectMethodHandle$Holder.invokeSpecial(java.lang.Object, java.lang.Object, long, java.lang.Object, int, int, int, java.lang.Object, java.lang.Object, java.lang.Object, int)'> (0x00000000976abfa8) 
thrown [s\src\hotspot\share\interpreter\linkResolver.cpp, line 759]
Event: 83.239 Thread 0x0000024214aeebe0 Exception <a 'java/lang/NoSuchMethodError'{0x00000000976b04e8}: 'java.lang.Object java.lang.invoke.DelegatingMethodHandle$Holder.reinvoke_L(java.lang.Object, long, java.lang.Object, int, int, int, java.lang.Object, java.lang.Object, java.lang.Object, int)'> (0x00000000976b04e8) 
thrown [s\src\hotspot\share\interpreter\linkResolver.cpp, line 759]

VM Operations (20 events):
Event: 144.435 Executing VM operation: get/set locals done
Event: 144.435 Executing VM operation: get/set locals
Event: 144.435 Executing VM operation: get/set locals done
Event: 144.435 Executing VM operation: get/set locals
Event: 144.435 Executing VM operation: get/set locals done
Event: 144.435 Executing VM operation: get/set locals
Event: 144.435 Executing VM operation: get/set locals done
Event: 144.435 Executing VM operation: get/set locals
Event: 144.436 Executing VM operation: get/set locals done
Event: 199.613 Executing VM operation: ChangeBreakpoints
Event: 199.613 Executing VM operation: ChangeBreakpoints done
Event: 199.613 Executing VM operation: ChangeBreakpoints
Event: 199.613 Executing VM operation: ChangeBreakpoints done
Event: 199.613 Executing VM operation: ChangeBreakpoints
Event: 199.613 Executing VM operation: ChangeBreakpoints done
Event: 199.613 Executing VM operation: ChangeBreakpoints
Event: 199.613 Executing VM operation: ChangeBreakpoints done
Event: 199.613 Executing VM operation: ChangeBreakpoints
Event: 199.613 Executing VM operation: ChangeBreakpoints done
Event: 199.739 Executing VM operation: Exit

Memory protections (0 events):
No events

Nmethod flushes (20 events):
Event: 35.401 Thread 0x00000241cd7e5630 flushing  nmethod 0x00000241b8052990
Event: 35.401 Thread 0x00000241cd7e5630 flushing  nmethod 0x00000241b805b990
Event: 35.401 Thread 0x00000241cd7e5630 flushing  nmethod 0x00000241b8068110
Event: 35.401 Thread 0x00000241cd7e5630 flushing  nmethod 0x00000241b8074310
Event: 35.401 Thread 0x00000241cd7e5630 flushing  nmethod 0x00000241b8090190
Event: 35.401 Thread 0x00000241cd7e5630 flushing  nmethod 0x00000241b80b2e90
Event: 35.401 Thread 0x00000241cd7e5630 flushing  nmethod 0x00000241b80d0e10
Event: 35.401 Thread 0x00000241cd7e5630 flushing  nmethod 0x00000241b80ea190
Event: 35.401 Thread 0x00000241cd7e5630 flushing  nmethod 0x00000241b8118690
Event: 35.402 Thread 0x00000241cd7e5630 flushing  nmethod 0x00000241b8140d10
Event: 35.402 Thread 0x00000241cd7e5630 flushing  nmethod 0x00000241b815da10
Event: 35.402 Thread 0x00000241cd7e5630 flushing  nmethod 0x00000241b817f890
Event: 35.402 Thread 0x00000241cd7e5630 flushing osr nmethod 0x00000241b8233a10
Event: 35.402 Thread 0x00000241cd7e5630 flushing osr nmethod 0x00000241b827e510
Event: 35.402 Thread 0x00000241cd7e5630 flushing  nmethod 0x00000241b828b790
Event: 35.402 Thread 0x00000241cd7e5630 flushing  nmethod 0x00000241b8290810
Event: 35.402 Thread 0x00000241cd7e5630 flushing  nmethod 0x00000241b8297690
Event: 35.402 Thread 0x00000241cd7e5630 flushing  nmethod 0x00000241b82b1e90
Event: 35.402 Thread 0x00000241cd7e5630 flushing  nmethod 0x00000241b82b2490
Event: 35.402 Thread 0x00000241cd7e5630 flushing osr nmethod 0x00000241b82b3c90

Events (20 events):
Event: 37.034 Thread 0x0000024224b43140 Thread exited: 0x0000024224b43140
Event: 37.034 Thread 0x0000024224b42bf0 Thread exited: 0x0000024224b42bf0
Event: 37.365 Thread 0x00000241cd7c93d0 Thread added: 0x0000024224b42bf0
Event: 38.346 Thread 0x0000024224b42bf0 Thread exited: 0x0000024224b42bf0
Event: 40.682 Thread 0x00000241cd7e4d20 Thread added: 0x0000024224b43140
Event: 41.193 Thread 0x0000024224b43140 Thread exited: 0x0000024224b43140
Event: 46.366 Thread 0x00000241cd7e4d20 Thread added: 0x0000024224b42150
Event: 47.511 Thread 0x0000024224b42150 Thread exited: 0x0000024224b42150
Event: 50.218 Thread 0x00000241cd7e4d20 Thread added: 0x0000024224b43140
Event: 50.826 Thread 0x0000024224b43140 Thread exited: 0x0000024224b43140
Event: 55.222 Thread 0x00000241cd7e4d20 Thread added: 0x0000024224b42150
Event: 55.561 Thread 0x0000024224b42150 Thread exited: 0x0000024224b42150
Event: 199.613 Thread 0x00000242132e8ad0 Thread exited: 0x00000242132e8ad0
Event: 199.619 Thread 0x000002421347d440 Thread exited: 0x000002421347d440
Event: 199.734 Thread 0x00000241cd7c17a0 Thread added: 0x0000024214bbeed0
Event: 199.735 Thread 0x0000024214bbeed0 Thread added: 0x0000024214bc0820
Event: 199.735 Thread 0x0000024214bbeed0 Thread added: 0x0000024214bbe9c0
Event: 199.736 Thread 0x0000024214bc0820 Thread exited: 0x0000024214bc0820
Event: 199.738 Thread 0x0000024214bbe9c0 Thread exited: 0x0000024214bbe9c0
Event: 199.738 Thread 0x00000241cd7e4d20 Thread added: 0x0000024224b43690


Dynamic libraries:
0x00007ff7dc130000 - 0x00007ff7dc13e000 	C:\Users\diego\.jdks\corretto-17.0.13\bin\java.exe
0x00007ffee2460000 - 0x00007ffee26c3000 	C:\WINDOWS\SYSTEM32\ntdll.dll
0x00007ffee1ac0000 - 0x00007ffee1b88000 	C:\WINDOWS\System32\KERNEL32.DLL
0x00007ffedfae0000 - 0x00007ffedfe92000 	C:\WINDOWS\System32\KERNELBASE.dll
0x00007ffee0010000 - 0x00007ffee015b000 	C:\WINDOWS\System32\ucrtbase.dll
0x00007ffed11d0000 - 0x00007ffed11eb000 	C:\Users\diego\.jdks\corretto-17.0.13\bin\VCRUNTIME140.dll
0x00007ffed20a0000 - 0x00007ffed20b7000 	C:\Users\diego\.jdks\corretto-17.0.13\bin\jli.dll
0x00007ffee1f20000 - 0x00007ffee20e8000 	C:\WINDOWS\System32\USER32.dll
0x00007ffecc700000 - 0x00007ffecc990000 	C:\WINDOWS\WinSxS\amd64_microsoft.windows.common-controls_6595b64144ccf1df_6.0.26100.2454_none_3e0b68a2e331ad60\COMCTL32.dll
0x00007ffee0160000 - 0x00007ffee0187000 	C:\WINDOWS\System32\win32u.dll
0x00007ffee18b0000 - 0x00007ffee1959000 	C:\WINDOWS\System32\msvcrt.dll
0x00007ffee1b90000 - 0x00007ffee1bba000 	C:\WINDOWS\System32\GDI32.dll
0x00007ffee0190000 - 0x00007ffee02bb000 	C:\WINDOWS\System32\gdi32full.dll
0x00007ffedfea0000 - 0x00007ffedff43000 	C:\WINDOWS\System32\msvcp_win.dll
0x00007ffee1e80000 - 0x00007ffee1eaf000 	C:\WINDOWS\System32\IMM32.DLL
0x00007ffedb370000 - 0x00007ffedb37c000 	C:\Users\diego\.jdks\corretto-17.0.13\bin\vcruntime140_1.dll
0x00007ffecee50000 - 0x00007ffeceedd000 	C:\Users\diego\.jdks\corretto-17.0.13\bin\msvcp140.dll
0x00007ffe8b840000 - 0x00007ffe8c4ac000 	C:\Users\diego\.jdks\corretto-17.0.13\bin\server\jvm.dll
0x00007ffee17f0000 - 0x00007ffee18a4000 	C:\WINDOWS\System32\ADVAPI32.dll
0x00007ffee2370000 - 0x00007ffee2416000 	C:\WINDOWS\System32\sechost.dll
0x00007ffee1560000 - 0x00007ffee1676000 	C:\WINDOWS\System32\RPCRT4.dll
0x00007ffee1e00000 - 0x00007ffee1e74000 	C:\WINDOWS\System32\WS2_32.dll
0x00007ffed60c0000 - 0x00007ffed60cb000 	C:\WINDOWS\SYSTEM32\VERSION.dll
0x00007ffedf6c0000 - 0x00007ffedf70e000 	C:\WINDOWS\SYSTEM32\POWRPROF.dll
0x00007ffedc260000 - 0x00007ffedc296000 	C:\WINDOWS\SYSTEM32\WINMM.dll
0x00007ffedf6a0000 - 0x00007ffedf6b4000 	C:\WINDOWS\SYSTEM32\UMPDC.dll
0x00007ffede670000 - 0x00007ffede68a000 	C:\WINDOWS\SYSTEM32\kernel.appcore.dll
0x00007ffed8dc0000 - 0x00007ffed8dca000 	C:\Users\diego\.jdks\corretto-17.0.13\bin\jimage.dll
0x00007ffedcc20000 - 0x00007ffedce61000 	C:\WINDOWS\SYSTEM32\DBGHELP.DLL
0x00007ffee11a0000 - 0x00007ffee151e000 	C:\WINDOWS\System32\combase.dll
0x00007ffee10c0000 - 0x00007ffee1196000 	C:\WINDOWS\System32\OLEAUT32.dll
0x00007ffec1270000 - 0x00007ffec12a9000 	C:\WINDOWS\SYSTEM32\dbgcore.DLL
0x00007ffedfa40000 - 0x00007ffedfad9000 	C:\WINDOWS\System32\bcryptPrimitives.dll
0x00007ffec2380000 - 0x00007ffec23bb000 	C:\Users\diego\.jdks\corretto-17.0.13\bin\jdwp.dll
0x00007ffed2af0000 - 0x00007ffed2afe000 	C:\Users\diego\.jdks\corretto-17.0.13\bin\instrument.dll
0x00007ffecee20000 - 0x00007ffecee45000 	C:\Users\diego\.jdks\corretto-17.0.13\bin\java.dll
0x00007ffecede0000 - 0x00007ffecedf8000 	C:\Users\diego\.jdks\corretto-17.0.13\bin\zip.dll
0x00007ffebcb50000 - 0x00007ffebcc27000 	C:\Users\diego\.jdks\corretto-17.0.13\bin\jsvml.dll
0x00007ffee0370000 - 0x00007ffee0a70000 	C:\WINDOWS\System32\SHELL32.dll
0x00007ffedd580000 - 0x00007ffedddb1000 	C:\WINDOWS\SYSTEM32\windows.storage.dll
0x00007ffee1680000 - 0x00007ffee175a000 	C:\WINDOWS\System32\SHCORE.dll
0x00007ffee22e0000 - 0x00007ffee233d000 	C:\WINDOWS\System32\shlwapi.dll
0x00007ffedf740000 - 0x00007ffedf76e000 	C:\WINDOWS\SYSTEM32\profapi.dll
0x00007ffed0930000 - 0x00007ffed0949000 	C:\Users\diego\.jdks\corretto-17.0.13\bin\net.dll
0x00007ffed8870000 - 0x00007ffed8996000 	C:\WINDOWS\SYSTEM32\WINHTTP.dll
0x00007ffedeb70000 - 0x00007ffedebd8000 	C:\WINDOWS\system32\mswsock.dll
0x00007ffecee00000 - 0x00007ffecee16000 	C:\Users\diego\.jdks\corretto-17.0.13\bin\nio.dll
0x00007ffecf3e0000 - 0x00007ffecf3ec000 	C:\Users\diego\.jdks\corretto-17.0.13\bin\dt_socket.dll
0x00007ffede100000 - 0x00007ffede132000 	C:\WINDOWS\SYSTEM32\IPHLPAPI.DLL
0x00000241adca0000 - 0x00000241adca3000 	D:\Proyecto Terminal\openjfx-22.0.1_windows-x64_bin-sdk\javafx-sdk-22.0.1\bin\api-ms-win-core-console-l1-1-0.dll
0x00000241adcb0000 - 0x00000241adcb3000 	D:\Proyecto Terminal\openjfx-22.0.1_windows-x64_bin-sdk\javafx-sdk-22.0.1\bin\api-ms-win-core-console-l1-2-0.dll
0x00000241adcc0000 - 0x00000241adcc3000 	D:\Proyecto Terminal\openjfx-22.0.1_windows-x64_bin-sdk\javafx-sdk-22.0.1\bin\api-ms-win-core-datetime-l1-1-0.dll
0x00000241adcd0000 - 0x00000241adcd3000 	D:\Proyecto Terminal\openjfx-22.0.1_windows-x64_bin-sdk\javafx-sdk-22.0.1\bin\api-ms-win-core-debug-l1-1-0.dll
0x00000241adce0000 - 0x00000241adce3000 	D:\Proyecto Terminal\openjfx-22.0.1_windows-x64_bin-sdk\javafx-sdk-22.0.1\bin\api-ms-win-core-errorhandling-l1-1-0.dll
0x00000241add00000 - 0x00000241add04000 	D:\Proyecto Terminal\openjfx-22.0.1_windows-x64_bin-sdk\javafx-sdk-22.0.1\bin\api-ms-win-core-file-l1-1-0.dll
0x00000241add10000 - 0x00000241add13000 	D:\Proyecto Terminal\openjfx-22.0.1_windows-x64_bin-sdk\javafx-sdk-22.0.1\bin\api-ms-win-core-file-l1-2-0.dll
0x00000241add20000 - 0x00000241add23000 	D:\Proyecto Terminal\openjfx-22.0.1_windows-x64_bin-sdk\javafx-sdk-22.0.1\bin\api-ms-win-core-file-l2-1-0.dll
0x00000241add30000 - 0x00000241add33000 	D:\Proyecto Terminal\openjfx-22.0.1_windows-x64_bin-sdk\javafx-sdk-22.0.1\bin\api-ms-win-core-handle-l1-1-0.dll
0x00000241add40000 - 0x00000241add43000 	D:\Proyecto Terminal\openjfx-22.0.1_windows-x64_bin-sdk\javafx-sdk-22.0.1\bin\api-ms-win-core-heap-l1-1-0.dll
0x00000241afcb0000 - 0x00000241afcb3000 	D:\Proyecto Terminal\openjfx-22.0.1_windows-x64_bin-sdk\javafx-sdk-22.0.1\bin\api-ms-win-core-interlocked-l1-1-0.dll
0x00000241afcc0000 - 0x00000241afcc3000 	D:\Proyecto Terminal\openjfx-22.0.1_windows-x64_bin-sdk\javafx-sdk-22.0.1\bin\api-ms-win-core-libraryloader-l1-1-0.dll
0x00000241afcd0000 - 0x00000241afcd3000 	D:\Proyecto Terminal\openjfx-22.0.1_windows-x64_bin-sdk\javafx-sdk-22.0.1\bin\api-ms-win-core-localization-l1-2-0.dll
0x00000241afce0000 - 0x00000241afce3000 	D:\Proyecto Terminal\openjfx-22.0.1_windows-x64_bin-sdk\javafx-sdk-22.0.1\bin\api-ms-win-core-memory-l1-1-0.dll
0x00000241afcf0000 - 0x00000241afcf3000 	D:\Proyecto Terminal\openjfx-22.0.1_windows-x64_bin-sdk\javafx-sdk-22.0.1\bin\api-ms-win-core-namedpipe-l1-1-0.dll
0x00000241cdd60000 - 0x00000241cdd63000 	D:\Proyecto Terminal\openjfx-22.0.1_windows-x64_bin-sdk\javafx-sdk-22.0.1\bin\api-ms-win-core-processenvironment-l1-1-0.dll
0x00000241cdd70000 - 0x00000241cdd73000 	D:\Proyecto Terminal\openjfx-22.0.1_windows-x64_bin-sdk\javafx-sdk-22.0.1\bin\api-ms-win-core-processthreads-l1-1-0.dll
0x00000241cdd80000 - 0x00000241cdd83000 	D:\Proyecto Terminal\openjfx-22.0.1_windows-x64_bin-sdk\javafx-sdk-22.0.1\bin\api-ms-win-core-processthreads-l1-1-1.dll
0x00000241cdd90000 - 0x00000241cdd93000 	D:\Proyecto Terminal\openjfx-22.0.1_windows-x64_bin-sdk\javafx-sdk-22.0.1\bin\api-ms-win-core-profile-l1-1-0.dll
0x00000241cdda0000 - 0x00000241cdda3000 	D:\Proyecto Terminal\openjfx-22.0.1_windows-x64_bin-sdk\javafx-sdk-22.0.1\bin\api-ms-win-core-rtlsupport-l1-1-0.dll
0x00000241cddb0000 - 0x00000241cddb3000 	D:\Proyecto Terminal\openjfx-22.0.1_windows-x64_bin-sdk\javafx-sdk-22.0.1\bin\api-ms-win-core-string-l1-1-0.dll
0x00000241cddc0000 - 0x00000241cddc3000 	D:\Proyecto Terminal\openjfx-22.0.1_windows-x64_bin-sdk\javafx-sdk-22.0.1\bin\api-ms-win-core-synch-l1-1-0.dll
0x00000241cddd0000 - 0x00000241cddd3000 	D:\Proyecto Terminal\openjfx-22.0.1_windows-x64_bin-sdk\javafx-sdk-22.0.1\bin\api-ms-win-core-synch-l1-2-0.dll
0x00000241cdde0000 - 0x00000241cdde3000 	D:\Proyecto Terminal\openjfx-22.0.1_windows-x64_bin-sdk\javafx-sdk-22.0.1\bin\api-ms-win-core-sysinfo-l1-1-0.dll
0x00000241cddf0000 - 0x00000241cddf3000 	D:\Proyecto Terminal\openjfx-22.0.1_windows-x64_bin-sdk\javafx-sdk-22.0.1\bin\api-ms-win-core-timezone-l1-1-0.dll
0x00000241cde00000 - 0x00000241cde03000 	D:\Proyecto Terminal\openjfx-22.0.1_windows-x64_bin-sdk\javafx-sdk-22.0.1\bin\api-ms-win-core-util-l1-1-0.dll
0x00000241cde10000 - 0x00000241cde13000 	D:\Proyecto Terminal\openjfx-22.0.1_windows-x64_bin-sdk\javafx-sdk-22.0.1\bin\api-ms-win-crt-conio-l1-1-0.dll
0x00000241cde20000 - 0x00000241cde24000 	D:\Proyecto Terminal\openjfx-22.0.1_windows-x64_bin-sdk\javafx-sdk-22.0.1\bin\api-ms-win-crt-convert-l1-1-0.dll
0x00000241cde30000 - 0x00000241cde33000 	D:\Proyecto Terminal\openjfx-22.0.1_windows-x64_bin-sdk\javafx-sdk-22.0.1\bin\api-ms-win-crt-environment-l1-1-0.dll
0x00000241cde40000 - 0x00000241cde43000 	D:\Proyecto Terminal\openjfx-22.0.1_windows-x64_bin-sdk\javafx-sdk-22.0.1\bin\api-ms-win-crt-filesystem-l1-1-0.dll
0x00000241cde50000 - 0x00000241cde53000 	D:\Proyecto Terminal\openjfx-22.0.1_windows-x64_bin-sdk\javafx-sdk-22.0.1\bin\api-ms-win-crt-heap-l1-1-0.dll
0x00000241cde60000 - 0x00000241cde63000 	D:\Proyecto Terminal\openjfx-22.0.1_windows-x64_bin-sdk\javafx-sdk-22.0.1\bin\api-ms-win-crt-locale-l1-1-0.dll
0x00000241cde70000 - 0x00000241cde75000 	D:\Proyecto Terminal\openjfx-22.0.1_windows-x64_bin-sdk\javafx-sdk-22.0.1\bin\api-ms-win-crt-math-l1-1-0.dll
0x00000241cde80000 - 0x00000241cde85000 	D:\Proyecto Terminal\openjfx-22.0.1_windows-x64_bin-sdk\javafx-sdk-22.0.1\bin\api-ms-win-crt-multibyte-l1-1-0.dll
0x00000241cde90000 - 0x00000241cdea0000 	D:\Proyecto Terminal\openjfx-22.0.1_windows-x64_bin-sdk\javafx-sdk-22.0.1\bin\api-ms-win-crt-private-l1-1-0.dll
0x00000241cdea0000 - 0x00000241cdea3000 	D:\Proyecto Terminal\openjfx-22.0.1_windows-x64_bin-sdk\javafx-sdk-22.0.1\bin\api-ms-win-crt-process-l1-1-0.dll
0x00000241cdeb0000 - 0x00000241cdeb4000 	D:\Proyecto Terminal\openjfx-22.0.1_windows-x64_bin-sdk\javafx-sdk-22.0.1\bin\api-ms-win-crt-runtime-l1-1-0.dll
0x00000241cdec0000 - 0x00000241cdec4000 	D:\Proyecto Terminal\openjfx-22.0.1_windows-x64_bin-sdk\javafx-sdk-22.0.1\bin\api-ms-win-crt-stdio-l1-1-0.dll
0x00000241cded0000 - 0x00000241cded4000 	D:\Proyecto Terminal\openjfx-22.0.1_windows-x64_bin-sdk\javafx-sdk-22.0.1\bin\api-ms-win-crt-string-l1-1-0.dll
0x00000241cdee0000 - 0x00000241cdee3000 	D:\Proyecto Terminal\openjfx-22.0.1_windows-x64_bin-sdk\javafx-sdk-22.0.1\bin\api-ms-win-crt-time-l1-1-0.dll
0x00000241cdef0000 - 0x00000241cdef3000 	D:\Proyecto Terminal\openjfx-22.0.1_windows-x64_bin-sdk\javafx-sdk-22.0.1\bin\api-ms-win-crt-utility-l1-1-0.dll
0x00007ffebcc40000 - 0x00007ffebcd3c000 	D:\Proyecto Terminal\openjfx-22.0.1_windows-x64_bin-sdk\javafx-sdk-22.0.1\bin\ucrtbase.dll
0x00007ffeced80000 - 0x00007ffeced9b000 	D:\Proyecto Terminal\openjfx-22.0.1_windows-x64_bin-sdk\javafx-sdk-22.0.1\bin\vcruntime140.dll
0x00007ffeced70000 - 0x00007ffeced7c000 	D:\Proyecto Terminal\openjfx-22.0.1_windows-x64_bin-sdk\javafx-sdk-22.0.1\bin\vcruntime140_1.dll
0x00007ffec18f0000 - 0x00007ffec197e000 	D:\Proyecto Terminal\openjfx-22.0.1_windows-x64_bin-sdk\javafx-sdk-22.0.1\bin\msvcp140.dll
0x00007ffecebe0000 - 0x00007ffecebe9000 	D:\Proyecto Terminal\openjfx-22.0.1_windows-x64_bin-sdk\javafx-sdk-22.0.1\bin\msvcp140_1.dll
0x00007ffec2330000 - 0x00007ffec2371000 	D:\Proyecto Terminal\openjfx-22.0.1_windows-x64_bin-sdk\javafx-sdk-22.0.1\bin\msvcp140_2.dll
0x00007ffec23e0000 - 0x00007ffec2410000 	D:\Proyecto Terminal\openjfx-22.0.1_windows-x64_bin-sdk\javafx-sdk-22.0.1\bin\prism_d3d.dll
0x00007ffeb6870000 - 0x00007ffeb6a16000 	C:\WINDOWS\system32\d3d9.dll
0x00007ffedc630000 - 0x00007ffedc65e000 	C:\WINDOWS\SYSTEM32\dwmapi.dll
0x00007ffedc490000 - 0x00007ffedc4d7000 	C:\WINDOWS\SYSTEM32\dxcore.dll
0x00007ffedc2c0000 - 0x00007ffedc36d000 	C:\WINDOWS\system32\uxtheme.dll
0x00007ffed60d0000 - 0x00007ffed62ad000 	C:\WINDOWS\System32\DriverStore\FileRepository\u0355756.inf_amd64_5146fc3a012e7afa\B354291\aticfx64.dll
0x00007ffec8e00000 - 0x00007ffec8e30000 	C:\WINDOWS\System32\DriverStore\FileRepository\u0355756.inf_amd64_5146fc3a012e7afa\B354291\atiu9p64.dll
0x00007ffea2da0000 - 0x00007ffea3a6b000 	C:\WINDOWS\System32\DriverStore\FileRepository\u0355756.inf_amd64_5146fc3a012e7afa\B354291\atiumd64.dll
0x00007ffee0a80000 - 0x00007ffee0c19000 	C:\WINDOWS\System32\ole32.dll
0x0000000065cd0000 - 0x0000000066a53000 	C:\WINDOWS\System32\DriverStore\FileRepository\u0355756.inf_amd64_5146fc3a012e7afa\B354291\atiumd6a.dll
0x00007ffedc410000 - 0x00007ffedc46c000 	C:\WINDOWS\SYSTEM32\directxdatabasehelper.dll
0x00007ffebd790000 - 0x00007ffebd7d5000 	D:\Proyecto Terminal\openjfx-22.0.1_windows-x64_bin-sdk\javafx-sdk-22.0.1\bin\glass.dll
0x00007ffee20f0000 - 0x00007ffee21dd000 	C:\WINDOWS\System32\COMDLG32.dll
0x00007ffeaf8b0000 - 0x00007ffeaf90e000 	C:\Program Files\Huawei\PCManager\plugins\PerfWndMonModule.dll
0x00007ffee1960000 - 0x00007ffee1abc000 	C:\WINDOWS\System32\MSCTF.dll
0x00007ffee02c0000 - 0x00007ffee0368000 	C:\WINDOWS\System32\clbcatq.dll
0x00007ffed18a0000 - 0x00007ffed19f5000 	C:\Windows\System32\Windows.UI.dll
0x00007ffeb6e70000 - 0x00007ffeb6fbc000 	C:\Windows\System32\Windows.UI.Immersive.dll
0x00007ffebd840000 - 0x00007ffebd855000 	D:\Proyecto Terminal\openjfx-22.0.1_windows-x64_bin-sdk\javafx-sdk-22.0.1\bin\javafx_font.dll
0x00007ffedbc50000 - 0x00007ffedbeb5000 	C:\WINDOWS\SYSTEM32\dwrite.dll
0x00007ffedb3a0000 - 0x00007ffedb5ce000 	C:\WINDOWS\SYSTEM32\WindowsCodecs.dll
0x00007ffece6a0000 - 0x00007ffece6fa000 	C:\WINDOWS\system32\dataexchange.dll
0x00007ffed36f0000 - 0x00007ffed3927000 	C:\WINDOWS\system32\twinapi.appcore.dll
0x00007ffebd760000 - 0x00007ffebd78c000 	C:\Program Files\Common Files\Microsoft Shared\Ink\rtscom.dll
0x00007ffece0f0000 - 0x00007ffece236000 	C:\WINDOWS\SYSTEM32\textinputframework.dll
0x00007ffed8740000 - 0x00007ffed8865000 	C:\WINDOWS\SYSTEM32\CoreMessaging.dll
0x00007ffed6500000 - 0x00007ffed67e3000 	C:\WINDOWS\SYSTEM32\CoreUIComponents.dll
0x00007ffeda320000 - 0x00007ffeda488000 	C:\WINDOWS\SYSTEM32\wintypes.dll
0x00007ffedee30000 - 0x00007ffedee3c000 	C:\WINDOWS\SYSTEM32\CRYPTBASE.DLL
0x00007ffebd730000 - 0x00007ffebd75d000 	D:\Proyecto Terminal\openjfx-22.0.1_windows-x64_bin-sdk\javafx-sdk-22.0.1\bin\javafx_iio.dll
0x00007ffedb610000 - 0x00007ffedbc4a000 	C:\WINDOWS\SYSTEM32\d2d1.dll
0x00007ffedbff0000 - 0x00007ffedc24d000 	C:\WINDOWS\SYSTEM32\d3d11.dll

dbghelp: loaded successfully - version: 4.0.5 - missing functions: none
symbol engine: initialized successfully - sym options: 0x614 - pdb path: .;C:\Users\diego\.jdks\corretto-17.0.13\bin;C:\WINDOWS\SYSTEM32;C:\WINDOWS\WinSxS\amd64_microsoft.windows.common-controls_6595b64144ccf1df_6.0.26100.2454_none_3e0b68a2e331ad60;C:\Users\diego\.jdks\corretto-17.0.13\bin\server;D:\Proyecto Terminal\openjfx-22.0.1_windows-x64_bin-sdk\javafx-sdk-22.0.1\bin;C:\WINDOWS\System32\DriverStore\FileRepository\u0355756.inf_amd64_5146fc3a012e7afa\B354291;C:\Program Files\Huawei\PCManager\plugins;C:\Program Files\Common Files\Microsoft Shared\Ink

VM Arguments:
jvm_args: -agentlib:jdwp=transport=dt_socket,address=127.0.0.1:53263,suspend=y,server=n --module-path=D:\Proyecto Terminal\openjfx-22.0.1_windows-x64_bin-sdk\javafx-sdk-22.0.1\lib --add-modules=javafx.controls,javafx.fxml -javaagent:C:\Users\diego\AppData\Local\JetBrains\IntelliJIdea2024.1\captureAgent\debugger-agent.jar -Dfile.encoding=UTF-8 
java_command: optiuam.bc.controller.OptiUAM24
java_class_path (initial): D:\Proyecto Terminal\Código\OptiUAM24\OptiUAM\out\production\OptiUAM;D:\Proyecto Terminal\Código\OptiUAM24\OptiUAM\Librerias\jcommon-1.0.23.jar;D:\Proyecto Terminal\Código\OptiUAM24\OptiUAM\Librerias\jfreechart-1.0.19.jar;D:\Proyecto Terminal\openjfx-22.0.1_windows-x64_bin-sdk\javafx-sdk-22.0.1\lib\javafx-swt.jar;D:\Proyecto Terminal\openjfx-22.0.1_windows-x64_bin-sdk\javafx-sdk-22.0.1\lib\javafx.base.jar;D:\Proyecto Terminal\openjfx-22.0.1_windows-x64_bin-sdk\javafx-sdk-22.0.1\lib\javafx.controls.jar;D:\Proyecto Terminal\openjfx-22.0.1_windows-x64_bin-sdk\javafx-sdk-22.0.1\lib\javafx.fxml.jar;D:\Proyecto Terminal\openjfx-22.0.1_windows-x64_bin-sdk\javafx-sdk-22.0.1\lib\javafx.graphics.jar;D:\Proyecto Terminal\openjfx-22.0.1_windows-x64_bin-sdk\javafx-sdk-22.0.1\lib\javafx.media.jar;D:\Proyecto Terminal\openjfx-22.0.1_windows-x64_bin-sdk\javafx-sdk-22.0.1\lib\javafx.swing.jar;D:\Proyecto Terminal\openjfx-22.0.1_windows-x64_bin-sdk\javafx-sdk-22.0.1\lib\javafx.web.jar;D:\Proyecto Terminal\openjfx-22.0.1_windows-x64_bin-sdk.zip;D:\Proyecto Terminal\commons-math3-3.6.1\commons-math3-3.6.1-tests.jar;D:\Proyecto Terminal\commons-math3-3.6.1\commons-math3-3.6.1-tools.jar;D:\Proyecto Terminal\commons-math3-3.6.1\commons-math3-3.6.1.jar;C:\Program Files\JetBrains\IntelliJ IDEA 2024.1.3\lib\idea_rt.jar
Launcher Type: SUN_STANDARD

[Global flags]
     intx CICompilerCount                          = 4                                         {product} {ergonomic}
     uint ConcGCThreads                            = 2                                         {product} {ergonomic}
     uint G1ConcRefinementThreads                  = 8                                         {product} {ergonomic}
   size_t G1HeapRegionSize                         = 1048576                                   {product} {ergonomic}
    uintx GCDrainStackTargetSize                   = 64                                        {product} {ergonomic}
   size_t InitialHeapSize                          = 117440512                                 {product} {ergonomic}
   size_t MarkStackSize                            = 4194304                                   {product} {ergonomic}
   size_t MaxHeapSize                              = 1862270976                                {product} {ergonomic}
   size_t MaxNewSize                               = 1116733440                                {product} {ergonomic}
   size_t MinHeapDeltaBytes                        = 1048576                                   {product} {ergonomic}
   size_t MinHeapSize                              = 8388608                                   {product} {ergonomic}
    uintx NonNMethodCodeHeapSize                   = 5839372                                {pd product} {ergonomic}
    uintx NonProfiledCodeHeapSize                  = 122909434                              {pd product} {ergonomic}
    uintx ProfiledCodeHeapSize                     = 122909434                              {pd product} {ergonomic}
    uintx ReservedCodeCacheSize                    = 251658240                              {pd product} {ergonomic}
     bool SegmentedCodeCache                       = true                                      {product} {ergonomic}
   size_t SoftMaxHeapSize                          = 1862270976                             {manageable} {ergonomic}
     bool UseCompressedClassPointers               = true                           {product lp64_product} {ergonomic}
     bool UseCompressedOops                        = true                           {product lp64_product} {ergonomic}
     bool UseG1GC                                  = true                                      {product} {ergonomic}
     bool UseLargePagesIndividualAllocation        = false                                  {pd product} {ergonomic}

Logging:
Log output configuration:
 #0: stdout all=off uptime,level,tags
 #1: stderr all=off uptime,level,tags

Environment Variables:
PATH=C:\Program Files\Common Files\Oracle\Java\javapath;C:\Users\diego\Desktop\oracle\bin;C:\WINDOWS\system32;C:\WINDOWS;C:\WINDOWS\System32\Wbem;C:\WINDOWS\System32\WindowsPowerShell\v1.0\;C:\WINDOWS\System32\OpenSSH\;C:\Program Files\Git\cmd;C:\Strawberry\c\bin;C:\Strawberry\perl\site\bin;C:\Strawberry\perl\bin;C:\Users\diego\AppData\Local\Programs\Python\Launcher\;C:\Users\diego\AppData\Local\Microsoft\WindowsApps;C:\Program Files\JetBrains\IntelliJ IDEA 2024.1.3\bin;;C:\Users\diego\AppData\Local\GitHubDesktop\bin;C:\Program Files\JetBrains\PyCharm 2024.1.4\bin;;C:\Users\diego\AppData\Local\Programs\Microsoft VS Code\bin;C:\Users\diego\AppData\Local\Programs\MiKTeX\miktex\bin\x64\;C:\Program Files\JetBrains\PyCharm Community Edition 2024.3\bin;;
USERNAME=diego
OS=Windows_NT
PROCESSOR_IDENTIFIER=AMD64 Family 23 Model 24 Stepping 1, AuthenticAMD
TMP=C:\Users\diego\AppData\Local\Temp
TEMP=C:\Users\diego\AppData\Local\Temp



Periodic native trim disabled


---------------  S Y S T E M  ---------------

OS:
 Windows 11 , 64 bit Build 26100 (10.0.26100.2454)
OS uptime: 3 days 14:14 hours

CPU: total 8 (initial active 8) (8 cores per cpu, 2 threads per core) family 23 model 24 stepping 1 microcode 0x8108109, cx8, cmov, fxsr, ht, mmx, 3dnowpref, sse, sse2, sse3, ssse3, sse4a, sse4.1, sse4.2, popcnt, lzcnt, tsc, tscinvbit, avx, avx2, aes, clmul, bmi1, bmi2, adx, sha, fma, vzeroupper, clflush, clflushopt
Processor Information for all 8 processors :
  Max Mhz: 2100, Current Mhz: 2100, Mhz Limit: 2100

Memory: 4k page, system-wide physical 7103M (988M free)
TotalPageFile size 15807M (AvailPageFile size 8141M)
current process WorkingSet (physical memory assigned to process): 266M, peak: 450M
current process commit charge ("private bytes"): 365M, peak: 559M

vm_info: OpenJDK 64-Bit Server VM (17.0.13+11-LTS) for windows-amd64 JRE (17.0.13+11-LTS), built on Oct 10 2024 19:51:30 by "Administrator" with MS VC++ 16.10 / 16.11 (VS2019)

END.
