#
# A fatal error has been detected by the Java Runtime Environment:
#
#  EXCEPTION_ACCESS_VIOLATION (0xc0000005) at pc=0x00007ff8e32082d7, pid=12680, tid=3432
#
# JRE version: OpenJDK Runtime Environment Corretto-17.0.13.11.1 (17.0.13+11) (build 17.0.13+11-LTS)
# Java VM: OpenJDK 64-Bit Server VM Corretto-17.0.13.11.1 (17.0.13+11-LTS, mixed mode, sharing, tiered, compressed oops, compressed class ptrs, g1 gc, windows-amd64)
# Problematic frame:
# C  [glass.dll+0x282d7]
#
# No core dump will be written. Minidumps are not enabled by default on client versions of Windows
#
# If you would like to submit a bug report, please visit:
#   https://github.com/corretto/corretto-17/issues/
#

---------------  S U M M A R Y ------------

Command Line: -agentlib:jdwp=transport=dt_socket,address=127.0.0.1:6611,suspend=y,server=n --module-path=D:\Proyecto Terminal\openjfx-22.0.1_windows-x64_bin-sdk\javafx-sdk-22.0.1\lib --add-modules=javafx.controls,javafx.fxml -javaagent:C:\Users\diego\AppData\Local\JetBrains\IntelliJIdea2024.1\captureAgent\debugger-agent.jar -Dfile.encoding=UTF-8 optiuam.bc.controller.OptiUAM24

Host: AMD Ryzen 5 3500U with Radeon Vega Mobile Gfx  , 8 cores, 6G,  Windows 11 , 64 bit Build 26100 (10.0.26100.2454)
Time: Mon Jan  6 09:34:35 2025 Hora est嫕dar central (M憖ico) elapsed time: 196.094299 seconds (0d 0h 3m 16s)

---------------  T H R E A D  ---------------

Current thread (0x0000014c3f5e4780):  VMThread "VM Thread" [stack: 0x0000002f95800000,0x0000002f95900000] [id=3432]

Stack: [0x0000002f95800000,0x0000002f95900000],  sp=0x0000002f958fec40,  free space=1019k
Native frames: (J=compiled Java code, j=interpreted, Vv=VM code, C=native code)
C  [glass.dll+0x282d7]


siginfo: EXCEPTION_ACCESS_VIOLATION (0xc0000005), reading address 0x0000000000000000


Registers:
RAX=0x0000000000000000, RBX=0x0000014c879c50c0, RCX=0x0000014c3f5e4780, RDX=0x0000002f958fec40
RSP=0x0000002f958fec40, RBP=0x00008610a71f5754, RSI=0x0000014c854db668, RDI=0x0000014c854db640
R8 =0x0000000000010002, R9 =0x00008610a71f5754, R10=0x0000014c1f780000, R11=0x0000002f958feaf0
R12=0x0000000000000001, R13=0x000000007ffe0385, R14=0x0000002f958fed48, R15=0x0000014c854db640
RIP=0x00007ff8e32082d7, EFLAGS=0x0000000000010202


Register to memory mapping:

RIP=0x00007ff8e32082d7 glass.dll
RAX=0x0 is NULL
RBX=0x0000014c879c50c0 is a global jni handle
RCX=0x0000014c3f5e4780 points into unknown readable memory: 0x00007ff8e45f2cc8 | c8 2c 5f e4 f8 7f 00 00
RDX=0x0000002f958fec40 points into unknown readable memory: 0x0000000000000000 | 00 00 00 00 00 00 00 00
RSP=0x0000002f958fec40 points into unknown readable memory: 0x0000000000000000 | 00 00 00 00 00 00 00 00
RBP=0x00008610a71f5754 is an unknown value
RSI=0x0000014c854db668 points into unknown readable memory: 0x00008610a71f5754 | 54 57 1f a7 10 86 00 00
RDI=0x0000014c854db640 points into unknown readable memory: 0xff8eb415c89f5753 | 53 57 9f c8 15 b4 8e ff
R8 =0x0000000000010002 is an unknown value
R9 =0x00008610a71f5754 is an unknown value
R10=0x0000014c1f780000 points into unknown readable memory: 0x0000000000000000 | 00 00 00 00 00 00 00 00
R11=0x0000002f958feaf0 points into unknown readable memory: 0x0000014c854db640 | 40 b6 4d 85 4c 01 00 00
R12=0x0000000000000001 is an unknown value
R13=0x000000007ffe0385 points into unknown readable memory: 00 00 00
R14=0x0000002f958fed48 points into unknown readable memory: 0x0000002f958fed30 | 30 ed 8f 95 2f 00 00 00
R15=0x0000014c854db640 points into unknown readable memory: 0xff8eb415c89f5753 | 53 57 9f c8 15 b4 8e ff


Top of Stack: (sp=0x0000002f958fec40)
0x0000002f958fec40:   0000000000000000 0000014c00000000
0x0000002f958fec50:   0000014c85d46610 0000000000000001
0x0000002f958fec60:   0000014c854db648 00007ff969a5cf05
0x0000002f958fec70:   0000014c854db640 0000014c00000000
0x0000002f958fec80:   0000014c854db660 00008610a71f5754
0x0000002f958fec90:   fffffffffffffffe 0000000000000001
0x0000002f958feca0:   00007ff8e31e0000 00007ff8e31e0000
0x0000002f958fecb0:   0000002f958fed38 00007ff969a5ce27
0x0000002f958fecc0:   0000002f958fed00 0000002f958fed48
0x0000002f958fecd0:   0000002f958ff270 00007ff969b788c0
0x0000002f958fece0:   0000000000000001 00007ff969a5cddd
0x0000002f958fecf0:   0000000000000000 0000000000000001
0x0000002f958fed00:   0000000000000001 0000002f958fed38
0x0000002f958fed10:   fffffffffffffffe 000000007ffe0384
0x0000002f958fed20:   0000000000000001 00007ff8e3205a6d
0x0000002f958fed30:   00007ff8e321d078 00007ff800000002
0x0000002f958fed40:   0000000000000002 0000002f958fed30
0x0000002f958fed50:   0000000000000000 0000000000000000
0x0000002f958fed60:   0000000000000000 00007ff8e3205b92
0x0000002f958fed70:   0000000000000001 0000002f958ff200
0x0000002f958fed80:   0000000000000001 0000000000000001
0x0000002f958fed90:   0000000000000001 00007ff968f9277e
0x0000002f958feda0:   0000000000000001 00000000000000bc
0x0000002f958fedb0:   0000000000000000 0000000000000001
0x0000002f958fedc0:   00007ff8e3205be0 00007ff96c5dd860
0x0000002f958fedd0:   00007ff8e31e0000 00007ff800000000
0x0000002f958fede0:   0000000000000001 000000007ffe0384
0x0000002f958fedf0:   000000000000008d 0000000000000000
0x0000002f958fee00:   0000000000000000 0000000000000000
0x0000002f958fee10:   00007ff8e31e0000 fffffd1d00000000
0x0000002f958fee20:   00000000000000ba 0000000000000000
0x0000002f958fee30:   0000000000000000 0000014c1fb86260 

Instructions: (pc=0x00007ff8e32082d7)
0x00007ff8e32081d7:   8b 4d 58 e8 49 cf ff ff 48 8b 4d 60 e8 40 cf ff
0x00007ff8e32081e7:   ff 48 8b 95 80 00 00 00 48 8b 8d 18 01 00 00 e8
0x00007ff8e32081f7:   26 c5 ff ff 33 d2 33 c9 e8 8c e1 ff ff 90 48 89
0x00007ff8e3208207:   54 24 10 55 48 83 ec 20 48 8b ea 48 b8 00 00 00
0x00007ff8e3208217:   00 00 00 00 00 48 83 c4 20 5d c3 cc 40 55 48 8b
0x00007ff8e3208227:   ea 48 8b 01 33 c9 81 38 05 00 00 c0 0f 94 c1 8b
0x00007ff8e3208237:   c1 5d c3 cc 40 55 48 83 ec 20 48 8b ea 8a 4d 40
0x00007ff8e3208247:   48 83 c4 20 5d e9 33 d3 ff ff cc 40 55 48 83 ec
0x00007ff8e3208257:   20 48 8b ea 8a 4d 20 e8 21 d3 ff ff 90 48 83 c4
0x00007ff8e3208267:   20 5d c3 cc 40 55 48 83 ec 20 48 8b ea 48 83 c4
0x00007ff8e3208277:   20 5d e9 82 d1 ff ff cc 40 55 48 83 ec 30 48 8b
0x00007ff8e3208287:   ea 48 8b 01 8b 10 48 89 4c 24 28 89 54 24 20 4c
0x00007ff8e3208297:   8d 0d 23 d6 ff ff 4c 8b 45 70 8b 55 68 48 8b 4d
0x00007ff8e32082a7:   60 e8 c3 d0 ff ff 90 48 83 c4 30 5d c3 cc cc cc
0x00007ff8e32082b7:   cc cc cc cc cc cc cc cc cc 40 53 48 83 ec 20 48
0x00007ff8e32082c7:   8b 1d 6b 47 01 00 48 85 db 74 16 e8 39 90 ff ff
0x00007ff8e32082d7:   4c 8b 00 48 8b d3 48 8b c8 41 ff 90 b0 00 00 00
0x00007ff8e32082e7:   90 48 83 c4 20 5b c3 cc cc 40 53 48 83 ec 20 48
0x00007ff8e32082f7:   8b 1d ab 48 01 00 48 85 db 74 57 b8 ff ff ff ff
0x00007ff8e3208307:   f0 0f c1 43 10 83 f8 01 75 3d 48 85 db 74 38 48
0x00007ff8e3208317:   8b 0b 48 85 c9 74 0d ff 15 8c 0f 00 00 48 c7 03
0x00007ff8e3208327:   00 00 00 00 48 8b 4b 08 48 85 c9 74 0d e8 ef cd
0x00007ff8e3208337:   ff ff 48 c7 43 08 00 00 00 00 ba 18 00 00 00 48
0x00007ff8e3208347:   8b cb e8 da cd ff ff 48 c7 05 4f 48 01 00 00 00
0x00007ff8e3208357:   00 00 48 83 c4 20 5b c3 cc 40 53 48 83 ec 20 48
0x00007ff8e3208367:   8b 1d 1b 48 01 00 48 85 db 74 57 b8 ff ff ff ff
0x00007ff8e3208377:   f0 0f c1 43 10 83 f8 01 75 3d 48 85 db 74 38 48
0x00007ff8e3208387:   8b 0b 48 85 c9 74 0d ff 15 1c 0f 00 00 48 c7 03
0x00007ff8e3208397:   00 00 00 00 48 8b 4b 08 48 85 c9 74 0d e8 7f cd
0x00007ff8e32083a7:   ff ff 48 c7 43 08 00 00 00 00 ba 18 00 00 00 48
0x00007ff8e32083b7:   8b cb e8 6a cd ff ff 48 c7 05 bf 47 01 00 00 00
0x00007ff8e32083c7:   00 00 48 83 c4 20 5b c3 cc 40 53 48 83 ec 20 48 


Stack slot to memory mapping:
stack at sp + 0 slots: 0x0 is NULL
stack at sp + 1 slots: 0x0000014c00000000 is an unknown value
stack at sp + 2 slots: 0x0000014c85d46610 points into unknown readable memory: 0x0000014c85d46910 | 10 69 d4 85 4c 01 00 00
stack at sp + 3 slots: 0x0000000000000001 is an unknown value
stack at sp + 4 slots: 0x0000014c854db648 points into unknown readable memory: 0x00008610a71f5754 | 54 57 1f a7 10 86 00 00
stack at sp + 5 slots: 0x00007ff969a5cf05 ucrtbase.dll
stack at sp + 6 slots: 0x0000014c854db640 points into unknown readable memory: 0xff8eb415c89f5753 | 53 57 9f c8 15 b4 8e ff
stack at sp + 7 slots: 0x0000014c00000000 is an unknown value

VM_Operation (0x0000002f950ff1e0): Exit, mode: safepoint, requested by thread 0x0000014c86c516f0


---------------  P R O C E S S  ---------------

Threads class SMR info:
_java_thread_list=0x0000014c3f979120, length=21, elements={
0x0000014c21b79760, 0x0000014c3f5ebae0, 0x0000014c3f5ebfc0, 0x0000014c3f5fc160,
0x0000014c3f5fc640, 0x0000014c3f5fcb20, 0x0000014c3f601010, 0x0000014c3f616040,
0x0000014c3f636620, 0x0000014c3f63eb30, 0x0000014c3f83ee40, 0x0000014c853b5740,
0x0000014c3f982850, 0x0000014c85b56ba0, 0x0000014c85d21020, 0x0000014c85688590,
0x0000014c85b13440, 0x0000014c858ca130, 0x0000014c86c4f890, 0x0000014c86c52620,
0x0000014c86c516f0
}

Java Threads: ( => current thread )
  0x0000014c21b79760 JavaThread "main" [_thread_blocked, id=2588, stack(0x0000002f95200000,0x0000002f95300000)]
  0x0000014c3f5ebae0 JavaThread "Reference Handler" daemon [_thread_blocked, id=16316, stack(0x0000002f95900000,0x0000002f95a00000)]
  0x0000014c3f5ebfc0 JavaThread "Finalizer" daemon [_thread_blocked, id=6120, stack(0x0000002f95a00000,0x0000002f95b00000)]
  0x0000014c3f5fc160 JavaThread "Signal Dispatcher" daemon [_thread_blocked, id=13224, stack(0x0000002f95b00000,0x0000002f95c00000)]
  0x0000014c3f5fc640 JavaThread "Attach Listener" daemon [_thread_blocked, id=3500, stack(0x0000002f95c00000,0x0000002f95d00000)]
  0x0000014c3f5fcb20 JavaThread "Service Thread" daemon [_thread_blocked, id=16716, stack(0x0000002f95d00000,0x0000002f95e00000)]
  0x0000014c3f601010 JavaThread "Monitor Deflation Thread" daemon [_thread_blocked, id=4548, stack(0x0000002f95e00000,0x0000002f95f00000)]
  0x0000014c3f616040 JavaThread "C2 CompilerThread0" daemon [_thread_blocked, id=4812, stack(0x0000002f95f00000,0x0000002f96000000)]
  0x0000014c3f636620 JavaThread "C1 CompilerThread0" daemon [_thread_blocked, id=17364, stack(0x0000002f96000000,0x0000002f96100000)]
  0x0000014c3f63eb30 JavaThread "Sweeper thread" daemon [_thread_blocked, id=16804, stack(0x0000002f96100000,0x0000002f96200000)]
  0x0000014c3f83ee40 JavaThread "Common-Cleaner" daemon [_thread_blocked, id=8504, stack(0x0000002f96200000,0x0000002f96300000)]
  0x0000014c853b5740 JavaThread "JDWP Event Helper Thread" daemon [_thread_blocked, id=16956, stack(0x0000002f96600000,0x0000002f96700000)]
  0x0000014c3f982850 JavaThread "Notification Thread" daemon [_thread_blocked, id=13368, stack(0x0000002f96400000,0x0000002f96500000)]
  0x0000014c85b56ba0 JavaThread "QuantumRenderer-0" daemon [_thread_blocked, id=5076, stack(0x0000002f96300000,0x0000002f96400000)]
  0x0000014c85d21020 JavaThread "InvokeLaterDispatcher" daemon [_thread_blocked, id=1720, stack(0x0000002f96b00000,0x0000002f96c00000)]
  0x0000014c85688590 JavaThread "JavaFX Application Thread" [_thread_blocked, id=4828, stack(0x0000002f96c00000,0x0000002f96d00000)]
  0x0000014c85b13440 JavaThread "JavaFX-Launcher" [_thread_blocked, id=5164, stack(0x0000002f97400000,0x0000002f97500000)]
  0x0000014c858ca130 JavaThread "Thread-2" daemon [_thread_in_native, id=5364, stack(0x0000002f97300000,0x0000002f97400000)]
  0x0000014c86c4f890 JavaThread "Prism Font Disposer" daemon [_thread_blocked, id=16232, stack(0x0000002f97e00000,0x0000002f97f00000)]
  0x0000014c86c52620 JavaThread "Cleaner-0" daemon [_thread_blocked, id=12676, stack(0x0000002f98000000,0x0000002f98100000)]
  0x0000014c86c516f0 JavaThread "SIGINT handler" daemon [_thread_blocked, id=6440, stack(0x0000002f95000000,0x0000002f95100000)]

Other Threads:
=>0x0000014c3f5e4780 VMThread "VM Thread" [stack: 0x0000002f95800000,0x0000002f95900000] [id=3432]
  0x0000014c21bccb40 GCTaskThread "GC Thread#0" [stack: 0x0000002f95300000,0x0000002f95400000] [id=8280]
  0x0000014c85bd1450 GCTaskThread "GC Thread#1" [stack: 0x0000002f97500000,0x0000002f97600000] [id=14992]
  0x0000014c85bd1710 GCTaskThread "GC Thread#2" [stack: 0x0000002f97600000,0x0000002f97700000] [id=11988]
  0x0000014c85bd19d0 GCTaskThread "GC Thread#3" [stack: 0x0000002f97700000,0x0000002f97800000] [id=13128]
  0x0000014c85bd1c90 GCTaskThread "GC Thread#4" [stack: 0x0000002f97800000,0x0000002f97900000] [id=4768]
  0x0000014c85bd1f50 GCTaskThread "GC Thread#5" [stack: 0x0000002f97900000,0x0000002f97a00000] [id=3120]
  0x0000014c85bccc20 GCTaskThread "GC Thread#6" [stack: 0x0000002f97a00000,0x0000002f97b00000] [id=10440]
  0x0000014c85bccee0 GCTaskThread "GC Thread#7" [stack: 0x0000002f97b00000,0x0000002f97c00000] [id=3952]
  0x0000014c21bdda10 ConcurrentGCThread "G1 Main Marker" terminated
  0x0000014c21bdefa0 ConcurrentGCThread "G1 Conc#0" [stack: 0x0000002f95500000,0x0000002f95600000] [id=16076]
  0x0000014c873ae100 ConcurrentGCThread "G1 Conc#1" [stack: 0x0000002f97c00000,0x0000002f97d00000] [id=11892]
  0x0000014c3f4920c0 ConcurrentGCThread "G1 Refine#0" terminated
  0x0000014c21c2e440 ConcurrentGCThread "G1 Service" terminated

Threads with active compile tasks:

VM state: at safepoint (shutting down)

VM Mutex/Monitor currently owned by a thread:  ([mutex/lock_event])
[0x0000014c21b74430] Threads_lock - owner thread: 0x0000014c3f5e4780
[0x0000014c21b73e00] Heap_lock - owner thread: 0x0000014c86c516f0

Heap address: 0x0000000091000000, size: 1776 MB, Compressed Oops mode: 32-bit

CDS archive(s) mapped at: [0x0000014c40000000-0x0000014c40bb0000-0x0000014c40bb0000), size 12255232, SharedBaseAddress: 0x0000014c40000000, ArchiveRelocationMode: 1.
Compressed class space mapped at: 0x0000014c41000000-0x0000014c81000000, reserved size: 1073741824
Narrow klass base: 0x0000014c40000000, Narrow klass shift: 0, Narrow klass range: 0x100000000

GC Precious Log:
 CPUs: 8 total, 8 available
 Memory: 7103M
 Large Page Support: Disabled
 NUMA Support: Disabled
 Compressed Oops: Enabled (32-bit)
 Heap Region Size: 1M
 Heap Min Capacity: 8M
 Heap Initial Capacity: 112M
 Heap Max Capacity: 1776M
 Pre-touch: Disabled
 Parallel Workers: 8
 Concurrent Workers: 2
 Concurrent Refinement Workers: 8
 Periodic GC: Disabled

Heap:
 garbage-first heap   total 109568K, used 73186K [0x0000000091000000, 0x0000000100000000)
  region size 1024K, 15 young (15360K), 1 survivors (1024K)
 Metaspace       used 23610K, committed 24064K, reserved 1114112K
  class space    used 3231K, committed 3456K, reserved 1048576K

Heap Regions: E=young(eden), S=young(survivor), O=old, HS=humongous(starts), HC=humongous(continues), CS=collection set, F=free, OA=open archive, CA=closed archive, TAMS=top-at-mark-start (previous, next)
|   0|0x0000000091000000, 0x0000000091100000, 0x0000000091100000|100%| O|  |TAMS 0x0000000091100000, 0x0000000091000000| Untracked 
|   1|0x0000000091100000, 0x0000000091200000, 0x0000000091200000|100%|HS|  |TAMS 0x0000000091200000, 0x0000000091100000| Complete 
|   2|0x0000000091200000, 0x0000000091300000, 0x0000000091300000|100%| O|  |TAMS 0x0000000091300000, 0x0000000091200000| Untracked 
|   3|0x0000000091300000, 0x0000000091400000, 0x0000000091400000|100%|HS|  |TAMS 0x0000000091400000, 0x0000000091300000| Complete 
|   4|0x0000000091400000, 0x0000000091500000, 0x0000000091500000|100%|HC|  |TAMS 0x0000000091500000, 0x0000000091400000| Complete 
|   5|0x0000000091500000, 0x0000000091600000, 0x0000000091600000|100%|HC|  |TAMS 0x0000000091600000, 0x0000000091500000| Complete 
|   6|0x0000000091600000, 0x0000000091700000, 0x0000000091700000|100%|HC|  |TAMS 0x0000000091700000, 0x0000000091600000| Complete 
|   7|0x0000000091700000, 0x0000000091800000, 0x0000000091800000|100%|HC|  |TAMS 0x0000000091800000, 0x0000000091700000| Complete 
|   8|0x0000000091800000, 0x0000000091900000, 0x0000000091900000|100%|HC|  |TAMS 0x0000000091900000, 0x0000000091800000| Complete 
|   9|0x0000000091900000, 0x0000000091a00000, 0x0000000091a00000|100%|HC|  |TAMS 0x0000000091a00000, 0x0000000091900000| Complete 
|  10|0x0000000091a00000, 0x0000000091b00000, 0x0000000091b00000|100%|HC|  |TAMS 0x0000000091b00000, 0x0000000091a00000| Complete 
|  11|0x0000000091b00000, 0x0000000091c00000, 0x0000000091c00000|100%|HC|  |TAMS 0x0000000091c00000, 0x0000000091b00000| Complete 
|  12|0x0000000091c00000, 0x0000000091d00000, 0x0000000091d00000|100%|HC|  |TAMS 0x0000000091d00000, 0x0000000091c00000| Complete 
|  13|0x0000000091d00000, 0x0000000091e00000, 0x0000000091e00000|100%|HC|  |TAMS 0x0000000091e00000, 0x0000000091d00000| Complete 
|  14|0x0000000091e00000, 0x0000000091f00000, 0x0000000091f00000|100%|HC|  |TAMS 0x0000000091f00000, 0x0000000091e00000| Complete 
|  15|0x0000000091f00000, 0x0000000092000000, 0x0000000092000000|100%|HC|  |TAMS 0x0000000092000000, 0x0000000091f00000| Complete 
|  16|0x0000000092000000, 0x0000000092100000, 0x0000000092100000|100%|HS|  |TAMS 0x0000000092100000, 0x0000000092000000| Complete 
|  17|0x0000000092100000, 0x0000000092200000, 0x0000000092200000|100%| O|  |TAMS 0x0000000092200000, 0x0000000092100000| Untracked 
|  18|0x0000000092200000, 0x0000000092300000, 0x0000000092300000|100%|HS|  |TAMS 0x0000000092300000, 0x0000000092200000| Complete 
|  19|0x0000000092300000, 0x0000000092400000, 0x0000000092400000|100%|HC|  |TAMS 0x0000000092400000, 0x0000000092300000| Complete 
|  20|0x0000000092400000, 0x0000000092500000, 0x0000000092500000|100%|HS|  |TAMS 0x0000000092500000, 0x0000000092400000| Complete 
|  21|0x0000000092500000, 0x0000000092600000, 0x0000000092600000|100%| O|  |TAMS 0x0000000092600000, 0x0000000092500000| Untracked 
|  22|0x0000000092600000, 0x0000000092700000, 0x0000000092700000|100%| O|  |TAMS 0x0000000092700000, 0x0000000092600000| Untracked 
|  23|0x0000000092700000, 0x0000000092800000, 0x0000000092800000|100%| O|  |TAMS 0x0000000092800000, 0x0000000092700000| Untracked 
|  24|0x0000000092800000, 0x0000000092900000, 0x0000000092900000|100%| O|  |TAMS 0x0000000092900000, 0x0000000092800000| Untracked 
|  25|0x0000000092900000, 0x0000000092a00000, 0x0000000092a00000|100%|HS|  |TAMS 0x0000000092a00000, 0x0000000092900000| Complete 
|  26|0x0000000092a00000, 0x0000000092b00000, 0x0000000092b00000|100%|HS|  |TAMS 0x0000000092b00000, 0x0000000092a00000| Complete 
|  27|0x0000000092b00000, 0x0000000092c00000, 0x0000000092c00000|100%| O|  |TAMS 0x0000000092c00000, 0x0000000092b00000| Untracked 
|  28|0x0000000092c00000, 0x0000000092d00000, 0x0000000092d00000|100%| O|  |TAMS 0x0000000092d00000, 0x0000000092c00000| Untracked 
|  29|0x0000000092d00000, 0x0000000092e00000, 0x0000000092e00000|100%| O|  |TAMS 0x0000000092e00000, 0x0000000092d00000| Untracked 
|  30|0x0000000092e00000, 0x0000000092f00000, 0x0000000092f00000|100%|HS|  |TAMS 0x0000000092f00000, 0x0000000092e00000| Complete 
|  31|0x0000000092f00000, 0x0000000093000000, 0x0000000093000000|100%|HS|  |TAMS 0x0000000092f00000, 0x0000000092f00000| Complete 
|  32|0x0000000093000000, 0x0000000093100000, 0x0000000093100000|100%| O|  |TAMS 0x0000000093100000, 0x0000000093000000| Untracked 
|  33|0x0000000093100000, 0x0000000093200000, 0x0000000093200000|100%| O|  |TAMS 0x0000000093200000, 0x0000000093100000| Untracked 
|  34|0x0000000093200000, 0x0000000093300000, 0x0000000093300000|100%| O|  |TAMS 0x0000000093300000, 0x0000000093200000| Untracked 
|  35|0x0000000093300000, 0x0000000093400000, 0x0000000093400000|100%| O|  |TAMS 0x0000000093400000, 0x0000000093300000| Untracked 
|  36|0x0000000093400000, 0x0000000093500000, 0x0000000093500000|100%| O|  |TAMS 0x0000000093500000, 0x0000000093400000| Untracked 
|  37|0x0000000093500000, 0x0000000093600000, 0x0000000093600000|100%| O|  |TAMS 0x0000000093600000, 0x0000000093500000| Untracked 
|  38|0x0000000093600000, 0x0000000093700000, 0x0000000093700000|100%|HS|  |TAMS 0x0000000093700000, 0x0000000093600000| Complete 
|  39|0x0000000093700000, 0x0000000093800000, 0x0000000093800000|100%|HS|  |TAMS 0x0000000093800000, 0x0000000093700000| Complete 
|  40|0x0000000093800000, 0x0000000093900000, 0x0000000093900000|100%|HS|  |TAMS 0x0000000093900000, 0x0000000093800000| Complete 
|  41|0x0000000093900000, 0x0000000093a00000, 0x0000000093a00000|100%| O|  |TAMS 0x0000000093a00000, 0x0000000093900000| Untracked 
|  42|0x0000000093a00000, 0x0000000093b00000, 0x0000000093b00000|100%|HS|  |TAMS 0x0000000093a00000, 0x0000000093a00000| Complete 
|  43|0x0000000093b00000, 0x0000000093c00000, 0x0000000093c00000|100%| O|  |TAMS 0x0000000093c00000, 0x0000000093b00000| Untracked 
|  44|0x0000000093c00000, 0x0000000093d00000, 0x0000000093d00000|100%| O|  |TAMS 0x0000000093d00000, 0x0000000093c00000| Untracked 
|  45|0x0000000093d00000, 0x0000000093e00000, 0x0000000093e00000|100%| O|  |TAMS 0x0000000093e00000, 0x0000000093d00000| Complete 
|  46|0x0000000093e00000, 0x0000000093f00000, 0x0000000093f00000|100%| O|  |TAMS 0x0000000093f00000, 0x0000000093e00000| Untracked 
|  47|0x0000000093f00000, 0x0000000094000000, 0x0000000094000000|100%| O|  |TAMS 0x0000000094000000, 0x0000000093f00000| Untracked 
|  48|0x0000000094000000, 0x0000000094100000, 0x0000000094100000|100%| O|  |TAMS 0x0000000094100000, 0x0000000094000000| Untracked 
|  49|0x0000000094100000, 0x0000000094200000, 0x0000000094200000|100%| O|  |TAMS 0x0000000094200000, 0x0000000094100000| Untracked 
|  50|0x0000000094200000, 0x0000000094300000, 0x0000000094300000|100%| O|  |TAMS 0x0000000094300000, 0x0000000094200000| Untracked 
|  51|0x0000000094300000, 0x0000000094400000, 0x0000000094400000|100%| O|  |TAMS 0x0000000094400000, 0x0000000094300000| Untracked 
|  52|0x0000000094400000, 0x00000000944cca00, 0x0000000094500000| 79%| O|  |TAMS 0x00000000944cca00, 0x0000000094400000| Untracked 
|  53|0x0000000094500000, 0x0000000094600000, 0x0000000094600000|100%|HS|  |TAMS 0x0000000094500000, 0x0000000094500000| Complete 
|  54|0x0000000094600000, 0x0000000094700000, 0x0000000094700000|100%|HS|  |TAMS 0x0000000094600000, 0x0000000094600000| Complete 
|  55|0x0000000094700000, 0x0000000094700000, 0x0000000094800000|  0%| F|  |TAMS 0x0000000094700000, 0x0000000094700000| Untracked 
|  56|0x0000000094800000, 0x0000000094900000, 0x0000000094900000|100%|HS|  |TAMS 0x0000000094900000, 0x0000000094800000| Complete 
|  57|0x0000000094900000, 0x0000000094900000, 0x0000000094a00000|  0%| F|  |TAMS 0x0000000094900000, 0x0000000094900000| Untracked 
|  58|0x0000000094a00000, 0x0000000094b00000, 0x0000000094b00000|100%| O|  |TAMS 0x0000000094b00000, 0x0000000094a00000| Untracked 
|  59|0x0000000094b00000, 0x0000000094c00000, 0x0000000094c00000|100%| O|  |TAMS 0x0000000094c00000, 0x0000000094b00000| Untracked 
|  60|0x0000000094c00000, 0x0000000094c00000, 0x0000000094d00000|  0%| F|  |TAMS 0x0000000094c00000, 0x0000000094c00000| Untracked 
|  61|0x0000000094d00000, 0x0000000094d00000, 0x0000000094e00000|  0%| F|  |TAMS 0x0000000094d00000, 0x0000000094d00000| Untracked 
|  62|0x0000000094e00000, 0x0000000094e00000, 0x0000000094f00000|  0%| F|  |TAMS 0x0000000094e00000, 0x0000000094e00000| Untracked 
|  63|0x0000000094f00000, 0x0000000094f00000, 0x0000000095000000|  0%| F|  |TAMS 0x0000000094f00000, 0x0000000094f00000| Untracked 
|  64|0x0000000095000000, 0x0000000095000000, 0x0000000095100000|  0%| F|  |TAMS 0x0000000095000000, 0x0000000095000000| Untracked 
|  65|0x0000000095100000, 0x0000000095100000, 0x0000000095200000|  0%| F|  |TAMS 0x0000000095100000, 0x0000000095100000| Untracked 
|  66|0x0000000095200000, 0x0000000095200000, 0x0000000095300000|  0%| F|  |TAMS 0x0000000095200000, 0x0000000095200000| Untracked 
|  67|0x0000000095300000, 0x0000000095300000, 0x0000000095400000|  0%| F|  |TAMS 0x0000000095300000, 0x0000000095300000| Untracked 
|  68|0x0000000095400000, 0x0000000095400000, 0x0000000095500000|  0%| F|  |TAMS 0x0000000095400000, 0x0000000095400000| Untracked 
|  69|0x0000000095500000, 0x0000000095500000, 0x0000000095600000|  0%| F|  |TAMS 0x0000000095500000, 0x0000000095500000| Untracked 
|  70|0x0000000095600000, 0x0000000095600000, 0x0000000095700000|  0%| F|  |TAMS 0x0000000095600000, 0x0000000095600000| Untracked 
|  71|0x0000000095700000, 0x0000000095700000, 0x0000000095800000|  0%| F|  |TAMS 0x0000000095700000, 0x0000000095700000| Untracked 
|  72|0x0000000095800000, 0x0000000095800000, 0x0000000095900000|  0%| F|  |TAMS 0x0000000095800000, 0x0000000095800000| Untracked 
|  73|0x0000000095900000, 0x0000000095900000, 0x0000000095a00000|  0%| F|  |TAMS 0x0000000095900000, 0x0000000095900000| Untracked 
|  74|0x0000000095a00000, 0x0000000095a00000, 0x0000000095b00000|  0%| F|  |TAMS 0x0000000095a00000, 0x0000000095a00000| Untracked 
|  75|0x0000000095b00000, 0x0000000095b00000, 0x0000000095c00000|  0%| F|  |TAMS 0x0000000095b00000, 0x0000000095b00000| Untracked 
|  76|0x0000000095c00000, 0x0000000095c00000, 0x0000000095d00000|  0%| F|  |TAMS 0x0000000095c00000, 0x0000000095c00000| Untracked 
|  77|0x0000000095d00000, 0x0000000095d00000, 0x0000000095e00000|  0%| F|  |TAMS 0x0000000095d00000, 0x0000000095d00000| Untracked 
|  78|0x0000000095e00000, 0x0000000095e00000, 0x0000000095f00000|  0%| F|  |TAMS 0x0000000095e00000, 0x0000000095e00000| Untracked 
|  79|0x0000000095f00000, 0x0000000095f00000, 0x0000000096000000|  0%| F|  |TAMS 0x0000000095f00000, 0x0000000095f00000| Untracked 
|  80|0x0000000096000000, 0x0000000096000000, 0x0000000096100000|  0%| F|  |TAMS 0x0000000096000000, 0x0000000096000000| Untracked 
|  81|0x0000000096100000, 0x0000000096100000, 0x0000000096200000|  0%| F|  |TAMS 0x0000000096100000, 0x0000000096100000| Untracked 
|  82|0x0000000096200000, 0x0000000096200000, 0x0000000096300000|  0%| F|  |TAMS 0x0000000096200000, 0x0000000096200000| Untracked 
|  83|0x0000000096300000, 0x0000000096300000, 0x0000000096400000|  0%| F|  |TAMS 0x0000000096300000, 0x0000000096300000| Untracked 
|  84|0x0000000096400000, 0x0000000096400000, 0x0000000096500000|  0%| F|  |TAMS 0x0000000096400000, 0x0000000096400000| Untracked 
|  85|0x0000000096500000, 0x0000000096500000, 0x0000000096600000|  0%| F|  |TAMS 0x0000000096500000, 0x0000000096500000| Untracked 
|  86|0x0000000096600000, 0x0000000096600000, 0x0000000096700000|  0%| F|  |TAMS 0x0000000096600000, 0x0000000096600000| Untracked 
|  87|0x0000000096700000, 0x0000000096700000, 0x0000000096800000|  0%| F|  |TAMS 0x0000000096700000, 0x0000000096700000| Untracked 
|  88|0x0000000096800000, 0x0000000096800000, 0x0000000096900000|  0%| F|  |TAMS 0x0000000096800000, 0x0000000096800000| Untracked 
|  89|0x0000000096900000, 0x0000000096900000, 0x0000000096a00000|  0%| F|  |TAMS 0x0000000096900000, 0x0000000096900000| Untracked 
|  90|0x0000000096a00000, 0x0000000096a00000, 0x0000000096b00000|  0%| F|  |TAMS 0x0000000096a00000, 0x0000000096a00000| Untracked 
|  91|0x0000000096b00000, 0x0000000096b00000, 0x0000000096c00000|  0%| F|  |TAMS 0x0000000096b00000, 0x0000000096b00000| Untracked 
|  92|0x0000000096c00000, 0x0000000096cd60a0, 0x0000000096d00000| 83%| E|  |TAMS 0x0000000096c00000, 0x0000000096c00000| Complete 
|  93|0x0000000096d00000, 0x0000000096e00000, 0x0000000096e00000|100%| E|CS|TAMS 0x0000000096d00000, 0x0000000096d00000| Complete 
|  94|0x0000000096e00000, 0x0000000096f00000, 0x0000000096f00000|100%| E|CS|TAMS 0x0000000096e00000, 0x0000000096e00000| Complete 
|  95|0x0000000096f00000, 0x0000000097000000, 0x0000000097000000|100%| E|CS|TAMS 0x0000000096f00000, 0x0000000096f00000| Complete 
|  96|0x0000000097000000, 0x0000000097100000, 0x0000000097100000|100%| E|CS|TAMS 0x0000000097000000, 0x0000000097000000| Complete 
|  97|0x0000000097100000, 0x0000000097200000, 0x0000000097200000|100%| E|CS|TAMS 0x0000000097100000, 0x0000000097100000| Complete 
|  98|0x0000000097200000, 0x00000000972abe98, 0x0000000097300000| 67%| S|CS|TAMS 0x0000000097200000, 0x0000000097200000| Complete 
|  99|0x0000000097300000, 0x0000000097400000, 0x0000000097400000|100%| E|CS|TAMS 0x0000000097300000, 0x0000000097300000| Complete 
| 100|0x0000000097400000, 0x0000000097500000, 0x0000000097500000|100%| E|CS|TAMS 0x0000000097400000, 0x0000000097400000| Complete 
| 101|0x0000000097500000, 0x0000000097600000, 0x0000000097600000|100%| E|CS|TAMS 0x0000000097500000, 0x0000000097500000| Complete 
| 102|0x0000000097600000, 0x0000000097700000, 0x0000000097700000|100%| E|CS|TAMS 0x0000000097600000, 0x0000000097600000| Complete 
| 103|0x0000000097700000, 0x0000000097800000, 0x0000000097800000|100%| E|CS|TAMS 0x0000000097700000, 0x0000000097700000| Complete 
| 104|0x0000000097800000, 0x0000000097900000, 0x0000000097900000|100%| E|CS|TAMS 0x0000000097800000, 0x0000000097800000| Complete 
| 105|0x0000000097900000, 0x0000000097a00000, 0x0000000097a00000|100%| E|CS|TAMS 0x0000000097900000, 0x0000000097900000| Complete 
| 111|0x0000000097f00000, 0x0000000098000000, 0x0000000098000000|100%| E|CS|TAMS 0x0000000097f00000, 0x0000000097f00000| Complete 

Card table byte_map: [0x0000014c38d60000,0x0000014c390e0000] _byte_map_base: 0x0000014c388d8000

Marking Bits (Prev, Next): (CMBitMap*) 0x0000014c21bcd160, (CMBitMap*) 0x0000014c21bcd1a0
 Prev Bits: [0x0000014c39460000, 0x0000014c3b020000)
 Next Bits: [0x0000014c3b020000, 0x0000014c3cbe0000)

Polling page: 0x0000014c1fa60000

Metaspace:

Usage:
  Non-class:     19.90 MB used.
      Class:      3.16 MB used.
       Both:     23.06 MB used.

Virtual space:
  Non-class space:       64.00 MB reserved,      20.12 MB ( 31%) committed,  1 nodes.
      Class space:        1.00 GB reserved,       3.38 MB ( <1%) committed,  1 nodes.
             Both:        1.06 GB reserved,      23.50 MB (  2%) committed. 

Chunk freelists:
   Non-Class:  11.79 MB
       Class:  12.48 MB
        Both:  24.27 MB

MaxMetaspaceSize: unlimited
CompressedClassSpaceSize: 1.00 GB
Initial GC threshold: 21.00 MB
Current GC threshold: 38.69 MB
CDS: on
MetaspaceReclaimPolicy: balanced
 - commit_granule_bytes: 65536.
 - commit_granule_words: 8192.
 - virtual_space_node_default_size: 8388608.
 - enlarge_chunks_in_place: 1.
 - new_chunks_are_fully_committed: 0.
 - uncommit_free_chunks: 1.
 - use_allocation_guard: 0.
 - handle_deallocations: 1.


Internal statistics:

num_allocs_failed_limit: 3.
num_arena_births: 460.
num_arena_deaths: 0.
num_vsnodes_births: 2.
num_vsnodes_deaths: 0.
num_space_committed: 376.
num_space_uncommitted: 0.
num_chunks_returned_to_freelist: 3.
num_chunks_taken_from_freelist: 1364.
num_chunk_merges: 3.
num_chunk_splits: 894.
num_chunks_enlarged: 606.
num_inconsistent_stats: 0.

CodeHeap 'non-profiled nmethods': size=120000Kb used=5871Kb max_used=5871Kb free=114128Kb
 bounds [0x0000014c31180000, 0x0000014c31740000, 0x0000014c386b0000]
CodeHeap 'profiled nmethods': size=120000Kb used=13230Kb max_used=15309Kb free=106769Kb
 bounds [0x0000014c296b0000, 0x0000014c2a5b0000, 0x0000014c30be0000]
CodeHeap 'non-nmethods': size=5760Kb used=1526Kb max_used=1619Kb free=4233Kb
 bounds [0x0000014c30be0000, 0x0000014c30e50000, 0x0000014c31180000]
 total_blobs=7313 nmethods=6482 adapters=740
 compilation: enabled
              stopped_count=0, restarted_count=0
 full_count=0

Compilation events (20 events):
Event: 175.726 Thread 0x0000014c3f636620 7940       3       java.lang.invoke.LambdaForm::methodType (48 bytes)
Event: 175.727 Thread 0x0000014c3f636620 nmethod 7940 0x0000014c29909a90 code [0x0000014c29909c80, 0x0000014c2990a278]
Event: 175.728 Thread 0x0000014c3f636620 7941       3       jdk.internal.org.objectweb.asm.Type::getArgumentTypes (154 bytes)
Event: 175.728 Thread 0x0000014c3f616040 7942       4       java.lang.invoke.LambdaForm$Name::useCount (51 bytes)
Event: 175.731 Thread 0x0000014c3f636620 nmethod 7941 0x0000014c2a015810 code [0x0000014c2a015d00, 0x0000014c2a0185a8]
Event: 175.731 Thread 0x0000014c3f636620 7943       3       java.lang.invoke.LambdaForm::<init> (115 bytes)
Event: 175.731 Thread 0x0000014c3f616040 nmethod 7942 0x0000014c31517990 code [0x0000014c31517b00, 0x0000014c31517c78]
Event: 175.732 Thread 0x0000014c3f636620 nmethod 7943 0x0000014c29835b10 code [0x0000014c29835d00, 0x0000014c298363a8]
Event: 175.732 Thread 0x0000014c3f616040 7946       4       jdk.internal.org.objectweb.asm.Frame::execute (2305 bytes)
Event: 175.732 Thread 0x0000014c3f636620 7944       3       java.lang.invoke.LambdaForm::fixResult (31 bytes)
Event: 175.732 Thread 0x0000014c3f636620 nmethod 7944 0x0000014c29ed9e10 code [0x0000014c29ed9fc0, 0x0000014c29eda198]
Event: 175.735 Thread 0x0000014c3f636620 7952       3       jdk.internal.org.objectweb.asm.AnnotationVisitor::<init> (7 bytes)
Event: 175.735 Thread 0x0000014c3f636620 nmethod 7952 0x0000014c29b17a90 code [0x0000014c29b17c40, 0x0000014c29b17da8]
Event: 175.735 Thread 0x0000014c3f636620 7953       3       jdk.internal.org.objectweb.asm.AnnotationVisitor::<init> (88 bytes)
Event: 175.736 Thread 0x0000014c3f636620 nmethod 7953 0x0000014c29b52210 code [0x0000014c29b52460, 0x0000014c29b52d28]
Event: 176.133 Thread 0x0000014c3f616040 nmethod 7946 0x0000014c3172d210 code [0x0000014c3172e100, 0x0000014c31736590]
Event: 176.133 Thread 0x0000014c3f616040 7949       4       java.util.Arrays::equals (57 bytes)
Event: 176.135 Thread 0x0000014c3f616040 nmethod 7949 0x0000014c3173af90 code [0x0000014c3173b120, 0x0000014c3173b298]
Event: 176.135 Thread 0x0000014c3f616040 7945       4       jdk.internal.org.objectweb.asm.Frame::push (109 bytes)
Event: 176.140 Thread 0x0000014c3f616040 nmethod 7945 0x0000014c3173b410 code [0x0000014c3173b5a0, 0x0000014c3173bbd8]

GC Heap History (20 events):
Event: 4.970 GC heap before
{Heap before GC invocations=1 (full 0):
 garbage-first heap   total 114688K, used 39317K [0x0000000091000000, 0x0000000100000000)
  region size 1024K, 35 young (35840K), 3 survivors (3072K)
 Metaspace       used 10588K, committed 10752K, reserved 1114112K
  class space    used 1384K, committed 1472K, reserved 1048576K
}
Event: 4.974 GC heap after
{Heap after GC invocations=2 (full 0):
 garbage-first heap   total 114688K, used 8173K [0x0000000091000000, 0x0000000100000000)
  region size 1024K, 5 young (5120K), 5 survivors (5120K)
 Metaspace       used 10588K, committed 10752K, reserved 1114112K
  class space    used 1384K, committed 1472K, reserved 1048576K
}
Event: 24.397 GC heap before
{Heap before GC invocations=2 (full 0):
 garbage-first heap   total 114688K, used 87021K [0x0000000091000000, 0x0000000100000000)
  region size 1024K, 65 young (66560K), 5 survivors (5120K)
 Metaspace       used 21223K, committed 21504K, reserved 1114112K
  class space    used 3069K, committed 3200K, reserved 1048576K
}
Event: 24.409 GC heap after
{Heap after GC invocations=3 (full 0):
 garbage-first heap   total 114688K, used 31520K [0x0000000091000000, 0x0000000100000000)
  region size 1024K, 9 young (9216K), 9 survivors (9216K)
 Metaspace       used 21223K, committed 21504K, reserved 1114112K
  class space    used 3069K, committed 3200K, reserved 1048576K
}
Event: 60.881 GC heap before
{Heap before GC invocations=4 (full 0):
 garbage-first heap   total 109568K, used 89888K [0x0000000091000000, 0x0000000100000000)
  region size 1024K, 56 young (57344K), 9 survivors (9216K)
 Metaspace       used 22587K, committed 22912K, reserved 1114112K
  class space    used 3189K, committed 3392K, reserved 1048576K
}
Event: 60.892 GC heap after
{Heap after GC invocations=5 (full 0):
 garbage-first heap   total 109568K, used 41772K [0x0000000091000000, 0x0000000100000000)
  region size 1024K, 7 young (7168K), 7 survivors (7168K)
 Metaspace       used 22587K, committed 22912K, reserved 1114112K
  class space    used 3189K, committed 3392K, reserved 1048576K
}
Event: 60.908 GC heap before
{Heap before GC invocations=5 (full 0):
 garbage-first heap   total 109568K, used 42796K [0x0000000091000000, 0x0000000100000000)
  region size 1024K, 8 young (8192K), 7 survivors (7168K)
 Metaspace       used 22601K, committed 22976K, reserved 1114112K
  class space    used 3189K, committed 3392K, reserved 1048576K
}
Event: 60.912 GC heap after
{Heap after GC invocations=6 (full 0):
 garbage-first heap   total 109568K, used 42633K [0x0000000091000000, 0x0000000100000000)
  region size 1024K, 1 young (1024K), 1 survivors (1024K)
 Metaspace       used 22601K, committed 22976K, reserved 1114112K
  class space    used 3189K, committed 3392K, reserved 1048576K
}
Event: 84.354 GC heap before
{Heap before GC invocations=6 (full 0):
 garbage-first heap   total 109568K, used 88713K [0x0000000091000000, 0x0000000100000000)
  region size 1024K, 39 young (39936K), 1 survivors (1024K)
 Metaspace       used 23036K, committed 23360K, reserved 1114112K
  class space    used 3193K, committed 3392K, reserved 1048576K
}
Event: 84.360 GC heap after
{Heap after GC invocations=7 (full 0):
 garbage-first heap   total 109568K, used 52047K [0x0000000091000000, 0x0000000100000000)
  region size 1024K, 5 young (5120K), 5 survivors (5120K)
 Metaspace       used 23036K, committed 23360K, reserved 1114112K
  class space    used 3193K, committed 3392K, reserved 1048576K
}
Event: 94.267 GC heap before
{Heap before GC invocations=7 (full 0):
 garbage-first heap   total 109568K, used 63311K [0x0000000091000000, 0x0000000100000000)
  region size 1024K, 16 young (16384K), 5 survivors (5120K)
 Metaspace       used 23097K, committed 23424K, reserved 1114112K
  class space    used 3195K, committed 3392K, reserved 1048576K
}
Event: 94.272 GC heap after
{Heap after GC invocations=8 (full 0):
 garbage-first heap   total 109568K, used 54265K [0x0000000091000000, 0x0000000100000000)
  region size 1024K, 3 young (3072K), 3 survivors (3072K)
 Metaspace       used 23097K, committed 23424K, reserved 1114112K
  class space    used 3195K, committed 3392K, reserved 1048576K
}
Event: 94.333 GC heap before
{Heap before GC invocations=9 (full 0):
 garbage-first heap   total 109568K, used 56313K [0x0000000091000000, 0x0000000100000000)
  region size 1024K, 5 young (5120K), 3 survivors (3072K)
 Metaspace       used 23101K, committed 23424K, reserved 1114112K
  class space    used 3195K, committed 3392K, reserved 1048576K
}
Event: 94.337 GC heap after
{Heap after GC invocations=10 (full 0):
 garbage-first heap   total 109568K, used 55475K [0x0000000091000000, 0x0000000100000000)
  region size 1024K, 3 young (3072K), 3 survivors (3072K)
 Metaspace       used 23101K, committed 23424K, reserved 1114112K
  class space    used 3195K, committed 3392K, reserved 1048576K
}
Event: 113.746 GC heap before
{Heap before GC invocations=11 (full 0):
 garbage-first heap   total 109568K, used 88243K [0x0000000091000000, 0x0000000100000000)
  region size 1024K, 29 young (29696K), 3 survivors (3072K)
 Metaspace       used 23350K, committed 23680K, reserved 1114112K
  class space    used 3197K, committed 3392K, reserved 1048576K
}
Event: 113.750 GC heap after
{Heap after GC invocations=12 (full 0):
 garbage-first heap   total 109568K, used 57572K [0x0000000091000000, 0x0000000100000000)
  region size 1024K, 3 young (3072K), 3 survivors (3072K)
 Metaspace       used 23350K, committed 23680K, reserved 1114112K
  class space    used 3197K, committed 3392K, reserved 1048576K
}
Event: 122.365 GC heap before
{Heap before GC invocations=12 (full 0):
 garbage-first heap   total 109568K, used 59620K [0x0000000091000000, 0x0000000100000000)
  region size 1024K, 5 young (5120K), 3 survivors (3072K)
 Metaspace       used 23373K, committed 23680K, reserved 1114112K
  class space    used 3200K, committed 3392K, reserved 1048576K
}
Event: 122.368 GC heap after
{Heap after GC invocations=13 (full 0):
 garbage-first heap   total 109568K, used 56483K [0x0000000091000000, 0x0000000100000000)
  region size 1024K, 1 young (1024K), 1 survivors (1024K)
 Metaspace       used 23373K, committed 23680K, reserved 1114112K
  class space    used 3200K, committed 3392K, reserved 1048576K
}
Event: 124.903 GC heap before
{Heap before GC invocations=13 (full 0):
 garbage-first heap   total 109568K, used 61603K [0x0000000091000000, 0x0000000100000000)
  region size 1024K, 8 young (8192K), 1 survivors (1024K)
 Metaspace       used 23429K, committed 23744K, reserved 1114112K
  class space    used 3201K, committed 3392K, reserved 1048576K
}
Event: 124.905 GC heap after
{Heap after GC invocations=14 (full 0):
 garbage-first heap   total 109568K, used 56802K [0x0000000091000000, 0x0000000100000000)
  region size 1024K, 1 young (1024K), 1 survivors (1024K)
 Metaspace       used 23429K, committed 23744K, reserved 1114112K
  class space    used 3201K, committed 3392K, reserved 1048576K
}

Dll operation events (20 events):
Event: 1.426 Loaded shared library D:\Proyecto Terminal\openjfx-22.0.1_windows-x64_bin-sdk\javafx-sdk-22.0.1\bin\api-ms-win-crt-math-l1-1-0.dll
Event: 1.429 Loaded shared library D:\Proyecto Terminal\openjfx-22.0.1_windows-x64_bin-sdk\javafx-sdk-22.0.1\bin\api-ms-win-crt-multibyte-l1-1-0.dll
Event: 1.432 Loaded shared library D:\Proyecto Terminal\openjfx-22.0.1_windows-x64_bin-sdk\javafx-sdk-22.0.1\bin\api-ms-win-crt-private-l1-1-0.dll
Event: 1.435 Loaded shared library D:\Proyecto Terminal\openjfx-22.0.1_windows-x64_bin-sdk\javafx-sdk-22.0.1\bin\api-ms-win-crt-process-l1-1-0.dll
Event: 1.437 Loaded shared library D:\Proyecto Terminal\openjfx-22.0.1_windows-x64_bin-sdk\javafx-sdk-22.0.1\bin\api-ms-win-crt-runtime-l1-1-0.dll
Event: 1.440 Loaded shared library D:\Proyecto Terminal\openjfx-22.0.1_windows-x64_bin-sdk\javafx-sdk-22.0.1\bin\api-ms-win-crt-stdio-l1-1-0.dll
Event: 1.442 Loaded shared library D:\Proyecto Terminal\openjfx-22.0.1_windows-x64_bin-sdk\javafx-sdk-22.0.1\bin\api-ms-win-crt-string-l1-1-0.dll
Event: 1.447 Loaded shared library D:\Proyecto Terminal\openjfx-22.0.1_windows-x64_bin-sdk\javafx-sdk-22.0.1\bin\api-ms-win-crt-time-l1-1-0.dll
Event: 1.452 Loaded shared library D:\Proyecto Terminal\openjfx-22.0.1_windows-x64_bin-sdk\javafx-sdk-22.0.1\bin\api-ms-win-crt-utility-l1-1-0.dll
Event: 1.459 Loaded shared library D:\Proyecto Terminal\openjfx-22.0.1_windows-x64_bin-sdk\javafx-sdk-22.0.1\bin\ucrtbase.dll
Event: 1.462 Loaded shared library D:\Proyecto Terminal\openjfx-22.0.1_windows-x64_bin-sdk\javafx-sdk-22.0.1\bin\vcruntime140.dll
Event: 1.466 Loaded shared library D:\Proyecto Terminal\openjfx-22.0.1_windows-x64_bin-sdk\javafx-sdk-22.0.1\bin\vcruntime140_1.dll
Event: 1.472 Loaded shared library D:\Proyecto Terminal\openjfx-22.0.1_windows-x64_bin-sdk\javafx-sdk-22.0.1\bin\msvcp140.dll
Event: 1.476 Loaded shared library D:\Proyecto Terminal\openjfx-22.0.1_windows-x64_bin-sdk\javafx-sdk-22.0.1\bin\msvcp140_1.dll
Event: 1.481 Loaded shared library D:\Proyecto Terminal\openjfx-22.0.1_windows-x64_bin-sdk\javafx-sdk-22.0.1\bin\msvcp140_2.dll
Event: 1.586 Loaded shared library D:\Proyecto Terminal\openjfx-22.0.1_windows-x64_bin-sdk\javafx-sdk-22.0.1\bin\prism_d3d.dll
Event: 1.679 Loaded shared library D:\Proyecto Terminal\openjfx-22.0.1_windows-x64_bin-sdk\javafx-sdk-22.0.1\bin\glass.dll
Event: 1.885 Loaded shared library C:\Users\diego\.jdks\corretto-17.0.13\bin\jimage.dll
Event: 2.609 Loaded shared library D:\Proyecto Terminal\openjfx-22.0.1_windows-x64_bin-sdk\javafx-sdk-22.0.1\bin\javafx_font.dll
Event: 11.765 Loaded shared library D:\Proyecto Terminal\openjfx-22.0.1_windows-x64_bin-sdk\javafx-sdk-22.0.1\bin\javafx_iio.dll

Deoptimization events (20 events):
Event: 195.550 Thread 0x0000014c85b56ba0 Uncommon trap: trap_request=0xffffff45 fr.pc=0x0000014c313f3f60 relative=0x00000000000004e0
Event: 195.550 Thread 0x0000014c85b56ba0 Uncommon trap: reason=unstable_if action=reinterpret pc=0x0000014c313f3f60 method=java.util.concurrent.locks.AbstractQueuedSynchronizer$ConditionNode.isReleasable()Z @ 14 c2
Event: 195.550 Thread 0x0000014c86c52b30 DEOPT PACKING pc=0x0000014c31542068 sp=0x0000002f965fefe0
Event: 195.550 Thread 0x0000014c85b56ba0 DEOPT PACKING pc=0x0000014c313f3f60 sp=0x0000002f963ff2c0
Event: 195.550 Thread 0x0000014c86c52b30 DEOPT UNPACKING pc=0x0000014c30c369a3 sp=0x0000002f965feed0 mode 2
Event: 195.550 Thread 0x0000014c85b56ba0 DEOPT UNPACKING pc=0x0000014c30c369a3 sp=0x0000002f963ff0f8 mode 2
Event: 195.550 Thread 0x0000014c85b56ba0 Uncommon trap: trap_request=0xffffff45 fr.pc=0x0000014c314468e4 relative=0x0000000000000ee4
Event: 195.550 Thread 0x0000014c85b56ba0 Uncommon trap: reason=unstable_if action=reinterpret pc=0x0000014c314468e4 method=java.util.concurrent.locks.AbstractQueuedSynchronizer.acquire(Ljava/util/concurrent/locks/AbstractQueuedSynchronizer$Node;IZZZJ)I @ 155 c2
Event: 195.550 Thread 0x0000014c85b56ba0 DEOPT PACKING pc=0x0000014c314468e4 sp=0x0000002f963ff1d0
Event: 195.550 Thread 0x0000014c85b56ba0 DEOPT UNPACKING pc=0x0000014c30c369a3 sp=0x0000002f963ff190 mode 2
Event: 195.550 Thread 0x0000014c85b56ba0 Uncommon trap: trap_request=0xffffffde fr.pc=0x0000014c3143be50 relative=0x0000000000000410
Event: 195.550 Thread 0x0000014c85b56ba0 Uncommon trap: reason=class_check action=maybe_recompile pc=0x0000014c3143be50 method=java.lang.Throwable.<init>()V @ 24 c2
Event: 195.550 Thread 0x0000014c85b56ba0 DEOPT PACKING pc=0x0000014c3143be50 sp=0x0000002f963ff180
Event: 195.550 Thread 0x0000014c85b56ba0 DEOPT UNPACKING pc=0x0000014c30c369a3 sp=0x0000002f963ff150 mode 2
Event: 195.550 Thread 0x0000014c85b56ba0 DEOPT PACKING pc=0x0000014c2a35f5e4 sp=0x0000002f963ff350
Event: 195.550 Thread 0x0000014c85b56ba0 DEOPT UNPACKING pc=0x0000014c30c37143 sp=0x0000002f963fe898 mode 1
Event: 195.551 Thread 0x0000014c85b56ba0 DEOPT PACKING pc=0x0000014c2a36253c sp=0x0000002f963ff460
Event: 195.551 Thread 0x0000014c85b56ba0 DEOPT UNPACKING pc=0x0000014c30c37143 sp=0x0000002f963fe920 mode 1
Event: 195.551 Thread 0x0000014c86c52b30 DEOPT PACKING pc=0x0000014c2983a4cc sp=0x0000002f965ff2e0
Event: 195.551 Thread 0x0000014c86c52b30 DEOPT UNPACKING pc=0x0000014c30c37143 sp=0x0000002f965fe740 mode 1

Classes loaded (20 events):
Event: 118.662 Loading class optiuam/bc/model/ElementoGrafico
Event: 118.662 Loading class optiuam/bc/model/ElementoGrafico done
Event: 118.662 Loading class optiuam/bc/model/ElementoGrafico
Event: 118.662 Loading class optiuam/bc/model/ElementoGrafico done
Event: 118.663 Loading class optiuam/bc/model/ElementoGrafico
Event: 118.663 Loading class optiuam/bc/model/ElementoGrafico done
Event: 118.663 Loading class optiuam/bc/model/ElementoGrafico
Event: 118.663 Loading class optiuam/bc/model/ElementoGrafico done
Event: 118.665 Loading class optiuam/bc/controller/VentanaMultiplexorController
Event: 118.665 Loading class optiuam/bc/controller/VentanaMultiplexorController done
Event: 118.665 Loading class optiuam/bc/model/ElementoGrafico
Event: 118.665 Loading class optiuam/bc/model/ElementoGrafico done
Event: 146.226 Loading class java/io/DataOutputStream
Event: 146.226 Loading class java/io/DataOutputStream done
Event: 195.547 Loading class jdk/internal/misc/Signal$1
Event: 195.547 Loading class jdk/internal/misc/Signal$1 done
Event: 195.550 Loading class com/sun/javafx/tk/quantum/QuantumRenderer
Event: 195.550 Loading class com/sun/javafx/tk/quantum/QuantumRenderer done
Event: 195.550 Loading class com/sun/javafx/tk/quantum/QuantumToolkit
Event: 195.550 Loading class com/sun/javafx/tk/quantum/QuantumToolkit done

Classes unloaded (0 events):
No events

Classes redefined (0 events):
No events

Internal exceptions (20 events):
Event: 11.668 Thread 0x0000014c85688590 Exception <a 'java/lang/NoSuchMethodError'{0x0000000095eb59b8}: 'java.lang.Object java.lang.invoke.DirectMethodHandle$Holder.newInvokeSpecial(java.lang.Object, java.lang.Object, long)'> (0x0000000095eb59b8) 
thrown [s\src\hotspot\share\interpreter\linkResolver.cpp, line 759]
Event: 11.669 Thread 0x0000014c85688590 Exception <a 'java/lang/NoSuchMethodError'{0x0000000095eb9528}: 'java.lang.Object java.lang.invoke.Invokers$Holder.linkToTargetMethod(java.lang.Object, long, java.lang.Object)'> (0x0000000095eb9528) 
thrown [s\src\hotspot\share\interpreter\linkResolver.cpp, line 759]
Event: 11.965 Thread 0x0000014c85688590 Exception <a 'java/lang/ClassNotFoundException'{0x000000009528d628}: com/sun/javafx/scene/control/skin/resources/controls> (0x000000009528d628) 
thrown [s\src\hotspot\share\prims\jni.cpp, line 535]
Event: 11.967 Thread 0x0000014c85688590 Exception <a 'java/lang/ClassNotFoundException'{0x000000009529c1d8}: com/sun/javafx/scene/control/skin/resources/controls_es> (0x000000009529c1d8) 
thrown [s\src\hotspot\share\prims\jni.cpp, line 535]
Event: 11.968 Thread 0x0000014c85688590 Exception <a 'java/lang/ClassNotFoundException'{0x00000000952aa3d8}: com/sun/javafx/scene/control/skin/resources/controls_es_MX> (0x00000000952aa3d8) 
thrown [s\src\hotspot\share\prims\jni.cpp, line 535]
Event: 12.023 Thread 0x0000014c85688590 Exception <a 'java/lang/NoSuchMethodError'{0x00000000950364e0}: 'int java.lang.invoke.DirectMethodHandle$Holder.invokeSpecial(java.lang.Object, java.lang.Object, int)'> (0x00000000950364e0) 
thrown [s\src\hotspot\share\interpreter\linkResolver.cpp, line 759]
Event: 12.260 Thread 0x0000014c85688590 Exception <a 'java/lang/NoSuchMethodError'{0x0000000094a80448}: 'void java.lang.invoke.DirectMethodHandle$Holder.invokeVirtual(java.lang.Object, java.lang.Object)'> (0x0000000094a80448) 
thrown [s\src\hotspot\share\interpreter\linkResolver.cpp, line 759]
Event: 13.575 Thread 0x0000014c85688590 Exception <a 'java/lang/NoSuchMethodError'{0x00000000949a2c60}: 'java.lang.Object java.lang.invoke.DirectMethodHandle$Holder.newInvokeSpecial(java.lang.Object, java.lang.Object, int, int, int, int, int, java.lang.Object)'> (0x00000000949a2c60) 
thrown [s\src\hotspot\share\interpreter\linkResolver.cpp, line 759]
Event: 13.577 Thread 0x0000014c85688590 Exception <a 'java/lang/NoSuchMethodError'{0x00000000949b6188}: 'java.lang.Object java.lang.invoke.DirectMethodHandle$Holder.newInvokeSpecial(java.lang.Object, java.lang.Object, java.lang.Object, int, int, int, int, int)'> (0x00000000949b6188) 
thrown [s\src\hotspot\share\interpreter\linkResolver.cpp, line 759]
Event: 13.578 Thread 0x0000014c85688590 Exception <a 'java/lang/NoSuchMethodError'{0x00000000949be1e0}: 'java.lang.Object java.lang.invoke.Invokers$Holder.linkToTargetMethod(java.lang.Object, java.lang.Object, int, int, int, int, int, java.lang.Object)'> (0x00000000949be1e0) 
thrown [s\src\hotspot\share\interpreter\linkResolver.cpp, line 759]
Event: 17.536 Thread 0x0000014c85688590 Implicit null exception at 0x0000014c31373984 to 0x0000014c31373b3c
Event: 17.538 Thread 0x0000014c85688590 Implicit null exception at 0x0000014c3139709c to 0x0000014c31397d74
Event: 25.130 Thread 0x0000014c85688590 Implicit null exception at 0x0000014c3133117e to 0x0000014c31331210
Event: 67.530 Thread 0x0000014c85688590 Implicit null exception at 0x0000014c3141f451 to 0x0000014c3141fff4
Event: 67.538 Thread 0x0000014c85688590 Implicit null exception at 0x0000014c314ca4f7 to 0x0000014c314cba54
Event: 67.544 Thread 0x0000014c85688590 Implicit null exception at 0x0000014c31375a22 to 0x0000014c31375a98
Event: 146.289 Thread 0x0000014c85688590 Exception <a 'java/lang/NoSuchMethodError'{0x00000000976bb490}: 'java.lang.Object java.lang.invoke.DirectMethodHandle$Holder.invokeSpecial(java.lang.Object, java.lang.Object, long, java.lang.Object, int, int, java.lang.Object, int, java.lang.Object)'> (0x00000000976bb490) 
thrown [s\src\hotspot\share\interpreter\linkResolver.cpp, line 759]
Event: 146.292 Thread 0x0000014c85688590 Exception <a 'java/lang/NoSuchMethodError'{0x00000000976bf6f0}: 'java.lang.Object java.lang.invoke.DelegatingMethodHandle$Holder.reinvoke_L(java.lang.Object, long, java.lang.Object, int, int, java.lang.Object, int, java.lang.Object)'> (0x00000000976bf6f0) 
thrown [s\src\hotspot\share\interpreter\linkResolver.cpp, line 759]
Event: 146.369 Thread 0x0000014c85688590 Exception <a 'java/lang/NoSuchMethodError'{0x000000009752ba10}: 'java.lang.Object java.lang.invoke.DelegatingMethodHandle$Holder.reinvoke_L(java.lang.Object, java.lang.Object, int, int, double, int)'> (0x000000009752ba10) 
thrown [s\src\hotspot\share\interpreter\linkResolver.cpp, line 759]
Event: 175.733 Thread 0x0000014c85688590 Exception <a 'java/lang/NoSuchMethodError'{0x0000000096d420c8}: 'java.lang.Object java.lang.invoke.DelegatingMethodHandle$Holder.reinvoke_L(java.lang.Object, java.lang.Object, int, int, java.lang.Object, java.lang.Object)'> (0x0000000096d420c8) 
thrown [s\src\hotspot\share\interpreter\linkResolver.cpp, line 759]

VM Operations (20 events):
Event: 193.809 Executing VM operation: get/set locals done
Event: 193.809 Executing VM operation: get/set locals
Event: 193.809 Executing VM operation: get/set locals done
Event: 193.812 Executing VM operation: get/set locals
Event: 193.812 Executing VM operation: get/set locals done
Event: 195.449 Executing VM operation: ChangeBreakpoints
Event: 195.450 Executing VM operation: ChangeBreakpoints done
Event: 195.450 Executing VM operation: ChangeBreakpoints
Event: 195.450 Executing VM operation: ChangeBreakpoints done
Event: 195.450 Executing VM operation: ChangeBreakpoints
Event: 195.450 Executing VM operation: ChangeBreakpoints done
Event: 195.450 Executing VM operation: ChangeBreakpoints
Event: 195.450 Executing VM operation: ChangeBreakpoints done
Event: 195.450 Executing VM operation: ChangeBreakpoints
Event: 195.450 Executing VM operation: ChangeBreakpoints done
Event: 195.450 Executing VM operation: ChangeBreakpoints
Event: 195.450 Executing VM operation: ChangeBreakpoints done
Event: 195.450 Executing VM operation: ChangeBreakpoints
Event: 195.450 Executing VM operation: ChangeBreakpoints done
Event: 195.551 Executing VM operation: Exit

Memory protections (0 events):
No events

Nmethod flushes (20 events):
Event: 110.490 Thread 0x0000014c3f63eb30 flushing  nmethod 0x0000014c2a0e5f10
Event: 110.490 Thread 0x0000014c3f63eb30 flushing  nmethod 0x0000014c2a0fa290
Event: 110.490 Thread 0x0000014c3f63eb30 flushing  nmethod 0x0000014c2a0fc990
Event: 110.491 Thread 0x0000014c3f63eb30 flushing  nmethod 0x0000014c2a109390
Event: 110.491 Thread 0x0000014c3f63eb30 flushing  nmethod 0x0000014c2a13e890
Event: 110.491 Thread 0x0000014c3f63eb30 flushing  nmethod 0x0000014c2a141c90
Event: 110.491 Thread 0x0000014c3f63eb30 flushing  nmethod 0x0000014c2a142610
Event: 110.491 Thread 0x0000014c3f63eb30 flushing  nmethod 0x0000014c2a16a290
Event: 110.491 Thread 0x0000014c3f63eb30 flushing  nmethod 0x0000014c2a16b190
Event: 110.491 Thread 0x0000014c3f63eb30 flushing  nmethod 0x0000014c2a173310
Event: 110.491 Thread 0x0000014c3f63eb30 flushing  nmethod 0x0000014c2a183f10
Event: 110.491 Thread 0x0000014c3f63eb30 flushing  nmethod 0x0000014c2a18d390
Event: 110.491 Thread 0x0000014c3f63eb30 flushing  nmethod 0x0000014c2a191a90
Event: 110.491 Thread 0x0000014c3f63eb30 flushing  nmethod 0x0000014c2a274e90
Event: 110.491 Thread 0x0000014c3f63eb30 flushing  nmethod 0x0000014c2a277f90
Event: 110.491 Thread 0x0000014c3f63eb30 flushing  nmethod 0x0000014c2a278690
Event: 110.492 Thread 0x0000014c3f63eb30 flushing  nmethod 0x0000014c2a27f710
Event: 110.492 Thread 0x0000014c3f63eb30 flushing  nmethod 0x0000014c2a2ace90
Event: 110.492 Thread 0x0000014c3f63eb30 flushing  nmethod 0x0000014c2a2b6490
Event: 110.493 Thread 0x0000014c3f63eb30 flushing  nmethod 0x0000014c2a471910

Events (20 events):
Event: 66.509 Thread 0x0000014c921858e0 Thread exited: 0x0000014c921858e0
Event: 77.591 Thread 0x0000014c3f636620 Thread added: 0x0000014c86279820
Event: 77.968 Thread 0x0000014c86279820 Thread exited: 0x0000014c86279820
Event: 82.226 Thread 0x0000014c3f636620 Thread added: 0x0000014c9138a240
Event: 83.346 Thread 0x0000014c9138a240 Thread exited: 0x0000014c9138a240
Event: 87.676 Thread 0x0000014c3f636620 Thread added: 0x0000014c9178b810
Event: 89.331 Thread 0x0000014c9178b810 Thread exited: 0x0000014c9178b810
Event: 106.298 Thread 0x0000014c3f636620 Thread added: 0x0000014c858562b0
Event: 107.141 Thread 0x0000014c858562b0 Thread exited: 0x0000014c858562b0
Event: 122.518 Thread 0x0000014c3f616040 Thread added: 0x0000014c8f221e40
Event: 122.987 Thread 0x0000014c8f221e40 Thread exited: 0x0000014c8f221e40
Event: 124.895 Thread 0x0000014c3f636620 Thread added: 0x0000014c8f221e40
Event: 126.208 Thread 0x0000014c8f221e40 Thread exited: 0x0000014c8f221e40
Event: 195.449 Thread 0x0000014c854dc0e0 Thread exited: 0x0000014c854dc0e0
Event: 195.458 Thread 0x0000014c853b5240 Thread exited: 0x0000014c853b5240
Event: 195.548 Thread 0x0000014c3f5fc160 Thread added: 0x0000014c86c516f0
Event: 195.549 Thread 0x0000014c86c516f0 Thread added: 0x0000014c86c51c00
Event: 195.549 Thread 0x0000014c86c516f0 Thread added: 0x0000014c86c52b30
Event: 195.550 Thread 0x0000014c86c51c00 Thread exited: 0x0000014c86c51c00
Event: 195.551 Thread 0x0000014c86c52b30 Thread exited: 0x0000014c86c52b30


Dynamic libraries:
0x00007ff60a550000 - 0x00007ff60a55e000 	C:\Users\diego\.jdks\corretto-17.0.13\bin\java.exe
0x00007ff96c5c0000 - 0x00007ff96c823000 	C:\WINDOWS\SYSTEM32\ntdll.dll
0x00007ff96b700000 - 0x00007ff96b7c8000 	C:\WINDOWS\System32\KERNEL32.DLL
0x00007ff969e40000 - 0x00007ff96a1f2000 	C:\WINDOWS\System32\KERNELBASE.dll
0x00007ff969a40000 - 0x00007ff969b8b000 	C:\WINDOWS\System32\ucrtbase.dll
0x00007ff928950000 - 0x00007ff92896b000 	C:\Users\diego\.jdks\corretto-17.0.13\bin\VCRUNTIME140.dll
0x00007ff92e330000 - 0x00007ff92e347000 	C:\Users\diego\.jdks\corretto-17.0.13\bin\jli.dll
0x00007ff96b3a0000 - 0x00007ff96b568000 	C:\WINDOWS\System32\USER32.dll
0x00007ff96a3f0000 - 0x00007ff96a417000 	C:\WINDOWS\System32\win32u.dll
0x00007ff956410000 - 0x00007ff9566a0000 	C:\WINDOWS\WinSxS\amd64_microsoft.windows.common-controls_6595b64144ccf1df_6.0.26100.2454_none_3e0b68a2e331ad60\COMCTL32.dll
0x00007ff96b190000 - 0x00007ff96b1ba000 	C:\WINDOWS\System32\GDI32.dll
0x00007ff96a2c0000 - 0x00007ff96a3eb000 	C:\WINDOWS\System32\gdi32full.dll
0x00007ff96b650000 - 0x00007ff96b6f9000 	C:\WINDOWS\System32\msvcrt.dll
0x00007ff969990000 - 0x00007ff969a33000 	C:\WINDOWS\System32\msvcp_win.dll
0x00007ff96a430000 - 0x00007ff96a45f000 	C:\WINDOWS\System32\IMM32.DLL
0x00007ff953e20000 - 0x00007ff953e2c000 	C:\Users\diego\.jdks\corretto-17.0.13\bin\vcruntime140_1.dll
0x00007ff90be90000 - 0x00007ff90bf1d000 	C:\Users\diego\.jdks\corretto-17.0.13\bin\msvcp140.dll
0x00007ff8e3c00000 - 0x00007ff8e486c000 	C:\Users\diego\.jdks\corretto-17.0.13\bin\server\jvm.dll
0x00007ff96c2d0000 - 0x00007ff96c384000 	C:\WINDOWS\System32\ADVAPI32.dll
0x00007ff96c450000 - 0x00007ff96c4f6000 	C:\WINDOWS\System32\sechost.dll
0x00007ff96a470000 - 0x00007ff96a586000 	C:\WINDOWS\System32\RPCRT4.dll
0x00007ff96b1c0000 - 0x00007ff96b234000 	C:\WINDOWS\System32\WS2_32.dll
0x00007ff969820000 - 0x00007ff96986e000 	C:\WINDOWS\SYSTEM32\POWRPROF.dll
0x00007ff9663c0000 - 0x00007ff9663f6000 	C:\WINDOWS\SYSTEM32\WINMM.dll
0x00007ff9603f0000 - 0x00007ff9603fb000 	C:\WINDOWS\SYSTEM32\VERSION.dll
0x00007ff969800000 - 0x00007ff969814000 	C:\WINDOWS\SYSTEM32\UMPDC.dll
0x00007ff9687d0000 - 0x00007ff9687ea000 	C:\WINDOWS\SYSTEM32\kernel.appcore.dll
0x00007ff939500000 - 0x00007ff93950a000 	C:\Users\diego\.jdks\corretto-17.0.13\bin\jimage.dll
0x00007ff966ee0000 - 0x00007ff967121000 	C:\WINDOWS\SYSTEM32\DBGHELP.DLL
0x00007ff96bed0000 - 0x00007ff96c24e000 	C:\WINDOWS\System32\combase.dll
0x00007ff96b570000 - 0x00007ff96b646000 	C:\WINDOWS\System32\OLEAUT32.dll
0x00007ff94b010000 - 0x00007ff94b049000 	C:\WINDOWS\SYSTEM32\dbgcore.DLL
0x00007ff969b90000 - 0x00007ff969c29000 	C:\WINDOWS\System32\bcryptPrimitives.dll
0x00007ff90cfc0000 - 0x00007ff90cffb000 	C:\Users\diego\.jdks\corretto-17.0.13\bin\jdwp.dll
0x00007ff935c30000 - 0x00007ff935c3e000 	C:\Users\diego\.jdks\corretto-17.0.13\bin\instrument.dll
0x00007ff90ec60000 - 0x00007ff90ec85000 	C:\Users\diego\.jdks\corretto-17.0.13\bin\java.dll
0x00007ff90d000000 - 0x00007ff90d018000 	C:\Users\diego\.jdks\corretto-17.0.13\bin\zip.dll
0x00007ff8e3b20000 - 0x00007ff8e3bf7000 	C:\Users\diego\.jdks\corretto-17.0.13\bin\jsvml.dll
0x00007ff96a9a0000 - 0x00007ff96b0a0000 	C:\WINDOWS\System32\SHELL32.dll
0x00007ff9676e0000 - 0x00007ff967f11000 	C:\WINDOWS\SYSTEM32\windows.storage.dll
0x00007ff96b0b0000 - 0x00007ff96b18a000 	C:\WINDOWS\System32\SHCORE.dll
0x00007ff96a740000 - 0x00007ff96a79d000 	C:\WINDOWS\System32\shlwapi.dll
0x00007ff9698a0000 - 0x00007ff9698ce000 	C:\WINDOWS\SYSTEM32\profapi.dll
0x00007ff928930000 - 0x00007ff928949000 	C:\Users\diego\.jdks\corretto-17.0.13\bin\net.dll
0x00007ff962eb0000 - 0x00007ff962fd6000 	C:\WINDOWS\SYSTEM32\WINHTTP.dll
0x00007ff968cd0000 - 0x00007ff968d38000 	C:\WINDOWS\system32\mswsock.dll
0x00007ff90d080000 - 0x00007ff90d096000 	C:\Users\diego\.jdks\corretto-17.0.13\bin\nio.dll
0x00007ff933850000 - 0x00007ff93385c000 	C:\Users\diego\.jdks\corretto-17.0.13\bin\dt_socket.dll
0x00007ff968260000 - 0x00007ff968292000 	C:\WINDOWS\SYSTEM32\IPHLPAPI.DLL
0x0000014c1fb20000 - 0x0000014c1fb23000 	D:\Proyecto Terminal\openjfx-22.0.1_windows-x64_bin-sdk\javafx-sdk-22.0.1\bin\api-ms-win-core-console-l1-1-0.dll
0x0000014c1fb30000 - 0x0000014c1fb33000 	D:\Proyecto Terminal\openjfx-22.0.1_windows-x64_bin-sdk\javafx-sdk-22.0.1\bin\api-ms-win-core-console-l1-2-0.dll
0x0000014c1fb40000 - 0x0000014c1fb43000 	D:\Proyecto Terminal\openjfx-22.0.1_windows-x64_bin-sdk\javafx-sdk-22.0.1\bin\api-ms-win-core-datetime-l1-1-0.dll
0x0000014c1fb60000 - 0x0000014c1fb63000 	D:\Proyecto Terminal\openjfx-22.0.1_windows-x64_bin-sdk\javafx-sdk-22.0.1\bin\api-ms-win-core-debug-l1-1-0.dll
0x0000014c1fb70000 - 0x0000014c1fb73000 	D:\Proyecto Terminal\openjfx-22.0.1_windows-x64_bin-sdk\javafx-sdk-22.0.1\bin\api-ms-win-core-errorhandling-l1-1-0.dll
0x0000014c21a70000 - 0x0000014c21a74000 	D:\Proyecto Terminal\openjfx-22.0.1_windows-x64_bin-sdk\javafx-sdk-22.0.1\bin\api-ms-win-core-file-l1-1-0.dll
0x0000014c21a80000 - 0x0000014c21a83000 	D:\Proyecto Terminal\openjfx-22.0.1_windows-x64_bin-sdk\javafx-sdk-22.0.1\bin\api-ms-win-core-file-l1-2-0.dll
0x0000014c21a90000 - 0x0000014c21a93000 	D:\Proyecto Terminal\openjfx-22.0.1_windows-x64_bin-sdk\javafx-sdk-22.0.1\bin\api-ms-win-core-file-l2-1-0.dll
0x0000014c21aa0000 - 0x0000014c21aa3000 	D:\Proyecto Terminal\openjfx-22.0.1_windows-x64_bin-sdk\javafx-sdk-22.0.1\bin\api-ms-win-core-handle-l1-1-0.dll
0x0000014c21ab0000 - 0x0000014c21ab3000 	D:\Proyecto Terminal\openjfx-22.0.1_windows-x64_bin-sdk\javafx-sdk-22.0.1\bin\api-ms-win-core-heap-l1-1-0.dll
0x0000014c21ac0000 - 0x0000014c21ac3000 	D:\Proyecto Terminal\openjfx-22.0.1_windows-x64_bin-sdk\javafx-sdk-22.0.1\bin\api-ms-win-core-interlocked-l1-1-0.dll
0x0000014c21ad0000 - 0x0000014c21ad3000 	D:\Proyecto Terminal\openjfx-22.0.1_windows-x64_bin-sdk\javafx-sdk-22.0.1\bin\api-ms-win-core-libraryloader-l1-1-0.dll
0x0000014c21ae0000 - 0x0000014c21ae3000 	D:\Proyecto Terminal\openjfx-22.0.1_windows-x64_bin-sdk\javafx-sdk-22.0.1\bin\api-ms-win-core-localization-l1-2-0.dll
0x0000014c21af0000 - 0x0000014c21af3000 	D:\Proyecto Terminal\openjfx-22.0.1_windows-x64_bin-sdk\javafx-sdk-22.0.1\bin\api-ms-win-core-memory-l1-1-0.dll
0x0000014c21b00000 - 0x0000014c21b03000 	D:\Proyecto Terminal\openjfx-22.0.1_windows-x64_bin-sdk\javafx-sdk-22.0.1\bin\api-ms-win-core-namedpipe-l1-1-0.dll
0x0000014c21b10000 - 0x0000014c21b13000 	D:\Proyecto Terminal\openjfx-22.0.1_windows-x64_bin-sdk\javafx-sdk-22.0.1\bin\api-ms-win-core-processenvironment-l1-1-0.dll
0x0000014c21b20000 - 0x0000014c21b23000 	D:\Proyecto Terminal\openjfx-22.0.1_windows-x64_bin-sdk\javafx-sdk-22.0.1\bin\api-ms-win-core-processthreads-l1-1-0.dll
0x0000014c3fb90000 - 0x0000014c3fb93000 	D:\Proyecto Terminal\openjfx-22.0.1_windows-x64_bin-sdk\javafx-sdk-22.0.1\bin\api-ms-win-core-processthreads-l1-1-1.dll
0x0000014c3fba0000 - 0x0000014c3fba3000 	D:\Proyecto Terminal\openjfx-22.0.1_windows-x64_bin-sdk\javafx-sdk-22.0.1\bin\api-ms-win-core-profile-l1-1-0.dll
0x0000014c3fbb0000 - 0x0000014c3fbb3000 	D:\Proyecto Terminal\openjfx-22.0.1_windows-x64_bin-sdk\javafx-sdk-22.0.1\bin\api-ms-win-core-rtlsupport-l1-1-0.dll
0x0000014c3fbc0000 - 0x0000014c3fbc3000 	D:\Proyecto Terminal\openjfx-22.0.1_windows-x64_bin-sdk\javafx-sdk-22.0.1\bin\api-ms-win-core-string-l1-1-0.dll
0x0000014c3fbd0000 - 0x0000014c3fbd3000 	D:\Proyecto Terminal\openjfx-22.0.1_windows-x64_bin-sdk\javafx-sdk-22.0.1\bin\api-ms-win-core-synch-l1-1-0.dll
0x0000014c3fbe0000 - 0x0000014c3fbe3000 	D:\Proyecto Terminal\openjfx-22.0.1_windows-x64_bin-sdk\javafx-sdk-22.0.1\bin\api-ms-win-core-synch-l1-2-0.dll
0x0000014c3fbf0000 - 0x0000014c3fbf3000 	D:\Proyecto Terminal\openjfx-22.0.1_windows-x64_bin-sdk\javafx-sdk-22.0.1\bin\api-ms-win-core-sysinfo-l1-1-0.dll
0x0000014c3fc00000 - 0x0000014c3fc03000 	D:\Proyecto Terminal\openjfx-22.0.1_windows-x64_bin-sdk\javafx-sdk-22.0.1\bin\api-ms-win-core-timezone-l1-1-0.dll
0x0000014c3fc10000 - 0x0000014c3fc13000 	D:\Proyecto Terminal\openjfx-22.0.1_windows-x64_bin-sdk\javafx-sdk-22.0.1\bin\api-ms-win-core-util-l1-1-0.dll
0x0000014c3fc20000 - 0x0000014c3fc23000 	D:\Proyecto Terminal\openjfx-22.0.1_windows-x64_bin-sdk\javafx-sdk-22.0.1\bin\api-ms-win-crt-conio-l1-1-0.dll
0x0000014c3fc30000 - 0x0000014c3fc34000 	D:\Proyecto Terminal\openjfx-22.0.1_windows-x64_bin-sdk\javafx-sdk-22.0.1\bin\api-ms-win-crt-convert-l1-1-0.dll
0x0000014c3fc40000 - 0x0000014c3fc43000 	D:\Proyecto Terminal\openjfx-22.0.1_windows-x64_bin-sdk\javafx-sdk-22.0.1\bin\api-ms-win-crt-environment-l1-1-0.dll
0x0000014c3fc50000 - 0x0000014c3fc53000 	D:\Proyecto Terminal\openjfx-22.0.1_windows-x64_bin-sdk\javafx-sdk-22.0.1\bin\api-ms-win-crt-filesystem-l1-1-0.dll
0x0000014c3fc60000 - 0x0000014c3fc63000 	D:\Proyecto Terminal\openjfx-22.0.1_windows-x64_bin-sdk\javafx-sdk-22.0.1\bin\api-ms-win-crt-heap-l1-1-0.dll
0x0000014c3fc70000 - 0x0000014c3fc73000 	D:\Proyecto Terminal\openjfx-22.0.1_windows-x64_bin-sdk\javafx-sdk-22.0.1\bin\api-ms-win-crt-locale-l1-1-0.dll
0x0000014c3fc80000 - 0x0000014c3fc85000 	D:\Proyecto Terminal\openjfx-22.0.1_windows-x64_bin-sdk\javafx-sdk-22.0.1\bin\api-ms-win-crt-math-l1-1-0.dll
0x0000014c3fc90000 - 0x0000014c3fc95000 	D:\Proyecto Terminal\openjfx-22.0.1_windows-x64_bin-sdk\javafx-sdk-22.0.1\bin\api-ms-win-crt-multibyte-l1-1-0.dll
0x0000014c3fca0000 - 0x0000014c3fcb0000 	D:\Proyecto Terminal\openjfx-22.0.1_windows-x64_bin-sdk\javafx-sdk-22.0.1\bin\api-ms-win-crt-private-l1-1-0.dll
0x0000014c3fcb0000 - 0x0000014c3fcb3000 	D:\Proyecto Terminal\openjfx-22.0.1_windows-x64_bin-sdk\javafx-sdk-22.0.1\bin\api-ms-win-crt-process-l1-1-0.dll
0x0000014c3fcc0000 - 0x0000014c3fcc4000 	D:\Proyecto Terminal\openjfx-22.0.1_windows-x64_bin-sdk\javafx-sdk-22.0.1\bin\api-ms-win-crt-runtime-l1-1-0.dll
0x0000014c3fcd0000 - 0x0000014c3fcd4000 	D:\Proyecto Terminal\openjfx-22.0.1_windows-x64_bin-sdk\javafx-sdk-22.0.1\bin\api-ms-win-crt-stdio-l1-1-0.dll
0x0000014c3fce0000 - 0x0000014c3fce4000 	D:\Proyecto Terminal\openjfx-22.0.1_windows-x64_bin-sdk\javafx-sdk-22.0.1\bin\api-ms-win-crt-string-l1-1-0.dll
0x0000014c3fcf0000 - 0x0000014c3fcf3000 	D:\Proyecto Terminal\openjfx-22.0.1_windows-x64_bin-sdk\javafx-sdk-22.0.1\bin\api-ms-win-crt-time-l1-1-0.dll
0x0000014c3fd00000 - 0x0000014c3fd03000 	D:\Proyecto Terminal\openjfx-22.0.1_windows-x64_bin-sdk\javafx-sdk-22.0.1\bin\api-ms-win-crt-utility-l1-1-0.dll
0x00007ff8e3280000 - 0x00007ff8e337c000 	D:\Proyecto Terminal\openjfx-22.0.1_windows-x64_bin-sdk\javafx-sdk-22.0.1\bin\ucrtbase.dll
0x00007ff8ff3a0000 - 0x00007ff8ff3bb000 	D:\Proyecto Terminal\openjfx-22.0.1_windows-x64_bin-sdk\javafx-sdk-22.0.1\bin\vcruntime140.dll
0x00007ff92f240000 - 0x00007ff92f24c000 	D:\Proyecto Terminal\openjfx-22.0.1_windows-x64_bin-sdk\javafx-sdk-22.0.1\bin\vcruntime140_1.dll
0x00007ff8e3a90000 - 0x00007ff8e3b1e000 	D:\Proyecto Terminal\openjfx-22.0.1_windows-x64_bin-sdk\javafx-sdk-22.0.1\bin\msvcp140.dll
0x00007ff92e130000 - 0x00007ff92e139000 	D:\Proyecto Terminal\openjfx-22.0.1_windows-x64_bin-sdk\javafx-sdk-22.0.1\bin\msvcp140_1.dll
0x00007ff8e3230000 - 0x00007ff8e3271000 	D:\Proyecto Terminal\openjfx-22.0.1_windows-x64_bin-sdk\javafx-sdk-22.0.1\bin\msvcp140_2.dll
0x00007ff8e37d0000 - 0x00007ff8e3800000 	D:\Proyecto Terminal\openjfx-22.0.1_windows-x64_bin-sdk\javafx-sdk-22.0.1\bin\prism_d3d.dll
0x00007ff957e90000 - 0x00007ff958036000 	C:\WINDOWS\system32\d3d9.dll
0x00007ff966790000 - 0x00007ff9667be000 	C:\WINDOWS\SYSTEM32\dwmapi.dll
0x00007ff966740000 - 0x00007ff966787000 	C:\WINDOWS\SYSTEM32\dxcore.dll
0x00007ff966440000 - 0x00007ff9664ed000 	C:\WINDOWS\system32\uxtheme.dll
0x00007ff960400000 - 0x00007ff9605dd000 	C:\WINDOWS\System32\DriverStore\FileRepository\u0355756.inf_amd64_5146fc3a012e7afa\B354291\aticfx64.dll
0x00007ff92ba60000 - 0x00007ff92ba90000 	C:\WINDOWS\System32\DriverStore\FileRepository\u0355756.inf_amd64_5146fc3a012e7afa\B354291\atiu9p64.dll
0x00007ff922c10000 - 0x00007ff9238db000 	C:\WINDOWS\System32\DriverStore\FileRepository\u0355756.inf_amd64_5146fc3a012e7afa\B354291\atiumd64.dll
0x00007ff96a5a0000 - 0x00007ff96a739000 	C:\WINDOWS\System32\ole32.dll
0x0000000073870000 - 0x00000000745f3000 	C:\WINDOWS\System32\DriverStore\FileRepository\u0355756.inf_amd64_5146fc3a012e7afa\B354291\atiumd6a.dll
0x00007ff966570000 - 0x00007ff9665cc000 	C:\WINDOWS\SYSTEM32\directxdatabasehelper.dll
0x00007ff8e31e0000 - 0x00007ff8e3225000 	D:\Proyecto Terminal\openjfx-22.0.1_windows-x64_bin-sdk\javafx-sdk-22.0.1\bin\glass.dll
0x00007ff96a8b0000 - 0x00007ff96a99d000 	C:\WINDOWS\System32\COMDLG32.dll
0x00007ff939ac0000 - 0x00007ff939b1e000 	C:\Program Files\Huawei\PCManager\plugins\PerfWndMonModule.dll
0x00007ff96b240000 - 0x00007ff96b39c000 	C:\WINDOWS\System32\MSCTF.dll
0x00007ff96c390000 - 0x00007ff96c438000 	C:\WINDOWS\System32\clbcatq.dll
0x00007ff95c0f0000 - 0x00007ff95c245000 	C:\Windows\System32\Windows.UI.dll
0x00007ff93fc90000 - 0x00007ff93fddc000 	C:\Windows\System32\Windows.UI.Immersive.dll
0x00007ff8e31c0000 - 0x00007ff8e31d5000 	D:\Proyecto Terminal\openjfx-22.0.1_windows-x64_bin-sdk\javafx-sdk-22.0.1\bin\javafx_font.dll
0x00007ff965b40000 - 0x00007ff965da5000 	C:\WINDOWS\SYSTEM32\dwrite.dll
0x00007ff965de0000 - 0x00007ff96600e000 	C:\WINDOWS\SYSTEM32\WindowsCodecs.dll
0x00007ff959cf0000 - 0x00007ff959d4a000 	C:\WINDOWS\system32\dataexchange.dll
0x00007ff95db90000 - 0x00007ff95ddc7000 	C:\WINDOWS\system32\twinapi.appcore.dll
0x00007ff8e3190000 - 0x00007ff8e31bc000 	C:\Program Files\Common Files\Microsoft Shared\Ink\rtscom.dll
0x00007ff956fa0000 - 0x00007ff9570e6000 	C:\WINDOWS\SYSTEM32\textinputframework.dll
0x00007ff962970000 - 0x00007ff962a95000 	C:\WINDOWS\SYSTEM32\CoreMessaging.dll
0x00007ff9607e0000 - 0x00007ff960ac3000 	C:\WINDOWS\SYSTEM32\CoreUIComponents.dll
0x00007ff964460000 - 0x00007ff9645c8000 	C:\WINDOWS\SYSTEM32\wintypes.dll
0x00007ff968f90000 - 0x00007ff968f9c000 	C:\WINDOWS\SYSTEM32\CRYPTBASE.DLL
0x00007ff8e3160000 - 0x00007ff8e318d000 	D:\Proyecto Terminal\openjfx-22.0.1_windows-x64_bin-sdk\javafx-sdk-22.0.1\bin\javafx_iio.dll
0x00007ff965500000 - 0x00007ff965b3a000 	C:\WINDOWS\SYSTEM32\d2d1.dll
0x00007ff966150000 - 0x00007ff9663ad000 	C:\WINDOWS\SYSTEM32\d3d11.dll

dbghelp: loaded successfully - version: 4.0.5 - missing functions: none
symbol engine: initialized successfully - sym options: 0x614 - pdb path: .;C:\Users\diego\.jdks\corretto-17.0.13\bin;C:\WINDOWS\SYSTEM32;C:\WINDOWS\WinSxS\amd64_microsoft.windows.common-controls_6595b64144ccf1df_6.0.26100.2454_none_3e0b68a2e331ad60;C:\Users\diego\.jdks\corretto-17.0.13\bin\server;D:\Proyecto Terminal\openjfx-22.0.1_windows-x64_bin-sdk\javafx-sdk-22.0.1\bin;C:\WINDOWS\System32\DriverStore\FileRepository\u0355756.inf_amd64_5146fc3a012e7afa\B354291;C:\Program Files\Huawei\PCManager\plugins;C:\Program Files\Common Files\Microsoft Shared\Ink

VM Arguments:
jvm_args: -agentlib:jdwp=transport=dt_socket,address=127.0.0.1:6611,suspend=y,server=n --module-path=D:\Proyecto Terminal\openjfx-22.0.1_windows-x64_bin-sdk\javafx-sdk-22.0.1\lib --add-modules=javafx.controls,javafx.fxml -javaagent:C:\Users\diego\AppData\Local\JetBrains\IntelliJIdea2024.1\captureAgent\debugger-agent.jar -Dfile.encoding=UTF-8 
java_command: optiuam.bc.controller.OptiUAM24
java_class_path (initial): D:\Proyecto Terminal\C鏚igo\OptiUAM24\OptiUAM\out\production\OptiUAM;D:\Proyecto Terminal\C鏚igo\OptiUAM24\OptiUAM\Librerias\jcommon-1.0.23.jar;D:\Proyecto Terminal\C鏚igo\OptiUAM24\OptiUAM\Librerias\jfreechart-1.0.19.jar;D:\Proyecto Terminal\openjfx-22.0.1_windows-x64_bin-sdk\javafx-sdk-22.0.1\lib\javafx-swt.jar;D:\Proyecto Terminal\openjfx-22.0.1_windows-x64_bin-sdk\javafx-sdk-22.0.1\lib\javafx.base.jar;D:\Proyecto Terminal\openjfx-22.0.1_windows-x64_bin-sdk\javafx-sdk-22.0.1\lib\javafx.controls.jar;D:\Proyecto Terminal\openjfx-22.0.1_windows-x64_bin-sdk\javafx-sdk-22.0.1\lib\javafx.fxml.jar;D:\Proyecto Terminal\openjfx-22.0.1_windows-x64_bin-sdk\javafx-sdk-22.0.1\lib\javafx.graphics.jar;D:\Proyecto Terminal\openjfx-22.0.1_windows-x64_bin-sdk\javafx-sdk-22.0.1\lib\javafx.media.jar;D:\Proyecto Terminal\openjfx-22.0.1_windows-x64_bin-sdk\javafx-sdk-22.0.1\lib\javafx.swing.jar;D:\Proyecto Terminal\openjfx-22.0.1_windows-x64_bin-sdk\javafx-sdk-22.0.1\lib\javafx.web.jar;D:\Proyecto Terminal\openjfx-22.0.1_windows-x64_bin-sdk.zip;D:\Proyecto Terminal\commons-math3-3.6.1\commons-math3-3.6.1-tests.jar;D:\Proyecto Terminal\commons-math3-3.6.1\commons-math3-3.6.1-tools.jar;D:\Proyecto Terminal\commons-math3-3.6.1\commons-math3-3.6.1.jar;C:\Program Files\JetBrains\IntelliJ IDEA 2024.1.3\lib\idea_rt.jar
Launcher Type: SUN_STANDARD

[Global flags]
     intx CICompilerCount                          = 4                                         {product} {ergonomic}
     uint ConcGCThreads                            = 2                                         {product} {ergonomic}
     uint G1ConcRefinementThreads                  = 8                                         {product} {ergonomic}
   size_t G1HeapRegionSize                         = 1048576                                   {product} {ergonomic}
    uintx GCDrainStackTargetSize                   = 64                                        {product} {ergonomic}
   size_t InitialHeapSize                          = 117440512                                 {product} {ergonomic}
   size_t MarkStackSize                            = 4194304                                   {product} {ergonomic}
   size_t MaxHeapSize                              = 1862270976                                {product} {ergonomic}
   size_t MaxNewSize                               = 1116733440                                {product} {ergonomic}
   size_t MinHeapDeltaBytes                        = 1048576                                   {product} {ergonomic}
   size_t MinHeapSize                              = 8388608                                   {product} {ergonomic}
    uintx NonNMethodCodeHeapSize                   = 5839372                                {pd product} {ergonomic}
    uintx NonProfiledCodeHeapSize                  = 122909434                              {pd product} {ergonomic}
    uintx ProfiledCodeHeapSize                     = 122909434                              {pd product} {ergonomic}
    uintx ReservedCodeCacheSize                    = 251658240                              {pd product} {ergonomic}
     bool SegmentedCodeCache                       = true                                      {product} {ergonomic}
   size_t SoftMaxHeapSize                          = 1862270976                             {manageable} {ergonomic}
     bool UseCompressedClassPointers               = true                           {product lp64_product} {ergonomic}
     bool UseCompressedOops                        = true                           {product lp64_product} {ergonomic}
     bool UseG1GC                                  = true                                      {product} {ergonomic}
     bool UseLargePagesIndividualAllocation        = false                                  {pd product} {ergonomic}

Logging:
Log output configuration:
 #0: stdout all=off uptime,level,tags
 #1: stderr all=off uptime,level,tags

Environment Variables:
PATH=C:\Program Files\Common Files\Oracle\Java\javapath;C:\Users\diego\Desktop\oracle\bin;C:\WINDOWS\system32;C:\WINDOWS;C:\WINDOWS\System32\Wbem;C:\WINDOWS\System32\WindowsPowerShell\v1.0\;C:\WINDOWS\System32\OpenSSH\;C:\Program Files\Git\cmd;C:\Strawberry\c\bin;C:\Strawberry\perl\site\bin;C:\Strawberry\perl\bin;C:\Users\diego\AppData\Local\Programs\Python\Launcher\;C:\Users\diego\AppData\Local\Microsoft\WindowsApps;C:\Program Files\JetBrains\IntelliJ IDEA 2024.1.3\bin;;C:\Users\diego\AppData\Local\GitHubDesktop\bin;C:\Program Files\JetBrains\PyCharm 2024.1.4\bin;;C:\Users\diego\AppData\Local\Programs\Microsoft VS Code\bin;C:\Users\diego\AppData\Local\Programs\MiKTeX\miktex\bin\x64\;C:\Program Files\JetBrains\PyCharm Community Edition 2024.3\bin;;
USERNAME=diego
OS=Windows_NT
PROCESSOR_IDENTIFIER=AMD64 Family 23 Model 24 Stepping 1, AuthenticAMD
TMP=C:\Users\diego\AppData\Local\Temp
TEMP=C:\Users\diego\AppData\Local\Temp



Periodic native trim disabled


---------------  S Y S T E M  ---------------

OS:
 Windows 11 , 64 bit Build 26100 (10.0.26100.2454)
OS uptime: 7 days 3:45 hours

CPU: total 8 (initial active 8) (8 cores per cpu, 2 threads per core) family 23 model 24 stepping 1 microcode 0x8108109, cx8, cmov, fxsr, ht, mmx, 3dnowpref, sse, sse2, sse3, ssse3, sse4a, sse4.1, sse4.2, popcnt, lzcnt, tsc, tscinvbit, avx, avx2, aes, clmul, bmi1, bmi2, adx, sha, fma, vzeroupper, clflush, clflushopt
Processor Information for all 8 processors :
  Max Mhz: 2100, Current Mhz: 2100, Mhz Limit: 2100

Memory: 4k page, system-wide physical 7103M (751M free)
TotalPageFile size 15807M (AvailPageFile size 7091M)
current process WorkingSet (physical memory assigned to process): 304M, peak: 453M
current process commit charge ("private bytes"): 406M, peak: 560M

vm_info: OpenJDK 64-Bit Server VM (17.0.13+11-LTS) for windows-amd64 JRE (17.0.13+11-LTS), built on Oct 10 2024 19:51:30 by "Administrator" with MS VC++ 16.10 / 16.11 (VS2019)

END.
