#
# A fatal error has been detected by the Java Runtime Environment:
#
#  EXCEPTION_ACCESS_VIOLATION (0xc0000005) at pc=0x00007ffa4c2682d7, pid=3332, tid=16380
#
# JRE version: OpenJDK Runtime Environment Corretto-17.0.13.11.1 (17.0.13+11) (build 17.0.13+11-LTS)
# Java VM: OpenJDK 64-Bit Server VM Corretto-17.0.13.11.1 (17.0.13+11-LTS, mixed mode, sharing, tiered, compressed oops, compressed class ptrs, g1 gc, windows-amd64)
# Problematic frame:
# C  [glass.dll+0x282d7]
#
# No core dump will be written. Minidumps are not enabled by default on client versions of Windows
#
# If you would like to submit a bug report, please visit:
#   https://github.com/corretto/corretto-17/issues/
#

---------------  S U M M A R Y ------------

Command Line: -agentlib:jdwp=transport=dt_socket,address=127.0.0.1:51731,suspend=y,server=n --module-path=D:\Proyecto Terminal\openjfx-22.0.1_windows-x64_bin-sdk\javafx-sdk-22.0.1\lib --add-modules=javafx.controls,javafx.fxml -javaagent:C:\Users\diego\AppData\Local\JetBrains\IntelliJIdea2024.1\captureAgent\debugger-agent.jar -Dfile.encoding=UTF-8 optiuam.bc.controller.OptiUAM24

Host: AMD Ryzen 5 3500U with Radeon Vega Mobile Gfx  , 8 cores, 6G,  Windows 11 , 64 bit Build 26100 (10.0.26100.2454)
Time: Mon Jan  6 19:44:49 2025 Hora est嫕dar central (M憖ico) elapsed time: 298.296247 seconds (0d 0h 4m 58s)

---------------  T H R E A D  ---------------

Current thread (0x00000227caee8530):  VMThread "VM Thread" [stack: 0x000000a5b5500000,0x000000a5b5600000] [id=16380]

Stack: [0x000000a5b5500000,0x000000a5b5600000],  sp=0x000000a5b55fea40,  free space=1018k
Native frames: (J=compiled Java code, j=interpreted, Vv=VM code, C=native code)
C  [glass.dll+0x282d7]


siginfo: EXCEPTION_ACCESS_VIOLATION (0xc0000005), reading address 0x0000000000000000


Registers:
RAX=0x0000000000000000, RBX=0x00000227caeff1c0, RCX=0x00000227caee8530, RDX=0x000000a5b55fea40
RSP=0x000000a5b55fea40, RBP=0x00006f68c3e538ee, RSI=0x0000022810d7a758, RDI=0x0000022810d7a730
R8 =0x0000000000010002, R9 =0x00006f68c3e538ee, R10=0x00000227ab290000, R11=0x000000a5b55fe8f0
R12=0x0000000000000001, R13=0x000000007ffe0385, R14=0x000000a5b55feb48, R15=0x0000022810d7a730
RIP=0x00007ffa4c2682d7, EFLAGS=0x0000000000010202


Register to memory mapping:

RIP=0x00007ffa4c2682d7 glass.dll
RAX=0x0 is NULL
RBX=0x00000227caeff1c0 is a global jni handle
RCX=0x00000227caee8530 points into unknown readable memory: 0x00007ffa06742cc8 | c8 2c 74 06 fa 7f 00 00
RDX=0x000000a5b55fea40 points into unknown readable memory: 0x0000000000000000 | 00 00 00 00 00 00 00 00
RSP=0x000000a5b55fea40 points into unknown readable memory: 0x0000000000000000 | 00 00 00 00 00 00 00 00
RBP=0x00006f68c3e538ee is an unknown value
RSI=0x0000022810d7a758 points into unknown readable memory: 0x00006f68c3e538ee | ee 38 e5 c3 68 6f 00 00
RDI=0x0000022810d7a730 points into unknown readable memory: 0x95be6f68dc1babe7 | e7 ab 1b dc 68 6f be 95
R8 =0x0000000000010002 is an unknown value
R9 =0x00006f68c3e538ee is an unknown value
R10=0x00000227ab290000 points into unknown readable memory: 0x0000000000000000 | 00 00 00 00 00 00 00 00
R11=0x000000a5b55fe8f0 points into unknown readable memory: 0x0000022810d7a730 | 30 a7 d7 10 28 02 00 00
R12=0x0000000000000001 is an unknown value
R13=0x000000007ffe0385 points into unknown readable memory: 00 00 00
R14=0x000000a5b55feb48 points into unknown readable memory: 0x000000a5b55feb30 | 30 eb 5f b5 a5 00 00 00
R15=0x0000022810d7a730 points into unknown readable memory: 0x95be6f68dc1babe7 | e7 ab 1b dc 68 6f be 95


Top of Stack: (sp=0x000000a5b55fea40)
0x000000a5b55fea40:   0000000000000000 0000022800000000
0x000000a5b55fea50:   0000022810a245a0 0000000000000001
0x000000a5b55fea60:   0000022810d7a738 00007ffa5e4acf05
0x000000a5b55fea70:   0000022810d7a730 0000022800000000
0x000000a5b55fea80:   0000022810d7a750 00006f68c3e538ee
0x000000a5b55fea90:   fffffffffffffffe 0000000000000001
0x000000a5b55feaa0:   00007ffa4c240000 00007ffa4c240000
0x000000a5b55feab0:   000000a5b55feb38 00007ffa5e4ace27
0x000000a5b55feac0:   000000a5b55feb00 000000a5b55feb48
0x000000a5b55fead0:   000000a5b55ff070 00007ffa5e5c88c0
0x000000a5b55feae0:   0000000000000001 00007ffa5e4acddd
0x000000a5b55feaf0:   0000000000000000 0000000000000001
0x000000a5b55feb00:   0000000000000001 000000a5b55feb38
0x000000a5b55feb10:   fffffffffffffffe 000000007ffe0384
0x000000a5b55feb20:   0000000000000001 00007ffa4c265a6d
0x000000a5b55feb30:   00007ffa4c27d078 00007ffa00000002
0x000000a5b55feb40:   0000000000000002 000000a5b55feb30
0x000000a5b55feb50:   0000000000000000 0000000000000000
0x000000a5b55feb60:   0000000000000000 00007ffa4c265b92
0x000000a5b55feb70:   0000000000000001 000000a5b55ff000
0x000000a5b55feb80:   0000000000000001 0000000000000001
0x000000a5b55feb90:   0000000000000001 00007ffa5d15277e
0x000000a5b55feba0:   0000000000000001 000000000000008d
0x000000a5b55febb0:   0000000000000000 0000000000000001
0x000000a5b55febc0:   00007ffa4c265be0 00007ffa6079d860
0x000000a5b55febd0:   00007ffa4c240000 00007ffa00000000
0x000000a5b55febe0:   0000000000000001 000000007ffe0384
0x000000a5b55febf0:   000000000000005e 0000000000000000
0x000000a5b55fec00:   0000000000000000 0000000000000000
0x000000a5b55fec10:   00007ffa4c240000 fffffb5e00000000
0x000000a5b55fec20:   000000000000008b 0000000000000000
0x000000a5b55fec30:   0000000000000000 00000227ab596550 

Instructions: (pc=0x00007ffa4c2682d7)
0x00007ffa4c2681d7:   8b 4d 58 e8 49 cf ff ff 48 8b 4d 60 e8 40 cf ff
0x00007ffa4c2681e7:   ff 48 8b 95 80 00 00 00 48 8b 8d 18 01 00 00 e8
0x00007ffa4c2681f7:   26 c5 ff ff 33 d2 33 c9 e8 8c e1 ff ff 90 48 89
0x00007ffa4c268207:   54 24 10 55 48 83 ec 20 48 8b ea 48 b8 00 00 00
0x00007ffa4c268217:   00 00 00 00 00 48 83 c4 20 5d c3 cc 40 55 48 8b
0x00007ffa4c268227:   ea 48 8b 01 33 c9 81 38 05 00 00 c0 0f 94 c1 8b
0x00007ffa4c268237:   c1 5d c3 cc 40 55 48 83 ec 20 48 8b ea 8a 4d 40
0x00007ffa4c268247:   48 83 c4 20 5d e9 33 d3 ff ff cc 40 55 48 83 ec
0x00007ffa4c268257:   20 48 8b ea 8a 4d 20 e8 21 d3 ff ff 90 48 83 c4
0x00007ffa4c268267:   20 5d c3 cc 40 55 48 83 ec 20 48 8b ea 48 83 c4
0x00007ffa4c268277:   20 5d e9 82 d1 ff ff cc 40 55 48 83 ec 30 48 8b
0x00007ffa4c268287:   ea 48 8b 01 8b 10 48 89 4c 24 28 89 54 24 20 4c
0x00007ffa4c268297:   8d 0d 23 d6 ff ff 4c 8b 45 70 8b 55 68 48 8b 4d
0x00007ffa4c2682a7:   60 e8 c3 d0 ff ff 90 48 83 c4 30 5d c3 cc cc cc
0x00007ffa4c2682b7:   cc cc cc cc cc cc cc cc cc 40 53 48 83 ec 20 48
0x00007ffa4c2682c7:   8b 1d 6b 47 01 00 48 85 db 74 16 e8 39 90 ff ff
0x00007ffa4c2682d7:   4c 8b 00 48 8b d3 48 8b c8 41 ff 90 b0 00 00 00
0x00007ffa4c2682e7:   90 48 83 c4 20 5b c3 cc cc 40 53 48 83 ec 20 48
0x00007ffa4c2682f7:   8b 1d ab 48 01 00 48 85 db 74 57 b8 ff ff ff ff
0x00007ffa4c268307:   f0 0f c1 43 10 83 f8 01 75 3d 48 85 db 74 38 48
0x00007ffa4c268317:   8b 0b 48 85 c9 74 0d ff 15 8c 0f 00 00 48 c7 03
0x00007ffa4c268327:   00 00 00 00 48 8b 4b 08 48 85 c9 74 0d e8 ef cd
0x00007ffa4c268337:   ff ff 48 c7 43 08 00 00 00 00 ba 18 00 00 00 48
0x00007ffa4c268347:   8b cb e8 da cd ff ff 48 c7 05 4f 48 01 00 00 00
0x00007ffa4c268357:   00 00 48 83 c4 20 5b c3 cc 40 53 48 83 ec 20 48
0x00007ffa4c268367:   8b 1d 1b 48 01 00 48 85 db 74 57 b8 ff ff ff ff
0x00007ffa4c268377:   f0 0f c1 43 10 83 f8 01 75 3d 48 85 db 74 38 48
0x00007ffa4c268387:   8b 0b 48 85 c9 74 0d ff 15 1c 0f 00 00 48 c7 03
0x00007ffa4c268397:   00 00 00 00 48 8b 4b 08 48 85 c9 74 0d e8 7f cd
0x00007ffa4c2683a7:   ff ff 48 c7 43 08 00 00 00 00 ba 18 00 00 00 48
0x00007ffa4c2683b7:   8b cb e8 6a cd ff ff 48 c7 05 bf 47 01 00 00 00
0x00007ffa4c2683c7:   00 00 48 83 c4 20 5b c3 cc 40 53 48 83 ec 20 48 


Stack slot to memory mapping:
stack at sp + 0 slots: 0x0 is NULL
stack at sp + 1 slots: 0x0000022800000000 is an unknown value
stack at sp + 2 slots: 0x0000022810a245a0 points into unknown readable memory: 0x0000022810a24540 | 40 45 a2 10 28 02 00 00
stack at sp + 3 slots: 0x0000000000000001 is an unknown value
stack at sp + 4 slots: 0x0000022810d7a738 points into unknown readable memory: 0x00006f68c3e538ee | ee 38 e5 c3 68 6f 00 00
stack at sp + 5 slots: 0x00007ffa5e4acf05 ucrtbase.dll
stack at sp + 6 slots: 0x0000022810d7a730 points into unknown readable memory: 0x95be6f68dc1babe7 | e7 ab 1b dc 68 6f be 95
stack at sp + 7 slots: 0x0000022800000000 is an unknown value

VM_Operation (0x000000a5b4cff230): Exit, mode: safepoint, requested by thread 0x0000022811c7ea10


---------------  P R O C E S S  ---------------

Threads class SMR info:
_java_thread_list=0x000002281e4eccc0, length=21, elements={
0x00000227ab4c9570, 0x00000227caeed520, 0x00000227caef0000, 0x00000227caf02dc0,
0x00000227caf056a0, 0x00000227caf06580, 0x00000227caf08480, 0x00000227caf16ca0,
0x00000227caf2a1f0, 0x00000227caf2a710, 0x00000228101a3750, 0x0000022810d2e820,
0x0000022810d217d0, 0x0000022811836370, 0x00000228105cd780, 0x0000022810e8a520,
0x0000022810ef74c0, 0x0000022810eb3960, 0x0000022811c80360, 0x0000022811c817a0,
0x0000022811c7ea10
}

Java Threads: ( => current thread )
  0x00000227ab4c9570 JavaThread "main" [_thread_blocked, id=15476, stack(0x000000a5b4f00000,0x000000a5b5000000)]
  0x00000227caeed520 JavaThread "Reference Handler" daemon [_thread_blocked, id=14048, stack(0x000000a5b5600000,0x000000a5b5700000)]
  0x00000227caef0000 JavaThread "Finalizer" daemon [_thread_blocked, id=2736, stack(0x000000a5b5700000,0x000000a5b5800000)]
  0x00000227caf02dc0 JavaThread "Signal Dispatcher" daemon [_thread_blocked, id=9736, stack(0x000000a5b5800000,0x000000a5b5900000)]
  0x00000227caf056a0 JavaThread "Attach Listener" daemon [_thread_blocked, id=14804, stack(0x000000a5b5900000,0x000000a5b5a00000)]
  0x00000227caf06580 JavaThread "Service Thread" daemon [_thread_blocked, id=8312, stack(0x000000a5b5a00000,0x000000a5b5b00000)]
  0x00000227caf08480 JavaThread "Monitor Deflation Thread" daemon [_thread_blocked, id=6328, stack(0x000000a5b5b00000,0x000000a5b5c00000)]
  0x00000227caf16ca0 JavaThread "C2 CompilerThread0" daemon [_thread_blocked, id=1540, stack(0x000000a5b5c00000,0x000000a5b5d00000)]
  0x00000227caf2a1f0 JavaThread "C1 CompilerThread0" daemon [_thread_blocked, id=15760, stack(0x000000a5b5d00000,0x000000a5b5e00000)]
  0x00000227caf2a710 JavaThread "Sweeper thread" daemon [_thread_blocked, id=2896, stack(0x000000a5b5e00000,0x000000a5b5f00000)]
  0x00000228101a3750 JavaThread "Common-Cleaner" daemon [_thread_blocked, id=10092, stack(0x000000a5b5f00000,0x000000a5b6000000)]
  0x0000022810d2e820 JavaThread "JDWP Event Helper Thread" daemon [_thread_blocked, id=1600, stack(0x000000a5b6300000,0x000000a5b6400000)]
  0x0000022810d217d0 JavaThread "Notification Thread" daemon [_thread_blocked, id=3608, stack(0x000000a5b6500000,0x000000a5b6600000)]
  0x0000022811836370 JavaThread "QuantumRenderer-0" daemon [_thread_blocked, id=8180, stack(0x000000a5b6700000,0x000000a5b6800000)]
  0x00000228105cd780 JavaThread "InvokeLaterDispatcher" daemon [_thread_blocked, id=9180, stack(0x000000a5b6a00000,0x000000a5b6b00000)]
  0x0000022810e8a520 JavaThread "JavaFX Application Thread" [_thread_blocked, id=6056, stack(0x000000a5b6b00000,0x000000a5b6c00000)]
  0x0000022810ef74c0 JavaThread "JavaFX-Launcher" [_thread_blocked, id=13804, stack(0x000000a5b7200000,0x000000a5b7300000)]
  0x0000022810eb3960 JavaThread "Thread-2" daemon [_thread_in_native, id=13280, stack(0x000000a5b6100000,0x000000a5b6200000)]
  0x0000022811c80360 JavaThread "Prism Font Disposer" daemon [_thread_blocked, id=15104, stack(0x000000a5b7c00000,0x000000a5b7d00000)]
  0x0000022811c817a0 JavaThread "Cleaner-0" daemon [_thread_blocked, id=640, stack(0x000000a5b7d00000,0x000000a5b7e00000)]
  0x0000022811c7ea10 JavaThread "SIGINT handler" daemon [_thread_blocked, id=13596, stack(0x000000a5b4c00000,0x000000a5b4d00000)]

Other Threads:
=>0x00000227caee8530 VMThread "VM Thread" [stack: 0x000000a5b5500000,0x000000a5b5600000] [id=16380]
  0x00000227ab51f8b0 GCTaskThread "GC Thread#0" [stack: 0x000000a5b5000000,0x000000a5b5100000] [id=4368]
  0x0000022810b324a0 GCTaskThread "GC Thread#1" [stack: 0x000000a5b7300000,0x000000a5b7400000] [id=13152]
  0x0000022810b32760 GCTaskThread "GC Thread#2" [stack: 0x000000a5b7400000,0x000000a5b7500000] [id=10436]
  0x0000022810b32a20 GCTaskThread "GC Thread#3" [stack: 0x000000a5b7500000,0x000000a5b7600000] [id=11272]
  0x0000022810b33cf0 GCTaskThread "GC Thread#4" [stack: 0x000000a5b7600000,0x000000a5b7700000] [id=4008]
  0x0000022810b33fb0 GCTaskThread "GC Thread#5" [stack: 0x000000a5b7700000,0x000000a5b7800000] [id=3104]
  0x0000022810b44e30 GCTaskThread "GC Thread#6" [stack: 0x000000a5b7800000,0x000000a5b7900000] [id=2464]
  0x0000022810b450f0 GCTaskThread "GC Thread#7" [stack: 0x000000a5b7900000,0x000000a5b7a00000] [id=11952]
  0x00000227ab52e760 ConcurrentGCThread "G1 Main Marker" terminated
  0x00000227ab531bb0 ConcurrentGCThread "G1 Conc#0" [stack: 0x000000a5b5200000,0x000000a5b5300000] [id=16224]
  0x00000228179ddcc0 ConcurrentGCThread "G1 Conc#1" [stack: 0x000000a5b6000000,0x000000a5b6100000] [id=13404]
  0x00000227ab57ec60 ConcurrentGCThread "G1 Refine#0" terminated
  0x00000228175d6650 ConcurrentGCThread "G1 Refine#1" terminated
  0x00000228175d7ae0 ConcurrentGCThread "G1 Refine#2" terminated
  0x00000228175d6c30 ConcurrentGCThread "G1 Refine#3" terminated
  0x00000228175d6f20 ConcurrentGCThread "G1 Refine#4" terminated
  0x000002281cdd5b30 ConcurrentGCThread "G1 Refine#5" terminated
  0x00000227cada85e0 ConcurrentGCThread "G1 Service" terminated

Threads with active compile tasks:
C1 CompilerThread0  
[error occurred during error reporting (printing all threads), id 0xc0000005, EXCEPTION_ACCESS_VIOLATION (0xc0000005) at pc=0x00007ffa065465b3]

VM state: at safepoint (shutting down)

VM Mutex/Monitor currently owned by a thread:  ([mutex/lock_event])
[0x00000227ab4c4c20] Threads_lock - owner thread: 0x00000227caee8530
[0x00000227ab4c4320] Heap_lock - owner thread: 0x0000022811c7ea10

Heap address: 0x0000000091000000, size: 1776 MB, Compressed Oops mode: 32-bit

CDS archive(s) mapped at: [0x00000227cb000000-0x00000227cbbb0000-0x00000227cbbb0000), size 12255232, SharedBaseAddress: 0x00000227cb000000, ArchiveRelocationMode: 1.
Compressed class space mapped at: 0x00000227cc000000-0x000002280c000000, reserved size: 1073741824
Narrow klass base: 0x00000227cb000000, Narrow klass shift: 0, Narrow klass range: 0x100000000

GC Precious Log:
 CPUs: 8 total, 8 available
 Memory: 7103M
 Large Page Support: Disabled
 NUMA Support: Disabled
 Compressed Oops: Enabled (32-bit)
 Heap Region Size: 1M
 Heap Min Capacity: 8M
 Heap Initial Capacity: 112M
 Heap Max Capacity: 1776M
 Pre-touch: Disabled
 Parallel Workers: 8
 Concurrent Workers: 2
 Concurrent Refinement Workers: 8
 Periodic GC: Disabled

Heap:
 garbage-first heap   total 137216K, used 85555K [0x0000000091000000, 0x0000000100000000)
  region size 1024K, 8 young (8192K), 2 survivors (2048K)
 Metaspace       used 24127K, committed 24576K, reserved 1114112K
  class space    used 3232K, committed 3456K, reserved 1048576K

Heap Regions: E=young(eden), S=young(survivor), O=old, HS=humongous(starts), HC=humongous(continues), CS=collection set, F=free, OA=open archive, CA=closed archive, TAMS=top-at-mark-start (previous, next)
|   0|0x0000000091000000, 0x0000000091100000, 0x0000000091100000|100%|HS|  |TAMS 0x0000000091100000, 0x0000000091000000| Complete 
|   1|0x0000000091100000, 0x0000000091200000, 0x0000000091200000|100%|HS|  |TAMS 0x0000000091200000, 0x0000000091100000| Complete 
|   2|0x0000000091200000, 0x0000000091300000, 0x0000000091300000|100%|HS|  |TAMS 0x0000000091300000, 0x0000000091200000| Complete 
|   3|0x0000000091300000, 0x0000000091400000, 0x0000000091400000|100%|HS|  |TAMS 0x0000000091400000, 0x0000000091300000| Complete 
|   4|0x0000000091400000, 0x0000000091500000, 0x0000000091500000|100%| O|  |TAMS 0x0000000091500000, 0x0000000091400000| Untracked 
|   5|0x0000000091500000, 0x0000000091600000, 0x0000000091600000|100%| O|  |TAMS 0x0000000091600000, 0x0000000091500000| Untracked 
|   6|0x0000000091600000, 0x0000000091700000, 0x0000000091700000|100%| O|  |TAMS 0x0000000091700000, 0x0000000091600000| Untracked 
|   7|0x0000000091700000, 0x0000000091800000, 0x0000000091800000|100%|HS|  |TAMS 0x0000000091800000, 0x0000000091700000| Complete 
|   8|0x0000000091800000, 0x0000000091900000, 0x0000000091900000|100%|HC|  |TAMS 0x0000000091900000, 0x0000000091800000| Complete 
|   9|0x0000000091900000, 0x0000000091a00000, 0x0000000091a00000|100%|HC|  |TAMS 0x0000000091a00000, 0x0000000091900000| Complete 
|  10|0x0000000091a00000, 0x0000000091b00000, 0x0000000091b00000|100%|HC|  |TAMS 0x0000000091b00000, 0x0000000091a00000| Complete 
|  11|0x0000000091b00000, 0x0000000091c00000, 0x0000000091c00000|100%|HC|  |TAMS 0x0000000091c00000, 0x0000000091b00000| Complete 
|  12|0x0000000091c00000, 0x0000000091d00000, 0x0000000091d00000|100%|HC|  |TAMS 0x0000000091d00000, 0x0000000091c00000| Complete 
|  13|0x0000000091d00000, 0x0000000091e00000, 0x0000000091e00000|100%|HC|  |TAMS 0x0000000091e00000, 0x0000000091d00000| Complete 
|  14|0x0000000091e00000, 0x0000000091f00000, 0x0000000091f00000|100%|HC|  |TAMS 0x0000000091f00000, 0x0000000091e00000| Complete 
|  15|0x0000000091f00000, 0x0000000092000000, 0x0000000092000000|100%|HC|  |TAMS 0x0000000092000000, 0x0000000091f00000| Complete 
|  16|0x0000000092000000, 0x0000000092100000, 0x0000000092100000|100%|HC|  |TAMS 0x0000000092100000, 0x0000000092000000| Complete 
|  17|0x0000000092100000, 0x0000000092200000, 0x0000000092200000|100%|HC|  |TAMS 0x0000000092200000, 0x0000000092100000| Complete 
|  18|0x0000000092200000, 0x0000000092300000, 0x0000000092300000|100%|HC|  |TAMS 0x0000000092300000, 0x0000000092200000| Complete 
|  19|0x0000000092300000, 0x0000000092400000, 0x0000000092400000|100%|HC|  |TAMS 0x0000000092400000, 0x0000000092300000| Complete 
|  20|0x0000000092400000, 0x0000000092500000, 0x0000000092500000|100%|HS|  |TAMS 0x0000000092500000, 0x0000000092400000| Complete 
|  21|0x0000000092500000, 0x0000000092600000, 0x0000000092600000|100%|HS|  |TAMS 0x0000000092600000, 0x0000000092500000| Complete 
|  22|0x0000000092600000, 0x0000000092700000, 0x0000000092700000|100%|HC|  |TAMS 0x0000000092700000, 0x0000000092600000| Complete 
|  23|0x0000000092700000, 0x0000000092800000, 0x0000000092800000|100%|HS|  |TAMS 0x0000000092800000, 0x0000000092700000| Complete 
|  24|0x0000000092800000, 0x0000000092900000, 0x0000000092900000|100%| O|  |TAMS 0x0000000092900000, 0x0000000092800000| Untracked 
|  25|0x0000000092900000, 0x0000000092a00000, 0x0000000092a00000|100%| O|  |TAMS 0x0000000092a00000, 0x0000000092900000| Untracked 
|  26|0x0000000092a00000, 0x0000000092b00000, 0x0000000092b00000|100%| O|  |TAMS 0x0000000092b00000, 0x0000000092a00000| Untracked 
|  27|0x0000000092b00000, 0x0000000092c00000, 0x0000000092c00000|100%|HS|  |TAMS 0x0000000092c00000, 0x0000000092b00000| Complete 
|  28|0x0000000092c00000, 0x0000000092d00000, 0x0000000092d00000|100%| O|  |TAMS 0x0000000092d00000, 0x0000000092c00000| Untracked 
|  29|0x0000000092d00000, 0x0000000092e00000, 0x0000000092e00000|100%| O|  |TAMS 0x0000000092e00000, 0x0000000092d00000| Untracked 
|  30|0x0000000092e00000, 0x0000000092f00000, 0x0000000092f00000|100%| O|  |TAMS 0x0000000092f00000, 0x0000000092e00000| Untracked 
|  31|0x0000000092f00000, 0x0000000093000000, 0x0000000093000000|100%|HS|  |TAMS 0x0000000093000000, 0x0000000092f00000| Complete 
|  32|0x0000000093000000, 0x0000000093100000, 0x0000000093100000|100%| O|  |TAMS 0x0000000093100000, 0x0000000093000000| Untracked 
|  33|0x0000000093100000, 0x0000000093200000, 0x0000000093200000|100%| O|  |TAMS 0x0000000093200000, 0x0000000093100000| Untracked 
|  34|0x0000000093200000, 0x0000000093300000, 0x0000000093300000|100%| O|  |TAMS 0x0000000093300000, 0x0000000093200000| Untracked 
|  35|0x0000000093300000, 0x0000000093400000, 0x0000000093400000|100%| O|  |TAMS 0x0000000093400000, 0x0000000093300000| Untracked 
|  36|0x0000000093400000, 0x0000000093500000, 0x0000000093500000|100%| O|  |TAMS 0x0000000093500000, 0x0000000093400000| Untracked 
|  37|0x0000000093500000, 0x0000000093600000, 0x0000000093600000|100%| O|  |TAMS 0x0000000093600000, 0x0000000093500000| Untracked 
|  38|0x0000000093600000, 0x0000000093700000, 0x0000000093700000|100%| O|  |TAMS 0x0000000093700000, 0x0000000093600000| Untracked 
|  39|0x0000000093700000, 0x0000000093800000, 0x0000000093800000|100%| O|  |TAMS 0x0000000093800000, 0x0000000093700000| Untracked 
|  40|0x0000000093800000, 0x0000000093900000, 0x0000000093900000|100%| O|  |TAMS 0x0000000093900000, 0x0000000093800000| Untracked 
|  41|0x0000000093900000, 0x0000000093a00000, 0x0000000093a00000|100%|HS|  |TAMS 0x0000000093a00000, 0x0000000093900000| Complete 
|  42|0x0000000093a00000, 0x0000000093b00000, 0x0000000093b00000|100%| O|  |TAMS 0x0000000093b00000, 0x0000000093a00000| Untracked 
|  43|0x0000000093b00000, 0x0000000093c00000, 0x0000000093c00000|100%|HS|  |TAMS 0x0000000093c00000, 0x0000000093b00000| Complete 
|  44|0x0000000093c00000, 0x0000000093d00000, 0x0000000093d00000|100%| O|  |TAMS 0x0000000093d00000, 0x0000000093c00000| Untracked 
|  45|0x0000000093d00000, 0x0000000093e00000, 0x0000000093e00000|100%| O|  |TAMS 0x0000000093e00000, 0x0000000093d00000| Untracked 
|  46|0x0000000093e00000, 0x0000000093f00000, 0x0000000093f00000|100%| O|  |TAMS 0x0000000093f00000, 0x0000000093e00000| Untracked 
|  47|0x0000000093f00000, 0x0000000094000000, 0x0000000094000000|100%| O|  |TAMS 0x0000000094000000, 0x0000000093f00000| Untracked 
|  48|0x0000000094000000, 0x0000000094100000, 0x0000000094100000|100%| O|  |TAMS 0x0000000094100000, 0x0000000094000000| Untracked 
|  49|0x0000000094100000, 0x0000000094200000, 0x0000000094200000|100%| O|  |TAMS 0x0000000094200000, 0x0000000094100000| Untracked 
|  50|0x0000000094200000, 0x0000000094300000, 0x0000000094300000|100%| O|  |TAMS 0x0000000094300000, 0x0000000094200000| Untracked 
|  51|0x0000000094300000, 0x0000000094400000, 0x0000000094400000|100%| O|  |TAMS 0x0000000094400000, 0x0000000094300000| Untracked 
|  52|0x0000000094400000, 0x0000000094500000, 0x0000000094500000|100%| O|  |TAMS 0x0000000094500000, 0x0000000094400000| Untracked 
|  53|0x0000000094500000, 0x0000000094600000, 0x0000000094600000|100%|HS|  |TAMS 0x0000000094600000, 0x0000000094500000| Complete 
|  54|0x0000000094600000, 0x0000000094700000, 0x0000000094700000|100%|HS|  |TAMS 0x0000000094700000, 0x0000000094600000| Complete 
|  55|0x0000000094700000, 0x0000000094800000, 0x0000000094800000|100%| O|  |TAMS 0x0000000094800000, 0x0000000094700000| Untracked 
|  56|0x0000000094800000, 0x0000000094900000, 0x0000000094900000|100%|HS|  |TAMS 0x0000000094900000, 0x0000000094800000| Complete 
|  57|0x0000000094900000, 0x0000000094a00000, 0x0000000094a00000|100%| O|  |TAMS 0x0000000094a00000, 0x0000000094900000| Untracked 
|  58|0x0000000094a00000, 0x0000000094b00000, 0x0000000094b00000|100%|HS|  |TAMS 0x0000000094b00000, 0x0000000094a00000| Complete 
|  59|0x0000000094b00000, 0x0000000094c00000, 0x0000000094c00000|100%| O|  |TAMS 0x0000000094c00000, 0x0000000094b00000| Untracked 
|  60|0x0000000094c00000, 0x0000000094d00000, 0x0000000094d00000|100%|HS|  |TAMS 0x0000000094d00000, 0x0000000094c00000| Complete 
|  61|0x0000000094d00000, 0x0000000094e00000, 0x0000000094e00000|100%| O|  |TAMS 0x0000000094e00000, 0x0000000094d00000| Untracked 
|  62|0x0000000094e00000, 0x0000000094f00000, 0x0000000094f00000|100%| O|  |TAMS 0x0000000094f00000, 0x0000000094e00000| Untracked 
|  63|0x0000000094f00000, 0x0000000095000000, 0x0000000095000000|100%| O|  |TAMS 0x0000000095000000, 0x0000000094f00000| Untracked 
|  64|0x0000000095000000, 0x0000000095100000, 0x0000000095100000|100%|HS|  |TAMS 0x0000000095100000, 0x0000000095000000| Complete 
|  65|0x0000000095100000, 0x0000000095200000, 0x0000000095200000|100%|HS|  |TAMS 0x0000000095200000, 0x0000000095100000| Complete 
|  66|0x0000000095200000, 0x0000000095300000, 0x0000000095300000|100%| O|  |TAMS 0x0000000095300000, 0x0000000095200000| Untracked 
|  67|0x0000000095300000, 0x0000000095400000, 0x0000000095400000|100%| O|  |TAMS 0x0000000095400000, 0x0000000095300000| Untracked 
|  68|0x0000000095400000, 0x0000000095500000, 0x0000000095500000|100%|HS|  |TAMS 0x0000000095500000, 0x0000000095400000| Complete 
|  69|0x0000000095500000, 0x0000000095600000, 0x0000000095600000|100%|HS|  |TAMS 0x0000000095600000, 0x0000000095500000| Complete 
|  70|0x0000000095600000, 0x0000000095700000, 0x0000000095700000|100%| O|  |TAMS 0x0000000095700000, 0x0000000095600000| Untracked 
|  71|0x0000000095700000, 0x0000000095800000, 0x0000000095800000|100%|HS|  |TAMS 0x0000000095800000, 0x0000000095700000| Complete 
|  72|0x0000000095800000, 0x0000000095900000, 0x0000000095900000|100%| O|  |TAMS 0x0000000095900000, 0x0000000095800000| Untracked 
|  73|0x0000000095900000, 0x0000000095a00000, 0x0000000095a00000|100%|HS|  |TAMS 0x0000000095900000, 0x0000000095900000| Complete 
|  74|0x0000000095a00000, 0x0000000095b00000, 0x0000000095b00000|100%| O|  |TAMS 0x0000000095ac3400, 0x0000000095a00000| Untracked 
|  75|0x0000000095b00000, 0x0000000095c00000, 0x0000000095c00000|100%|HS|  |TAMS 0x0000000095b00000, 0x0000000095b00000| Complete 
|  76|0x0000000095c00000, 0x0000000095cb7200, 0x0000000095d00000| 71%| O|  |TAMS 0x0000000095c00000, 0x0000000095c00000| Untracked 
|  77|0x0000000095d00000, 0x0000000095d00000, 0x0000000095e00000|  0%| F|  |TAMS 0x0000000095d00000, 0x0000000095d00000| Untracked 
|  78|0x0000000095e00000, 0x0000000095e00000, 0x0000000095f00000|  0%| F|  |TAMS 0x0000000095e00000, 0x0000000095e00000| Untracked 
|  79|0x0000000095f00000, 0x0000000095f00000, 0x0000000096000000|  0%| F|  |TAMS 0x0000000095f00000, 0x0000000095f00000| Untracked 
|  80|0x0000000096000000, 0x0000000096000000, 0x0000000096100000|  0%| F|  |TAMS 0x0000000096000000, 0x0000000096000000| Untracked 
|  81|0x0000000096100000, 0x0000000096100000, 0x0000000096200000|  0%| F|  |TAMS 0x0000000096100000, 0x0000000096100000| Untracked 
|  82|0x0000000096200000, 0x0000000096200000, 0x0000000096300000|  0%| F|  |TAMS 0x0000000096200000, 0x0000000096200000| Untracked 
|  83|0x0000000096300000, 0x0000000096300000, 0x0000000096400000|  0%| F|  |TAMS 0x0000000096300000, 0x0000000096300000| Untracked 
|  84|0x0000000096400000, 0x0000000096400000, 0x0000000096500000|  0%| F|  |TAMS 0x0000000096400000, 0x0000000096400000| Untracked 
|  85|0x0000000096500000, 0x0000000096500000, 0x0000000096600000|  0%| F|  |TAMS 0x0000000096500000, 0x0000000096500000| Untracked 
|  86|0x0000000096600000, 0x0000000096600000, 0x0000000096700000|  0%| F|  |TAMS 0x0000000096600000, 0x0000000096600000| Untracked 
|  87|0x0000000096700000, 0x0000000096700000, 0x0000000096800000|  0%| F|  |TAMS 0x0000000096700000, 0x0000000096700000| Untracked 
|  88|0x0000000096800000, 0x0000000096800000, 0x0000000096900000|  0%| F|  |TAMS 0x0000000096800000, 0x0000000096800000| Untracked 
|  89|0x0000000096900000, 0x0000000096900000, 0x0000000096a00000|  0%| F|  |TAMS 0x0000000096900000, 0x0000000096900000| Untracked 
|  90|0x0000000096a00000, 0x0000000096a00000, 0x0000000096b00000|  0%| F|  |TAMS 0x0000000096a00000, 0x0000000096a00000| Untracked 
|  91|0x0000000096b00000, 0x0000000096b00000, 0x0000000096c00000|  0%| F|  |TAMS 0x0000000096b00000, 0x0000000096b00000| Untracked 
|  92|0x0000000096c00000, 0x0000000096c00000, 0x0000000096d00000|  0%| F|  |TAMS 0x0000000096c00000, 0x0000000096c00000| Untracked 
|  93|0x0000000096d00000, 0x0000000096d00000, 0x0000000096e00000|  0%| F|  |TAMS 0x0000000096d00000, 0x0000000096d00000| Untracked 
|  94|0x0000000096e00000, 0x0000000096e00000, 0x0000000096f00000|  0%| F|  |TAMS 0x0000000096e00000, 0x0000000096e00000| Untracked 
|  95|0x0000000096f00000, 0x0000000096f00000, 0x0000000097000000|  0%| F|  |TAMS 0x0000000096f00000, 0x0000000096f00000| Untracked 
|  96|0x0000000097000000, 0x0000000097000000, 0x0000000097100000|  0%| F|  |TAMS 0x0000000097000000, 0x0000000097000000| Untracked 
|  97|0x0000000097100000, 0x0000000097100000, 0x0000000097200000|  0%| F|  |TAMS 0x0000000097100000, 0x0000000097100000| Untracked 
|  98|0x0000000097200000, 0x0000000097200000, 0x0000000097300000|  0%| F|  |TAMS 0x0000000097200000, 0x0000000097200000| Untracked 
|  99|0x0000000097300000, 0x0000000097300000, 0x0000000097400000|  0%| F|  |TAMS 0x0000000097300000, 0x0000000097300000| Untracked 
| 100|0x0000000097400000, 0x0000000097400000, 0x0000000097500000|  0%| F|  |TAMS 0x0000000097400000, 0x0000000097400000| Untracked 
| 101|0x0000000097500000, 0x0000000097500000, 0x0000000097600000|  0%| F|  |TAMS 0x0000000097500000, 0x0000000097500000| Untracked 
| 102|0x0000000097600000, 0x0000000097600000, 0x0000000097700000|  0%| F|  |TAMS 0x0000000097600000, 0x0000000097600000| Untracked 
| 103|0x0000000097700000, 0x0000000097700000, 0x0000000097800000|  0%| F|  |TAMS 0x0000000097700000, 0x0000000097700000| Untracked 
| 104|0x0000000097800000, 0x0000000097800000, 0x0000000097900000|  0%| F|  |TAMS 0x0000000097800000, 0x0000000097800000| Untracked 
| 105|0x0000000097900000, 0x0000000097900000, 0x0000000097a00000|  0%| F|  |TAMS 0x0000000097900000, 0x0000000097900000| Untracked 
| 106|0x0000000097a00000, 0x0000000097a00000, 0x0000000097b00000|  0%| F|  |TAMS 0x0000000097a00000, 0x0000000097a00000| Untracked 
| 107|0x0000000097b00000, 0x0000000097b00000, 0x0000000097c00000|  0%| F|  |TAMS 0x0000000097b00000, 0x0000000097b00000| Untracked 
| 108|0x0000000097c00000, 0x0000000097c00000, 0x0000000097d00000|  0%| F|  |TAMS 0x0000000097c00000, 0x0000000097c00000| Untracked 
| 109|0x0000000097d00000, 0x0000000097d00000, 0x0000000097e00000|  0%| F|  |TAMS 0x0000000097d00000, 0x0000000097d00000| Untracked 
| 110|0x0000000097e00000, 0x0000000097ed5a50, 0x0000000097f00000| 83%| S|CS|TAMS 0x0000000097e00000, 0x0000000097e00000| Complete 
| 111|0x0000000097f00000, 0x0000000098000000, 0x0000000098000000|100%| S|CS|TAMS 0x0000000097f00000, 0x0000000097f00000| Complete 
| 112|0x0000000098000000, 0x0000000098000000, 0x0000000098100000|  0%| F|  |TAMS 0x0000000098000000, 0x0000000098000000| Untracked 
| 113|0x0000000098100000, 0x0000000098100000, 0x0000000098200000|  0%| F|  |TAMS 0x0000000098100000, 0x0000000098100000| Untracked 
| 114|0x0000000098200000, 0x0000000098200000, 0x0000000098300000|  0%| F|  |TAMS 0x0000000098200000, 0x0000000098200000| Untracked 
| 115|0x0000000098300000, 0x0000000098300000, 0x0000000098400000|  0%| F|  |TAMS 0x0000000098300000, 0x0000000098300000| Untracked 
| 116|0x0000000098400000, 0x0000000098400000, 0x0000000098500000|  0%| F|  |TAMS 0x0000000098400000, 0x0000000098400000| Untracked 
| 117|0x0000000098500000, 0x0000000098500000, 0x0000000098600000|  0%| F|  |TAMS 0x0000000098500000, 0x0000000098500000| Untracked 
| 118|0x0000000098600000, 0x0000000098600000, 0x0000000098700000|  0%| F|  |TAMS 0x0000000098600000, 0x0000000098600000| Untracked 
| 119|0x0000000098700000, 0x0000000098700000, 0x0000000098800000|  0%| F|  |TAMS 0x0000000098700000, 0x0000000098700000| Untracked 
| 120|0x0000000098800000, 0x0000000098800000, 0x0000000098900000|  0%| F|  |TAMS 0x0000000098800000, 0x0000000098800000| Untracked 
| 121|0x0000000098900000, 0x0000000098900000, 0x0000000098a00000|  0%| F|  |TAMS 0x0000000098900000, 0x0000000098900000| Untracked 
| 122|0x0000000098a00000, 0x0000000098a00000, 0x0000000098b00000|  0%| F|  |TAMS 0x0000000098a00000, 0x0000000098a00000| Untracked 
| 123|0x0000000098b00000, 0x0000000098b00000, 0x0000000098c00000|  0%| F|  |TAMS 0x0000000098b00000, 0x0000000098b00000| Untracked 
| 124|0x0000000098c00000, 0x0000000098c00000, 0x0000000098d00000|  0%| F|  |TAMS 0x0000000098c00000, 0x0000000098c00000| Untracked 
| 125|0x0000000098d00000, 0x0000000098d00000, 0x0000000098e00000|  0%| F|  |TAMS 0x0000000098d00000, 0x0000000098d00000| Untracked 
| 126|0x0000000098e00000, 0x0000000098e00000, 0x0000000098f00000|  0%| F|  |TAMS 0x0000000098e00000, 0x0000000098e00000| Untracked 
| 127|0x0000000098f00000, 0x0000000098f00000, 0x0000000099000000|  0%| F|  |TAMS 0x0000000098f00000, 0x0000000098f00000| Untracked 
| 128|0x0000000099000000, 0x00000000990ef618, 0x0000000099100000| 93%| E|  |TAMS 0x0000000099000000, 0x0000000099000000| Complete 
| 129|0x0000000099100000, 0x0000000099200000, 0x0000000099200000|100%| E|CS|TAMS 0x0000000099100000, 0x0000000099100000| Complete 
| 130|0x0000000099200000, 0x0000000099300000, 0x0000000099300000|100%| E|CS|TAMS 0x0000000099200000, 0x0000000099200000| Complete 
| 131|0x0000000099300000, 0x0000000099400000, 0x0000000099400000|100%| E|CS|TAMS 0x0000000099300000, 0x0000000099300000| Complete 
| 132|0x0000000099400000, 0x0000000099500000, 0x0000000099500000|100%| E|CS|TAMS 0x0000000099400000, 0x0000000099400000| Complete 
| 133|0x0000000099500000, 0x0000000099600000, 0x0000000099600000|100%| E|CS|TAMS 0x0000000099500000, 0x0000000099500000| Complete 

Card table byte_map: [0x00000227c45d0000,0x00000227c4950000] _byte_map_base: 0x00000227c4148000

Marking Bits (Prev, Next): (CMBitMap*) 0x00000227ab51fed0, (CMBitMap*) 0x00000227ab51ff10
 Prev Bits: [0x00000227c4cd0000, 0x00000227c6890000)
 Next Bits: [0x00000227c6890000, 0x00000227c8450000)

Polling page: 0x00000227ab580000

Metaspace:

Usage:
  Non-class:     20.40 MB used.
      Class:      3.16 MB used.
       Both:     23.56 MB used.

Virtual space:
  Non-class space:       64.00 MB reserved,      20.62 MB ( 32%) committed,  1 nodes.
      Class space:        1.00 GB reserved,       3.38 MB ( <1%) committed,  1 nodes.
             Both:        1.06 GB reserved,      24.00 MB (  2%) committed. 

Chunk freelists:
   Non-Class:  11.05 MB
       Class:  12.48 MB
        Both:  23.52 MB

MaxMetaspaceSize: unlimited
CompressedClassSpaceSize: 1.00 GB
Initial GC threshold: 21.00 MB
Current GC threshold: 39.94 MB
CDS: on
MetaspaceReclaimPolicy: balanced
 - commit_granule_bytes: 65536.
 - commit_granule_words: 8192.
 - virtual_space_node_default_size: 8388608.
 - enlarge_chunks_in_place: 1.
 - new_chunks_are_fully_committed: 0.
 - uncommit_free_chunks: 1.
 - use_allocation_guard: 0.
 - handle_deallocations: 1.


Internal statistics:

num_allocs_failed_limit: 3.
num_arena_births: 468.
num_arena_deaths: 0.
num_vsnodes_births: 2.
num_vsnodes_deaths: 0.
num_space_committed: 384.
num_space_uncommitted: 0.
num_chunks_returned_to_freelist: 3.
num_chunks_taken_from_freelist: 1400.
num_chunk_merges: 3.
num_chunk_splits: 917.
num_chunks_enlarged: 613.
num_inconsistent_stats: 0.

CodeHeap 'non-profiled nmethods': size=120000Kb used=7425Kb max_used=7425Kb free=112574Kb
 bounds [0x00000227bc2a0000, 0x00000227bc9f0000, 0x00000227c37d0000]
CodeHeap 'profiled nmethods': size=120000Kb used=15189Kb max_used=15355Kb free=104810Kb
 bounds [0x00000227b47d0000, 0x00000227b56f0000, 0x00000227bbd00000]
CodeHeap 'non-nmethods': size=5760Kb used=1530Kb max_used=1601Kb free=4229Kb
 bounds [0x00000227bbd00000, 0x00000227bbf70000, 0x00000227bc2a0000]
 total_blobs=8204 nmethods=7375 adapters=740
 compilation: enabled
              stopped_count=0, restarted_count=0
 full_count=0

Compilation events (20 events):
Event: 234.443 Thread 0x00000227caf2a1f0 8776       3       javafx.scene.Node$NodeTransformation::getTranslateX (19 bytes)
Event: 234.443 Thread 0x00000227caf2a1f0 nmethod 8776 0x00000227b50f1190 code [0x00000227b50f1360, 0x00000227b50f1708]
Event: 234.456 Thread 0x000002281c87dfd0 nmethod 8754 0x00000227bc9da510 code [0x00000227bc9da700, 0x00000227bc9db470]
Event: 235.172 Thread 0x00000227caf2a1f0 8777       3       java.util.ArrayDeque::<init> (14 bytes)
Event: 235.172 Thread 0x00000227caf2a1f0 nmethod 8777 0x00000227b50f0c10 code [0x00000227b50f0dc0, 0x00000227b50f1098]
Event: 235.177 Thread 0x00000227caf16ca0 8778       4       javafx.scene.Node::calcEffectiveNodeOrientation (69 bytes)
Event: 235.214 Thread 0x00000227caf16ca0 nmethod 8778 0x00000227bc9dbc90 code [0x00000227bc9dbec0, 0x00000227bc9dcb88]
Event: 235.214 Thread 0x00000227caf16ca0 8779       4       com.sun.javafx.geom.RectBounds::intersectWith (86 bytes)
Event: 235.215 Thread 0x00000227caf16ca0 nmethod 8779 0x00000227bc9dd610 code [0x00000227bc9dd780, 0x00000227bc9dd9f8]
Event: 235.617 Thread 0x00000227caf16ca0 8780       4       javafx.scene.control.Labeled::textAlignmentProperty (27 bytes)
Event: 235.621 Thread 0x00000227caf16ca0 nmethod 8780 0x00000227bc9ddb10 code [0x00000227bc9ddca0, 0x00000227bc9dde78]
Event: 235.621 Thread 0x00000227caf16ca0 8781       4       javafx.scene.control.Labeled::underlineProperty (25 bytes)
Event: 235.626 Thread 0x00000227caf16ca0 nmethod 8781 0x00000227bc9ddf90 code [0x00000227bc9de120, 0x00000227bc9de2f8]
Event: 235.697 Thread 0x00000227caf2a1f0 8782       3       com.sun.javafx.tk.quantum.WindowStage::getViewScene (8 bytes)
Event: 235.698 Thread 0x00000227caf2a1f0 nmethod 8782 0x00000227b50f0790 code [0x00000227b50f0920, 0x00000227b50f0b38]
Event: 235.889 Thread 0x00000227caf16ca0 8783       4       com.sun.javafx.geom.Path2D::getBounds (134 bytes)
Event: 235.902 Thread 0x00000227caf16ca0 nmethod 8783 0x00000227bc9de410 code [0x00000227bc9de5a0, 0x00000227bc9de998]
Event: 297.013 Thread 0x00000227caf16ca0 8784       4       com.sun.javafx.tk.quantum.QuantumToolkit::postPulse (133 bytes)
Event: 297.056 Thread 0x00000227caf16ca0 nmethod 8784 0x00000227bc9deb90 code [0x00000227bc9deda0, 0x00000227bc9dfb80]
Event: 297.911 Thread 0x00000227caf2a1f0 8785       3       com.sun.prism.impl.PrismTrace::rttDisposed (78 bytes)

GC Heap History (20 events):
Event: 194.252 GC heap before
{Heap before GC invocations=58 (full 0):
 garbage-first heap   total 124928K, used 91584K [0x0000000091000000, 0x0000000100000000)
  region size 1024K, 23 young (23552K), 3 survivors (3072K)
 Metaspace       used 23735K, committed 24064K, reserved 1114112K
  class space    used 3197K, committed 3392K, reserved 1048576K
}
Event: 194.256 GC heap after
{Heap after GC invocations=59 (full 0):
 garbage-first heap   total 124928K, used 71680K [0x0000000091000000, 0x0000000100000000)
  region size 1024K, 3 young (3072K), 3 survivors (3072K)
 Metaspace       used 23735K, committed 24064K, reserved 1114112K
  class space    used 3197K, committed 3392K, reserved 1048576K
}
Event: 198.348 GC heap before
{Heap before GC invocations=60 (full 0):
 garbage-first heap   total 128000K, used 80896K [0x0000000091000000, 0x0000000100000000)
  region size 1024K, 11 young (11264K), 3 survivors (3072K)
 Metaspace       used 23759K, committed 24128K, reserved 1114112K
  class space    used 3197K, committed 3392K, reserved 1048576K
}
Event: 198.353 GC heap after
{Heap after GC invocations=61 (full 0):
 garbage-first heap   total 128000K, used 71727K [0x0000000091000000, 0x0000000100000000)
  region size 1024K, 3 young (3072K), 3 survivors (3072K)
 Metaspace       used 23759K, committed 24128K, reserved 1114112K
  class space    used 3197K, committed 3392K, reserved 1048576K
}
Event: 203.435 GC heap before
{Heap before GC invocations=62 (full 0):
 garbage-first heap   total 128000K, used 95279K [0x0000000091000000, 0x0000000100000000)
  region size 1024K, 25 young (25600K), 3 survivors (3072K)
 Metaspace       used 23766K, committed 24128K, reserved 1114112K
  class space    used 3197K, committed 3392K, reserved 1048576K
}
Event: 203.440 GC heap after
{Heap after GC invocations=63 (full 0):
 garbage-first heap   total 128000K, used 73610K [0x0000000091000000, 0x0000000100000000)
  region size 1024K, 3 young (3072K), 3 survivors (3072K)
 Metaspace       used 23766K, committed 24128K, reserved 1114112K
  class space    used 3197K, committed 3392K, reserved 1048576K
}
Event: 203.527 GC heap before
{Heap before GC invocations=64 (full 0):
 garbage-first heap   total 128000K, used 76682K [0x0000000091000000, 0x0000000100000000)
  region size 1024K, 6 young (6144K), 3 survivors (3072K)
 Metaspace       used 23768K, committed 24128K, reserved 1114112K
  class space    used 3197K, committed 3392K, reserved 1048576K
}
Event: 203.532 GC heap after
{Heap after GC invocations=65 (full 0):
 garbage-first heap   total 128000K, used 75564K [0x0000000091000000, 0x0000000100000000)
  region size 1024K, 3 young (3072K), 3 survivors (3072K)
 Metaspace       used 23768K, committed 24128K, reserved 1114112K
  class space    used 3197K, committed 3392K, reserved 1048576K
}
Event: 207.969 GC heap before
{Heap before GC invocations=66 (full 0):
 garbage-first heap   total 130048K, used 80684K [0x0000000091000000, 0x0000000100000000)
  region size 1024K, 9 young (9216K), 3 survivors (3072K)
 Metaspace       used 23790K, committed 24192K, reserved 1114112K
  class space    used 3198K, committed 3392K, reserved 1048576K
}
Event: 207.974 GC heap after
{Heap after GC invocations=67 (full 0):
 garbage-first heap   total 130048K, used 73800K [0x0000000091000000, 0x0000000100000000)
  region size 1024K, 2 young (2048K), 2 survivors (2048K)
 Metaspace       used 23790K, committed 24192K, reserved 1114112K
  class space    used 3198K, committed 3392K, reserved 1048576K
}
Event: 213.161 GC heap before
{Heap before GC invocations=68 (full 0):
 garbage-first heap   total 130048K, used 96328K [0x0000000091000000, 0x0000000100000000)
  region size 1024K, 23 young (23552K), 2 survivors (2048K)
 Metaspace       used 23805K, committed 24192K, reserved 1114112K
  class space    used 3198K, committed 3392K, reserved 1048576K
}
Event: 213.166 GC heap after
{Heap after GC invocations=69 (full 0):
 garbage-first heap   total 130048K, used 75660K [0x0000000091000000, 0x0000000100000000)
  region size 1024K, 3 young (3072K), 3 survivors (3072K)
 Metaspace       used 23805K, committed 24192K, reserved 1114112K
  class space    used 3198K, committed 3392K, reserved 1048576K
}
Event: 217.591 GC heap before
{Heap before GC invocations=70 (full 0):
 garbage-first heap   total 135168K, used 84876K [0x0000000091000000, 0x0000000100000000)
  region size 1024K, 11 young (11264K), 3 survivors (3072K)
 Metaspace       used 23857K, committed 24192K, reserved 1114112K
  class space    used 3199K, committed 3392K, reserved 1048576K
}
Event: 217.595 GC heap after
{Heap after GC invocations=71 (full 0):
 garbage-first heap   total 135168K, used 75584K [0x0000000091000000, 0x0000000100000000)
  region size 1024K, 2 young (2048K), 2 survivors (2048K)
 Metaspace       used 23857K, committed 24192K, reserved 1114112K
  class space    used 3199K, committed 3392K, reserved 1048576K
}
Event: 223.856 GC heap before
{Heap before GC invocations=72 (full 0):
 garbage-first heap   total 135168K, used 107328K [0x0000000091000000, 0x0000000100000000)
  region size 1024K, 32 young (32768K), 2 survivors (2048K)
 Metaspace       used 23933K, committed 24256K, reserved 1114112K
  class space    used 3202K, committed 3392K, reserved 1048576K
}
Event: 223.861 GC heap after
{Heap after GC invocations=73 (full 0):
 garbage-first heap   total 135168K, used 78021K [0x0000000091000000, 0x0000000100000000)
  region size 1024K, 4 young (4096K), 4 survivors (4096K)
 Metaspace       used 23933K, committed 24256K, reserved 1114112K
  class space    used 3202K, committed 3392K, reserved 1048576K
}
Event: 223.936 GC heap before
{Heap before GC invocations=74 (full 0):
 garbage-first heap   total 137216K, used 80069K [0x0000000091000000, 0x0000000100000000)
  region size 1024K, 6 young (6144K), 4 survivors (4096K)
 Metaspace       used 23936K, committed 24256K, reserved 1114112K
  class space    used 3202K, committed 3392K, reserved 1048576K
}
Event: 223.940 GC heap after
{Heap after GC invocations=75 (full 0):
 garbage-first heap   total 137216K, used 79597K [0x0000000091000000, 0x0000000100000000)
  region size 1024K, 3 young (3072K), 3 survivors (3072K)
 Metaspace       used 23936K, committed 24256K, reserved 1114112K
  class space    used 3202K, committed 3392K, reserved 1048576K
}
Event: 234.356 GC heap before
{Heap before GC invocations=76 (full 0):
 garbage-first heap   total 137216K, used 99053K [0x0000000091000000, 0x0000000100000000)
  region size 1024K, 22 young (22528K), 3 survivors (3072K)
 Metaspace       used 24108K, committed 24512K, reserved 1114112K
  class space    used 3230K, committed 3456K, reserved 1048576K
}
Event: 234.360 GC heap after
{Heap after GC invocations=77 (full 0):
 garbage-first heap   total 137216K, used 78387K [0x0000000091000000, 0x0000000100000000)
  region size 1024K, 2 young (2048K), 2 survivors (2048K)
 Metaspace       used 24108K, committed 24512K, reserved 1114112K
  class space    used 3230K, committed 3456K, reserved 1048576K
}

Dll operation events (20 events):
Event: 0.716 Loaded shared library D:\Proyecto Terminal\openjfx-22.0.1_windows-x64_bin-sdk\javafx-sdk-22.0.1\bin\api-ms-win-crt-math-l1-1-0.dll
Event: 0.719 Loaded shared library D:\Proyecto Terminal\openjfx-22.0.1_windows-x64_bin-sdk\javafx-sdk-22.0.1\bin\api-ms-win-crt-multibyte-l1-1-0.dll
Event: 0.721 Loaded shared library D:\Proyecto Terminal\openjfx-22.0.1_windows-x64_bin-sdk\javafx-sdk-22.0.1\bin\api-ms-win-crt-private-l1-1-0.dll
Event: 0.723 Loaded shared library D:\Proyecto Terminal\openjfx-22.0.1_windows-x64_bin-sdk\javafx-sdk-22.0.1\bin\api-ms-win-crt-process-l1-1-0.dll
Event: 0.725 Loaded shared library D:\Proyecto Terminal\openjfx-22.0.1_windows-x64_bin-sdk\javafx-sdk-22.0.1\bin\api-ms-win-crt-runtime-l1-1-0.dll
Event: 0.727 Loaded shared library D:\Proyecto Terminal\openjfx-22.0.1_windows-x64_bin-sdk\javafx-sdk-22.0.1\bin\api-ms-win-crt-stdio-l1-1-0.dll
Event: 0.729 Loaded shared library D:\Proyecto Terminal\openjfx-22.0.1_windows-x64_bin-sdk\javafx-sdk-22.0.1\bin\api-ms-win-crt-string-l1-1-0.dll
Event: 0.731 Loaded shared library D:\Proyecto Terminal\openjfx-22.0.1_windows-x64_bin-sdk\javafx-sdk-22.0.1\bin\api-ms-win-crt-time-l1-1-0.dll
Event: 0.733 Loaded shared library D:\Proyecto Terminal\openjfx-22.0.1_windows-x64_bin-sdk\javafx-sdk-22.0.1\bin\api-ms-win-crt-utility-l1-1-0.dll
Event: 0.735 Loaded shared library D:\Proyecto Terminal\openjfx-22.0.1_windows-x64_bin-sdk\javafx-sdk-22.0.1\bin\ucrtbase.dll
Event: 0.738 Loaded shared library D:\Proyecto Terminal\openjfx-22.0.1_windows-x64_bin-sdk\javafx-sdk-22.0.1\bin\vcruntime140.dll
Event: 0.740 Loaded shared library D:\Proyecto Terminal\openjfx-22.0.1_windows-x64_bin-sdk\javafx-sdk-22.0.1\bin\vcruntime140_1.dll
Event: 0.742 Loaded shared library D:\Proyecto Terminal\openjfx-22.0.1_windows-x64_bin-sdk\javafx-sdk-22.0.1\bin\msvcp140.dll
Event: 0.744 Loaded shared library D:\Proyecto Terminal\openjfx-22.0.1_windows-x64_bin-sdk\javafx-sdk-22.0.1\bin\msvcp140_1.dll
Event: 0.746 Loaded shared library D:\Proyecto Terminal\openjfx-22.0.1_windows-x64_bin-sdk\javafx-sdk-22.0.1\bin\msvcp140_2.dll
Event: 0.825 Loaded shared library D:\Proyecto Terminal\openjfx-22.0.1_windows-x64_bin-sdk\javafx-sdk-22.0.1\bin\prism_d3d.dll
Event: 0.887 Loaded shared library D:\Proyecto Terminal\openjfx-22.0.1_windows-x64_bin-sdk\javafx-sdk-22.0.1\bin\glass.dll
Event: 1.072 Loaded shared library C:\Users\diego\.jdks\corretto-17.0.13\bin\jimage.dll
Event: 1.962 Loaded shared library D:\Proyecto Terminal\openjfx-22.0.1_windows-x64_bin-sdk\javafx-sdk-22.0.1\bin\javafx_font.dll
Event: 6.658 Loaded shared library D:\Proyecto Terminal\openjfx-22.0.1_windows-x64_bin-sdk\javafx-sdk-22.0.1\bin\javafx_iio.dll

Deoptimization events (20 events):
Event: 297.909 Thread 0x0000022811c80d80 Uncommon trap: reason=unstable_if action=reinterpret pc=0x00000227bc630f70 method=java.util.concurrent.locks.ReentrantLock$Sync.tryRelease(I)Z @ 26 c2
Event: 297.909 Thread 0x0000022811836370 Uncommon trap: reason=unstable_if action=reinterpret pc=0x00000227bc87d890 method=java.util.concurrent.locks.AbstractQueuedSynchronizer$ConditionNode.isReleasable()Z @ 14 c2
Event: 297.909 Thread 0x0000022811c80d80 DEOPT PACKING pc=0x00000227bc630f70 sp=0x000000a5b4eff170
Event: 297.909 Thread 0x0000022811836370 DEOPT PACKING pc=0x00000227bc87d890 sp=0x000000a5b67ff390
Event: 297.909 Thread 0x0000022811c80d80 DEOPT UNPACKING pc=0x00000227bbd569a3 sp=0x000000a5b4eff060 mode 2
Event: 297.909 Thread 0x0000022811836370 DEOPT UNPACKING pc=0x00000227bbd569a3 sp=0x000000a5b67ff1c8 mode 2
Event: 297.909 Thread 0x0000022811836370 Uncommon trap: trap_request=0xffffff45 fr.pc=0x00000227bc9c5d48 relative=0x0000000000000048
Event: 297.909 Thread 0x0000022811836370 Uncommon trap: reason=unstable_if action=reinterpret pc=0x00000227bc9c5d48 method=java.lang.Thread.interrupted()Z @ 10 c2
Event: 297.909 Thread 0x0000022811836370 DEOPT PACKING pc=0x00000227bc9c5d48 sp=0x000000a5b67ff350
Event: 297.909 Thread 0x0000022811836370 DEOPT UNPACKING pc=0x00000227bbd569a3 sp=0x000000a5b67ff2e0 mode 2
Event: 297.909 Thread 0x0000022811836370 Uncommon trap: trap_request=0xffffffde fr.pc=0x00000227bc33c650 relative=0x0000000000000410
Event: 297.909 Thread 0x0000022811836370 Uncommon trap: reason=class_check action=maybe_recompile pc=0x00000227bc33c650 method=java.lang.Throwable.<init>()V @ 24 c2
Event: 297.909 Thread 0x0000022811836370 DEOPT PACKING pc=0x00000227bc33c650 sp=0x000000a5b67ff250
Event: 297.909 Thread 0x0000022811836370 DEOPT UNPACKING pc=0x00000227bbd569a3 sp=0x000000a5b67ff220 mode 2
Event: 297.909 Thread 0x0000022811836370 DEOPT PACKING pc=0x00000227b54465e4 sp=0x000000a5b67ff420
Event: 297.909 Thread 0x0000022811836370 DEOPT UNPACKING pc=0x00000227bbd57143 sp=0x000000a5b67fe968 mode 1
Event: 297.909 Thread 0x0000022811836370 DEOPT PACKING pc=0x00000227b54453bc sp=0x000000a5b67ff530
Event: 297.909 Thread 0x0000022811836370 DEOPT UNPACKING pc=0x00000227bbd57143 sp=0x000000a5b67fe9f0 mode 1
Event: 297.909 Thread 0x0000022811c80d80 DEOPT PACKING pc=0x00000227bc42b0cc sp=0x000000a5b4eff470
Event: 297.910 Thread 0x0000022811c80d80 DEOPT UNPACKING pc=0x00000227bbd57143 sp=0x000000a5b4efe890 mode 1

Classes loaded (20 events):
Event: 220.860 Loading class optiuam/bc/model/ElementoGrafico
Event: 220.860 Loading class optiuam/bc/model/ElementoGrafico done
Event: 220.860 Loading class optiuam/bc/model/ElementoGrafico
Event: 220.860 Loading class optiuam/bc/model/ElementoGrafico done
Event: 220.860 Loading class optiuam/bc/model/ElementoGrafico
Event: 220.860 Loading class optiuam/bc/model/ElementoGrafico done
Event: 220.861 Loading class optiuam/bc/controller/VentanaMultiplexorController
Event: 220.861 Loading class optiuam/bc/controller/VentanaMultiplexorController done
Event: 220.861 Loading class optiuam/bc/model/ElementoGrafico
Event: 220.861 Loading class optiuam/bc/model/ElementoGrafico done
Event: 226.215 Loading class com/intellij/rt/debugger/BatchEvaluatorServer
Event: 226.215 Loading class com/intellij/rt/debugger/BatchEvaluatorServer done
Event: 226.563 Loading class java/io/DataOutputStream
Event: 226.564 Loading class java/io/DataOutputStream done
Event: 297.463 Loading class jdk/internal/misc/Signal$1
Event: 297.463 Loading class jdk/internal/misc/Signal$1 done
Event: 297.908 Loading class com/sun/javafx/tk/quantum/QuantumRenderer
Event: 297.908 Loading class com/sun/javafx/tk/quantum/QuantumRenderer done
Event: 297.909 Loading class com/sun/javafx/tk/quantum/QuantumToolkit
Event: 297.909 Loading class com/sun/javafx/tk/quantum/QuantumToolkit done

Classes unloaded (0 events):
No events

Classes redefined (0 events):
No events

Internal exceptions (20 events):
Event: 5.073 Thread 0x0000022810e8a520 Exception <a 'java/lang/NoSuchMethodError'{0x0000000096f4b310}: 'void java.lang.invoke.DirectMethodHandle$Holder.invokeSpecialIFC(java.lang.Object, java.lang.Object, java.lang.Object, java.lang.Object)'> (0x0000000096f4b310) 
thrown [s\src\hotspot\share\interpreter\linkResolver.cpp, line 759]
Event: 5.332 Thread 0x0000022810e8a520 Exception <a 'java/lang/NoSuchMethodError'{0x0000000096800710}: 'void java.lang.invoke.DirectMethodHandle$Holder.invokeSpecial(java.lang.Object, java.lang.Object, java.lang.Object, java.lang.Object, java.lang.Object, java.lang.Object)'> (0x0000000096800710) 
thrown [s\src\hotspot\share\interpreter\linkResolver.cpp, line 759]
Event: 5.714 Thread 0x0000022811836370 Exception <a 'java/lang/NoSuchMethodError'{0x00000000963ac9b8}: 'java.lang.Object java.lang.invoke.DirectMethodHandle$Holder.invokeStaticInit(java.lang.Object, int)'> (0x00000000963ac9b8) 
thrown [s\src\hotspot\share\interpreter\linkResolver.cpp, line 759]
Event: 6.563 Thread 0x0000022810e8a520 Exception <a 'java/lang/NoSuchMethodError'{0x0000000095f56bb8}: 'long java.lang.invoke.DirectMethodHandle$Holder.invokeStatic(java.lang.Object, java.lang.Object, java.lang.Object)'> (0x0000000095f56bb8) 
thrown [s\src\hotspot\share\interpreter\linkResolver.cpp, line 759]
Event: 6.564 Thread 0x0000022810e8a520 Exception <a 'java/lang/NoSuchMethodError'{0x0000000095f5a360}: 'long java.lang.invoke.DirectMethodHandle$Holder.invokeStaticInit(java.lang.Object, java.lang.Object, java.lang.Object)'> (0x0000000095f5a360) 
thrown [s\src\hotspot\share\interpreter\linkResolver.cpp, line 759]
Event: 6.568 Thread 0x0000022810e8a520 Exception <a 'java/lang/NoSuchMethodError'{0x0000000095f71ee0}: 'java.lang.Object java.lang.invoke.DirectMethodHandle$Holder.newInvokeSpecial(java.lang.Object, java.lang.Object, long)'> (0x0000000095f71ee0) 
thrown [s\src\hotspot\share\interpreter\linkResolver.cpp, line 759]
Event: 6.569 Thread 0x0000022810e8a520 Exception <a 'java/lang/NoSuchMethodError'{0x0000000095f75a50}: 'java.lang.Object java.lang.invoke.Invokers$Holder.linkToTargetMethod(java.lang.Object, long, java.lang.Object)'> (0x0000000095f75a50) 
thrown [s\src\hotspot\share\interpreter\linkResolver.cpp, line 759]
Event: 6.885 Thread 0x0000022810e8a520 Exception <a 'java/lang/ClassNotFoundException'{0x00000000954833c0}: com/sun/javafx/scene/control/skin/resources/controls> (0x00000000954833c0) 
thrown [s\src\hotspot\share\prims\jni.cpp, line 535]
Event: 6.887 Thread 0x0000022810e8a520 Exception <a 'java/lang/ClassNotFoundException'{0x0000000095491d70}: com/sun/javafx/scene/control/skin/resources/controls_es> (0x0000000095491d70) 
thrown [s\src\hotspot\share\prims\jni.cpp, line 535]
Event: 6.889 Thread 0x0000022810e8a520 Exception <a 'java/lang/ClassNotFoundException'{0x000000009549ff50}: com/sun/javafx/scene/control/skin/resources/controls_es_MX> (0x000000009549ff50) 
thrown [s\src\hotspot\share\prims\jni.cpp, line 535]
Event: 6.962 Thread 0x0000022810e8a520 Exception <a 'java/lang/NoSuchMethodError'{0x000000009522bae0}: 'int java.lang.invoke.DirectMethodHandle$Holder.invokeSpecial(java.lang.Object, java.lang.Object, int)'> (0x000000009522bae0) 
thrown [s\src\hotspot\share\interpreter\linkResolver.cpp, line 759]
Event: 7.224 Thread 0x0000022810e8a520 Exception <a 'java/lang/NoSuchMethodError'{0x0000000094c510e0}: 'void java.lang.invoke.DirectMethodHandle$Holder.invokeVirtual(java.lang.Object, java.lang.Object)'> (0x0000000094c510e0) 
thrown [s\src\hotspot\share\interpreter\linkResolver.cpp, line 759]
Event: 13.847 Thread 0x0000022810e8a520 Exception <a 'java/lang/NoSuchMethodError'{0x0000000094417d20}: 'java.lang.Object java.lang.invoke.DirectMethodHandle$Holder.newInvokeSpecial(java.lang.Object, java.lang.Object, int, int, int, int, int, java.lang.Object)'> (0x0000000094417d20) 
thrown [s\src\hotspot\share\interpreter\linkResolver.cpp, line 759]
Event: 13.852 Thread 0x0000022810e8a520 Exception <a 'java/lang/NoSuchMethodError'{0x000000009442b248}: 'java.lang.Object java.lang.invoke.DirectMethodHandle$Holder.newInvokeSpecial(java.lang.Object, java.lang.Object, java.lang.Object, int, int, int, int, int)'> (0x000000009442b248) 
thrown [s\src\hotspot\share\interpreter\linkResolver.cpp, line 759]
Event: 13.854 Thread 0x0000022810e8a520 Exception <a 'java/lang/NoSuchMethodError'{0x00000000944332a0}: 'java.lang.Object java.lang.invoke.Invokers$Holder.linkToTargetMethod(java.lang.Object, java.lang.Object, int, int, int, int, int, java.lang.Object)'> (0x00000000944332a0) 
thrown [s\src\hotspot\share\interpreter\linkResolver.cpp, line 759]
Event: 182.907 Thread 0x0000022810e8a520 Implicit null exception at 0x00000227bc8e450e to 0x00000227bc8e6214
Event: 226.575 Thread 0x0000022810e8a520 Exception <a 'java/lang/NoSuchMethodError'{0x00000000990a0408}: 'java.lang.Object java.lang.invoke.DirectMethodHandle$Holder.invokeSpecial(java.lang.Object, java.lang.Object, long, java.lang.Object, int, int, java.lang.Object, int, java.lang.Object)'> (0x00000000990a0408) 
thrown [s\src\hotspot\share\interpreter\linkResolver.cpp, line 759]
Event: 226.575 Thread 0x0000022810e8a520 Exception <a 'java/lang/NoSuchMethodError'{0x00000000990a4668}: 'java.lang.Object java.lang.invoke.DelegatingMethodHandle$Holder.reinvoke_L(java.lang.Object, long, java.lang.Object, int, int, java.lang.Object, int, java.lang.Object)'> (0x00000000990a4668) 
thrown [s\src\hotspot\share\interpreter\linkResolver.cpp, line 759]
Event: 226.590 Thread 0x0000022810e8a520 Exception <a 'java/lang/NoSuchMethodError'{0x0000000098f49530}: 'java.lang.Object java.lang.invoke.DelegatingMethodHandle$Holder.reinvoke_L(java.lang.Object, java.lang.Object, int, int, double, int)'> (0x0000000098f49530) 
thrown [s\src\hotspot\share\interpreter\linkResolver.cpp, line 759]
Event: 226.606 Thread 0x0000022810e8a520 Exception <a 'java/lang/NoSuchMethodError'{0x0000000098f9b6f0}: 'java.lang.Object java.lang.invoke.DelegatingMethodHandle$Holder.reinvoke_L(java.lang.Object, java.lang.Object, int, int, java.lang.Object, java.lang.Object)'> (0x0000000098f9b6f0) 
thrown [s\src\hotspot\share\interpreter\linkResolver.cpp, line 759]

VM Operations (20 events):
Event: 239.302 Executing VM operation: get/set locals done
Event: 239.302 Executing VM operation: get/set locals
Event: 239.302 Executing VM operation: get/set locals done
Event: 239.302 Executing VM operation: get/set locals
Event: 239.303 Executing VM operation: get/set locals done
Event: 296.982 Executing VM operation: ChangeBreakpoints
Event: 296.982 Executing VM operation: ChangeBreakpoints done
Event: 297.005 Executing VM operation: ChangeBreakpoints
Event: 297.005 Executing VM operation: ChangeBreakpoints done
Event: 297.005 Executing VM operation: ChangeBreakpoints
Event: 297.005 Executing VM operation: ChangeBreakpoints done
Event: 297.005 Executing VM operation: ChangeBreakpoints
Event: 297.005 Executing VM operation: ChangeBreakpoints done
Event: 297.005 Executing VM operation: ChangeBreakpoints
Event: 297.005 Executing VM operation: ChangeBreakpoints done
Event: 297.005 Executing VM operation: ChangeBreakpoints
Event: 297.005 Executing VM operation: ChangeBreakpoints done
Event: 297.006 Executing VM operation: ChangeBreakpoints
Event: 297.006 Executing VM operation: ChangeBreakpoints done
Event: 297.911 Executing VM operation: Exit

Memory protections (0 events):
No events

Nmethod flushes (20 events):
Event: 135.890 Thread 0x00000227caf2a710 flushing  nmethod 0x00000227b548f890
Event: 135.890 Thread 0x00000227caf2a710 flushing  nmethod 0x00000227b5490b10
Event: 135.890 Thread 0x00000227caf2a710 flushing  nmethod 0x00000227b5491390
Event: 135.890 Thread 0x00000227caf2a710 flushing  nmethod 0x00000227b5495b10
Event: 135.890 Thread 0x00000227caf2a710 flushing  nmethod 0x00000227b549af10
Event: 135.890 Thread 0x00000227caf2a710 flushing  nmethod 0x00000227b5503090
Event: 135.890 Thread 0x00000227caf2a710 flushing  nmethod 0x00000227b5503690
Event: 135.891 Thread 0x00000227caf2a710 flushing  nmethod 0x00000227b5506790
Event: 135.891 Thread 0x00000227caf2a710 flushing  nmethod 0x00000227b5507a10
Event: 135.891 Thread 0x00000227caf2a710 flushing  nmethod 0x00000227b550a110
Event: 135.891 Thread 0x00000227caf2a710 flushing  nmethod 0x00000227b550c110
Event: 135.891 Thread 0x00000227caf2a710 flushing  nmethod 0x00000227b5510290
Event: 135.891 Thread 0x00000227caf2a710 flushing  nmethod 0x00000227b5518810
Event: 135.891 Thread 0x00000227caf2a710 flushing  nmethod 0x00000227b551dd90
Event: 135.891 Thread 0x00000227caf2a710 flushing  nmethod 0x00000227b551ea90
Event: 135.891 Thread 0x00000227caf2a710 flushing  nmethod 0x00000227b5521f90
Event: 135.891 Thread 0x00000227caf2a710 flushing  nmethod 0x00000227b5526190
Event: 135.891 Thread 0x00000227caf2a710 flushing  nmethod 0x00000227b567de90
Event: 233.483 Thread 0x00000227caf2a710 flushing  nmethod 0x00000227b4e58a90
Event: 233.486 Thread 0x00000227caf2a710 flushing  nmethod 0x00000227b51abc90

Events (20 events):
Event: 99.643 Thread 0x000002281c87fa60 Thread exited: 0x000002281c87fa60
Event: 135.581 Thread 0x00000227caf2a1f0 Thread added: 0x000002281c87efc0
Event: 135.868 Thread 0x000002281c87efc0 Thread exited: 0x000002281c87efc0
Event: 152.466 Thread 0x00000227caf2a1f0 Thread added: 0x000002281c87cfe0
Event: 152.706 Thread 0x000002281c87cfe0 Thread exited: 0x000002281c87cfe0
Event: 163.838 Thread 0x00000227caf16ca0 Thread added: 0x000002281c87ea70
Event: 163.839 Thread 0x00000227caf16ca0 Thread added: 0x000002281c87dfd0
Event: 165.728 Thread 0x000002281c87dfd0 Thread exited: 0x000002281c87dfd0
Event: 165.916 Thread 0x000002281c87ea70 Thread exited: 0x000002281c87ea70
Event: 182.983 Thread 0x00000227caf16ca0 Thread added: 0x000002281c87cfe0
Event: 184.389 Thread 0x000002281c87cfe0 Thread exited: 0x000002281c87cfe0
Event: 234.388 Thread 0x00000227caf2a1f0 Thread added: 0x000002281c87dfd0
Event: 235.172 Thread 0x000002281c87dfd0 Thread exited: 0x000002281c87dfd0
Event: 297.003 Thread 0x0000022810d22ce0 Thread exited: 0x0000022810d22ce0
Event: 297.020 Thread 0x0000022810afbf70 Thread exited: 0x0000022810afbf70
Event: 297.464 Thread 0x00000227caf02dc0 Thread added: 0x0000022811c7ea10
Event: 297.465 Thread 0x0000022811c7ea10 Thread added: 0x0000022811c81290
Event: 297.465 Thread 0x0000022811c7ea10 Thread added: 0x0000022811c80d80
Event: 297.907 Thread 0x0000022811c81290 Thread exited: 0x0000022811c81290
Event: 297.910 Thread 0x0000022811c80d80 Thread exited: 0x0000022811c80d80


Dynamic libraries:
0x00007ff6070d0000 - 0x00007ff6070de000 	C:\Users\diego\.jdks\corretto-17.0.13\bin\java.exe
0x00007ffa60780000 - 0x00007ffa609e3000 	C:\WINDOWS\SYSTEM32\ntdll.dll
0x00007ffa5f000000 - 0x00007ffa5f0c8000 	C:\WINDOWS\System32\KERNEL32.DLL
0x00007ffa5dfa0000 - 0x00007ffa5e352000 	C:\WINDOWS\System32\KERNELBASE.dll
0x00007ffa5e490000 - 0x00007ffa5e5db000 	C:\WINDOWS\System32\ucrtbase.dll
0x00007ffa57f30000 - 0x00007ffa57f47000 	C:\Users\diego\.jdks\corretto-17.0.13\bin\jli.dll
0x00007ffa57f50000 - 0x00007ffa57f6b000 	C:\Users\diego\.jdks\corretto-17.0.13\bin\VCRUNTIME140.dll
0x00007ffa5e780000 - 0x00007ffa5e948000 	C:\WINDOWS\System32\USER32.dll
0x00007ffa420b0000 - 0x00007ffa42340000 	C:\WINDOWS\WinSxS\amd64_microsoft.windows.common-controls_6595b64144ccf1df_6.0.26100.2454_none_3e0b68a2e331ad60\COMCTL32.dll
0x00007ffa5db50000 - 0x00007ffa5db77000 	C:\WINDOWS\System32\win32u.dll
0x00007ffa5e6d0000 - 0x00007ffa5e779000 	C:\WINDOWS\System32\msvcrt.dll
0x00007ffa60350000 - 0x00007ffa6037a000 	C:\WINDOWS\System32\GDI32.dll
0x00007ffa5e360000 - 0x00007ffa5e48b000 	C:\WINDOWS\System32\gdi32full.dll
0x00007ffa5def0000 - 0x00007ffa5df93000 	C:\WINDOWS\System32\msvcp_win.dll
0x00007ffa60700000 - 0x00007ffa6072f000 	C:\WINDOWS\System32\IMM32.DLL
0x00007ffa596a0000 - 0x00007ffa596ac000 	C:\Users\diego\.jdks\corretto-17.0.13\bin\vcruntime140_1.dll
0x00007ffa57ea0000 - 0x00007ffa57f2d000 	C:\Users\diego\.jdks\corretto-17.0.13\bin\msvcp140.dll
0x00007ffa05d50000 - 0x00007ffa069bc000 	C:\Users\diego\.jdks\corretto-17.0.13\bin\server\jvm.dll
0x00007ffa60640000 - 0x00007ffa606f4000 	C:\WINDOWS\System32\ADVAPI32.dll
0x00007ffa601b0000 - 0x00007ffa60256000 	C:\WINDOWS\System32\sechost.dll
0x00007ffa604f0000 - 0x00007ffa60606000 	C:\WINDOWS\System32\RPCRT4.dll
0x00007ffa5e950000 - 0x00007ffa5e9c4000 	C:\WINDOWS\System32\WS2_32.dll
0x00007ffa5d9e0000 - 0x00007ffa5da2e000 	C:\WINDOWS\SYSTEM32\POWRPROF.dll
0x00007ffa542c0000 - 0x00007ffa542cb000 	C:\WINDOWS\SYSTEM32\VERSION.dll
0x00007ffa5a620000 - 0x00007ffa5a656000 	C:\WINDOWS\SYSTEM32\WINMM.dll
0x00007ffa5d9c0000 - 0x00007ffa5d9d4000 	C:\WINDOWS\SYSTEM32\UMPDC.dll
0x00007ffa5c990000 - 0x00007ffa5c9aa000 	C:\WINDOWS\SYSTEM32\kernel.appcore.dll
0x00007ffa59600000 - 0x00007ffa5960a000 	C:\Users\diego\.jdks\corretto-17.0.13\bin\jimage.dll
0x00007ffa5b0a0000 - 0x00007ffa5b2e1000 	C:\WINDOWS\SYSTEM32\DBGHELP.DLL
0x00007ffa5eba0000 - 0x00007ffa5ef1e000 	C:\WINDOWS\System32\combase.dll
0x00007ffa5fd10000 - 0x00007ffa5fde6000 	C:\WINDOWS\System32\OLEAUT32.dll
0x00007ffa43c00000 - 0x00007ffa43c39000 	C:\WINDOWS\SYSTEM32\dbgcore.DLL
0x00007ffa5de50000 - 0x00007ffa5dee9000 	C:\WINDOWS\System32\bcryptPrimitives.dll
0x00007ffa57e20000 - 0x00007ffa57e5b000 	C:\Users\diego\.jdks\corretto-17.0.13\bin\jdwp.dll
0x00007ffa57dd0000 - 0x00007ffa57dde000 	C:\Users\diego\.jdks\corretto-17.0.13\bin\instrument.dll
0x00007ffa57e70000 - 0x00007ffa57e95000 	C:\Users\diego\.jdks\corretto-17.0.13\bin\java.dll
0x00007ffa4d030000 - 0x00007ffa4d048000 	C:\Users\diego\.jdks\corretto-17.0.13\bin\zip.dll
0x00007ffa4d050000 - 0x00007ffa4d127000 	C:\Users\diego\.jdks\corretto-17.0.13\bin\jsvml.dll
0x00007ffa5f580000 - 0x00007ffa5fc80000 	C:\WINDOWS\System32\SHELL32.dll
0x00007ffa5b8a0000 - 0x00007ffa5c0d1000 	C:\WINDOWS\SYSTEM32\windows.storage.dll
0x00007ffa5e5f0000 - 0x00007ffa5e6ca000 	C:\WINDOWS\System32\SHCORE.dll
0x00007ffa60150000 - 0x00007ffa601ad000 	C:\WINDOWS\System32\shlwapi.dll
0x00007ffa5da60000 - 0x00007ffa5da8e000 	C:\WINDOWS\SYSTEM32\profapi.dll
0x00007ffa4d010000 - 0x00007ffa4d029000 	C:\Users\diego\.jdks\corretto-17.0.13\bin\net.dll
0x00007ffa56890000 - 0x00007ffa569b6000 	C:\WINDOWS\SYSTEM32\WINHTTP.dll
0x00007ffa5ce90000 - 0x00007ffa5cef8000 	C:\WINDOWS\system32\mswsock.dll
0x00007ffa4cfa0000 - 0x00007ffa4cfb6000 	C:\Users\diego\.jdks\corretto-17.0.13\bin\nio.dll
0x00007ffa57dc0000 - 0x00007ffa57dcc000 	C:\Users\diego\.jdks\corretto-17.0.13\bin\dt_socket.dll
0x00007ffa5c420000 - 0x00007ffa5c452000 	C:\WINDOWS\SYSTEM32\IPHLPAPI.DLL
0x00000227caf80000 - 0x00000227caf83000 	D:\Proyecto Terminal\openjfx-22.0.1_windows-x64_bin-sdk\javafx-sdk-22.0.1\bin\api-ms-win-core-console-l1-1-0.dll
0x00000227caf90000 - 0x00000227caf93000 	D:\Proyecto Terminal\openjfx-22.0.1_windows-x64_bin-sdk\javafx-sdk-22.0.1\bin\api-ms-win-core-console-l1-2-0.dll
0x00000227cafa0000 - 0x00000227cafa3000 	D:\Proyecto Terminal\openjfx-22.0.1_windows-x64_bin-sdk\javafx-sdk-22.0.1\bin\api-ms-win-core-datetime-l1-1-0.dll
0x00000227cafb0000 - 0x00000227cafb3000 	D:\Proyecto Terminal\openjfx-22.0.1_windows-x64_bin-sdk\javafx-sdk-22.0.1\bin\api-ms-win-core-debug-l1-1-0.dll
0x00000227cafc0000 - 0x00000227cafc3000 	D:\Proyecto Terminal\openjfx-22.0.1_windows-x64_bin-sdk\javafx-sdk-22.0.1\bin\api-ms-win-core-errorhandling-l1-1-0.dll
0x00000227cafd0000 - 0x00000227cafd4000 	D:\Proyecto Terminal\openjfx-22.0.1_windows-x64_bin-sdk\javafx-sdk-22.0.1\bin\api-ms-win-core-file-l1-1-0.dll
0x00000227cafe0000 - 0x00000227cafe3000 	D:\Proyecto Terminal\openjfx-22.0.1_windows-x64_bin-sdk\javafx-sdk-22.0.1\bin\api-ms-win-core-file-l1-2-0.dll
0x00000227caff0000 - 0x00000227caff3000 	D:\Proyecto Terminal\openjfx-22.0.1_windows-x64_bin-sdk\javafx-sdk-22.0.1\bin\api-ms-win-core-file-l2-1-0.dll
0x0000022811d00000 - 0x0000022811d03000 	D:\Proyecto Terminal\openjfx-22.0.1_windows-x64_bin-sdk\javafx-sdk-22.0.1\bin\api-ms-win-core-handle-l1-1-0.dll
0x0000022811d10000 - 0x0000022811d13000 	D:\Proyecto Terminal\openjfx-22.0.1_windows-x64_bin-sdk\javafx-sdk-22.0.1\bin\api-ms-win-core-heap-l1-1-0.dll
0x0000022811d20000 - 0x0000022811d23000 	D:\Proyecto Terminal\openjfx-22.0.1_windows-x64_bin-sdk\javafx-sdk-22.0.1\bin\api-ms-win-core-interlocked-l1-1-0.dll
0x0000022811d30000 - 0x0000022811d33000 	D:\Proyecto Terminal\openjfx-22.0.1_windows-x64_bin-sdk\javafx-sdk-22.0.1\bin\api-ms-win-core-libraryloader-l1-1-0.dll
0x0000022811d40000 - 0x0000022811d43000 	D:\Proyecto Terminal\openjfx-22.0.1_windows-x64_bin-sdk\javafx-sdk-22.0.1\bin\api-ms-win-core-localization-l1-2-0.dll
0x0000022811d50000 - 0x0000022811d53000 	D:\Proyecto Terminal\openjfx-22.0.1_windows-x64_bin-sdk\javafx-sdk-22.0.1\bin\api-ms-win-core-memory-l1-1-0.dll
0x0000022811d60000 - 0x0000022811d63000 	D:\Proyecto Terminal\openjfx-22.0.1_windows-x64_bin-sdk\javafx-sdk-22.0.1\bin\api-ms-win-core-namedpipe-l1-1-0.dll
0x0000022811d70000 - 0x0000022811d73000 	D:\Proyecto Terminal\openjfx-22.0.1_windows-x64_bin-sdk\javafx-sdk-22.0.1\bin\api-ms-win-core-processenvironment-l1-1-0.dll
0x0000022811d80000 - 0x0000022811d83000 	D:\Proyecto Terminal\openjfx-22.0.1_windows-x64_bin-sdk\javafx-sdk-22.0.1\bin\api-ms-win-core-processthreads-l1-1-0.dll
0x0000022811d90000 - 0x0000022811d93000 	D:\Proyecto Terminal\openjfx-22.0.1_windows-x64_bin-sdk\javafx-sdk-22.0.1\bin\api-ms-win-core-processthreads-l1-1-1.dll
0x0000022811da0000 - 0x0000022811da3000 	D:\Proyecto Terminal\openjfx-22.0.1_windows-x64_bin-sdk\javafx-sdk-22.0.1\bin\api-ms-win-core-profile-l1-1-0.dll
0x0000022811db0000 - 0x0000022811db3000 	D:\Proyecto Terminal\openjfx-22.0.1_windows-x64_bin-sdk\javafx-sdk-22.0.1\bin\api-ms-win-core-rtlsupport-l1-1-0.dll
0x0000022811dc0000 - 0x0000022811dc3000 	D:\Proyecto Terminal\openjfx-22.0.1_windows-x64_bin-sdk\javafx-sdk-22.0.1\bin\api-ms-win-core-string-l1-1-0.dll
0x0000022811dd0000 - 0x0000022811dd3000 	D:\Proyecto Terminal\openjfx-22.0.1_windows-x64_bin-sdk\javafx-sdk-22.0.1\bin\api-ms-win-core-synch-l1-1-0.dll
0x0000022811de0000 - 0x0000022811de3000 	D:\Proyecto Terminal\openjfx-22.0.1_windows-x64_bin-sdk\javafx-sdk-22.0.1\bin\api-ms-win-core-synch-l1-2-0.dll
0x0000022812130000 - 0x0000022812133000 	D:\Proyecto Terminal\openjfx-22.0.1_windows-x64_bin-sdk\javafx-sdk-22.0.1\bin\api-ms-win-core-sysinfo-l1-1-0.dll
0x0000022812140000 - 0x0000022812143000 	D:\Proyecto Terminal\openjfx-22.0.1_windows-x64_bin-sdk\javafx-sdk-22.0.1\bin\api-ms-win-core-timezone-l1-1-0.dll
0x0000022812150000 - 0x0000022812153000 	D:\Proyecto Terminal\openjfx-22.0.1_windows-x64_bin-sdk\javafx-sdk-22.0.1\bin\api-ms-win-core-util-l1-1-0.dll
0x0000022812160000 - 0x0000022812163000 	D:\Proyecto Terminal\openjfx-22.0.1_windows-x64_bin-sdk\javafx-sdk-22.0.1\bin\api-ms-win-crt-conio-l1-1-0.dll
0x0000022812170000 - 0x0000022812174000 	D:\Proyecto Terminal\openjfx-22.0.1_windows-x64_bin-sdk\javafx-sdk-22.0.1\bin\api-ms-win-crt-convert-l1-1-0.dll
0x0000022812180000 - 0x0000022812183000 	D:\Proyecto Terminal\openjfx-22.0.1_windows-x64_bin-sdk\javafx-sdk-22.0.1\bin\api-ms-win-crt-environment-l1-1-0.dll
0x0000022812190000 - 0x0000022812193000 	D:\Proyecto Terminal\openjfx-22.0.1_windows-x64_bin-sdk\javafx-sdk-22.0.1\bin\api-ms-win-crt-filesystem-l1-1-0.dll
0x00000228121a0000 - 0x00000228121a3000 	D:\Proyecto Terminal\openjfx-22.0.1_windows-x64_bin-sdk\javafx-sdk-22.0.1\bin\api-ms-win-crt-heap-l1-1-0.dll
0x00000228121b0000 - 0x00000228121b3000 	D:\Proyecto Terminal\openjfx-22.0.1_windows-x64_bin-sdk\javafx-sdk-22.0.1\bin\api-ms-win-crt-locale-l1-1-0.dll
0x00000228121c0000 - 0x00000228121c5000 	D:\Proyecto Terminal\openjfx-22.0.1_windows-x64_bin-sdk\javafx-sdk-22.0.1\bin\api-ms-win-crt-math-l1-1-0.dll
0x00000228121d0000 - 0x00000228121d5000 	D:\Proyecto Terminal\openjfx-22.0.1_windows-x64_bin-sdk\javafx-sdk-22.0.1\bin\api-ms-win-crt-multibyte-l1-1-0.dll
0x00000228121e0000 - 0x00000228121f0000 	D:\Proyecto Terminal\openjfx-22.0.1_windows-x64_bin-sdk\javafx-sdk-22.0.1\bin\api-ms-win-crt-private-l1-1-0.dll
0x00000228121f0000 - 0x00000228121f3000 	D:\Proyecto Terminal\openjfx-22.0.1_windows-x64_bin-sdk\javafx-sdk-22.0.1\bin\api-ms-win-crt-process-l1-1-0.dll
0x0000022812200000 - 0x0000022812204000 	D:\Proyecto Terminal\openjfx-22.0.1_windows-x64_bin-sdk\javafx-sdk-22.0.1\bin\api-ms-win-crt-runtime-l1-1-0.dll
0x0000022812210000 - 0x0000022812214000 	D:\Proyecto Terminal\openjfx-22.0.1_windows-x64_bin-sdk\javafx-sdk-22.0.1\bin\api-ms-win-crt-stdio-l1-1-0.dll
0x0000022812220000 - 0x0000022812224000 	D:\Proyecto Terminal\openjfx-22.0.1_windows-x64_bin-sdk\javafx-sdk-22.0.1\bin\api-ms-win-crt-string-l1-1-0.dll
0x0000022812230000 - 0x0000022812233000 	D:\Proyecto Terminal\openjfx-22.0.1_windows-x64_bin-sdk\javafx-sdk-22.0.1\bin\api-ms-win-crt-time-l1-1-0.dll
0x0000022812240000 - 0x0000022812243000 	D:\Proyecto Terminal\openjfx-22.0.1_windows-x64_bin-sdk\javafx-sdk-22.0.1\bin\api-ms-win-crt-utility-l1-1-0.dll
0x00007ffa4c3a0000 - 0x00007ffa4c49c000 	D:\Proyecto Terminal\openjfx-22.0.1_windows-x64_bin-sdk\javafx-sdk-22.0.1\bin\ucrtbase.dll
0x00007ffa4cd50000 - 0x00007ffa4cd6b000 	D:\Proyecto Terminal\openjfx-22.0.1_windows-x64_bin-sdk\javafx-sdk-22.0.1\bin\vcruntime140.dll
0x00007ffa4cd30000 - 0x00007ffa4cd3c000 	D:\Proyecto Terminal\openjfx-22.0.1_windows-x64_bin-sdk\javafx-sdk-22.0.1\bin\vcruntime140_1.dll
0x00007ffa4c310000 - 0x00007ffa4c39e000 	D:\Proyecto Terminal\openjfx-22.0.1_windows-x64_bin-sdk\javafx-sdk-22.0.1\bin\msvcp140.dll
0x00007ffa4cce0000 - 0x00007ffa4cce9000 	D:\Proyecto Terminal\openjfx-22.0.1_windows-x64_bin-sdk\javafx-sdk-22.0.1\bin\msvcp140_1.dll
0x00007ffa4c2c0000 - 0x00007ffa4c301000 	D:\Proyecto Terminal\openjfx-22.0.1_windows-x64_bin-sdk\javafx-sdk-22.0.1\bin\msvcp140_2.dll
0x00007ffa4c290000 - 0x00007ffa4c2c0000 	D:\Proyecto Terminal\openjfx-22.0.1_windows-x64_bin-sdk\javafx-sdk-22.0.1\bin\prism_d3d.dll
0x00007ffa49aa0000 - 0x00007ffa49c46000 	C:\WINDOWS\system32\d3d9.dll
0x00007ffa5a950000 - 0x00007ffa5a97e000 	C:\WINDOWS\SYSTEM32\dwmapi.dll
0x00007ffa5a8e0000 - 0x00007ffa5a927000 	C:\WINDOWS\SYSTEM32\dxcore.dll
0x00007ffa5a570000 - 0x00007ffa5a61d000 	C:\WINDOWS\system32\uxtheme.dll
0x00007ffa53d90000 - 0x00007ffa53f6d000 	C:\WINDOWS\System32\DriverStore\FileRepository\u0355756.inf_amd64_5146fc3a012e7afa\B354291\aticfx64.dll
0x00007ffa1b300000 - 0x00007ffa1b330000 	C:\WINDOWS\System32\DriverStore\FileRepository\u0355756.inf_amd64_5146fc3a012e7afa\B354291\atiu9p64.dll
0x00007ffa18340000 - 0x00007ffa1900b000 	C:\WINDOWS\System32\DriverStore\FileRepository\u0355756.inf_amd64_5146fc3a012e7afa\B354291\atiumd64.dll
0x00007ffa5fdf0000 - 0x00007ffa5ff89000 	C:\WINDOWS\System32\ole32.dll
0x000000006ba70000 - 0x000000006c7f3000 	C:\WINDOWS\System32\DriverStore\FileRepository\u0355756.inf_amd64_5146fc3a012e7afa\B354291\atiumd6a.dll
0x00007ffa5a730000 - 0x00007ffa5a78c000 	C:\WINDOWS\SYSTEM32\directxdatabasehelper.dll
0x00007ffa4c240000 - 0x00007ffa4c285000 	D:\Proyecto Terminal\openjfx-22.0.1_windows-x64_bin-sdk\javafx-sdk-22.0.1\bin\glass.dll
0x00007ffa60260000 - 0x00007ffa6034d000 	C:\WINDOWS\System32\COMDLG32.dll
0x00007ffa2acd0000 - 0x00007ffa2ad2e000 	C:\Program Files\Huawei\PCManager\plugins\PerfWndMonModule.dll
0x00007ffa60390000 - 0x00007ffa604ec000 	C:\WINDOWS\System32\MSCTF.dll
0x00007ffa5ff90000 - 0x00007ffa60038000 	C:\WINDOWS\System32\clbcatq.dll
0x00007ffa49d70000 - 0x00007ffa49ec5000 	C:\Windows\System32\Windows.UI.dll
0x00007ffa2fc40000 - 0x00007ffa2fd8c000 	C:\Windows\System32\Windows.UI.Immersive.dll
0x00007ffa4c210000 - 0x00007ffa4c225000 	D:\Proyecto Terminal\openjfx-22.0.1_windows-x64_bin-sdk\javafx-sdk-22.0.1\bin\javafx_font.dll
0x00007ffa59f70000 - 0x00007ffa5a1d5000 	C:\WINDOWS\SYSTEM32\dwrite.dll
0x00007ffa596c0000 - 0x00007ffa598ee000 	C:\WINDOWS\SYSTEM32\WindowsCodecs.dll
0x00007ffa41a60000 - 0x00007ffa41aba000 	C:\WINDOWS\system32\dataexchange.dll
0x00007ffa51610000 - 0x00007ffa51847000 	C:\WINDOWS\system32\twinapi.appcore.dll
0x00007ffa4c1e0000 - 0x00007ffa4c20c000 	C:\Program Files\Common Files\Microsoft Shared\Ink\rtscom.dll
0x00007ffa35fa0000 - 0x00007ffa360e6000 	C:\WINDOWS\SYSTEM32\textinputframework.dll
0x00007ffa561e0000 - 0x00007ffa56305000 	C:\WINDOWS\SYSTEM32\CoreMessaging.dll
0x00007ffa54330000 - 0x00007ffa54613000 	C:\WINDOWS\SYSTEM32\CoreUIComponents.dll
0x00007ffa58830000 - 0x00007ffa58998000 	C:\WINDOWS\SYSTEM32\wintypes.dll
0x00007ffa5d150000 - 0x00007ffa5d15c000 	C:\WINDOWS\SYSTEM32\CRYPTBASE.DLL
0x00007ffa4be10000 - 0x00007ffa4be3d000 	D:\Proyecto Terminal\openjfx-22.0.1_windows-x64_bin-sdk\javafx-sdk-22.0.1\bin\javafx_iio.dll
0x00007ffa59930000 - 0x00007ffa59f6a000 	C:\WINDOWS\SYSTEM32\d2d1.dll
0x00007ffa5a310000 - 0x00007ffa5a56d000 	C:\WINDOWS\SYSTEM32\d3d11.dll

dbghelp: loaded successfully - version: 4.0.5 - missing functions: none
symbol engine: initialized successfully - sym options: 0x614 - pdb path: .;C:\Users\diego\.jdks\corretto-17.0.13\bin;C:\WINDOWS\SYSTEM32;C:\WINDOWS\WinSxS\amd64_microsoft.windows.common-controls_6595b64144ccf1df_6.0.26100.2454_none_3e0b68a2e331ad60;C:\Users\diego\.jdks\corretto-17.0.13\bin\server;D:\Proyecto Terminal\openjfx-22.0.1_windows-x64_bin-sdk\javafx-sdk-22.0.1\bin;C:\WINDOWS\System32\DriverStore\FileRepository\u0355756.inf_amd64_5146fc3a012e7afa\B354291;C:\Program Files\Huawei\PCManager\plugins;C:\Program Files\Common Files\Microsoft Shared\Ink

VM Arguments:
jvm_args: -agentlib:jdwp=transport=dt_socket,address=127.0.0.1:51731,suspend=y,server=n --module-path=D:\Proyecto Terminal\openjfx-22.0.1_windows-x64_bin-sdk\javafx-sdk-22.0.1\lib --add-modules=javafx.controls,javafx.fxml -javaagent:C:\Users\diego\AppData\Local\JetBrains\IntelliJIdea2024.1\captureAgent\debugger-agent.jar -Dfile.encoding=UTF-8 
java_command: optiuam.bc.controller.OptiUAM24
java_class_path (initial): D:\Proyecto Terminal\C鏚igo\OptiUAM24\OptiUAM\out\production\OptiUAM;D:\Proyecto Terminal\C鏚igo\OptiUAM24\OptiUAM\Librerias\jcommon-1.0.23.jar;D:\Proyecto Terminal\C鏚igo\OptiUAM24\OptiUAM\Librerias\jfreechart-1.0.19.jar;D:\Proyecto Terminal\openjfx-22.0.1_windows-x64_bin-sdk\javafx-sdk-22.0.1\lib\javafx-swt.jar;D:\Proyecto Terminal\openjfx-22.0.1_windows-x64_bin-sdk\javafx-sdk-22.0.1\lib\javafx.base.jar;D:\Proyecto Terminal\openjfx-22.0.1_windows-x64_bin-sdk\javafx-sdk-22.0.1\lib\javafx.controls.jar;D:\Proyecto Terminal\openjfx-22.0.1_windows-x64_bin-sdk\javafx-sdk-22.0.1\lib\javafx.fxml.jar;D:\Proyecto Terminal\openjfx-22.0.1_windows-x64_bin-sdk\javafx-sdk-22.0.1\lib\javafx.graphics.jar;D:\Proyecto Terminal\openjfx-22.0.1_windows-x64_bin-sdk\javafx-sdk-22.0.1\lib\javafx.media.jar;D:\Proyecto Terminal\openjfx-22.0.1_windows-x64_bin-sdk\javafx-sdk-22.0.1\lib\javafx.swing.jar;D:\Proyecto Terminal\openjfx-22.0.1_windows-x64_bin-sdk\javafx-sdk-22.0.1\lib\javafx.web.jar;D:\Proyecto Terminal\openjfx-22.0.1_windows-x64_bin-sdk.zip;D:\Proyecto Terminal\commons-math3-3.6.1\commons-math3-3.6.1-tests.jar;D:\Proyecto Terminal\commons-math3-3.6.1\commons-math3-3.6.1-tools.jar;D:\Proyecto Terminal\commons-math3-3.6.1\commons-math3-3.6.1.jar;C:\Program Files\JetBrains\IntelliJ IDEA 2024.1.3\lib\idea_rt.jar
Launcher Type: SUN_STANDARD

[Global flags]
     intx CICompilerCount                          = 4                                         {product} {ergonomic}
     uint ConcGCThreads                            = 2                                         {product} {ergonomic}
     uint G1ConcRefinementThreads                  = 8                                         {product} {ergonomic}
   size_t G1HeapRegionSize                         = 1048576                                   {product} {ergonomic}
    uintx GCDrainStackTargetSize                   = 64                                        {product} {ergonomic}
   size_t InitialHeapSize                          = 117440512                                 {product} {ergonomic}
   size_t MarkStackSize                            = 4194304                                   {product} {ergonomic}
   size_t MaxHeapSize                              = 1862270976                                {product} {ergonomic}
   size_t MaxNewSize                               = 1116733440                                {product} {ergonomic}
   size_t MinHeapDeltaBytes                        = 1048576                                   {product} {ergonomic}
   size_t MinHeapSize                              = 8388608                                   {product} {ergonomic}
    uintx NonNMethodCodeHeapSize                   = 5839372                                {pd product} {ergonomic}
    uintx NonProfiledCodeHeapSize                  = 122909434                              {pd product} {ergonomic}
    uintx ProfiledCodeHeapSize                     = 122909434                              {pd product} {ergonomic}
    uintx ReservedCodeCacheSize                    = 251658240                              {pd product} {ergonomic}
     bool SegmentedCodeCache                       = true                                      {product} {ergonomic}
   size_t SoftMaxHeapSize                          = 1862270976                             {manageable} {ergonomic}
     bool UseCompressedClassPointers               = true                           {product lp64_product} {ergonomic}
     bool UseCompressedOops                        = true                           {product lp64_product} {ergonomic}
     bool UseG1GC                                  = true                                      {product} {ergonomic}
     bool UseLargePagesIndividualAllocation        = false                                  {pd product} {ergonomic}

Logging:
Log output configuration:
 #0: stdout all=off uptime,level,tags
 #1: stderr all=off uptime,level,tags

Environment Variables:
PATH=C:\Program Files\Common Files\Oracle\Java\javapath;C:\Users\diego\Desktop\oracle\bin;C:\WINDOWS\system32;C:\WINDOWS;C:\WINDOWS\System32\Wbem;C:\WINDOWS\System32\WindowsPowerShell\v1.0\;C:\WINDOWS\System32\OpenSSH\;C:\Program Files\Git\cmd;C:\Strawberry\c\bin;C:\Strawberry\perl\site\bin;C:\Strawberry\perl\bin;C:\Users\diego\AppData\Local\Programs\Python\Launcher\;C:\Users\diego\AppData\Local\Microsoft\WindowsApps;C:\Program Files\JetBrains\IntelliJ IDEA 2024.1.3\bin;;C:\Users\diego\AppData\Local\GitHubDesktop\bin;C:\Program Files\JetBrains\PyCharm 2024.1.4\bin;;C:\Users\diego\AppData\Local\Programs\Microsoft VS Code\bin;C:\Users\diego\AppData\Local\Programs\MiKTeX\miktex\bin\x64\;C:\Program Files\JetBrains\PyCharm Community Edition 2024.3\bin;;
USERNAME=diego
OS=Windows_NT
PROCESSOR_IDENTIFIER=AMD64 Family 23 Model 24 Stepping 1, AuthenticAMD
TMP=C:\Users\diego\AppData\Local\Temp
TEMP=C:\Users\diego\AppData\Local\Temp



Periodic native trim disabled


---------------  S Y S T E M  ---------------

OS:
 Windows 11 , 64 bit Build 26100 (10.0.26100.2454)
OS uptime: 0 days 8:03 hours

CPU: total 8 (initial active 8) (8 cores per cpu, 2 threads per core) family 23 model 24 stepping 1 microcode 0x8108109, cx8, cmov, fxsr, ht, mmx, 3dnowpref, sse, sse2, sse3, ssse3, sse4a, sse4.1, sse4.2, popcnt, lzcnt, tsc, tscinvbit, avx, avx2, aes, clmul, bmi1, bmi2, adx, sha, fma, vzeroupper, clflush, clflushopt
Processor Information for all 8 processors :
  Max Mhz: 2100, Current Mhz: 2100, Mhz Limit: 2100

Memory: 4k page, system-wide physical 7103M (1188M free)
TotalPageFile size 15807M (AvailPageFile size 5235M)
current process WorkingSet (physical memory assigned to process): 325M, peak: 338M
current process commit charge ("private bytes"): 444M, peak: 456M

vm_info: OpenJDK 64-Bit Server VM (17.0.13+11-LTS) for windows-amd64 JRE (17.0.13+11-LTS), built on Oct 10 2024 19:51:30 by "Administrator" with MS VC++ 16.10 / 16.11 (VS2019)

END.
