#
# A fatal error has been detected by the Java Runtime Environment:
#
#  EXCEPTION_ACCESS_VIOLATION (0xc0000005) at pc=0x00007ff9d0a282d7, pid=13040, tid=25728
#
# JRE version: OpenJDK Runtime Environment Corretto-17.0.13.11.1 (17.0.13+11) (build 17.0.13+11-LTS)
# Java VM: OpenJDK 64-Bit Server VM Corretto-17.0.13.11.1 (17.0.13+11-LTS, mixed mode, sharing, tiered, compressed oops, compressed class ptrs, g1 gc, windows-amd64)
# Problematic frame:
# C  [glass.dll+0x282d7]
#
# No core dump will be written. Minidumps are not enabled by default on client versions of Windows
#
# If you would like to submit a bug report, please visit:
#   https://github.com/corretto/corretto-17/issues/
#

---------------  S U M M A R Y ------------

Command Line: -agentlib:jdwp=transport=dt_socket,address=127.0.0.1:54160,suspend=y,server=n --module-path=D:\Proyecto Terminal\openjfx-22.0.1_windows-x64_bin-sdk\javafx-sdk-22.0.1\lib --add-modules=javafx.controls,javafx.fxml -javaagent:C:\Users\diego\AppData\Local\JetBrains\IntelliJIdea2024.1\captureAgent\debugger-agent.jar -Dfile.encoding=UTF-8 optiuam.bc.controller.OptiUAM24

Host: AMD Ryzen 5 3500U with Radeon Vega Mobile Gfx  , 8 cores, 6G,  Windows 11 , 64 bit Build 22621 (10.0.22621.4391)
Time: Tue Nov 26 19:18:06 2024 Hora est嫕dar central (M憖ico) elapsed time: 146.125181 seconds (0d 0h 2m 26s)

---------------  T H R E A D  ---------------

Current thread (0x00000174e268f080):  VMThread "VM Thread" [stack: 0x000000069ac00000,0x000000069ad00000] [id=25728]

Stack: [0x000000069ac00000,0x000000069ad00000],  sp=0x000000069acfef20,  free space=1019k
Native frames: (J=compiled Java code, j=interpreted, Vv=VM code, C=native code)
C  [glass.dll+0x282d7]


siginfo: EXCEPTION_ACCESS_VIOLATION (0xc0000005), reading address 0x0000000000000000


Registers:
RAX=0x0000000000000000, RBX=0x00000174ea583e00, RCX=0x00000174e268f080, RDX=0x000000069acfef20
RSP=0x000000069acfef20, RBP=0x00000174e837a5d8, RSI=0x000000069acff028, RDI=0x00000174e837a5b0
R8 =0x0000000000010002, R9 =0x00000174e837a5b0, R10=0x85f13e9656da4870, R11=0x000000069acfeeb0
R12=0x00007ff9d0a25be0, R13=0x00007ff97fd18420, R14=0x00000ff3b5a85977, R15=0x00000174e837a5b0
RIP=0x00007ff9d0a282d7, EFLAGS=0x0000000000010206


Register to memory mapping:

RIP=0x00007ff9d0a282d7 glass.dll
RAX=0x0 is NULL
RBX=0x00000174ea583e00 is a global jni handle
RCX=0x00000174e268f080 points into unknown readable memory: 0x00007ff97fb42cc8 | c8 2c b4 7f f9 7f 00 00
RDX=0x000000069acfef20 points into unknown readable memory: 0x0000000000000000 | 00 00 00 00 00 00 00 00
RSP=0x000000069acfef20 points into unknown readable memory: 0x0000000000000000 | 00 00 00 00 00 00 00 00
RBP=0x00000174e837a5d8 points into unknown readable memory: 0x00000ff3b5a85977 | 77 59 a8 b5 f3 0f 00 00
RSI=0x000000069acff028 points into unknown readable memory: 0x000000069acff010 | 10 f0 cf 9a 06 00 00 00
RDI=0x00000174e837a5b0 points into unknown readable memory: 0x7c000fcc4940085c | 5c 08 40 49 cc 0f 00 7c
R8 =0x0000000000010002 is an unknown value
R9 =0x00000174e837a5b0 points into unknown readable memory: 0x7c000fcc4940085c | 5c 08 40 49 cc 0f 00 7c
R10=0x85f13e9656da4870 is an unknown value
R11=0x000000069acfeeb0 points into unknown readable memory: 0x00000174e837a5b0 | b0 a5 37 e8 74 01 00 00
R12=0x00007ff9d0a25be0 glass.dll
R13=0x00007ff97fd18420 jvm.dll
R14=0x00000ff3b5a85977 is an unknown value
R15=0x00000174e837a5b0 points into unknown readable memory: 0x7c000fcc4940085c | 5c 08 40 49 cc 0f 00 7c


Top of Stack: (sp=0x000000069acfef20)
0x000000069acfef20:   0000000000000000 000000069acff028
0x000000069acfef30:   00007ff97fd18420 00007ff9d0a25be0
0x000000069acfef40:   00000174e837a5b8 00007ff9df983a93
0x000000069acfef50:   00000174e837a5b0 0000017400000000
0x000000069acfef60:   00000174e837a5d8 000000069acff028
0x000000069acfef70:   fffffffffffffffe 0000000000000000
0x000000069acfef80:   0000000000000001 00007ff9d0a00000
0x000000069acfef90:   000000069acff018 00007ff9df95042e
0x000000069acfefa0:   0000000000000000 000000069acff028
0x000000069acfefb0:   000000069acff310 0000000000000001
0x000000069acfefc0:   0000000000000001 00007ff9df94dddd
0x000000069acfefd0:   0000000000000000 00007ff9d0a253d9
0x000000069acfefe0:   0000000000000000 000000069acff018
0x000000069acfeff0:   fffffffffffffffe 0000000000000001
0x000000069acff000:   0000000000000001 00007ff9d0a25a6d
0x000000069acff010:   00007ff9d0a3d078 00007ff900000002
0x000000069acff020:   0000000000000002 000000069acff010
0x000000069acff030:   0000000000000000 00007ff9e2658af3
0x000000069acff040:   0000000000000000 00007ff9d0a25b92
0x000000069acff050:   0000000000000001 000000069acff300
0x000000069acff060:   0000000000000001 0000000000000001
0x000000069acff070:   00000174c29a11f8 00007ff9df062223
0x000000069acff080:   0000017400000001 0000000000000016
0x000000069acff090:   00007ff9d0a00000 000000007ffe0384
0x000000069acff0a0:   0000000000000000 00007ff9e2658b8f
0x000000069acff0b0:   00007ff9d0a00000 0000000000000000
0x000000069acff0c0:   0000000000000001 000000007ffe0385
0x000000069acff0d0:   0000000000000000 00007ff9e26817d9
0x000000069acff0e0:   0000f79932d0a600 0000000000000014
0x000000069acff0f0:   00007ff9d0a25be0 0000000000000000
0x000000069acff100:   0000000000000000 000000069a082000
0x000000069acff110:   00000174e7aef380 00007ff9e2681596 

Instructions: (pc=0x00007ff9d0a282d7)
0x00007ff9d0a281d7:   8b 4d 58 e8 49 cf ff ff 48 8b 4d 60 e8 40 cf ff
0x00007ff9d0a281e7:   ff 48 8b 95 80 00 00 00 48 8b 8d 18 01 00 00 e8
0x00007ff9d0a281f7:   26 c5 ff ff 33 d2 33 c9 e8 8c e1 ff ff 90 48 89
0x00007ff9d0a28207:   54 24 10 55 48 83 ec 20 48 8b ea 48 b8 00 00 00
0x00007ff9d0a28217:   00 00 00 00 00 48 83 c4 20 5d c3 cc 40 55 48 8b
0x00007ff9d0a28227:   ea 48 8b 01 33 c9 81 38 05 00 00 c0 0f 94 c1 8b
0x00007ff9d0a28237:   c1 5d c3 cc 40 55 48 83 ec 20 48 8b ea 8a 4d 40
0x00007ff9d0a28247:   48 83 c4 20 5d e9 33 d3 ff ff cc 40 55 48 83 ec
0x00007ff9d0a28257:   20 48 8b ea 8a 4d 20 e8 21 d3 ff ff 90 48 83 c4
0x00007ff9d0a28267:   20 5d c3 cc 40 55 48 83 ec 20 48 8b ea 48 83 c4
0x00007ff9d0a28277:   20 5d e9 82 d1 ff ff cc 40 55 48 83 ec 30 48 8b
0x00007ff9d0a28287:   ea 48 8b 01 8b 10 48 89 4c 24 28 89 54 24 20 4c
0x00007ff9d0a28297:   8d 0d 23 d6 ff ff 4c 8b 45 70 8b 55 68 48 8b 4d
0x00007ff9d0a282a7:   60 e8 c3 d0 ff ff 90 48 83 c4 30 5d c3 cc cc cc
0x00007ff9d0a282b7:   cc cc cc cc cc cc cc cc cc 40 53 48 83 ec 20 48
0x00007ff9d0a282c7:   8b 1d 6b 47 01 00 48 85 db 74 16 e8 39 90 ff ff
0x00007ff9d0a282d7:   4c 8b 00 48 8b d3 48 8b c8 41 ff 90 b0 00 00 00
0x00007ff9d0a282e7:   90 48 83 c4 20 5b c3 cc cc 40 53 48 83 ec 20 48
0x00007ff9d0a282f7:   8b 1d ab 48 01 00 48 85 db 74 57 b8 ff ff ff ff
0x00007ff9d0a28307:   f0 0f c1 43 10 83 f8 01 75 3d 48 85 db 74 38 48
0x00007ff9d0a28317:   8b 0b 48 85 c9 74 0d ff 15 8c 0f 00 00 48 c7 03
0x00007ff9d0a28327:   00 00 00 00 48 8b 4b 08 48 85 c9 74 0d e8 ef cd
0x00007ff9d0a28337:   ff ff 48 c7 43 08 00 00 00 00 ba 18 00 00 00 48
0x00007ff9d0a28347:   8b cb e8 da cd ff ff 48 c7 05 4f 48 01 00 00 00
0x00007ff9d0a28357:   00 00 48 83 c4 20 5b c3 cc 40 53 48 83 ec 20 48
0x00007ff9d0a28367:   8b 1d 1b 48 01 00 48 85 db 74 57 b8 ff ff ff ff
0x00007ff9d0a28377:   f0 0f c1 43 10 83 f8 01 75 3d 48 85 db 74 38 48
0x00007ff9d0a28387:   8b 0b 48 85 c9 74 0d ff 15 1c 0f 00 00 48 c7 03
0x00007ff9d0a28397:   00 00 00 00 48 8b 4b 08 48 85 c9 74 0d e8 7f cd
0x00007ff9d0a283a7:   ff ff 48 c7 43 08 00 00 00 00 ba 18 00 00 00 48
0x00007ff9d0a283b7:   8b cb e8 6a cd ff ff 48 c7 05 bf 47 01 00 00 00
0x00007ff9d0a283c7:   00 00 48 83 c4 20 5b c3 cc 40 53 48 83 ec 20 48 


Stack slot to memory mapping:
stack at sp + 0 slots: 0x0 is NULL
stack at sp + 1 slots: 0x000000069acff028 points into unknown readable memory: 0x000000069acff010 | 10 f0 cf 9a 06 00 00 00
stack at sp + 2 slots: 0x00007ff97fd18420 jvm.dll
stack at sp + 3 slots: 0x00007ff9d0a25be0 glass.dll
stack at sp + 4 slots: 0x00000174e837a5b8 points into unknown readable memory: 0x00000ff3b5a85977 | 77 59 a8 b5 f3 0f 00 00
stack at sp + 5 slots: 0x00007ff9df983a93 ucrtbase.dll
stack at sp + 6 slots: 0x00000174e837a5b0 points into unknown readable memory: 0x7c000fcc4940085c | 5c 08 40 49 cc 0f 00 7c
stack at sp + 7 slots: 0x0000017400000000 is an unknown value

VM_Operation (0x000000069a3fef50): Exit, mode: safepoint, requested by thread 0x00000174f2dc7df0


---------------  P R O C E S S  ---------------

Threads class SMR info:
_java_thread_list=0x00000174f2750780, length=20, elements={
0x00000174c4c409c0, 0x00000174e2696640, 0x00000174e26973d0, 0x00000174e26a85b0,
0x00000174e26aae90, 0x00000174e26ab760, 0x00000174e26afe70, 0x00000174e26b0830,
0x00000174e26be990, 0x00000174e28febf0, 0x00000174e77fe7e0, 0x00000174e7b13a20,
0x00000174e7991520, 0x00000174e82bca30, 0x00000174e8272f70, 0x00000174e2a8bf50,
0x00000174e7a70420, 0x00000174e7c44980, 0x00000174e7c43030, 0x00000174f2dc7df0
}

Java Threads: ( => current thread )
  0x00000174c4c409c0 JavaThread "main" [_thread_blocked, id=14592, stack(0x000000069a600000,0x000000069a700000)]
  0x00000174e2696640 JavaThread "Reference Handler" daemon [_thread_blocked, id=5016, stack(0x000000069ad00000,0x000000069ae00000)]
  0x00000174e26973d0 JavaThread "Finalizer" daemon [_thread_blocked, id=804, stack(0x000000069ae00000,0x000000069af00000)]
  0x00000174e26a85b0 JavaThread "Attach Listener" daemon [_thread_blocked, id=11732, stack(0x000000069b000000,0x000000069b100000)]
  0x00000174e26aae90 JavaThread "Service Thread" daemon [_thread_blocked, id=9028, stack(0x000000069b100000,0x000000069b200000)]
  0x00000174e26ab760 JavaThread "Monitor Deflation Thread" daemon [_thread_blocked, id=22404, stack(0x000000069b200000,0x000000069b300000)]
  0x00000174e26afe70 JavaThread "C2 CompilerThread0" daemon [_thread_blocked, id=23472, stack(0x000000069b300000,0x000000069b400000)]
  0x00000174e26b0830 JavaThread "C1 CompilerThread0" daemon [_thread_blocked, id=15340, stack(0x000000069b400000,0x000000069b500000)]
  0x00000174e26be990 JavaThread "Sweeper thread" daemon [_thread_blocked, id=20872, stack(0x000000069b500000,0x000000069b600000)]
  0x00000174e28febf0 JavaThread "Common-Cleaner" daemon [_thread_blocked, id=21672, stack(0x000000069b600000,0x000000069b700000)]
  0x00000174e77fe7e0 JavaThread "JDWP Event Helper Thread" daemon [_thread_blocked, id=28020, stack(0x000000069ba00000,0x000000069bb00000)]
  0x00000174e7b13a20 JavaThread "Notification Thread" daemon [_thread_blocked, id=12632, stack(0x000000069bc00000,0x000000069bd00000)]
  0x00000174e7991520 JavaThread "QuantumRenderer-0" daemon [_thread_blocked, id=9872, stack(0x000000069be00000,0x000000069bf00000)]
  0x00000174e82bca30 JavaThread "InvokeLaterDispatcher" daemon [_thread_blocked, id=23284, stack(0x000000069c100000,0x000000069c200000)]
  0x00000174e8272f70 JavaThread "JavaFX Application Thread" [_thread_in_native, id=25856, stack(0x000000069c200000,0x000000069c300000)]
  0x00000174e2a8bf50 JavaThread "JavaFX-Launcher" [_thread_blocked, id=15944, stack(0x000000069ca00000,0x000000069cb00000)]
  0x00000174e7a70420 JavaThread "Thread-2" daemon [_thread_in_native, id=27940, stack(0x000000069c900000,0x000000069ca00000)]
  0x00000174e7c44980 JavaThread "Prism Font Disposer" daemon [_thread_blocked, id=24304, stack(0x000000069d200000,0x000000069d300000)]
  0x00000174e7c43030 JavaThread "Cleaner-0" daemon [_thread_blocked, id=22172, stack(0x000000069d400000,0x000000069d500000)]
  0x00000174f2dc7df0 JavaThread "SIGINT handler" daemon [_thread_blocked, id=28188, stack(0x000000069a300000,0x000000069a400000)]

Other Threads:
=>0x00000174e268f080 VMThread "VM Thread" [stack: 0x000000069ac00000,0x000000069ad00000] [id=25728]
  0x00000174c4c96a50 GCTaskThread "GC Thread#0" [stack: 0x000000069a700000,0x000000069a800000] [id=10644]
  0x00000174e7a5b770 GCTaskThread "GC Thread#1" [stack: 0x000000069cb00000,0x000000069cc00000] [id=11656]
  0x00000174e7a5ba30 GCTaskThread "GC Thread#2" [stack: 0x000000069cc00000,0x000000069cd00000] [id=20860]
  0x00000174e7a5bcf0 GCTaskThread "GC Thread#3" [stack: 0x000000069cd00000,0x000000069ce00000] [id=22428]
  0x00000174e7a5bfb0 GCTaskThread "GC Thread#4" [stack: 0x000000069ce00000,0x000000069cf00000] [id=25784]
  0x00000174e8676540 GCTaskThread "GC Thread#5" [stack: 0x000000069cf00000,0x000000069d000000] [id=25408]
  0x00000174e7b6e340 GCTaskThread "GC Thread#6" [stack: 0x000000069d000000,0x000000069d100000] [id=27916]
  0x00000174e7b6e600 GCTaskThread "GC Thread#7" [stack: 0x000000069d100000,0x000000069d200000] [id=11212]
  0x00000174c4ca4da0 ConcurrentGCThread "G1 Main Marker" terminated
  0x00000174c2a8bff0 ConcurrentGCThread "G1 Conc#0" [stack: 0x000000069a900000,0x000000069aa00000] [id=28192]
  0x00000174e9b985c0 ConcurrentGCThread "G1 Conc#1" [stack: 0x000000069b800000,0x000000069b900000] [id=26908]
  0x00000174e25524c0 ConcurrentGCThread "G1 Refine#0" terminated
  0x00000174f297bf20 ConcurrentGCThread "G1 Refine#1" terminated
  0x00000174e2552e00 ConcurrentGCThread "G1 Service" terminated

Threads with active compile tasks:
C1 CompilerThread0  
[error occurred during error reporting (printing all threads), id 0xc0000005, EXCEPTION_ACCESS_VIOLATION (0xc0000005) at pc=0x00007ff97f9465b3]

VM state: at safepoint (shutting down)

VM Mutex/Monitor currently owned by a thread:  ([mutex/lock_event])
[0x00000174c4c2c9b0] Threads_lock - owner thread: 0x00000174e268f080
[0x00000174c4c3cf50] Heap_lock - owner thread: 0x00000174f2dc7df0

Heap address: 0x0000000091000000, size: 1776 MB, Compressed Oops mode: 32-bit

CDS archive(s) mapped at: [0x0000017480000000-0x0000017480bb0000-0x0000017480bb0000), size 12255232, SharedBaseAddress: 0x0000017480000000, ArchiveRelocationMode: 1.
Compressed class space mapped at: 0x0000017481000000-0x00000174c1000000, reserved size: 1073741824
Narrow klass base: 0x0000017480000000, Narrow klass shift: 0, Narrow klass range: 0x100000000

GC Precious Log:
 CPUs: 8 total, 8 available
 Memory: 7103M
 Large Page Support: Disabled
 NUMA Support: Disabled
 Compressed Oops: Enabled (32-bit)
 Heap Region Size: 1M
 Heap Min Capacity: 8M
 Heap Initial Capacity: 112M
 Heap Max Capacity: 1776M
 Pre-touch: Disabled
 Parallel Workers: 8
 Concurrent Workers: 2
 Concurrent Refinement Workers: 8
 Periodic GC: Disabled

Heap:
 garbage-first heap   total 114688K, used 64565K [0x0000000091000000, 0x0000000100000000)
  region size 1024K, 25 young (25600K), 7 survivors (7168K)
 Metaspace       used 23089K, committed 23488K, reserved 1114112K
  class space    used 3233K, committed 3456K, reserved 1048576K

Heap Regions: E=young(eden), S=young(survivor), O=old, HS=humongous(starts), HC=humongous(continues), CS=collection set, F=free, OA=open archive, CA=closed archive, TAMS=top-at-mark-start (previous, next)
|   0|0x0000000091000000, 0x0000000091100000, 0x0000000091100000|100%| O|  |TAMS 0x0000000091100000, 0x0000000091000000| Untracked 
|   1|0x0000000091100000, 0x0000000091200000, 0x0000000091200000|100%|HS|  |TAMS 0x0000000091200000, 0x0000000091100000| Complete 
|   2|0x0000000091200000, 0x0000000091300000, 0x0000000091300000|100%|HS|  |TAMS 0x0000000091300000, 0x0000000091200000| Complete 
|   3|0x0000000091300000, 0x0000000091400000, 0x0000000091400000|100%|HS|  |TAMS 0x0000000091400000, 0x0000000091300000| Complete 
|   4|0x0000000091400000, 0x0000000091500000, 0x0000000091500000|100%| O|  |TAMS 0x0000000091500000, 0x0000000091400000| Untracked 
|   5|0x0000000091500000, 0x0000000091600000, 0x0000000091600000|100%| O|  |TAMS 0x00000000915d8c00, 0x0000000091500000| Untracked 
|   6|0x0000000091600000, 0x0000000091700000, 0x0000000091700000|100%|HS|  |TAMS 0x0000000091700000, 0x0000000091600000| Complete 
|   7|0x0000000091700000, 0x0000000091800000, 0x0000000091800000|100%|HC|  |TAMS 0x0000000091800000, 0x0000000091700000| Complete 
|   8|0x0000000091800000, 0x0000000091900000, 0x0000000091900000|100%|HC|  |TAMS 0x0000000091900000, 0x0000000091800000| Complete 
|   9|0x0000000091900000, 0x0000000091a00000, 0x0000000091a00000|100%|HC|  |TAMS 0x0000000091a00000, 0x0000000091900000| Complete 
|  10|0x0000000091a00000, 0x0000000091b00000, 0x0000000091b00000|100%|HC|  |TAMS 0x0000000091b00000, 0x0000000091a00000| Complete 
|  11|0x0000000091b00000, 0x0000000091c00000, 0x0000000091c00000|100%|HC|  |TAMS 0x0000000091c00000, 0x0000000091b00000| Complete 
|  12|0x0000000091c00000, 0x0000000091d00000, 0x0000000091d00000|100%|HC|  |TAMS 0x0000000091d00000, 0x0000000091c00000| Complete 
|  13|0x0000000091d00000, 0x0000000091e00000, 0x0000000091e00000|100%|HC|  |TAMS 0x0000000091e00000, 0x0000000091d00000| Complete 
|  14|0x0000000091e00000, 0x0000000091f00000, 0x0000000091f00000|100%|HC|  |TAMS 0x0000000091f00000, 0x0000000091e00000| Complete 
|  15|0x0000000091f00000, 0x0000000092000000, 0x0000000092000000|100%|HC|  |TAMS 0x0000000092000000, 0x0000000091f00000| Complete 
|  16|0x0000000092000000, 0x0000000092100000, 0x0000000092100000|100%|HC|  |TAMS 0x0000000092100000, 0x0000000092000000| Complete 
|  17|0x0000000092100000, 0x0000000092200000, 0x0000000092200000|100%|HC|  |TAMS 0x0000000092200000, 0x0000000092100000| Complete 
|  18|0x0000000092200000, 0x0000000092300000, 0x0000000092300000|100%|HC|  |TAMS 0x0000000092300000, 0x0000000092200000| Complete 
|  19|0x0000000092300000, 0x0000000092400000, 0x0000000092400000|100%|HS|  |TAMS 0x0000000092300000, 0x0000000092300000| Complete 
|  20|0x0000000092400000, 0x0000000092500000, 0x0000000092500000|100%|HS|  |TAMS 0x0000000092500000, 0x0000000092400000| Complete 
|  21|0x0000000092500000, 0x0000000092600000, 0x0000000092600000|100%|HC|  |TAMS 0x0000000092600000, 0x0000000092500000| Complete 
|  22|0x0000000092600000, 0x0000000092700000, 0x0000000092700000|100%|HS|  |TAMS 0x0000000092700000, 0x0000000092600000| Complete 
|  23|0x0000000092700000, 0x0000000092800000, 0x0000000092800000|100%|HS|  |TAMS 0x0000000092700000, 0x0000000092700000| Complete 
|  24|0x0000000092800000, 0x0000000092900000, 0x0000000092900000|100%| O|  |TAMS 0x0000000092800000, 0x0000000092800000| Untracked 
|  25|0x0000000092900000, 0x0000000092a00000, 0x0000000092a00000|100%| O|  |TAMS 0x0000000092900000, 0x0000000092900000| Untracked 
|  26|0x0000000092a00000, 0x0000000092b00000, 0x0000000092b00000|100%|HS|  |TAMS 0x0000000092a00000, 0x0000000092a00000| Complete 
|  27|0x0000000092b00000, 0x0000000092c00000, 0x0000000092c00000|100%|HS|  |TAMS 0x0000000092b00000, 0x0000000092b00000| Complete 
|  28|0x0000000092c00000, 0x0000000092d00000, 0x0000000092d00000|100%|HS|  |TAMS 0x0000000092c00000, 0x0000000092c00000| Complete 
|  29|0x0000000092d00000, 0x0000000092d00000, 0x0000000092e00000|  0%| F|  |TAMS 0x0000000092d00000, 0x0000000092d00000| Untracked 
|  30|0x0000000092e00000, 0x0000000092f00000, 0x0000000092f00000|100%|HS|  |TAMS 0x0000000092e00000, 0x0000000092e00000| Complete 
|  31|0x0000000092f00000, 0x0000000092f00000, 0x0000000093000000|  0%| F|  |TAMS 0x0000000092f00000, 0x0000000092f00000| Untracked 
|  32|0x0000000093000000, 0x0000000093100000, 0x0000000093100000|100%|HS|  |TAMS 0x0000000093000000, 0x0000000093000000| Complete 
|  33|0x0000000093100000, 0x0000000093100000, 0x0000000093200000|  0%| F|  |TAMS 0x0000000093100000, 0x0000000093100000| Untracked 
|  34|0x0000000093200000, 0x0000000093300000, 0x0000000093300000|100%| O|  |TAMS 0x0000000093200000, 0x0000000093200000| Untracked 
|  35|0x0000000093300000, 0x0000000093400000, 0x0000000093400000|100%| O|  |TAMS 0x0000000093300000, 0x0000000093300000| Untracked 
|  36|0x0000000093400000, 0x0000000093500000, 0x0000000093500000|100%| O|  |TAMS 0x0000000093400000, 0x0000000093400000| Untracked 
|  37|0x0000000093500000, 0x0000000093600000, 0x0000000093600000|100%| O|  |TAMS 0x0000000093500000, 0x0000000093500000| Untracked 
|  38|0x0000000093600000, 0x0000000093700000, 0x0000000093700000|100%| O|  |TAMS 0x0000000093600000, 0x0000000093600000| Untracked 
|  39|0x0000000093700000, 0x0000000093800000, 0x0000000093800000|100%| O|  |TAMS 0x0000000093700000, 0x0000000093700000| Untracked 
|  40|0x0000000093800000, 0x0000000093800000, 0x0000000093900000|  0%| F|  |TAMS 0x0000000093800000, 0x0000000093800000| Untracked 
|  41|0x0000000093900000, 0x0000000093900000, 0x0000000093a00000|  0%| F|  |TAMS 0x0000000093900000, 0x0000000093900000| Untracked 
|  42|0x0000000093a00000, 0x0000000093a00000, 0x0000000093b00000|  0%| F|  |TAMS 0x0000000093a00000, 0x0000000093a00000| Untracked 
|  43|0x0000000093b00000, 0x0000000093b00000, 0x0000000093c00000|  0%| F|  |TAMS 0x0000000093b00000, 0x0000000093b00000| Untracked 
|  44|0x0000000093c00000, 0x0000000093c00000, 0x0000000093d00000|  0%| F|  |TAMS 0x0000000093c00000, 0x0000000093c00000| Untracked 
|  45|0x0000000093d00000, 0x0000000093d00000, 0x0000000093e00000|  0%| F|  |TAMS 0x0000000093d00000, 0x0000000093d00000| Untracked 
|  46|0x0000000093e00000, 0x0000000093e00000, 0x0000000093f00000|  0%| F|  |TAMS 0x0000000093e00000, 0x0000000093e00000| Untracked 
|  47|0x0000000093f00000, 0x0000000093f00000, 0x0000000094000000|  0%| F|  |TAMS 0x0000000093f00000, 0x0000000093f00000| Untracked 
|  48|0x0000000094000000, 0x0000000094000000, 0x0000000094100000|  0%| F|  |TAMS 0x0000000094000000, 0x0000000094000000| Untracked 
|  49|0x0000000094100000, 0x0000000094200000, 0x0000000094200000|100%| O|  |TAMS 0x0000000094100000, 0x0000000094100000| Untracked 
|  50|0x0000000094200000, 0x0000000094300000, 0x0000000094300000|100%| O|  |TAMS 0x0000000094200000, 0x0000000094200000| Untracked 
|  51|0x0000000094300000, 0x00000000943d7800, 0x0000000094400000| 84%| O|  |TAMS 0x0000000094300000, 0x0000000094300000| Untracked 
|  52|0x0000000094400000, 0x0000000094400000, 0x0000000094500000|  0%| F|  |TAMS 0x0000000094400000, 0x0000000094400000| Untracked 
|  53|0x0000000094500000, 0x0000000094500000, 0x0000000094600000|  0%| F|  |TAMS 0x0000000094500000, 0x0000000094500000| Untracked 
|  54|0x0000000094600000, 0x0000000094600000, 0x0000000094700000|  0%| F|  |TAMS 0x0000000094600000, 0x0000000094600000| Untracked 
|  55|0x0000000094700000, 0x0000000094700000, 0x0000000094800000|  0%| F|  |TAMS 0x0000000094700000, 0x0000000094700000| Untracked 
|  56|0x0000000094800000, 0x0000000094800000, 0x0000000094900000|  0%| F|  |TAMS 0x0000000094800000, 0x0000000094800000| Untracked 
|  57|0x0000000094900000, 0x0000000094900000, 0x0000000094a00000|  0%| F|  |TAMS 0x0000000094900000, 0x0000000094900000| Untracked 
|  58|0x0000000094a00000, 0x0000000094a00000, 0x0000000094b00000|  0%| F|  |TAMS 0x0000000094a00000, 0x0000000094a00000| Untracked 
|  59|0x0000000094b00000, 0x0000000094b00000, 0x0000000094c00000|  0%| F|  |TAMS 0x0000000094b00000, 0x0000000094b00000| Untracked 
|  60|0x0000000094c00000, 0x0000000094c35c10, 0x0000000094d00000| 20%| S|CS|TAMS 0x0000000094c00000, 0x0000000094c00000| Complete 
|  61|0x0000000094d00000, 0x0000000094e00000, 0x0000000094e00000|100%| S|CS|TAMS 0x0000000094d00000, 0x0000000094d00000| Complete 
|  62|0x0000000094e00000, 0x0000000094f00000, 0x0000000094f00000|100%| S|CS|TAMS 0x0000000094e00000, 0x0000000094e00000| Complete 
|  63|0x0000000094f00000, 0x0000000095000000, 0x0000000095000000|100%| S|CS|TAMS 0x0000000094f00000, 0x0000000094f00000| Complete 
|  64|0x0000000095000000, 0x0000000095100000, 0x0000000095100000|100%| S|CS|TAMS 0x0000000095000000, 0x0000000095000000| Complete 
|  65|0x0000000095100000, 0x0000000095200000, 0x0000000095200000|100%| S|CS|TAMS 0x0000000095100000, 0x0000000095100000| Complete 
|  66|0x0000000095200000, 0x0000000095300000, 0x0000000095300000|100%| S|CS|TAMS 0x0000000095200000, 0x0000000095200000| Complete 
|  67|0x0000000095300000, 0x0000000095300000, 0x0000000095400000|  0%| F|  |TAMS 0x0000000095300000, 0x0000000095300000| Untracked 
|  68|0x0000000095400000, 0x0000000095400000, 0x0000000095500000|  0%| F|  |TAMS 0x0000000095400000, 0x0000000095400000| Untracked 
|  69|0x0000000095500000, 0x0000000095500000, 0x0000000095600000|  0%| F|  |TAMS 0x0000000095500000, 0x0000000095500000| Untracked 
|  70|0x0000000095600000, 0x0000000095600000, 0x0000000095700000|  0%| F|  |TAMS 0x0000000095600000, 0x0000000095600000| Untracked 
|  71|0x0000000095700000, 0x0000000095700000, 0x0000000095800000|  0%| F|  |TAMS 0x0000000095700000, 0x0000000095700000| Untracked 
|  72|0x0000000095800000, 0x0000000095800000, 0x0000000095900000|  0%| F|  |TAMS 0x0000000095800000, 0x0000000095800000| Untracked 
|  73|0x0000000095900000, 0x0000000095900000, 0x0000000095a00000|  0%| F|  |TAMS 0x0000000095900000, 0x0000000095900000| Untracked 
|  74|0x0000000095a00000, 0x0000000095a00000, 0x0000000095b00000|  0%| F|  |TAMS 0x0000000095a00000, 0x0000000095a00000| Untracked 
|  75|0x0000000095b00000, 0x0000000095b00000, 0x0000000095c00000|  0%| F|  |TAMS 0x0000000095b00000, 0x0000000095b00000| Untracked 
|  76|0x0000000095c00000, 0x0000000095c00000, 0x0000000095d00000|  0%| F|  |TAMS 0x0000000095c00000, 0x0000000095c00000| Untracked 
|  77|0x0000000095d00000, 0x0000000095d00000, 0x0000000095e00000|  0%| F|  |TAMS 0x0000000095d00000, 0x0000000095d00000| Untracked 
|  78|0x0000000095e00000, 0x0000000095e00000, 0x0000000095f00000|  0%| F|  |TAMS 0x0000000095e00000, 0x0000000095e00000| Untracked 
|  79|0x0000000095f00000, 0x0000000095f00000, 0x0000000096000000|  0%| F|  |TAMS 0x0000000095f00000, 0x0000000095f00000| Untracked 
|  80|0x0000000096000000, 0x0000000096000000, 0x0000000096100000|  0%| F|  |TAMS 0x0000000096000000, 0x0000000096000000| Untracked 
|  81|0x0000000096100000, 0x0000000096100000, 0x0000000096200000|  0%| F|  |TAMS 0x0000000096100000, 0x0000000096100000| Untracked 
|  82|0x0000000096200000, 0x0000000096200000, 0x0000000096300000|  0%| F|  |TAMS 0x0000000096200000, 0x0000000096200000| Untracked 
|  83|0x0000000096300000, 0x0000000096300000, 0x0000000096400000|  0%| F|  |TAMS 0x0000000096300000, 0x0000000096300000| Untracked 
|  84|0x0000000096400000, 0x0000000096400000, 0x0000000096500000|  0%| F|  |TAMS 0x0000000096400000, 0x0000000096400000| Untracked 
|  85|0x0000000096500000, 0x0000000096500000, 0x0000000096600000|  0%| F|  |TAMS 0x0000000096500000, 0x0000000096500000| Untracked 
|  86|0x0000000096600000, 0x0000000096600000, 0x0000000096700000|  0%| F|  |TAMS 0x0000000096600000, 0x0000000096600000| Untracked 
|  87|0x0000000096700000, 0x0000000096700000, 0x0000000096800000|  0%| F|  |TAMS 0x0000000096700000, 0x0000000096700000| Untracked 
|  88|0x0000000096800000, 0x0000000096800000, 0x0000000096900000|  0%| F|  |TAMS 0x0000000096800000, 0x0000000096800000| Untracked 
|  89|0x0000000096900000, 0x0000000096900000, 0x0000000096a00000|  0%| F|  |TAMS 0x0000000096900000, 0x0000000096900000| Untracked 
|  90|0x0000000096a00000, 0x0000000096a00000, 0x0000000096b00000|  0%| F|  |TAMS 0x0000000096a00000, 0x0000000096a00000| Untracked 
|  91|0x0000000096b00000, 0x0000000096b00000, 0x0000000096c00000|  0%| F|  |TAMS 0x0000000096b00000, 0x0000000096b00000| Untracked 
|  92|0x0000000096c00000, 0x0000000096c00000, 0x0000000096d00000|  0%| F|  |TAMS 0x0000000096c00000, 0x0000000096c00000| Untracked 
|  93|0x0000000096d00000, 0x0000000096d00000, 0x0000000096e00000|  0%| F|  |TAMS 0x0000000096d00000, 0x0000000096d00000| Untracked 
|  94|0x0000000096e00000, 0x0000000096ee66c0, 0x0000000096f00000| 90%| E|  |TAMS 0x0000000096e00000, 0x0000000096e00000| Complete 
|  95|0x0000000096f00000, 0x0000000097000000, 0x0000000097000000|100%| E|CS|TAMS 0x0000000096f00000, 0x0000000096f00000| Complete 
|  96|0x0000000097000000, 0x0000000097100000, 0x0000000097100000|100%| E|CS|TAMS 0x0000000097000000, 0x0000000097000000| Complete 
|  97|0x0000000097100000, 0x0000000097200000, 0x0000000097200000|100%| E|CS|TAMS 0x0000000097100000, 0x0000000097100000| Complete 
|  98|0x0000000097200000, 0x0000000097300000, 0x0000000097300000|100%| E|CS|TAMS 0x0000000097200000, 0x0000000097200000| Complete 
|  99|0x0000000097300000, 0x0000000097400000, 0x0000000097400000|100%| E|CS|TAMS 0x0000000097300000, 0x0000000097300000| Complete 
| 100|0x0000000097400000, 0x0000000097500000, 0x0000000097500000|100%| E|CS|TAMS 0x0000000097400000, 0x0000000097400000| Complete 
| 101|0x0000000097500000, 0x0000000097600000, 0x0000000097600000|100%| E|CS|TAMS 0x0000000097500000, 0x0000000097500000| Complete 
| 102|0x0000000097600000, 0x0000000097700000, 0x0000000097700000|100%| E|CS|TAMS 0x0000000097600000, 0x0000000097600000| Complete 
| 103|0x0000000097700000, 0x0000000097800000, 0x0000000097800000|100%| E|CS|TAMS 0x0000000097700000, 0x0000000097700000| Complete 
| 104|0x0000000097800000, 0x0000000097900000, 0x0000000097900000|100%| E|CS|TAMS 0x0000000097800000, 0x0000000097800000| Complete 
| 105|0x0000000097900000, 0x0000000097a00000, 0x0000000097a00000|100%| E|CS|TAMS 0x0000000097900000, 0x0000000097900000| Complete 
| 106|0x0000000097a00000, 0x0000000097b00000, 0x0000000097b00000|100%| E|CS|TAMS 0x0000000097a00000, 0x0000000097a00000| Complete 
| 107|0x0000000097b00000, 0x0000000097c00000, 0x0000000097c00000|100%| E|CS|TAMS 0x0000000097b00000, 0x0000000097b00000| Complete 
| 108|0x0000000097c00000, 0x0000000097d00000, 0x0000000097d00000|100%| E|CS|TAMS 0x0000000097c00000, 0x0000000097c00000| Complete 
| 109|0x0000000097d00000, 0x0000000097e00000, 0x0000000097e00000|100%| E|CS|TAMS 0x0000000097d00000, 0x0000000097d00000| Complete 
| 110|0x0000000097e00000, 0x0000000097f00000, 0x0000000097f00000|100%| E|CS|TAMS 0x0000000097e00000, 0x0000000097e00000| Complete 
| 111|0x0000000097f00000, 0x0000000098000000, 0x0000000098000000|100%| E|CS|TAMS 0x0000000097f00000, 0x0000000097f00000| Complete 

Card table byte_map: [0x00000174dbe20000,0x00000174dc1a0000] _byte_map_base: 0x00000174db998000

Marking Bits (Prev, Next): (CMBitMap*) 0x00000174c2a8a720, (CMBitMap*) 0x00000174c2a8a6e0
 Prev Bits: [0x00000174de0e0000, 0x00000174dfca0000)
 Next Bits: [0x00000174dc520000, 0x00000174de0e0000)

Polling page: 0x00000174c2b60000

Metaspace:

Usage:
  Non-class:     19.39 MB used.
      Class:      3.16 MB used.
       Both:     22.55 MB used.

Virtual space:
  Non-class space:       64.00 MB reserved,      19.56 MB ( 31%) committed,  1 nodes.
      Class space:        1.00 GB reserved,       3.38 MB ( <1%) committed,  1 nodes.
             Both:        1.06 GB reserved,      22.94 MB (  2%) committed. 

Chunk freelists:
   Non-Class:  12.10 MB
       Class:  12.47 MB
        Both:  24.57 MB

MaxMetaspaceSize: unlimited
CompressedClassSpaceSize: 1.00 GB
Initial GC threshold: 21.00 MB
Current GC threshold: 35.31 MB
CDS: on
MetaspaceReclaimPolicy: balanced
 - commit_granule_bytes: 65536.
 - commit_granule_words: 8192.
 - virtual_space_node_default_size: 8388608.
 - enlarge_chunks_in_place: 1.
 - new_chunks_are_fully_committed: 0.
 - uncommit_free_chunks: 1.
 - use_allocation_guard: 0.
 - handle_deallocations: 1.


Internal statistics:

num_allocs_failed_limit: 3.
num_arena_births: 488.
num_arena_deaths: 0.
num_vsnodes_births: 2.
num_vsnodes_deaths: 0.
num_space_committed: 367.
num_space_uncommitted: 0.
num_chunks_returned_to_freelist: 3.
num_chunks_taken_from_freelist: 1366.
num_chunk_merges: 3.
num_chunk_splits: 903.
num_chunks_enlarged: 613.
num_inconsistent_stats: 0.

CodeHeap 'non-profiled nmethods': size=120000Kb used=4616Kb max_used=4616Kb free=115383Kb
 bounds [0x00000174d4240000, 0x00000174d46d0000, 0x00000174db770000]
CodeHeap 'profiled nmethods': size=120000Kb used=13302Kb max_used=13302Kb free=106697Kb
 bounds [0x00000174cc770000, 0x00000174cd470000, 0x00000174d3ca0000]
CodeHeap 'non-nmethods': size=5760Kb used=1536Kb max_used=1633Kb free=4223Kb
 bounds [0x00000174d3ca0000, 0x00000174d3f10000, 0x00000174d4240000]
 total_blobs=6960 nmethods=6125 adapters=746
 compilation: enabled
              stopped_count=0, restarted_count=0
 full_count=0

Compilation events (20 events):
Event: 145.639 Thread 0x00000174e26b0830 7006   !   3       com.sun.javafx.font.PrismFontFile::getAdvanceFromHMTX (152 bytes)
Event: 145.640 Thread 0x00000174e26b0830 nmethod 7006 0x00000174cd466810 code [0x00000174cd466a20, 0x00000174cd4671f8]
Event: 145.640 Thread 0x00000174e26b0830 7007       3       javafx.scene.layout.Region::computeChildMinAreaHeight (237 bytes)
Event: 145.647 Thread 0x00000174e26b0830 nmethod 7007 0x00000174cd467590 code [0x00000174cd467d40, 0x00000174cd46c0f8]
Event: 145.647 Thread 0x00000174e26b0830 7008       3       javafx.scene.layout.Region::layoutInArea (28 bytes)
Event: 145.647 Thread 0x00000174e26b0830 nmethod 7008 0x00000174cd46d890 code [0x00000174cd46da40, 0x00000174cd46dc48]
Event: 145.679 Thread 0x00000174e26b0830 7009       1       java.util.TreeMap::size (5 bytes)
Event: 145.679 Thread 0x00000174e26b0830 nmethod 7009 0x00000174d46bcb90 code [0x00000174d46bcd20, 0x00000174d46bcdf8]
Event: 145.682 Thread 0x00000174e26b0830 7010       3       com.sun.javafx.scene.shape.TextHelper::createPeerImpl (10 bytes)
Event: 145.683 Thread 0x00000174e26b0830 nmethod 7010 0x00000174cd46dd90 code [0x00000174cd46df80, 0x00000174cd46e628]
Event: 145.683 Thread 0x00000174e26b0830 7011       3       javafx.scene.text.Text$1::doCreatePeer (8 bytes)
Event: 145.683 Thread 0x00000174e26b0830 nmethod 7011 0x00000174cd46e890 code [0x00000174cd46ea60, 0x00000174cd46f048]
Event: 145.683 Thread 0x00000174e26b0830 7012       3       com.sun.javafx.sg.prism.NGText::setFont (39 bytes)
Event: 145.684 Thread 0x00000174e26b0830 nmethod 7012 0x00000174cd46f210 code [0x00000174cd46f3e0, 0x00000174cd46f8f8]
Event: 145.754 Thread 0x00000174e26afe70 nmethod 6993 0x00000174d46bce90 code [0x00000174d46bd1c0, 0x00000174d46c0220]
Event: 145.754 Thread 0x00000174e26afe70 7003       4       java.util.HashMap::valuesToArray (81 bytes)
Event: 145.761 Thread 0x00000174e26afe70 nmethod 7003 0x00000174d46c1890 code [0x00000174d46c1a20, 0x00000174d46c1d18]
Event: 145.761 Thread 0x00000174e26afe70 6994       4       com.sun.javafx.tk.quantum.QuantumToolkit$$Lambda$90/0x00000174810379e0::run (8 bytes)
Event: 145.762 Thread 0x00000174e26afe70 nmethod 6994 0x00000174d46c1f10 code [0x00000174d46c20a0, 0x00000174d46c2198]
Event: 145.769 Thread 0x00000174e26b0830 7013       3       java.util.concurrent.ConcurrentHashMap$BaseIterator::<init> (21 bytes)

GC Heap History (8 events):
Event: 1.034 GC heap before
{Heap before GC invocations=0 (full 0):
 garbage-first heap   total 114688K, used 23552K [0x0000000091000000, 0x0000000100000000)
  region size 1024K, 23 young (23552K), 0 survivors (0K)
 Metaspace       used 4572K, committed 4800K, reserved 1114112K
  class space    used 513K, committed 640K, reserved 1048576K
}
Event: 1.037 GC heap after
{Heap after GC invocations=1 (full 0):
 garbage-first heap   total 114688K, used 3168K [0x0000000091000000, 0x0000000100000000)
  region size 1024K, 3 young (3072K), 3 survivors (3072K)
 Metaspace       used 4572K, committed 4800K, reserved 1114112K
  class space    used 513K, committed 640K, reserved 1048576K
}
Event: 4.263 GC heap before
{Heap before GC invocations=1 (full 0):
 garbage-first heap   total 114688K, used 39008K [0x0000000091000000, 0x0000000100000000)
  region size 1024K, 36 young (36864K), 3 survivors (3072K)
 Metaspace       used 10730K, committed 10944K, reserved 1114112K
  class space    used 1424K, committed 1536K, reserved 1048576K
}
Event: 4.272 GC heap after
{Heap after GC invocations=2 (full 0):
 garbage-first heap   total 114688K, used 8456K [0x0000000091000000, 0x0000000100000000)
  region size 1024K, 4 young (4096K), 4 survivors (4096K)
 Metaspace       used 10730K, committed 10944K, reserved 1114112K
  class space    used 1424K, committed 1536K, reserved 1048576K
}
Event: 15.710 GC heap before
{Heap before GC invocations=2 (full 0):
 garbage-first heap   total 114688K, used 86280K [0x0000000091000000, 0x0000000100000000)
  region size 1024K, 63 young (64512K), 4 survivors (4096K)
 Metaspace       used 21236K, committed 21504K, reserved 1114112K
  class space    used 3063K, committed 3200K, reserved 1048576K
}
Event: 15.723 GC heap after
{Heap after GC invocations=3 (full 0):
 garbage-first heap   total 114688K, used 33601K [0x0000000091000000, 0x0000000100000000)
  region size 1024K, 9 young (9216K), 9 survivors (9216K)
 Metaspace       used 21236K, committed 21504K, reserved 1114112K
  class space    used 3063K, committed 3200K, reserved 1048576K
}
Event: 51.948 GC heap before
{Heap before GC invocations=4 (full 0):
 garbage-first heap   total 114688K, used 88897K [0x0000000091000000, 0x0000000100000000)
  region size 1024K, 54 young (55296K), 9 survivors (9216K)
 Metaspace       used 22753K, committed 23104K, reserved 1114112K
  class space    used 3214K, committed 3392K, reserved 1048576K
}
Event: 51.962 GC heap after
{Heap after GC invocations=5 (full 0):
 garbage-first heap   total 114688K, used 43061K [0x0000000091000000, 0x0000000100000000)
  region size 1024K, 7 young (7168K), 7 survivors (7168K)
 Metaspace       used 22753K, committed 23104K, reserved 1114112K
  class space    used 3214K, committed 3392K, reserved 1048576K
}

Dll operation events (20 events):
Event: 0.638 Loaded shared library D:\Proyecto Terminal\openjfx-22.0.1_windows-x64_bin-sdk\javafx-sdk-22.0.1\bin\api-ms-win-crt-math-l1-1-0.dll
Event: 0.640 Loaded shared library D:\Proyecto Terminal\openjfx-22.0.1_windows-x64_bin-sdk\javafx-sdk-22.0.1\bin\api-ms-win-crt-multibyte-l1-1-0.dll
Event: 0.642 Loaded shared library D:\Proyecto Terminal\openjfx-22.0.1_windows-x64_bin-sdk\javafx-sdk-22.0.1\bin\api-ms-win-crt-private-l1-1-0.dll
Event: 0.645 Loaded shared library D:\Proyecto Terminal\openjfx-22.0.1_windows-x64_bin-sdk\javafx-sdk-22.0.1\bin\api-ms-win-crt-process-l1-1-0.dll
Event: 0.647 Loaded shared library D:\Proyecto Terminal\openjfx-22.0.1_windows-x64_bin-sdk\javafx-sdk-22.0.1\bin\api-ms-win-crt-runtime-l1-1-0.dll
Event: 0.649 Loaded shared library D:\Proyecto Terminal\openjfx-22.0.1_windows-x64_bin-sdk\javafx-sdk-22.0.1\bin\api-ms-win-crt-stdio-l1-1-0.dll
Event: 0.651 Loaded shared library D:\Proyecto Terminal\openjfx-22.0.1_windows-x64_bin-sdk\javafx-sdk-22.0.1\bin\api-ms-win-crt-string-l1-1-0.dll
Event: 0.652 Loaded shared library D:\Proyecto Terminal\openjfx-22.0.1_windows-x64_bin-sdk\javafx-sdk-22.0.1\bin\api-ms-win-crt-time-l1-1-0.dll
Event: 0.654 Loaded shared library D:\Proyecto Terminal\openjfx-22.0.1_windows-x64_bin-sdk\javafx-sdk-22.0.1\bin\api-ms-win-crt-utility-l1-1-0.dll
Event: 0.656 Loaded shared library D:\Proyecto Terminal\openjfx-22.0.1_windows-x64_bin-sdk\javafx-sdk-22.0.1\bin\ucrtbase.dll
Event: 0.658 Loaded shared library D:\Proyecto Terminal\openjfx-22.0.1_windows-x64_bin-sdk\javafx-sdk-22.0.1\bin\vcruntime140.dll
Event: 0.659 Loaded shared library D:\Proyecto Terminal\openjfx-22.0.1_windows-x64_bin-sdk\javafx-sdk-22.0.1\bin\vcruntime140_1.dll
Event: 0.661 Loaded shared library D:\Proyecto Terminal\openjfx-22.0.1_windows-x64_bin-sdk\javafx-sdk-22.0.1\bin\msvcp140.dll
Event: 0.662 Loaded shared library D:\Proyecto Terminal\openjfx-22.0.1_windows-x64_bin-sdk\javafx-sdk-22.0.1\bin\msvcp140_1.dll
Event: 0.664 Loaded shared library D:\Proyecto Terminal\openjfx-22.0.1_windows-x64_bin-sdk\javafx-sdk-22.0.1\bin\msvcp140_2.dll
Event: 0.733 Loaded shared library D:\Proyecto Terminal\openjfx-22.0.1_windows-x64_bin-sdk\javafx-sdk-22.0.1\bin\prism_d3d.dll
Event: 0.797 Loaded shared library D:\Proyecto Terminal\openjfx-22.0.1_windows-x64_bin-sdk\javafx-sdk-22.0.1\bin\glass.dll
Event: 0.972 Loaded shared library C:\Users\diego\.jdks\corretto-17.0.13\bin\jimage.dll
Event: 1.883 Loaded shared library D:\Proyecto Terminal\openjfx-22.0.1_windows-x64_bin-sdk\javafx-sdk-22.0.1\bin\javafx_font.dll
Event: 6.417 Loaded shared library D:\Proyecto Terminal\openjfx-22.0.1_windows-x64_bin-sdk\javafx-sdk-22.0.1\bin\javafx_iio.dll

Deoptimization events (20 events):
Event: 58.587 Thread 0x00000174e8272f70 DEOPT PACKING pc=0x00000174cc91d2dc sp=0x000000069c2fcb70
Event: 58.587 Thread 0x00000174e8272f70 DEOPT UNPACKING pc=0x00000174d3cf7143 sp=0x000000069c2fc038 mode 1
Event: 58.590 Thread 0x00000174e8272f70 DEOPT PACKING pc=0x00000174cc93173c sp=0x000000069c2fc980
Event: 58.590 Thread 0x00000174e8272f70 DEOPT UNPACKING pc=0x00000174d3cf7143 sp=0x000000069c2fbf68 mode 1
Event: 58.590 Thread 0x00000174e8272f70 DEOPT PACKING pc=0x00000174cc91d2dc sp=0x000000069c2fcb70
Event: 58.590 Thread 0x00000174e8272f70 DEOPT UNPACKING pc=0x00000174d3cf7143 sp=0x000000069c2fc038 mode 1
Event: 145.632 Thread 0x00000174e8272f70 DEOPT PACKING pc=0x00000174ccd2f09c sp=0x000000069c2f9160
Event: 145.632 Thread 0x00000174e8272f70 DEOPT UNPACKING pc=0x00000174d3cf7143 sp=0x000000069c2f85c0 mode 0
Event: 145.768 Thread 0x00000174f2dc9740 Uncommon trap: trap_request=0xffffff45 fr.pc=0x00000174d4619844 relative=0x00000000000000c4
Event: 145.768 Thread 0x00000174f2dc9740 Uncommon trap: reason=unstable_if action=reinterpret pc=0x00000174d4619844 method=java.util.concurrent.locks.ReentrantLock$Sync.tryRelease(I)Z @ 26 c2
Event: 145.768 Thread 0x00000174f2dc9740 DEOPT PACKING pc=0x00000174d4619844 sp=0x000000069a5ff130
Event: 145.768 Thread 0x00000174f2dc9740 DEOPT UNPACKING pc=0x00000174d3cf69a3 sp=0x000000069a5ff0e0 mode 2
Event: 145.768 Thread 0x00000174e7991520 DEOPT PACKING pc=0x00000174cd134844 sp=0x000000069beff3d0
Event: 145.768 Thread 0x00000174e7991520 DEOPT UNPACKING pc=0x00000174d3cf7143 sp=0x000000069befe8f0 mode 1
Event: 145.768 Thread 0x00000174e7991520 DEOPT PACKING pc=0x00000174cd3fca64 sp=0x000000069beff4c0
Event: 145.768 Thread 0x00000174e7991520 DEOPT UNPACKING pc=0x00000174d3cf7143 sp=0x000000069befea08 mode 1
Event: 145.768 Thread 0x00000174e7991520 DEOPT PACKING pc=0x00000174cd3ff63c sp=0x000000069beff5d0
Event: 145.768 Thread 0x00000174e7991520 DEOPT UNPACKING pc=0x00000174d3cf7143 sp=0x000000069befea90 mode 1
Event: 145.769 Thread 0x00000174f2dc9740 DEOPT PACKING pc=0x00000174d43c984c sp=0x000000069a5ff490
Event: 145.769 Thread 0x00000174f2dc9740 DEOPT UNPACKING pc=0x00000174d3cf7143 sp=0x000000069a5fe8b0 mode 1

Classes loaded (20 events):
Event: 56.277 Loading class javafx/scene/input/MouseEvent
Event: 56.277 Loading class javafx/scene/input/MouseEvent done
Event: 56.278 Loading class optiuam/bc/model/ElementoGrafico
Event: 56.278 Loading class optiuam/bc/model/ElementoGrafico done
Event: 56.278 Loading class optiuam/bc/model/ElementoGrafico
Event: 56.278 Loading class optiuam/bc/model/ElementoGrafico done
Event: 56.278 Loading class optiuam/bc/model/ElementoGrafico
Event: 56.278 Loading class optiuam/bc/model/ElementoGrafico done
Event: 56.278 Loading class optiuam/bc/model/ElementoGrafico
Event: 56.278 Loading class optiuam/bc/model/ElementoGrafico done
Event: 56.279 Loading class optiuam/bc/controller/VentanaEmpalmeController
Event: 56.279 Loading class optiuam/bc/controller/VentanaEmpalmeController done
Event: 56.279 Loading class optiuam/bc/model/ElementoGrafico
Event: 56.279 Loading class optiuam/bc/model/ElementoGrafico done
Event: 145.763 Loading class jdk/internal/misc/Signal$1
Event: 145.764 Loading class jdk/internal/misc/Signal$1 done
Event: 145.767 Loading class com/sun/javafx/tk/quantum/QuantumRenderer
Event: 145.767 Loading class com/sun/javafx/tk/quantum/QuantumRenderer done
Event: 145.768 Loading class com/sun/javafx/tk/quantum/QuantumToolkit
Event: 145.768 Loading class com/sun/javafx/tk/quantum/QuantumToolkit done

Classes unloaded (0 events):
No events

Classes redefined (0 events):
No events

Internal exceptions (20 events):
Event: 6.318 Thread 0x00000174e8272f70 Exception <a 'java/lang/NoSuchMethodError'{0x0000000095f76c10}: 'java.lang.Object java.lang.invoke.Invokers$Holder.linkToTargetMethod(java.lang.Object, java.lang.Object, int, int, int, int, int, java.lang.Object)'> (0x0000000095f76c10) 
thrown [s\src\hotspot\share\interpreter\linkResolver.cpp, line 759]
Event: 6.320 Thread 0x00000174e8272f70 Exception <a 'java/lang/NoSuchMethodError'{0x0000000095f92738}: 'long java.lang.invoke.DirectMethodHandle$Holder.invokeStatic(java.lang.Object, java.lang.Object, java.lang.Object)'> (0x0000000095f92738) 
thrown [s\src\hotspot\share\interpreter\linkResolver.cpp, line 759]
Event: 6.320 Thread 0x00000174e8272f70 Exception <a 'java/lang/NoSuchMethodError'{0x0000000095f95ee0}: 'long java.lang.invoke.DirectMethodHandle$Holder.invokeStaticInit(java.lang.Object, java.lang.Object, java.lang.Object)'> (0x0000000095f95ee0) 
thrown [s\src\hotspot\share\interpreter\linkResolver.cpp, line 759]
Event: 6.324 Thread 0x00000174e8272f70 Exception <a 'java/lang/NoSuchMethodError'{0x0000000095fada60}: 'java.lang.Object java.lang.invoke.DirectMethodHandle$Holder.newInvokeSpecial(java.lang.Object, java.lang.Object, long)'> (0x0000000095fada60) 
thrown [s\src\hotspot\share\interpreter\linkResolver.cpp, line 759]
Event: 6.325 Thread 0x00000174e8272f70 Exception <a 'java/lang/NoSuchMethodError'{0x0000000095fb15d0}: 'java.lang.Object java.lang.invoke.Invokers$Holder.linkToTargetMethod(java.lang.Object, long, java.lang.Object)'> (0x0000000095fb15d0) 
thrown [s\src\hotspot\share\interpreter\linkResolver.cpp, line 759]
Event: 6.615 Thread 0x00000174e8272f70 Exception <a 'java/lang/ClassNotFoundException'{0x000000009547e7a8}: com/sun/javafx/scene/control/skin/resources/controls> (0x000000009547e7a8) 
thrown [s\src\hotspot\share\prims\jni.cpp, line 535]
Event: 6.616 Thread 0x00000174e8272f70 Exception <a 'java/lang/ClassNotFoundException'{0x000000009548d868}: com/sun/javafx/scene/control/skin/resources/controls_es> (0x000000009548d868) 
thrown [s\src\hotspot\share\prims\jni.cpp, line 535]
Event: 6.618 Thread 0x00000174e8272f70 Exception <a 'java/lang/ClassNotFoundException'{0x000000009549ba48}: com/sun/javafx/scene/control/skin/resources/controls_es_MX> (0x000000009549ba48) 
thrown [s\src\hotspot\share\prims\jni.cpp, line 535]
Event: 6.668 Thread 0x00000174e8272f70 Exception <a 'java/lang/NoSuchMethodError'{0x0000000095227570}: 'int java.lang.invoke.DirectMethodHandle$Holder.invokeSpecial(java.lang.Object, java.lang.Object, int)'> (0x0000000095227570) 
thrown [s\src\hotspot\share\interpreter\linkResolver.cpp, line 759]
Event: 6.894 Thread 0x00000174e8272f70 Exception <a 'java/lang/NoSuchMethodError'{0x0000000094c2e0c0}: 'void java.lang.invoke.DirectMethodHandle$Holder.invokeVirtual(java.lang.Object, java.lang.Object)'> (0x0000000094c2e0c0) 
thrown [s\src\hotspot\share\interpreter\linkResolver.cpp, line 759]
Event: 16.476 Thread 0x00000174e8272f70 Implicit null exception at 0x00000174d44335fe to 0x00000174d4433690
Event: 23.527 Thread 0x00000174e7991520 Implicit null exception at 0x00000174d44baa30 to 0x00000174d44baa68
Event: 31.670 Thread 0x00000174e8272f70 Exception <a 'java/lang/NoSuchMethodError'{0x00000000968377a0}: 'java.lang.Object java.lang.invoke.DirectMethodHandle$Holder.invokeSpecial(java.lang.Object, java.lang.Object, long, java.lang.Object, int, int, java.lang.Object, int, java.lang.Object)'> (0x00000000968377a0) 
thrown [s\src\hotspot\share\interpreter\linkResolver.cpp, line 759]
Event: 31.671 Thread 0x00000174e8272f70 Exception <a 'java/lang/NoSuchMethodError'{0x000000009683ba00}: 'java.lang.Object java.lang.invoke.DelegatingMethodHandle$Holder.reinvoke_L(java.lang.Object, long, java.lang.Object, int, int, java.lang.Object, int, java.lang.Object)'> (0x000000009683ba00) 
thrown [s\src\hotspot\share\interpreter\linkResolver.cpp, line 759]
Event: 31.703 Thread 0x00000174e8272f70 Exception <a 'java/lang/NoSuchMethodError'{0x0000000096899488}: 'java.lang.Object java.lang.invoke.DelegatingMethodHandle$Holder.reinvoke_L(java.lang.Object, java.lang.Object, long, java.lang.Object, int, java.lang.Object, java.lang.Object, java.lang.Object, java.lang.Object, java.lang.Object, java.lang.Object, java.lang.Object, java.lang.Object, int, int)'> (0x0000000096899488) 
thrown [s\src\hotspot\share\interpreter\linkResolver.cpp, line 759]
Event: 31.727 Thread 0x00000174e8272f70 Exception <a 'java/lang/NoSuchMethodError'{0x00000000968de198}: 'java.lang.Object java.lang.invoke.DirectMethodHandle$Holder.invokeSpecial(java.lang.Object, java.lang.Object, long, java.lang.Object, int, java.lang.Object, java.lang.Object, java.lang.Object, java.lang.Object, java.lang.Object, java.lang.Object, java.lang.Object, java.lang.Object, int, int)'> (0x00000000968de198) 
thrown [s\src\hotspot\share\interpreter\linkResolver.cpp, line 759]
Event: 31.731 Thread 0x00000174e8272f70 Exception <a 'java/lang/NoSuchMethodError'{0x00000000968e2d50}: 'java.lang.Object java.lang.invoke.DelegatingMethodHandle$Holder.reinvoke_L(java.lang.Object, long, java.lang.Object, int, java.lang.Object, java.lang.Object, java.lang.Object, java.lang.Object, java.lang.Object, java.lang.Object, java.lang.Object, java.lang.Object, int, int)'> (0x00000000968e2d50) 
thrown [s\src\hotspot\share\interpreter\linkResolver.cpp, line 759]
Event: 51.001 Thread 0x00000174e8272f70 Implicit null exception at 0x00000174d46118e7 to 0x00000174d4615904
Event: 62.923 Thread 0x00000174e8272f70 Exception <a 'java/lang/NoSuchMethodError'{0x00000000970c39e8}: 'java.lang.Object java.lang.invoke.DirectMethodHandle$Holder.invokeSpecial(java.lang.Object, java.lang.Object, long, java.lang.Object, int, int, int, java.lang.Object, java.lang.Object, java.lang.Object, int)'> (0x00000000970c39e8) 
thrown [s\src\hotspot\share\interpreter\linkResolver.cpp, line 759]
Event: 62.923 Thread 0x00000174e8272f70 Exception <a 'java/lang/NoSuchMethodError'{0x00000000970c7f28}: 'java.lang.Object java.lang.invoke.DelegatingMethodHandle$Holder.reinvoke_L(java.lang.Object, long, java.lang.Object, int, int, int, java.lang.Object, java.lang.Object, java.lang.Object, int)'> (0x00000000970c7f28) 
thrown [s\src\hotspot\share\interpreter\linkResolver.cpp, line 759]

VM Operations (20 events):
Event: 115.554 Executing VM operation: get/set locals done
Event: 145.575 Executing VM operation: ChangeBreakpoints
Event: 145.575 Executing VM operation: ChangeBreakpoints done
Event: 145.575 Executing VM operation: ChangeBreakpoints
Event: 145.575 Executing VM operation: ChangeBreakpoints done
Event: 145.576 Executing VM operation: ChangeBreakpoints
Event: 145.576 Executing VM operation: ChangeBreakpoints done
Event: 145.576 Executing VM operation: ChangeBreakpoints
Event: 145.576 Executing VM operation: ChangeBreakpoints done
Event: 145.576 Executing VM operation: ChangeBreakpoints
Event: 145.577 Executing VM operation: ChangeBreakpoints done
Event: 145.577 Executing VM operation: ChangeBreakpoints
Event: 145.577 Executing VM operation: ChangeBreakpoints done
Event: 145.577 Executing VM operation: ChangeBreakpoints
Event: 145.577 Executing VM operation: ChangeBreakpoints done
Event: 145.577 Executing VM operation: ChangeBreakpoints
Event: 145.577 Executing VM operation: ChangeBreakpoints done
Event: 145.577 Executing VM operation: ChangeBreakpoints
Event: 145.577 Executing VM operation: ChangeBreakpoints done
Event: 145.770 Executing VM operation: Exit

Memory protections (0 events):
No events

Nmethod flushes (20 events):
Event: 21.228 Thread 0x00000174e26be990 flushing  nmethod 0x00000174ccfa5e10
Event: 21.228 Thread 0x00000174e26be990 flushing  nmethod 0x00000174ccfae790
Event: 21.228 Thread 0x00000174e26be990 flushing  nmethod 0x00000174ccfb6110
Event: 21.228 Thread 0x00000174e26be990 flushing  nmethod 0x00000174ccfc0210
Event: 21.228 Thread 0x00000174e26be990 flushing  nmethod 0x00000174ccfc6e10
Event: 21.228 Thread 0x00000174e26be990 flushing  nmethod 0x00000174ccfc8710
Event: 21.228 Thread 0x00000174e26be990 flushing  nmethod 0x00000174ccfcff90
Event: 21.228 Thread 0x00000174e26be990 flushing  nmethod 0x00000174ccfd9e90
Event: 21.228 Thread 0x00000174e26be990 flushing  nmethod 0x00000174ccfe9b90
Event: 21.228 Thread 0x00000174e26be990 flushing  nmethod 0x00000174cd016310
Event: 21.228 Thread 0x00000174e26be990 flushing  nmethod 0x00000174cd02fd90
Event: 21.228 Thread 0x00000174e26be990 flushing  nmethod 0x00000174cd073b10
Event: 21.229 Thread 0x00000174e26be990 flushing  nmethod 0x00000174cd11da90
Event: 21.229 Thread 0x00000174e26be990 flushing  nmethod 0x00000174cd147f10
Event: 21.230 Thread 0x00000174e26be990 flushing  nmethod 0x00000174cd1aa790
Event: 21.230 Thread 0x00000174e26be990 flushing  nmethod 0x00000174cd1efb90
Event: 21.230 Thread 0x00000174e26be990 flushing  nmethod 0x00000174cd217d90
Event: 21.230 Thread 0x00000174e26be990 flushing  nmethod 0x00000174cd218390
Event: 21.230 Thread 0x00000174e26be990 flushing osr nmethod 0x00000174cd219b90
Event: 49.216 Thread 0x00000174e26be990 flushing  nmethod 0x00000174ccc45110

Events (20 events):
Event: 38.414 Thread 0x00000174e26b0830 Thread added: 0x00000174e9bf2b40
Event: 39.215 Thread 0x00000174e9bf2b40 Thread exited: 0x00000174e9bf2b40
Event: 42.121 Thread 0x00000174e26b0830 Thread added: 0x00000174e9bef620
Event: 42.590 Thread 0x00000174e9bef620 Thread exited: 0x00000174e9bef620
Event: 50.170 Thread 0x00000174e26b0830 Thread added: 0x00000174e9bef620
Event: 50.366 Thread 0x00000174e9bef620 Thread exited: 0x00000174e9bef620
Event: 53.569 Thread 0x00000174e26b0830 Thread added: 0x00000174e9bf20a0
Event: 54.104 Thread 0x00000174e9bf20a0 Thread exited: 0x00000174e9bf20a0
Event: 57.698 Thread 0x00000174e26b0830 Thread added: 0x00000174e288a590
Event: 58.222 Thread 0x00000174e288a590 Thread exited: 0x00000174e288a590
Event: 58.578 Thread 0x00000174e26b0830 Thread added: 0x00000174e2889050
Event: 59.455 Thread 0x00000174e2889050 Thread exited: 0x00000174e2889050
Event: 145.574 Thread 0x00000174e78bcdf0 Thread exited: 0x00000174e78bcdf0
Event: 145.592 Thread 0x00000174e77fa370 Thread exited: 0x00000174e77fa370
Event: 145.764 Thread 0x00000174e26a7ae0 Thread added: 0x00000174f2dc7df0
Event: 145.766 Thread 0x00000174f2dc7df0 Thread added: 0x00000174f2dc8810
Event: 145.766 Thread 0x00000174f2dc7df0 Thread added: 0x00000174f2dc9740
Event: 145.767 Thread 0x00000174f2dc8810 Thread exited: 0x00000174f2dc8810
Event: 145.769 Thread 0x00000174f2dc9740 Thread exited: 0x00000174f2dc9740
Event: 145.770 Thread 0x00000174e26a7ae0 Thread exited: 0x00000174e26a7ae0


Dynamic libraries:
0x00007ff62fc30000 - 0x00007ff62fc3e000 	C:\Users\diego\.jdks\corretto-17.0.13\bin\java.exe
0x00007ff9e2630000 - 0x00007ff9e2847000 	C:\Windows\SYSTEM32\ntdll.dll
0x00007ff9e24c0000 - 0x00007ff9e2584000 	C:\Windows\System32\KERNEL32.DLL
0x00007ff9dfa50000 - 0x00007ff9dfe09000 	C:\Windows\System32\KERNELBASE.dll
0x00007ff9df930000 - 0x00007ff9dfa41000 	C:\Windows\System32\ucrtbase.dll
0x00007ff9da210000 - 0x00007ff9da227000 	C:\Users\diego\.jdks\corretto-17.0.13\bin\jli.dll
0x00007ff9da560000 - 0x00007ff9da57b000 	C:\Users\diego\.jdks\corretto-17.0.13\bin\VCRUNTIME140.dll
0x00007ff9e1790000 - 0x00007ff9e193e000 	C:\Windows\System32\USER32.dll
0x00007ff9dfff0000 - 0x00007ff9e0016000 	C:\Windows\System32\win32u.dll
0x00007ff9cd590000 - 0x00007ff9cd822000 	C:\Windows\WinSxS\amd64_microsoft.windows.common-controls_6595b64144ccf1df_6.0.22621.4391_none_2715d37f73803e96\COMCTL32.dll
0x00007ff9e1150000 - 0x00007ff9e1179000 	C:\Windows\System32\GDI32.dll
0x00007ff9e1b80000 - 0x00007ff9e1c27000 	C:\Windows\System32\msvcrt.dll
0x00007ff9dfed0000 - 0x00007ff9dffeb000 	C:\Windows\System32\gdi32full.dll
0x00007ff9e01c0000 - 0x00007ff9e025a000 	C:\Windows\System32\msvcp_win.dll
0x00007ff9e1af0000 - 0x00007ff9e1b21000 	C:\Windows\System32\IMM32.DLL
0x00007ff9da530000 - 0x00007ff9da53c000 	C:\Users\diego\.jdks\corretto-17.0.13\bin\vcruntime140_1.dll
0x00007ff9d8540000 - 0x00007ff9d85cd000 	C:\Users\diego\.jdks\corretto-17.0.13\bin\msvcp140.dll
0x00007ff97f150000 - 0x00007ff97fdbc000 	C:\Users\diego\.jdks\corretto-17.0.13\bin\server\jvm.dll
0x00007ff9e04b0000 - 0x00007ff9e0562000 	C:\Windows\System32\ADVAPI32.dll
0x00007ff9e0820000 - 0x00007ff9e08c7000 	C:\Windows\System32\sechost.dll
0x00007ff9e0020000 - 0x00007ff9e0048000 	C:\Windows\System32\bcrypt.dll
0x00007ff9e0960000 - 0x00007ff9e0a74000 	C:\Windows\System32\RPCRT4.dll
0x00007ff9e0f10000 - 0x00007ff9e0f81000 	C:\Windows\System32\WS2_32.dll
0x00007ff9df800000 - 0x00007ff9df84d000 	C:\Windows\SYSTEM32\POWRPROF.dll
0x00007ff9d7050000 - 0x00007ff9d705a000 	C:\Windows\SYSTEM32\VERSION.dll
0x00007ff9dc2b0000 - 0x00007ff9dc2e4000 	C:\Windows\SYSTEM32\WINMM.dll
0x00007ff9df7e0000 - 0x00007ff9df7f3000 	C:\Windows\SYSTEM32\UMPDC.dll
0x00007ff9de970000 - 0x00007ff9de988000 	C:\Windows\SYSTEM32\kernel.appcore.dll
0x00007ff9da470000 - 0x00007ff9da47a000 	C:\Users\diego\.jdks\corretto-17.0.13\bin\jimage.dll
0x00007ff9dcf40000 - 0x00007ff9dd172000 	C:\Windows\SYSTEM32\DBGHELP.DLL
0x00007ff9e1400000 - 0x00007ff9e178f000 	C:\Windows\System32\combase.dll
0x00007ff9e0740000 - 0x00007ff9e0817000 	C:\Windows\System32\OLEAUT32.dll
0x00007ff9c08d0000 - 0x00007ff9c0902000 	C:\Windows\SYSTEM32\dbgcore.DLL
0x00007ff9e0260000 - 0x00007ff9e02db000 	C:\Windows\System32\bcryptPrimitives.dll
0x00007ff9d1df0000 - 0x00007ff9d1e2b000 	C:\Users\diego\.jdks\corretto-17.0.13\bin\jdwp.dll
0x00007ff9da410000 - 0x00007ff9da41e000 	C:\Users\diego\.jdks\corretto-17.0.13\bin\instrument.dll
0x00007ff9d9630000 - 0x00007ff9d9655000 	C:\Users\diego\.jdks\corretto-17.0.13\bin\java.dll
0x00007ff9d1c10000 - 0x00007ff9d1c28000 	C:\Users\diego\.jdks\corretto-17.0.13\bin\zip.dll
0x00007ff9d0e50000 - 0x00007ff9d0f27000 	C:\Users\diego\.jdks\corretto-17.0.13\bin\jsvml.dll
0x00007ff9e1c30000 - 0x00007ff9e24a6000 	C:\Windows\System32\SHELL32.dll
0x00007ff9dd870000 - 0x00007ff9de173000 	C:\Windows\SYSTEM32\windows.storage.dll
0x00007ff9dd730000 - 0x00007ff9dd86f000 	C:\Windows\SYSTEM32\wintypes.dll
0x00007ff9e1200000 - 0x00007ff9e12f9000 	C:\Windows\System32\SHCORE.dll
0x00007ff9e10f0000 - 0x00007ff9e114e000 	C:\Windows\System32\shlwapi.dll
0x00007ff9df860000 - 0x00007ff9df88b000 	C:\Windows\SYSTEM32\profapi.dll
0x00007ff9d1b90000 - 0x00007ff9d1ba9000 	C:\Users\diego\.jdks\corretto-17.0.13\bin\net.dll
0x00007ff9d8e40000 - 0x00007ff9d8f76000 	C:\Windows\SYSTEM32\WINHTTP.dll
0x00007ff9dedf0000 - 0x00007ff9dee59000 	C:\Windows\system32\mswsock.dll
0x00007ff9d19f0000 - 0x00007ff9d1a06000 	C:\Users\diego\.jdks\corretto-17.0.13\bin\nio.dll
0x00007ff9da200000 - 0x00007ff9da20c000 	C:\Users\diego\.jdks\corretto-17.0.13\bin\dt_socket.dll
0x00007ff9de420000 - 0x00007ff9de44d000 	C:\Windows\SYSTEM32\IPHLPAPI.DLL
0x00000174c2c20000 - 0x00000174c2c23000 	D:\Proyecto Terminal\openjfx-22.0.1_windows-x64_bin-sdk\javafx-sdk-22.0.1\bin\api-ms-win-core-console-l1-1-0.dll
0x00000174c2c30000 - 0x00000174c2c33000 	D:\Proyecto Terminal\openjfx-22.0.1_windows-x64_bin-sdk\javafx-sdk-22.0.1\bin\api-ms-win-core-console-l1-2-0.dll
0x00000174c4b20000 - 0x00000174c4b23000 	D:\Proyecto Terminal\openjfx-22.0.1_windows-x64_bin-sdk\javafx-sdk-22.0.1\bin\api-ms-win-core-datetime-l1-1-0.dll
0x00000174c4b30000 - 0x00000174c4b33000 	D:\Proyecto Terminal\openjfx-22.0.1_windows-x64_bin-sdk\javafx-sdk-22.0.1\bin\api-ms-win-core-debug-l1-1-0.dll
0x00000174c4b40000 - 0x00000174c4b43000 	D:\Proyecto Terminal\openjfx-22.0.1_windows-x64_bin-sdk\javafx-sdk-22.0.1\bin\api-ms-win-core-errorhandling-l1-1-0.dll
0x00000174c4b50000 - 0x00000174c4b54000 	D:\Proyecto Terminal\openjfx-22.0.1_windows-x64_bin-sdk\javafx-sdk-22.0.1\bin\api-ms-win-core-file-l1-1-0.dll
0x00000174c4b60000 - 0x00000174c4b63000 	D:\Proyecto Terminal\openjfx-22.0.1_windows-x64_bin-sdk\javafx-sdk-22.0.1\bin\api-ms-win-core-file-l1-2-0.dll
0x00000174c4b70000 - 0x00000174c4b73000 	D:\Proyecto Terminal\openjfx-22.0.1_windows-x64_bin-sdk\javafx-sdk-22.0.1\bin\api-ms-win-core-file-l2-1-0.dll
0x00000174c4b80000 - 0x00000174c4b83000 	D:\Proyecto Terminal\openjfx-22.0.1_windows-x64_bin-sdk\javafx-sdk-22.0.1\bin\api-ms-win-core-handle-l1-1-0.dll
0x00000174c4b90000 - 0x00000174c4b93000 	D:\Proyecto Terminal\openjfx-22.0.1_windows-x64_bin-sdk\javafx-sdk-22.0.1\bin\api-ms-win-core-heap-l1-1-0.dll
0x00000174c4ba0000 - 0x00000174c4ba3000 	D:\Proyecto Terminal\openjfx-22.0.1_windows-x64_bin-sdk\javafx-sdk-22.0.1\bin\api-ms-win-core-interlocked-l1-1-0.dll
0x00000174c4bb0000 - 0x00000174c4bb3000 	D:\Proyecto Terminal\openjfx-22.0.1_windows-x64_bin-sdk\javafx-sdk-22.0.1\bin\api-ms-win-core-libraryloader-l1-1-0.dll
0x00000174c4bc0000 - 0x00000174c4bc3000 	D:\Proyecto Terminal\openjfx-22.0.1_windows-x64_bin-sdk\javafx-sdk-22.0.1\bin\api-ms-win-core-localization-l1-2-0.dll
0x00000174c4bd0000 - 0x00000174c4bd3000 	D:\Proyecto Terminal\openjfx-22.0.1_windows-x64_bin-sdk\javafx-sdk-22.0.1\bin\api-ms-win-core-memory-l1-1-0.dll
0x00000174c4be0000 - 0x00000174c4be3000 	D:\Proyecto Terminal\openjfx-22.0.1_windows-x64_bin-sdk\javafx-sdk-22.0.1\bin\api-ms-win-core-namedpipe-l1-1-0.dll
0x00000174e2c50000 - 0x00000174e2c53000 	D:\Proyecto Terminal\openjfx-22.0.1_windows-x64_bin-sdk\javafx-sdk-22.0.1\bin\api-ms-win-core-processenvironment-l1-1-0.dll
0x00000174e2c60000 - 0x00000174e2c63000 	D:\Proyecto Terminal\openjfx-22.0.1_windows-x64_bin-sdk\javafx-sdk-22.0.1\bin\api-ms-win-core-processthreads-l1-1-0.dll
0x00000174e2c70000 - 0x00000174e2c73000 	D:\Proyecto Terminal\openjfx-22.0.1_windows-x64_bin-sdk\javafx-sdk-22.0.1\bin\api-ms-win-core-processthreads-l1-1-1.dll
0x00000174e2c80000 - 0x00000174e2c83000 	D:\Proyecto Terminal\openjfx-22.0.1_windows-x64_bin-sdk\javafx-sdk-22.0.1\bin\api-ms-win-core-profile-l1-1-0.dll
0x00000174e2c90000 - 0x00000174e2c93000 	D:\Proyecto Terminal\openjfx-22.0.1_windows-x64_bin-sdk\javafx-sdk-22.0.1\bin\api-ms-win-core-rtlsupport-l1-1-0.dll
0x00000174e2ca0000 - 0x00000174e2ca3000 	D:\Proyecto Terminal\openjfx-22.0.1_windows-x64_bin-sdk\javafx-sdk-22.0.1\bin\api-ms-win-core-string-l1-1-0.dll
0x00000174e2cb0000 - 0x00000174e2cb3000 	D:\Proyecto Terminal\openjfx-22.0.1_windows-x64_bin-sdk\javafx-sdk-22.0.1\bin\api-ms-win-core-synch-l1-1-0.dll
0x00000174e2cc0000 - 0x00000174e2cc3000 	D:\Proyecto Terminal\openjfx-22.0.1_windows-x64_bin-sdk\javafx-sdk-22.0.1\bin\api-ms-win-core-synch-l1-2-0.dll
0x00000174e2cd0000 - 0x00000174e2cd3000 	D:\Proyecto Terminal\openjfx-22.0.1_windows-x64_bin-sdk\javafx-sdk-22.0.1\bin\api-ms-win-core-sysinfo-l1-1-0.dll
0x00000174e2ce0000 - 0x00000174e2ce3000 	D:\Proyecto Terminal\openjfx-22.0.1_windows-x64_bin-sdk\javafx-sdk-22.0.1\bin\api-ms-win-core-timezone-l1-1-0.dll
0x00000174e2cf0000 - 0x00000174e2cf3000 	D:\Proyecto Terminal\openjfx-22.0.1_windows-x64_bin-sdk\javafx-sdk-22.0.1\bin\api-ms-win-core-util-l1-1-0.dll
0x00000174e2d00000 - 0x00000174e2d03000 	D:\Proyecto Terminal\openjfx-22.0.1_windows-x64_bin-sdk\javafx-sdk-22.0.1\bin\api-ms-win-crt-conio-l1-1-0.dll
0x00000174e2d10000 - 0x00000174e2d14000 	D:\Proyecto Terminal\openjfx-22.0.1_windows-x64_bin-sdk\javafx-sdk-22.0.1\bin\api-ms-win-crt-convert-l1-1-0.dll
0x00000174e2d20000 - 0x00000174e2d23000 	D:\Proyecto Terminal\openjfx-22.0.1_windows-x64_bin-sdk\javafx-sdk-22.0.1\bin\api-ms-win-crt-environment-l1-1-0.dll
0x00000174e2d30000 - 0x00000174e2d33000 	D:\Proyecto Terminal\openjfx-22.0.1_windows-x64_bin-sdk\javafx-sdk-22.0.1\bin\api-ms-win-crt-filesystem-l1-1-0.dll
0x00000174e2d40000 - 0x00000174e2d43000 	D:\Proyecto Terminal\openjfx-22.0.1_windows-x64_bin-sdk\javafx-sdk-22.0.1\bin\api-ms-win-crt-heap-l1-1-0.dll
0x00000174e2d50000 - 0x00000174e2d53000 	D:\Proyecto Terminal\openjfx-22.0.1_windows-x64_bin-sdk\javafx-sdk-22.0.1\bin\api-ms-win-crt-locale-l1-1-0.dll
0x00000174e2d60000 - 0x00000174e2d65000 	D:\Proyecto Terminal\openjfx-22.0.1_windows-x64_bin-sdk\javafx-sdk-22.0.1\bin\api-ms-win-crt-math-l1-1-0.dll
0x00000174e2d70000 - 0x00000174e2d75000 	D:\Proyecto Terminal\openjfx-22.0.1_windows-x64_bin-sdk\javafx-sdk-22.0.1\bin\api-ms-win-crt-multibyte-l1-1-0.dll
0x00000174e2d80000 - 0x00000174e2d90000 	D:\Proyecto Terminal\openjfx-22.0.1_windows-x64_bin-sdk\javafx-sdk-22.0.1\bin\api-ms-win-crt-private-l1-1-0.dll
0x00000174e2d90000 - 0x00000174e2d93000 	D:\Proyecto Terminal\openjfx-22.0.1_windows-x64_bin-sdk\javafx-sdk-22.0.1\bin\api-ms-win-crt-process-l1-1-0.dll
0x00000174e2da0000 - 0x00000174e2da4000 	D:\Proyecto Terminal\openjfx-22.0.1_windows-x64_bin-sdk\javafx-sdk-22.0.1\bin\api-ms-win-crt-runtime-l1-1-0.dll
0x00000174e2db0000 - 0x00000174e2db4000 	D:\Proyecto Terminal\openjfx-22.0.1_windows-x64_bin-sdk\javafx-sdk-22.0.1\bin\api-ms-win-crt-stdio-l1-1-0.dll
0x00000174e2dc0000 - 0x00000174e2dc4000 	D:\Proyecto Terminal\openjfx-22.0.1_windows-x64_bin-sdk\javafx-sdk-22.0.1\bin\api-ms-win-crt-string-l1-1-0.dll
0x00000174e2dd0000 - 0x00000174e2dd3000 	D:\Proyecto Terminal\openjfx-22.0.1_windows-x64_bin-sdk\javafx-sdk-22.0.1\bin\api-ms-win-crt-time-l1-1-0.dll
0x00000174e2de0000 - 0x00000174e2de3000 	D:\Proyecto Terminal\openjfx-22.0.1_windows-x64_bin-sdk\javafx-sdk-22.0.1\bin\api-ms-win-crt-utility-l1-1-0.dll
0x00007ff9d0a50000 - 0x00007ff9d0b4c000 	D:\Proyecto Terminal\openjfx-22.0.1_windows-x64_bin-sdk\javafx-sdk-22.0.1\bin\ucrtbase.dll
0x00007ff9d19d0000 - 0x00007ff9d19eb000 	D:\Proyecto Terminal\openjfx-22.0.1_windows-x64_bin-sdk\javafx-sdk-22.0.1\bin\vcruntime140.dll
0x00007ff9da0c0000 - 0x00007ff9da0cc000 	D:\Proyecto Terminal\openjfx-22.0.1_windows-x64_bin-sdk\javafx-sdk-22.0.1\bin\vcruntime140_1.dll
0x00007ff9d0ca0000 - 0x00007ff9d0d2e000 	D:\Proyecto Terminal\openjfx-22.0.1_windows-x64_bin-sdk\javafx-sdk-22.0.1\bin\msvcp140.dll
0x00007ff9d9f30000 - 0x00007ff9d9f39000 	D:\Proyecto Terminal\openjfx-22.0.1_windows-x64_bin-sdk\javafx-sdk-22.0.1\bin\msvcp140_1.dll
0x00007ff9d0e00000 - 0x00007ff9d0e41000 	D:\Proyecto Terminal\openjfx-22.0.1_windows-x64_bin-sdk\javafx-sdk-22.0.1\bin\msvcp140_2.dll
0x00007ff9d1970000 - 0x00007ff9d19a0000 	D:\Proyecto Terminal\openjfx-22.0.1_windows-x64_bin-sdk\javafx-sdk-22.0.1\bin\prism_d3d.dll
0x00007ff9c6120000 - 0x00007ff9c62c8000 	C:\Windows\system32\d3d9.dll
0x00007ff9dc810000 - 0x00007ff9dc83b000 	C:\Windows\SYSTEM32\dwmapi.dll
0x00007ff9dc6c0000 - 0x00007ff9dc6f7000 	C:\Windows\SYSTEM32\dxcore.dll
0x00007ff9dc5a0000 - 0x00007ff9dc651000 	C:\Windows\system32\uxtheme.dll
0x00007ff9e1940000 - 0x00007ff9e1ae5000 	C:\Windows\System32\ole32.dll
0x00007ff9d7c60000 - 0x00007ff9d7ca9000 	C:\Windows\SYSTEM32\directxdatabasehelper.dll
0x00007ff9d0a00000 - 0x00007ff9d0a45000 	D:\Proyecto Terminal\openjfx-22.0.1_windows-x64_bin-sdk\javafx-sdk-22.0.1\bin\glass.dll
0x00007ff9e1300000 - 0x00007ff9e13ff000 	C:\Windows\System32\COMDLG32.dll
0x00007ff96c180000 - 0x00007ff96c1de000 	C:\Program Files\Huawei\PCManager\plugins\PerfWndMonModule.dll
0x00007ff9e0f90000 - 0x00007ff9e10f0000 	C:\Windows\System32\MSCTF.dll
0x00007ff9e0350000 - 0x00007ff9e0400000 	C:\Windows\System32\clbcatq.dll
0x00007ff9d1110000 - 0x00007ff9d1289000 	C:\Windows\System32\Windows.UI.dll
0x00007ff9ab950000 - 0x00007ff9abac5000 	C:\Windows\System32\Windows.UI.Immersive.dll
0x00007ff9d0de0000 - 0x00007ff9d0df5000 	D:\Proyecto Terminal\openjfx-22.0.1_windows-x64_bin-sdk\javafx-sdk-22.0.1\bin\javafx_font.dll
0x00007ff9dbd20000 - 0x00007ff9dbf93000 	C:\Windows\SYSTEM32\dwrite.dll
0x00007ff9dc3c0000 - 0x00007ff9dc570000 	C:\Windows\SYSTEM32\WindowsCodecs.dll
0x00007ff9d0b80000 - 0x00007ff9d0bde000 	C:\Windows\system32\dataexchange.dll
0x00007ff9d5270000 - 0x00007ff9d5514000 	C:\Windows\system32\twinapi.appcore.dll
0x00007ff9d0be0000 - 0x00007ff9d0c12000 	C:\Program Files\Common Files\Microsoft Shared\Ink\rtscom.dll
0x00007ff9ccd20000 - 0x00007ff9cce65000 	C:\Windows\SYSTEM32\textinputframework.dll
0x00007ff9d7d30000 - 0x00007ff9d7e63000 	C:\Windows\SYSTEM32\CoreMessaging.dll
0x00007ff9d65c0000 - 0x00007ff9d692d000 	C:\Windows\SYSTEM32\CoreUIComponents.dll
0x00007ff9df060000 - 0x00007ff9df06c000 	C:\Windows\SYSTEM32\CRYPTBASE.DLL
0x00007ff9d0c70000 - 0x00007ff9d0c9d000 	D:\Proyecto Terminal\openjfx-22.0.1_windows-x64_bin-sdk\javafx-sdk-22.0.1\bin\javafx_iio.dll
0x00007ff9db730000 - 0x00007ff9dbd1e000 	C:\Windows\SYSTEM32\d2d1.dll
0x00007ff9dc050000 - 0x00007ff9dc2a7000 	C:\Windows\SYSTEM32\d3d11.dll
0x00007ff9dc700000 - 0x00007ff9dc7f7000 	C:\Windows\SYSTEM32\dxgi.dll
0x00007ff9d5610000 - 0x00007ff9d5d23000 	C:\Windows\SYSTEM32\D3D10Warp.dll

dbghelp: loaded successfully - version: 4.0.5 - missing functions: none
symbol engine: initialized successfully - sym options: 0x614 - pdb path: .;C:\Users\diego\.jdks\corretto-17.0.13\bin;C:\Windows\SYSTEM32;C:\Windows\WinSxS\amd64_microsoft.windows.common-controls_6595b64144ccf1df_6.0.22621.4391_none_2715d37f73803e96;C:\Users\diego\.jdks\corretto-17.0.13\bin\server;D:\Proyecto Terminal\openjfx-22.0.1_windows-x64_bin-sdk\javafx-sdk-22.0.1\bin;C:\Windows\System32\DriverStore\FileRepository\u0355756.inf_amd64_5146fc3a012e7afa\B354291;C:\Program Files\Huawei\PCManager\plugins;C:\Program Files\Common Files\Microsoft Shared\Ink

VM Arguments:
jvm_args: -agentlib:jdwp=transport=dt_socket,address=127.0.0.1:54160,suspend=y,server=n --module-path=D:\Proyecto Terminal\openjfx-22.0.1_windows-x64_bin-sdk\javafx-sdk-22.0.1\lib --add-modules=javafx.controls,javafx.fxml -javaagent:C:\Users\diego\AppData\Local\JetBrains\IntelliJIdea2024.1\captureAgent\debugger-agent.jar -Dfile.encoding=UTF-8 
java_command: optiuam.bc.controller.OptiUAM24
java_class_path (initial): D:\Proyecto Terminal\C鏚igo\OptiUAM24\OptiUAM\out\production\OptiUAM;D:\Proyecto Terminal\C鏚igo\OptiUAM24\OptiUAM\Librerias\jcommon-1.0.23.jar;D:\Proyecto Terminal\C鏚igo\OptiUAM24\OptiUAM\Librerias\jfreechart-1.0.19.jar;D:\Proyecto Terminal\openjfx-22.0.1_windows-x64_bin-sdk\javafx-sdk-22.0.1\lib\javafx-swt.jar;D:\Proyecto Terminal\openjfx-22.0.1_windows-x64_bin-sdk\javafx-sdk-22.0.1\lib\javafx.base.jar;D:\Proyecto Terminal\openjfx-22.0.1_windows-x64_bin-sdk\javafx-sdk-22.0.1\lib\javafx.controls.jar;D:\Proyecto Terminal\openjfx-22.0.1_windows-x64_bin-sdk\javafx-sdk-22.0.1\lib\javafx.fxml.jar;D:\Proyecto Terminal\openjfx-22.0.1_windows-x64_bin-sdk\javafx-sdk-22.0.1\lib\javafx.graphics.jar;D:\Proyecto Terminal\openjfx-22.0.1_windows-x64_bin-sdk\javafx-sdk-22.0.1\lib\javafx.media.jar;D:\Proyecto Terminal\openjfx-22.0.1_windows-x64_bin-sdk\javafx-sdk-22.0.1\lib\javafx.swing.jar;D:\Proyecto Terminal\openjfx-22.0.1_windows-x64_bin-sdk\javafx-sdk-22.0.1\lib\javafx.web.jar;D:\Proyecto Terminal\openjfx-22.0.1_windows-x64_bin-sdk.zip;D:\Proyecto Terminal\commons-math3-3.6.1\commons-math3-3.6.1-tests.jar;D:\Proyecto Terminal\commons-math3-3.6.1\commons-math3-3.6.1-tools.jar;D:\Proyecto Terminal\commons-math3-3.6.1\commons-math3-3.6.1.jar;C:\Program Files\JetBrains\IntelliJ IDEA 2024.1.3\lib\idea_rt.jar
Launcher Type: SUN_STANDARD

[Global flags]
     intx CICompilerCount                          = 4                                         {product} {ergonomic}
     uint ConcGCThreads                            = 2                                         {product} {ergonomic}
     uint G1ConcRefinementThreads                  = 8                                         {product} {ergonomic}
   size_t G1HeapRegionSize                         = 1048576                                   {product} {ergonomic}
    uintx GCDrainStackTargetSize                   = 64                                        {product} {ergonomic}
   size_t InitialHeapSize                          = 117440512                                 {product} {ergonomic}
   size_t MarkStackSize                            = 4194304                                   {product} {ergonomic}
   size_t MaxHeapSize                              = 1862270976                                {product} {ergonomic}
   size_t MaxNewSize                               = 1116733440                                {product} {ergonomic}
   size_t MinHeapDeltaBytes                        = 1048576                                   {product} {ergonomic}
   size_t MinHeapSize                              = 8388608                                   {product} {ergonomic}
    uintx NonNMethodCodeHeapSize                   = 5839372                                {pd product} {ergonomic}
    uintx NonProfiledCodeHeapSize                  = 122909434                              {pd product} {ergonomic}
    uintx ProfiledCodeHeapSize                     = 122909434                              {pd product} {ergonomic}
    uintx ReservedCodeCacheSize                    = 251658240                              {pd product} {ergonomic}
     bool SegmentedCodeCache                       = true                                      {product} {ergonomic}
   size_t SoftMaxHeapSize                          = 1862270976                             {manageable} {ergonomic}
     bool UseCompressedClassPointers               = true                           {product lp64_product} {ergonomic}
     bool UseCompressedOops                        = true                           {product lp64_product} {ergonomic}
     bool UseG1GC                                  = true                                      {product} {ergonomic}
     bool UseLargePagesIndividualAllocation        = false                                  {pd product} {ergonomic}

Logging:
Log output configuration:
 #0: stdout all=off uptime,level,tags
 #1: stderr all=off uptime,level,tags

Environment Variables:
PATH=C:\Program Files\Common Files\Oracle\Java\javapath;C:\Users\diego\Desktop\oracle\bin;C:\Windows\system32;C:\Windows;C:\Windows\System32\Wbem;C:\Windows\System32\WindowsPowerShell\v1.0\;C:\Windows\System32\OpenSSH\;C:\Program Files\Git\cmd;C:\Strawberry\c\bin;C:\Strawberry\perl\site\bin;C:\Strawberry\perl\bin;C:\Users\diego\AppData\Local\Programs\Python\Launcher\;C:\Users\diego\AppData\Local\Microsoft\WindowsApps;C:\Program Files\JetBrains\IntelliJ IDEA 2024.1.3\bin;;C:\Users\diego\AppData\Local\GitHubDesktop\bin;C:\Program Files\JetBrains\PyCharm 2024.1.4\bin;;C:\Users\diego\AppData\Local\Programs\Microsoft VS Code\bin;C:\Users\diego\AppData\Local\Programs\MiKTeX\miktex\bin\x64\;C:\Program Files\JetBrains\PyCharm Community Edition 2024.3\bin;
USERNAME=diego
OS=Windows_NT
PROCESSOR_IDENTIFIER=AMD64 Family 23 Model 24 Stepping 1, AuthenticAMD
TMP=C:\Users\diego\AppData\Local\Temp
TEMP=C:\Users\diego\AppData\Local\Temp



Periodic native trim disabled


---------------  S Y S T E M  ---------------

OS:
 Windows 11 , 64 bit Build 22621 (10.0.22621.4391)
OS uptime: 4 days 14:35 hours

CPU: total 8 (initial active 8) (8 cores per cpu, 2 threads per core) family 23 model 24 stepping 1 microcode 0x0, cx8, cmov, fxsr, ht, mmx, 3dnowpref, sse, sse2, sse3, ssse3, sse4a, sse4.1, sse4.2, popcnt, lzcnt, tsc, tscinvbit, avx, avx2, aes, clmul, bmi1, bmi2, adx, sha, fma, vzeroupper, clflush, clflushopt
Processor Information for all 8 processors :
  Max Mhz: 2100, Current Mhz: 2100, Mhz Limit: 2100

Memory: 4k page, system-wide physical 7103M (460M free)
TotalPageFile size 15807M (AvailPageFile size 3510M)
current process WorkingSet (physical memory assigned to process): 245M, peak: 452M
current process commit charge ("private bytes"): 350M, peak: 567M

vm_info: OpenJDK 64-Bit Server VM (17.0.13+11-LTS) for windows-amd64 JRE (17.0.13+11-LTS), built on Oct 10 2024 19:51:30 by "Administrator" with MS VC++ 16.10 / 16.11 (VS2019)

END.
