#
# A fatal error has been detected by the Java Runtime Environment:
#
#  EXCEPTION_ACCESS_VIOLATION (0xc0000005) at pc=0x00007ff9767782d7, pid=3536, tid=2100
#
# JRE version: OpenJDK Runtime Environment Corretto-17.0.13.11.1 (17.0.13+11) (build 17.0.13+11-LTS)
# Java VM: OpenJDK 64-Bit Server VM Corretto-17.0.13.11.1 (17.0.13+11-LTS, mixed mode, sharing, tiered, compressed oops, compressed class ptrs, g1 gc, windows-amd64)
# Problematic frame:
# C  [glass.dll+0x282d7]
#
# No core dump will be written. Minidumps are not enabled by default on client versions of Windows
#
# If you would like to submit a bug report, please visit:
#   https://github.com/corretto/corretto-17/issues/
#

---------------  S U M M A R Y ------------

Command Line: -agentlib:jdwp=transport=dt_socket,address=127.0.0.1:51385,suspend=y,server=n --module-path=D:\Proyecto Terminal\openjfx-22.0.1_windows-x64_bin-sdk\javafx-sdk-22.0.1\lib --add-modules=javafx.controls,javafx.fxml -javaagent:C:\Users\diego\AppData\Local\JetBrains\IntelliJIdea2024.1\captureAgent\debugger-agent.jar -Dfile.encoding=UTF-8 optiuam.bc.controller.OptiUAM24

Host: AMD Ryzen 5 3500U with Radeon Vega Mobile Gfx  , 8 cores, 6G,  Windows 11 , 64 bit Build 22621 (10.0.22621.4391)
Time: Thu Nov 21 18:43:36 2024 Hora estándar central (México) elapsed time: 93.617834 seconds (0d 0h 1m 33s)

---------------  T H R E A D  ---------------

Current thread (0x0000023acd17e530):  VMThread "VM Thread" [stack: 0x000000d8e7500000,0x000000d8e7600000] [id=2100]

Stack: [0x000000d8e7500000,0x000000d8e7600000],  sp=0x000000d8e75fef80,  free space=1019k
Native frames: (J=compiled Java code, j=interpreted, Vv=VM code, C=native code)
C  [glass.dll+0x282d7]


siginfo: EXCEPTION_ACCESS_VIOLATION (0xc0000005), reading address 0x0000000000000000


Registers:
RAX=0x0000000000000000, RBX=0x0000023b1cad6bc0, RCX=0x0000023acd17e530, RDX=0x000000d8e75fef80
RSP=0x000000d8e75fef80, RBP=0x0000023b13bac298, RSI=0x000000d8e75ff088, RDI=0x0000023b13bac270
R8 =0x0000000000010002, R9 =0x0000023b13bac270, R10=0x85f13e9656da4870, R11=0x000000d8e75fef10
R12=0x00007ff976775be0, R13=0x00007ff931a08420, R14=0x00003446ce747f44, R15=0x0000023b13bac270
RIP=0x00007ff9767782d7, EFLAGS=0x0000000000010206


Register to memory mapping:

RIP=0x00007ff9767782d7 glass.dll
RAX=0x0 is NULL
RBX=0x0000023b1cad6bc0 is a global jni handle
RCX=0x0000023acd17e530 points into unknown readable memory: 0x00007ff931832cc8 | c8 2c 83 31 f9 7f 00 00
RDX=0x000000d8e75fef80 points into unknown readable memory: 0x0000000000000000 | 00 00 00 00 00 00 00 00
RSP=0x000000d8e75fef80 points into unknown readable memory: 0x0000000000000000 | 00 00 00 00 00 00 00 00
RBP=0x0000023b13bac298 points into unknown readable memory: 0x00003446ce747f44 | 44 7f 74 ce 46 34 00 00
RSI=0x000000d8e75ff088 points into unknown readable memory: 0x000000d8e75ff070 | 70 f0 5f e7 d8 00 00 00
RDI=0x0000023b13bac270 points into unknown readable memory: 0x0007cbd1a90110c4 | c4 10 01 a9 d1 cb 07 00
R8 =0x0000000000010002 is an unknown value
R9 =0x0000023b13bac270 points into unknown readable memory: 0x0007cbd1a90110c4 | c4 10 01 a9 d1 cb 07 00
R10=0x85f13e9656da4870 is an unknown value
R11=0x000000d8e75fef10 points into unknown readable memory: 0x0000023b13bac270 | 70 c2 ba 13 3b 02 00 00
R12=0x00007ff976775be0 glass.dll
R13=0x00007ff931a08420 jvm.dll
R14=0x00003446ce747f44 is an unknown value
R15=0x0000023b13bac270 points into unknown readable memory: 0x0007cbd1a90110c4 | c4 10 01 a9 d1 cb 07 00


Top of Stack: (sp=0x000000d8e75fef80)
0x000000d8e75fef80:   0000000000000000 000000d8e75ff088
0x000000d8e75fef90:   00007ff931a08420 00007ff976775be0
0x000000d8e75fefa0:   0000023b13bac278 00007ff988393a93
0x000000d8e75fefb0:   0000023b13bac270 0000023b00000000
0x000000d8e75fefc0:   0000023b13bac298 000000d8e75ff088
0x000000d8e75fefd0:   fffffffffffffffe 0000000000000000
0x000000d8e75fefe0:   0000000000000001 00007ff976750000
0x000000d8e75feff0:   000000d8e75ff078 00007ff98836042e
0x000000d8e75ff000:   0000000000000000 000000d8e75ff088
0x000000d8e75ff010:   000000d8e75ff370 0000000000000001
0x000000d8e75ff020:   0000000000000001 00007ff98835dddd
0x000000d8e75ff030:   0000000000000000 00007ff9767753d9
0x000000d8e75ff040:   0000000000000000 000000d8e75ff078
0x000000d8e75ff050:   fffffffffffffffe 0000000000000001
0x000000d8e75ff060:   0000000000000001 00007ff976775a6d
0x000000d8e75ff070:   00007ff97678d078 00007ff900000002
0x000000d8e75ff080:   0000000000000002 000000d8e75ff070
0x000000d8e75ff090:   0000000000000000 00007ff98adb8af3
0x000000d8e75ff0a0:   0000000000000000 00007ff976775b92
0x000000d8e75ff0b0:   0000000000000001 000000d8e75ff300
0x000000d8e75ff0c0:   0000000000000001 0000000000000001
0x000000d8e75ff0d0:   0000023aad3c0338 00007ff9877c2223
0x000000d8e75ff0e0:   0000023a00000001 0000000000000016
0x000000d8e75ff0f0:   00007ff976750000 000000007ffe0384
0x000000d8e75ff100:   0000000000000000 00007ff98adb8b8f
0x000000d8e75ff110:   00007ff976750000 0000000000000000
0x000000d8e75ff120:   0000000000000001 000000007ffe0385
0x000000d8e75ff130:   0000000000000000 00007ff98ade17d9
0x000000d8e75ff140:   000055a34b5d1000 0000000000000014
0x000000d8e75ff150:   00007ff976775be0 0000000000000000
0x000000d8e75ff160:   0000000000000000 000000d8e6a70000
0x000000d8e75ff170:   0000023b13be0430 00007ff98ade1596 

Instructions: (pc=0x00007ff9767782d7)
0x00007ff9767781d7:   8b 4d 58 e8 49 cf ff ff 48 8b 4d 60 e8 40 cf ff
0x00007ff9767781e7:   ff 48 8b 95 80 00 00 00 48 8b 8d 18 01 00 00 e8
0x00007ff9767781f7:   26 c5 ff ff 33 d2 33 c9 e8 8c e1 ff ff 90 48 89
0x00007ff976778207:   54 24 10 55 48 83 ec 20 48 8b ea 48 b8 00 00 00
0x00007ff976778217:   00 00 00 00 00 48 83 c4 20 5d c3 cc 40 55 48 8b
0x00007ff976778227:   ea 48 8b 01 33 c9 81 38 05 00 00 c0 0f 94 c1 8b
0x00007ff976778237:   c1 5d c3 cc 40 55 48 83 ec 20 48 8b ea 8a 4d 40
0x00007ff976778247:   48 83 c4 20 5d e9 33 d3 ff ff cc 40 55 48 83 ec
0x00007ff976778257:   20 48 8b ea 8a 4d 20 e8 21 d3 ff ff 90 48 83 c4
0x00007ff976778267:   20 5d c3 cc 40 55 48 83 ec 20 48 8b ea 48 83 c4
0x00007ff976778277:   20 5d e9 82 d1 ff ff cc 40 55 48 83 ec 30 48 8b
0x00007ff976778287:   ea 48 8b 01 8b 10 48 89 4c 24 28 89 54 24 20 4c
0x00007ff976778297:   8d 0d 23 d6 ff ff 4c 8b 45 70 8b 55 68 48 8b 4d
0x00007ff9767782a7:   60 e8 c3 d0 ff ff 90 48 83 c4 30 5d c3 cc cc cc
0x00007ff9767782b7:   cc cc cc cc cc cc cc cc cc 40 53 48 83 ec 20 48
0x00007ff9767782c7:   8b 1d 6b 47 01 00 48 85 db 74 16 e8 39 90 ff ff
0x00007ff9767782d7:   4c 8b 00 48 8b d3 48 8b c8 41 ff 90 b0 00 00 00
0x00007ff9767782e7:   90 48 83 c4 20 5b c3 cc cc 40 53 48 83 ec 20 48
0x00007ff9767782f7:   8b 1d ab 48 01 00 48 85 db 74 57 b8 ff ff ff ff
0x00007ff976778307:   f0 0f c1 43 10 83 f8 01 75 3d 48 85 db 74 38 48
0x00007ff976778317:   8b 0b 48 85 c9 74 0d ff 15 8c 0f 00 00 48 c7 03
0x00007ff976778327:   00 00 00 00 48 8b 4b 08 48 85 c9 74 0d e8 ef cd
0x00007ff976778337:   ff ff 48 c7 43 08 00 00 00 00 ba 18 00 00 00 48
0x00007ff976778347:   8b cb e8 da cd ff ff 48 c7 05 4f 48 01 00 00 00
0x00007ff976778357:   00 00 48 83 c4 20 5b c3 cc 40 53 48 83 ec 20 48
0x00007ff976778367:   8b 1d 1b 48 01 00 48 85 db 74 57 b8 ff ff ff ff
0x00007ff976778377:   f0 0f c1 43 10 83 f8 01 75 3d 48 85 db 74 38 48
0x00007ff976778387:   8b 0b 48 85 c9 74 0d ff 15 1c 0f 00 00 48 c7 03
0x00007ff976778397:   00 00 00 00 48 8b 4b 08 48 85 c9 74 0d e8 7f cd
0x00007ff9767783a7:   ff ff 48 c7 43 08 00 00 00 00 ba 18 00 00 00 48
0x00007ff9767783b7:   8b cb e8 6a cd ff ff 48 c7 05 bf 47 01 00 00 00
0x00007ff9767783c7:   00 00 48 83 c4 20 5b c3 cc 40 53 48 83 ec 20 48 


Stack slot to memory mapping:
stack at sp + 0 slots: 0x0 is NULL
stack at sp + 1 slots: 0x000000d8e75ff088 points into unknown readable memory: 0x000000d8e75ff070 | 70 f0 5f e7 d8 00 00 00
stack at sp + 2 slots: 0x00007ff931a08420 jvm.dll
stack at sp + 3 slots: 0x00007ff976775be0 glass.dll
stack at sp + 4 slots: 0x0000023b13bac278 points into unknown readable memory: 0x00003446ce747f44 | 44 7f 74 ce 46 34 00 00
stack at sp + 5 slots: 0x00007ff988393a93 ucrtbase.dll
stack at sp + 6 slots: 0x0000023b13bac270 points into unknown readable memory: 0x0007cbd1a90110c4 | c4 10 01 a9 d1 cb 07 00
stack at sp + 7 slots: 0x0000023b00000000 is an unknown value

VM_Operation (0x000000d8e6cff390): Exit, mode: safepoint, requested by thread 0x0000023b130680a0


---------------  P R O C E S S  ---------------

Threads class SMR info:
_java_thread_list=0x0000023b22d48300, length=20, elements={
0x0000023aaf729f00, 0x0000023acd183fd0, 0x0000023acd184e50, 0x0000023acd19a5f0,
0x0000023acd19aec0, 0x0000023acd19b790, 0x0000023acd19c390, 0x0000023acd1a8260,
0x0000023acd1bdb90, 0x0000023acd16f6f0, 0x0000023b13064e00, 0x0000023acd54d090,
0x0000023acdd0d040, 0x0000023b15366a20, 0x0000023b1523ade0, 0x0000023b1380bbc0,
0x0000023b13817260, 0x0000023b13065310, 0x0000023b13065d30, 0x0000023b130680a0
}

Java Threads: ( => current thread )
  0x0000023aaf729f00 JavaThread "main" [_thread_blocked, id=7540, stack(0x000000d8e6f00000,0x000000d8e7000000)]
  0x0000023acd183fd0 JavaThread "Reference Handler" daemon [_thread_blocked, id=7740, stack(0x000000d8e7600000,0x000000d8e7700000)]
  0x0000023acd184e50 JavaThread "Finalizer" daemon [_thread_blocked, id=2856, stack(0x000000d8e7700000,0x000000d8e7800000)]
  0x0000023acd19a5f0 JavaThread "Attach Listener" daemon [_thread_blocked, id=10324, stack(0x000000d8e7900000,0x000000d8e7a00000)]
  0x0000023acd19aec0 JavaThread "Service Thread" daemon [_thread_blocked, id=1036, stack(0x000000d8e7a00000,0x000000d8e7b00000)]
  0x0000023acd19b790 JavaThread "Monitor Deflation Thread" daemon [_thread_blocked, id=13632, stack(0x000000d8e7b00000,0x000000d8e7c00000)]
  0x0000023acd19c390 JavaThread "C2 CompilerThread0" daemon [_thread_blocked, id=13916, stack(0x000000d8e7c00000,0x000000d8e7d00000)]
  0x0000023acd1a8260 JavaThread "C1 CompilerThread0" daemon [_thread_blocked, id=2060, stack(0x000000d8e7d00000,0x000000d8e7e00000)]
  0x0000023acd1bdb90 JavaThread "Sweeper thread" daemon [_thread_blocked, id=4100, stack(0x000000d8e7e00000,0x000000d8e7f00000)]
  0x0000023acd16f6f0 JavaThread "Common-Cleaner" daemon [_thread_blocked, id=12632, stack(0x000000d8e7f00000,0x000000d8e8000000)]
  0x0000023b13064e00 JavaThread "JDWP Event Helper Thread" daemon [_thread_blocked, id=4408, stack(0x000000d8e8300000,0x000000d8e8400000)]
  0x0000023acd54d090 JavaThread "Notification Thread" daemon [_thread_blocked, id=14036, stack(0x000000d8e8100000,0x000000d8e8200000)]
  0x0000023acdd0d040 JavaThread "QuantumRenderer-0" daemon [_thread_blocked, id=14716, stack(0x000000d8e8600000,0x000000d8e8700000)]
  0x0000023b15366a20 JavaThread "InvokeLaterDispatcher" daemon [_thread_blocked, id=12208, stack(0x000000d8e8000000,0x000000d8e8100000)]
  0x0000023b1523ade0 JavaThread "JavaFX Application Thread" [_thread_blocked, id=7296, stack(0x000000d8e8900000,0x000000d8e8a00000)]
  0x0000023b1380bbc0 JavaThread "JavaFX-Launcher" [_thread_blocked, id=1968, stack(0x000000d8e9200000,0x000000d8e9300000)]
  0x0000023b13817260 JavaThread "Thread-2" daemon [_thread_in_native, id=9936, stack(0x000000d8e9100000,0x000000d8e9200000)]
  0x0000023b13065310 JavaThread "Prism Font Disposer" daemon [_thread_blocked, id=1392, stack(0x000000d8e9b00000,0x000000d8e9c00000)]
  0x0000023b13065d30 JavaThread "Cleaner-0" daemon [_thread_blocked, id=11864, stack(0x000000d8e9d00000,0x000000d8e9e00000)]
  0x0000023b130680a0 JavaThread "SIGINT handler" daemon [_thread_blocked, id=10308, stack(0x000000d8e6c00000,0x000000d8e6d00000)]

Other Threads:
=>0x0000023acd17e530 VMThread "VM Thread" [stack: 0x000000d8e7500000,0x000000d8e7600000] [id=2100]
  0x0000023aaf780290 GCTaskThread "GC Thread#0" [stack: 0x000000d8e7000000,0x000000d8e7100000] [id=6348]
  0x0000023b155556b0 GCTaskThread "GC Thread#1" [stack: 0x000000d8e9300000,0x000000d8e9400000] [id=8588]
  0x0000023b15555970 GCTaskThread "GC Thread#2" [stack: 0x000000d8e9400000,0x000000d8e9500000] [id=13736]
  0x0000023b15555c30 GCTaskThread "GC Thread#3" [stack: 0x000000d8e9500000,0x000000d8e9600000] [id=11236]
  0x0000023b15555ef0 GCTaskThread "GC Thread#4" [stack: 0x000000d8e9600000,0x000000d8e9700000] [id=12332]
  0x0000023b155561b0 GCTaskThread "GC Thread#5" [stack: 0x000000d8e9700000,0x000000d8e9800000] [id=13744]
  0x0000023b1354b170 GCTaskThread "GC Thread#6" [stack: 0x000000d8e9800000,0x000000d8e9900000] [id=68]
  0x0000023b1354b430 GCTaskThread "GC Thread#7" [stack: 0x000000d8e9900000,0x000000d8e9a00000] [id=8204]
  0x0000023aaf78fff0 ConcurrentGCThread "G1 Main Marker" terminated
  0x0000023aaf7911b0 ConcurrentGCThread "G1 Conc#0" [stack: 0x000000d8e7200000,0x000000d8e7300000] [id=9160]
  0x0000023b136c9500 ConcurrentGCThread "G1 Conc#1" [stack: 0x000000d8e8a00000,0x000000d8e8b00000] [id=4572]
  0x0000023aaf7d6ae0 ConcurrentGCThread "G1 Refine#0" terminated
  0x0000023aaf7d7510 ConcurrentGCThread "G1 Service" terminated

Threads with active compile tasks:

VM state: at safepoint (shutting down)

VM Mutex/Monitor currently owned by a thread:  ([mutex/lock_event])
[0x0000023aaf715a70] Threads_lock - owner thread: 0x0000023acd17e530
[0x0000023aaf7258c0] Heap_lock - owner thread: 0x0000023b130680a0

Heap address: 0x0000000091000000, size: 1776 MB, Compressed Oops mode: 32-bit

CDS archive(s) mapped at: [0x0000023ace000000-0x0000023acebb0000-0x0000023acebb0000), size 12255232, SharedBaseAddress: 0x0000023ace000000, ArchiveRelocationMode: 1.
Compressed class space mapped at: 0x0000023acf000000-0x0000023b0f000000, reserved size: 1073741824
Narrow klass base: 0x0000023ace000000, Narrow klass shift: 0, Narrow klass range: 0x100000000

GC Precious Log:
 CPUs: 8 total, 8 available
 Memory: 7103M
 Large Page Support: Disabled
 NUMA Support: Disabled
 Compressed Oops: Enabled (32-bit)
 Heap Region Size: 1M
 Heap Min Capacity: 8M
 Heap Initial Capacity: 112M
 Heap Max Capacity: 1776M
 Pre-touch: Disabled
 Parallel Workers: 8
 Concurrent Workers: 2
 Concurrent Refinement Workers: 8
 Periodic GC: Disabled

Heap:
 garbage-first heap   total 114688K, used 37485K [0x0000000091000000, 0x0000000100000000)
  region size 1024K, 14 young (14336K), 9 survivors (9216K)
 Metaspace       used 21520K, committed 21888K, reserved 1114112K
  class space    used 3166K, committed 3328K, reserved 1048576K

Heap Regions: E=young(eden), S=young(survivor), O=old, HS=humongous(starts), HC=humongous(continues), CS=collection set, F=free, OA=open archive, CA=closed archive, TAMS=top-at-mark-start (previous, next)
|   0|0x0000000091000000, 0x0000000091100000, 0x0000000091100000|100%|HS|  |TAMS 0x0000000091100000, 0x0000000091000000| Complete 
|   1|0x0000000091100000, 0x0000000091200000, 0x0000000091200000|100%|HS|  |TAMS 0x0000000091200000, 0x0000000091100000| Complete 
|   2|0x0000000091200000, 0x0000000091300000, 0x0000000091300000|100%|HS|  |TAMS 0x0000000091300000, 0x0000000091200000| Complete 
|   3|0x0000000091300000, 0x0000000091400000, 0x0000000091400000|100%| O|  |TAMS 0x0000000091400000, 0x0000000091300000| Untracked 
|   4|0x0000000091400000, 0x0000000091500000, 0x0000000091500000|100%| O|  |TAMS 0x0000000091500000, 0x0000000091400000| Untracked 
|   5|0x0000000091500000, 0x0000000091600000, 0x0000000091600000|100%| O|  |TAMS 0x00000000915db000, 0x0000000091500000| Untracked 
|   6|0x0000000091600000, 0x0000000091700000, 0x0000000091700000|100%|HS|  |TAMS 0x0000000091700000, 0x0000000091600000| Complete 
|   7|0x0000000091700000, 0x0000000091800000, 0x0000000091800000|100%|HC|  |TAMS 0x0000000091800000, 0x0000000091700000| Complete 
|   8|0x0000000091800000, 0x0000000091900000, 0x0000000091900000|100%|HC|  |TAMS 0x0000000091900000, 0x0000000091800000| Complete 
|   9|0x0000000091900000, 0x0000000091a00000, 0x0000000091a00000|100%|HC|  |TAMS 0x0000000091a00000, 0x0000000091900000| Complete 
|  10|0x0000000091a00000, 0x0000000091b00000, 0x0000000091b00000|100%|HC|  |TAMS 0x0000000091b00000, 0x0000000091a00000| Complete 
|  11|0x0000000091b00000, 0x0000000091c00000, 0x0000000091c00000|100%|HC|  |TAMS 0x0000000091c00000, 0x0000000091b00000| Complete 
|  12|0x0000000091c00000, 0x0000000091d00000, 0x0000000091d00000|100%|HC|  |TAMS 0x0000000091d00000, 0x0000000091c00000| Complete 
|  13|0x0000000091d00000, 0x0000000091e00000, 0x0000000091e00000|100%|HC|  |TAMS 0x0000000091e00000, 0x0000000091d00000| Complete 
|  14|0x0000000091e00000, 0x0000000091f00000, 0x0000000091f00000|100%|HC|  |TAMS 0x0000000091f00000, 0x0000000091e00000| Complete 
|  15|0x0000000091f00000, 0x0000000092000000, 0x0000000092000000|100%|HC|  |TAMS 0x0000000092000000, 0x0000000091f00000| Complete 
|  16|0x0000000092000000, 0x0000000092100000, 0x0000000092100000|100%|HC|  |TAMS 0x0000000092100000, 0x0000000092000000| Complete 
|  17|0x0000000092100000, 0x0000000092200000, 0x0000000092200000|100%|HC|  |TAMS 0x0000000092200000, 0x0000000092100000| Complete 
|  18|0x0000000092200000, 0x0000000092300000, 0x0000000092300000|100%|HC|  |TAMS 0x0000000092300000, 0x0000000092200000| Complete 
|  19|0x0000000092300000, 0x0000000092300000, 0x0000000092400000|  0%| F|  |TAMS 0x0000000092300000, 0x0000000092300000| Untracked 
|  20|0x0000000092400000, 0x0000000092500000, 0x0000000092500000|100%|HS|  |TAMS 0x0000000092500000, 0x0000000092400000| Complete 
|  21|0x0000000092500000, 0x0000000092600000, 0x0000000092600000|100%|HC|  |TAMS 0x0000000092600000, 0x0000000092500000| Complete 
|  22|0x0000000092600000, 0x0000000092700000, 0x0000000092700000|100%|HS|  |TAMS 0x0000000092700000, 0x0000000092600000| Complete 
|  23|0x0000000092700000, 0x0000000092700000, 0x0000000092800000|  0%| F|  |TAMS 0x0000000092700000, 0x0000000092700000| Untracked 
|  24|0x0000000092800000, 0x0000000092900000, 0x0000000092900000|100%| O|  |TAMS 0x0000000092800000, 0x0000000092800000| Untracked 
|  25|0x0000000092900000, 0x000000009299b400, 0x0000000092a00000| 60%| O|  |TAMS 0x0000000092900000, 0x0000000092900000| Untracked 
|  26|0x0000000092a00000, 0x0000000092a00000, 0x0000000092b00000|  0%| F|  |TAMS 0x0000000092a00000, 0x0000000092a00000| Untracked 
|  27|0x0000000092b00000, 0x0000000092b00000, 0x0000000092c00000|  0%| F|  |TAMS 0x0000000092b00000, 0x0000000092b00000| Untracked 
|  28|0x0000000092c00000, 0x0000000092c00000, 0x0000000092d00000|  0%| F|  |TAMS 0x0000000092c00000, 0x0000000092c00000| Untracked 
|  29|0x0000000092d00000, 0x0000000092d00000, 0x0000000092e00000|  0%| F|  |TAMS 0x0000000092d00000, 0x0000000092d00000| Untracked 
|  30|0x0000000092e00000, 0x0000000092e00000, 0x0000000092f00000|  0%| F|  |TAMS 0x0000000092e00000, 0x0000000092e00000| Untracked 
|  31|0x0000000092f00000, 0x0000000092f00000, 0x0000000093000000|  0%| F|  |TAMS 0x0000000092f00000, 0x0000000092f00000| Untracked 
|  32|0x0000000093000000, 0x0000000093000000, 0x0000000093100000|  0%| F|  |TAMS 0x0000000093000000, 0x0000000093000000| Untracked 
|  33|0x0000000093100000, 0x0000000093100000, 0x0000000093200000|  0%| F|  |TAMS 0x0000000093100000, 0x0000000093100000| Untracked 
|  34|0x0000000093200000, 0x0000000093200000, 0x0000000093300000|  0%| F|  |TAMS 0x0000000093200000, 0x0000000093200000| Untracked 
|  35|0x0000000093300000, 0x0000000093300000, 0x0000000093400000|  0%| F|  |TAMS 0x0000000093300000, 0x0000000093300000| Untracked 
|  36|0x0000000093400000, 0x0000000093400000, 0x0000000093500000|  0%| F|  |TAMS 0x0000000093400000, 0x0000000093400000| Untracked 
|  37|0x0000000093500000, 0x0000000093500000, 0x0000000093600000|  0%| F|  |TAMS 0x0000000093500000, 0x0000000093500000| Untracked 
|  38|0x0000000093600000, 0x0000000093600000, 0x0000000093700000|  0%| F|  |TAMS 0x0000000093600000, 0x0000000093600000| Untracked 
|  39|0x0000000093700000, 0x0000000093700000, 0x0000000093800000|  0%| F|  |TAMS 0x0000000093700000, 0x0000000093700000| Untracked 
|  40|0x0000000093800000, 0x0000000093800000, 0x0000000093900000|  0%| F|  |TAMS 0x0000000093800000, 0x0000000093800000| Untracked 
|  41|0x0000000093900000, 0x0000000093900000, 0x0000000093a00000|  0%| F|  |TAMS 0x0000000093900000, 0x0000000093900000| Untracked 
|  42|0x0000000093a00000, 0x0000000093a00000, 0x0000000093b00000|  0%| F|  |TAMS 0x0000000093a00000, 0x0000000093a00000| Untracked 
|  43|0x0000000093b00000, 0x0000000093c00000, 0x0000000093c00000|100%| S|CS|TAMS 0x0000000093b00000, 0x0000000093b00000| Complete 
|  44|0x0000000093c00000, 0x0000000093d00000, 0x0000000093d00000|100%| S|CS|TAMS 0x0000000093c00000, 0x0000000093c00000| Complete 
|  45|0x0000000093d00000, 0x0000000093e00000, 0x0000000093e00000|100%| S|CS|TAMS 0x0000000093d00000, 0x0000000093d00000| Complete 
|  46|0x0000000093e00000, 0x0000000093f00000, 0x0000000093f00000|100%| S|CS|TAMS 0x0000000093e00000, 0x0000000093e00000| Complete 
|  47|0x0000000093f00000, 0x0000000094000000, 0x0000000094000000|100%| S|CS|TAMS 0x0000000093f00000, 0x0000000093f00000| Complete 
|  48|0x0000000094000000, 0x0000000094100000, 0x0000000094100000|100%| S|CS|TAMS 0x0000000094000000, 0x0000000094000000| Complete 
|  49|0x0000000094100000, 0x0000000094200000, 0x0000000094200000|100%| S|CS|TAMS 0x0000000094100000, 0x0000000094100000| Complete 
|  50|0x0000000094200000, 0x0000000094300000, 0x0000000094300000|100%| S|CS|TAMS 0x0000000094200000, 0x0000000094200000| Complete 
|  51|0x0000000094300000, 0x0000000094400000, 0x0000000094400000|100%| S|CS|TAMS 0x0000000094300000, 0x0000000094300000| Complete 
|  52|0x0000000094400000, 0x0000000094400000, 0x0000000094500000|  0%| F|  |TAMS 0x0000000094400000, 0x0000000094400000| Untracked 
|  53|0x0000000094500000, 0x0000000094500000, 0x0000000094600000|  0%| F|  |TAMS 0x0000000094500000, 0x0000000094500000| Untracked 
|  54|0x0000000094600000, 0x0000000094600000, 0x0000000094700000|  0%| F|  |TAMS 0x0000000094600000, 0x0000000094600000| Untracked 
|  55|0x0000000094700000, 0x0000000094700000, 0x0000000094800000|  0%| F|  |TAMS 0x0000000094700000, 0x0000000094700000| Untracked 
|  56|0x0000000094800000, 0x0000000094800000, 0x0000000094900000|  0%| F|  |TAMS 0x0000000094800000, 0x0000000094800000| Untracked 
|  57|0x0000000094900000, 0x0000000094900000, 0x0000000094a00000|  0%| F|  |TAMS 0x0000000094900000, 0x0000000094900000| Untracked 
|  58|0x0000000094a00000, 0x0000000094a00000, 0x0000000094b00000|  0%| F|  |TAMS 0x0000000094a00000, 0x0000000094a00000| Untracked 
|  59|0x0000000094b00000, 0x0000000094b00000, 0x0000000094c00000|  0%| F|  |TAMS 0x0000000094b00000, 0x0000000094b00000| Untracked 
|  60|0x0000000094c00000, 0x0000000094c00000, 0x0000000094d00000|  0%| F|  |TAMS 0x0000000094c00000, 0x0000000094c00000| Untracked 
|  61|0x0000000094d00000, 0x0000000094d00000, 0x0000000094e00000|  0%| F|  |TAMS 0x0000000094d00000, 0x0000000094d00000| Untracked 
|  62|0x0000000094e00000, 0x0000000094e00000, 0x0000000094f00000|  0%| F|  |TAMS 0x0000000094e00000, 0x0000000094e00000| Untracked 
|  63|0x0000000094f00000, 0x0000000094f00000, 0x0000000095000000|  0%| F|  |TAMS 0x0000000094f00000, 0x0000000094f00000| Untracked 
|  64|0x0000000095000000, 0x0000000095000000, 0x0000000095100000|  0%| F|  |TAMS 0x0000000095000000, 0x0000000095000000| Untracked 
|  65|0x0000000095100000, 0x0000000095100000, 0x0000000095200000|  0%| F|  |TAMS 0x0000000095100000, 0x0000000095100000| Untracked 
|  66|0x0000000095200000, 0x0000000095200000, 0x0000000095300000|  0%| F|  |TAMS 0x0000000095200000, 0x0000000095200000| Untracked 
|  67|0x0000000095300000, 0x0000000095300000, 0x0000000095400000|  0%| F|  |TAMS 0x0000000095300000, 0x0000000095300000| Untracked 
|  68|0x0000000095400000, 0x0000000095400000, 0x0000000095500000|  0%| F|  |TAMS 0x0000000095400000, 0x0000000095400000| Untracked 
|  69|0x0000000095500000, 0x0000000095500000, 0x0000000095600000|  0%| F|  |TAMS 0x0000000095500000, 0x0000000095500000| Untracked 
|  70|0x0000000095600000, 0x0000000095600000, 0x0000000095700000|  0%| F|  |TAMS 0x0000000095600000, 0x0000000095600000| Untracked 
|  71|0x0000000095700000, 0x0000000095700000, 0x0000000095800000|  0%| F|  |TAMS 0x0000000095700000, 0x0000000095700000| Untracked 
|  72|0x0000000095800000, 0x0000000095800000, 0x0000000095900000|  0%| F|  |TAMS 0x0000000095800000, 0x0000000095800000| Untracked 
|  73|0x0000000095900000, 0x0000000095900000, 0x0000000095a00000|  0%| F|  |TAMS 0x0000000095900000, 0x0000000095900000| Untracked 
|  74|0x0000000095a00000, 0x0000000095a00000, 0x0000000095b00000|  0%| F|  |TAMS 0x0000000095a00000, 0x0000000095a00000| Untracked 
|  75|0x0000000095b00000, 0x0000000095b00000, 0x0000000095c00000|  0%| F|  |TAMS 0x0000000095b00000, 0x0000000095b00000| Untracked 
|  76|0x0000000095c00000, 0x0000000095c00000, 0x0000000095d00000|  0%| F|  |TAMS 0x0000000095c00000, 0x0000000095c00000| Untracked 
|  77|0x0000000095d00000, 0x0000000095d00000, 0x0000000095e00000|  0%| F|  |TAMS 0x0000000095d00000, 0x0000000095d00000| Untracked 
|  78|0x0000000095e00000, 0x0000000095e00000, 0x0000000095f00000|  0%| F|  |TAMS 0x0000000095e00000, 0x0000000095e00000| Untracked 
|  79|0x0000000095f00000, 0x0000000095f00000, 0x0000000096000000|  0%| F|  |TAMS 0x0000000095f00000, 0x0000000095f00000| Untracked 
|  80|0x0000000096000000, 0x0000000096000000, 0x0000000096100000|  0%| F|  |TAMS 0x0000000096000000, 0x0000000096000000| Untracked 
|  81|0x0000000096100000, 0x0000000096100000, 0x0000000096200000|  0%| F|  |TAMS 0x0000000096100000, 0x0000000096100000| Untracked 
|  82|0x0000000096200000, 0x0000000096200000, 0x0000000096300000|  0%| F|  |TAMS 0x0000000096200000, 0x0000000096200000| Untracked 
|  83|0x0000000096300000, 0x0000000096300000, 0x0000000096400000|  0%| F|  |TAMS 0x0000000096300000, 0x0000000096300000| Untracked 
|  84|0x0000000096400000, 0x0000000096400000, 0x0000000096500000|  0%| F|  |TAMS 0x0000000096400000, 0x0000000096400000| Untracked 
|  85|0x0000000096500000, 0x0000000096500000, 0x0000000096600000|  0%| F|  |TAMS 0x0000000096500000, 0x0000000096500000| Untracked 
|  86|0x0000000096600000, 0x0000000096600000, 0x0000000096700000|  0%| F|  |TAMS 0x0000000096600000, 0x0000000096600000| Untracked 
|  87|0x0000000096700000, 0x0000000096700000, 0x0000000096800000|  0%| F|  |TAMS 0x0000000096700000, 0x0000000096700000| Untracked 
|  88|0x0000000096800000, 0x0000000096800000, 0x0000000096900000|  0%| F|  |TAMS 0x0000000096800000, 0x0000000096800000| Untracked 
|  89|0x0000000096900000, 0x0000000096900000, 0x0000000096a00000|  0%| F|  |TAMS 0x0000000096900000, 0x0000000096900000| Untracked 
|  90|0x0000000096a00000, 0x0000000096a00000, 0x0000000096b00000|  0%| F|  |TAMS 0x0000000096a00000, 0x0000000096a00000| Untracked 
|  91|0x0000000096b00000, 0x0000000096b00000, 0x0000000096c00000|  0%| F|  |TAMS 0x0000000096b00000, 0x0000000096b00000| Untracked 
|  92|0x0000000096c00000, 0x0000000096c00000, 0x0000000096d00000|  0%| F|  |TAMS 0x0000000096c00000, 0x0000000096c00000| Untracked 
|  93|0x0000000096d00000, 0x0000000096d00000, 0x0000000096e00000|  0%| F|  |TAMS 0x0000000096d00000, 0x0000000096d00000| Untracked 
|  94|0x0000000096e00000, 0x0000000096e00000, 0x0000000096f00000|  0%| F|  |TAMS 0x0000000096e00000, 0x0000000096e00000| Untracked 
|  95|0x0000000096f00000, 0x0000000096f00000, 0x0000000097000000|  0%| F|  |TAMS 0x0000000096f00000, 0x0000000096f00000| Untracked 
|  96|0x0000000097000000, 0x0000000097000000, 0x0000000097100000|  0%| F|  |TAMS 0x0000000097000000, 0x0000000097000000| Untracked 
|  97|0x0000000097100000, 0x0000000097100000, 0x0000000097200000|  0%| F|  |TAMS 0x0000000097100000, 0x0000000097100000| Untracked 
|  98|0x0000000097200000, 0x0000000097200000, 0x0000000097300000|  0%| F|  |TAMS 0x0000000097200000, 0x0000000097200000| Untracked 
|  99|0x0000000097300000, 0x0000000097300000, 0x0000000097400000|  0%| F|  |TAMS 0x0000000097300000, 0x0000000097300000| Untracked 
| 100|0x0000000097400000, 0x0000000097400000, 0x0000000097500000|  0%| F|  |TAMS 0x0000000097400000, 0x0000000097400000| Untracked 
| 101|0x0000000097500000, 0x0000000097500000, 0x0000000097600000|  0%| F|  |TAMS 0x0000000097500000, 0x0000000097500000| Untracked 
| 102|0x0000000097600000, 0x0000000097600000, 0x0000000097700000|  0%| F|  |TAMS 0x0000000097600000, 0x0000000097600000| Untracked 
| 103|0x0000000097700000, 0x0000000097700000, 0x0000000097800000|  0%| F|  |TAMS 0x0000000097700000, 0x0000000097700000| Untracked 
| 104|0x0000000097800000, 0x0000000097800000, 0x0000000097900000|  0%| F|  |TAMS 0x0000000097800000, 0x0000000097800000| Untracked 
| 105|0x0000000097900000, 0x0000000097900000, 0x0000000097a00000|  0%| F|  |TAMS 0x0000000097900000, 0x0000000097900000| Untracked 
| 106|0x0000000097a00000, 0x0000000097a00000, 0x0000000097b00000|  0%| F|  |TAMS 0x0000000097a00000, 0x0000000097a00000| Untracked 
| 107|0x0000000097b00000, 0x0000000097bf5c78, 0x0000000097c00000| 96%| E|  |TAMS 0x0000000097b00000, 0x0000000097b00000| Complete 
| 108|0x0000000097c00000, 0x0000000097d00000, 0x0000000097d00000|100%| E|CS|TAMS 0x0000000097c00000, 0x0000000097c00000| Complete 
| 109|0x0000000097d00000, 0x0000000097e00000, 0x0000000097e00000|100%| E|CS|TAMS 0x0000000097d00000, 0x0000000097d00000| Complete 
| 110|0x0000000097e00000, 0x0000000097f00000, 0x0000000097f00000|100%| E|CS|TAMS 0x0000000097e00000, 0x0000000097e00000| Complete 
| 111|0x0000000097f00000, 0x0000000098000000, 0x0000000098000000|100%| E|CS|TAMS 0x0000000097f00000, 0x0000000097f00000| Complete 

Card table byte_map: [0x0000023ac6910000,0x0000023ac6c90000] _byte_map_base: 0x0000023ac6488000

Marking Bits (Prev, Next): (CMBitMap*) 0x0000023aaf7808f0, (CMBitMap*) 0x0000023aaf7808b0
 Prev Bits: [0x0000023ac8bd0000, 0x0000023aca790000)
 Next Bits: [0x0000023ac7010000, 0x0000023ac8bd0000)

Polling page: 0x0000023aad670000

Metaspace:

Usage:
  Non-class:     17.92 MB used.
      Class:      3.09 MB used.
       Both:     21.02 MB used.

Virtual space:
  Non-class space:       64.00 MB reserved,      18.12 MB ( 28%) committed,  1 nodes.
      Class space:        1.00 GB reserved,       3.25 MB ( <1%) committed,  1 nodes.
             Both:        1.06 GB reserved,      21.38 MB (  2%) committed. 

Chunk freelists:
   Non-Class:  13.93 MB
       Class:  12.56 MB
        Both:  26.49 MB

MaxMetaspaceSize: unlimited
CompressedClassSpaceSize: 1.00 GB
Initial GC threshold: 21.00 MB
Current GC threshold: 35.12 MB
CDS: on
MetaspaceReclaimPolicy: balanced
 - commit_granule_bytes: 65536.
 - commit_granule_words: 8192.
 - virtual_space_node_default_size: 8388608.
 - enlarge_chunks_in_place: 1.
 - new_chunks_are_fully_committed: 0.
 - uncommit_free_chunks: 1.
 - use_allocation_guard: 0.
 - handle_deallocations: 1.


Internal statistics:

num_allocs_failed_limit: 3.
num_arena_births: 400.
num_arena_deaths: 0.
num_vsnodes_births: 2.
num_vsnodes_deaths: 0.
num_space_committed: 342.
num_space_uncommitted: 0.
num_chunks_returned_to_freelist: 3.
num_chunks_taken_from_freelist: 1203.
num_chunk_merges: 3.
num_chunk_splits: 789.
num_chunks_enlarged: 549.
num_inconsistent_stats: 0.

CodeHeap 'non-profiled nmethods': size=120000Kb used=2650Kb max_used=2650Kb free=117349Kb
 bounds [0x0000023abed30000, 0x0000023abefd0000, 0x0000023ac6260000]
CodeHeap 'profiled nmethods': size=120000Kb used=10186Kb max_used=10186Kb free=109813Kb
 bounds [0x0000023ab7260000, 0x0000023ab7c60000, 0x0000023abe790000]
CodeHeap 'non-nmethods': size=5760Kb used=1519Kb max_used=1616Kb free=4240Kb
 bounds [0x0000023abe790000, 0x0000023abea00000, 0x0000023abed30000]
 total_blobs=5628 nmethods=4809 adapters=731
 compilation: enabled
              stopped_count=0, restarted_count=0
 full_count=0

Compilation events (20 events):
Event: 15.901 Thread 0x0000023acd1a8260 nmethod 4803 0x0000023ab7c4f810 code [0x0000023ab7c4fa00, 0x0000023ab7c4fff8]
Event: 15.902 Thread 0x0000023acd1a8260 4804       3       java.lang.invoke.LambdaFormBuffer::clearDuplicatesAndNulls (268 bytes)
Event: 15.903 Thread 0x0000023acd1a8260 nmethod 4804 0x0000023ab7c50290 code [0x0000023ab7c50520, 0x0000023ab7c51518]
Event: 15.903 Thread 0x0000023acd1a8260 4805       3       java.lang.invoke.LambdaForm::<init> (115 bytes)
Event: 15.904 Thread 0x0000023acd1a8260 nmethod 4805 0x0000023ab7c51a10 code [0x0000023ab7c51c00, 0x0000023ab7c522a8]
Event: 15.904 Thread 0x0000023acd1a8260 4806       3       java.lang.invoke.LambdaForm::fixResult (31 bytes)
Event: 15.904 Thread 0x0000023acd1a8260 nmethod 4806 0x0000023ab7c52510 code [0x0000023ab7c526c0, 0x0000023ab7c52898]
Event: 16.475 Thread 0x0000023acd19c390 nmethod 4791 0x0000023abefb3510 code [0x0000023abefb4400, 0x0000023abefbded0]
Event: 16.476 Thread 0x0000023acd19c390 4796       4       java.lang.Math::max (11 bytes)
Event: 16.477 Thread 0x0000023b236e8f60 4809       4       java.util.Objects::checkFromIndexSize (8 bytes)
Event: 16.477 Thread 0x0000023acd19c390 nmethod 4796 0x0000023abefc2e90 code [0x0000023abefc3000, 0x0000023abefc3058]
Event: 16.477 Thread 0x0000023acd19c390 4759       4       jdk.internal.org.objectweb.asm.MethodWriter::visitVarInsn (302 bytes)
Event: 16.477 Thread 0x0000023b236e8f60 nmethod 4809 0x0000023abefc3190 code [0x0000023abefc3300, 0x0000023abefc33b8]
Event: 16.477 Thread 0x0000023b236e8f60 4798       4       jdk.internal.org.objectweb.asm.Frame::push (109 bytes)
Event: 16.486 Thread 0x0000023b236e8f60 nmethod 4798 0x0000023abefc3490 code [0x0000023abefc3620, 0x0000023abefc3c58]
Event: 16.487 Thread 0x0000023acd19c390 nmethod 4759 0x0000023abefc3e10 code [0x0000023abefc3fe0, 0x0000023abefc46b0]
Event: 93.029 Thread 0x0000023acd19c390 4810       4       com.sun.javafx.tk.quantum.QuantumToolkit::postPulse (133 bytes)
Event: 93.040 Thread 0x0000023acd19c390 nmethod 4810 0x0000023abefc4b90 code [0x0000023abefc4d80, 0x0000023abefc5450]
Event: 93.040 Thread 0x0000023acd19c390 4811       4       com.sun.javafx.tk.quantum.QuantumToolkit$$Lambda$90/0x0000023acf038000::run (8 bytes)
Event: 93.051 Thread 0x0000023acd19c390 nmethod 4811 0x0000023abefc5a10 code [0x0000023abefc5c20, 0x0000023abefc6440]

GC Heap History (6 events):
Event: 1.307 GC heap before
{Heap before GC invocations=0 (full 0):
 garbage-first heap   total 114688K, used 22528K [0x0000000091000000, 0x0000000100000000)
  region size 1024K, 23 young (23552K), 0 survivors (0K)
 Metaspace       used 4580K, committed 4800K, reserved 1114112K
  class space    used 515K, committed 640K, reserved 1048576K
}
Event: 1.312 GC heap after
{Heap after GC invocations=1 (full 0):
 garbage-first heap   total 114688K, used 2943K [0x0000000091000000, 0x0000000100000000)
  region size 1024K, 3 young (3072K), 3 survivors (3072K)
 Metaspace       used 4580K, committed 4800K, reserved 1114112K
  class space    used 515K, committed 640K, reserved 1048576K
}
Event: 4.684 GC heap before
{Heap before GC invocations=1 (full 0):
 garbage-first heap   total 114688K, used 38783K [0x0000000091000000, 0x0000000100000000)
  region size 1024K, 36 young (36864K), 3 survivors (3072K)
 Metaspace       used 10788K, committed 11008K, reserved 1114112K
  class space    used 1428K, committed 1536K, reserved 1048576K
}
Event: 4.697 GC heap after
{Heap after GC invocations=2 (full 0):
 garbage-first heap   total 114688K, used 8371K [0x0000000091000000, 0x0000000100000000)
  region size 1024K, 4 young (4096K), 4 survivors (4096K)
 Metaspace       used 10788K, committed 11008K, reserved 1114112K
  class space    used 1428K, committed 1536K, reserved 1048576K
}
Event: 14.238 GC heap before
{Heap before GC invocations=2 (full 0):
 garbage-first heap   total 114688K, used 84147K [0x0000000091000000, 0x0000000100000000)
  region size 1024K, 60 young (61440K), 4 survivors (4096K)
 Metaspace       used 21266K, committed 21504K, reserved 1114112K
  class space    used 3102K, committed 3264K, reserved 1048576K
}
Event: 14.255 GC heap after
{Heap after GC invocations=3 (full 0):
 garbage-first heap   total 114688K, used 33389K [0x0000000091000000, 0x0000000100000000)
  region size 1024K, 9 young (9216K), 9 survivors (9216K)
 Metaspace       used 21266K, committed 21504K, reserved 1114112K
  class space    used 3102K, committed 3264K, reserved 1048576K
}

Dll operation events (20 events):
Event: 0.786 Loaded shared library D:\Proyecto Terminal\openjfx-22.0.1_windows-x64_bin-sdk\javafx-sdk-22.0.1\bin\api-ms-win-crt-math-l1-1-0.dll
Event: 0.788 Loaded shared library D:\Proyecto Terminal\openjfx-22.0.1_windows-x64_bin-sdk\javafx-sdk-22.0.1\bin\api-ms-win-crt-multibyte-l1-1-0.dll
Event: 0.790 Loaded shared library D:\Proyecto Terminal\openjfx-22.0.1_windows-x64_bin-sdk\javafx-sdk-22.0.1\bin\api-ms-win-crt-private-l1-1-0.dll
Event: 0.792 Loaded shared library D:\Proyecto Terminal\openjfx-22.0.1_windows-x64_bin-sdk\javafx-sdk-22.0.1\bin\api-ms-win-crt-process-l1-1-0.dll
Event: 0.794 Loaded shared library D:\Proyecto Terminal\openjfx-22.0.1_windows-x64_bin-sdk\javafx-sdk-22.0.1\bin\api-ms-win-crt-runtime-l1-1-0.dll
Event: 0.797 Loaded shared library D:\Proyecto Terminal\openjfx-22.0.1_windows-x64_bin-sdk\javafx-sdk-22.0.1\bin\api-ms-win-crt-stdio-l1-1-0.dll
Event: 0.799 Loaded shared library D:\Proyecto Terminal\openjfx-22.0.1_windows-x64_bin-sdk\javafx-sdk-22.0.1\bin\api-ms-win-crt-string-l1-1-0.dll
Event: 0.802 Loaded shared library D:\Proyecto Terminal\openjfx-22.0.1_windows-x64_bin-sdk\javafx-sdk-22.0.1\bin\api-ms-win-crt-time-l1-1-0.dll
Event: 0.804 Loaded shared library D:\Proyecto Terminal\openjfx-22.0.1_windows-x64_bin-sdk\javafx-sdk-22.0.1\bin\api-ms-win-crt-utility-l1-1-0.dll
Event: 0.807 Loaded shared library D:\Proyecto Terminal\openjfx-22.0.1_windows-x64_bin-sdk\javafx-sdk-22.0.1\bin\ucrtbase.dll
Event: 0.810 Loaded shared library D:\Proyecto Terminal\openjfx-22.0.1_windows-x64_bin-sdk\javafx-sdk-22.0.1\bin\vcruntime140.dll
Event: 0.813 Loaded shared library D:\Proyecto Terminal\openjfx-22.0.1_windows-x64_bin-sdk\javafx-sdk-22.0.1\bin\vcruntime140_1.dll
Event: 0.817 Loaded shared library D:\Proyecto Terminal\openjfx-22.0.1_windows-x64_bin-sdk\javafx-sdk-22.0.1\bin\msvcp140.dll
Event: 0.819 Loaded shared library D:\Proyecto Terminal\openjfx-22.0.1_windows-x64_bin-sdk\javafx-sdk-22.0.1\bin\msvcp140_1.dll
Event: 0.822 Loaded shared library D:\Proyecto Terminal\openjfx-22.0.1_windows-x64_bin-sdk\javafx-sdk-22.0.1\bin\msvcp140_2.dll
Event: 0.920 Loaded shared library D:\Proyecto Terminal\openjfx-22.0.1_windows-x64_bin-sdk\javafx-sdk-22.0.1\bin\prism_d3d.dll
Event: 0.997 Loaded shared library D:\Proyecto Terminal\openjfx-22.0.1_windows-x64_bin-sdk\javafx-sdk-22.0.1\bin\glass.dll
Event: 1.236 Loaded shared library C:\Users\diego\.jdks\corretto-17.0.13\bin\jimage.dll
Event: 2.306 Loaded shared library D:\Proyecto Terminal\openjfx-22.0.1_windows-x64_bin-sdk\javafx-sdk-22.0.1\bin\javafx_font.dll
Event: 6.995 Loaded shared library D:\Proyecto Terminal\openjfx-22.0.1_windows-x64_bin-sdk\javafx-sdk-22.0.1\bin\javafx_iio.dll

Deoptimization events (20 events):
Event: 14.379 Thread 0x0000023acdd0d040 Uncommon trap: trap_request=0xffffffde fr.pc=0x0000023abef4d620 relative=0x0000000000001640
Event: 14.379 Thread 0x0000023acdd0d040 Uncommon trap: reason=class_check action=maybe_recompile pc=0x0000023abef4d620 method=com.sun.prism.impl.ps.BaseShaderContext.checkState(Lcom/sun/prism/impl/ps/BaseShaderGraphics;ILcom/sun/javafx/geom/transform/BaseTransform;Lcom/sun/prism/ps/Shader;)V @ 
Event: 14.379 Thread 0x0000023acdd0d040 DEOPT PACKING pc=0x0000023abef4d620 sp=0x000000d8e86fd810
Event: 14.379 Thread 0x0000023acdd0d040 DEOPT UNPACKING pc=0x0000023abe7e69a3 sp=0x000000d8e86fd818 mode 2
Event: 15.873 Thread 0x0000023b1523ade0 Uncommon trap: trap_request=0xffffffcc fr.pc=0x0000023abefaf134 relative=0x0000000000000214
Event: 15.873 Thread 0x0000023b1523ade0 Uncommon trap: reason=intrinsic_or_type_checked_inlining action=make_not_entrant pc=0x0000023abefaf134 method=java.util.Arrays.copyOf([Ljava/lang/Object;ILjava/lang/Class;)[Ljava/lang/Object; @ 35 c2
Event: 15.873 Thread 0x0000023b1523ade0 DEOPT PACKING pc=0x0000023abefaf134 sp=0x000000d8e89f69d0
Event: 15.873 Thread 0x0000023b1523ade0 DEOPT UNPACKING pc=0x0000023abe7e69a3 sp=0x000000d8e89f6988 mode 2
Event: 15.879 Thread 0x0000023b1523ade0 Uncommon trap: trap_request=0xffffff45 fr.pc=0x0000023abee7a6dc relative=0x00000000000049bc
Event: 15.879 Thread 0x0000023b1523ade0 Uncommon trap: reason=unstable_if action=reinterpret pc=0x0000023abee7a6dc method=java.lang.invoke.MethodType.checkPtypes([Ljava/lang/Class;)I @ 47 c2
Event: 15.879 Thread 0x0000023b1523ade0 DEOPT PACKING pc=0x0000023abee7a6dc sp=0x000000d8e89f76b0
Event: 15.879 Thread 0x0000023b1523ade0 DEOPT UNPACKING pc=0x0000023abe7e69a3 sp=0x000000d8e89f76d8 mode 2
Event: 15.905 Thread 0x0000023b1523ade0 Uncommon trap: trap_request=0xffffff45 fr.pc=0x0000023abef1c1b0 relative=0x0000000000000110
Event: 15.905 Thread 0x0000023b1523ade0 Uncommon trap: reason=unstable_if action=reinterpret pc=0x0000023abef1c1b0 method=java.lang.ThreadLocal$ThreadLocalMap.getEntry(Ljava/lang/ThreadLocal;)Ljava/lang/ThreadLocal$ThreadLocalMap$Entry; @ 21 c2
Event: 15.905 Thread 0x0000023b1523ade0 DEOPT PACKING pc=0x0000023abef1c1b0 sp=0x000000d8e89f7ef0
Event: 15.905 Thread 0x0000023b1523ade0 DEOPT UNPACKING pc=0x0000023abe7e69a3 sp=0x000000d8e89f7e18 mode 2
Event: 93.086 Thread 0x0000023acdd0d040 DEOPT PACKING pc=0x0000023ab7bac044 sp=0x000000d8e86feef0
Event: 93.086 Thread 0x0000023acdd0d040 DEOPT UNPACKING pc=0x0000023abe7e7143 sp=0x000000d8e86fe418 mode 1
Event: 93.086 Thread 0x0000023b13066750 DEOPT PACKING pc=0x0000023abeeb89cc sp=0x000000d8e6eff4e0
Event: 93.086 Thread 0x0000023b13066750 DEOPT UNPACKING pc=0x0000023abe7e7143 sp=0x000000d8e6efe900 mode 1

Classes loaded (20 events):
Event: 14.293 Loading class javafx/collections/ListChangeListener$Change
Event: 14.293 Loading class javafx/collections/ListChangeListener$Change done
Event: 14.293 Loading class javafx/collections/ListChangeListener$Change
Event: 14.293 Loading class javafx/collections/ListChangeListener$Change done
Event: 14.294 Loading class javafx/scene/control/skin/ButtonBarSkin
Event: 14.294 Loading class javafx/scene/control/skin/ButtonBarSkin done
Event: 14.294 Loading class javafx/scene/control/skin/ButtonBarSkin
Event: 14.294 Loading class javafx/scene/control/skin/ButtonBarSkin done
Event: 14.367 Loading class java/util/Formatter$FixedString
Event: 14.368 Loading class java/util/Formatter$FixedString done
Event: 15.384 Loading class com/intellij/rt/debugger/BatchEvaluatorServer
Event: 15.384 Loading class com/intellij/rt/debugger/BatchEvaluatorServer done
Event: 15.861 Loading class java/io/DataOutputStream
Event: 15.861 Loading class java/io/DataOutputStream done
Event: 93.083 Loading class jdk/internal/misc/Signal$1
Event: 93.083 Loading class jdk/internal/misc/Signal$1 done
Event: 93.085 Loading class com/sun/javafx/tk/quantum/QuantumRenderer
Event: 93.085 Loading class com/sun/javafx/tk/quantum/QuantumRenderer done
Event: 93.086 Loading class com/sun/javafx/tk/quantum/QuantumToolkit
Event: 93.086 Loading class com/sun/javafx/tk/quantum/QuantumToolkit done

Classes unloaded (0 events):
No events

Classes redefined (0 events):
No events

Internal exceptions (20 events):
Event: 6.070 Thread 0x0000023acdd0d040 Exception <a 'java/lang/NoSuchMethodError'{0x00000000963aebc8}: 'java.lang.Object java.lang.invoke.DirectMethodHandle$Holder.invokeStaticInit(java.lang.Object, int)'> (0x00000000963aebc8) 
thrown [s\src\hotspot\share\interpreter\linkResolver.cpp, line 759]
Event: 6.907 Thread 0x0000023b1523ade0 Exception <a 'java/lang/NoSuchMethodError'{0x0000000095f2f5a8}: 'long java.lang.invoke.DirectMethodHandle$Holder.invokeStatic(java.lang.Object, java.lang.Object, java.lang.Object)'> (0x0000000095f2f5a8) 
thrown [s\src\hotspot\share\interpreter\linkResolver.cpp, line 759]
Event: 6.907 Thread 0x0000023b1523ade0 Exception <a 'java/lang/NoSuchMethodError'{0x0000000095f32d50}: 'long java.lang.invoke.DirectMethodHandle$Holder.invokeStaticInit(java.lang.Object, java.lang.Object, java.lang.Object)'> (0x0000000095f32d50) 
thrown [s\src\hotspot\share\interpreter\linkResolver.cpp, line 759]
Event: 6.910 Thread 0x0000023b1523ade0 Exception <a 'java/lang/NoSuchMethodError'{0x0000000095f4a8d0}: 'java.lang.Object java.lang.invoke.DirectMethodHandle$Holder.newInvokeSpecial(java.lang.Object, java.lang.Object, long)'> (0x0000000095f4a8d0) 
thrown [s\src\hotspot\share\interpreter\linkResolver.cpp, line 759]
Event: 6.911 Thread 0x0000023b1523ade0 Exception <a 'java/lang/NoSuchMethodError'{0x0000000095f4e440}: 'java.lang.Object java.lang.invoke.Invokers$Holder.linkToTargetMethod(java.lang.Object, long, java.lang.Object)'> (0x0000000095f4e440) 
thrown [s\src\hotspot\share\interpreter\linkResolver.cpp, line 759]
Event: 7.270 Thread 0x0000023b1523ade0 Exception <a 'java/lang/ClassNotFoundException'{0x000000009541d3c8}: com/sun/javafx/scene/control/skin/resources/controls> (0x000000009541d3c8) 
thrown [s\src\hotspot\share\prims\jni.cpp, line 535]
Event: 7.272 Thread 0x0000023b1523ade0 Exception <a 'java/lang/ClassNotFoundException'{0x000000009542bd78}: com/sun/javafx/scene/control/skin/resources/controls_es> (0x000000009542bd78) 
thrown [s\src\hotspot\share\prims\jni.cpp, line 535]
Event: 7.275 Thread 0x0000023b1523ade0 Exception <a 'java/lang/ClassNotFoundException'{0x0000000095439f58}: com/sun/javafx/scene/control/skin/resources/controls_es_MX> (0x0000000095439f58) 
thrown [s\src\hotspot\share\prims\jni.cpp, line 535]
Event: 7.343 Thread 0x0000023b1523ade0 Exception <a 'java/lang/NoSuchMethodError'{0x00000000953c5e70}: 'int java.lang.invoke.DirectMethodHandle$Holder.invokeSpecial(java.lang.Object, java.lang.Object, int)'> (0x00000000953c5e70) 
thrown [s\src\hotspot\share\interpreter\linkResolver.cpp, line 759]
Event: 7.631 Thread 0x0000023b1523ade0 Exception <a 'java/lang/NoSuchMethodError'{0x0000000094c0f770}: 'void java.lang.invoke.DirectMethodHandle$Holder.invokeVirtual(java.lang.Object, java.lang.Object)'> (0x0000000094c0f770) 
thrown [s\src\hotspot\share\interpreter\linkResolver.cpp, line 759]
Event: 10.940 Thread 0x0000023b1523ade0 Exception <a 'java/lang/NoSuchMethodError'{0x00000000948032c0}: 'java.lang.Object java.lang.invoke.DirectMethodHandle$Holder.newInvokeSpecial(java.lang.Object, java.lang.Object, int, int, int, int, int, java.lang.Object)'> (0x00000000948032c0) 
thrown [s\src\hotspot\share\interpreter\linkResolver.cpp, line 759]
Event: 10.945 Thread 0x0000023b1523ade0 Exception <a 'java/lang/NoSuchMethodError'{0x00000000948167e8}: 'java.lang.Object java.lang.invoke.DirectMethodHandle$Holder.newInvokeSpecial(java.lang.Object, java.lang.Object, java.lang.Object, int, int, int, int, int)'> (0x00000000948167e8) 
thrown [s\src\hotspot\share\interpreter\linkResolver.cpp, line 759]
Event: 10.947 Thread 0x0000023b1523ade0 Exception <a 'java/lang/NoSuchMethodError'{0x000000009481e840}: 'java.lang.Object java.lang.invoke.Invokers$Holder.linkToTargetMethod(java.lang.Object, java.lang.Object, int, int, int, int, int, java.lang.Object)'> (0x000000009481e840) 
thrown [s\src\hotspot\share\interpreter\linkResolver.cpp, line 759]
Event: 14.261 Thread 0x0000023b1523ade0 Implicit null exception at 0x0000023abef9dc54 to 0x0000023abef9dcdc
Event: 15.875 Thread 0x0000023b1523ade0 Exception <a 'java/lang/NoSuchMethodError'{0x0000000097d5a5c0}: 'java.lang.Object java.lang.invoke.DirectMethodHandle$Holder.invokeSpecial(java.lang.Object, java.lang.Object, long, java.lang.Object, int, int, java.lang.Object, int, java.lang.Object)'> (0x0000000097d5a5c0) 
thrown [s\src\hotspot\share\interpreter\linkResolver.cpp, line 759]
Event: 15.876 Thread 0x0000023b1523ade0 Exception <a 'java/lang/NoSuchMethodError'{0x0000000097d5eac8}: 'java.lang.Object java.lang.invoke.DelegatingMethodHandle$Holder.reinvoke_L(java.lang.Object, long, java.lang.Object, int, int, java.lang.Object, int, java.lang.Object)'> (0x0000000097d5eac8) 
thrown [s\src\hotspot\share\interpreter\linkResolver.cpp, line 759]
Event: 15.889 Thread 0x0000023b1523ade0 Exception <a 'java/lang/NoSuchMethodError'{0x0000000097c32a58}: 'java.lang.Object java.lang.invoke.DelegatingMethodHandle$Holder.reinvoke_L(java.lang.Object, java.lang.Object, long, java.lang.Object, int, java.lang.Object, java.lang.Object, java.lang.Object, java.lang.Object, java.lang.Object, java.lang.Object, java.lang.Object, java.lang.Object, int, int)'> (0x0000000097c32a58) 
thrown [s\src\hotspot\share\interpreter\linkResolver.cpp, line 759]
Event: 15.899 Thread 0x0000023b1523ade0 Exception <a 'java/lang/NoSuchMethodError'{0x0000000097c77a10}: 'java.lang.Object java.lang.invoke.DirectMethodHandle$Holder.invokeSpecial(java.lang.Object, java.lang.Object, long, java.lang.Object, int, java.lang.Object, java.lang.Object, java.lang.Object, java.lang.Object, java.lang.Object, java.lang.Object, java.lang.Object, java.lang.Object, int, int)'> (0x0000000097c77a10) 
thrown [s\src\hotspot\share\interpreter\linkResolver.cpp, line 759]
Event: 15.900 Thread 0x0000023b1523ade0 Exception <a 'java/lang/NoSuchMethodError'{0x0000000097c7c870}: 'java.lang.Object java.lang.invoke.DelegatingMethodHandle$Holder.reinvoke_L(java.lang.Object, long, java.lang.Object, int, java.lang.Object, java.lang.Object, java.lang.Object, java.lang.Object, java.lang.Object, java.lang.Object, java.lang.Object, java.lang.Object, int, int)'> (0x0000000097c7c870) 
thrown [s\src\hotspot\share\interpreter\linkResolver.cpp, line 759]
Event: 15.905 Thread 0x0000023b1523ade0 Implicit null exception at 0x0000023abef1c0fe to 0x0000023abef1c190

VM Operations (20 events):
Event: 69.277 Executing VM operation: get/set locals done
Event: 69.277 Executing VM operation: get/set locals
Event: 69.278 Executing VM operation: get/set locals done
Event: 69.278 Executing VM operation: get/set locals
Event: 69.278 Executing VM operation: get/set locals done
Event: 69.278 Executing VM operation: get/set locals
Event: 69.278 Executing VM operation: get/set locals done
Event: 69.278 Executing VM operation: get/set locals
Event: 69.279 Executing VM operation: get/set locals done
Event: 69.279 Executing VM operation: get/set locals
Event: 69.279 Executing VM operation: get/set locals done
Event: 93.018 Executing VM operation: ChangeBreakpoints
Event: 93.018 Executing VM operation: ChangeBreakpoints done
Event: 93.025 Executing VM operation: ChangeBreakpoints
Event: 93.026 Executing VM operation: ChangeBreakpoints done
Event: 93.027 Executing VM operation: ChangeBreakpoints
Event: 93.027 Executing VM operation: ChangeBreakpoints done
Event: 93.031 Executing VM operation: ChangeBreakpoints
Event: 93.031 Executing VM operation: ChangeBreakpoints done
Event: 93.087 Executing VM operation: Exit

Memory protections (0 events):
No events

Nmethod flushes (0 events):
No events

Events (20 events):
Event: 6.913 Thread 0x0000023acd1a8260 Thread added: 0x0000023b15d95520
Event: 6.914 Thread 0x0000023acd1a8260 Thread added: 0x0000023b2266b960
Event: 7.918 Thread 0x0000023b2266b960 Thread exited: 0x0000023b2266b960
Event: 7.918 Thread 0x0000023b15d95520 Thread exited: 0x0000023b15d95520
Event: 8.142 Thread 0x0000023acd1a8260 Thread added: 0x0000023b15d95520
Event: 8.592 Thread 0x0000023b15d95520 Thread exited: 0x0000023b15d95520
Event: 11.803 Thread 0x0000023acd1a8260 Thread added: 0x0000023b1e14adb0
Event: 12.028 Thread 0x0000023b1e14adb0 Thread exited: 0x0000023b1e14adb0
Event: 13.076 Thread 0x0000023acd1a8260 Thread added: 0x0000023b1f297f50
Event: 13.206 Thread 0x0000023b1f297f50 Thread exited: 0x0000023b1f297f50
Event: 16.476 Thread 0x0000023acd19c390 Thread added: 0x0000023b236e8f60
Event: 21.491 Thread 0x0000023b236e8f60 Thread exited: 0x0000023b236e8f60
Event: 93.025 Thread 0x0000023b130648f0 Thread exited: 0x0000023b130648f0
Event: 93.038 Thread 0x0000023acd642ad0 Thread exited: 0x0000023acd642ad0
Event: 93.083 Thread 0x0000023acd197c10 Thread added: 0x0000023b130680a0
Event: 93.084 Thread 0x0000023b130680a0 Thread added: 0x0000023b130648f0
Event: 93.084 Thread 0x0000023b130680a0 Thread added: 0x0000023b13066750
Event: 93.085 Thread 0x0000023b130648f0 Thread exited: 0x0000023b130648f0
Event: 93.086 Thread 0x0000023b13066750 Thread exited: 0x0000023b13066750
Event: 93.087 Thread 0x0000023acd197c10 Thread exited: 0x0000023acd197c10


Dynamic libraries:
0x00007ff63f2d0000 - 0x00007ff63f2de000 	C:\Users\diego\.jdks\corretto-17.0.13\bin\java.exe
0x00007ff98ad90000 - 0x00007ff98afa7000 	C:\Windows\SYSTEM32\ntdll.dll
0x00007ff98a6d0000 - 0x00007ff98a794000 	C:\Windows\System32\KERNEL32.DLL
0x00007ff9886f0000 - 0x00007ff988aa9000 	C:\Windows\System32\KERNELBASE.dll
0x00007ff988340000 - 0x00007ff988451000 	C:\Windows\System32\ucrtbase.dll
0x00007ff981e00000 - 0x00007ff981e17000 	C:\Users\diego\.jdks\corretto-17.0.13\bin\jli.dll
0x00007ff981e20000 - 0x00007ff981e3b000 	C:\Users\diego\.jdks\corretto-17.0.13\bin\VCRUNTIME140.dll
0x00007ff98a910000 - 0x00007ff98aabe000 	C:\Windows\System32\USER32.dll
0x00007ff988550000 - 0x00007ff988576000 	C:\Windows\System32\win32u.dll
0x00007ff96f2a0000 - 0x00007ff96f532000 	C:\Windows\WinSxS\amd64_microsoft.windows.common-controls_6595b64144ccf1df_6.0.22621.4391_none_2715d37f73803e96\COMCTL32.dll
0x00007ff9894c0000 - 0x00007ff9894e9000 	C:\Windows\System32\GDI32.dll
0x00007ff98a7e0000 - 0x00007ff98a887000 	C:\Windows\System32\msvcrt.dll
0x00007ff988160000 - 0x00007ff98827b000 	C:\Windows\System32\gdi32full.dll
0x00007ff988090000 - 0x00007ff98812a000 	C:\Windows\System32\msvcp_win.dll
0x00007ff98a7a0000 - 0x00007ff98a7d1000 	C:\Windows\System32\IMM32.DLL
0x00007ff981db0000 - 0x00007ff981dbc000 	C:\Users\diego\.jdks\corretto-17.0.13\bin\vcruntime140_1.dll
0x00007ff977760000 - 0x00007ff9777ed000 	C:\Users\diego\.jdks\corretto-17.0.13\bin\msvcp140.dll
0x00007ff930e40000 - 0x00007ff931aac000 	C:\Users\diego\.jdks\corretto-17.0.13\bin\server\jvm.dll
0x00007ff98a500000 - 0x00007ff98a5b2000 	C:\Windows\System32\ADVAPI32.dll
0x00007ff98abf0000 - 0x00007ff98ac97000 	C:\Windows\System32\sechost.dll
0x00007ff988130000 - 0x00007ff988158000 	C:\Windows\System32\bcrypt.dll
0x00007ff989340000 - 0x00007ff989454000 	C:\Windows\System32\RPCRT4.dll
0x00007ff98ab70000 - 0x00007ff98abe1000 	C:\Windows\System32\WS2_32.dll
0x00007ff987f60000 - 0x00007ff987fad000 	C:\Windows\SYSTEM32\POWRPROF.dll
0x00007ff984a20000 - 0x00007ff984a54000 	C:\Windows\SYSTEM32\WINMM.dll
0x00007ff980370000 - 0x00007ff98037a000 	C:\Windows\SYSTEM32\VERSION.dll
0x00007ff987f40000 - 0x00007ff987f53000 	C:\Windows\SYSTEM32\UMPDC.dll
0x00007ff9870d0000 - 0x00007ff9870e8000 	C:\Windows\SYSTEM32\kernel.appcore.dll
0x00007ff981da0000 - 0x00007ff981daa000 	C:\Users\diego\.jdks\corretto-17.0.13\bin\jimage.dll
0x00007ff985530000 - 0x00007ff985762000 	C:\Windows\SYSTEM32\DBGHELP.DLL
0x00007ff98a110000 - 0x00007ff98a49f000 	C:\Windows\System32\combase.dll
0x00007ff989bc0000 - 0x00007ff989c97000 	C:\Windows\System32\OLEAUT32.dll
0x00007ff95cb90000 - 0x00007ff95cbc2000 	C:\Windows\SYSTEM32\dbgcore.DLL
0x00007ff9884d0000 - 0x00007ff98854b000 	C:\Windows\System32\bcryptPrimitives.dll
0x00007ff976d80000 - 0x00007ff976dbb000 	C:\Users\diego\.jdks\corretto-17.0.13\bin\jdwp.dll
0x00007ff980cb0000 - 0x00007ff980cbe000 	C:\Users\diego\.jdks\corretto-17.0.13\bin\instrument.dll
0x00007ff977730000 - 0x00007ff977755000 	C:\Users\diego\.jdks\corretto-17.0.13\bin\java.dll
0x00007ff977210000 - 0x00007ff977228000 	C:\Users\diego\.jdks\corretto-17.0.13\bin\zip.dll
0x00007ff976ef0000 - 0x00007ff976fc7000 	C:\Users\diego\.jdks\corretto-17.0.13\bin\jsvml.dll
0x00007ff988ac0000 - 0x00007ff989336000 	C:\Windows\System32\SHELL32.dll
0x00007ff985fd0000 - 0x00007ff9868d3000 	C:\Windows\SYSTEM32\windows.storage.dll
0x00007ff985e90000 - 0x00007ff985fcf000 	C:\Windows\SYSTEM32\wintypes.dll
0x00007ff989ca0000 - 0x00007ff989d99000 	C:\Windows\System32\SHCORE.dll
0x00007ff989da0000 - 0x00007ff989dfe000 	C:\Windows\System32\shlwapi.dll
0x00007ff987fc0000 - 0x00007ff987feb000 	C:\Windows\SYSTEM32\profapi.dll
0x00007ff980c80000 - 0x00007ff980c99000 	C:\Users\diego\.jdks\corretto-17.0.13\bin\net.dll
0x00007ff9815e0000 - 0x00007ff981716000 	C:\Windows\SYSTEM32\WINHTTP.dll
0x00007ff987550000 - 0x00007ff9875b9000 	C:\Windows\system32\mswsock.dll
0x00007ff977710000 - 0x00007ff977726000 	C:\Users\diego\.jdks\corretto-17.0.13\bin\nio.dll
0x00007ff976e50000 - 0x00007ff976e5c000 	C:\Users\diego\.jdks\corretto-17.0.13\bin\dt_socket.dll
0x00007ff986b40000 - 0x00007ff986b6d000 	C:\Windows\SYSTEM32\IPHLPAPI.DLL
0x0000023aaf610000 - 0x0000023aaf613000 	D:\Proyecto Terminal\openjfx-22.0.1_windows-x64_bin-sdk\javafx-sdk-22.0.1\bin\api-ms-win-core-console-l1-1-0.dll
0x0000023aaf620000 - 0x0000023aaf623000 	D:\Proyecto Terminal\openjfx-22.0.1_windows-x64_bin-sdk\javafx-sdk-22.0.1\bin\api-ms-win-core-console-l1-2-0.dll
0x0000023aaf630000 - 0x0000023aaf633000 	D:\Proyecto Terminal\openjfx-22.0.1_windows-x64_bin-sdk\javafx-sdk-22.0.1\bin\api-ms-win-core-datetime-l1-1-0.dll
0x0000023aaf640000 - 0x0000023aaf643000 	D:\Proyecto Terminal\openjfx-22.0.1_windows-x64_bin-sdk\javafx-sdk-22.0.1\bin\api-ms-win-core-debug-l1-1-0.dll
0x0000023aaf650000 - 0x0000023aaf653000 	D:\Proyecto Terminal\openjfx-22.0.1_windows-x64_bin-sdk\javafx-sdk-22.0.1\bin\api-ms-win-core-errorhandling-l1-1-0.dll
0x0000023aaf660000 - 0x0000023aaf664000 	D:\Proyecto Terminal\openjfx-22.0.1_windows-x64_bin-sdk\javafx-sdk-22.0.1\bin\api-ms-win-core-file-l1-1-0.dll
0x0000023aaf670000 - 0x0000023aaf673000 	D:\Proyecto Terminal\openjfx-22.0.1_windows-x64_bin-sdk\javafx-sdk-22.0.1\bin\api-ms-win-core-file-l1-2-0.dll
0x0000023aaf680000 - 0x0000023aaf683000 	D:\Proyecto Terminal\openjfx-22.0.1_windows-x64_bin-sdk\javafx-sdk-22.0.1\bin\api-ms-win-core-file-l2-1-0.dll
0x0000023aaf690000 - 0x0000023aaf693000 	D:\Proyecto Terminal\openjfx-22.0.1_windows-x64_bin-sdk\javafx-sdk-22.0.1\bin\api-ms-win-core-handle-l1-1-0.dll
0x0000023aaf6a0000 - 0x0000023aaf6a3000 	D:\Proyecto Terminal\openjfx-22.0.1_windows-x64_bin-sdk\javafx-sdk-22.0.1\bin\api-ms-win-core-heap-l1-1-0.dll
0x0000023aaf6b0000 - 0x0000023aaf6b3000 	D:\Proyecto Terminal\openjfx-22.0.1_windows-x64_bin-sdk\javafx-sdk-22.0.1\bin\api-ms-win-core-interlocked-l1-1-0.dll
0x0000023aaf6c0000 - 0x0000023aaf6c3000 	D:\Proyecto Terminal\openjfx-22.0.1_windows-x64_bin-sdk\javafx-sdk-22.0.1\bin\api-ms-win-core-libraryloader-l1-1-0.dll
0x0000023aaf6d0000 - 0x0000023aaf6d3000 	D:\Proyecto Terminal\openjfx-22.0.1_windows-x64_bin-sdk\javafx-sdk-22.0.1\bin\api-ms-win-core-localization-l1-2-0.dll
0x0000023acdf40000 - 0x0000023acdf43000 	D:\Proyecto Terminal\openjfx-22.0.1_windows-x64_bin-sdk\javafx-sdk-22.0.1\bin\api-ms-win-core-memory-l1-1-0.dll
0x0000023acdf50000 - 0x0000023acdf53000 	D:\Proyecto Terminal\openjfx-22.0.1_windows-x64_bin-sdk\javafx-sdk-22.0.1\bin\api-ms-win-core-namedpipe-l1-1-0.dll
0x0000023acdf60000 - 0x0000023acdf63000 	D:\Proyecto Terminal\openjfx-22.0.1_windows-x64_bin-sdk\javafx-sdk-22.0.1\bin\api-ms-win-core-processenvironment-l1-1-0.dll
0x0000023acdf70000 - 0x0000023acdf73000 	D:\Proyecto Terminal\openjfx-22.0.1_windows-x64_bin-sdk\javafx-sdk-22.0.1\bin\api-ms-win-core-processthreads-l1-1-0.dll
0x0000023acdf80000 - 0x0000023acdf83000 	D:\Proyecto Terminal\openjfx-22.0.1_windows-x64_bin-sdk\javafx-sdk-22.0.1\bin\api-ms-win-core-processthreads-l1-1-1.dll
0x0000023acdf90000 - 0x0000023acdf93000 	D:\Proyecto Terminal\openjfx-22.0.1_windows-x64_bin-sdk\javafx-sdk-22.0.1\bin\api-ms-win-core-profile-l1-1-0.dll
0x0000023acdfa0000 - 0x0000023acdfa3000 	D:\Proyecto Terminal\openjfx-22.0.1_windows-x64_bin-sdk\javafx-sdk-22.0.1\bin\api-ms-win-core-rtlsupport-l1-1-0.dll
0x0000023acdfb0000 - 0x0000023acdfb3000 	D:\Proyecto Terminal\openjfx-22.0.1_windows-x64_bin-sdk\javafx-sdk-22.0.1\bin\api-ms-win-core-string-l1-1-0.dll
0x0000023acdfc0000 - 0x0000023acdfc3000 	D:\Proyecto Terminal\openjfx-22.0.1_windows-x64_bin-sdk\javafx-sdk-22.0.1\bin\api-ms-win-core-synch-l1-1-0.dll
0x0000023acdfd0000 - 0x0000023acdfd3000 	D:\Proyecto Terminal\openjfx-22.0.1_windows-x64_bin-sdk\javafx-sdk-22.0.1\bin\api-ms-win-core-synch-l1-2-0.dll
0x0000023acdfe0000 - 0x0000023acdfe3000 	D:\Proyecto Terminal\openjfx-22.0.1_windows-x64_bin-sdk\javafx-sdk-22.0.1\bin\api-ms-win-core-sysinfo-l1-1-0.dll
0x0000023acdff0000 - 0x0000023acdff3000 	D:\Proyecto Terminal\openjfx-22.0.1_windows-x64_bin-sdk\javafx-sdk-22.0.1\bin\api-ms-win-core-timezone-l1-1-0.dll
0x0000023b13fd0000 - 0x0000023b13fd3000 	D:\Proyecto Terminal\openjfx-22.0.1_windows-x64_bin-sdk\javafx-sdk-22.0.1\bin\api-ms-win-core-util-l1-1-0.dll
0x0000023b13fe0000 - 0x0000023b13fe3000 	D:\Proyecto Terminal\openjfx-22.0.1_windows-x64_bin-sdk\javafx-sdk-22.0.1\bin\api-ms-win-crt-conio-l1-1-0.dll
0x0000023b13ff0000 - 0x0000023b13ff4000 	D:\Proyecto Terminal\openjfx-22.0.1_windows-x64_bin-sdk\javafx-sdk-22.0.1\bin\api-ms-win-crt-convert-l1-1-0.dll
0x0000023b14000000 - 0x0000023b14003000 	D:\Proyecto Terminal\openjfx-22.0.1_windows-x64_bin-sdk\javafx-sdk-22.0.1\bin\api-ms-win-crt-environment-l1-1-0.dll
0x0000023b14010000 - 0x0000023b14013000 	D:\Proyecto Terminal\openjfx-22.0.1_windows-x64_bin-sdk\javafx-sdk-22.0.1\bin\api-ms-win-crt-filesystem-l1-1-0.dll
0x0000023b14020000 - 0x0000023b14023000 	D:\Proyecto Terminal\openjfx-22.0.1_windows-x64_bin-sdk\javafx-sdk-22.0.1\bin\api-ms-win-crt-heap-l1-1-0.dll
0x0000023b14030000 - 0x0000023b14033000 	D:\Proyecto Terminal\openjfx-22.0.1_windows-x64_bin-sdk\javafx-sdk-22.0.1\bin\api-ms-win-crt-locale-l1-1-0.dll
0x0000023b14040000 - 0x0000023b14045000 	D:\Proyecto Terminal\openjfx-22.0.1_windows-x64_bin-sdk\javafx-sdk-22.0.1\bin\api-ms-win-crt-math-l1-1-0.dll
0x0000023b14050000 - 0x0000023b14055000 	D:\Proyecto Terminal\openjfx-22.0.1_windows-x64_bin-sdk\javafx-sdk-22.0.1\bin\api-ms-win-crt-multibyte-l1-1-0.dll
0x0000023b14060000 - 0x0000023b14070000 	D:\Proyecto Terminal\openjfx-22.0.1_windows-x64_bin-sdk\javafx-sdk-22.0.1\bin\api-ms-win-crt-private-l1-1-0.dll
0x0000023b14070000 - 0x0000023b14073000 	D:\Proyecto Terminal\openjfx-22.0.1_windows-x64_bin-sdk\javafx-sdk-22.0.1\bin\api-ms-win-crt-process-l1-1-0.dll
0x0000023b14080000 - 0x0000023b14084000 	D:\Proyecto Terminal\openjfx-22.0.1_windows-x64_bin-sdk\javafx-sdk-22.0.1\bin\api-ms-win-crt-runtime-l1-1-0.dll
0x0000023b14090000 - 0x0000023b14094000 	D:\Proyecto Terminal\openjfx-22.0.1_windows-x64_bin-sdk\javafx-sdk-22.0.1\bin\api-ms-win-crt-stdio-l1-1-0.dll
0x0000023b140a0000 - 0x0000023b140a4000 	D:\Proyecto Terminal\openjfx-22.0.1_windows-x64_bin-sdk\javafx-sdk-22.0.1\bin\api-ms-win-crt-string-l1-1-0.dll
0x0000023b140b0000 - 0x0000023b140b3000 	D:\Proyecto Terminal\openjfx-22.0.1_windows-x64_bin-sdk\javafx-sdk-22.0.1\bin\api-ms-win-crt-time-l1-1-0.dll
0x0000023b140c0000 - 0x0000023b140c3000 	D:\Proyecto Terminal\openjfx-22.0.1_windows-x64_bin-sdk\javafx-sdk-22.0.1\bin\api-ms-win-crt-utility-l1-1-0.dll
0x00007ff976c50000 - 0x00007ff976d4c000 	D:\Proyecto Terminal\openjfx-22.0.1_windows-x64_bin-sdk\javafx-sdk-22.0.1\bin\ucrtbase.dll
0x00007ff976c30000 - 0x00007ff976c4b000 	D:\Proyecto Terminal\openjfx-22.0.1_windows-x64_bin-sdk\javafx-sdk-22.0.1\bin\vcruntime140.dll
0x00007ff976c20000 - 0x00007ff976c2c000 	D:\Proyecto Terminal\openjfx-22.0.1_windows-x64_bin-sdk\javafx-sdk-22.0.1\bin\vcruntime140_1.dll
0x00007ff976a20000 - 0x00007ff976aae000 	D:\Proyecto Terminal\openjfx-22.0.1_windows-x64_bin-sdk\javafx-sdk-22.0.1\bin\msvcp140.dll
0x00007ff976c10000 - 0x00007ff976c19000 	D:\Proyecto Terminal\openjfx-22.0.1_windows-x64_bin-sdk\javafx-sdk-22.0.1\bin\msvcp140_1.dll
0x00007ff9769d0000 - 0x00007ff976a11000 	D:\Proyecto Terminal\openjfx-22.0.1_windows-x64_bin-sdk\javafx-sdk-22.0.1\bin\msvcp140_2.dll
0x00007ff9769a0000 - 0x00007ff9769d0000 	D:\Proyecto Terminal\openjfx-22.0.1_windows-x64_bin-sdk\javafx-sdk-22.0.1\bin\prism_d3d.dll
0x00007ff940350000 - 0x00007ff9404f8000 	C:\Windows\system32\d3d9.dll
0x00007ff984f70000 - 0x00007ff984f9b000 	C:\Windows\SYSTEM32\dwmapi.dll
0x00007ff984e20000 - 0x00007ff984e57000 	C:\Windows\SYSTEM32\dxcore.dll
0x00007ff984d00000 - 0x00007ff984db1000 	C:\Windows\system32\uxtheme.dll
0x00007ff97cef0000 - 0x00007ff97d0cd000 	C:\Windows\System32\DriverStore\FileRepository\u0355756.inf_amd64_5146fc3a012e7afa\B354291\aticfx64.dll
0x00007ff940e40000 - 0x00007ff940e70000 	C:\Windows\System32\DriverStore\FileRepository\u0355756.inf_amd64_5146fc3a012e7afa\B354291\atiu9p64.dll
0x00007ff9369b0000 - 0x00007ff93767b000 	C:\Windows\System32\DriverStore\FileRepository\u0355756.inf_amd64_5146fc3a012e7afa\B354291\atiumd64.dll
0x00007ff989e00000 - 0x00007ff989fa5000 	C:\Windows\System32\ole32.dll
0x00000000640d0000 - 0x0000000064e53000 	C:\Windows\System32\DriverStore\FileRepository\u0355756.inf_amd64_5146fc3a012e7afa\B354291\atiumd6a.dll
0x00007ff97f620000 - 0x00007ff97f669000 	C:\Windows\SYSTEM32\directxdatabasehelper.dll
0x00007ff976750000 - 0x00007ff976795000 	D:\Proyecto Terminal\openjfx-22.0.1_windows-x64_bin-sdk\javafx-sdk-22.0.1\bin\glass.dll
0x00007ff98a5d0000 - 0x00007ff98a6cf000 	C:\Windows\System32\COMDLG32.dll
0x00007ff940780000 - 0x00007ff9407de000 	C:\Program Files\Huawei\PCManager\plugins\PerfWndMonModule.dll
0x00007ff989fb0000 - 0x00007ff98a110000 	C:\Windows\System32\MSCTF.dll
0x00007ff98aca0000 - 0x00007ff98ad50000 	C:\Windows\System32\clbcatq.dll
0x00007ff977520000 - 0x00007ff977699000 	C:\Windows\System32\Windows.UI.dll
0x00007ff96f5f0000 - 0x00007ff96f765000 	C:\Windows\System32\Windows.UI.Immersive.dll
0x00007ff976bf0000 - 0x00007ff976c05000 	D:\Proyecto Terminal\openjfx-22.0.1_windows-x64_bin-sdk\javafx-sdk-22.0.1\bin\javafx_font.dll
0x00007ff984480000 - 0x00007ff9846f3000 	C:\Windows\SYSTEM32\dwrite.dll
0x00007ff984b20000 - 0x00007ff984cd0000 	C:\Windows\SYSTEM32\WindowsCodecs.dll
0x00007ff96ae80000 - 0x00007ff96aede000 	C:\Windows\system32\dataexchange.dll
0x00007ff97d780000 - 0x00007ff97da24000 	C:\Windows\system32\twinapi.appcore.dll
0x00007ff976930000 - 0x00007ff976962000 	C:\Program Files\Common Files\Microsoft Shared\Ink\rtscom.dll
0x00007ff978590000 - 0x00007ff9786d5000 	C:\Windows\SYSTEM32\textinputframework.dll
0x00007ff980230000 - 0x00007ff980363000 	C:\Windows\SYSTEM32\CoreMessaging.dll
0x00007ff97eed0000 - 0x00007ff97f23d000 	C:\Windows\SYSTEM32\CoreUIComponents.dll
0x00007ff9877c0000 - 0x00007ff9877cc000 	C:\Windows\SYSTEM32\CRYPTBASE.DLL
0x00007ff976bc0000 - 0x00007ff976bed000 	D:\Proyecto Terminal\openjfx-22.0.1_windows-x64_bin-sdk\javafx-sdk-22.0.1\bin\javafx_iio.dll
0x00007ff983e90000 - 0x00007ff98447e000 	C:\Windows\SYSTEM32\d2d1.dll

dbghelp: loaded successfully - version: 4.0.5 - missing functions: none
symbol engine: initialized successfully - sym options: 0x614 - pdb path: .;C:\Users\diego\.jdks\corretto-17.0.13\bin;C:\Windows\SYSTEM32;C:\Windows\WinSxS\amd64_microsoft.windows.common-controls_6595b64144ccf1df_6.0.22621.4391_none_2715d37f73803e96;C:\Users\diego\.jdks\corretto-17.0.13\bin\server;D:\Proyecto Terminal\openjfx-22.0.1_windows-x64_bin-sdk\javafx-sdk-22.0.1\bin;C:\Windows\System32\DriverStore\FileRepository\u0355756.inf_amd64_5146fc3a012e7afa\B354291;C:\Program Files\Huawei\PCManager\plugins;C:\Program Files\Common Files\Microsoft Shared\Ink

VM Arguments:
jvm_args: -agentlib:jdwp=transport=dt_socket,address=127.0.0.1:51385,suspend=y,server=n --module-path=D:\Proyecto Terminal\openjfx-22.0.1_windows-x64_bin-sdk\javafx-sdk-22.0.1\lib --add-modules=javafx.controls,javafx.fxml -javaagent:C:\Users\diego\AppData\Local\JetBrains\IntelliJIdea2024.1\captureAgent\debugger-agent.jar -Dfile.encoding=UTF-8 
java_command: optiuam.bc.controller.OptiUAM24
java_class_path (initial): D:\Proyecto Terminal\Código\OptiUAM24\OptiUAM\out\production\OptiUAM;D:\Proyecto Terminal\Código\OptiUAM24\OptiUAM\Librerias\jcommon-1.0.23.jar;D:\Proyecto Terminal\Código\OptiUAM24\OptiUAM\Librerias\jfreechart-1.0.19.jar;D:\Proyecto Terminal\openjfx-22.0.1_windows-x64_bin-sdk\javafx-sdk-22.0.1\lib\javafx-swt.jar;D:\Proyecto Terminal\openjfx-22.0.1_windows-x64_bin-sdk\javafx-sdk-22.0.1\lib\javafx.base.jar;D:\Proyecto Terminal\openjfx-22.0.1_windows-x64_bin-sdk\javafx-sdk-22.0.1\lib\javafx.controls.jar;D:\Proyecto Terminal\openjfx-22.0.1_windows-x64_bin-sdk\javafx-sdk-22.0.1\lib\javafx.fxml.jar;D:\Proyecto Terminal\openjfx-22.0.1_windows-x64_bin-sdk\javafx-sdk-22.0.1\lib\javafx.graphics.jar;D:\Proyecto Terminal\openjfx-22.0.1_windows-x64_bin-sdk\javafx-sdk-22.0.1\lib\javafx.media.jar;D:\Proyecto Terminal\openjfx-22.0.1_windows-x64_bin-sdk\javafx-sdk-22.0.1\lib\javafx.swing.jar;D:\Proyecto Terminal\openjfx-22.0.1_windows-x64_bin-sdk\javafx-sdk-22.0.1\lib\javafx.web.jar;D:\Proyecto Terminal\openjfx-22.0.1_windows-x64_bin-sdk.zip;D:\Proyecto Terminal\commons-math3-3.6.1\commons-math3-3.6.1-tests.jar;D:\Proyecto Terminal\commons-math3-3.6.1\commons-math3-3.6.1-tools.jar;D:\Proyecto Terminal\commons-math3-3.6.1\commons-math3-3.6.1.jar;C:\Program Files\JetBrains\IntelliJ IDEA 2024.1.3\lib\idea_rt.jar
Launcher Type: SUN_STANDARD

[Global flags]
     intx CICompilerCount                          = 4                                         {product} {ergonomic}
     uint ConcGCThreads                            = 2                                         {product} {ergonomic}
     uint G1ConcRefinementThreads                  = 8                                         {product} {ergonomic}
   size_t G1HeapRegionSize                         = 1048576                                   {product} {ergonomic}
    uintx GCDrainStackTargetSize                   = 64                                        {product} {ergonomic}
   size_t InitialHeapSize                          = 117440512                                 {product} {ergonomic}
   size_t MarkStackSize                            = 4194304                                   {product} {ergonomic}
   size_t MaxHeapSize                              = 1862270976                                {product} {ergonomic}
   size_t MaxNewSize                               = 1116733440                                {product} {ergonomic}
   size_t MinHeapDeltaBytes                        = 1048576                                   {product} {ergonomic}
   size_t MinHeapSize                              = 8388608                                   {product} {ergonomic}
    uintx NonNMethodCodeHeapSize                   = 5839372                                {pd product} {ergonomic}
    uintx NonProfiledCodeHeapSize                  = 122909434                              {pd product} {ergonomic}
    uintx ProfiledCodeHeapSize                     = 122909434                              {pd product} {ergonomic}
    uintx ReservedCodeCacheSize                    = 251658240                              {pd product} {ergonomic}
     bool SegmentedCodeCache                       = true                                      {product} {ergonomic}
   size_t SoftMaxHeapSize                          = 1862270976                             {manageable} {ergonomic}
     bool UseCompressedClassPointers               = true                           {product lp64_product} {ergonomic}
     bool UseCompressedOops                        = true                           {product lp64_product} {ergonomic}
     bool UseG1GC                                  = true                                      {product} {ergonomic}
     bool UseLargePagesIndividualAllocation        = false                                  {pd product} {ergonomic}

Logging:
Log output configuration:
 #0: stdout all=off uptime,level,tags
 #1: stderr all=off uptime,level,tags

Environment Variables:
PATH=C:\Program Files\Common Files\Oracle\Java\javapath;C:\Users\diego\Desktop\oracle\bin;C:\Windows\system32;C:\Windows;C:\Windows\System32\Wbem;C:\Windows\System32\WindowsPowerShell\v1.0\;C:\Windows\System32\OpenSSH\;C:\Program Files\Git\cmd;C:\Strawberry\c\bin;C:\Strawberry\perl\site\bin;C:\Strawberry\perl\bin;C:\Users\diego\AppData\Local\Programs\Python\Launcher\;C:\Users\diego\AppData\Local\Microsoft\WindowsApps;C:\Program Files\JetBrains\IntelliJ IDEA 2024.1.3\bin;;C:\Users\diego\AppData\Local\GitHubDesktop\bin;C:\Program Files\JetBrains\PyCharm 2024.1.4\bin;;C:\Users\diego\AppData\Local\Programs\Microsoft VS Code\bin;C:\Users\diego\AppData\Local\Programs\MiKTeX\miktex\bin\x64\
USERNAME=diego
OS=Windows_NT
PROCESSOR_IDENTIFIER=AMD64 Family 23 Model 24 Stepping 1, AuthenticAMD
TMP=C:\Users\diego\AppData\Local\Temp
TEMP=C:\Users\diego\AppData\Local\Temp



Periodic native trim disabled


---------------  S Y S T E M  ---------------

OS:
 Windows 11 , 64 bit Build 22621 (10.0.22621.4391)
OS uptime: 0 days 1:32 hours

CPU: total 8 (initial active 8) (8 cores per cpu, 2 threads per core) family 23 model 24 stepping 1 microcode 0x0, cx8, cmov, fxsr, ht, mmx, 3dnowpref, sse, sse2, sse3, ssse3, sse4a, sse4.1, sse4.2, popcnt, lzcnt, tsc, tscinvbit, avx, avx2, aes, clmul, bmi1, bmi2, adx, sha, fma, vzeroupper, clflush, clflushopt
Processor Information for processor 0
  Max Mhz: 2100, Current Mhz: 2100, Mhz Limit: 2100
Processor Information for processor 1
  Max Mhz: 2100, Current Mhz: 2100, Mhz Limit: 2100
Processor Information for processor 2
  Max Mhz: 2100, Current Mhz: 2100, Mhz Limit: 2100
Processor Information for processor 3
  Max Mhz: 2100, Current Mhz: 2100, Mhz Limit: 2100
Processor Information for processor 4
  Max Mhz: 2100, Current Mhz: 2100, Mhz Limit: 2100
Processor Information for processor 5
  Max Mhz: 2100, Current Mhz: 2100, Mhz Limit: 2100
Processor Information for processor 6
  Max Mhz: 2100, Current Mhz: 1400, Mhz Limit: 2100
Processor Information for processor 7
  Max Mhz: 2100, Current Mhz: 1400, Mhz Limit: 2100

Memory: 4k page, system-wide physical 7103M (866M free)
TotalPageFile size 15807M (AvailPageFile size 3141M)
current process WorkingSet (physical memory assigned to process): 231M, peak: 321M
current process commit charge ("private bytes"): 347M, peak: 450M

vm_info: OpenJDK 64-Bit Server VM (17.0.13+11-LTS) for windows-amd64 JRE (17.0.13+11-LTS), built on Oct 10 2024 19:51:30 by "Administrator" with MS VC++ 16.10 / 16.11 (VS2019)

END.
