#
# A fatal error has been detected by the Java Runtime Environment:
#
#  EXCEPTION_ACCESS_VIOLATION (0xc0000005) at pc=0x00007ff9598882d7, pid=8996, tid=1524
#
# JRE version: OpenJDK Runtime Environment Corretto-17.0.13.11.1 (17.0.13+11) (build 17.0.13+11-LTS)
# Java VM: OpenJDK 64-Bit Server VM Corretto-17.0.13.11.1 (17.0.13+11-LTS, mixed mode, sharing, tiered, compressed oops, compressed class ptrs, g1 gc, windows-amd64)
# Problematic frame:
# C  [glass.dll+0x282d7]
#
# No core dump will be written. Minidumps are not enabled by default on client versions of Windows
#
# If you would like to submit a bug report, please visit:
#   https://github.com/corretto/corretto-17/issues/
#

---------------  S U M M A R Y ------------

Command Line: -agentlib:jdwp=transport=dt_socket,address=127.0.0.1:2478,suspend=y,server=n --module-path=D:\Proyecto Terminal\openjfx-22.0.1_windows-x64_bin-sdk\javafx-sdk-22.0.1\lib --add-modules=javafx.controls,javafx.fxml -javaagent:C:\Users\diego\AppData\Local\JetBrains\IntelliJIdea2024.1\captureAgent\debugger-agent.jar -Dfile.encoding=UTF-8 optiuam.bc.controller.OptiUAM24

Host: AMD Ryzen 5 3500U with Radeon Vega Mobile Gfx  , 8 cores, 6G,  Windows 11 , 64 bit Build 26100 (10.0.26100.2454)
Time: Thu Jan  2 22:00:06 2025 Hora est嫕dar central (M憖ico) elapsed time: 479.477123 seconds (0d 0h 7m 59s)

---------------  T H R E A D  ---------------

Current thread (0x000001913e610ac0):  VMThread "VM Thread" [stack: 0x00000053e9900000,0x00000053e9a00000] [id=1524]

Stack: [0x00000053e9900000,0x00000053e9a00000],  sp=0x00000053e99feea0,  free space=1019k
Native frames: (J=compiled Java code, j=interpreted, Vv=VM code, C=native code)
C  [glass.dll+0x282d7]


siginfo: EXCEPTION_ACCESS_VIOLATION (0xc0000005), reading address 0x0000000000000000


Registers:
RAX=0x0000000000000000, RBX=0x000001918b776e40, RCX=0x000001913e610ac0, RDX=0x00000053e99feea0
RSP=0x00000053e99feea0, RBP=0x0000ed8ea19bc00f, RSI=0x0000019184960fc8, RDI=0x0000019184960fa0
R8 =0x0000000000010002, R9 =0x0000ed8ea19bc00f, R10=0x000001911ee20000, R11=0x00000053e99fed50
R12=0x0000000000000001, R13=0x000000007ffe0385, R14=0x00000053e99fefa8, R15=0x0000019184960fa0
RIP=0x00007ff9598882d7, EFLAGS=0x0000000000010202


Register to memory mapping:

RIP=0x00007ff9598882d7 glass.dll
RAX=0x0 is NULL
RBX=0x000001918b776e40 is a global jni handle
RCX=0x000001913e610ac0 points into unknown readable memory: 0x00007ff90ede2cc8 | c8 2c de 0e f9 7f 00 00
RDX=0x00000053e99feea0 points into unknown readable memory: 0x0000000000000000 | 00 00 00 00 00 00 00 00
RSP=0x00000053e99feea0 points into unknown readable memory: 0x0000000000000000 | 00 00 00 00 00 00 00 00
RBP=0x0000ed8ea19bc00f is an unknown value
RSI=0x0000019184960fc8 points into unknown readable memory: 0x0000ed8ea19bc00f | 0f c0 9b a1 8e ed 00 00
RDI=0x0000019184960fa0 points into unknown readable memory: 0x3ffc414a8ae7c00f | 0f c0 e7 8a 4a 41 fc 3f
R8 =0x0000000000010002 is an unknown value
R9 =0x0000ed8ea19bc00f is an unknown value
R10=0x000001911ee20000 points into unknown readable memory: 0x0000000000000000 | 00 00 00 00 00 00 00 00
R11=0x00000053e99fed50 points into unknown readable memory: 0x0000000000000000 | 00 00 00 00 00 00 00 00
R12=0x0000000000000001 is an unknown value
R13=0x000000007ffe0385 points into unknown readable memory: 00 00 00
R14=0x00000053e99fefa8 points into unknown readable memory: 0x00000053e99fef90 | 90 ef 9f e9 53 00 00 00
R15=0x0000019184960fa0 points into unknown readable memory: 0x3ffc414a8ae7c00f | 0f c0 e7 8a 4a 41 fc 3f


Top of Stack: (sp=0x00000053e99feea0)
0x00000053e99feea0:   0000000000000000 0000019100000000
0x00000053e99feeb0:   0000019184d03c50 0000000000000001
0x00000053e99feec0:   0000019184960fa8 00007ff969a5cf05
0x00000053e99feed0:   0000019184960fa0 0000019100000000
0x00000053e99feee0:   0000019184960fc0 0000ed8ea19bc00f
0x00000053e99feef0:   fffffffffffffffe 0000000000000001
0x00000053e99fef00:   00007ff959860000 00007ff959860000
0x00000053e99fef10:   00000053e99fef98 00007ff969a5ce27
0x00000053e99fef20:   00000053e99fef00 00000053e99fefa8
0x00000053e99fef30:   00000053e99ff4d0 00007ff969b788c0
0x00000053e99fef40:   0000000000000001 00007ff969a5cddd
0x00000053e99fef50:   0000000000000000 0000000000000001
0x00000053e99fef60:   0000000000000001 00000053e99fef98
0x00000053e99fef70:   fffffffffffffffe 000000007ffe0384
0x00000053e99fef80:   0000000000000001 00007ff959885a6d
0x00000053e99fef90:   00007ff95989d078 00007ff900000002
0x00000053e99fefa0:   0000000000000002 00000053e99fef90
0x00000053e99fefb0:   0000000000000000 0000000000000000
0x00000053e99fefc0:   0000000000000000 00007ff959885b92
0x00000053e99fefd0:   0000000000000001 00000053e99ff400
0x00000053e99fefe0:   0000000000000001 0000000000000001
0x00000053e99feff0:   0000000000000001 00007ff968f9277e
0x00000053e99ff000:   0000000000000001 000000000000007a
0x00000053e99ff010:   0000000000000000 0000000000000001
0x00000053e99ff020:   00007ff959885be0 00007ff96c5dd860
0x00000053e99ff030:   00007ff959860000 00007ff900000000
0x00000053e99ff040:   0000000000000001 000000007ffe0384
0x00000053e99ff050:   000000000000005e 0000000000000000
0x00000053e99ff060:   0000000000000000 0000000000000000
0x00000053e99ff070:   00007ff959860000 ffff027600000000
0x00000053e99ff080:   0000000000000078 0000000000000000
0x00000053e99ff090:   0000000000000000 000001913e6139e0 

Instructions: (pc=0x00007ff9598882d7)
0x00007ff9598881d7:   8b 4d 58 e8 49 cf ff ff 48 8b 4d 60 e8 40 cf ff
0x00007ff9598881e7:   ff 48 8b 95 80 00 00 00 48 8b 8d 18 01 00 00 e8
0x00007ff9598881f7:   26 c5 ff ff 33 d2 33 c9 e8 8c e1 ff ff 90 48 89
0x00007ff959888207:   54 24 10 55 48 83 ec 20 48 8b ea 48 b8 00 00 00
0x00007ff959888217:   00 00 00 00 00 48 83 c4 20 5d c3 cc 40 55 48 8b
0x00007ff959888227:   ea 48 8b 01 33 c9 81 38 05 00 00 c0 0f 94 c1 8b
0x00007ff959888237:   c1 5d c3 cc 40 55 48 83 ec 20 48 8b ea 8a 4d 40
0x00007ff959888247:   48 83 c4 20 5d e9 33 d3 ff ff cc 40 55 48 83 ec
0x00007ff959888257:   20 48 8b ea 8a 4d 20 e8 21 d3 ff ff 90 48 83 c4
0x00007ff959888267:   20 5d c3 cc 40 55 48 83 ec 20 48 8b ea 48 83 c4
0x00007ff959888277:   20 5d e9 82 d1 ff ff cc 40 55 48 83 ec 30 48 8b
0x00007ff959888287:   ea 48 8b 01 8b 10 48 89 4c 24 28 89 54 24 20 4c
0x00007ff959888297:   8d 0d 23 d6 ff ff 4c 8b 45 70 8b 55 68 48 8b 4d
0x00007ff9598882a7:   60 e8 c3 d0 ff ff 90 48 83 c4 30 5d c3 cc cc cc
0x00007ff9598882b7:   cc cc cc cc cc cc cc cc cc 40 53 48 83 ec 20 48
0x00007ff9598882c7:   8b 1d 6b 47 01 00 48 85 db 74 16 e8 39 90 ff ff
0x00007ff9598882d7:   4c 8b 00 48 8b d3 48 8b c8 41 ff 90 b0 00 00 00
0x00007ff9598882e7:   90 48 83 c4 20 5b c3 cc cc 40 53 48 83 ec 20 48
0x00007ff9598882f7:   8b 1d ab 48 01 00 48 85 db 74 57 b8 ff ff ff ff
0x00007ff959888307:   f0 0f c1 43 10 83 f8 01 75 3d 48 85 db 74 38 48
0x00007ff959888317:   8b 0b 48 85 c9 74 0d ff 15 8c 0f 00 00 48 c7 03
0x00007ff959888327:   00 00 00 00 48 8b 4b 08 48 85 c9 74 0d e8 ef cd
0x00007ff959888337:   ff ff 48 c7 43 08 00 00 00 00 ba 18 00 00 00 48
0x00007ff959888347:   8b cb e8 da cd ff ff 48 c7 05 4f 48 01 00 00 00
0x00007ff959888357:   00 00 48 83 c4 20 5b c3 cc 40 53 48 83 ec 20 48
0x00007ff959888367:   8b 1d 1b 48 01 00 48 85 db 74 57 b8 ff ff ff ff
0x00007ff959888377:   f0 0f c1 43 10 83 f8 01 75 3d 48 85 db 74 38 48
0x00007ff959888387:   8b 0b 48 85 c9 74 0d ff 15 1c 0f 00 00 48 c7 03
0x00007ff959888397:   00 00 00 00 48 8b 4b 08 48 85 c9 74 0d e8 7f cd
0x00007ff9598883a7:   ff ff 48 c7 43 08 00 00 00 00 ba 18 00 00 00 48
0x00007ff9598883b7:   8b cb e8 6a cd ff ff 48 c7 05 bf 47 01 00 00 00
0x00007ff9598883c7:   00 00 48 83 c4 20 5b c3 cc 40 53 48 83 ec 20 48 


Stack slot to memory mapping:
stack at sp + 0 slots: 0x0 is NULL
stack at sp + 1 slots: 0x0000019100000000 is an unknown value
stack at sp + 2 slots: 0x0000019184d03c50 points into unknown readable memory: 0x0000019184d04400 | 00 44 d0 84 91 01 00 00
stack at sp + 3 slots: 0x0000000000000001 is an unknown value
stack at sp + 4 slots: 0x0000019184960fa8 points into unknown readable memory: 0x0000ed8ea19bc00f | 0f c0 9b a1 8e ed 00 00
stack at sp + 5 slots: 0x00007ff969a5cf05 ucrtbase.dll
stack at sp + 6 slots: 0x0000019184960fa0 points into unknown readable memory: 0x3ffc414a8ae7c00f | 0f c0 e7 8a 4a 41 fc 3f
stack at sp + 7 slots: 0x0000019100000000 is an unknown value

VM_Operation (0x00000053e90fefe0): Exit, mode: safepoint, requested by thread 0x00000191902360d0


---------------  P R O C E S S  ---------------

Threads class SMR info:
_java_thread_list=0x0000019185a33520, length=20, elements={
0x00000191211dad30, 0x000001913e619230, 0x000001913e61b010, 0x000001913e631600,
0x000001913e632a40, 0x000001913e634490, 0x000001913e637450, 0x000001913e641130,
0x000001913e644b50, 0x00000191840a4d20, 0x0000019184973b60, 0x0000019184359ce0,
0x0000019184f39910, 0x0000019184d65d00, 0x0000019184d074d0, 0x0000019184c9c280,
0x00000191851a2080, 0x0000019184973650, 0x0000019184974070, 0x00000191902360d0
}

Java Threads: ( => current thread )
  0x00000191211dad30 JavaThread "main" [_thread_blocked, id=17316, stack(0x00000053e9300000,0x00000053e9400000)]
  0x000001913e619230 JavaThread "Reference Handler" daemon [_thread_blocked, id=16836, stack(0x00000053e9a00000,0x00000053e9b00000)]
  0x000001913e61b010 JavaThread "Finalizer" daemon [_thread_blocked, id=3056, stack(0x00000053e9b00000,0x00000053e9c00000)]
  0x000001913e631600 JavaThread "Attach Listener" daemon [_thread_blocked, id=16704, stack(0x00000053e9d00000,0x00000053e9e00000)]
  0x000001913e632a40 JavaThread "Service Thread" daemon [_thread_blocked, id=15400, stack(0x00000053e9e00000,0x00000053e9f00000)]
  0x000001913e634490 JavaThread "Monitor Deflation Thread" daemon [_thread_blocked, id=1872, stack(0x00000053e9f00000,0x00000053ea000000)]
  0x000001913e637450 JavaThread "C2 CompilerThread0" daemon [_thread_blocked, id=16844, stack(0x00000053ea000000,0x00000053ea100000)]
  0x000001913e641130 JavaThread "C1 CompilerThread0" daemon [_thread_blocked, id=15760, stack(0x00000053ea100000,0x00000053ea200000)]
  0x000001913e644b50 JavaThread "Sweeper thread" daemon [_thread_blocked, id=3064, stack(0x00000053ea200000,0x00000053ea300000)]
  0x00000191840a4d20 JavaThread "Common-Cleaner" daemon [_thread_blocked, id=5272, stack(0x00000053ea300000,0x00000053ea400000)]
  0x0000019184973b60 JavaThread "JDWP Event Helper Thread" daemon [_thread_blocked, id=10608, stack(0x00000053ea700000,0x00000053ea800000)]
  0x0000019184359ce0 JavaThread "Notification Thread" daemon [_thread_blocked, id=14784, stack(0x00000053ea900000,0x00000053eaa00000)]
  0x0000019184f39910 JavaThread "QuantumRenderer-0" daemon [_thread_blocked, id=12332, stack(0x00000053eab00000,0x00000053eac00000)]
  0x0000019184d65d00 JavaThread "InvokeLaterDispatcher" daemon [_thread_blocked, id=17356, stack(0x00000053eae00000,0x00000053eaf00000)]
  0x0000019184d074d0 JavaThread "JavaFX Application Thread" [_thread_blocked, id=9816, stack(0x00000053eaf00000,0x00000053eb000000)]
  0x0000019184c9c280 JavaThread "JavaFX-Launcher" [_thread_blocked, id=11332, stack(0x00000053eb600000,0x00000053eb700000)]
  0x00000191851a2080 JavaThread "Thread-2" daemon [_thread_in_native, id=12424, stack(0x00000053ea500000,0x00000053ea600000)]
  0x0000019184973650 JavaThread "Prism Font Disposer" daemon [_thread_blocked, id=13684, stack(0x00000053ec000000,0x00000053ec100000)]
  0x0000019184974070 JavaThread "Cleaner-0" daemon [_thread_blocked, id=9568, stack(0x00000053ebe00000,0x00000053ebf00000)]
  0x00000191902360d0 JavaThread "SIGINT handler" daemon [_thread_blocked, id=16832, stack(0x00000053e9000000,0x00000053e9100000)]

Other Threads:
=>0x000001913e610ac0 VMThread "VM Thread" [stack: 0x00000053e9900000,0x00000053e9a00000] [id=1524]
  0x000001912122f840 GCTaskThread "GC Thread#0" [stack: 0x00000053e9400000,0x00000053e9500000] [id=13468]
  0x0000019184c1fbd0 GCTaskThread "GC Thread#1" [stack: 0x00000053eb700000,0x00000053eb800000] [id=6164]
  0x0000019184c1fe90 GCTaskThread "GC Thread#2" [stack: 0x00000053eb800000,0x00000053eb900000] [id=17148]
  0x0000019184c20150 GCTaskThread "GC Thread#3" [stack: 0x00000053eb900000,0x00000053eba00000] [id=14732]
  0x0000019184dbb1f0 GCTaskThread "GC Thread#4" [stack: 0x00000053eba00000,0x00000053ebb00000] [id=16720]
  0x0000019184dbb4b0 GCTaskThread "GC Thread#5" [stack: 0x00000053ebb00000,0x00000053ebc00000] [id=16860]
  0x0000019184c41e90 GCTaskThread "GC Thread#6" [stack: 0x00000053ebc00000,0x00000053ebd00000] [id=17280]
  0x0000019184c42150 GCTaskThread "GC Thread#7" [stack: 0x00000053ebd00000,0x00000053ebe00000] [id=17256]
  0x000001912125ca00 ConcurrentGCThread "G1 Main Marker" terminated
  0x000001912125dad0 ConcurrentGCThread "G1 Conc#0" [stack: 0x00000053e9600000,0x00000053e9700000] [id=8688]
  0x00000191846994c0 ConcurrentGCThread "G1 Conc#1" [stack: 0x00000053ea400000,0x00000053ea500000] [id=16072]
  0x0000019121285060 ConcurrentGCThread "G1 Refine#0" terminated
  0x000001918e9a5d40 ConcurrentGCThread "G1 Refine#1" terminated
  0x0000019121285840 ConcurrentGCThread "G1 Service" terminated

Threads with active compile tasks:
C2 CompilerThread0  
[error occurred during error reporting (printing all threads), id 0xc0000005, EXCEPTION_ACCESS_VIOLATION (0xc0000005) at pc=0x00007ff90ebe65b3]

VM state: at safepoint (shutting down)

VM Mutex/Monitor currently owned by a thread:  ([mutex/lock_event])
[0x00000191211d58e0] Threads_lock - owner thread: 0x000001913e610ac0
[0x00000191211d5e80] Heap_lock - owner thread: 0x00000191902360d0

Heap address: 0x0000000091000000, size: 1776 MB, Compressed Oops mode: 32-bit

CDS archive(s) mapped at: [0x000001913f000000-0x000001913fbb0000-0x000001913fbb0000), size 12255232, SharedBaseAddress: 0x000001913f000000, ArchiveRelocationMode: 1.
Compressed class space mapped at: 0x0000019140000000-0x0000019180000000, reserved size: 1073741824
Narrow klass base: 0x000001913f000000, Narrow klass shift: 0, Narrow klass range: 0x100000000

GC Precious Log:
 CPUs: 8 total, 8 available
 Memory: 7103M
 Large Page Support: Disabled
 NUMA Support: Disabled
 Compressed Oops: Enabled (32-bit)
 Heap Region Size: 1M
 Heap Min Capacity: 8M
 Heap Initial Capacity: 112M
 Heap Max Capacity: 1776M
 Pre-touch: Disabled
 Parallel Workers: 8
 Concurrent Workers: 2
 Concurrent Refinement Workers: 8
 Periodic GC: Disabled

Heap:
 garbage-first heap   total 114688K, used 69968K [0x0000000091000000, 0x0000000100000000)
  region size 1024K, 7 young (7168K), 2 survivors (2048K)
 Metaspace       used 25160K, committed 25600K, reserved 1114112K
  class space    used 3500K, committed 3712K, reserved 1048576K

Heap Regions: E=young(eden), S=young(survivor), O=old, HS=humongous(starts), HC=humongous(continues), CS=collection set, F=free, OA=open archive, CA=closed archive, TAMS=top-at-mark-start (previous, next)
|   0|0x0000000091000000, 0x0000000091100000, 0x0000000091100000|100%| O|  |TAMS 0x0000000091100000, 0x0000000091000000| Untracked 
|   1|0x0000000091100000, 0x0000000091200000, 0x0000000091200000|100%|HS|  |TAMS 0x0000000091200000, 0x0000000091100000| Complete 
|   2|0x0000000091200000, 0x0000000091300000, 0x0000000091300000|100%| O|  |TAMS 0x0000000091300000, 0x0000000091200000| Untracked 
|   3|0x0000000091300000, 0x0000000091400000, 0x0000000091400000|100%|HS|  |TAMS 0x0000000091400000, 0x0000000091300000| Complete 
|   4|0x0000000091400000, 0x0000000091500000, 0x0000000091500000|100%| O|  |TAMS 0x0000000091500000, 0x0000000091400000| Untracked 
|   5|0x0000000091500000, 0x0000000091600000, 0x0000000091600000|100%| O|  |TAMS 0x0000000091600000, 0x0000000091500000| Untracked 
|   6|0x0000000091600000, 0x0000000091700000, 0x0000000091700000|100%|HS|  |TAMS 0x0000000091700000, 0x0000000091600000| Complete 
|   7|0x0000000091700000, 0x0000000091800000, 0x0000000091800000|100%|HC|  |TAMS 0x0000000091800000, 0x0000000091700000| Complete 
|   8|0x0000000091800000, 0x0000000091900000, 0x0000000091900000|100%|HC|  |TAMS 0x0000000091900000, 0x0000000091800000| Complete 
|   9|0x0000000091900000, 0x0000000091a00000, 0x0000000091a00000|100%|HC|  |TAMS 0x0000000091a00000, 0x0000000091900000| Complete 
|  10|0x0000000091a00000, 0x0000000091b00000, 0x0000000091b00000|100%|HC|  |TAMS 0x0000000091b00000, 0x0000000091a00000| Complete 
|  11|0x0000000091b00000, 0x0000000091c00000, 0x0000000091c00000|100%|HC|  |TAMS 0x0000000091c00000, 0x0000000091b00000| Complete 
|  12|0x0000000091c00000, 0x0000000091d00000, 0x0000000091d00000|100%|HC|  |TAMS 0x0000000091d00000, 0x0000000091c00000| Complete 
|  13|0x0000000091d00000, 0x0000000091e00000, 0x0000000091e00000|100%|HC|  |TAMS 0x0000000091e00000, 0x0000000091d00000| Complete 
|  14|0x0000000091e00000, 0x0000000091f00000, 0x0000000091f00000|100%|HC|  |TAMS 0x0000000091f00000, 0x0000000091e00000| Complete 
|  15|0x0000000091f00000, 0x0000000092000000, 0x0000000092000000|100%|HC|  |TAMS 0x0000000092000000, 0x0000000091f00000| Complete 
|  16|0x0000000092000000, 0x0000000092100000, 0x0000000092100000|100%|HC|  |TAMS 0x0000000092100000, 0x0000000092000000| Complete 
|  17|0x0000000092100000, 0x0000000092200000, 0x0000000092200000|100%|HC|  |TAMS 0x0000000092200000, 0x0000000092100000| Complete 
|  18|0x0000000092200000, 0x0000000092300000, 0x0000000092300000|100%|HC|  |TAMS 0x0000000092300000, 0x0000000092200000| Complete 
|  19|0x0000000092300000, 0x0000000092400000, 0x0000000092400000|100%|HS|  |TAMS 0x0000000092400000, 0x0000000092300000| Complete 
|  20|0x0000000092400000, 0x0000000092500000, 0x0000000092500000|100%|HS|  |TAMS 0x0000000092500000, 0x0000000092400000| Complete 
|  21|0x0000000092500000, 0x0000000092600000, 0x0000000092600000|100%|HC|  |TAMS 0x0000000092600000, 0x0000000092500000| Complete 
|  22|0x0000000092600000, 0x0000000092700000, 0x0000000092700000|100%|HS|  |TAMS 0x0000000092700000, 0x0000000092600000| Complete 
|  23|0x0000000092700000, 0x0000000092800000, 0x0000000092800000|100%|HS|  |TAMS 0x0000000092800000, 0x0000000092700000| Complete 
|  24|0x0000000092800000, 0x0000000092900000, 0x0000000092900000|100%| O|  |TAMS 0x0000000092900000, 0x0000000092800000| Untracked 
|  25|0x0000000092900000, 0x0000000092a00000, 0x0000000092a00000|100%| O|  |TAMS 0x0000000092a00000, 0x0000000092900000| Untracked 
|  26|0x0000000092a00000, 0x0000000092b00000, 0x0000000092b00000|100%|HS|  |TAMS 0x0000000092b00000, 0x0000000092a00000| Complete 
|  27|0x0000000092b00000, 0x0000000092c00000, 0x0000000092c00000|100%| O|  |TAMS 0x0000000092c00000, 0x0000000092b00000| Untracked 
|  28|0x0000000092c00000, 0x0000000092d00000, 0x0000000092d00000|100%|HS|  |TAMS 0x0000000092d00000, 0x0000000092c00000| Complete 
|  29|0x0000000092d00000, 0x0000000092e00000, 0x0000000092e00000|100%| O|  |TAMS 0x0000000092e00000, 0x0000000092d00000| Untracked 
|  30|0x0000000092e00000, 0x0000000092f00000, 0x0000000092f00000|100%|HS|  |TAMS 0x0000000092f00000, 0x0000000092e00000| Complete 
|  31|0x0000000092f00000, 0x0000000093000000, 0x0000000093000000|100%| O|  |TAMS 0x0000000093000000, 0x0000000092f00000| Untracked 
|  32|0x0000000093000000, 0x0000000093100000, 0x0000000093100000|100%|HS|  |TAMS 0x0000000093100000, 0x0000000093000000| Complete 
|  33|0x0000000093100000, 0x0000000093200000, 0x0000000093200000|100%| O|  |TAMS 0x0000000093200000, 0x0000000093100000| Untracked 
|  34|0x0000000093200000, 0x0000000093300000, 0x0000000093300000|100%| O|  |TAMS 0x0000000093300000, 0x0000000093200000| Untracked 
|  35|0x0000000093300000, 0x0000000093400000, 0x0000000093400000|100%| O|  |TAMS 0x0000000093400000, 0x0000000093300000| Untracked 
|  36|0x0000000093400000, 0x0000000093500000, 0x0000000093500000|100%| O|  |TAMS 0x0000000093500000, 0x0000000093400000| Untracked 
|  37|0x0000000093500000, 0x0000000093600000, 0x0000000093600000|100%| O|  |TAMS 0x0000000093600000, 0x0000000093500000| Untracked 
|  38|0x0000000093600000, 0x0000000093700000, 0x0000000093700000|100%| O|  |TAMS 0x0000000093700000, 0x0000000093600000| Untracked 
|  39|0x0000000093700000, 0x0000000093800000, 0x0000000093800000|100%| O|  |TAMS 0x0000000093800000, 0x0000000093700000| Untracked 
|  40|0x0000000093800000, 0x0000000093900000, 0x0000000093900000|100%| O|  |TAMS 0x0000000093900000, 0x0000000093800000| Untracked 
|  41|0x0000000093900000, 0x0000000093a00000, 0x0000000093a00000|100%| O|  |TAMS 0x0000000093a00000, 0x0000000093900000| Untracked 
|  42|0x0000000093a00000, 0x0000000093b00000, 0x0000000093b00000|100%|HS|  |TAMS 0x0000000093b00000, 0x0000000093a00000| Complete 
|  43|0x0000000093b00000, 0x0000000093c00000, 0x0000000093c00000|100%| O|  |TAMS 0x0000000093c00000, 0x0000000093b00000| Untracked 
|  44|0x0000000093c00000, 0x0000000093d00000, 0x0000000093d00000|100%| O|  |TAMS 0x0000000093d00000, 0x0000000093c00000| Untracked 
|  45|0x0000000093d00000, 0x0000000093e00000, 0x0000000093e00000|100%| O|  |TAMS 0x0000000093e00000, 0x0000000093d00000| Untracked 
|  46|0x0000000093e00000, 0x0000000093f00000, 0x0000000093f00000|100%| O|  |TAMS 0x0000000093f00000, 0x0000000093e00000| Untracked 
|  47|0x0000000093f00000, 0x0000000094000000, 0x0000000094000000|100%| O|  |TAMS 0x0000000094000000, 0x0000000093f00000| Untracked 
|  48|0x0000000094000000, 0x0000000094100000, 0x0000000094100000|100%| O|  |TAMS 0x0000000094100000, 0x0000000094000000| Untracked 
|  49|0x0000000094100000, 0x0000000094200000, 0x0000000094200000|100%|HS|  |TAMS 0x0000000094200000, 0x0000000094100000| Complete 
|  50|0x0000000094200000, 0x0000000094300000, 0x0000000094300000|100%| O|  |TAMS 0x0000000094300000, 0x0000000094200000| Untracked 
|  51|0x0000000094300000, 0x0000000094400000, 0x0000000094400000|100%| O|  |TAMS 0x0000000094400000, 0x0000000094300000| Untracked 
|  52|0x0000000094400000, 0x0000000094500000, 0x0000000094500000|100%| O|  |TAMS 0x0000000094500000, 0x0000000094400000| Untracked 
|  53|0x0000000094500000, 0x0000000094600000, 0x0000000094600000|100%|HS|  |TAMS 0x0000000094600000, 0x0000000094500000| Complete 
|  54|0x0000000094600000, 0x0000000094700000, 0x0000000094700000|100%| O|  |TAMS 0x0000000094700000, 0x0000000094600000| Untracked 
|  55|0x0000000094700000, 0x0000000094800000, 0x0000000094800000|100%|HS|  |TAMS 0x0000000094800000, 0x0000000094700000| Complete 
|  56|0x0000000094800000, 0x0000000094900000, 0x0000000094900000|100%| O|  |TAMS 0x0000000094900000, 0x0000000094800000| Untracked 
|  57|0x0000000094900000, 0x0000000094a00000, 0x0000000094a00000|100%|HS|  |TAMS 0x0000000094a00000, 0x0000000094900000| Complete 
|  58|0x0000000094a00000, 0x0000000094b00000, 0x0000000094b00000|100%| O|  |TAMS 0x0000000094b00000, 0x0000000094a00000| Untracked 
|  59|0x0000000094b00000, 0x0000000094c00000, 0x0000000094c00000|100%|HS|  |TAMS 0x0000000094c00000, 0x0000000094b00000| Complete 
|  60|0x0000000094c00000, 0x0000000094d00000, 0x0000000094d00000|100%| O|  |TAMS 0x0000000094d00000, 0x0000000094c00000| Untracked 
|  61|0x0000000094d00000, 0x0000000094e00000, 0x0000000094e00000|100%|HS|  |TAMS 0x0000000094d00000, 0x0000000094d00000| Complete 
|  62|0x0000000094e00000, 0x0000000094eb9e00, 0x0000000094f00000| 72%| O|  |TAMS 0x0000000094eb9e00, 0x0000000094e00000| Untracked 
|  63|0x0000000094f00000, 0x0000000094f00000, 0x0000000095000000|  0%| F|  |TAMS 0x0000000094f00000, 0x0000000094f00000| Untracked 
|  64|0x0000000095000000, 0x0000000095000000, 0x0000000095100000|  0%| F|  |TAMS 0x0000000095000000, 0x0000000095000000| Untracked 
|  65|0x0000000095100000, 0x0000000095100000, 0x0000000095200000|  0%| F|  |TAMS 0x0000000095100000, 0x0000000095100000| Untracked 
|  66|0x0000000095200000, 0x0000000095200000, 0x0000000095300000|  0%| F|  |TAMS 0x0000000095200000, 0x0000000095200000| Untracked 
|  67|0x0000000095300000, 0x0000000095300000, 0x0000000095400000|  0%| F|  |TAMS 0x0000000095300000, 0x0000000095300000| Untracked 
|  68|0x0000000095400000, 0x0000000095400000, 0x0000000095500000|  0%| F|  |TAMS 0x0000000095400000, 0x0000000095400000| Untracked 
|  69|0x0000000095500000, 0x0000000095500000, 0x0000000095600000|  0%| F|  |TAMS 0x0000000095500000, 0x0000000095500000| Untracked 
|  70|0x0000000095600000, 0x0000000095600000, 0x0000000095700000|  0%| F|  |TAMS 0x0000000095600000, 0x0000000095600000| Untracked 
|  71|0x0000000095700000, 0x0000000095700000, 0x0000000095800000|  0%| F|  |TAMS 0x0000000095700000, 0x0000000095700000| Untracked 
|  72|0x0000000095800000, 0x0000000095800000, 0x0000000095900000|  0%| F|  |TAMS 0x0000000095800000, 0x0000000095800000| Untracked 
|  73|0x0000000095900000, 0x0000000095900000, 0x0000000095a00000|  0%| F|  |TAMS 0x0000000095900000, 0x0000000095900000| Untracked 
|  74|0x0000000095a00000, 0x0000000095a00000, 0x0000000095b00000|  0%| F|  |TAMS 0x0000000095a00000, 0x0000000095a00000| Untracked 
|  75|0x0000000095b00000, 0x0000000095b00000, 0x0000000095c00000|  0%| F|  |TAMS 0x0000000095b00000, 0x0000000095b00000| Untracked 
|  76|0x0000000095c00000, 0x0000000095c00000, 0x0000000095d00000|  0%| F|  |TAMS 0x0000000095c00000, 0x0000000095c00000| Untracked 
|  77|0x0000000095d00000, 0x0000000095d00000, 0x0000000095e00000|  0%| F|  |TAMS 0x0000000095d00000, 0x0000000095d00000| Untracked 
|  78|0x0000000095e00000, 0x0000000095e00000, 0x0000000095f00000|  0%| F|  |TAMS 0x0000000095e00000, 0x0000000095e00000| Untracked 
|  79|0x0000000095f00000, 0x0000000095f00000, 0x0000000096000000|  0%| F|  |TAMS 0x0000000095f00000, 0x0000000095f00000| Untracked 
|  80|0x0000000096000000, 0x0000000096000000, 0x0000000096100000|  0%| F|  |TAMS 0x0000000096000000, 0x0000000096000000| Untracked 
|  81|0x0000000096100000, 0x0000000096100000, 0x0000000096200000|  0%| F|  |TAMS 0x0000000096100000, 0x0000000096100000| Untracked 
|  82|0x0000000096200000, 0x0000000096200000, 0x0000000096300000|  0%| F|  |TAMS 0x0000000096200000, 0x0000000096200000| Untracked 
|  83|0x0000000096300000, 0x0000000096300000, 0x0000000096400000|  0%| F|  |TAMS 0x0000000096300000, 0x0000000096300000| Untracked 
|  84|0x0000000096400000, 0x0000000096400000, 0x0000000096500000|  0%| F|  |TAMS 0x0000000096400000, 0x0000000096400000| Untracked 
|  85|0x0000000096500000, 0x0000000096500000, 0x0000000096600000|  0%| F|  |TAMS 0x0000000096500000, 0x0000000096500000| Untracked 
|  86|0x0000000096600000, 0x0000000096600000, 0x0000000096700000|  0%| F|  |TAMS 0x0000000096600000, 0x0000000096600000| Untracked 
|  87|0x0000000096700000, 0x0000000096700000, 0x0000000096800000|  0%| F|  |TAMS 0x0000000096700000, 0x0000000096700000| Untracked 
|  88|0x0000000096800000, 0x0000000096800000, 0x0000000096900000|  0%| F|  |TAMS 0x0000000096800000, 0x0000000096800000| Untracked 
|  89|0x0000000096900000, 0x0000000096900000, 0x0000000096a00000|  0%| F|  |TAMS 0x0000000096900000, 0x0000000096900000| Untracked 
|  90|0x0000000096a00000, 0x0000000096a00000, 0x0000000096b00000|  0%| F|  |TAMS 0x0000000096a00000, 0x0000000096a00000| Untracked 
|  91|0x0000000096b00000, 0x0000000096b00000, 0x0000000096c00000|  0%| F|  |TAMS 0x0000000096b00000, 0x0000000096b00000| Untracked 
|  92|0x0000000096c00000, 0x0000000096c00000, 0x0000000096d00000|  0%| F|  |TAMS 0x0000000096c00000, 0x0000000096c00000| Untracked 
|  93|0x0000000096d00000, 0x0000000096d00000, 0x0000000096e00000|  0%| F|  |TAMS 0x0000000096d00000, 0x0000000096d00000| Untracked 
|  94|0x0000000096e00000, 0x0000000096e00000, 0x0000000096f00000|  0%| F|  |TAMS 0x0000000096e00000, 0x0000000096e00000| Untracked 
|  95|0x0000000096f00000, 0x0000000096f00000, 0x0000000097000000|  0%| F|  |TAMS 0x0000000096f00000, 0x0000000096f00000| Untracked 
|  96|0x0000000097000000, 0x0000000097000000, 0x0000000097100000|  0%| F|  |TAMS 0x0000000097000000, 0x0000000097000000| Untracked 
|  97|0x0000000097100000, 0x0000000097100000, 0x0000000097200000|  0%| F|  |TAMS 0x0000000097100000, 0x0000000097100000| Untracked 
|  98|0x0000000097200000, 0x0000000097200000, 0x0000000097300000|  0%| F|  |TAMS 0x0000000097200000, 0x0000000097200000| Untracked 
|  99|0x0000000097300000, 0x0000000097300000, 0x0000000097400000|  0%| F|  |TAMS 0x0000000097300000, 0x0000000097300000| Untracked 
| 100|0x0000000097400000, 0x0000000097400000, 0x0000000097500000|  0%| F|  |TAMS 0x0000000097400000, 0x0000000097400000| Untracked 
| 101|0x0000000097500000, 0x0000000097500000, 0x0000000097600000|  0%| F|  |TAMS 0x0000000097500000, 0x0000000097500000| Untracked 
| 102|0x0000000097600000, 0x0000000097600000, 0x0000000097700000|  0%| F|  |TAMS 0x0000000097600000, 0x0000000097600000| Untracked 
| 103|0x0000000097700000, 0x0000000097700000, 0x0000000097800000|  0%| F|  |TAMS 0x0000000097700000, 0x0000000097700000| Untracked 
| 104|0x0000000097800000, 0x0000000097800000, 0x0000000097900000|  0%| F|  |TAMS 0x0000000097800000, 0x0000000097800000| Untracked 
| 105|0x0000000097900000, 0x0000000097970a88, 0x0000000097a00000| 44%| E|  |TAMS 0x0000000097900000, 0x0000000097900000| Complete 
| 106|0x0000000097a00000, 0x0000000097b00000, 0x0000000097b00000|100%| E|CS|TAMS 0x0000000097a00000, 0x0000000097a00000| Complete 
| 107|0x0000000097b00000, 0x0000000097c00000, 0x0000000097c00000|100%| E|CS|TAMS 0x0000000097b00000, 0x0000000097b00000| Complete 
| 108|0x0000000097c00000, 0x0000000097c9a480, 0x0000000097d00000| 60%| S|CS|TAMS 0x0000000097c00000, 0x0000000097c00000| Complete 
| 109|0x0000000097d00000, 0x0000000097e00000, 0x0000000097e00000|100%| S|CS|TAMS 0x0000000097d00000, 0x0000000097d00000| Complete 
| 110|0x0000000097e00000, 0x0000000097f00000, 0x0000000097f00000|100%| E|CS|TAMS 0x0000000097e00000, 0x0000000097e00000| Complete 
| 111|0x0000000097f00000, 0x0000000098000000, 0x0000000098000000|100%| E|CS|TAMS 0x0000000097f00000, 0x0000000097f00000| Complete 

Card table byte_map: [0x00000191383c0000,0x0000019138740000] _byte_map_base: 0x0000019137f38000

Marking Bits (Prev, Next): (CMBitMap*) 0x000001912122fd70, (CMBitMap*) 0x000001912122fdb0
 Prev Bits: [0x0000019138ac0000, 0x000001913a680000)
 Next Bits: [0x000001913a680000, 0x000001913c240000)

Polling page: 0x00000191208b0000

Metaspace:

Usage:
  Non-class:     21.15 MB used.
      Class:      3.42 MB used.
       Both:     24.57 MB used.

Virtual space:
  Non-class space:       64.00 MB reserved,      21.38 MB ( 33%) committed,  1 nodes.
      Class space:        1.00 GB reserved,       3.62 MB ( <1%) committed,  1 nodes.
             Both:        1.06 GB reserved,      25.00 MB (  2%) committed. 

Chunk freelists:
   Non-Class:  10.22 MB
       Class:  12.21 MB
        Both:  22.44 MB

MaxMetaspaceSize: unlimited
CompressedClassSpaceSize: 1.00 GB
Initial GC threshold: 21.00 MB
Current GC threshold: 41.56 MB
CDS: on
MetaspaceReclaimPolicy: balanced
 - commit_granule_bytes: 65536.
 - commit_granule_words: 8192.
 - virtual_space_node_default_size: 8388608.
 - enlarge_chunks_in_place: 1.
 - new_chunks_are_fully_committed: 0.
 - uncommit_free_chunks: 1.
 - use_allocation_guard: 0.
 - handle_deallocations: 1.


Internal statistics:

num_allocs_failed_limit: 3.
num_arena_births: 480.
num_arena_deaths: 0.
num_vsnodes_births: 2.
num_vsnodes_deaths: 0.
num_space_committed: 400.
num_space_uncommitted: 0.
num_chunks_returned_to_freelist: 3.
num_chunks_taken_from_freelist: 1465.
num_chunk_merges: 3.
num_chunk_splits: 951.
num_chunks_enlarged: 640.
num_inconsistent_stats: 0.

CodeHeap 'non-profiled nmethods': size=120000Kb used=7726Kb max_used=7726Kb free=112274Kb
 bounds [0x00000191307e0000, 0x0000019130f70000, 0x0000019137d10000]
CodeHeap 'profiled nmethods': size=120000Kb used=15018Kb max_used=15303Kb free=104981Kb
 bounds [0x0000019128d10000, 0x0000019129c10000, 0x0000019130240000]
CodeHeap 'non-nmethods': size=5760Kb used=1540Kb max_used=1667Kb free=4219Kb
 bounds [0x0000019130240000, 0x00000191304b0000, 0x00000191307e0000]
 total_blobs=8220 nmethods=7375 adapters=757
 compilation: enabled
              stopped_count=0, restarted_count=0
 full_count=0

Compilation events (20 events):
Event: 442.600 Thread 0x000001913e641130 nmethod 9062 0x00000191291f3590 code [0x00000191291f3740, 0x00000191291f39e8]
Event: 442.608 Thread 0x000001913e641130 9063       3       javafx.scene.control.skin.VirtualFlow::getVisibleCell (107 bytes)
Event: 442.610 Thread 0x000001913e641130 nmethod 9063 0x00000191299ea990 code [0x00000191299eace0, 0x00000191299ec5d8]
Event: 442.610 Thread 0x000001913e637450 9064       4       com.sun.javafx.scene.ParentHelper::computeGeomBoundsImpl (12 bytes)
Event: 442.613 Thread 0x000001913e637450 nmethod 9064 0x0000019130f6ae90 code [0x0000019130f6b020, 0x0000019130f6b168]
Event: 442.697 Thread 0x000001913e641130 9065       3       javafx.stage.PopupWindow$PopupEventRedirector::handleRedirectedEvent (55 bytes)
Event: 442.698 Thread 0x000001913e641130 nmethod 9065 0x00000191291f2890 code [0x00000191291f2ac0, 0x00000191291f3308]
Event: 442.844 Thread 0x000001913e641130 9066       3       com.sun.javafx.tk.quantum.QuantumToolkit::postPulse (133 bytes)
Event: 442.845 Thread 0x000001913e641130 nmethod 9066 0x00000191299e8790 code [0x00000191299e8b40, 0x00000191299ea0b8]
Event: 443.513 Thread 0x000001913e641130 9067       3       javafx.scene.control.ListView$ListViewBitSetSelectionModel::getModelItem (36 bytes)
Event: 443.513 Thread 0x000001913e641130 nmethod 9067 0x00000191291f1f90 code [0x00000191291f2180, 0x00000191291f2718]
Event: 443.515 Thread 0x000001913e641130 9068       3       javafx.scene.control.skin.VirtualFlow::computeCurrentIndex (74 bytes)
Event: 443.516 Thread 0x000001913e641130 nmethod 9068 0x00000191299e8010 code [0x00000191299e81e0, 0x00000191299e85e8]
Event: 443.517 Thread 0x000001913e641130 9069       3       javafx.collections.ListChangeListener$Change::wasReplaced (20 bytes)
Event: 443.518 Thread 0x000001913e641130 nmethod 9069 0x00000191298f3090 code [0x00000191298f32c0, 0x00000191298f3d18]
Event: 443.526 Thread 0x000001913e641130 9070       3       javafx.scene.control.skin.VirtualFlow::computeViewportOffset (120 bytes)
Event: 443.526 Thread 0x000001913e641130 nmethod 9070 0x00000191299e7590 code [0x00000191299e77a0, 0x00000191299e7da8]
Event: 443.631 Thread 0x000001913e637450 9071       4       com.sun.javafx.sg.prism.NGRegion::getNormalizedStrokeRadii (43 bytes)
Event: 443.634 Thread 0x000001913e637450 nmethod 9071 0x0000019130f6b310 code [0x0000019130f6b4a0, 0x0000019130f6b638]
Event: 479.096 Thread 0x000001913e637450 9072 %     4       jdk.internal.org.objectweb.asm.ClassReader::readUtf @ 18 (161 bytes)

GC Heap History (20 events):
Event: 428.103 GC heap before
{Heap before GC invocations=34 (full 0):
 garbage-first heap   total 114688K, used 86070K [0x0000000091000000, 0x0000000100000000)
  region size 1024K, 26 young (26624K), 2 survivors (2048K)
 Metaspace       used 25083K, committed 25472K, reserved 1114112K
  class space    used 3497K, committed 3712K, reserved 1048576K
}
Event: 428.107 GC heap after
{Heap after GC invocations=35 (full 0):
 garbage-first heap   total 114688K, used 60701K [0x0000000091000000, 0x0000000100000000)
  region size 1024K, 2 young (2048K), 2 survivors (2048K)
 Metaspace       used 25083K, committed 25472K, reserved 1114112K
  class space    used 3497K, committed 3712K, reserved 1048576K
}
Event: 428.564 GC heap before
{Heap before GC invocations=35 (full 0):
 garbage-first heap   total 114688K, used 75037K [0x0000000091000000, 0x0000000100000000)
  region size 1024K, 17 young (17408K), 2 survivors (2048K)
 Metaspace       used 25084K, committed 25472K, reserved 1114112K
  class space    used 3497K, committed 3712K, reserved 1048576K
}
Event: 428.566 GC heap after
{Heap after GC invocations=36 (full 0):
 garbage-first heap   total 114688K, used 61023K [0x0000000091000000, 0x0000000100000000)
  region size 1024K, 2 young (2048K), 2 survivors (2048K)
 Metaspace       used 25084K, committed 25472K, reserved 1114112K
  class space    used 3497K, committed 3712K, reserved 1048576K
}
Event: 428.631 GC heap before
{Heap before GC invocations=37 (full 0):
 garbage-first heap   total 114688K, used 63071K [0x0000000091000000, 0x0000000100000000)
  region size 1024K, 4 young (4096K), 2 survivors (2048K)
 Metaspace       used 25089K, committed 25472K, reserved 1114112K
  class space    used 3497K, committed 3712K, reserved 1048576K
}
Event: 428.635 GC heap after
{Heap after GC invocations=38 (full 0):
 garbage-first heap   total 114688K, used 62709K [0x0000000091000000, 0x0000000100000000)
  region size 1024K, 3 young (3072K), 3 survivors (3072K)
 Metaspace       used 25089K, committed 25472K, reserved 1114112K
  class space    used 3497K, committed 3712K, reserved 1048576K
}
Event: 431.708 GC heap before
{Heap before GC invocations=39 (full 0):
 garbage-first heap   total 114688K, used 68853K [0x0000000091000000, 0x0000000100000000)
  region size 1024K, 9 young (9216K), 3 survivors (3072K)
 Metaspace       used 25108K, committed 25472K, reserved 1114112K
  class space    used 3498K, committed 3712K, reserved 1048576K
}
Event: 431.711 GC heap after
{Heap after GC invocations=40 (full 0):
 garbage-first heap   total 114688K, used 61350K [0x0000000091000000, 0x0000000100000000)
  region size 1024K, 2 young (2048K), 2 survivors (2048K)
 Metaspace       used 25108K, committed 25472K, reserved 1114112K
  class space    used 3498K, committed 3712K, reserved 1048576K
}
Event: 436.208 GC heap before
{Heap before GC invocations=41 (full 0):
 garbage-first heap   total 114688K, used 90022K [0x0000000091000000, 0x0000000100000000)
  region size 1024K, 28 young (28672K), 2 survivors (2048K)
 Metaspace       used 25122K, committed 25536K, reserved 1114112K
  class space    used 3498K, committed 3712K, reserved 1048576K
}
Event: 436.211 GC heap after
{Heap after GC invocations=42 (full 0):
 garbage-first heap   total 114688K, used 62923K [0x0000000091000000, 0x0000000100000000)
  region size 1024K, 3 young (3072K), 3 survivors (3072K)
 Metaspace       used 25122K, committed 25536K, reserved 1114112K
  class space    used 3498K, committed 3712K, reserved 1048576K
}
Event: 437.690 GC heap before
{Heap before GC invocations=42 (full 0):
 garbage-first heap   total 114688K, used 89547K [0x0000000091000000, 0x0000000100000000)
  region size 1024K, 29 young (29696K), 3 survivors (3072K)
 Metaspace       used 25123K, committed 25536K, reserved 1114112K
  class space    used 3498K, committed 3712K, reserved 1048576K
}
Event: 437.692 GC heap after
{Heap after GC invocations=43 (full 0):
 garbage-first heap   total 114688K, used 62848K [0x0000000091000000, 0x0000000100000000)
  region size 1024K, 3 young (3072K), 3 survivors (3072K)
 Metaspace       used 25123K, committed 25536K, reserved 1114112K
  class space    used 3498K, committed 3712K, reserved 1048576K
}
Event: 438.289 GC heap before
{Heap before GC invocations=44 (full 0):
 garbage-first heap   total 114688K, used 73088K [0x0000000091000000, 0x0000000100000000)
  region size 1024K, 14 young (14336K), 3 survivors (3072K)
 Metaspace       used 25128K, committed 25536K, reserved 1114112K
  class space    used 3498K, committed 3712K, reserved 1048576K
}
Event: 438.292 GC heap after
{Heap after GC invocations=45 (full 0):
 garbage-first heap   total 114688K, used 63351K [0x0000000091000000, 0x0000000100000000)
  region size 1024K, 3 young (3072K), 3 survivors (3072K)
 Metaspace       used 25128K, committed 25536K, reserved 1114112K
  class space    used 3498K, committed 3712K, reserved 1048576K
}
Event: 438.375 GC heap before
{Heap before GC invocations=46 (full 0):
 garbage-first heap   total 114688K, used 66423K [0x0000000091000000, 0x0000000100000000)
  region size 1024K, 6 young (6144K), 3 survivors (3072K)
 Metaspace       used 25129K, committed 25536K, reserved 1114112K
  class space    used 3498K, committed 3712K, reserved 1048576K
}
Event: 438.379 GC heap after
{Heap after GC invocations=47 (full 0):
 garbage-first heap   total 114688K, used 65051K [0x0000000091000000, 0x0000000100000000)
  region size 1024K, 3 young (3072K), 3 survivors (3072K)
 Metaspace       used 25129K, committed 25536K, reserved 1114112K
  class space    used 3498K, committed 3712K, reserved 1048576K
}
Event: 441.577 GC heap before
{Heap before GC invocations=48 (full 0):
 garbage-first heap   total 114688K, used 71195K [0x0000000091000000, 0x0000000100000000)
  region size 1024K, 9 young (9216K), 3 survivors (3072K)
 Metaspace       used 25137K, committed 25600K, reserved 1114112K
  class space    used 3498K, committed 3712K, reserved 1048576K
}
Event: 441.581 GC heap after
{Heap after GC invocations=49 (full 0):
 garbage-first heap   total 114688K, used 63526K [0x0000000091000000, 0x0000000100000000)
  region size 1024K, 2 young (2048K), 2 survivors (2048K)
 Metaspace       used 25137K, committed 25600K, reserved 1114112K
  class space    used 3498K, committed 3712K, reserved 1048576K
}
Event: 441.651 GC heap before
{Heap before GC invocations=50 (full 0):
 garbage-first heap   total 114688K, used 65574K [0x0000000091000000, 0x0000000100000000)
  region size 1024K, 4 young (4096K), 2 survivors (2048K)
 Metaspace       used 25146K, committed 25600K, reserved 1114112K
  class space    used 3498K, committed 3712K, reserved 1048576K
}
Event: 441.654 GC heap after
{Heap after GC invocations=51 (full 0):
 garbage-first heap   total 114688K, used 64848K [0x0000000091000000, 0x0000000100000000)
  region size 1024K, 2 young (2048K), 2 survivors (2048K)
 Metaspace       used 25146K, committed 25600K, reserved 1114112K
  class space    used 3498K, committed 3712K, reserved 1048576K
}

Dll operation events (20 events):
Event: 0.645 Loaded shared library D:\Proyecto Terminal\openjfx-22.0.1_windows-x64_bin-sdk\javafx-sdk-22.0.1\bin\api-ms-win-crt-math-l1-1-0.dll
Event: 0.647 Loaded shared library D:\Proyecto Terminal\openjfx-22.0.1_windows-x64_bin-sdk\javafx-sdk-22.0.1\bin\api-ms-win-crt-multibyte-l1-1-0.dll
Event: 0.650 Loaded shared library D:\Proyecto Terminal\openjfx-22.0.1_windows-x64_bin-sdk\javafx-sdk-22.0.1\bin\api-ms-win-crt-private-l1-1-0.dll
Event: 0.655 Loaded shared library D:\Proyecto Terminal\openjfx-22.0.1_windows-x64_bin-sdk\javafx-sdk-22.0.1\bin\api-ms-win-crt-process-l1-1-0.dll
Event: 0.657 Loaded shared library D:\Proyecto Terminal\openjfx-22.0.1_windows-x64_bin-sdk\javafx-sdk-22.0.1\bin\api-ms-win-crt-runtime-l1-1-0.dll
Event: 0.659 Loaded shared library D:\Proyecto Terminal\openjfx-22.0.1_windows-x64_bin-sdk\javafx-sdk-22.0.1\bin\api-ms-win-crt-stdio-l1-1-0.dll
Event: 0.661 Loaded shared library D:\Proyecto Terminal\openjfx-22.0.1_windows-x64_bin-sdk\javafx-sdk-22.0.1\bin\api-ms-win-crt-string-l1-1-0.dll
Event: 0.663 Loaded shared library D:\Proyecto Terminal\openjfx-22.0.1_windows-x64_bin-sdk\javafx-sdk-22.0.1\bin\api-ms-win-crt-time-l1-1-0.dll
Event: 0.666 Loaded shared library D:\Proyecto Terminal\openjfx-22.0.1_windows-x64_bin-sdk\javafx-sdk-22.0.1\bin\api-ms-win-crt-utility-l1-1-0.dll
Event: 0.670 Loaded shared library D:\Proyecto Terminal\openjfx-22.0.1_windows-x64_bin-sdk\javafx-sdk-22.0.1\bin\ucrtbase.dll
Event: 0.673 Loaded shared library D:\Proyecto Terminal\openjfx-22.0.1_windows-x64_bin-sdk\javafx-sdk-22.0.1\bin\vcruntime140.dll
Event: 0.676 Loaded shared library D:\Proyecto Terminal\openjfx-22.0.1_windows-x64_bin-sdk\javafx-sdk-22.0.1\bin\vcruntime140_1.dll
Event: 0.679 Loaded shared library D:\Proyecto Terminal\openjfx-22.0.1_windows-x64_bin-sdk\javafx-sdk-22.0.1\bin\msvcp140.dll
Event: 0.684 Loaded shared library D:\Proyecto Terminal\openjfx-22.0.1_windows-x64_bin-sdk\javafx-sdk-22.0.1\bin\msvcp140_1.dll
Event: 0.688 Loaded shared library D:\Proyecto Terminal\openjfx-22.0.1_windows-x64_bin-sdk\javafx-sdk-22.0.1\bin\msvcp140_2.dll
Event: 0.790 Loaded shared library D:\Proyecto Terminal\openjfx-22.0.1_windows-x64_bin-sdk\javafx-sdk-22.0.1\bin\prism_d3d.dll
Event: 0.896 Loaded shared library D:\Proyecto Terminal\openjfx-22.0.1_windows-x64_bin-sdk\javafx-sdk-22.0.1\bin\glass.dll
Event: 1.151 Loaded shared library C:\Users\diego\.jdks\corretto-17.0.13\bin\jimage.dll
Event: 2.213 Loaded shared library D:\Proyecto Terminal\openjfx-22.0.1_windows-x64_bin-sdk\javafx-sdk-22.0.1\bin\javafx_font.dll
Event: 7.732 Loaded shared library D:\Proyecto Terminal\openjfx-22.0.1_windows-x64_bin-sdk\javafx-sdk-22.0.1\bin\javafx_iio.dll

Deoptimization events (20 events):
Event: 479.097 Thread 0x00000191902351a0 DEOPT UNPACKING pc=0x00000191302969a3 sp=0x00000053e92fec60 mode 2
Event: 479.097 Thread 0x0000019184f39910 DEOPT UNPACKING pc=0x00000191302969a3 sp=0x00000053eabfee48 mode 2
Event: 479.097 Thread 0x0000019184f39910 Uncommon trap: trap_request=0xffffff45 fr.pc=0x0000019130bb18c8 relative=0x0000000000000048
Event: 479.097 Thread 0x0000019184f39910 Uncommon trap: reason=unstable_if action=reinterpret pc=0x0000019130bb18c8 method=java.lang.Thread.interrupted()Z @ 10 c2
Event: 479.097 Thread 0x0000019184f39910 DEOPT PACKING pc=0x0000019130bb18c8 sp=0x00000053eabfefd0
Event: 479.097 Thread 0x0000019184f39910 DEOPT UNPACKING pc=0x00000191302969a3 sp=0x00000053eabfef60 mode 2
Event: 479.097 Thread 0x0000019184f39910 Uncommon trap: trap_request=0xffffffde fr.pc=0x0000019130e8ee50 relative=0x0000000000000410
Event: 479.097 Thread 0x0000019184f39910 Uncommon trap: reason=class_check action=maybe_recompile pc=0x0000019130e8ee50 method=java.lang.Throwable.<init>()V @ 24 c2
Event: 479.097 Thread 0x0000019184f39910 DEOPT PACKING pc=0x0000019130e8ee50 sp=0x00000053eabfeed0
Event: 479.097 Thread 0x0000019184f39910 DEOPT UNPACKING pc=0x00000191302969a3 sp=0x00000053eabfeea0 mode 2
Event: 479.097 Thread 0x0000019184f39910 DEOPT PACKING pc=0x000001912974d364 sp=0x00000053eabff0a0
Event: 479.097 Thread 0x0000019184f39910 DEOPT UNPACKING pc=0x0000019130297143 sp=0x00000053eabfe5e8 mode 1
Event: 479.097 Thread 0x0000019184f39910 DEOPT PACKING pc=0x000001912974c13c sp=0x00000053eabff1b0
Event: 479.097 Thread 0x0000019184f39910 DEOPT UNPACKING pc=0x0000019130297143 sp=0x00000053eabfe670 mode 1
Event: 479.098 Thread 0x00000191902351a0 DEOPT PACKING pc=0x0000019130be384c sp=0x00000053e92ff070
Event: 479.098 Thread 0x00000191902351a0 DEOPT UNPACKING pc=0x0000019130297143 sp=0x00000053e92fe490 mode 1
Event: 479.098 Thread 0x0000019184f39910 Uncommon trap: trap_request=0xffffff45 fr.pc=0x0000019130f1e41c relative=0x000000000000045c
Event: 479.098 Thread 0x0000019184f39910 Uncommon trap: reason=unstable_if action=reinterpret pc=0x0000019130f1e41c method=java.util.AbstractCollection.toArray([Ljava/lang/Object;)[Ljava/lang/Object; @ 8 c2
Event: 479.098 Thread 0x0000019184f39910 DEOPT PACKING pc=0x0000019130f1e41c sp=0x00000053eabfeff0
Event: 479.098 Thread 0x0000019184f39910 DEOPT UNPACKING pc=0x00000191302969a3 sp=0x00000053eabfefd8 mode 2

Classes loaded (20 events):
Event: 260.771 Loading class com/sun/javafx/scene/control/ContextMenuContent$MenuItemContainer
Event: 260.771 Loading class com/sun/javafx/scene/control/ContextMenuContent$MenuItemContainer done
Event: 260.771 Loading class javafx/scene/control/MenuItem
Event: 260.771 Loading class javafx/scene/control/MenuItem done
Event: 260.771 Loading class com/sun/javafx/scene/control/ContextMenuContent$MenuItemContainer
Event: 260.771 Loading class com/sun/javafx/scene/control/ContextMenuContent$MenuItemContainer done
Event: 260.771 Loading class javafx/beans/value/ObservableValue
Event: 260.771 Loading class javafx/beans/value/ObservableValue done
Event: 260.771 Loading class com/sun/javafx/scene/control/ContextMenuContent$MenuItemContainer
Event: 260.771 Loading class com/sun/javafx/scene/control/ContextMenuContent$MenuItemContainer done
Event: 260.771 Loading class javafx/scene/control/MenuItem
Event: 260.771 Loading class javafx/scene/control/MenuItem done
Event: 260.772 Loading class javafx/event/ActionEvent
Event: 260.772 Loading class javafx/event/ActionEvent done
Event: 479.089 Loading class jdk/internal/misc/Signal$1
Event: 479.089 Loading class jdk/internal/misc/Signal$1 done
Event: 479.095 Loading class com/sun/javafx/tk/quantum/QuantumRenderer
Event: 479.095 Loading class com/sun/javafx/tk/quantum/QuantumRenderer done
Event: 479.097 Loading class com/sun/javafx/tk/quantum/QuantumToolkit
Event: 479.097 Loading class com/sun/javafx/tk/quantum/QuantumToolkit done

Classes unloaded (0 events):
No events

Classes redefined (0 events):
No events

Internal exceptions (20 events):
Event: 7.663 Thread 0x0000019184d074d0 Exception <a 'java/lang/NoSuchMethodError'{0x0000000095e37d20}: 'long java.lang.invoke.DirectMethodHandle$Holder.invokeStaticInit(java.lang.Object, java.lang.Object, java.lang.Object)'> (0x0000000095e37d20) 
thrown [s\src\hotspot\share\interpreter\linkResolver.cpp, line 759]
Event: 7.666 Thread 0x0000019184d074d0 Exception <a 'java/lang/NoSuchMethodError'{0x0000000095e4f8a0}: 'java.lang.Object java.lang.invoke.DirectMethodHandle$Holder.newInvokeSpecial(java.lang.Object, java.lang.Object, long)'> (0x0000000095e4f8a0) 
thrown [s\src\hotspot\share\interpreter\linkResolver.cpp, line 759]
Event: 7.667 Thread 0x0000019184d074d0 Exception <a 'java/lang/NoSuchMethodError'{0x0000000095e53410}: 'java.lang.Object java.lang.invoke.Invokers$Holder.linkToTargetMethod(java.lang.Object, long, java.lang.Object)'> (0x0000000095e53410) 
thrown [s\src\hotspot\share\interpreter\linkResolver.cpp, line 759]
Event: 7.929 Thread 0x0000019184d074d0 Exception <a 'java/lang/ClassNotFoundException'{0x0000000095321f58}: com/sun/javafx/scene/control/skin/resources/controls> (0x0000000095321f58) 
thrown [s\src\hotspot\share\prims\jni.cpp, line 535]
Event: 7.930 Thread 0x0000019184d074d0 Exception <a 'java/lang/ClassNotFoundException'{0x0000000095330908}: com/sun/javafx/scene/control/skin/resources/controls_es> (0x0000000095330908) 
thrown [s\src\hotspot\share\prims\jni.cpp, line 535]
Event: 7.931 Thread 0x0000019184d074d0 Exception <a 'java/lang/ClassNotFoundException'{0x000000009533eae8}: com/sun/javafx/scene/control/skin/resources/controls_es_MX> (0x000000009533eae8) 
thrown [s\src\hotspot\share\prims\jni.cpp, line 535]
Event: 7.974 Thread 0x0000019184d074d0 Exception <a 'java/lang/NoSuchMethodError'{0x00000000952ca950}: 'int java.lang.invoke.DirectMethodHandle$Holder.invokeSpecial(java.lang.Object, java.lang.Object, int)'> (0x00000000952ca950) 
thrown [s\src\hotspot\share\interpreter\linkResolver.cpp, line 759]
Event: 8.196 Thread 0x0000019184d074d0 Exception <a 'java/lang/NoSuchMethodError'{0x0000000094ceca98}: 'void java.lang.invoke.DirectMethodHandle$Holder.invokeVirtual(java.lang.Object, java.lang.Object)'> (0x0000000094ceca98) 
thrown [s\src\hotspot\share\interpreter\linkResolver.cpp, line 759]
Event: 47.048 Thread 0x0000019184f39910 Implicit null exception at 0x000001913087772c to 0x00000191308777ac
Event: 65.466 Thread 0x0000019184f39910 Implicit null exception at 0x0000019130b9369d to 0x0000019130b93838
Event: 77.659 Thread 0x0000019184d074d0 Exception <a 'java/lang/NoSuchMethodError'{0x0000000097bd4520}: 'java.lang.Object java.lang.invoke.DirectMethodHandle$Holder.invokeSpecial(java.lang.Object, java.lang.Object, long, java.lang.Object, int, int, java.lang.Object, int, java.lang.Object)'> (0x0000000097bd4520) 
thrown [s\src\hotspot\share\interpreter\linkResolver.cpp, line 759]
Event: 77.660 Thread 0x0000019184d074d0 Exception <a 'java/lang/NoSuchMethodError'{0x0000000097bd8a28}: 'java.lang.Object java.lang.invoke.DelegatingMethodHandle$Holder.reinvoke_L(java.lang.Object, long, java.lang.Object, int, int, java.lang.Object, int, java.lang.Object)'> (0x0000000097bd8a28) 
thrown [s\src\hotspot\share\interpreter\linkResolver.cpp, line 759]
Event: 77.678 Thread 0x0000019184d074d0 Exception <a 'java/lang/NoSuchMethodError'{0x0000000097a31dc8}: 'java.lang.Object java.lang.invoke.DelegatingMethodHandle$Holder.reinvoke_L(java.lang.Object, java.lang.Object, int, int, java.lang.Object, java.lang.Object)'> (0x0000000097a31dc8) 
thrown [s\src\hotspot\share\interpreter\linkResolver.cpp, line 759]
Event: 95.399 Thread 0x0000019184d074d0 Implicit null exception at 0x0000019130a7350c to 0x0000019130a73540
Event: 117.288 Thread 0x0000019184d074d0 Exception <a 'java/lang/NoSuchMethodError'{0x0000000096fee830}: 'java.lang.Object java.lang.invoke.DirectMethodHandle$Holder.newInvokeSpecial(java.lang.Object, java.lang.Object, java.lang.Object, double, double, double, double, int, int, int, int, int, int, int, int, int)'> (0x0000000096fee830) 
thrown [s\src\hotspot\share\interpreter\linkResolver.cpp, line 759]
Event: 123.676 Thread 0x0000019184d074d0 Exception <a 'java/lang/NoSuchMethodError'{0x0000000096d8d848}: 'java.lang.Object java.lang.invoke.DelegatingMethodHandle$Holder.reinvoke_L(java.lang.Object, java.lang.Object, int, int, double, int)'> (0x0000000096d8d848) 
thrown [s\src\hotspot\share\interpreter\linkResolver.cpp, line 759]
Event: 260.786 Thread 0x0000019184d074d0 Implicit null exception at 0x0000019130d17a6a to 0x0000019130d1b728
Event: 260.786 Thread 0x0000019184d074d0 Implicit null exception at 0x0000019130ae200b to 0x0000019130ae2094
Event: 421.557 Thread 0x0000019184d074d0 Implicit null exception at 0x0000019130ee87ae to 0x0000019130eea514
Event: 432.205 Thread 0x0000019184d074d0 Implicit null exception at 0x0000019130df1beb to 0x0000019130df4da8

VM Operations (20 events):
Event: 477.245 Executing VM operation: get/set locals done
Event: 477.245 Executing VM operation: get/set locals
Event: 477.245 Executing VM operation: get/set locals done
Event: 477.245 Executing VM operation: get/set locals
Event: 477.245 Executing VM operation: get/set locals done
Event: 478.977 Executing VM operation: ChangeBreakpoints
Event: 478.977 Executing VM operation: ChangeBreakpoints done
Event: 478.978 Executing VM operation: ChangeBreakpoints
Event: 478.978 Executing VM operation: ChangeBreakpoints done
Event: 478.978 Executing VM operation: ChangeBreakpoints
Event: 478.978 Executing VM operation: ChangeBreakpoints done
Event: 478.978 Executing VM operation: ChangeBreakpoints
Event: 478.978 Executing VM operation: ChangeBreakpoints done
Event: 478.978 Executing VM operation: ChangeBreakpoints
Event: 478.978 Executing VM operation: ChangeBreakpoints done
Event: 478.978 Executing VM operation: ChangeBreakpoints
Event: 478.978 Executing VM operation: ChangeBreakpoints done
Event: 478.978 Executing VM operation: ChangeBreakpoints
Event: 478.978 Executing VM operation: ChangeBreakpoints done
Event: 479.099 Executing VM operation: Exit

Memory protections (0 events):
No events

Nmethod flushes (20 events):
Event: 293.228 Thread 0x000001913e644b50 flushing  nmethod 0x00000191296c1e90
Event: 293.228 Thread 0x000001913e644b50 flushing  nmethod 0x00000191296cfc10
Event: 293.228 Thread 0x000001913e644b50 flushing  nmethod 0x00000191296d7590
Event: 293.228 Thread 0x000001913e644b50 flushing  nmethod 0x00000191296dfe10
Event: 293.228 Thread 0x000001913e644b50 flushing  nmethod 0x00000191296e4c90
Event: 293.228 Thread 0x000001913e644b50 flushing  nmethod 0x00000191296f0010
Event: 293.228 Thread 0x000001913e644b50 flushing  nmethod 0x00000191296f0390
Event: 293.229 Thread 0x000001913e644b50 flushing  nmethod 0x00000191296f2110
Event: 293.229 Thread 0x000001913e644b50 flushing  nmethod 0x0000019129706190
Event: 293.229 Thread 0x000001913e644b50 flushing  nmethod 0x0000019129735c10
Event: 293.229 Thread 0x000001913e644b50 flushing  nmethod 0x0000019129739390
Event: 293.229 Thread 0x000001913e644b50 flushing  nmethod 0x0000019129740e10
Event: 293.229 Thread 0x000001913e644b50 flushing  nmethod 0x0000019129784610
Event: 293.230 Thread 0x000001913e644b50 flushing  nmethod 0x0000019129845510
Event: 293.231 Thread 0x000001913e644b50 flushing  nmethod 0x00000191299e1310
Event: 293.231 Thread 0x000001913e644b50 flushing  nmethod 0x00000191299f9390
Event: 293.231 Thread 0x000001913e644b50 flushing  nmethod 0x0000019129a9c390
Event: 293.231 Thread 0x000001913e644b50 flushing  nmethod 0x0000019129ad4710
Event: 293.231 Thread 0x000001913e644b50 flushing  nmethod 0x0000019129ad4e90
Event: 293.232 Thread 0x000001913e644b50 flushing  nmethod 0x0000019129b29610

Events (20 events):
Event: 279.595 Thread 0x000001913e641130 Thread added: 0x00000191854f3300
Event: 280.286 Thread 0x00000191854f3300 Thread exited: 0x00000191854f3300
Event: 284.503 Thread 0x000001913e641130 Thread added: 0x0000019190f74440
Event: 285.083 Thread 0x0000019190f74440 Thread exited: 0x0000019190f74440
Event: 291.746 Thread 0x000001913e641130 Thread added: 0x00000191905c06d0
Event: 293.005 Thread 0x00000191905c06d0 Thread exited: 0x00000191905c06d0
Event: 400.829 Thread 0x000001913e637450 Thread added: 0x0000019190a0ed20
Event: 401.739 Thread 0x0000019190a0ed20 Thread exited: 0x0000019190a0ed20
Event: 420.349 Thread 0x000001913e637450 Thread added: 0x000001918edecf90
Event: 420.913 Thread 0x000001918edecf90 Thread exited: 0x000001918edecf90
Event: 431.702 Thread 0x000001913e637450 Thread added: 0x0000019185b958c0
Event: 432.277 Thread 0x0000019185b958c0 Thread exited: 0x0000019185b958c0
Event: 478.977 Thread 0x0000019184973140 Thread exited: 0x0000019184973140
Event: 478.984 Thread 0x0000019184971d00 Thread exited: 0x0000019184971d00
Event: 479.090 Thread 0x000001913e62ed20 Thread added: 0x00000191902360d0
Event: 479.093 Thread 0x00000191902360d0 Thread added: 0x00000191902351a0
Event: 479.093 Thread 0x00000191902360d0 Thread added: 0x0000019190234c90
Event: 479.095 Thread 0x0000019190234c90 Thread exited: 0x0000019190234c90
Event: 479.098 Thread 0x00000191902351a0 Thread exited: 0x00000191902351a0
Event: 479.099 Thread 0x000001913e62ed20 Thread exited: 0x000001913e62ed20


Dynamic libraries:
0x00007ff6a5c80000 - 0x00007ff6a5c8e000 	C:\Users\diego\.jdks\corretto-17.0.13\bin\java.exe
0x00007ff96c5c0000 - 0x00007ff96c823000 	C:\WINDOWS\SYSTEM32\ntdll.dll
0x00007ff96b700000 - 0x00007ff96b7c8000 	C:\WINDOWS\System32\KERNEL32.DLL
0x00007ff969e40000 - 0x00007ff96a1f2000 	C:\WINDOWS\System32\KERNELBASE.dll
0x00007ff969a40000 - 0x00007ff969b8b000 	C:\WINDOWS\System32\ucrtbase.dll
0x00007ff963f60000 - 0x00007ff963f77000 	C:\Users\diego\.jdks\corretto-17.0.13\bin\jli.dll
0x00007ff95c520000 - 0x00007ff95c53b000 	C:\Users\diego\.jdks\corretto-17.0.13\bin\VCRUNTIME140.dll
0x00007ff96b3a0000 - 0x00007ff96b568000 	C:\WINDOWS\System32\USER32.dll
0x00007ff96a3f0000 - 0x00007ff96a417000 	C:\WINDOWS\System32\win32u.dll
0x00007ff956410000 - 0x00007ff9566a0000 	C:\WINDOWS\WinSxS\amd64_microsoft.windows.common-controls_6595b64144ccf1df_6.0.26100.2454_none_3e0b68a2e331ad60\COMCTL32.dll
0x00007ff96b190000 - 0x00007ff96b1ba000 	C:\WINDOWS\System32\GDI32.dll
0x00007ff96b650000 - 0x00007ff96b6f9000 	C:\WINDOWS\System32\msvcrt.dll
0x00007ff96a2c0000 - 0x00007ff96a3eb000 	C:\WINDOWS\System32\gdi32full.dll
0x00007ff969990000 - 0x00007ff969a33000 	C:\WINDOWS\System32\msvcp_win.dll
0x00007ff96a430000 - 0x00007ff96a45f000 	C:\WINDOWS\System32\IMM32.DLL
0x00007ff964000000 - 0x00007ff96400c000 	C:\Users\diego\.jdks\corretto-17.0.13\bin\vcruntime140_1.dll
0x00007ff95b270000 - 0x00007ff95b2fd000 	C:\Users\diego\.jdks\corretto-17.0.13\bin\msvcp140.dll
0x00007ff90e3f0000 - 0x00007ff90f05c000 	C:\Users\diego\.jdks\corretto-17.0.13\bin\server\jvm.dll
0x00007ff96c2d0000 - 0x00007ff96c384000 	C:\WINDOWS\System32\ADVAPI32.dll
0x00007ff96c450000 - 0x00007ff96c4f6000 	C:\WINDOWS\System32\sechost.dll
0x00007ff96a470000 - 0x00007ff96a586000 	C:\WINDOWS\System32\RPCRT4.dll
0x00007ff96b1c0000 - 0x00007ff96b234000 	C:\WINDOWS\System32\WS2_32.dll
0x00007ff969820000 - 0x00007ff96986e000 	C:\WINDOWS\SYSTEM32\POWRPROF.dll
0x00007ff9663c0000 - 0x00007ff9663f6000 	C:\WINDOWS\SYSTEM32\WINMM.dll
0x00007ff9603f0000 - 0x00007ff9603fb000 	C:\WINDOWS\SYSTEM32\VERSION.dll
0x00007ff969800000 - 0x00007ff969814000 	C:\WINDOWS\SYSTEM32\UMPDC.dll
0x00007ff9687d0000 - 0x00007ff9687ea000 	C:\WINDOWS\SYSTEM32\kernel.appcore.dll
0x00007ff963410000 - 0x00007ff96341a000 	C:\Users\diego\.jdks\corretto-17.0.13\bin\jimage.dll
0x00007ff966ee0000 - 0x00007ff967121000 	C:\WINDOWS\SYSTEM32\DBGHELP.DLL
0x00007ff96bed0000 - 0x00007ff96c24e000 	C:\WINDOWS\System32\combase.dll
0x00007ff96b570000 - 0x00007ff96b646000 	C:\WINDOWS\System32\OLEAUT32.dll
0x00007ff94b010000 - 0x00007ff94b049000 	C:\WINDOWS\SYSTEM32\dbgcore.DLL
0x00007ff969b90000 - 0x00007ff969c29000 	C:\WINDOWS\System32\bcryptPrimitives.dll
0x00007ff95b1f0000 - 0x00007ff95b22b000 	C:\Users\diego\.jdks\corretto-17.0.13\bin\jdwp.dll
0x00007ff9612a0000 - 0x00007ff9612ae000 	C:\Users\diego\.jdks\corretto-17.0.13\bin\instrument.dll
0x00007ff95bc40000 - 0x00007ff95bc65000 	C:\Users\diego\.jdks\corretto-17.0.13\bin\java.dll
0x00007ff95b250000 - 0x00007ff95b268000 	C:\Users\diego\.jdks\corretto-17.0.13\bin\zip.dll
0x00007ff95b110000 - 0x00007ff95b1e7000 	C:\Users\diego\.jdks\corretto-17.0.13\bin\jsvml.dll
0x00007ff96a9a0000 - 0x00007ff96b0a0000 	C:\WINDOWS\System32\SHELL32.dll
0x00007ff9676e0000 - 0x00007ff967f11000 	C:\WINDOWS\SYSTEM32\windows.storage.dll
0x00007ff96b0b0000 - 0x00007ff96b18a000 	C:\WINDOWS\System32\SHCORE.dll
0x00007ff96a740000 - 0x00007ff96a79d000 	C:\WINDOWS\System32\shlwapi.dll
0x00007ff9698a0000 - 0x00007ff9698ce000 	C:\WINDOWS\SYSTEM32\profapi.dll
0x00007ff95ac10000 - 0x00007ff95ac29000 	C:\Users\diego\.jdks\corretto-17.0.13\bin\net.dll
0x00007ff962eb0000 - 0x00007ff962fd6000 	C:\WINDOWS\SYSTEM32\WINHTTP.dll
0x00007ff968cd0000 - 0x00007ff968d38000 	C:\WINDOWS\system32\mswsock.dll
0x00007ff95abf0000 - 0x00007ff95ac06000 	C:\Users\diego\.jdks\corretto-17.0.13\bin\nio.dll
0x00007ff95d060000 - 0x00007ff95d06c000 	C:\Users\diego\.jdks\corretto-17.0.13\bin\dt_socket.dll
0x00007ff968260000 - 0x00007ff968292000 	C:\WINDOWS\SYSTEM32\IPHLPAPI.DLL
0x0000019120970000 - 0x0000019120973000 	D:\Proyecto Terminal\openjfx-22.0.1_windows-x64_bin-sdk\javafx-sdk-22.0.1\bin\api-ms-win-core-console-l1-1-0.dll
0x00000191210d0000 - 0x00000191210d3000 	D:\Proyecto Terminal\openjfx-22.0.1_windows-x64_bin-sdk\javafx-sdk-22.0.1\bin\api-ms-win-core-console-l1-2-0.dll
0x00000191210e0000 - 0x00000191210e3000 	D:\Proyecto Terminal\openjfx-22.0.1_windows-x64_bin-sdk\javafx-sdk-22.0.1\bin\api-ms-win-core-datetime-l1-1-0.dll
0x00000191210f0000 - 0x00000191210f3000 	D:\Proyecto Terminal\openjfx-22.0.1_windows-x64_bin-sdk\javafx-sdk-22.0.1\bin\api-ms-win-core-debug-l1-1-0.dll
0x0000019121100000 - 0x0000019121103000 	D:\Proyecto Terminal\openjfx-22.0.1_windows-x64_bin-sdk\javafx-sdk-22.0.1\bin\api-ms-win-core-errorhandling-l1-1-0.dll
0x0000019121110000 - 0x0000019121114000 	D:\Proyecto Terminal\openjfx-22.0.1_windows-x64_bin-sdk\javafx-sdk-22.0.1\bin\api-ms-win-core-file-l1-1-0.dll
0x0000019121120000 - 0x0000019121123000 	D:\Proyecto Terminal\openjfx-22.0.1_windows-x64_bin-sdk\javafx-sdk-22.0.1\bin\api-ms-win-core-file-l1-2-0.dll
0x0000019121130000 - 0x0000019121133000 	D:\Proyecto Terminal\openjfx-22.0.1_windows-x64_bin-sdk\javafx-sdk-22.0.1\bin\api-ms-win-core-file-l2-1-0.dll
0x0000019121140000 - 0x0000019121143000 	D:\Proyecto Terminal\openjfx-22.0.1_windows-x64_bin-sdk\javafx-sdk-22.0.1\bin\api-ms-win-core-handle-l1-1-0.dll
0x0000019121150000 - 0x0000019121153000 	D:\Proyecto Terminal\openjfx-22.0.1_windows-x64_bin-sdk\javafx-sdk-22.0.1\bin\api-ms-win-core-heap-l1-1-0.dll
0x0000019121160000 - 0x0000019121163000 	D:\Proyecto Terminal\openjfx-22.0.1_windows-x64_bin-sdk\javafx-sdk-22.0.1\bin\api-ms-win-core-interlocked-l1-1-0.dll
0x0000019121170000 - 0x0000019121173000 	D:\Proyecto Terminal\openjfx-22.0.1_windows-x64_bin-sdk\javafx-sdk-22.0.1\bin\api-ms-win-core-libraryloader-l1-1-0.dll
0x0000019121180000 - 0x0000019121183000 	D:\Proyecto Terminal\openjfx-22.0.1_windows-x64_bin-sdk\javafx-sdk-22.0.1\bin\api-ms-win-core-localization-l1-2-0.dll
0x000001913ef80000 - 0x000001913ef83000 	D:\Proyecto Terminal\openjfx-22.0.1_windows-x64_bin-sdk\javafx-sdk-22.0.1\bin\api-ms-win-core-memory-l1-1-0.dll
0x000001913ef90000 - 0x000001913ef93000 	D:\Proyecto Terminal\openjfx-22.0.1_windows-x64_bin-sdk\javafx-sdk-22.0.1\bin\api-ms-win-core-namedpipe-l1-1-0.dll
0x000001913efa0000 - 0x000001913efa3000 	D:\Proyecto Terminal\openjfx-22.0.1_windows-x64_bin-sdk\javafx-sdk-22.0.1\bin\api-ms-win-core-processenvironment-l1-1-0.dll
0x000001913efb0000 - 0x000001913efb3000 	D:\Proyecto Terminal\openjfx-22.0.1_windows-x64_bin-sdk\javafx-sdk-22.0.1\bin\api-ms-win-core-processthreads-l1-1-0.dll
0x000001913edf0000 - 0x000001913edf3000 	D:\Proyecto Terminal\openjfx-22.0.1_windows-x64_bin-sdk\javafx-sdk-22.0.1\bin\api-ms-win-core-processthreads-l1-1-1.dll
0x000001913ee00000 - 0x000001913ee03000 	D:\Proyecto Terminal\openjfx-22.0.1_windows-x64_bin-sdk\javafx-sdk-22.0.1\bin\api-ms-win-core-profile-l1-1-0.dll
0x000001913ee10000 - 0x000001913ee13000 	D:\Proyecto Terminal\openjfx-22.0.1_windows-x64_bin-sdk\javafx-sdk-22.0.1\bin\api-ms-win-core-rtlsupport-l1-1-0.dll
0x000001913ee20000 - 0x000001913ee23000 	D:\Proyecto Terminal\openjfx-22.0.1_windows-x64_bin-sdk\javafx-sdk-22.0.1\bin\api-ms-win-core-string-l1-1-0.dll
0x000001913ee30000 - 0x000001913ee33000 	D:\Proyecto Terminal\openjfx-22.0.1_windows-x64_bin-sdk\javafx-sdk-22.0.1\bin\api-ms-win-core-synch-l1-1-0.dll
0x000001913ee40000 - 0x000001913ee43000 	D:\Proyecto Terminal\openjfx-22.0.1_windows-x64_bin-sdk\javafx-sdk-22.0.1\bin\api-ms-win-core-synch-l1-2-0.dll
0x000001913ee50000 - 0x000001913ee53000 	D:\Proyecto Terminal\openjfx-22.0.1_windows-x64_bin-sdk\javafx-sdk-22.0.1\bin\api-ms-win-core-sysinfo-l1-1-0.dll
0x000001913ee60000 - 0x000001913ee63000 	D:\Proyecto Terminal\openjfx-22.0.1_windows-x64_bin-sdk\javafx-sdk-22.0.1\bin\api-ms-win-core-timezone-l1-1-0.dll
0x000001913ee70000 - 0x000001913ee73000 	D:\Proyecto Terminal\openjfx-22.0.1_windows-x64_bin-sdk\javafx-sdk-22.0.1\bin\api-ms-win-core-util-l1-1-0.dll
0x000001913ee80000 - 0x000001913ee83000 	D:\Proyecto Terminal\openjfx-22.0.1_windows-x64_bin-sdk\javafx-sdk-22.0.1\bin\api-ms-win-crt-conio-l1-1-0.dll
0x000001913ee90000 - 0x000001913ee94000 	D:\Proyecto Terminal\openjfx-22.0.1_windows-x64_bin-sdk\javafx-sdk-22.0.1\bin\api-ms-win-crt-convert-l1-1-0.dll
0x000001913eea0000 - 0x000001913eea3000 	D:\Proyecto Terminal\openjfx-22.0.1_windows-x64_bin-sdk\javafx-sdk-22.0.1\bin\api-ms-win-crt-environment-l1-1-0.dll
0x000001913eeb0000 - 0x000001913eeb3000 	D:\Proyecto Terminal\openjfx-22.0.1_windows-x64_bin-sdk\javafx-sdk-22.0.1\bin\api-ms-win-crt-filesystem-l1-1-0.dll
0x000001913eec0000 - 0x000001913eec3000 	D:\Proyecto Terminal\openjfx-22.0.1_windows-x64_bin-sdk\javafx-sdk-22.0.1\bin\api-ms-win-crt-heap-l1-1-0.dll
0x000001913eed0000 - 0x000001913eed3000 	D:\Proyecto Terminal\openjfx-22.0.1_windows-x64_bin-sdk\javafx-sdk-22.0.1\bin\api-ms-win-crt-locale-l1-1-0.dll
0x000001913eee0000 - 0x000001913eee5000 	D:\Proyecto Terminal\openjfx-22.0.1_windows-x64_bin-sdk\javafx-sdk-22.0.1\bin\api-ms-win-crt-math-l1-1-0.dll
0x000001913eef0000 - 0x000001913eef5000 	D:\Proyecto Terminal\openjfx-22.0.1_windows-x64_bin-sdk\javafx-sdk-22.0.1\bin\api-ms-win-crt-multibyte-l1-1-0.dll
0x000001913ef00000 - 0x000001913ef10000 	D:\Proyecto Terminal\openjfx-22.0.1_windows-x64_bin-sdk\javafx-sdk-22.0.1\bin\api-ms-win-crt-private-l1-1-0.dll
0x000001913ef10000 - 0x000001913ef13000 	D:\Proyecto Terminal\openjfx-22.0.1_windows-x64_bin-sdk\javafx-sdk-22.0.1\bin\api-ms-win-crt-process-l1-1-0.dll
0x000001913ef20000 - 0x000001913ef24000 	D:\Proyecto Terminal\openjfx-22.0.1_windows-x64_bin-sdk\javafx-sdk-22.0.1\bin\api-ms-win-crt-runtime-l1-1-0.dll
0x000001913ef30000 - 0x000001913ef34000 	D:\Proyecto Terminal\openjfx-22.0.1_windows-x64_bin-sdk\javafx-sdk-22.0.1\bin\api-ms-win-crt-stdio-l1-1-0.dll
0x000001913ef40000 - 0x000001913ef44000 	D:\Proyecto Terminal\openjfx-22.0.1_windows-x64_bin-sdk\javafx-sdk-22.0.1\bin\api-ms-win-crt-string-l1-1-0.dll
0x000001913ef50000 - 0x000001913ef53000 	D:\Proyecto Terminal\openjfx-22.0.1_windows-x64_bin-sdk\javafx-sdk-22.0.1\bin\api-ms-win-crt-time-l1-1-0.dll
0x000001913ef60000 - 0x000001913ef63000 	D:\Proyecto Terminal\openjfx-22.0.1_windows-x64_bin-sdk\javafx-sdk-22.0.1\bin\api-ms-win-crt-utility-l1-1-0.dll
0x00007ff9598e0000 - 0x00007ff9599dc000 	D:\Proyecto Terminal\openjfx-22.0.1_windows-x64_bin-sdk\javafx-sdk-22.0.1\bin\ucrtbase.dll
0x00007ff95abd0000 - 0x00007ff95abeb000 	D:\Proyecto Terminal\openjfx-22.0.1_windows-x64_bin-sdk\javafx-sdk-22.0.1\bin\vcruntime140.dll
0x00007ff95b100000 - 0x00007ff95b10c000 	D:\Proyecto Terminal\openjfx-22.0.1_windows-x64_bin-sdk\javafx-sdk-22.0.1\bin\vcruntime140_1.dll
0x00007ff959e50000 - 0x00007ff959ede000 	D:\Proyecto Terminal\openjfx-22.0.1_windows-x64_bin-sdk\javafx-sdk-22.0.1\bin\msvcp140.dll
0x00007ff95ae70000 - 0x00007ff95ae79000 	D:\Proyecto Terminal\openjfx-22.0.1_windows-x64_bin-sdk\javafx-sdk-22.0.1\bin\msvcp140_1.dll
0x00007ff95ab80000 - 0x00007ff95abc1000 	D:\Proyecto Terminal\openjfx-22.0.1_windows-x64_bin-sdk\javafx-sdk-22.0.1\bin\msvcp140_2.dll
0x00007ff959e20000 - 0x00007ff959e50000 	D:\Proyecto Terminal\openjfx-22.0.1_windows-x64_bin-sdk\javafx-sdk-22.0.1\bin\prism_d3d.dll
0x00007ff926bb0000 - 0x00007ff926d56000 	C:\WINDOWS\system32\d3d9.dll
0x00007ff966790000 - 0x00007ff9667be000 	C:\WINDOWS\SYSTEM32\dwmapi.dll
0x00007ff966740000 - 0x00007ff966787000 	C:\WINDOWS\SYSTEM32\dxcore.dll
0x00007ff966440000 - 0x00007ff9664ed000 	C:\WINDOWS\system32\uxtheme.dll
0x00007ff960400000 - 0x00007ff9605dd000 	C:\WINDOWS\System32\DriverStore\FileRepository\u0355756.inf_amd64_5146fc3a012e7afa\B354291\aticfx64.dll
0x00007ff926b80000 - 0x00007ff926bb0000 	C:\WINDOWS\System32\DriverStore\FileRepository\u0355756.inf_amd64_5146fc3a012e7afa\B354291\atiu9p64.dll
0x00007ff925a20000 - 0x00007ff9266eb000 	C:\WINDOWS\System32\DriverStore\FileRepository\u0355756.inf_amd64_5146fc3a012e7afa\B354291\atiumd64.dll
0x00007ff96a5a0000 - 0x00007ff96a739000 	C:\WINDOWS\System32\ole32.dll
0x0000000073870000 - 0x00000000745f3000 	C:\WINDOWS\System32\DriverStore\FileRepository\u0355756.inf_amd64_5146fc3a012e7afa\B354291\atiumd6a.dll
0x00007ff966570000 - 0x00007ff9665cc000 	C:\WINDOWS\SYSTEM32\directxdatabasehelper.dll
0x00007ff959860000 - 0x00007ff9598a5000 	D:\Proyecto Terminal\openjfx-22.0.1_windows-x64_bin-sdk\javafx-sdk-22.0.1\bin\glass.dll
0x00007ff96a8b0000 - 0x00007ff96a99d000 	C:\WINDOWS\System32\COMDLG32.dll
0x00007ff904840000 - 0x00007ff90489e000 	C:\Program Files\Huawei\PCManager\plugins\PerfWndMonModule.dll
0x00007ff96b240000 - 0x00007ff96b39c000 	C:\WINDOWS\System32\MSCTF.dll
0x00007ff96c390000 - 0x00007ff96c438000 	C:\WINDOWS\System32\clbcatq.dll
0x00007ff95c0f0000 - 0x00007ff95c245000 	C:\Windows\System32\Windows.UI.dll
0x00007ff93fc90000 - 0x00007ff93fddc000 	C:\Windows\System32\Windows.UI.Immersive.dll
0x00007ff959e00000 - 0x00007ff959e15000 	D:\Proyecto Terminal\openjfx-22.0.1_windows-x64_bin-sdk\javafx-sdk-22.0.1\bin\javafx_font.dll
0x00007ff965b40000 - 0x00007ff965da5000 	C:\WINDOWS\SYSTEM32\dwrite.dll
0x00007ff965de0000 - 0x00007ff96600e000 	C:\WINDOWS\SYSTEM32\WindowsCodecs.dll
0x00007ff95a060000 - 0x00007ff95a0ba000 	C:\WINDOWS\system32\dataexchange.dll
0x00007ff95db90000 - 0x00007ff95ddc7000 	C:\WINDOWS\system32\twinapi.appcore.dll
0x00007ff959c90000 - 0x00007ff959cbc000 	C:\Program Files\Common Files\Microsoft Shared\Ink\rtscom.dll
0x00007ff958990000 - 0x00007ff958ad6000 	C:\WINDOWS\SYSTEM32\textinputframework.dll
0x00007ff962970000 - 0x00007ff962a95000 	C:\WINDOWS\SYSTEM32\CoreMessaging.dll
0x00007ff9607e0000 - 0x00007ff960ac3000 	C:\WINDOWS\SYSTEM32\CoreUIComponents.dll
0x00007ff964460000 - 0x00007ff9645c8000 	C:\WINDOWS\SYSTEM32\wintypes.dll
0x00007ff968f90000 - 0x00007ff968f9c000 	C:\WINDOWS\SYSTEM32\CRYPTBASE.DLL
0x00007ff959c10000 - 0x00007ff959c3d000 	D:\Proyecto Terminal\openjfx-22.0.1_windows-x64_bin-sdk\javafx-sdk-22.0.1\bin\javafx_iio.dll
0x00007ff965500000 - 0x00007ff965b3a000 	C:\WINDOWS\SYSTEM32\d2d1.dll
0x00007ff966150000 - 0x00007ff9663ad000 	C:\WINDOWS\SYSTEM32\d3d11.dll

dbghelp: loaded successfully - version: 4.0.5 - missing functions: none
symbol engine: initialized successfully - sym options: 0x614 - pdb path: .;C:\Users\diego\.jdks\corretto-17.0.13\bin;C:\WINDOWS\SYSTEM32;C:\WINDOWS\WinSxS\amd64_microsoft.windows.common-controls_6595b64144ccf1df_6.0.26100.2454_none_3e0b68a2e331ad60;C:\Users\diego\.jdks\corretto-17.0.13\bin\server;D:\Proyecto Terminal\openjfx-22.0.1_windows-x64_bin-sdk\javafx-sdk-22.0.1\bin;C:\WINDOWS\System32\DriverStore\FileRepository\u0355756.inf_amd64_5146fc3a012e7afa\B354291;C:\Program Files\Huawei\PCManager\plugins;C:\Program Files\Common Files\Microsoft Shared\Ink

VM Arguments:
jvm_args: -agentlib:jdwp=transport=dt_socket,address=127.0.0.1:2478,suspend=y,server=n --module-path=D:\Proyecto Terminal\openjfx-22.0.1_windows-x64_bin-sdk\javafx-sdk-22.0.1\lib --add-modules=javafx.controls,javafx.fxml -javaagent:C:\Users\diego\AppData\Local\JetBrains\IntelliJIdea2024.1\captureAgent\debugger-agent.jar -Dfile.encoding=UTF-8 
java_command: optiuam.bc.controller.OptiUAM24
java_class_path (initial): D:\Proyecto Terminal\C鏚igo\OptiUAM24\OptiUAM\out\production\OptiUAM;D:\Proyecto Terminal\C鏚igo\OptiUAM24\OptiUAM\Librerias\jcommon-1.0.23.jar;D:\Proyecto Terminal\C鏚igo\OptiUAM24\OptiUAM\Librerias\jfreechart-1.0.19.jar;D:\Proyecto Terminal\openjfx-22.0.1_windows-x64_bin-sdk\javafx-sdk-22.0.1\lib\javafx-swt.jar;D:\Proyecto Terminal\openjfx-22.0.1_windows-x64_bin-sdk\javafx-sdk-22.0.1\lib\javafx.base.jar;D:\Proyecto Terminal\openjfx-22.0.1_windows-x64_bin-sdk\javafx-sdk-22.0.1\lib\javafx.controls.jar;D:\Proyecto Terminal\openjfx-22.0.1_windows-x64_bin-sdk\javafx-sdk-22.0.1\lib\javafx.fxml.jar;D:\Proyecto Terminal\openjfx-22.0.1_windows-x64_bin-sdk\javafx-sdk-22.0.1\lib\javafx.graphics.jar;D:\Proyecto Terminal\openjfx-22.0.1_windows-x64_bin-sdk\javafx-sdk-22.0.1\lib\javafx.media.jar;D:\Proyecto Terminal\openjfx-22.0.1_windows-x64_bin-sdk\javafx-sdk-22.0.1\lib\javafx.swing.jar;D:\Proyecto Terminal\openjfx-22.0.1_windows-x64_bin-sdk\javafx-sdk-22.0.1\lib\javafx.web.jar;D:\Proyecto Terminal\openjfx-22.0.1_windows-x64_bin-sdk.zip;D:\Proyecto Terminal\commons-math3-3.6.1\commons-math3-3.6.1-tests.jar;D:\Proyecto Terminal\commons-math3-3.6.1\commons-math3-3.6.1-tools.jar;D:\Proyecto Terminal\commons-math3-3.6.1\commons-math3-3.6.1.jar;C:\Program Files\JetBrains\IntelliJ IDEA 2024.1.3\lib\idea_rt.jar
Launcher Type: SUN_STANDARD

[Global flags]
     intx CICompilerCount                          = 4                                         {product} {ergonomic}
     uint ConcGCThreads                            = 2                                         {product} {ergonomic}
     uint G1ConcRefinementThreads                  = 8                                         {product} {ergonomic}
   size_t G1HeapRegionSize                         = 1048576                                   {product} {ergonomic}
    uintx GCDrainStackTargetSize                   = 64                                        {product} {ergonomic}
   size_t InitialHeapSize                          = 117440512                                 {product} {ergonomic}
   size_t MarkStackSize                            = 4194304                                   {product} {ergonomic}
   size_t MaxHeapSize                              = 1862270976                                {product} {ergonomic}
   size_t MaxNewSize                               = 1116733440                                {product} {ergonomic}
   size_t MinHeapDeltaBytes                        = 1048576                                   {product} {ergonomic}
   size_t MinHeapSize                              = 8388608                                   {product} {ergonomic}
    uintx NonNMethodCodeHeapSize                   = 5839372                                {pd product} {ergonomic}
    uintx NonProfiledCodeHeapSize                  = 122909434                              {pd product} {ergonomic}
    uintx ProfiledCodeHeapSize                     = 122909434                              {pd product} {ergonomic}
    uintx ReservedCodeCacheSize                    = 251658240                              {pd product} {ergonomic}
     bool SegmentedCodeCache                       = true                                      {product} {ergonomic}
   size_t SoftMaxHeapSize                          = 1862270976                             {manageable} {ergonomic}
     bool UseCompressedClassPointers               = true                           {product lp64_product} {ergonomic}
     bool UseCompressedOops                        = true                           {product lp64_product} {ergonomic}
     bool UseG1GC                                  = true                                      {product} {ergonomic}
     bool UseLargePagesIndividualAllocation        = false                                  {pd product} {ergonomic}

Logging:
Log output configuration:
 #0: stdout all=off uptime,level,tags
 #1: stderr all=off uptime,level,tags

Environment Variables:
PATH=C:\Program Files\Common Files\Oracle\Java\javapath;C:\Users\diego\Desktop\oracle\bin;C:\WINDOWS\system32;C:\WINDOWS;C:\WINDOWS\System32\Wbem;C:\WINDOWS\System32\WindowsPowerShell\v1.0\;C:\WINDOWS\System32\OpenSSH\;C:\Program Files\Git\cmd;C:\Strawberry\c\bin;C:\Strawberry\perl\site\bin;C:\Strawberry\perl\bin;C:\Users\diego\AppData\Local\Programs\Python\Launcher\;C:\Users\diego\AppData\Local\Microsoft\WindowsApps;C:\Program Files\JetBrains\IntelliJ IDEA 2024.1.3\bin;;C:\Users\diego\AppData\Local\GitHubDesktop\bin;C:\Program Files\JetBrains\PyCharm 2024.1.4\bin;;C:\Users\diego\AppData\Local\Programs\Microsoft VS Code\bin;C:\Users\diego\AppData\Local\Programs\MiKTeX\miktex\bin\x64\;C:\Program Files\JetBrains\PyCharm Community Edition 2024.3\bin;;
USERNAME=diego
OS=Windows_NT
PROCESSOR_IDENTIFIER=AMD64 Family 23 Model 24 Stepping 1, AuthenticAMD
TMP=C:\Users\diego\AppData\Local\Temp
TEMP=C:\Users\diego\AppData\Local\Temp



Periodic native trim disabled


---------------  S Y S T E M  ---------------

OS:
 Windows 11 , 64 bit Build 26100 (10.0.26100.2454)
OS uptime: 3 days 16:11 hours

CPU: total 8 (initial active 8) (8 cores per cpu, 2 threads per core) family 23 model 24 stepping 1 microcode 0x8108109, cx8, cmov, fxsr, ht, mmx, 3dnowpref, sse, sse2, sse3, ssse3, sse4a, sse4.1, sse4.2, popcnt, lzcnt, tsc, tscinvbit, avx, avx2, aes, clmul, bmi1, bmi2, adx, sha, fma, vzeroupper, clflush, clflushopt
Processor Information for all 8 processors :
  Max Mhz: 2100, Current Mhz: 2100, Mhz Limit: 2100

Memory: 4k page, system-wide physical 7103M (1372M free)
TotalPageFile size 15807M (AvailPageFile size 2149M)
current process WorkingSet (physical memory assigned to process): 259M, peak: 353M
current process commit charge ("private bytes"): 419M, peak: 469M

vm_info: OpenJDK 64-Bit Server VM (17.0.13+11-LTS) for windows-amd64 JRE (17.0.13+11-LTS), built on Oct 10 2024 19:51:30 by "Administrator" with MS VC++ 16.10 / 16.11 (VS2019)

END.
