#
# A fatal error has been detected by the Java Runtime Environment:
#
#  EXCEPTION_ACCESS_VIOLATION (0xc0000005) at pc=0x00007ff974b582d7, pid=5412, tid=9708
#
# JRE version: OpenJDK Runtime Environment Corretto-17.0.13.11.1 (17.0.13+11) (build 17.0.13+11-LTS)
# Java VM: OpenJDK 64-Bit Server VM Corretto-17.0.13.11.1 (17.0.13+11-LTS, mixed mode, sharing, tiered, compressed oops, compressed class ptrs, g1 gc, windows-amd64)
# Problematic frame:
# C  [glass.dll+0x282d7]
#
# No core dump will be written. Minidumps are not enabled by default on client versions of Windows
#
# If you would like to submit a bug report, please visit:
#   https://github.com/corretto/corretto-17/issues/
#

---------------  S U M M A R Y ------------

Command Line: -agentlib:jdwp=transport=dt_socket,address=127.0.0.1:53444,suspend=y,server=n --module-path=D:\Proyecto Terminal\openjfx-22.0.1_windows-x64_bin-sdk\javafx-sdk-22.0.1\lib --add-modules=javafx.controls,javafx.fxml -javaagent:C:\Users\diego\AppData\Local\JetBrains\IntelliJIdea2024.1\captureAgent\debugger-agent.jar -Dfile.encoding=UTF-8 optiuam.bc.controller.OptiUAM24

Host: AMD Ryzen 5 3500U with Radeon Vega Mobile Gfx  , 8 cores, 6G,  Windows 11 , 64 bit Build 22621 (10.0.22621.4391)
Time: Fri Nov 22 10:46:04 2024 Hora estándar central (México) elapsed time: 65.563029 seconds (0d 0h 1m 5s)

---------------  T H R E A D  ---------------

Current thread (0x00000222c793ffd0):  VMThread "VM Thread" [stack: 0x00000046b2d00000,0x00000046b2e00000] [id=9708]

Stack: [0x00000046b2d00000,0x00000046b2e00000],  sp=0x00000046b2dfed50,  free space=1019k
Native frames: (J=compiled Java code, j=interpreted, Vv=VM code, C=native code)
C  [glass.dll+0x282d7]


siginfo: EXCEPTION_ACCESS_VIOLATION (0xc0000005), reading address 0x0000000000000000


Registers:
RAX=0x0000000000000000, RBX=0x00000222c7957980, RCX=0x00000222c793ffd0, RDX=0x00000046b2dfed50
RSP=0x00000046b2dfed50, RBP=0x000002230dacf5f8, RSI=0x00000046b2dfee58, RDI=0x000002230dacf5d0
R8 =0x0000000000010002, R9 =0x000002230dacf5d0, R10=0x85f13e9656da4870, R11=0x00000046b2dfece0
R12=0x00007ff974b55be0, R13=0x00007ff92bf08420, R14=0x0000867de2ef0188, R15=0x000002230dacf5d0
RIP=0x00007ff974b582d7, EFLAGS=0x0000000000010206


Register to memory mapping:

RIP=0x00007ff974b582d7 glass.dll
RAX=0x0 is NULL
RBX=0x00000222c7957980 is a global jni handle
RCX=0x00000222c793ffd0 points into unknown readable memory: 0x00007ff92bd32cc8 | c8 2c d3 2b f9 7f 00 00
RDX=0x00000046b2dfed50 points into unknown readable memory: 0x0000000000000000 | 00 00 00 00 00 00 00 00
RSP=0x00000046b2dfed50 points into unknown readable memory: 0x0000000000000000 | 00 00 00 00 00 00 00 00
RBP=0x000002230dacf5f8 points into unknown readable memory: 0x0000867de2ef0188 | 88 01 ef e2 7d 86 00 00
RSI=0x00000046b2dfee58 points into unknown readable memory: 0x00000046b2dfee40 | 40 ee df b2 46 00 00 00
RDI=0x000002230dacf5d0 points into unknown readable memory: 0x007f7f0957b9f988 | 88 f9 b9 57 09 7f 7f 00
R8 =0x0000000000010002 is an unknown value
R9 =0x000002230dacf5d0 points into unknown readable memory: 0x007f7f0957b9f988 | 88 f9 b9 57 09 7f 7f 00
R10=0x85f13e9656da4870 is an unknown value
R11=0x00000046b2dfece0 points into unknown readable memory: 0x000002230dacf5d0 | d0 f5 ac 0d 23 02 00 00
R12=0x00007ff974b55be0 glass.dll
R13=0x00007ff92bf08420 jvm.dll
R14=0x0000867de2ef0188 is an unknown value
R15=0x000002230dacf5d0 points into unknown readable memory: 0x007f7f0957b9f988 | 88 f9 b9 57 09 7f 7f 00


Top of Stack: (sp=0x00000046b2dfed50)
0x00000046b2dfed50:   0000000000000000 00000046b2dfee58
0x00000046b2dfed60:   00007ff92bf08420 00007ff974b55be0
0x00000046b2dfed70:   000002230dacf5d8 00007ff988393a93
0x00000046b2dfed80:   000002230dacf5d0 0000022300000000
0x00000046b2dfed90:   000002230dacf5f8 00000046b2dfee58
0x00000046b2dfeda0:   fffffffffffffffe 0000000000000000
0x00000046b2dfedb0:   0000000000000001 00007ff974b30000
0x00000046b2dfedc0:   00000046b2dfee48 00007ff98836042e
0x00000046b2dfedd0:   0000000000000000 00000046b2dfee58
0x00000046b2dfede0:   00000046b2dff140 0000000000000001
0x00000046b2dfedf0:   0000000000000001 00007ff98835dddd
0x00000046b2dfee00:   0000000000000000 00007ff974b553d9
0x00000046b2dfee10:   0000000000000000 00000046b2dfee48
0x00000046b2dfee20:   fffffffffffffffe 0000000000000001
0x00000046b2dfee30:   0000000000000001 00007ff974b55a6d
0x00000046b2dfee40:   00007ff974b6d078 00007ff900000002
0x00000046b2dfee50:   0000000000000002 00000046b2dfee40
0x00000046b2dfee60:   0000000000000000 00007ff98adb8af3
0x00000046b2dfee70:   0000000000000000 00007ff974b55b92
0x00000046b2dfee80:   0000000000000001 00000046b2dff100
0x00000046b2dfee90:   0000000000000001 0000000000000001
0x00000046b2dfeea0:   00000222a7d71f48 00007ff9877c2223
0x00000046b2dfeeb0:   0000022200000001 0000000000000016
0x00000046b2dfeec0:   00007ff974b30000 000000007ffe0384
0x00000046b2dfeed0:   0000000000000000 00007ff98adb8b8f
0x00000046b2dfeee0:   00007ff974b30000 0000000000000000
0x00000046b2dfeef0:   0000000000000001 000000007ffe0385
0x00000046b2dfef00:   0000000000000000 00007ff98ade17d9
0x00000046b2dfef10:   00007c39cb244800 0000000000000014
0x00000046b2dfef20:   00007ff974b55be0 0000000000000000
0x00000046b2dfef30:   0000000000000000 00000046b2378000
0x00000046b2dfef40:   000002230d6b1180 00007ff98ade1596 

Instructions: (pc=0x00007ff974b582d7)
0x00007ff974b581d7:   8b 4d 58 e8 49 cf ff ff 48 8b 4d 60 e8 40 cf ff
0x00007ff974b581e7:   ff 48 8b 95 80 00 00 00 48 8b 8d 18 01 00 00 e8
0x00007ff974b581f7:   26 c5 ff ff 33 d2 33 c9 e8 8c e1 ff ff 90 48 89
0x00007ff974b58207:   54 24 10 55 48 83 ec 20 48 8b ea 48 b8 00 00 00
0x00007ff974b58217:   00 00 00 00 00 48 83 c4 20 5d c3 cc 40 55 48 8b
0x00007ff974b58227:   ea 48 8b 01 33 c9 81 38 05 00 00 c0 0f 94 c1 8b
0x00007ff974b58237:   c1 5d c3 cc 40 55 48 83 ec 20 48 8b ea 8a 4d 40
0x00007ff974b58247:   48 83 c4 20 5d e9 33 d3 ff ff cc 40 55 48 83 ec
0x00007ff974b58257:   20 48 8b ea 8a 4d 20 e8 21 d3 ff ff 90 48 83 c4
0x00007ff974b58267:   20 5d c3 cc 40 55 48 83 ec 20 48 8b ea 48 83 c4
0x00007ff974b58277:   20 5d e9 82 d1 ff ff cc 40 55 48 83 ec 30 48 8b
0x00007ff974b58287:   ea 48 8b 01 8b 10 48 89 4c 24 28 89 54 24 20 4c
0x00007ff974b58297:   8d 0d 23 d6 ff ff 4c 8b 45 70 8b 55 68 48 8b 4d
0x00007ff974b582a7:   60 e8 c3 d0 ff ff 90 48 83 c4 30 5d c3 cc cc cc
0x00007ff974b582b7:   cc cc cc cc cc cc cc cc cc 40 53 48 83 ec 20 48
0x00007ff974b582c7:   8b 1d 6b 47 01 00 48 85 db 74 16 e8 39 90 ff ff
0x00007ff974b582d7:   4c 8b 00 48 8b d3 48 8b c8 41 ff 90 b0 00 00 00
0x00007ff974b582e7:   90 48 83 c4 20 5b c3 cc cc 40 53 48 83 ec 20 48
0x00007ff974b582f7:   8b 1d ab 48 01 00 48 85 db 74 57 b8 ff ff ff ff
0x00007ff974b58307:   f0 0f c1 43 10 83 f8 01 75 3d 48 85 db 74 38 48
0x00007ff974b58317:   8b 0b 48 85 c9 74 0d ff 15 8c 0f 00 00 48 c7 03
0x00007ff974b58327:   00 00 00 00 48 8b 4b 08 48 85 c9 74 0d e8 ef cd
0x00007ff974b58337:   ff ff 48 c7 43 08 00 00 00 00 ba 18 00 00 00 48
0x00007ff974b58347:   8b cb e8 da cd ff ff 48 c7 05 4f 48 01 00 00 00
0x00007ff974b58357:   00 00 48 83 c4 20 5b c3 cc 40 53 48 83 ec 20 48
0x00007ff974b58367:   8b 1d 1b 48 01 00 48 85 db 74 57 b8 ff ff ff ff
0x00007ff974b58377:   f0 0f c1 43 10 83 f8 01 75 3d 48 85 db 74 38 48
0x00007ff974b58387:   8b 0b 48 85 c9 74 0d ff 15 1c 0f 00 00 48 c7 03
0x00007ff974b58397:   00 00 00 00 48 8b 4b 08 48 85 c9 74 0d e8 7f cd
0x00007ff974b583a7:   ff ff 48 c7 43 08 00 00 00 00 ba 18 00 00 00 48
0x00007ff974b583b7:   8b cb e8 6a cd ff ff 48 c7 05 bf 47 01 00 00 00
0x00007ff974b583c7:   00 00 48 83 c4 20 5b c3 cc 40 53 48 83 ec 20 48 


Stack slot to memory mapping:
stack at sp + 0 slots: 0x0 is NULL
stack at sp + 1 slots: 0x00000046b2dfee58 points into unknown readable memory: 0x00000046b2dfee40 | 40 ee df b2 46 00 00 00
stack at sp + 2 slots: 0x00007ff92bf08420 jvm.dll
stack at sp + 3 slots: 0x00007ff974b55be0 glass.dll
stack at sp + 4 slots: 0x000002230dacf5d8 points into unknown readable memory: 0x0000867de2ef0188 | 88 01 ef e2 7d 86 00 00
stack at sp + 5 slots: 0x00007ff988393a93 ucrtbase.dll
stack at sp + 6 slots: 0x000002230dacf5d0 points into unknown readable memory: 0x007f7f0957b9f988 | 88 f9 b9 57 09 7f 7f 00
stack at sp + 7 slots: 0x0000022300000000 is an unknown value

VM_Operation (0x00000046b24ff2a0): Exit, mode: safepoint, requested by thread 0x0000022314fb4cf0


---------------  P R O C E S S  ---------------

Threads class SMR info:
_java_thread_list=0x000002230de2f1b0, length=21, elements={
0x00000222a9eed170, 0x00000222c7949140, 0x00000222c7949ed0, 0x00000222c795b980,
0x00000222c795e260, 0x00000222c795eb30, 0x00000222c795fa10, 0x00000222c7961350,
0x00000222c7961c60, 0x00000222c79a71e0, 0x00000222c7b9df80, 0x000002230df0a660,
0x000002230d21a660, 0x000002230e20a430, 0x00000222c7ef1a80, 0x000002230dfe4ce0,
0x000002230d9990a0, 0x000002230e222450, 0x0000022314fb33a0, 0x0000022314fb3dc0,
0x0000022314fb4cf0
}

Java Threads: ( => current thread )
  0x00000222a9eed170 JavaThread "main" [_thread_blocked, id=13044, stack(0x00000046b2700000,0x00000046b2800000)]
  0x00000222c7949140 JavaThread "Reference Handler" daemon [_thread_blocked, id=3360, stack(0x00000046b2e00000,0x00000046b2f00000)]
  0x00000222c7949ed0 JavaThread "Finalizer" daemon [_thread_blocked, id=11856, stack(0x00000046b2f00000,0x00000046b3000000)]
  0x00000222c795b980 JavaThread "Signal Dispatcher" daemon [_thread_blocked, id=8380, stack(0x00000046b3000000,0x00000046b3100000)]
  0x00000222c795e260 JavaThread "Attach Listener" daemon [_thread_blocked, id=12224, stack(0x00000046b3100000,0x00000046b3200000)]
  0x00000222c795eb30 JavaThread "Service Thread" daemon [_thread_blocked, id=4964, stack(0x00000046b3200000,0x00000046b3300000)]
  0x00000222c795fa10 JavaThread "Monitor Deflation Thread" daemon [_thread_blocked, id=9956, stack(0x00000046b3300000,0x00000046b3400000)]
  0x00000222c7961350 JavaThread "C2 CompilerThread0" daemon [_thread_blocked, id=6332, stack(0x00000046b3400000,0x00000046b3500000)]
  0x00000222c7961c60 JavaThread "C1 CompilerThread0" daemon [_thread_blocked, id=5064, stack(0x00000046b3500000,0x00000046b3600000)]
  0x00000222c79a71e0 JavaThread "Sweeper thread" daemon [_thread_blocked, id=1284, stack(0x00000046b3600000,0x00000046b3700000)]
  0x00000222c7b9df80 JavaThread "Common-Cleaner" daemon [_thread_blocked, id=12624, stack(0x00000046b3700000,0x00000046b3800000)]
  0x000002230df0a660 JavaThread "JDWP Event Helper Thread" daemon [_thread_blocked, id=7356, stack(0x00000046b3b00000,0x00000046b3c00000)]
  0x000002230d21a660 JavaThread "Notification Thread" daemon [_thread_blocked, id=6720, stack(0x00000046b3d00000,0x00000046b3e00000)]
  0x000002230e20a430 JavaThread "QuantumRenderer-0" daemon [_thread_blocked, id=7648, stack(0x00000046b3800000,0x00000046b3900000)]
  0x00000222c7ef1a80 JavaThread "InvokeLaterDispatcher" daemon [_thread_blocked, id=11860, stack(0x00000046b4000000,0x00000046b4100000)]
  0x000002230dfe4ce0 JavaThread "JavaFX Application Thread" [_thread_blocked, id=15692, stack(0x00000046b4100000,0x00000046b4200000)]
  0x000002230d9990a0 JavaThread "JavaFX-Launcher" [_thread_blocked, id=15680, stack(0x00000046b4900000,0x00000046b4a00000)]
  0x000002230e222450 JavaThread "Thread-2" daemon [_thread_in_native, id=10844, stack(0x00000046b4800000,0x00000046b4900000)]
  0x0000022314fb33a0 JavaThread "Prism Font Disposer" daemon [_thread_blocked, id=1716, stack(0x00000046b5300000,0x00000046b5400000)]
  0x0000022314fb3dc0 JavaThread "Cleaner-0" daemon [_thread_blocked, id=10672, stack(0x00000046b5400000,0x00000046b5500000)]
  0x0000022314fb4cf0 JavaThread "SIGINT handler" daemon [_thread_blocked, id=3768, stack(0x00000046b2400000,0x00000046b2500000)]

Other Threads:
=>0x00000222c793ffd0 VMThread "VM Thread" [stack: 0x00000046b2d00000,0x00000046b2e00000] [id=9708]
  0x00000222a9f42ba0 GCTaskThread "GC Thread#0" [stack: 0x00000046b2800000,0x00000046b2900000] [id=4172]
  0x00000222c7d33ea0 GCTaskThread "GC Thread#1" [stack: 0x00000046b4a00000,0x00000046b4b00000] [id=6680]
  0x00000222c7d3c150 GCTaskThread "GC Thread#2" [stack: 0x00000046b4b00000,0x00000046b4c00000] [id=9704]
  0x00000222c7d3c410 GCTaskThread "GC Thread#3" [stack: 0x00000046b4c00000,0x00000046b4d00000] [id=15940]
  0x00000222c7d3c6d0 GCTaskThread "GC Thread#4" [stack: 0x00000046b4d00000,0x00000046b4e00000] [id=5180]
  0x00000222c7d3c990 GCTaskThread "GC Thread#5" [stack: 0x00000046b4e00000,0x00000046b4f00000] [id=11048]
  0x00000222c7d3de60 GCTaskThread "GC Thread#6" [stack: 0x00000046b4f00000,0x00000046b5000000] [id=15172]
  0x00000222c7d3e120 GCTaskThread "GC Thread#7" [stack: 0x00000046b5000000,0x00000046b5100000] [id=15080]
  0x00000222a9f52810 ConcurrentGCThread "G1 Main Marker" terminated
  0x00000222a9f53140 ConcurrentGCThread "G1 Conc#0" [stack: 0x00000046b2a00000,0x00000046b2b00000] [id=15920]
  0x000002230e486b00 ConcurrentGCThread "G1 Conc#1" [stack: 0x00000046b5900000,0x00000046b5a00000] [id=4996]
  0x00000222a9f98440 ConcurrentGCThread "G1 Refine#0" terminated
  0x00000222c7c84db0 ConcurrentGCThread "G1 Refine#1" terminated
  0x00000222c78020c0 ConcurrentGCThread "G1 Service" terminated

Threads with active compile tasks:
C2 CompilerThread0  
[error occurred during error reporting (printing all threads), id 0xc0000005, EXCEPTION_ACCESS_VIOLATION (0xc0000005) at pc=0x00007ff92bb365b3]

VM state: at safepoint (shutting down)

VM Mutex/Monitor currently owned by a thread:  ([mutex/lock_event])
[0x00000222a9ee9090] Threads_lock - owner thread: 0x00000222c793ffd0
[0x00000222a9ee8670] Heap_lock - owner thread: 0x0000022314fb4cf0

Heap address: 0x0000000091000000, size: 1776 MB, Compressed Oops mode: 32-bit

CDS archive(s) mapped at: [0x00000222c8000000-0x00000222c8bb0000-0x00000222c8bb0000), size 12255232, SharedBaseAddress: 0x00000222c8000000, ArchiveRelocationMode: 1.
Compressed class space mapped at: 0x00000222c9000000-0x0000022309000000, reserved size: 1073741824
Narrow klass base: 0x00000222c8000000, Narrow klass shift: 0, Narrow klass range: 0x100000000

GC Precious Log:
 CPUs: 8 total, 8 available
 Memory: 7103M
 Large Page Support: Disabled
 NUMA Support: Disabled
 Compressed Oops: Enabled (32-bit)
 Heap Region Size: 1M
 Heap Min Capacity: 8M
 Heap Initial Capacity: 112M
 Heap Max Capacity: 1776M
 Pre-touch: Disabled
 Parallel Workers: 8
 Concurrent Workers: 2
 Concurrent Refinement Workers: 8
 Periodic GC: Disabled

Heap:
 garbage-first heap   total 114688K, used 59300K [0x0000000091000000, 0x0000000100000000)
  region size 1024K, 31 young (31744K), 9 survivors (9216K)
 Metaspace       used 22053K, committed 22400K, reserved 1114112K
  class space    used 3191K, committed 3392K, reserved 1048576K

Heap Regions: E=young(eden), S=young(survivor), O=old, HS=humongous(starts), HC=humongous(continues), CS=collection set, F=free, OA=open archive, CA=closed archive, TAMS=top-at-mark-start (previous, next)
|   0|0x0000000091000000, 0x0000000091100000, 0x0000000091100000|100%|HS|  |TAMS 0x0000000091100000, 0x0000000091000000| Complete 
|   1|0x0000000091100000, 0x0000000091200000, 0x0000000091200000|100%|HS|  |TAMS 0x0000000091200000, 0x0000000091100000| Complete 
|   2|0x0000000091200000, 0x0000000091300000, 0x0000000091300000|100%|HS|  |TAMS 0x0000000091300000, 0x0000000091200000| Complete 
|   3|0x0000000091300000, 0x0000000091400000, 0x0000000091400000|100%| O|  |TAMS 0x0000000091400000, 0x0000000091300000| Untracked 
|   4|0x0000000091400000, 0x0000000091500000, 0x0000000091500000|100%| O|  |TAMS 0x0000000091500000, 0x0000000091400000| Untracked 
|   5|0x0000000091500000, 0x0000000091600000, 0x0000000091600000|100%| O|  |TAMS 0x00000000915d5a00, 0x0000000091500000| Untracked 
|   6|0x0000000091600000, 0x0000000091700000, 0x0000000091700000|100%|HS|  |TAMS 0x0000000091700000, 0x0000000091600000| Complete 
|   7|0x0000000091700000, 0x0000000091800000, 0x0000000091800000|100%|HC|  |TAMS 0x0000000091800000, 0x0000000091700000| Complete 
|   8|0x0000000091800000, 0x0000000091900000, 0x0000000091900000|100%|HC|  |TAMS 0x0000000091900000, 0x0000000091800000| Complete 
|   9|0x0000000091900000, 0x0000000091a00000, 0x0000000091a00000|100%|HC|  |TAMS 0x0000000091a00000, 0x0000000091900000| Complete 
|  10|0x0000000091a00000, 0x0000000091b00000, 0x0000000091b00000|100%|HC|  |TAMS 0x0000000091b00000, 0x0000000091a00000| Complete 
|  11|0x0000000091b00000, 0x0000000091c00000, 0x0000000091c00000|100%|HC|  |TAMS 0x0000000091c00000, 0x0000000091b00000| Complete 
|  12|0x0000000091c00000, 0x0000000091d00000, 0x0000000091d00000|100%|HC|  |TAMS 0x0000000091d00000, 0x0000000091c00000| Complete 
|  13|0x0000000091d00000, 0x0000000091e00000, 0x0000000091e00000|100%|HC|  |TAMS 0x0000000091e00000, 0x0000000091d00000| Complete 
|  14|0x0000000091e00000, 0x0000000091f00000, 0x0000000091f00000|100%|HC|  |TAMS 0x0000000091f00000, 0x0000000091e00000| Complete 
|  15|0x0000000091f00000, 0x0000000092000000, 0x0000000092000000|100%|HC|  |TAMS 0x0000000092000000, 0x0000000091f00000| Complete 
|  16|0x0000000092000000, 0x0000000092100000, 0x0000000092100000|100%|HC|  |TAMS 0x0000000092100000, 0x0000000092000000| Complete 
|  17|0x0000000092100000, 0x0000000092200000, 0x0000000092200000|100%|HC|  |TAMS 0x0000000092200000, 0x0000000092100000| Complete 
|  18|0x0000000092200000, 0x0000000092300000, 0x0000000092300000|100%|HC|  |TAMS 0x0000000092300000, 0x0000000092200000| Complete 
|  19|0x0000000092300000, 0x0000000092400000, 0x0000000092400000|100%|HS|  |TAMS 0x0000000092300000, 0x0000000092300000| Complete 
|  20|0x0000000092400000, 0x0000000092500000, 0x0000000092500000|100%|HS|  |TAMS 0x0000000092500000, 0x0000000092400000| Complete 
|  21|0x0000000092500000, 0x0000000092600000, 0x0000000092600000|100%|HC|  |TAMS 0x0000000092600000, 0x0000000092500000| Complete 
|  22|0x0000000092600000, 0x0000000092700000, 0x0000000092700000|100%|HS|  |TAMS 0x0000000092700000, 0x0000000092600000| Complete 
|  23|0x0000000092700000, 0x0000000092800000, 0x0000000092800000|100%|HS|  |TAMS 0x0000000092700000, 0x0000000092700000| Complete 
|  24|0x0000000092800000, 0x0000000092900000, 0x0000000092900000|100%| O|  |TAMS 0x0000000092800000, 0x0000000092800000| Untracked 
|  25|0x0000000092900000, 0x00000000929e9000, 0x0000000092a00000| 91%| O|  |TAMS 0x0000000092900000, 0x0000000092900000| Untracked 
|  26|0x0000000092a00000, 0x0000000092b00000, 0x0000000092b00000|100%|HS|  |TAMS 0x0000000092a00000, 0x0000000092a00000| Complete 
|  27|0x0000000092b00000, 0x0000000092c00000, 0x0000000092c00000|100%|HS|  |TAMS 0x0000000092b00000, 0x0000000092b00000| Complete 
|  28|0x0000000092c00000, 0x0000000092c00000, 0x0000000092d00000|  0%| F|  |TAMS 0x0000000092c00000, 0x0000000092c00000| Untracked 
|  29|0x0000000092d00000, 0x0000000092d00000, 0x0000000092e00000|  0%| F|  |TAMS 0x0000000092d00000, 0x0000000092d00000| Untracked 
|  30|0x0000000092e00000, 0x0000000092e00000, 0x0000000092f00000|  0%| F|  |TAMS 0x0000000092e00000, 0x0000000092e00000| Untracked 
|  31|0x0000000092f00000, 0x0000000092f00000, 0x0000000093000000|  0%| F|  |TAMS 0x0000000092f00000, 0x0000000092f00000| Untracked 
|  32|0x0000000093000000, 0x0000000093000000, 0x0000000093100000|  0%| F|  |TAMS 0x0000000093000000, 0x0000000093000000| Untracked 
|  33|0x0000000093100000, 0x0000000093100000, 0x0000000093200000|  0%| F|  |TAMS 0x0000000093100000, 0x0000000093100000| Untracked 
|  34|0x0000000093200000, 0x0000000093200000, 0x0000000093300000|  0%| F|  |TAMS 0x0000000093200000, 0x0000000093200000| Untracked 
|  35|0x0000000093300000, 0x0000000093300000, 0x0000000093400000|  0%| F|  |TAMS 0x0000000093300000, 0x0000000093300000| Untracked 
|  36|0x0000000093400000, 0x0000000093400000, 0x0000000093500000|  0%| F|  |TAMS 0x0000000093400000, 0x0000000093400000| Untracked 
|  37|0x0000000093500000, 0x0000000093500000, 0x0000000093600000|  0%| F|  |TAMS 0x0000000093500000, 0x0000000093500000| Untracked 
|  38|0x0000000093600000, 0x0000000093600000, 0x0000000093700000|  0%| F|  |TAMS 0x0000000093600000, 0x0000000093600000| Untracked 
|  39|0x0000000093700000, 0x0000000093700000, 0x0000000093800000|  0%| F|  |TAMS 0x0000000093700000, 0x0000000093700000| Untracked 
|  40|0x0000000093800000, 0x0000000093900000, 0x0000000093900000|100%| S|CS|TAMS 0x0000000093800000, 0x0000000093800000| Complete 
|  41|0x0000000093900000, 0x0000000093a00000, 0x0000000093a00000|100%| S|CS|TAMS 0x0000000093900000, 0x0000000093900000| Complete 
|  42|0x0000000093a00000, 0x0000000093b00000, 0x0000000093b00000|100%| S|CS|TAMS 0x0000000093a00000, 0x0000000093a00000| Complete 
|  43|0x0000000093b00000, 0x0000000093c00000, 0x0000000093c00000|100%| S|CS|TAMS 0x0000000093b00000, 0x0000000093b00000| Complete 
|  44|0x0000000093c00000, 0x0000000093d00000, 0x0000000093d00000|100%| S|CS|TAMS 0x0000000093c00000, 0x0000000093c00000| Complete 
|  45|0x0000000093d00000, 0x0000000093e00000, 0x0000000093e00000|100%| S|CS|TAMS 0x0000000093d00000, 0x0000000093d00000| Complete 
|  46|0x0000000093e00000, 0x0000000093f00000, 0x0000000093f00000|100%| S|CS|TAMS 0x0000000093e00000, 0x0000000093e00000| Complete 
|  47|0x0000000093f00000, 0x0000000094000000, 0x0000000094000000|100%| S|CS|TAMS 0x0000000093f00000, 0x0000000093f00000| Complete 
|  48|0x0000000094000000, 0x0000000094100000, 0x0000000094100000|100%| S|CS|TAMS 0x0000000094000000, 0x0000000094000000| Complete 
|  49|0x0000000094100000, 0x0000000094100000, 0x0000000094200000|  0%| F|  |TAMS 0x0000000094100000, 0x0000000094100000| Untracked 
|  50|0x0000000094200000, 0x0000000094200000, 0x0000000094300000|  0%| F|  |TAMS 0x0000000094200000, 0x0000000094200000| Untracked 
|  51|0x0000000094300000, 0x0000000094300000, 0x0000000094400000|  0%| F|  |TAMS 0x0000000094300000, 0x0000000094300000| Untracked 
|  52|0x0000000094400000, 0x0000000094400000, 0x0000000094500000|  0%| F|  |TAMS 0x0000000094400000, 0x0000000094400000| Untracked 
|  53|0x0000000094500000, 0x0000000094500000, 0x0000000094600000|  0%| F|  |TAMS 0x0000000094500000, 0x0000000094500000| Untracked 
|  54|0x0000000094600000, 0x0000000094600000, 0x0000000094700000|  0%| F|  |TAMS 0x0000000094600000, 0x0000000094600000| Untracked 
|  55|0x0000000094700000, 0x0000000094700000, 0x0000000094800000|  0%| F|  |TAMS 0x0000000094700000, 0x0000000094700000| Untracked 
|  56|0x0000000094800000, 0x0000000094800000, 0x0000000094900000|  0%| F|  |TAMS 0x0000000094800000, 0x0000000094800000| Untracked 
|  57|0x0000000094900000, 0x0000000094900000, 0x0000000094a00000|  0%| F|  |TAMS 0x0000000094900000, 0x0000000094900000| Untracked 
|  58|0x0000000094a00000, 0x0000000094a00000, 0x0000000094b00000|  0%| F|  |TAMS 0x0000000094a00000, 0x0000000094a00000| Untracked 
|  59|0x0000000094b00000, 0x0000000094b00000, 0x0000000094c00000|  0%| F|  |TAMS 0x0000000094b00000, 0x0000000094b00000| Untracked 
|  60|0x0000000094c00000, 0x0000000094c00000, 0x0000000094d00000|  0%| F|  |TAMS 0x0000000094c00000, 0x0000000094c00000| Untracked 
|  61|0x0000000094d00000, 0x0000000094d00000, 0x0000000094e00000|  0%| F|  |TAMS 0x0000000094d00000, 0x0000000094d00000| Untracked 
|  62|0x0000000094e00000, 0x0000000094e00000, 0x0000000094f00000|  0%| F|  |TAMS 0x0000000094e00000, 0x0000000094e00000| Untracked 
|  63|0x0000000094f00000, 0x0000000094f00000, 0x0000000095000000|  0%| F|  |TAMS 0x0000000094f00000, 0x0000000094f00000| Untracked 
|  64|0x0000000095000000, 0x0000000095000000, 0x0000000095100000|  0%| F|  |TAMS 0x0000000095000000, 0x0000000095000000| Untracked 
|  65|0x0000000095100000, 0x0000000095100000, 0x0000000095200000|  0%| F|  |TAMS 0x0000000095100000, 0x0000000095100000| Untracked 
|  66|0x0000000095200000, 0x0000000095200000, 0x0000000095300000|  0%| F|  |TAMS 0x0000000095200000, 0x0000000095200000| Untracked 
|  67|0x0000000095300000, 0x0000000095300000, 0x0000000095400000|  0%| F|  |TAMS 0x0000000095300000, 0x0000000095300000| Untracked 
|  68|0x0000000095400000, 0x0000000095400000, 0x0000000095500000|  0%| F|  |TAMS 0x0000000095400000, 0x0000000095400000| Untracked 
|  69|0x0000000095500000, 0x0000000095500000, 0x0000000095600000|  0%| F|  |TAMS 0x0000000095500000, 0x0000000095500000| Untracked 
|  70|0x0000000095600000, 0x0000000095600000, 0x0000000095700000|  0%| F|  |TAMS 0x0000000095600000, 0x0000000095600000| Untracked 
|  71|0x0000000095700000, 0x0000000095700000, 0x0000000095800000|  0%| F|  |TAMS 0x0000000095700000, 0x0000000095700000| Untracked 
|  72|0x0000000095800000, 0x0000000095800000, 0x0000000095900000|  0%| F|  |TAMS 0x0000000095800000, 0x0000000095800000| Untracked 
|  73|0x0000000095900000, 0x0000000095900000, 0x0000000095a00000|  0%| F|  |TAMS 0x0000000095900000, 0x0000000095900000| Untracked 
|  74|0x0000000095a00000, 0x0000000095a00000, 0x0000000095b00000|  0%| F|  |TAMS 0x0000000095a00000, 0x0000000095a00000| Untracked 
|  75|0x0000000095b00000, 0x0000000095b00000, 0x0000000095c00000|  0%| F|  |TAMS 0x0000000095b00000, 0x0000000095b00000| Untracked 
|  76|0x0000000095c00000, 0x0000000095c00000, 0x0000000095d00000|  0%| F|  |TAMS 0x0000000095c00000, 0x0000000095c00000| Untracked 
|  77|0x0000000095d00000, 0x0000000095d00000, 0x0000000095e00000|  0%| F|  |TAMS 0x0000000095d00000, 0x0000000095d00000| Untracked 
|  78|0x0000000095e00000, 0x0000000095e00000, 0x0000000095f00000|  0%| F|  |TAMS 0x0000000095e00000, 0x0000000095e00000| Untracked 
|  79|0x0000000095f00000, 0x0000000095f00000, 0x0000000096000000|  0%| F|  |TAMS 0x0000000095f00000, 0x0000000095f00000| Untracked 
|  80|0x0000000096000000, 0x0000000096000000, 0x0000000096100000|  0%| F|  |TAMS 0x0000000096000000, 0x0000000096000000| Untracked 
|  81|0x0000000096100000, 0x0000000096100000, 0x0000000096200000|  0%| F|  |TAMS 0x0000000096100000, 0x0000000096100000| Untracked 
|  82|0x0000000096200000, 0x0000000096200000, 0x0000000096300000|  0%| F|  |TAMS 0x0000000096200000, 0x0000000096200000| Untracked 
|  83|0x0000000096300000, 0x0000000096300000, 0x0000000096400000|  0%| F|  |TAMS 0x0000000096300000, 0x0000000096300000| Untracked 
|  84|0x0000000096400000, 0x0000000096400000, 0x0000000096500000|  0%| F|  |TAMS 0x0000000096400000, 0x0000000096400000| Untracked 
|  85|0x0000000096500000, 0x0000000096500000, 0x0000000096600000|  0%| F|  |TAMS 0x0000000096500000, 0x0000000096500000| Untracked 
|  86|0x0000000096600000, 0x0000000096600000, 0x0000000096700000|  0%| F|  |TAMS 0x0000000096600000, 0x0000000096600000| Untracked 
|  87|0x0000000096700000, 0x0000000096700000, 0x0000000096800000|  0%| F|  |TAMS 0x0000000096700000, 0x0000000096700000| Untracked 
|  88|0x0000000096800000, 0x0000000096800000, 0x0000000096900000|  0%| F|  |TAMS 0x0000000096800000, 0x0000000096800000| Untracked 
|  89|0x0000000096900000, 0x0000000096900000, 0x0000000096a00000|  0%| F|  |TAMS 0x0000000096900000, 0x0000000096900000| Untracked 
|  90|0x0000000096a00000, 0x0000000096af3380, 0x0000000096b00000| 95%| E|  |TAMS 0x0000000096a00000, 0x0000000096a00000| Complete 
|  91|0x0000000096b00000, 0x0000000096c00000, 0x0000000096c00000|100%| E|CS|TAMS 0x0000000096b00000, 0x0000000096b00000| Complete 
|  92|0x0000000096c00000, 0x0000000096d00000, 0x0000000096d00000|100%| E|CS|TAMS 0x0000000096c00000, 0x0000000096c00000| Complete 
|  93|0x0000000096d00000, 0x0000000096e00000, 0x0000000096e00000|100%| E|CS|TAMS 0x0000000096d00000, 0x0000000096d00000| Complete 
|  94|0x0000000096e00000, 0x0000000096f00000, 0x0000000096f00000|100%| E|CS|TAMS 0x0000000096e00000, 0x0000000096e00000| Complete 
|  95|0x0000000096f00000, 0x0000000097000000, 0x0000000097000000|100%| E|CS|TAMS 0x0000000096f00000, 0x0000000096f00000| Complete 
|  96|0x0000000097000000, 0x0000000097100000, 0x0000000097100000|100%| E|CS|TAMS 0x0000000097000000, 0x0000000097000000| Complete 
|  97|0x0000000097100000, 0x0000000097200000, 0x0000000097200000|100%| E|CS|TAMS 0x0000000097100000, 0x0000000097100000| Complete 
|  98|0x0000000097200000, 0x0000000097300000, 0x0000000097300000|100%| E|CS|TAMS 0x0000000097200000, 0x0000000097200000| Complete 
|  99|0x0000000097300000, 0x0000000097400000, 0x0000000097400000|100%| E|CS|TAMS 0x0000000097300000, 0x0000000097300000| Complete 
| 100|0x0000000097400000, 0x0000000097500000, 0x0000000097500000|100%| E|CS|TAMS 0x0000000097400000, 0x0000000097400000| Complete 
| 101|0x0000000097500000, 0x0000000097600000, 0x0000000097600000|100%| E|CS|TAMS 0x0000000097500000, 0x0000000097500000| Complete 
| 102|0x0000000097600000, 0x0000000097700000, 0x0000000097700000|100%| E|CS|TAMS 0x0000000097600000, 0x0000000097600000| Complete 
| 103|0x0000000097700000, 0x0000000097800000, 0x0000000097800000|100%| E|CS|TAMS 0x0000000097700000, 0x0000000097700000| Complete 
| 104|0x0000000097800000, 0x0000000097900000, 0x0000000097900000|100%| E|CS|TAMS 0x0000000097800000, 0x0000000097800000| Complete 
| 105|0x0000000097900000, 0x0000000097a00000, 0x0000000097a00000|100%| E|CS|TAMS 0x0000000097900000, 0x0000000097900000| Complete 
| 106|0x0000000097a00000, 0x0000000097b00000, 0x0000000097b00000|100%| E|CS|TAMS 0x0000000097a00000, 0x0000000097a00000| Complete 
| 107|0x0000000097b00000, 0x0000000097c00000, 0x0000000097c00000|100%| E|CS|TAMS 0x0000000097b00000, 0x0000000097b00000| Complete 
| 108|0x0000000097c00000, 0x0000000097d00000, 0x0000000097d00000|100%| E|CS|TAMS 0x0000000097c00000, 0x0000000097c00000| Complete 
| 109|0x0000000097d00000, 0x0000000097e00000, 0x0000000097e00000|100%| E|CS|TAMS 0x0000000097d00000, 0x0000000097d00000| Complete 
| 110|0x0000000097e00000, 0x0000000097f00000, 0x0000000097f00000|100%| E|CS|TAMS 0x0000000097e00000, 0x0000000097e00000| Complete 
| 111|0x0000000097f00000, 0x0000000098000000, 0x0000000098000000|100%| E|CS|TAMS 0x0000000097f00000, 0x0000000097f00000| Complete 

Card table byte_map: [0x00000222c10d0000,0x00000222c1450000] _byte_map_base: 0x00000222c0c48000

Marking Bits (Prev, Next): (CMBitMap*) 0x00000222a9f44120, (CMBitMap*) 0x00000222a9f440e0
 Prev Bits: [0x00000222c3390000, 0x00000222c4f50000)
 Next Bits: [0x00000222c17d0000, 0x00000222c3390000)

Polling page: 0x00000222a7e60000

Metaspace:

Usage:
  Non-class:     18.42 MB used.
      Class:      3.12 MB used.
       Both:     21.54 MB used.

Virtual space:
  Non-class space:       64.00 MB reserved,      18.56 MB ( 29%) committed,  1 nodes.
      Class space:        1.00 GB reserved,       3.31 MB ( <1%) committed,  1 nodes.
             Both:        1.06 GB reserved,      21.88 MB (  2%) committed. 

Chunk freelists:
   Non-Class:  13.06 MB
       Class:  12.53 MB
        Both:  25.59 MB

MaxMetaspaceSize: unlimited
CompressedClassSpaceSize: 1.00 GB
Initial GC threshold: 21.00 MB
Current GC threshold: 35.12 MB
CDS: on
MetaspaceReclaimPolicy: balanced
 - commit_granule_bytes: 65536.
 - commit_granule_words: 8192.
 - virtual_space_node_default_size: 8388608.
 - enlarge_chunks_in_place: 1.
 - new_chunks_are_fully_committed: 0.
 - uncommit_free_chunks: 1.
 - use_allocation_guard: 0.
 - handle_deallocations: 1.


Internal statistics:

num_allocs_failed_limit: 3.
num_arena_births: 422.
num_arena_deaths: 0.
num_vsnodes_births: 2.
num_vsnodes_deaths: 0.
num_space_committed: 350.
num_space_uncommitted: 0.
num_chunks_returned_to_freelist: 3.
num_chunks_taken_from_freelist: 1264.
num_chunk_merges: 3.
num_chunk_splits: 828.
num_chunks_enlarged: 559.
num_inconsistent_stats: 0.

CodeHeap 'non-profiled nmethods': size=120000Kb used=2822Kb max_used=3271Kb free=117177Kb
 bounds [0x00000222b94f0000, 0x00000222b9830000, 0x00000222c0a20000]
CodeHeap 'profiled nmethods': size=120000Kb used=9910Kb max_used=11995Kb free=110089Kb
 bounds [0x00000222b1a20000, 0x00000222b25e0000, 0x00000222b8f50000]
CodeHeap 'non-nmethods': size=5760Kb used=1525Kb max_used=1619Kb free=4235Kb
 bounds [0x00000222b8f50000, 0x00000222b91c0000, 0x00000222b94f0000]
 total_blobs=5524 nmethods=4700 adapters=736
 compilation: enabled
              stopped_count=0, restarted_count=0
 full_count=0

Compilation events (20 events):
Event: 64.964 Thread 0x00000222c7961c60 5596       3       java.util.Collections$1::next (25 bytes)
Event: 64.965 Thread 0x00000222c7961c60 nmethod 5596 0x00000222b1d7da10 code [0x00000222b1d7dbc0, 0x00000222b1d7dde8]
Event: 64.980 Thread 0x00000222c7961c60 5598       3       javafx.scene.text.Text::textAlignmentProperty (8 bytes)
Event: 64.981 Thread 0x00000222c7961c60 nmethod 5598 0x00000222b1e17f90 code [0x00000222b1e18160, 0x00000222b1e18528]
Event: 64.981 Thread 0x00000222c7961c60 5601       3       javafx.scene.text.Text::fontProperty (27 bytes)
Event: 64.981 Thread 0x00000222c7961c60 nmethod 5601 0x00000222b1ab4890 code [0x00000222b1ab4a60, 0x00000222b1ab4e58]
Event: 64.981 Thread 0x00000222c7961c60 5599       3       javafx.scene.text.Text$TextAttribute::textAlignmentProperty (27 bytes)
Event: 64.982 Thread 0x00000222c7961c60 nmethod 5599 0x00000222b1e85610 code [0x00000222b1e857e0, 0x00000222b1e85b88]
Event: 64.982 Thread 0x00000222c7961c60 5600       1       javafx.scene.text.Text::usesMirroring (2 bytes)
Event: 64.982 Thread 0x00000222c7961c60 nmethod 5600 0x00000222b9504290 code [0x00000222b9504420, 0x00000222b95044f8]
Event: 64.984 Thread 0x00000222c7961c60 5603       3       com.sun.javafx.scene.control.inputmap.InputMap$$Lambda$297/0x00000222c91e0218::apply (8 bytes)
Event: 64.984 Thread 0x00000222c7961c60 nmethod 5603 0x00000222b1e3a890 code [0x00000222b1e3aa60, 0x00000222b1e3af18]
Event: 64.984 Thread 0x00000222c7961c60 5604       3       com.sun.javafx.scene.control.inputmap.InputMap::lambda$addEventHandler$7 (8 bytes)
Event: 64.985 Thread 0x00000222c7961c60 nmethod 5604 0x00000222b2021790 code [0x00000222b2021940, 0x00000222b2021c78]
Event: 64.985 Thread 0x00000222c7961c60 5606       1       javafx.scene.input.KeyCode::getName (5 bytes)
Event: 64.985 Thread 0x00000222c7961c60 nmethod 5606 0x00000222b954d190 code [0x00000222b954d320, 0x00000222b954d3f8]
Event: 64.985 Thread 0x00000222c7961c60 5605       3       javafx.beans.property.ReadOnlyObjectPropertyBase::addListener (14 bytes)
Event: 64.985 Thread 0x00000222c7961c60 nmethod 5605 0x00000222b1b5ca10 code [0x00000222b1b5cbc0, 0x00000222b1b5cd68]
Event: 65.021 Thread 0x00000222c7961350 nmethod 5597 0x00000222b956c810 code [0x00000222b956ca20, 0x00000222b956de88]
Event: 65.021 Thread 0x00000222c7961350 5602       4       javafx.collections.ModifiableObservableListBase::add (33 bytes)

GC Heap History (6 events):
Event: 7.291 GC heap before
{Heap before GC invocations=0 (full 0):
 garbage-first heap   total 114688K, used 22528K [0x0000000091000000, 0x0000000100000000)
  region size 1024K, 23 young (23552K), 0 survivors (0K)
 Metaspace       used 4580K, committed 4800K, reserved 1114112K
  class space    used 513K, committed 640K, reserved 1048576K
}
Event: 7.297 GC heap after
{Heap after GC invocations=1 (full 0):
 garbage-first heap   total 114688K, used 2986K [0x0000000091000000, 0x0000000100000000)
  region size 1024K, 3 young (3072K), 3 survivors (3072K)
 Metaspace       used 4580K, committed 4800K, reserved 1114112K
  class space    used 513K, committed 640K, reserved 1048576K
}
Event: 10.656 GC heap before
{Heap before GC invocations=1 (full 0):
 garbage-first heap   total 114688K, used 37802K [0x0000000091000000, 0x0000000100000000)
  region size 1024K, 35 young (35840K), 3 survivors (3072K)
 Metaspace       used 10462K, committed 10688K, reserved 1114112K
  class space    used 1374K, committed 1472K, reserved 1048576K
}
Event: 10.669 GC heap after
{Heap after GC invocations=2 (full 0):
 garbage-first heap   total 114688K, used 8331K [0x0000000091000000, 0x0000000100000000)
  region size 1024K, 4 young (4096K), 4 survivors (4096K)
 Metaspace       used 10462K, committed 10688K, reserved 1114112K
  class space    used 1374K, committed 1472K, reserved 1048576K
}
Event: 22.180 GC heap before
{Heap before GC invocations=2 (full 0):
 garbage-first heap   total 114688K, used 86155K [0x0000000091000000, 0x0000000100000000)
  region size 1024K, 63 young (64512K), 4 survivors (4096K)
 Metaspace       used 21182K, committed 21504K, reserved 1114112K
  class space    used 3066K, committed 3264K, reserved 1048576K
}
Event: 22.195 GC heap after
{Heap after GC invocations=3 (full 0):
 garbage-first heap   total 114688K, used 33700K [0x0000000091000000, 0x0000000100000000)
  region size 1024K, 9 young (9216K), 9 survivors (9216K)
 Metaspace       used 21182K, committed 21504K, reserved 1114112K
  class space    used 3066K, committed 3264K, reserved 1048576K
}

Dll operation events (20 events):
Event: 4.853 Loaded shared library D:\Proyecto Terminal\openjfx-22.0.1_windows-x64_bin-sdk\javafx-sdk-22.0.1\bin\api-ms-win-crt-math-l1-1-0.dll
Event: 4.898 Loaded shared library D:\Proyecto Terminal\openjfx-22.0.1_windows-x64_bin-sdk\javafx-sdk-22.0.1\bin\api-ms-win-crt-multibyte-l1-1-0.dll
Event: 4.945 Loaded shared library D:\Proyecto Terminal\openjfx-22.0.1_windows-x64_bin-sdk\javafx-sdk-22.0.1\bin\api-ms-win-crt-private-l1-1-0.dll
Event: 4.982 Loaded shared library D:\Proyecto Terminal\openjfx-22.0.1_windows-x64_bin-sdk\javafx-sdk-22.0.1\bin\api-ms-win-crt-process-l1-1-0.dll
Event: 5.033 Loaded shared library D:\Proyecto Terminal\openjfx-22.0.1_windows-x64_bin-sdk\javafx-sdk-22.0.1\bin\api-ms-win-crt-runtime-l1-1-0.dll
Event: 5.080 Loaded shared library D:\Proyecto Terminal\openjfx-22.0.1_windows-x64_bin-sdk\javafx-sdk-22.0.1\bin\api-ms-win-crt-stdio-l1-1-0.dll
Event: 5.133 Loaded shared library D:\Proyecto Terminal\openjfx-22.0.1_windows-x64_bin-sdk\javafx-sdk-22.0.1\bin\api-ms-win-crt-string-l1-1-0.dll
Event: 5.181 Loaded shared library D:\Proyecto Terminal\openjfx-22.0.1_windows-x64_bin-sdk\javafx-sdk-22.0.1\bin\api-ms-win-crt-time-l1-1-0.dll
Event: 5.232 Loaded shared library D:\Proyecto Terminal\openjfx-22.0.1_windows-x64_bin-sdk\javafx-sdk-22.0.1\bin\api-ms-win-crt-utility-l1-1-0.dll
Event: 5.349 Loaded shared library D:\Proyecto Terminal\openjfx-22.0.1_windows-x64_bin-sdk\javafx-sdk-22.0.1\bin\ucrtbase.dll
Event: 5.405 Loaded shared library D:\Proyecto Terminal\openjfx-22.0.1_windows-x64_bin-sdk\javafx-sdk-22.0.1\bin\vcruntime140.dll
Event: 5.451 Loaded shared library D:\Proyecto Terminal\openjfx-22.0.1_windows-x64_bin-sdk\javafx-sdk-22.0.1\bin\vcruntime140_1.dll
Event: 5.524 Loaded shared library D:\Proyecto Terminal\openjfx-22.0.1_windows-x64_bin-sdk\javafx-sdk-22.0.1\bin\msvcp140.dll
Event: 5.573 Loaded shared library D:\Proyecto Terminal\openjfx-22.0.1_windows-x64_bin-sdk\javafx-sdk-22.0.1\bin\msvcp140_1.dll
Event: 6.688 Loaded shared library D:\Proyecto Terminal\openjfx-22.0.1_windows-x64_bin-sdk\javafx-sdk-22.0.1\bin\msvcp140_2.dll
Event: 6.827 Loaded shared library D:\Proyecto Terminal\openjfx-22.0.1_windows-x64_bin-sdk\javafx-sdk-22.0.1\bin\prism_d3d.dll
Event: 6.964 Loaded shared library D:\Proyecto Terminal\openjfx-22.0.1_windows-x64_bin-sdk\javafx-sdk-22.0.1\bin\glass.dll
Event: 7.197 Loaded shared library C:\Users\diego\.jdks\corretto-17.0.13\bin\jimage.dll
Event: 8.367 Loaded shared library D:\Proyecto Terminal\openjfx-22.0.1_windows-x64_bin-sdk\javafx-sdk-22.0.1\bin\javafx_font.dll
Event: 13.446 Loaded shared library D:\Proyecto Terminal\openjfx-22.0.1_windows-x64_bin-sdk\javafx-sdk-22.0.1\bin\javafx_iio.dll

Deoptimization events (20 events):
Event: 37.812 Thread 0x000002230dfe4ce0 Uncommon trap: trap_request=0xffffff45 fr.pc=0x00000222b980f184 relative=0x0000000000001f44
Event: 37.812 Thread 0x000002230dfe4ce0 Uncommon trap: reason=unstable_if action=reinterpret pc=0x00000222b980f184 method=javafx.css.CompoundSelector.applies(Ljavafx/css/Styleable;[Ljava/util/Set;I)Z @ 112 c2
Event: 37.812 Thread 0x000002230dfe4ce0 DEOPT PACKING pc=0x00000222b980f184 sp=0x00000046b41f97b0
Event: 37.812 Thread 0x000002230dfe4ce0 DEOPT UNPACKING pc=0x00000222b8fa69a3 sp=0x00000046b41f97d8 mode 2
Event: 37.834 Thread 0x000002230dfe4ce0 Uncommon trap: trap_request=0xffffff45 fr.pc=0x00000222b97311b4 relative=0x0000000000000454
Event: 37.834 Thread 0x000002230dfe4ce0 Uncommon trap: reason=unstable_if action=reinterpret pc=0x00000222b97311b4 method=javafx.scene.layout.CornerRadii.equals(Ljava/lang/Object;)Z @ 53 c2
Event: 37.834 Thread 0x000002230dfe4ce0 DEOPT PACKING pc=0x00000222b97311b4 sp=0x00000046b41f9490
Event: 37.834 Thread 0x000002230dfe4ce0 DEOPT UNPACKING pc=0x00000222b8fa69a3 sp=0x00000046b41f9448 mode 2
Event: 37.834 Thread 0x000002230dfe4ce0 Uncommon trap: trap_request=0xffffff45 fr.pc=0x00000222b97325d8 relative=0x0000000000000798
Event: 37.834 Thread 0x000002230dfe4ce0 Uncommon trap: reason=unstable_if action=reinterpret pc=0x00000222b97325d8 method=javafx.scene.layout.BackgroundFill.equals(Ljava/lang/Object;)Z @ 85 c2
Event: 37.834 Thread 0x000002230dfe4ce0 DEOPT PACKING pc=0x00000222b97325d8 sp=0x00000046b41f94f0
Event: 37.834 Thread 0x000002230dfe4ce0 DEOPT UNPACKING pc=0x00000222b8fa69a3 sp=0x00000046b41f9538 mode 2
Event: 37.847 Thread 0x000002230dfe4ce0 Uncommon trap: trap_request=0xffffff45 fr.pc=0x00000222b972580c relative=0x00000000000011ac
Event: 37.847 Thread 0x000002230dfe4ce0 Uncommon trap: reason=unstable_if action=reinterpret pc=0x00000222b972580c method=javafx.scene.Node.updateBounds()V @ 37 c2
Event: 37.847 Thread 0x000002230dfe4ce0 DEOPT PACKING pc=0x00000222b972580c sp=0x00000046b41f9b70
Event: 37.847 Thread 0x000002230dfe4ce0 DEOPT UNPACKING pc=0x00000222b8fa69a3 sp=0x00000046b41f9af8 mode 2
Event: 65.040 Thread 0x000002230e20a430 DEOPT PACKING pc=0x00000222b23431c4 sp=0x00000046b38ff1e0
Event: 65.040 Thread 0x000002230e20a430 DEOPT UNPACKING pc=0x00000222b8fa7143 sp=0x00000046b38fe708 mode 1
Event: 65.041 Thread 0x0000022314fb1f60 DEOPT PACKING pc=0x00000222b96613cc sp=0x00000046b26ff0e0
Event: 65.041 Thread 0x0000022314fb1f60 DEOPT UNPACKING pc=0x00000222b8fa7143 sp=0x00000046b26fe500 mode 1

Classes loaded (20 events):
Event: 37.784 Loading class javafx/scene/control/skin/ComboBoxPopupControl
Event: 37.784 Loading class javafx/scene/control/skin/ComboBoxPopupControl done
Event: 37.784 Loading class javafx/beans/Observable
Event: 37.784 Loading class javafx/beans/Observable done
Event: 37.784 Loading class javafx/beans/Observable
Event: 37.784 Loading class javafx/beans/Observable done
Event: 37.850 Loading class com/sun/javafx/tk/quantum/QuantumToolkit
Event: 37.850 Loading class com/sun/javafx/tk/quantum/QuantumToolkit done
Event: 37.851 Loading class com/sun/javafx/tk/quantum/QuantumToolkit
Event: 37.851 Loading class com/sun/javafx/tk/quantum/QuantumToolkit done
Event: 37.851 Loading class com/sun/javafx/tk/RenderJob
Event: 37.851 Loading class com/sun/javafx/tk/RenderJob done
Event: 64.927 Loading class java/util/regex/Pattern$1
Event: 64.935 Loading class java/util/regex/Pattern$1 done
Event: 65.034 Loading class jdk/internal/misc/Signal$1
Event: 65.034 Loading class jdk/internal/misc/Signal$1 done
Event: 65.039 Loading class com/sun/javafx/tk/quantum/QuantumRenderer
Event: 65.039 Loading class com/sun/javafx/tk/quantum/QuantumRenderer done
Event: 65.040 Loading class com/sun/javafx/tk/quantum/QuantumToolkit
Event: 65.040 Loading class com/sun/javafx/tk/quantum/QuantumToolkit done

Classes unloaded (0 events):
No events

Classes redefined (0 events):
No events

Internal exceptions (20 events):
Event: 12.007 Thread 0x000002230dfe4ce0 Exception <a 'java/lang/NoSuchMethodError'{0x00000000968ea258}: 'void java.lang.invoke.DirectMethodHandle$Holder.invokeSpecial(java.lang.Object, java.lang.Object, java.lang.Object, java.lang.Object, java.lang.Object, java.lang.Object)'> (0x00000000968ea258) 
thrown [s\src\hotspot\share\interpreter\linkResolver.cpp, line 759]
Event: 12.350 Thread 0x000002230e20a430 Exception <a 'java/lang/NoSuchMethodError'{0x0000000096131a38}: 'java.lang.Object java.lang.invoke.DirectMethodHandle$Holder.invokeStaticInit(java.lang.Object, int)'> (0x0000000096131a38) 
thrown [s\src\hotspot\share\interpreter\linkResolver.cpp, line 759]
Event: 13.317 Thread 0x000002230dfe4ce0 Exception <a 'java/lang/NoSuchMethodError'{0x0000000095ec6c40}: 'long java.lang.invoke.DirectMethodHandle$Holder.invokeStatic(java.lang.Object, java.lang.Object, java.lang.Object)'> (0x0000000095ec6c40) 
thrown [s\src\hotspot\share\interpreter\linkResolver.cpp, line 759]
Event: 13.318 Thread 0x000002230dfe4ce0 Exception <a 'java/lang/NoSuchMethodError'{0x0000000095eca3e8}: 'long java.lang.invoke.DirectMethodHandle$Holder.invokeStaticInit(java.lang.Object, java.lang.Object, java.lang.Object)'> (0x0000000095eca3e8) 
thrown [s\src\hotspot\share\interpreter\linkResolver.cpp, line 759]
Event: 13.324 Thread 0x000002230dfe4ce0 Exception <a 'java/lang/NoSuchMethodError'{0x0000000095ee1f68}: 'java.lang.Object java.lang.invoke.DirectMethodHandle$Holder.newInvokeSpecial(java.lang.Object, java.lang.Object, long)'> (0x0000000095ee1f68) 
thrown [s\src\hotspot\share\interpreter\linkResolver.cpp, line 759]
Event: 13.324 Thread 0x000002230dfe4ce0 Exception <a 'java/lang/NoSuchMethodError'{0x0000000095ee5ad8}: 'java.lang.Object java.lang.invoke.Invokers$Holder.linkToTargetMethod(java.lang.Object, long, java.lang.Object)'> (0x0000000095ee5ad8) 
thrown [s\src\hotspot\share\interpreter\linkResolver.cpp, line 759]
Event: 13.668 Thread 0x000002230dfe4ce0 Exception <a 'java/lang/ClassNotFoundException'{0x00000000953b3b40}: com/sun/javafx/scene/control/skin/resources/controls> (0x00000000953b3b40) 
thrown [s\src\hotspot\share\prims\jni.cpp, line 535]
Event: 13.670 Thread 0x000002230dfe4ce0 Exception <a 'java/lang/ClassNotFoundException'{0x00000000953c24f0}: com/sun/javafx/scene/control/skin/resources/controls_es> (0x00000000953c24f0) 
thrown [s\src\hotspot\share\prims\jni.cpp, line 535]
Event: 13.671 Thread 0x000002230dfe4ce0 Exception <a 'java/lang/ClassNotFoundException'{0x00000000953d06d0}: com/sun/javafx/scene/control/skin/resources/controls_es_MX> (0x00000000953d06d0) 
thrown [s\src\hotspot\share\prims\jni.cpp, line 535]
Event: 13.746 Thread 0x000002230dfe4ce0 Exception <a 'java/lang/NoSuchMethodError'{0x000000009515e560}: 'int java.lang.invoke.DirectMethodHandle$Holder.invokeSpecial(java.lang.Object, java.lang.Object, int)'> (0x000000009515e560) 
thrown [s\src\hotspot\share\interpreter\linkResolver.cpp, line 759]
Event: 14.008 Thread 0x000002230dfe4ce0 Exception <a 'java/lang/NoSuchMethodError'{0x0000000094b66670}: 'void java.lang.invoke.DirectMethodHandle$Holder.invokeVirtual(java.lang.Object, java.lang.Object)'> (0x0000000094b66670) 
thrown [s\src\hotspot\share\interpreter\linkResolver.cpp, line 759]
Event: 15.806 Thread 0x000002230dfe4ce0 Exception <a 'java/lang/NoSuchMethodError'{0x000000009483d340}: 'java.lang.Object java.lang.invoke.DirectMethodHandle$Holder.newInvokeSpecial(java.lang.Object, java.lang.Object, int, int, int, int, int, java.lang.Object)'> (0x000000009483d340) 
thrown [s\src\hotspot\share\interpreter\linkResolver.cpp, line 759]
Event: 15.811 Thread 0x000002230dfe4ce0 Exception <a 'java/lang/NoSuchMethodError'{0x0000000094850868}: 'java.lang.Object java.lang.invoke.DirectMethodHandle$Holder.newInvokeSpecial(java.lang.Object, java.lang.Object, java.lang.Object, int, int, int, int, int)'> (0x0000000094850868) 
thrown [s\src\hotspot\share\interpreter\linkResolver.cpp, line 759]
Event: 15.813 Thread 0x000002230dfe4ce0 Exception <a 'java/lang/NoSuchMethodError'{0x00000000948588c0}: 'java.lang.Object java.lang.invoke.Invokers$Holder.linkToTargetMethod(java.lang.Object, java.lang.Object, int, int, int, int, int, java.lang.Object)'> (0x00000000948588c0) 
thrown [s\src\hotspot\share\interpreter\linkResolver.cpp, line 759]
Event: 22.148 Thread 0x000002230dfe4ce0 Exception <a 'java/lang/NoSuchMethodError'{0x00000000942cef30}: 'java.lang.Object java.lang.invoke.DirectMethodHandle$Holder.invokeSpecial(java.lang.Object, java.lang.Object, long, java.lang.Object, int, int, java.lang.Object, int, java.lang.Object)'> (0x00000000942cef30) 
thrown [s\src\hotspot\share\interpreter\linkResolver.cpp, line 759]
Event: 22.149 Thread 0x000002230dfe4ce0 Exception <a 'java/lang/NoSuchMethodError'{0x00000000942d3438}: 'java.lang.Object java.lang.invoke.DelegatingMethodHandle$Holder.reinvoke_L(java.lang.Object, long, java.lang.Object, int, int, java.lang.Object, int, java.lang.Object)'> (0x00000000942d3438) 
thrown [s\src\hotspot\share\interpreter\linkResolver.cpp, line 759]
Event: 22.169 Thread 0x000002230dfe4ce0 Exception <a 'java/lang/NoSuchMethodError'{0x000000009413f8f0}: 'java.lang.Object java.lang.invoke.DelegatingMethodHandle$Holder.reinvoke_L(java.lang.Object, java.lang.Object, long, java.lang.Object, int, java.lang.Object, java.lang.Object, java.lang.Object, java.lang.Object, java.lang.Object, java.lang.Object, java.lang.Object, java.lang.Object, int, int)'> (0x000000009413f8f0) 
thrown [s\src\hotspot\share\interpreter\linkResolver.cpp, line 759]
Event: 22.177 Thread 0x000002230dfe4ce0 Exception <a 'java/lang/NoSuchMethodError'{0x0000000094184b10}: 'java.lang.Object java.lang.invoke.DirectMethodHandle$Holder.invokeSpecial(java.lang.Object, java.lang.Object, long, java.lang.Object, int, java.lang.Object, java.lang.Object, java.lang.Object, java.lang.Object, java.lang.Object, java.lang.Object, java.lang.Object, java.lang.Object, int, int)'> (0x0000000094184b10) 
thrown [s\src\hotspot\share\interpreter\linkResolver.cpp, line 759]
Event: 22.178 Thread 0x000002230dfe4ce0 Exception <a 'java/lang/NoSuchMethodError'{0x0000000094189970}: 'java.lang.Object java.lang.invoke.DelegatingMethodHandle$Holder.reinvoke_L(java.lang.Object, long, java.lang.Object, int, java.lang.Object, java.lang.Object, java.lang.Object, java.lang.Object, java.lang.Object, java.lang.Object, java.lang.Object, java.lang.Object, int, int)'> (0x0000000094189970) 
thrown [s\src\hotspot\share\interpreter\linkResolver.cpp, line 759]
Event: 23.087 Thread 0x000002230dfe4ce0 Implicit null exception at 0x00000222b97189d4 to 0x00000222b9718a5c

VM Operations (20 events):
Event: 57.980 Executing VM operation: get/set locals done
Event: 57.980 Executing VM operation: get/set locals
Event: 57.981 Executing VM operation: get/set locals done
Event: 60.178 Executing VM operation: HandshakeAllThreads
Event: 60.178 Executing VM operation: HandshakeAllThreads done
Event: 64.917 Executing VM operation: ChangeBreakpoints
Event: 64.917 Executing VM operation: ChangeBreakpoints done
Event: 64.918 Executing VM operation: ChangeBreakpoints
Event: 64.918 Executing VM operation: ChangeBreakpoints done
Event: 64.918 Executing VM operation: ChangeBreakpoints
Event: 64.918 Executing VM operation: ChangeBreakpoints done
Event: 64.918 Executing VM operation: ChangeBreakpoints
Event: 64.919 Executing VM operation: ChangeBreakpoints done
Event: 64.919 Executing VM operation: ChangeBreakpoints
Event: 64.919 Executing VM operation: ChangeBreakpoints done
Event: 64.919 Executing VM operation: ChangeBreakpoints
Event: 64.919 Executing VM operation: ChangeBreakpoints done
Event: 64.919 Executing VM operation: ChangeBreakpoints
Event: 64.919 Executing VM operation: ChangeBreakpoints done
Event: 65.042 Executing VM operation: Exit

Memory protections (0 events):
No events

Nmethod flushes (20 events):
Event: 37.845 Thread 0x00000222c79a71e0 flushing  nmethod 0x00000222b21e6a10
Event: 37.845 Thread 0x00000222c79a71e0 flushing  nmethod 0x00000222b21f0f10
Event: 37.846 Thread 0x00000222c79a71e0 flushing osr nmethod 0x00000222b2216c90
Event: 37.846 Thread 0x00000222c79a71e0 flushing  nmethod 0x00000222b2236c90
Event: 37.846 Thread 0x00000222c79a71e0 flushing  nmethod 0x00000222b2244e10
Event: 37.846 Thread 0x00000222c79a71e0 flushing  nmethod 0x00000222b2259390
Event: 37.846 Thread 0x00000222c79a71e0 flushing  nmethod 0x00000222b22c7b10
Event: 37.847 Thread 0x00000222c79a71e0 flushing  nmethod 0x00000222b22f0010
Event: 37.847 Thread 0x00000222c79a71e0 flushing  nmethod 0x00000222b22f2c10
Event: 37.847 Thread 0x00000222c79a71e0 flushing  nmethod 0x00000222b22fd290
Event: 37.848 Thread 0x00000222c79a71e0 flushing  nmethod 0x00000222b23d9d90
Event: 37.848 Thread 0x00000222c79a71e0 flushing  nmethod 0x00000222b23e4110
Event: 37.848 Thread 0x00000222c79a71e0 flushing  nmethod 0x00000222b2400e10
Event: 37.848 Thread 0x00000222c79a71e0 flushing  nmethod 0x00000222b241ee90
Event: 37.848 Thread 0x00000222c79a71e0 flushing  nmethod 0x00000222b243a510
Event: 37.848 Thread 0x00000222c79a71e0 flushing  nmethod 0x00000222b243f790
Event: 37.848 Thread 0x00000222c79a71e0 flushing  nmethod 0x00000222b2461710
Event: 37.848 Thread 0x00000222c79a71e0 flushing  nmethod 0x00000222b2461d10
Event: 37.848 Thread 0x00000222c79a71e0 flushing osr nmethod 0x00000222b2463510
Event: 37.848 Thread 0x00000222c79a71e0 flushing  nmethod 0x00000222b2498410

Events (20 events):
Event: 23.043 Thread 0x000002230d263390 Thread exited: 0x000002230d263390
Event: 23.227 Thread 0x00000222c7961c60 Thread added: 0x0000022314ec0e80
Event: 23.875 Thread 0x0000022314ec0e80 Thread exited: 0x0000022314ec0e80
Event: 31.259 Thread 0x00000222c7961350 Thread added: 0x0000022314ed0e60
Event: 31.831 Thread 0x0000022314ed0e60 Thread exited: 0x0000022314ed0e60
Event: 33.088 Thread 0x00000222c7961c60 Thread added: 0x0000022314ed0e60
Event: 33.426 Thread 0x0000022314ed0e60 Thread exited: 0x0000022314ed0e60
Event: 35.289 Thread 0x00000222c7961c60 Thread added: 0x0000022317479950
Event: 35.698 Thread 0x0000022317479950 Thread exited: 0x0000022317479950
Event: 36.038 Thread 0x00000222c7961c60 Thread added: 0x0000022324e74820
Event: 37.772 Thread 0x0000022324e74820 Thread exited: 0x0000022324e74820
Event: 37.814 Thread 0x00000222c7961c60 Thread added: 0x00000223250b6aa0
Event: 39.380 Thread 0x00000223250b6aa0 Thread exited: 0x00000223250b6aa0
Event: 64.911 Thread 0x000002230df0ab60 Thread exited: 0x000002230df0ab60
Event: 64.928 Thread 0x00000222c7ceb440 Thread exited: 0x00000222c7ceb440
Event: 65.034 Thread 0x00000222c795b980 Thread added: 0x0000022314fb4cf0
Event: 65.036 Thread 0x0000022314fb4cf0 Thread added: 0x0000022314fb1540
Event: 65.036 Thread 0x0000022314fb4cf0 Thread added: 0x0000022314fb1f60
Event: 65.037 Thread 0x0000022314fb1540 Thread exited: 0x0000022314fb1540
Event: 65.042 Thread 0x0000022314fb1f60 Thread exited: 0x0000022314fb1f60


Dynamic libraries:
0x00007ff75eb00000 - 0x00007ff75eb0e000 	C:\Users\diego\.jdks\corretto-17.0.13\bin\java.exe
0x00007ff98ad90000 - 0x00007ff98afa7000 	C:\Windows\SYSTEM32\ntdll.dll
0x00007ff98a6d0000 - 0x00007ff98a794000 	C:\Windows\System32\KERNEL32.DLL
0x00007ff9886f0000 - 0x00007ff988aa9000 	C:\Windows\System32\KERNELBASE.dll
0x00007ff988340000 - 0x00007ff988451000 	C:\Windows\System32\ucrtbase.dll
0x00007ff982900000 - 0x00007ff982917000 	C:\Users\diego\.jdks\corretto-17.0.13\bin\jli.dll
0x00007ff9828e0000 - 0x00007ff9828fb000 	C:\Users\diego\.jdks\corretto-17.0.13\bin\VCRUNTIME140.dll
0x00007ff98a910000 - 0x00007ff98aabe000 	C:\Windows\System32\USER32.dll
0x00007ff988550000 - 0x00007ff988576000 	C:\Windows\System32\win32u.dll
0x00007ff96f2a0000 - 0x00007ff96f532000 	C:\Windows\WinSxS\amd64_microsoft.windows.common-controls_6595b64144ccf1df_6.0.22621.4391_none_2715d37f73803e96\COMCTL32.dll
0x00007ff9894c0000 - 0x00007ff9894e9000 	C:\Windows\System32\GDI32.dll
0x00007ff98a7e0000 - 0x00007ff98a887000 	C:\Windows\System32\msvcrt.dll
0x00007ff988160000 - 0x00007ff98827b000 	C:\Windows\System32\gdi32full.dll
0x00007ff988090000 - 0x00007ff98812a000 	C:\Windows\System32\msvcp_win.dll
0x00007ff98a7a0000 - 0x00007ff98a7d1000 	C:\Windows\System32\IMM32.DLL
0x00007ff9828d0000 - 0x00007ff9828dc000 	C:\Users\diego\.jdks\corretto-17.0.13\bin\vcruntime140_1.dll
0x00007ff982840000 - 0x00007ff9828cd000 	C:\Users\diego\.jdks\corretto-17.0.13\bin\msvcp140.dll
0x00007ff92b340000 - 0x00007ff92bfac000 	C:\Users\diego\.jdks\corretto-17.0.13\bin\server\jvm.dll
0x00007ff98a500000 - 0x00007ff98a5b2000 	C:\Windows\System32\ADVAPI32.dll
0x00007ff98abf0000 - 0x00007ff98ac97000 	C:\Windows\System32\sechost.dll
0x00007ff988130000 - 0x00007ff988158000 	C:\Windows\System32\bcrypt.dll
0x00007ff989340000 - 0x00007ff989454000 	C:\Windows\System32\RPCRT4.dll
0x00007ff98ab70000 - 0x00007ff98abe1000 	C:\Windows\System32\WS2_32.dll
0x00007ff987f60000 - 0x00007ff987fad000 	C:\Windows\SYSTEM32\POWRPROF.dll
0x00007ff984a20000 - 0x00007ff984a54000 	C:\Windows\SYSTEM32\WINMM.dll
0x00007ff980370000 - 0x00007ff98037a000 	C:\Windows\SYSTEM32\VERSION.dll
0x00007ff987f40000 - 0x00007ff987f53000 	C:\Windows\SYSTEM32\UMPDC.dll
0x00007ff9870d0000 - 0x00007ff9870e8000 	C:\Windows\SYSTEM32\kernel.appcore.dll
0x00007ff982830000 - 0x00007ff98283a000 	C:\Users\diego\.jdks\corretto-17.0.13\bin\jimage.dll
0x00007ff985530000 - 0x00007ff985762000 	C:\Windows\SYSTEM32\DBGHELP.DLL
0x00007ff98a110000 - 0x00007ff98a49f000 	C:\Windows\System32\combase.dll
0x00007ff989bc0000 - 0x00007ff989c97000 	C:\Windows\System32\OLEAUT32.dll
0x00007ff95cb90000 - 0x00007ff95cbc2000 	C:\Windows\SYSTEM32\dbgcore.DLL
0x00007ff9884d0000 - 0x00007ff98854b000 	C:\Windows\System32\bcryptPrimitives.dll
0x00007ff9827f0000 - 0x00007ff98282b000 	C:\Users\diego\.jdks\corretto-17.0.13\bin\jdwp.dll
0x00007ff9827e0000 - 0x00007ff9827ee000 	C:\Users\diego\.jdks\corretto-17.0.13\bin\instrument.dll
0x00007ff9827b0000 - 0x00007ff9827d5000 	C:\Users\diego\.jdks\corretto-17.0.13\bin\java.dll
0x00007ff982790000 - 0x00007ff9827a8000 	C:\Users\diego\.jdks\corretto-17.0.13\bin\zip.dll
0x00007ff974b80000 - 0x00007ff974c57000 	C:\Users\diego\.jdks\corretto-17.0.13\bin\jsvml.dll
0x00007ff988ac0000 - 0x00007ff989336000 	C:\Windows\System32\SHELL32.dll
0x00007ff985fd0000 - 0x00007ff9868d3000 	C:\Windows\SYSTEM32\windows.storage.dll
0x00007ff985e90000 - 0x00007ff985fcf000 	C:\Windows\SYSTEM32\wintypes.dll
0x00007ff989ca0000 - 0x00007ff989d99000 	C:\Windows\System32\SHCORE.dll
0x00007ff989da0000 - 0x00007ff989dfe000 	C:\Windows\System32\shlwapi.dll
0x00007ff987fc0000 - 0x00007ff987feb000 	C:\Windows\SYSTEM32\profapi.dll
0x00007ff982770000 - 0x00007ff982789000 	C:\Users\diego\.jdks\corretto-17.0.13\bin\net.dll
0x00007ff9815e0000 - 0x00007ff981716000 	C:\Windows\SYSTEM32\WINHTTP.dll
0x00007ff987550000 - 0x00007ff9875b9000 	C:\Windows\system32\mswsock.dll
0x00007ff982750000 - 0x00007ff982766000 	C:\Users\diego\.jdks\corretto-17.0.13\bin\nio.dll
0x00007ff982740000 - 0x00007ff98274c000 	C:\Users\diego\.jdks\corretto-17.0.13\bin\dt_socket.dll
0x00007ff986b40000 - 0x00007ff986b6d000 	C:\Windows\SYSTEM32\IPHLPAPI.DLL
0x00000222a7ea0000 - 0x00000222a7ea3000 	D:\Proyecto Terminal\openjfx-22.0.1_windows-x64_bin-sdk\javafx-sdk-22.0.1\bin\api-ms-win-core-console-l1-1-0.dll
0x00000222a7eb0000 - 0x00000222a7eb3000 	D:\Proyecto Terminal\openjfx-22.0.1_windows-x64_bin-sdk\javafx-sdk-22.0.1\bin\api-ms-win-core-console-l1-2-0.dll
0x00000222a7ec0000 - 0x00000222a7ec3000 	D:\Proyecto Terminal\openjfx-22.0.1_windows-x64_bin-sdk\javafx-sdk-22.0.1\bin\api-ms-win-core-datetime-l1-1-0.dll
0x00000222a7ed0000 - 0x00000222a7ed3000 	D:\Proyecto Terminal\openjfx-22.0.1_windows-x64_bin-sdk\javafx-sdk-22.0.1\bin\api-ms-win-core-debug-l1-1-0.dll
0x00000222a7ee0000 - 0x00000222a7ee3000 	D:\Proyecto Terminal\openjfx-22.0.1_windows-x64_bin-sdk\javafx-sdk-22.0.1\bin\api-ms-win-core-errorhandling-l1-1-0.dll
0x00000222a9e60000 - 0x00000222a9e64000 	D:\Proyecto Terminal\openjfx-22.0.1_windows-x64_bin-sdk\javafx-sdk-22.0.1\bin\api-ms-win-core-file-l1-1-0.dll
0x00000222a9e70000 - 0x00000222a9e73000 	D:\Proyecto Terminal\openjfx-22.0.1_windows-x64_bin-sdk\javafx-sdk-22.0.1\bin\api-ms-win-core-file-l1-2-0.dll
0x00000222a9e80000 - 0x00000222a9e83000 	D:\Proyecto Terminal\openjfx-22.0.1_windows-x64_bin-sdk\javafx-sdk-22.0.1\bin\api-ms-win-core-file-l2-1-0.dll
0x00000222a9e90000 - 0x00000222a9e93000 	D:\Proyecto Terminal\openjfx-22.0.1_windows-x64_bin-sdk\javafx-sdk-22.0.1\bin\api-ms-win-core-handle-l1-1-0.dll
0x00000222c7f00000 - 0x00000222c7f03000 	D:\Proyecto Terminal\openjfx-22.0.1_windows-x64_bin-sdk\javafx-sdk-22.0.1\bin\api-ms-win-core-heap-l1-1-0.dll
0x00000222c7f10000 - 0x00000222c7f13000 	D:\Proyecto Terminal\openjfx-22.0.1_windows-x64_bin-sdk\javafx-sdk-22.0.1\bin\api-ms-win-core-interlocked-l1-1-0.dll
0x00000222c7f20000 - 0x00000222c7f23000 	D:\Proyecto Terminal\openjfx-22.0.1_windows-x64_bin-sdk\javafx-sdk-22.0.1\bin\api-ms-win-core-libraryloader-l1-1-0.dll
0x00000222c7f30000 - 0x00000222c7f33000 	D:\Proyecto Terminal\openjfx-22.0.1_windows-x64_bin-sdk\javafx-sdk-22.0.1\bin\api-ms-win-core-localization-l1-2-0.dll
0x00000222c7f40000 - 0x00000222c7f43000 	D:\Proyecto Terminal\openjfx-22.0.1_windows-x64_bin-sdk\javafx-sdk-22.0.1\bin\api-ms-win-core-memory-l1-1-0.dll
0x00000222c7f50000 - 0x00000222c7f53000 	D:\Proyecto Terminal\openjfx-22.0.1_windows-x64_bin-sdk\javafx-sdk-22.0.1\bin\api-ms-win-core-namedpipe-l1-1-0.dll
0x00000222c7f60000 - 0x00000222c7f63000 	D:\Proyecto Terminal\openjfx-22.0.1_windows-x64_bin-sdk\javafx-sdk-22.0.1\bin\api-ms-win-core-processenvironment-l1-1-0.dll
0x00000222c7f70000 - 0x00000222c7f73000 	D:\Proyecto Terminal\openjfx-22.0.1_windows-x64_bin-sdk\javafx-sdk-22.0.1\bin\api-ms-win-core-processthreads-l1-1-0.dll
0x00000222c7f80000 - 0x00000222c7f83000 	D:\Proyecto Terminal\openjfx-22.0.1_windows-x64_bin-sdk\javafx-sdk-22.0.1\bin\api-ms-win-core-processthreads-l1-1-1.dll
0x00000222c7f90000 - 0x00000222c7f93000 	D:\Proyecto Terminal\openjfx-22.0.1_windows-x64_bin-sdk\javafx-sdk-22.0.1\bin\api-ms-win-core-profile-l1-1-0.dll
0x00000222c7fa0000 - 0x00000222c7fa3000 	D:\Proyecto Terminal\openjfx-22.0.1_windows-x64_bin-sdk\javafx-sdk-22.0.1\bin\api-ms-win-core-rtlsupport-l1-1-0.dll
0x00000222c7fb0000 - 0x00000222c7fb3000 	D:\Proyecto Terminal\openjfx-22.0.1_windows-x64_bin-sdk\javafx-sdk-22.0.1\bin\api-ms-win-core-string-l1-1-0.dll
0x00000222c7fc0000 - 0x00000222c7fc3000 	D:\Proyecto Terminal\openjfx-22.0.1_windows-x64_bin-sdk\javafx-sdk-22.0.1\bin\api-ms-win-core-synch-l1-1-0.dll
0x00000222c7fd0000 - 0x00000222c7fd3000 	D:\Proyecto Terminal\openjfx-22.0.1_windows-x64_bin-sdk\javafx-sdk-22.0.1\bin\api-ms-win-core-synch-l1-2-0.dll
0x00000222c7fe0000 - 0x00000222c7fe3000 	D:\Proyecto Terminal\openjfx-22.0.1_windows-x64_bin-sdk\javafx-sdk-22.0.1\bin\api-ms-win-core-sysinfo-l1-1-0.dll
0x00000222c7ff0000 - 0x00000222c7ff3000 	D:\Proyecto Terminal\openjfx-22.0.1_windows-x64_bin-sdk\javafx-sdk-22.0.1\bin\api-ms-win-core-timezone-l1-1-0.dll
0x000002230e7d0000 - 0x000002230e7d3000 	D:\Proyecto Terminal\openjfx-22.0.1_windows-x64_bin-sdk\javafx-sdk-22.0.1\bin\api-ms-win-core-util-l1-1-0.dll
0x000002230e7e0000 - 0x000002230e7e3000 	D:\Proyecto Terminal\openjfx-22.0.1_windows-x64_bin-sdk\javafx-sdk-22.0.1\bin\api-ms-win-crt-conio-l1-1-0.dll
0x000002230e7f0000 - 0x000002230e7f4000 	D:\Proyecto Terminal\openjfx-22.0.1_windows-x64_bin-sdk\javafx-sdk-22.0.1\bin\api-ms-win-crt-convert-l1-1-0.dll
0x000002230e800000 - 0x000002230e803000 	D:\Proyecto Terminal\openjfx-22.0.1_windows-x64_bin-sdk\javafx-sdk-22.0.1\bin\api-ms-win-crt-environment-l1-1-0.dll
0x000002230e810000 - 0x000002230e813000 	D:\Proyecto Terminal\openjfx-22.0.1_windows-x64_bin-sdk\javafx-sdk-22.0.1\bin\api-ms-win-crt-filesystem-l1-1-0.dll
0x000002230e820000 - 0x000002230e823000 	D:\Proyecto Terminal\openjfx-22.0.1_windows-x64_bin-sdk\javafx-sdk-22.0.1\bin\api-ms-win-crt-heap-l1-1-0.dll
0x000002230e830000 - 0x000002230e833000 	D:\Proyecto Terminal\openjfx-22.0.1_windows-x64_bin-sdk\javafx-sdk-22.0.1\bin\api-ms-win-crt-locale-l1-1-0.dll
0x000002230e840000 - 0x000002230e845000 	D:\Proyecto Terminal\openjfx-22.0.1_windows-x64_bin-sdk\javafx-sdk-22.0.1\bin\api-ms-win-crt-math-l1-1-0.dll
0x000002230e850000 - 0x000002230e855000 	D:\Proyecto Terminal\openjfx-22.0.1_windows-x64_bin-sdk\javafx-sdk-22.0.1\bin\api-ms-win-crt-multibyte-l1-1-0.dll
0x000002230e860000 - 0x000002230e870000 	D:\Proyecto Terminal\openjfx-22.0.1_windows-x64_bin-sdk\javafx-sdk-22.0.1\bin\api-ms-win-crt-private-l1-1-0.dll
0x000002230e870000 - 0x000002230e873000 	D:\Proyecto Terminal\openjfx-22.0.1_windows-x64_bin-sdk\javafx-sdk-22.0.1\bin\api-ms-win-crt-process-l1-1-0.dll
0x000002230e880000 - 0x000002230e884000 	D:\Proyecto Terminal\openjfx-22.0.1_windows-x64_bin-sdk\javafx-sdk-22.0.1\bin\api-ms-win-crt-runtime-l1-1-0.dll
0x000002230e890000 - 0x000002230e894000 	D:\Proyecto Terminal\openjfx-22.0.1_windows-x64_bin-sdk\javafx-sdk-22.0.1\bin\api-ms-win-crt-stdio-l1-1-0.dll
0x000002230e8a0000 - 0x000002230e8a4000 	D:\Proyecto Terminal\openjfx-22.0.1_windows-x64_bin-sdk\javafx-sdk-22.0.1\bin\api-ms-win-crt-string-l1-1-0.dll
0x000002230e8b0000 - 0x000002230e8b3000 	D:\Proyecto Terminal\openjfx-22.0.1_windows-x64_bin-sdk\javafx-sdk-22.0.1\bin\api-ms-win-crt-time-l1-1-0.dll
0x000002230e8c0000 - 0x000002230e8c3000 	D:\Proyecto Terminal\openjfx-22.0.1_windows-x64_bin-sdk\javafx-sdk-22.0.1\bin\api-ms-win-crt-utility-l1-1-0.dll
0x00007ff9719e0000 - 0x00007ff971adc000 	D:\Proyecto Terminal\openjfx-22.0.1_windows-x64_bin-sdk\javafx-sdk-22.0.1\bin\ucrtbase.dll
0x00007ff977210000 - 0x00007ff97722b000 	D:\Proyecto Terminal\openjfx-22.0.1_windows-x64_bin-sdk\javafx-sdk-22.0.1\bin\vcruntime140.dll
0x00007ff9820c0000 - 0x00007ff9820cc000 	D:\Proyecto Terminal\openjfx-22.0.1_windows-x64_bin-sdk\javafx-sdk-22.0.1\bin\vcruntime140_1.dll
0x00007ff976520000 - 0x00007ff9765ae000 	D:\Proyecto Terminal\openjfx-22.0.1_windows-x64_bin-sdk\javafx-sdk-22.0.1\bin\msvcp140.dll
0x00007ff9789e0000 - 0x00007ff9789e9000 	D:\Proyecto Terminal\openjfx-22.0.1_windows-x64_bin-sdk\javafx-sdk-22.0.1\bin\msvcp140_1.dll
0x00007ff976b00000 - 0x00007ff976b41000 	D:\Proyecto Terminal\openjfx-22.0.1_windows-x64_bin-sdk\javafx-sdk-22.0.1\bin\msvcp140_2.dll
0x00007ff976cc0000 - 0x00007ff976cf0000 	D:\Proyecto Terminal\openjfx-22.0.1_windows-x64_bin-sdk\javafx-sdk-22.0.1\bin\prism_d3d.dll
0x00007ff94a330000 - 0x00007ff94a4d8000 	C:\Windows\system32\d3d9.dll
0x00007ff984f70000 - 0x00007ff984f9b000 	C:\Windows\SYSTEM32\dwmapi.dll
0x00007ff984e20000 - 0x00007ff984e57000 	C:\Windows\SYSTEM32\dxcore.dll
0x00007ff984d00000 - 0x00007ff984db1000 	C:\Windows\system32\uxtheme.dll
0x00007ff97cef0000 - 0x00007ff97d0cd000 	C:\Windows\System32\DriverStore\FileRepository\u0355756.inf_amd64_5146fc3a012e7afa\B354291\aticfx64.dll
0x00007ff94f2c0000 - 0x00007ff94f2f0000 	C:\Windows\System32\DriverStore\FileRepository\u0355756.inf_amd64_5146fc3a012e7afa\B354291\atiu9p64.dll
0x00007ff946820000 - 0x00007ff9474eb000 	C:\Windows\System32\DriverStore\FileRepository\u0355756.inf_amd64_5146fc3a012e7afa\B354291\atiumd64.dll
0x00007ff989e00000 - 0x00007ff989fa5000 	C:\Windows\System32\ole32.dll
0x00000000640d0000 - 0x0000000064e53000 	C:\Windows\System32\DriverStore\FileRepository\u0355756.inf_amd64_5146fc3a012e7afa\B354291\atiumd6a.dll
0x00007ff97f620000 - 0x00007ff97f669000 	C:\Windows\SYSTEM32\directxdatabasehelper.dll
0x00007ff974b30000 - 0x00007ff974b75000 	D:\Proyecto Terminal\openjfx-22.0.1_windows-x64_bin-sdk\javafx-sdk-22.0.1\bin\glass.dll
0x00007ff98a5d0000 - 0x00007ff98a6cf000 	C:\Windows\System32\COMDLG32.dll
0x00007ff977340000 - 0x00007ff97739e000 	C:\Program Files\Huawei\PCManager\plugins\PerfWndMonModule.dll
0x00007ff989fb0000 - 0x00007ff98a110000 	C:\Windows\System32\MSCTF.dll
0x00007ff98aca0000 - 0x00007ff98ad50000 	C:\Windows\System32\clbcatq.dll
0x00007ff977520000 - 0x00007ff977699000 	C:\Windows\System32\Windows.UI.dll
0x00007ff956f70000 - 0x00007ff9570e5000 	C:\Windows\System32\Windows.UI.Immersive.dll
0x00007ff976420000 - 0x00007ff976435000 	D:\Proyecto Terminal\openjfx-22.0.1_windows-x64_bin-sdk\javafx-sdk-22.0.1\bin\javafx_font.dll
0x00007ff984480000 - 0x00007ff9846f3000 	C:\Windows\SYSTEM32\dwrite.dll
0x00007ff984b20000 - 0x00007ff984cd0000 	C:\Windows\SYSTEM32\WindowsCodecs.dll
0x00007ff976930000 - 0x00007ff97698e000 	C:\Windows\system32\dataexchange.dll
0x00007ff97d780000 - 0x00007ff97da24000 	C:\Windows\system32\twinapi.appcore.dll
0x00007ff9719a0000 - 0x00007ff9719d2000 	C:\Program Files\Common Files\Microsoft Shared\Ink\rtscom.dll
0x00007ff972e80000 - 0x00007ff972fc5000 	C:\Windows\SYSTEM32\textinputframework.dll
0x00007ff980230000 - 0x00007ff980363000 	C:\Windows\SYSTEM32\CoreMessaging.dll
0x00007ff97eed0000 - 0x00007ff97f23d000 	C:\Windows\SYSTEM32\CoreUIComponents.dll
0x00007ff9877c0000 - 0x00007ff9877cc000 	C:\Windows\SYSTEM32\CRYPTBASE.DLL
0x00007ff971970000 - 0x00007ff97199d000 	D:\Proyecto Terminal\openjfx-22.0.1_windows-x64_bin-sdk\javafx-sdk-22.0.1\bin\javafx_iio.dll
0x00007ff983e90000 - 0x00007ff98447e000 	C:\Windows\SYSTEM32\d2d1.dll

dbghelp: loaded successfully - version: 4.0.5 - missing functions: none
symbol engine: initialized successfully - sym options: 0x614 - pdb path: .;C:\Users\diego\.jdks\corretto-17.0.13\bin;C:\Windows\SYSTEM32;C:\Windows\WinSxS\amd64_microsoft.windows.common-controls_6595b64144ccf1df_6.0.22621.4391_none_2715d37f73803e96;C:\Users\diego\.jdks\corretto-17.0.13\bin\server;D:\Proyecto Terminal\openjfx-22.0.1_windows-x64_bin-sdk\javafx-sdk-22.0.1\bin;C:\Windows\System32\DriverStore\FileRepository\u0355756.inf_amd64_5146fc3a012e7afa\B354291;C:\Program Files\Huawei\PCManager\plugins;C:\Program Files\Common Files\Microsoft Shared\Ink

VM Arguments:
jvm_args: -agentlib:jdwp=transport=dt_socket,address=127.0.0.1:53444,suspend=y,server=n --module-path=D:\Proyecto Terminal\openjfx-22.0.1_windows-x64_bin-sdk\javafx-sdk-22.0.1\lib --add-modules=javafx.controls,javafx.fxml -javaagent:C:\Users\diego\AppData\Local\JetBrains\IntelliJIdea2024.1\captureAgent\debugger-agent.jar -Dfile.encoding=UTF-8 
java_command: optiuam.bc.controller.OptiUAM24
java_class_path (initial): D:\Proyecto Terminal\Código\OptiUAM24\OptiUAM\out\production\OptiUAM;D:\Proyecto Terminal\Código\OptiUAM24\OptiUAM\Librerias\jcommon-1.0.23.jar;D:\Proyecto Terminal\Código\OptiUAM24\OptiUAM\Librerias\jfreechart-1.0.19.jar;D:\Proyecto Terminal\openjfx-22.0.1_windows-x64_bin-sdk\javafx-sdk-22.0.1\lib\javafx-swt.jar;D:\Proyecto Terminal\openjfx-22.0.1_windows-x64_bin-sdk\javafx-sdk-22.0.1\lib\javafx.base.jar;D:\Proyecto Terminal\openjfx-22.0.1_windows-x64_bin-sdk\javafx-sdk-22.0.1\lib\javafx.controls.jar;D:\Proyecto Terminal\openjfx-22.0.1_windows-x64_bin-sdk\javafx-sdk-22.0.1\lib\javafx.fxml.jar;D:\Proyecto Terminal\openjfx-22.0.1_windows-x64_bin-sdk\javafx-sdk-22.0.1\lib\javafx.graphics.jar;D:\Proyecto Terminal\openjfx-22.0.1_windows-x64_bin-sdk\javafx-sdk-22.0.1\lib\javafx.media.jar;D:\Proyecto Terminal\openjfx-22.0.1_windows-x64_bin-sdk\javafx-sdk-22.0.1\lib\javafx.swing.jar;D:\Proyecto Terminal\openjfx-22.0.1_windows-x64_bin-sdk\javafx-sdk-22.0.1\lib\javafx.web.jar;D:\Proyecto Terminal\openjfx-22.0.1_windows-x64_bin-sdk.zip;D:\Proyecto Terminal\commons-math3-3.6.1\commons-math3-3.6.1-tests.jar;D:\Proyecto Terminal\commons-math3-3.6.1\commons-math3-3.6.1-tools.jar;D:\Proyecto Terminal\commons-math3-3.6.1\commons-math3-3.6.1.jar;C:\Program Files\JetBrains\IntelliJ IDEA 2024.1.3\lib\idea_rt.jar
Launcher Type: SUN_STANDARD

[Global flags]
     intx CICompilerCount                          = 4                                         {product} {ergonomic}
     uint ConcGCThreads                            = 2                                         {product} {ergonomic}
     uint G1ConcRefinementThreads                  = 8                                         {product} {ergonomic}
   size_t G1HeapRegionSize                         = 1048576                                   {product} {ergonomic}
    uintx GCDrainStackTargetSize                   = 64                                        {product} {ergonomic}
   size_t InitialHeapSize                          = 117440512                                 {product} {ergonomic}
   size_t MarkStackSize                            = 4194304                                   {product} {ergonomic}
   size_t MaxHeapSize                              = 1862270976                                {product} {ergonomic}
   size_t MaxNewSize                               = 1116733440                                {product} {ergonomic}
   size_t MinHeapDeltaBytes                        = 1048576                                   {product} {ergonomic}
   size_t MinHeapSize                              = 8388608                                   {product} {ergonomic}
    uintx NonNMethodCodeHeapSize                   = 5839372                                {pd product} {ergonomic}
    uintx NonProfiledCodeHeapSize                  = 122909434                              {pd product} {ergonomic}
    uintx ProfiledCodeHeapSize                     = 122909434                              {pd product} {ergonomic}
    uintx ReservedCodeCacheSize                    = 251658240                              {pd product} {ergonomic}
     bool SegmentedCodeCache                       = true                                      {product} {ergonomic}
   size_t SoftMaxHeapSize                          = 1862270976                             {manageable} {ergonomic}
     bool UseCompressedClassPointers               = true                           {product lp64_product} {ergonomic}
     bool UseCompressedOops                        = true                           {product lp64_product} {ergonomic}
     bool UseG1GC                                  = true                                      {product} {ergonomic}
     bool UseLargePagesIndividualAllocation        = false                                  {pd product} {ergonomic}

Logging:
Log output configuration:
 #0: stdout all=off uptime,level,tags
 #1: stderr all=off uptime,level,tags

Environment Variables:
PATH=C:\Program Files\Common Files\Oracle\Java\javapath;C:\Users\diego\Desktop\oracle\bin;C:\Windows\system32;C:\Windows;C:\Windows\System32\Wbem;C:\Windows\System32\WindowsPowerShell\v1.0\;C:\Windows\System32\OpenSSH\;C:\Program Files\Git\cmd;C:\Strawberry\c\bin;C:\Strawberry\perl\site\bin;C:\Strawberry\perl\bin;C:\Users\diego\AppData\Local\Programs\Python\Launcher\;C:\Users\diego\AppData\Local\Microsoft\WindowsApps;C:\Program Files\JetBrains\IntelliJ IDEA 2024.1.3\bin;;C:\Users\diego\AppData\Local\GitHubDesktop\bin;C:\Program Files\JetBrains\PyCharm 2024.1.4\bin;;C:\Users\diego\AppData\Local\Programs\Microsoft VS Code\bin;C:\Users\diego\AppData\Local\Programs\MiKTeX\miktex\bin\x64\
USERNAME=diego
OS=Windows_NT
PROCESSOR_IDENTIFIER=AMD64 Family 23 Model 24 Stepping 1, AuthenticAMD
TMP=C:\Users\diego\AppData\Local\Temp
TEMP=C:\Users\diego\AppData\Local\Temp



Periodic native trim disabled


---------------  S Y S T E M  ---------------

OS:
 Windows 11 , 64 bit Build 22621 (10.0.22621.4391)
OS uptime: 0 days 17:35 hours

CPU: total 8 (initial active 8) (8 cores per cpu, 2 threads per core) family 23 model 24 stepping 1 microcode 0x0, cx8, cmov, fxsr, ht, mmx, 3dnowpref, sse, sse2, sse3, ssse3, sse4a, sse4.1, sse4.2, popcnt, lzcnt, tsc, tscinvbit, avx, avx2, aes, clmul, bmi1, bmi2, adx, sha, fma, vzeroupper, clflush, clflushopt
Processor Information for all 8 processors :
  Max Mhz: 2100, Current Mhz: 2100, Mhz Limit: 2100

Memory: 4k page, system-wide physical 7103M (926M free)
TotalPageFile size 15807M (AvailPageFile size 4838M)
current process WorkingSet (physical memory assigned to process): 245M, peak: 349M
current process commit charge ("private bytes"): 363M, peak: 463M

vm_info: OpenJDK 64-Bit Server VM (17.0.13+11-LTS) for windows-amd64 JRE (17.0.13+11-LTS), built on Oct 10 2024 19:51:30 by "Administrator" with MS VC++ 16.10 / 16.11 (VS2019)

END.
