#
# A fatal error has been detected by the Java Runtime Environment:
#
#  EXCEPTION_ACCESS_VIOLATION (0xc0000005) at pc=0x00007ff9598882d7, pid=15992, tid=5604
#
# JRE version: OpenJDK Runtime Environment Corretto-17.0.13.11.1 (17.0.13+11) (build 17.0.13+11-LTS)
# Java VM: OpenJDK 64-Bit Server VM Corretto-17.0.13.11.1 (17.0.13+11-LTS, mixed mode, sharing, tiered, compressed oops, compressed class ptrs, g1 gc, windows-amd64)
# Problematic frame:
# C  [glass.dll+0x282d7]
#
# No core dump will be written. Minidumps are not enabled by default on client versions of Windows
#
# If you would like to submit a bug report, please visit:
#   https://github.com/corretto/corretto-17/issues/
#

---------------  S U M M A R Y ------------

Command Line: -agentlib:jdwp=transport=dt_socket,address=127.0.0.1:3403,suspend=y,server=n --module-path=D:\Proyecto Terminal\openjfx-22.0.1_windows-x64_bin-sdk\javafx-sdk-22.0.1\lib --add-modules=javafx.controls,javafx.fxml -javaagent:C:\Users\diego\AppData\Local\JetBrains\IntelliJIdea2024.1\captureAgent\debugger-agent.jar -Dfile.encoding=UTF-8 optiuam.bc.controller.OptiUAM24

Host: AMD Ryzen 5 3500U with Radeon Vega Mobile Gfx  , 8 cores, 6G,  Windows 11 , 64 bit Build 26100 (10.0.26100.2454)
Time: Thu Jan  2 22:03:41 2025 Hora est嫕dar central (M憖ico) elapsed time: 173.090944 seconds (0d 0h 2m 53s)

---------------  T H R E A D  ---------------

Current thread (0x0000017d05b17380):  VMThread "VM Thread" [stack: 0x0000005c55500000,0x0000005c55600000] [id=5604]

Stack: [0x0000005c55500000,0x0000005c55600000],  sp=0x0000005c555ff100,  free space=1020k
Native frames: (J=compiled Java code, j=interpreted, Vv=VM code, C=native code)
C  [glass.dll+0x282d7]


siginfo: EXCEPTION_ACCESS_VIOLATION (0xc0000005), reading address 0x0000000000000000


Registers:
RAX=0x0000000000000000, RBX=0x0000017d05b2d600, RCX=0x0000017d05b17380, RDX=0x0000005c555ff100
RSP=0x0000005c555ff100, RBP=0x0000c2d5b9a27b39, RSI=0x0000017d4bb712d8, RDI=0x0000017d4bb712b0
R8 =0x0000000000010002, R9 =0x0000c2d5b9a27b39, R10=0x0000017d65cb0000, R11=0x0000005c555fefb0
R12=0x0000000000000001, R13=0x000000007ffe0385, R14=0x0000005c555ff208, R15=0x0000017d4bb712b0
RIP=0x00007ff9598882d7, EFLAGS=0x0000000000010202


Register to memory mapping:

RIP=0x00007ff9598882d7 glass.dll
RAX=0x0 is NULL
RBX=0x0000017d05b2d600 is a global jni handle
RCX=0x0000017d05b17380 points into unknown readable memory: 0x00007ff90ede2cc8 | c8 2c de 0e f9 7f 00 00
RDX=0x0000005c555ff100 points into unknown readable memory: 0x0000000000000000 | 00 00 00 00 00 00 00 00
RSP=0x0000005c555ff100 points into unknown readable memory: 0x0000000000000000 | 00 00 00 00 00 00 00 00
RBP=0x0000c2d5b9a27b39 is an unknown value
RSI=0x0000017d4bb712d8 points into unknown readable memory: 0x0000c2d5b9a27b39 | 39 7b a2 b9 d5 c2 00 00
RDI=0x0000017d4bb712b0 points into unknown readable memory: 0xf000c22a4b116b94 | 94 6b 11 4b 2a c2 00 f0
R8 =0x0000000000010002 is an unknown value
R9 =0x0000c2d5b9a27b39 is an unknown value
R10=0x0000017d65cb0000 points into unknown readable memory: 0x0000000000000000 | 00 00 00 00 00 00 00 00
R11=0x0000005c555fefb0 points into unknown readable memory: 0x0000017d4bb712b0 | b0 12 b7 4b 7d 01 00 00
R12=0x0000000000000001 is an unknown value
R13=0x000000007ffe0385 points into unknown readable memory: 00 00 00
R14=0x0000005c555ff208 points into unknown readable memory: 0x0000005c555ff1f0 | f0 f1 5f 55 5c 00 00 00
R15=0x0000017d4bb712b0 points into unknown readable memory: 0xf000c22a4b116b94 | 94 6b 11 4b 2a c2 00 f0


Top of Stack: (sp=0x0000005c555ff100)
0x0000005c555ff100:   0000000000000000 0000017d00000000
0x0000005c555ff110:   0000017d4bc7f560 0000000000000001
0x0000005c555ff120:   0000017d4bb712b8 00007ff969a5cf05
0x0000005c555ff130:   0000017d4bb712b0 0000017d00000000
0x0000005c555ff140:   0000017d4bb712d0 0000c2d5b9a27b39
0x0000005c555ff150:   fffffffffffffffe 0000000000000001
0x0000005c555ff160:   00007ff959860000 00007ff959860000
0x0000005c555ff170:   0000005c555ff1f8 00007ff969a5ce27
0x0000005c555ff180:   0000005c555ff200 0000005c555ff208
0x0000005c555ff190:   0000005c555ff730 00007ff969b788c0
0x0000005c555ff1a0:   0000000000000001 00007ff969a5cddd
0x0000005c555ff1b0:   0000000000000000 0000000000000001
0x0000005c555ff1c0:   0000000000000001 0000005c555ff1f8
0x0000005c555ff1d0:   fffffffffffffffe 000000007ffe0384
0x0000005c555ff1e0:   0000000000000001 00007ff959885a6d
0x0000005c555ff1f0:   00007ff95989d078 00007ff900000002
0x0000005c555ff200:   0000000000000002 0000005c555ff1f0
0x0000005c555ff210:   0000000000000000 0000000000000000
0x0000005c555ff220:   0000000000000000 00007ff959885b92
0x0000005c555ff230:   0000000000000001 0000005c555ff700
0x0000005c555ff240:   0000000000000001 0000000000000001
0x0000005c555ff250:   0000000000000001 00007ff968f9277e
0x0000005c555ff260:   0000000000000001 000000000000007a
0x0000005c555ff270:   0000000000000000 0000000000000001
0x0000005c555ff280:   00007ff959885be0 00007ff96c5dd860
0x0000005c555ff290:   00007ff959860000 00007ff900000000
0x0000005c555ff2a0:   0000000000000001 000000007ffe0384
0x0000005c555ff2b0:   000000000000005e 0000000000000000
0x0000005c555ff2c0:   0000000000000000 0000000000000000
0x0000005c555ff2d0:   00007ff959860000 ffff027500000000
0x0000005c555ff2e0:   0000000000000078 0000000000000000
0x0000005c555ff2f0:   0000000000000000 0000017d05b19720 

Instructions: (pc=0x00007ff9598882d7)
0x00007ff9598881d7:   8b 4d 58 e8 49 cf ff ff 48 8b 4d 60 e8 40 cf ff
0x00007ff9598881e7:   ff 48 8b 95 80 00 00 00 48 8b 8d 18 01 00 00 e8
0x00007ff9598881f7:   26 c5 ff ff 33 d2 33 c9 e8 8c e1 ff ff 90 48 89
0x00007ff959888207:   54 24 10 55 48 83 ec 20 48 8b ea 48 b8 00 00 00
0x00007ff959888217:   00 00 00 00 00 48 83 c4 20 5d c3 cc 40 55 48 8b
0x00007ff959888227:   ea 48 8b 01 33 c9 81 38 05 00 00 c0 0f 94 c1 8b
0x00007ff959888237:   c1 5d c3 cc 40 55 48 83 ec 20 48 8b ea 8a 4d 40
0x00007ff959888247:   48 83 c4 20 5d e9 33 d3 ff ff cc 40 55 48 83 ec
0x00007ff959888257:   20 48 8b ea 8a 4d 20 e8 21 d3 ff ff 90 48 83 c4
0x00007ff959888267:   20 5d c3 cc 40 55 48 83 ec 20 48 8b ea 48 83 c4
0x00007ff959888277:   20 5d e9 82 d1 ff ff cc 40 55 48 83 ec 30 48 8b
0x00007ff959888287:   ea 48 8b 01 8b 10 48 89 4c 24 28 89 54 24 20 4c
0x00007ff959888297:   8d 0d 23 d6 ff ff 4c 8b 45 70 8b 55 68 48 8b 4d
0x00007ff9598882a7:   60 e8 c3 d0 ff ff 90 48 83 c4 30 5d c3 cc cc cc
0x00007ff9598882b7:   cc cc cc cc cc cc cc cc cc 40 53 48 83 ec 20 48
0x00007ff9598882c7:   8b 1d 6b 47 01 00 48 85 db 74 16 e8 39 90 ff ff
0x00007ff9598882d7:   4c 8b 00 48 8b d3 48 8b c8 41 ff 90 b0 00 00 00
0x00007ff9598882e7:   90 48 83 c4 20 5b c3 cc cc 40 53 48 83 ec 20 48
0x00007ff9598882f7:   8b 1d ab 48 01 00 48 85 db 74 57 b8 ff ff ff ff
0x00007ff959888307:   f0 0f c1 43 10 83 f8 01 75 3d 48 85 db 74 38 48
0x00007ff959888317:   8b 0b 48 85 c9 74 0d ff 15 8c 0f 00 00 48 c7 03
0x00007ff959888327:   00 00 00 00 48 8b 4b 08 48 85 c9 74 0d e8 ef cd
0x00007ff959888337:   ff ff 48 c7 43 08 00 00 00 00 ba 18 00 00 00 48
0x00007ff959888347:   8b cb e8 da cd ff ff 48 c7 05 4f 48 01 00 00 00
0x00007ff959888357:   00 00 48 83 c4 20 5b c3 cc 40 53 48 83 ec 20 48
0x00007ff959888367:   8b 1d 1b 48 01 00 48 85 db 74 57 b8 ff ff ff ff
0x00007ff959888377:   f0 0f c1 43 10 83 f8 01 75 3d 48 85 db 74 38 48
0x00007ff959888387:   8b 0b 48 85 c9 74 0d ff 15 1c 0f 00 00 48 c7 03
0x00007ff959888397:   00 00 00 00 48 8b 4b 08 48 85 c9 74 0d e8 7f cd
0x00007ff9598883a7:   ff ff 48 c7 43 08 00 00 00 00 ba 18 00 00 00 48
0x00007ff9598883b7:   8b cb e8 6a cd ff ff 48 c7 05 bf 47 01 00 00 00
0x00007ff9598883c7:   00 00 48 83 c4 20 5b c3 cc 40 53 48 83 ec 20 48 


Stack slot to memory mapping:
stack at sp + 0 slots: 0x0 is NULL
stack at sp + 1 slots: 0x0000017d00000000 points into unknown readable memory: 0x0000000000000000 | 00 00 00 00 00 00 00 00
stack at sp + 2 slots: 0x0000017d4bc7f560 points into unknown readable memory: 0x0000017d4b6c60b0 | b0 60 6c 4b 7d 01 00 00
stack at sp + 3 slots: 0x0000000000000001 is an unknown value
stack at sp + 4 slots: 0x0000017d4bb712b8 points into unknown readable memory: 0x0000c2d5b9a27b39 | 39 7b a2 b9 d5 c2 00 00
stack at sp + 5 slots: 0x00007ff969a5cf05 ucrtbase.dll
stack at sp + 6 slots: 0x0000017d4bb712b0 points into unknown readable memory: 0xf000c22a4b116b94 | 94 6b 11 4b 2a c2 00 f0
stack at sp + 7 slots: 0x0000017d00000000 points into unknown readable memory: 0x0000000000000000 | 00 00 00 00 00 00 00 00

VM_Operation (0x0000005c54cff0c0): Exit, mode: safepoint, requested by thread 0x0000017d55498ba0


---------------  P R O C E S S  ---------------

Threads class SMR info:
_java_thread_list=0x0000017d5614b9d0, length=21, elements={
0x0000017d68039650, 0x0000017d05b1ef70, 0x0000017d05b21cf0, 0x0000017d05b31720,
0x0000017d05b31c00, 0x0000017d05b320e0, 0x0000017d05b365d0, 0x0000017d05b36de0,
0x0000017d05b373b0, 0x0000017d05b38070, 0x0000017d05b087a0, 0x0000017d4b0d49e0,
0x0000017d4bc3faa0, 0x0000017d4bd45970, 0x0000017d4c904070, 0x0000017d4c915940,
0x0000017d52780510, 0x0000017d525bd6b0, 0x0000017d554990b0, 0x0000017d55497c70,
0x0000017d55498ba0
}

Java Threads: ( => current thread )
  0x0000017d68039650 JavaThread "main" [_thread_blocked, id=13716, stack(0x0000005c54f00000,0x0000005c55000000)]
  0x0000017d05b1ef70 JavaThread "Reference Handler" daemon [_thread_blocked, id=2864, stack(0x0000005c55600000,0x0000005c55700000)]
  0x0000017d05b21cf0 JavaThread "Finalizer" daemon [_thread_blocked, id=3088, stack(0x0000005c55700000,0x0000005c55800000)]
  0x0000017d05b31720 JavaThread "Signal Dispatcher" daemon [_thread_blocked, id=524, stack(0x0000005c55800000,0x0000005c55900000)]
  0x0000017d05b31c00 JavaThread "Attach Listener" daemon [_thread_blocked, id=16748, stack(0x0000005c55900000,0x0000005c55a00000)]
  0x0000017d05b320e0 JavaThread "Service Thread" daemon [_thread_blocked, id=10792, stack(0x0000005c55a00000,0x0000005c55b00000)]
  0x0000017d05b365d0 JavaThread "Monitor Deflation Thread" daemon [_thread_blocked, id=7536, stack(0x0000005c55b00000,0x0000005c55c00000)]
  0x0000017d05b36de0 JavaThread "C2 CompilerThread0" daemon [_thread_blocked, id=8928, stack(0x0000005c55c00000,0x0000005c55d00000)]
  0x0000017d05b373b0 JavaThread "C1 CompilerThread0" daemon [_thread_blocked, id=5064, stack(0x0000005c55d00000,0x0000005c55e00000)]
  0x0000017d05b38070 JavaThread "Sweeper thread" daemon [_thread_blocked, id=9128, stack(0x0000005c55e00000,0x0000005c55f00000)]
  0x0000017d05b087a0 JavaThread "Common-Cleaner" daemon [_thread_blocked, id=15572, stack(0x0000005c55f00000,0x0000005c56000000)]
  0x0000017d4b0d49e0 JavaThread "JDWP Event Helper Thread" daemon [_thread_blocked, id=7672, stack(0x0000005c56300000,0x0000005c56400000)]
  0x0000017d4bc3faa0 JavaThread "Notification Thread" daemon [_thread_blocked, id=4012, stack(0x0000005c56500000,0x0000005c56600000)]
  0x0000017d4bd45970 JavaThread "QuantumRenderer-0" daemon [_thread_blocked, id=12116, stack(0x0000005c56700000,0x0000005c56800000)]
  0x0000017d4c904070 JavaThread "InvokeLaterDispatcher" daemon [_thread_blocked, id=17292, stack(0x0000005c56a00000,0x0000005c56b00000)]
  0x0000017d4c915940 JavaThread "JavaFX Application Thread" [_thread_blocked, id=9796, stack(0x0000005c56b00000,0x0000005c56c00000)]
  0x0000017d52780510 JavaThread "JavaFX-Launcher" [_thread_blocked, id=14248, stack(0x0000005c57300000,0x0000005c57400000)]
  0x0000017d525bd6b0 JavaThread "Thread-2" daemon [_thread_in_native, id=13628, stack(0x0000005c57200000,0x0000005c57300000)]
  0x0000017d554990b0 JavaThread "Prism Font Disposer" daemon [_thread_blocked, id=16912, stack(0x0000005c57b00000,0x0000005c57c00000)]
  0x0000017d55497c70 JavaThread "Cleaner-0" daemon [_thread_blocked, id=2840, stack(0x0000005c57d00000,0x0000005c57e00000)]
  0x0000017d55498ba0 JavaThread "SIGINT handler" daemon [_thread_blocked, id=8920, stack(0x0000005c54c00000,0x0000005c54d00000)]

Other Threads:
=>0x0000017d05b17380 VMThread "VM Thread" [stack: 0x0000005c55500000,0x0000005c55600000] [id=5604]
  0x0000017d6808c9e0 GCTaskThread "GC Thread#0" [stack: 0x0000005c55000000,0x0000005c55100000] [id=9228]
  0x0000017d4b2eeed0 GCTaskThread "GC Thread#1" [stack: 0x0000005c57400000,0x0000005c57500000] [id=14728]
  0x0000017d4b2ef190 GCTaskThread "GC Thread#2" [stack: 0x0000005c57500000,0x0000005c57600000] [id=4784]
  0x0000017d4b2ef450 GCTaskThread "GC Thread#3" [stack: 0x0000005c57600000,0x0000005c57700000] [id=13560]
  0x0000017d4b2ef710 GCTaskThread "GC Thread#4" [stack: 0x0000005c57700000,0x0000005c57800000] [id=17332]
  0x0000017d4b2ef9d0 GCTaskThread "GC Thread#5" [stack: 0x0000005c57800000,0x0000005c57900000] [id=12864]
  0x0000017d4b5f7fd0 GCTaskThread "GC Thread#6" [stack: 0x0000005c57900000,0x0000005c57a00000] [id=11216]
  0x0000017d4b5f84a0 GCTaskThread "GC Thread#7" [stack: 0x0000005c57a00000,0x0000005c57b00000] [id=6932]
  0x0000017d6809c8a0 ConcurrentGCThread "G1 Main Marker" terminated
  0x0000017d6809fcf0 ConcurrentGCThread "G1 Conc#0" [stack: 0x0000005c55200000,0x0000005c55300000] [id=9780]
  0x0000017d53068b10 ConcurrentGCThread "G1 Conc#1" [stack: 0x0000005c56100000,0x0000005c56200000] [id=13292]
  0x0000017d680eeb10 ConcurrentGCThread "G1 Refine#0" terminated
  0x0000017d5d6341a0 ConcurrentGCThread "G1 Refine#1" terminated
  0x0000017d570b5c30 ConcurrentGCThread "G1 Refine#2" terminated
  0x0000017d5291b1b0 ConcurrentGCThread "G1 Refine#3" terminated
  0x0000017d4c1cf000 ConcurrentGCThread "G1 Refine#4" terminated
  0x0000017d059cb400 ConcurrentGCThread "G1 Service" terminated

Threads with active compile tasks:

VM state: at safepoint (shutting down)

VM Mutex/Monitor currently owned by a thread:  ([mutex/lock_event])
[0x0000017d68034830] Threads_lock - owner thread: 0x0000017d05b17380
[0x0000017d68033e10] Heap_lock - owner thread: 0x0000017d55498ba0

Heap address: 0x0000000091000000, size: 1776 MB, Compressed Oops mode: 32-bit

CDS archive(s) mapped at: [0x0000017d06000000-0x0000017d06bb0000-0x0000017d06bb0000), size 12255232, SharedBaseAddress: 0x0000017d06000000, ArchiveRelocationMode: 1.
Compressed class space mapped at: 0x0000017d07000000-0x0000017d47000000, reserved size: 1073741824
Narrow klass base: 0x0000017d06000000, Narrow klass shift: 0, Narrow klass range: 0x100000000

GC Precious Log:
 CPUs: 8 total, 8 available
 Memory: 7103M
 Large Page Support: Disabled
 NUMA Support: Disabled
 Compressed Oops: Enabled (32-bit)
 Heap Region Size: 1M
 Heap Min Capacity: 8M
 Heap Initial Capacity: 112M
 Heap Max Capacity: 1776M
 Pre-touch: Disabled
 Parallel Workers: 8
 Concurrent Workers: 2
 Concurrent Refinement Workers: 8
 Periodic GC: Disabled

Heap:
 garbage-first heap   total 114688K, used 62416K [0x0000000091000000, 0x0000000100000000)
  region size 1024K, 9 young (9216K), 3 survivors (3072K)
 Metaspace       used 24552K, committed 24896K, reserved 1114112K
  class space    used 3434K, committed 3648K, reserved 1048576K

Heap Regions: E=young(eden), S=young(survivor), O=old, HS=humongous(starts), HC=humongous(continues), CS=collection set, F=free, OA=open archive, CA=closed archive, TAMS=top-at-mark-start (previous, next)
|   0|0x0000000091000000, 0x0000000091000000, 0x0000000091100000|  0%| F|  |TAMS 0x0000000091000000, 0x0000000091000000| Untracked 
|   1|0x0000000091100000, 0x0000000091200000, 0x0000000091200000|100%|HS|  |TAMS 0x0000000091200000, 0x0000000091100000| Complete 
|   2|0x0000000091200000, 0x0000000091300000, 0x0000000091300000|100%|HS|  |TAMS 0x0000000091300000, 0x0000000091200000| Complete 
|   3|0x0000000091300000, 0x0000000091400000, 0x0000000091400000|100%|HS|  |TAMS 0x0000000091400000, 0x0000000091300000| Complete 
|   4|0x0000000091400000, 0x0000000091500000, 0x0000000091500000|100%| O|  |TAMS 0x0000000091500000, 0x0000000091400000| Untracked 
|   5|0x0000000091500000, 0x0000000091600000, 0x0000000091600000|100%| O|  |TAMS 0x0000000091600000, 0x0000000091500000| Untracked 
|   6|0x0000000091600000, 0x0000000091700000, 0x0000000091700000|100%| O|  |TAMS 0x0000000091700000, 0x0000000091600000| Untracked 
|   7|0x0000000091700000, 0x0000000091800000, 0x0000000091800000|100%|HS|  |TAMS 0x0000000091800000, 0x0000000091700000| Complete 
|   8|0x0000000091800000, 0x0000000091900000, 0x0000000091900000|100%|HC|  |TAMS 0x0000000091900000, 0x0000000091800000| Complete 
|   9|0x0000000091900000, 0x0000000091a00000, 0x0000000091a00000|100%|HC|  |TAMS 0x0000000091a00000, 0x0000000091900000| Complete 
|  10|0x0000000091a00000, 0x0000000091b00000, 0x0000000091b00000|100%|HC|  |TAMS 0x0000000091b00000, 0x0000000091a00000| Complete 
|  11|0x0000000091b00000, 0x0000000091c00000, 0x0000000091c00000|100%|HC|  |TAMS 0x0000000091c00000, 0x0000000091b00000| Complete 
|  12|0x0000000091c00000, 0x0000000091d00000, 0x0000000091d00000|100%|HC|  |TAMS 0x0000000091d00000, 0x0000000091c00000| Complete 
|  13|0x0000000091d00000, 0x0000000091e00000, 0x0000000091e00000|100%|HC|  |TAMS 0x0000000091e00000, 0x0000000091d00000| Complete 
|  14|0x0000000091e00000, 0x0000000091f00000, 0x0000000091f00000|100%|HC|  |TAMS 0x0000000091f00000, 0x0000000091e00000| Complete 
|  15|0x0000000091f00000, 0x0000000092000000, 0x0000000092000000|100%|HC|  |TAMS 0x0000000092000000, 0x0000000091f00000| Complete 
|  16|0x0000000092000000, 0x0000000092100000, 0x0000000092100000|100%|HC|  |TAMS 0x0000000092100000, 0x0000000092000000| Complete 
|  17|0x0000000092100000, 0x0000000092200000, 0x0000000092200000|100%|HC|  |TAMS 0x0000000092200000, 0x0000000092100000| Complete 
|  18|0x0000000092200000, 0x0000000092300000, 0x0000000092300000|100%|HC|  |TAMS 0x0000000092300000, 0x0000000092200000| Complete 
|  19|0x0000000092300000, 0x0000000092400000, 0x0000000092400000|100%|HC|  |TAMS 0x0000000092400000, 0x0000000092300000| Complete 
|  20|0x0000000092400000, 0x0000000092500000, 0x0000000092500000|100%| O|  |TAMS 0x0000000092500000, 0x0000000092400000| Untracked 
|  21|0x0000000092500000, 0x0000000092600000, 0x0000000092600000|100%|HS|  |TAMS 0x0000000092600000, 0x0000000092500000| Complete 
|  22|0x0000000092600000, 0x0000000092700000, 0x0000000092700000|100%|HC|  |TAMS 0x0000000092700000, 0x0000000092600000| Complete 
|  23|0x0000000092700000, 0x0000000092800000, 0x0000000092800000|100%|HS|  |TAMS 0x0000000092800000, 0x0000000092700000| Complete 
|  24|0x0000000092800000, 0x0000000092900000, 0x0000000092900000|100%| O|  |TAMS 0x0000000092900000, 0x0000000092800000| Untracked 
|  25|0x0000000092900000, 0x0000000092a00000, 0x0000000092a00000|100%| O|  |TAMS 0x0000000092a00000, 0x0000000092900000| Untracked 
|  26|0x0000000092a00000, 0x0000000092b00000, 0x0000000092b00000|100%| O|  |TAMS 0x0000000092b00000, 0x0000000092a00000| Untracked 
|  27|0x0000000092b00000, 0x0000000092c00000, 0x0000000092c00000|100%| O|  |TAMS 0x0000000092c00000, 0x0000000092b00000| Untracked 
|  28|0x0000000092c00000, 0x0000000092d00000, 0x0000000092d00000|100%| O|  |TAMS 0x0000000092d00000, 0x0000000092c00000| Untracked 
|  29|0x0000000092d00000, 0x0000000092e00000, 0x0000000092e00000|100%| O|  |TAMS 0x0000000092e00000, 0x0000000092d00000| Untracked 
|  30|0x0000000092e00000, 0x0000000092f00000, 0x0000000092f00000|100%|HS|  |TAMS 0x0000000092f00000, 0x0000000092e00000| Complete 
|  31|0x0000000092f00000, 0x0000000093000000, 0x0000000093000000|100%|HS|  |TAMS 0x0000000093000000, 0x0000000092f00000| Complete 
|  32|0x0000000093000000, 0x0000000093100000, 0x0000000093100000|100%| O|  |TAMS 0x0000000093100000, 0x0000000093000000| Untracked 
|  33|0x0000000093100000, 0x0000000093200000, 0x0000000093200000|100%| O|  |TAMS 0x0000000093200000, 0x0000000093100000| Untracked 
|  34|0x0000000093200000, 0x0000000093300000, 0x0000000093300000|100%|HS|  |TAMS 0x0000000093300000, 0x0000000093200000| Complete 
|  35|0x0000000093300000, 0x0000000093400000, 0x0000000093400000|100%|HS|  |TAMS 0x0000000093400000, 0x0000000093300000| Complete 
|  36|0x0000000093400000, 0x0000000093500000, 0x0000000093500000|100%|HS|  |TAMS 0x0000000093500000, 0x0000000093400000| Complete 
|  37|0x0000000093500000, 0x00000000935d2e00, 0x0000000093600000| 82%| O|  |TAMS 0x00000000935d2e00, 0x0000000093500000| Untracked 
|  38|0x0000000093600000, 0x0000000093700000, 0x0000000093700000|100%|HS|  |TAMS 0x0000000093700000, 0x0000000093600000| Complete 
|  39|0x0000000093700000, 0x0000000093800000, 0x0000000093800000|100%|HS|  |TAMS 0x0000000093800000, 0x0000000093700000| Complete 
|  40|0x0000000093800000, 0x0000000093900000, 0x0000000093900000|100%|HS|  |TAMS 0x0000000093800000, 0x0000000093800000| Complete 
|  41|0x0000000093900000, 0x0000000093a00000, 0x0000000093a00000|100%| O|  |TAMS 0x0000000093a00000, 0x0000000093900000| Untracked 
|  42|0x0000000093a00000, 0x0000000093b00000, 0x0000000093b00000|100%| O|  |TAMS 0x0000000093b00000, 0x0000000093a00000| Untracked 
|  43|0x0000000093b00000, 0x0000000093c00000, 0x0000000093c00000|100%| O|  |TAMS 0x0000000093c00000, 0x0000000093b00000| Untracked 
|  44|0x0000000093c00000, 0x0000000093d00000, 0x0000000093d00000|100%| O|  |TAMS 0x0000000093d00000, 0x0000000093c00000| Untracked 
|  45|0x0000000093d00000, 0x0000000093e00000, 0x0000000093e00000|100%| O|  |TAMS 0x0000000093e00000, 0x0000000093d00000| Untracked 
|  46|0x0000000093e00000, 0x0000000093e00000, 0x0000000093f00000|  0%| F|  |TAMS 0x0000000093e00000, 0x0000000093e00000| Untracked 
|  47|0x0000000093f00000, 0x0000000093f00000, 0x0000000094000000|  0%| F|  |TAMS 0x0000000093f00000, 0x0000000093f00000| Untracked 
|  48|0x0000000094000000, 0x0000000094000000, 0x0000000094100000|  0%| F|  |TAMS 0x0000000094000000, 0x0000000094000000| Untracked 
|  49|0x0000000094100000, 0x0000000094100000, 0x0000000094200000|  0%| F|  |TAMS 0x0000000094100000, 0x0000000094100000| Untracked 
|  50|0x0000000094200000, 0x0000000094200000, 0x0000000094300000|  0%| F|  |TAMS 0x0000000094200000, 0x0000000094200000| Untracked 
|  51|0x0000000094300000, 0x0000000094400000, 0x0000000094400000|100%| O|  |TAMS 0x0000000094400000, 0x0000000094300000| Untracked 
|  52|0x0000000094400000, 0x0000000094500000, 0x0000000094500000|100%| O|  |TAMS 0x0000000094500000, 0x0000000094400000| Untracked 
|  53|0x0000000094500000, 0x0000000094600000, 0x0000000094600000|100%| O|  |TAMS 0x0000000094600000, 0x0000000094500000| Untracked 
|  54|0x0000000094600000, 0x0000000094700000, 0x0000000094700000|100%| O|  |TAMS 0x0000000094700000, 0x0000000094600000| Untracked 
|  55|0x0000000094700000, 0x0000000094800000, 0x0000000094800000|100%| O|  |TAMS 0x0000000094800000, 0x0000000094700000| Untracked 
|  56|0x0000000094800000, 0x0000000094900000, 0x0000000094900000|100%| O|  |TAMS 0x0000000094900000, 0x0000000094800000| Untracked 
|  57|0x0000000094900000, 0x0000000094a00000, 0x0000000094a00000|100%| O|  |TAMS 0x0000000094a00000, 0x0000000094900000| Untracked 
|  58|0x0000000094a00000, 0x0000000094b00000, 0x0000000094b00000|100%| O|  |TAMS 0x0000000094b00000, 0x0000000094a00000| Untracked 
|  59|0x0000000094b00000, 0x0000000094c00000, 0x0000000094c00000|100%| O|  |TAMS 0x0000000094c00000, 0x0000000094b00000| Untracked 
|  60|0x0000000094c00000, 0x0000000094c00000, 0x0000000094d00000|  0%| F|  |TAMS 0x0000000094c00000, 0x0000000094c00000| Untracked 
|  61|0x0000000094d00000, 0x0000000094d00000, 0x0000000094e00000|  0%| F|  |TAMS 0x0000000094d00000, 0x0000000094d00000| Untracked 
|  62|0x0000000094e00000, 0x0000000094e00000, 0x0000000094f00000|  0%| F|  |TAMS 0x0000000094e00000, 0x0000000094e00000| Untracked 
|  63|0x0000000094f00000, 0x0000000094f00000, 0x0000000095000000|  0%| F|  |TAMS 0x0000000094f00000, 0x0000000094f00000| Untracked 
|  64|0x0000000095000000, 0x0000000095000000, 0x0000000095100000|  0%| F|  |TAMS 0x0000000095000000, 0x0000000095000000| Untracked 
|  65|0x0000000095100000, 0x0000000095100000, 0x0000000095200000|  0%| F|  |TAMS 0x0000000095100000, 0x0000000095100000| Untracked 
|  66|0x0000000095200000, 0x0000000095200000, 0x0000000095300000|  0%| F|  |TAMS 0x0000000095200000, 0x0000000095200000| Untracked 
|  67|0x0000000095300000, 0x0000000095300000, 0x0000000095400000|  0%| F|  |TAMS 0x0000000095300000, 0x0000000095300000| Untracked 
|  68|0x0000000095400000, 0x0000000095400000, 0x0000000095500000|  0%| F|  |TAMS 0x0000000095400000, 0x0000000095400000| Untracked 
|  69|0x0000000095500000, 0x0000000095500000, 0x0000000095600000|  0%| F|  |TAMS 0x0000000095500000, 0x0000000095500000| Untracked 
|  70|0x0000000095600000, 0x0000000095600000, 0x0000000095700000|  0%| F|  |TAMS 0x0000000095600000, 0x0000000095600000| Untracked 
|  71|0x0000000095700000, 0x0000000095700000, 0x0000000095800000|  0%| F|  |TAMS 0x0000000095700000, 0x0000000095700000| Untracked 
|  72|0x0000000095800000, 0x0000000095800000, 0x0000000095900000|  0%| F|  |TAMS 0x0000000095800000, 0x0000000095800000| Untracked 
|  73|0x0000000095900000, 0x0000000095900000, 0x0000000095a00000|  0%| F|  |TAMS 0x0000000095900000, 0x0000000095900000| Untracked 
|  74|0x0000000095a00000, 0x0000000095a00000, 0x0000000095b00000|  0%| F|  |TAMS 0x0000000095a00000, 0x0000000095a00000| Untracked 
|  75|0x0000000095b00000, 0x0000000095b00000, 0x0000000095c00000|  0%| F|  |TAMS 0x0000000095b00000, 0x0000000095b00000| Untracked 
|  76|0x0000000095c00000, 0x0000000095c00000, 0x0000000095d00000|  0%| F|  |TAMS 0x0000000095c00000, 0x0000000095c00000| Untracked 
|  77|0x0000000095d00000, 0x0000000095d00000, 0x0000000095e00000|  0%| F|  |TAMS 0x0000000095d00000, 0x0000000095d00000| Untracked 
|  78|0x0000000095e00000, 0x0000000095e00000, 0x0000000095f00000|  0%| F|  |TAMS 0x0000000095e00000, 0x0000000095e00000| Untracked 
|  79|0x0000000095f00000, 0x0000000095f00000, 0x0000000096000000|  0%| F|  |TAMS 0x0000000095f00000, 0x0000000095f00000| Untracked 
|  80|0x0000000096000000, 0x0000000096000000, 0x0000000096100000|  0%| F|  |TAMS 0x0000000096000000, 0x0000000096000000| Untracked 
|  81|0x0000000096100000, 0x0000000096100000, 0x0000000096200000|  0%| F|  |TAMS 0x0000000096100000, 0x0000000096100000| Untracked 
|  82|0x0000000096200000, 0x0000000096200000, 0x0000000096300000|  0%| F|  |TAMS 0x0000000096200000, 0x0000000096200000| Untracked 
|  83|0x0000000096300000, 0x0000000096300000, 0x0000000096400000|  0%| F|  |TAMS 0x0000000096300000, 0x0000000096300000| Untracked 
|  84|0x0000000096400000, 0x0000000096400000, 0x0000000096500000|  0%| F|  |TAMS 0x0000000096400000, 0x0000000096400000| Untracked 
|  85|0x0000000096500000, 0x0000000096500000, 0x0000000096600000|  0%| F|  |TAMS 0x0000000096500000, 0x0000000096500000| Untracked 
|  86|0x0000000096600000, 0x0000000096600000, 0x0000000096700000|  0%| F|  |TAMS 0x0000000096600000, 0x0000000096600000| Untracked 
|  87|0x0000000096700000, 0x0000000096700000, 0x0000000096800000|  0%| F|  |TAMS 0x0000000096700000, 0x0000000096700000| Untracked 
|  88|0x0000000096800000, 0x0000000096800000, 0x0000000096900000|  0%| F|  |TAMS 0x0000000096800000, 0x0000000096800000| Untracked 
|  89|0x0000000096900000, 0x0000000096900000, 0x0000000096a00000|  0%| F|  |TAMS 0x0000000096900000, 0x0000000096900000| Untracked 
|  90|0x0000000096a00000, 0x0000000096a00000, 0x0000000096b00000|  0%| F|  |TAMS 0x0000000096a00000, 0x0000000096a00000| Untracked 
|  91|0x0000000096b00000, 0x0000000096b00000, 0x0000000096c00000|  0%| F|  |TAMS 0x0000000096b00000, 0x0000000096b00000| Untracked 
|  92|0x0000000096c00000, 0x0000000096c00000, 0x0000000096d00000|  0%| F|  |TAMS 0x0000000096c00000, 0x0000000096c00000| Untracked 
|  93|0x0000000096d00000, 0x0000000096d00000, 0x0000000096e00000|  0%| F|  |TAMS 0x0000000096d00000, 0x0000000096d00000| Untracked 
|  94|0x0000000096e00000, 0x0000000096e00000, 0x0000000096f00000|  0%| F|  |TAMS 0x0000000096e00000, 0x0000000096e00000| Untracked 
|  95|0x0000000096f00000, 0x0000000096f00000, 0x0000000097000000|  0%| F|  |TAMS 0x0000000096f00000, 0x0000000096f00000| Untracked 
|  96|0x0000000097000000, 0x0000000097000000, 0x0000000097100000|  0%| F|  |TAMS 0x0000000097000000, 0x0000000097000000| Untracked 
|  97|0x0000000097100000, 0x0000000097100000, 0x0000000097200000|  0%| F|  |TAMS 0x0000000097100000, 0x0000000097100000| Untracked 
|  98|0x0000000097200000, 0x0000000097200000, 0x0000000097300000|  0%| F|  |TAMS 0x0000000097200000, 0x0000000097200000| Untracked 
|  99|0x0000000097300000, 0x0000000097300000, 0x0000000097400000|  0%| F|  |TAMS 0x0000000097300000, 0x0000000097300000| Untracked 
| 100|0x0000000097400000, 0x0000000097400000, 0x0000000097500000|  0%| F|  |TAMS 0x0000000097400000, 0x0000000097400000| Untracked 
| 101|0x0000000097500000, 0x0000000097500000, 0x0000000097600000|  0%| F|  |TAMS 0x0000000097500000, 0x0000000097500000| Untracked 
| 102|0x0000000097600000, 0x0000000097600000, 0x0000000097700000|  0%| F|  |TAMS 0x0000000097600000, 0x0000000097600000| Untracked 
| 103|0x0000000097700000, 0x000000009772c630, 0x0000000097800000| 17%| E|  |TAMS 0x0000000097700000, 0x0000000097700000| Complete 
| 104|0x0000000097800000, 0x0000000097900000, 0x0000000097900000|100%| E|CS|TAMS 0x0000000097800000, 0x0000000097800000| Complete 
| 105|0x0000000097900000, 0x0000000097a00000, 0x0000000097a00000|100%| E|CS|TAMS 0x0000000097900000, 0x0000000097900000| Complete 
| 106|0x0000000097a00000, 0x0000000097b00000, 0x0000000097b00000|100%| E|CS|TAMS 0x0000000097a00000, 0x0000000097a00000| Complete 
| 107|0x0000000097b00000, 0x0000000097b212d0, 0x0000000097c00000| 12%| S|CS|TAMS 0x0000000097b00000, 0x0000000097b00000| Complete 
| 108|0x0000000097c00000, 0x0000000097d00000, 0x0000000097d00000|100%| S|CS|TAMS 0x0000000097c00000, 0x0000000097c00000| Complete 
| 109|0x0000000097d00000, 0x0000000097e00000, 0x0000000097e00000|100%| S|CS|TAMS 0x0000000097d00000, 0x0000000097d00000| Complete 
| 110|0x0000000097e00000, 0x0000000097f00000, 0x0000000097f00000|100%| E|CS|TAMS 0x0000000097e00000, 0x0000000097e00000| Complete 
| 111|0x0000000097f00000, 0x0000000098000000, 0x0000000098000000|100%| E|CS|TAMS 0x0000000097f00000, 0x0000000097f00000| Complete 

Card table byte_map: [0x0000017d7f230000,0x0000017d7f5b0000] _byte_map_base: 0x0000017d7eda8000

Marking Bits (Prev, Next): (CMBitMap*) 0x0000017d6808d000, (CMBitMap*) 0x0000017d6808d040
 Prev Bits: [0x0000017d00000000, 0x0000017d01bc0000)
 Next Bits: [0x0000017d01bc0000, 0x0000017d03780000)

Polling page: 0x0000017d65f90000

Metaspace:

Usage:
  Non-class:     20.62 MB used.
      Class:      3.35 MB used.
       Both:     23.98 MB used.

Virtual space:
  Non-class space:       64.00 MB reserved,      20.75 MB ( 32%) committed,  1 nodes.
      Class space:        1.00 GB reserved,       3.56 MB ( <1%) committed,  1 nodes.
             Both:        1.06 GB reserved,      24.31 MB (  2%) committed. 

Chunk freelists:
   Non-Class:  10.44 MB
       Class:  12.28 MB
        Both:  22.72 MB

MaxMetaspaceSize: unlimited
CompressedClassSpaceSize: 1.00 GB
Initial GC threshold: 21.00 MB
Current GC threshold: 40.56 MB
CDS: on
MetaspaceReclaimPolicy: balanced
 - commit_granule_bytes: 65536.
 - commit_granule_words: 8192.
 - virtual_space_node_default_size: 8388608.
 - enlarge_chunks_in_place: 1.
 - new_chunks_are_fully_committed: 0.
 - uncommit_free_chunks: 1.
 - use_allocation_guard: 0.
 - handle_deallocations: 1.


Internal statistics:

num_allocs_failed_limit: 3.
num_arena_births: 464.
num_arena_deaths: 0.
num_vsnodes_births: 2.
num_vsnodes_deaths: 0.
num_space_committed: 389.
num_space_uncommitted: 0.
num_chunks_returned_to_freelist: 3.
num_chunks_taken_from_freelist: 1405.
num_chunk_merges: 3.
num_chunk_splits: 927.
num_chunks_enlarged: 625.
num_inconsistent_stats: 0.

CodeHeap 'non-profiled nmethods': size=120000Kb used=6154Kb max_used=6154Kb free=113845Kb
 bounds [0x0000017d77640000, 0x0000017d77c50000, 0x0000017d7eb70000]
CodeHeap 'profiled nmethods': size=120000Kb used=14440Kb max_used=15223Kb free=105559Kb
 bounds [0x0000017d6fb70000, 0x0000017d70a80000, 0x0000017d770a0000]
CodeHeap 'non-nmethods': size=5760Kb used=1535Kb max_used=1629Kb free=4224Kb
 bounds [0x0000017d770a0000, 0x0000017d77310000, 0x0000017d77640000]
 total_blobs=7716 nmethods=6876 adapters=751
 compilation: enabled
              stopped_count=0, restarted_count=0
 full_count=0

Compilation events (20 events):
Event: 137.180 Thread 0x0000017d05b373b0 8380       3       javafx.scene.control.skin.VirtualFlow$ArrayLinkedList::addLast (101 bytes)
Event: 137.182 Thread 0x0000017d05b373b0 nmethod 8380 0x0000017d707ee590 code [0x0000017d707ee800, 0x0000017d707ef688]
Event: 137.182 Thread 0x0000017d05b373b0 8381       3       javafx.scene.control.skin.VirtualFlow$ArrayLinkedList::remove (230 bytes)
Event: 137.183 Thread 0x0000017d05b36de0 8384       4       java.nio.FloatBuffer::rewind (7 bytes)
Event: 137.184 Thread 0x0000017d05b36de0 nmethod 8384 0x0000017d77c40d90 code [0x0000017d77c40f00, 0x0000017d77c40f98]
Event: 137.184 Thread 0x0000017d05b373b0 nmethod 8381 0x0000017d700d7c10 code [0x0000017d700d80c0, 0x0000017d700dacf8]
Event: 137.184 Thread 0x0000017d05b373b0 8382       3       java.util.BitSet$1BitSetSpliterator::getFence (70 bytes)
Event: 137.185 Thread 0x0000017d05b373b0 nmethod 8382 0x0000017d70285110 code [0x0000017d702852e0, 0x0000017d70285598]
Event: 137.185 Thread 0x0000017d05b373b0 8383       1       javafx.scene.control.ListView$ListViewBitSetSelectionModel::getItemCount (5 bytes)
Event: 137.185 Thread 0x0000017d05b373b0 nmethod 8383 0x0000017d77c41090 code [0x0000017d77c41220, 0x0000017d77c412f8]
Event: 137.187 Thread 0x0000017d05b36de0 8385       4       java.util.concurrent.locks.AbstractQueuedSynchronizer$Node::clearStatus (12 bytes)
Event: 137.187 Thread 0x0000017d05b36de0 nmethod 8385 0x0000017d77c41390 code [0x0000017d77c41500, 0x0000017d77c41578]
Event: 137.282 Thread 0x0000017d05b36de0 8386       4       com.sun.prism.impl.BaseResourcePool::freeDisposalRequestedAndCheckResources (156 bytes)
Event: 137.291 Thread 0x0000017d05b36de0 nmethod 8386 0x0000017d77c41690 code [0x0000017d77c41840, 0x0000017d77c41c08]
Event: 137.636 Thread 0x0000017d05b36de0 8387       4       javafx.scene.Scene$ScenePeerListener::mouseEvent (54 bytes)
Event: 137.639 Thread 0x0000017d05b36de0 nmethod 8387 0x0000017d77c41f10 code [0x0000017d77c420a0, 0x0000017d77c42458]
Event: 138.002 Thread 0x0000017d05b36de0 8388       4       javafx.scene.Scene$MouseHandler::updateCursor (36 bytes)
Event: 138.003 Thread 0x0000017d05b36de0 nmethod 8388 0x0000017d77c42790 code [0x0000017d77c42900, 0x0000017d77c42a58]
Event: 138.868 Thread 0x0000017d05b373b0 8389       3       java.lang.invoke.LambdaForm$MH/0x0000017d07196400::invoke (137 bytes)
Event: 138.869 Thread 0x0000017d05b373b0 nmethod 8389 0x0000017d70938090 code [0x0000017d70938300, 0x0000017d709391b8]

GC Heap History (20 events):
Event: 42.422 GC heap before
{Heap before GC invocations=5 (full 0):
 garbage-first heap   total 114688K, used 42101K [0x0000000091000000, 0x0000000100000000)
  region size 1024K, 7 young (7168K), 6 survivors (6144K)
 Metaspace       used 23354K, committed 23680K, reserved 1114112K
  class space    used 3393K, committed 3584K, reserved 1048576K
}
Event: 42.435 GC heap after
{Heap after GC invocations=6 (full 0):
 garbage-first heap   total 114688K, used 40880K [0x0000000091000000, 0x0000000100000000)
  region size 1024K, 1 young (1024K), 1 survivors (1024K)
 Metaspace       used 23354K, committed 23680K, reserved 1114112K
  class space    used 3393K, committed 3584K, reserved 1048576K
}
Event: 70.529 GC heap before
{Heap before GC invocations=6 (full 0):
 garbage-first heap   total 114688K, used 94128K [0x0000000091000000, 0x0000000100000000)
  region size 1024K, 43 young (44032K), 1 survivors (1024K)
 Metaspace       used 23870K, committed 24192K, reserved 1114112K
  class space    used 3397K, committed 3584K, reserved 1048576K
}
Event: 70.537 GC heap after
{Heap after GC invocations=7 (full 0):
 garbage-first heap   total 114688K, used 48279K [0x0000000091000000, 0x0000000100000000)
  region size 1024K, 6 young (6144K), 6 survivors (6144K)
 Metaspace       used 23870K, committed 24192K, reserved 1114112K
  class space    used 3397K, committed 3584K, reserved 1048576K
}
Event: 91.515 GC heap before
{Heap before GC invocations=7 (full 0):
 garbage-first heap   total 114688K, used 94359K [0x0000000091000000, 0x0000000100000000)
  region size 1024K, 43 young (44032K), 6 survivors (6144K)
 Metaspace       used 24146K, committed 24448K, reserved 1114112K
  class space    used 3400K, committed 3584K, reserved 1048576K
}
Event: 91.523 GC heap after
{Heap after GC invocations=8 (full 0):
 garbage-first heap   total 114688K, used 53523K [0x0000000091000000, 0x0000000100000000)
  region size 1024K, 4 young (4096K), 4 survivors (4096K)
 Metaspace       used 24146K, committed 24448K, reserved 1114112K
  class space    used 3400K, committed 3584K, reserved 1048576K
}
Event: 91.600 GC heap before
{Heap before GC invocations=8 (full 0):
 garbage-first heap   total 114688K, used 56595K [0x0000000091000000, 0x0000000100000000)
  region size 1024K, 7 young (7168K), 4 survivors (4096K)
 Metaspace       used 24157K, committed 24448K, reserved 1114112K
  class space    used 3400K, committed 3584K, reserved 1048576K
}
Event: 91.604 GC heap after
{Heap after GC invocations=9 (full 0):
 garbage-first heap   total 114688K, used 54808K [0x0000000091000000, 0x0000000100000000)
  region size 1024K, 1 young (1024K), 1 survivors (1024K)
 Metaspace       used 24157K, committed 24448K, reserved 1114112K
  class space    used 3400K, committed 3584K, reserved 1048576K
}
Event: 95.011 GC heap before
{Heap before GC invocations=10 (full 0):
 garbage-first heap   total 114688K, used 58904K [0x0000000091000000, 0x0000000100000000)
  region size 1024K, 7 young (7168K), 1 survivors (1024K)
 Metaspace       used 24222K, committed 24512K, reserved 1114112K
  class space    used 3401K, committed 3584K, reserved 1048576K
}
Event: 95.015 GC heap after
{Heap after GC invocations=11 (full 0):
 garbage-first heap   total 114688K, used 53344K [0x0000000091000000, 0x0000000100000000)
  region size 1024K, 2 young (2048K), 2 survivors (2048K)
 Metaspace       used 24222K, committed 24512K, reserved 1114112K
  class space    used 3401K, committed 3584K, reserved 1048576K
}
Event: 95.082 GC heap before
{Heap before GC invocations=12 (full 0):
 garbage-first heap   total 114688K, used 56416K [0x0000000091000000, 0x0000000100000000)
  region size 1024K, 5 young (5120K), 2 survivors (2048K)
 Metaspace       used 24226K, committed 24512K, reserved 1114112K
  class space    used 3401K, committed 3584K, reserved 1048576K
}
Event: 95.086 GC heap after
{Heap after GC invocations=13 (full 0):
 garbage-first heap   total 114688K, used 54920K [0x0000000091000000, 0x0000000100000000)
  region size 1024K, 3 young (3072K), 3 survivors (3072K)
 Metaspace       used 24226K, committed 24512K, reserved 1114112K
  class space    used 3401K, committed 3584K, reserved 1048576K
}
Event: 124.202 GC heap before
{Heap before GC invocations=14 (full 0):
 garbage-first heap   total 114688K, used 66184K [0x0000000091000000, 0x0000000100000000)
  region size 1024K, 14 young (14336K), 3 survivors (3072K)
 Metaspace       used 24322K, committed 24704K, reserved 1114112K
  class space    used 3405K, committed 3584K, reserved 1048576K
}
Event: 124.205 GC heap after
{Heap after GC invocations=15 (full 0):
 garbage-first heap   total 114688K, used 55772K [0x0000000091000000, 0x0000000100000000)
  region size 1024K, 3 young (3072K), 3 survivors (3072K)
 Metaspace       used 24322K, committed 24704K, reserved 1114112K
  class space    used 3405K, committed 3584K, reserved 1048576K
}
Event: 124.273 GC heap before
{Heap before GC invocations=16 (full 0):
 garbage-first heap   total 114688K, used 57820K [0x0000000091000000, 0x0000000100000000)
  region size 1024K, 5 young (5120K), 3 survivors (3072K)
 Metaspace       used 24328K, committed 24704K, reserved 1114112K
  class space    used 3405K, committed 3584K, reserved 1048576K
}
Event: 124.277 GC heap after
{Heap after GC invocations=17 (full 0):
 garbage-first heap   total 114688K, used 57164K [0x0000000091000000, 0x0000000100000000)
  region size 1024K, 3 young (3072K), 3 survivors (3072K)
 Metaspace       used 24328K, committed 24704K, reserved 1114112K
  class space    used 3405K, committed 3584K, reserved 1048576K
}
Event: 135.706 GC heap before
{Heap before GC invocations=18 (full 0):
 garbage-first heap   total 114688K, used 65356K [0x0000000091000000, 0x0000000100000000)
  region size 1024K, 11 young (11264K), 3 survivors (3072K)
 Metaspace       used 24522K, committed 24896K, reserved 1114112K
  class space    used 3433K, committed 3648K, reserved 1048576K
}
Event: 135.709 GC heap after
{Heap after GC invocations=19 (full 0):
 garbage-first heap   total 114688K, used 56139K [0x0000000091000000, 0x0000000100000000)
  region size 1024K, 2 young (2048K), 2 survivors (2048K)
 Metaspace       used 24522K, committed 24896K, reserved 1114112K
  class space    used 3433K, committed 3648K, reserved 1048576K
}
Event: 135.785 GC heap before
{Heap before GC invocations=20 (full 0):
 garbage-first heap   total 114688K, used 58187K [0x0000000091000000, 0x0000000100000000)
  region size 1024K, 4 young (4096K), 2 survivors (2048K)
 Metaspace       used 24528K, committed 24896K, reserved 1114112K
  class space    used 3433K, committed 3648K, reserved 1048576K
}
Event: 135.789 GC heap after
{Heap after GC invocations=21 (full 0):
 garbage-first heap   total 114688K, used 57296K [0x0000000091000000, 0x0000000100000000)
  region size 1024K, 3 young (3072K), 3 survivors (3072K)
 Metaspace       used 24528K, committed 24896K, reserved 1114112K
  class space    used 3433K, committed 3648K, reserved 1048576K
}

Dll operation events (20 events):
Event: 0.593 Loaded shared library D:\Proyecto Terminal\openjfx-22.0.1_windows-x64_bin-sdk\javafx-sdk-22.0.1\bin\api-ms-win-crt-math-l1-1-0.dll
Event: 0.594 Loaded shared library D:\Proyecto Terminal\openjfx-22.0.1_windows-x64_bin-sdk\javafx-sdk-22.0.1\bin\api-ms-win-crt-multibyte-l1-1-0.dll
Event: 0.597 Loaded shared library D:\Proyecto Terminal\openjfx-22.0.1_windows-x64_bin-sdk\javafx-sdk-22.0.1\bin\api-ms-win-crt-private-l1-1-0.dll
Event: 0.599 Loaded shared library D:\Proyecto Terminal\openjfx-22.0.1_windows-x64_bin-sdk\javafx-sdk-22.0.1\bin\api-ms-win-crt-process-l1-1-0.dll
Event: 0.601 Loaded shared library D:\Proyecto Terminal\openjfx-22.0.1_windows-x64_bin-sdk\javafx-sdk-22.0.1\bin\api-ms-win-crt-runtime-l1-1-0.dll
Event: 0.604 Loaded shared library D:\Proyecto Terminal\openjfx-22.0.1_windows-x64_bin-sdk\javafx-sdk-22.0.1\bin\api-ms-win-crt-stdio-l1-1-0.dll
Event: 0.607 Loaded shared library D:\Proyecto Terminal\openjfx-22.0.1_windows-x64_bin-sdk\javafx-sdk-22.0.1\bin\api-ms-win-crt-string-l1-1-0.dll
Event: 0.609 Loaded shared library D:\Proyecto Terminal\openjfx-22.0.1_windows-x64_bin-sdk\javafx-sdk-22.0.1\bin\api-ms-win-crt-time-l1-1-0.dll
Event: 0.611 Loaded shared library D:\Proyecto Terminal\openjfx-22.0.1_windows-x64_bin-sdk\javafx-sdk-22.0.1\bin\api-ms-win-crt-utility-l1-1-0.dll
Event: 0.614 Loaded shared library D:\Proyecto Terminal\openjfx-22.0.1_windows-x64_bin-sdk\javafx-sdk-22.0.1\bin\ucrtbase.dll
Event: 0.616 Loaded shared library D:\Proyecto Terminal\openjfx-22.0.1_windows-x64_bin-sdk\javafx-sdk-22.0.1\bin\vcruntime140.dll
Event: 0.618 Loaded shared library D:\Proyecto Terminal\openjfx-22.0.1_windows-x64_bin-sdk\javafx-sdk-22.0.1\bin\vcruntime140_1.dll
Event: 0.621 Loaded shared library D:\Proyecto Terminal\openjfx-22.0.1_windows-x64_bin-sdk\javafx-sdk-22.0.1\bin\msvcp140.dll
Event: 0.623 Loaded shared library D:\Proyecto Terminal\openjfx-22.0.1_windows-x64_bin-sdk\javafx-sdk-22.0.1\bin\msvcp140_1.dll
Event: 0.625 Loaded shared library D:\Proyecto Terminal\openjfx-22.0.1_windows-x64_bin-sdk\javafx-sdk-22.0.1\bin\msvcp140_2.dll
Event: 0.698 Loaded shared library D:\Proyecto Terminal\openjfx-22.0.1_windows-x64_bin-sdk\javafx-sdk-22.0.1\bin\prism_d3d.dll
Event: 0.770 Loaded shared library D:\Proyecto Terminal\openjfx-22.0.1_windows-x64_bin-sdk\javafx-sdk-22.0.1\bin\glass.dll
Event: 1.028 Loaded shared library C:\Users\diego\.jdks\corretto-17.0.13\bin\jimage.dll
Event: 2.033 Loaded shared library D:\Proyecto Terminal\openjfx-22.0.1_windows-x64_bin-sdk\javafx-sdk-22.0.1\bin\javafx_font.dll
Event: 7.046 Loaded shared library D:\Proyecto Terminal\openjfx-22.0.1_windows-x64_bin-sdk\javafx-sdk-22.0.1\bin\javafx_iio.dll

Deoptimization events (20 events):
Event: 172.718 Thread 0x0000017d55499fe0 Uncommon trap: trap_request=0xffffff45 fr.pc=0x0000017d77a1ebc4 relative=0x00000000000000c4
Event: 172.718 Thread 0x0000017d55499fe0 Uncommon trap: reason=unstable_if action=reinterpret pc=0x0000017d77a1ebc4 method=java.util.concurrent.locks.ReentrantLock$Sync.tryRelease(I)Z @ 26 c2
Event: 172.718 Thread 0x0000017d55499fe0 DEOPT PACKING pc=0x0000017d77a1ebc4 sp=0x0000005c54dfedb0
Event: 172.718 Thread 0x0000017d4bd45970 Uncommon trap: trap_request=0xffffff45 fr.pc=0x0000017d77c35694 relative=0x0000000000000f94
Event: 172.718 Thread 0x0000017d55499fe0 DEOPT UNPACKING pc=0x0000017d770f69a3 sp=0x0000005c54dfed60 mode 2
Event: 172.718 Thread 0x0000017d4bd45970 Uncommon trap: reason=unstable_if action=reinterpret pc=0x0000017d77c35694 method=java.util.concurrent.locks.AbstractQueuedSynchronizer.acquire(Ljava/util/concurrent/locks/AbstractQueuedSynchronizer$Node;IZZZJ)I @ 155 c2
Event: 172.718 Thread 0x0000017d4bd45970 DEOPT PACKING pc=0x0000017d77c35694 sp=0x0000005c567ff030
Event: 172.718 Thread 0x0000017d4bd45970 DEOPT UNPACKING pc=0x0000017d770f69a3 sp=0x0000005c567fefb0 mode 2
Event: 172.718 Thread 0x0000017d4bd45970 Uncommon trap: trap_request=0xffffffde fr.pc=0x0000017d77c36b50 relative=0x0000000000000410
Event: 172.718 Thread 0x0000017d4bd45970 Uncommon trap: reason=class_check action=maybe_recompile pc=0x0000017d77c36b50 method=java.lang.Throwable.<init>()V @ 24 c2
Event: 172.718 Thread 0x0000017d4bd45970 DEOPT PACKING pc=0x0000017d77c36b50 sp=0x0000005c567fef90
Event: 172.718 Thread 0x0000017d4bd45970 DEOPT UNPACKING pc=0x0000017d770f69a3 sp=0x0000005c567fef60 mode 2
Event: 172.718 Thread 0x0000017d4bd45970 DEOPT PACKING pc=0x0000017d705020c4 sp=0x0000005c567ff0c0
Event: 172.718 Thread 0x0000017d4bd45970 DEOPT UNPACKING pc=0x0000017d770f7143 sp=0x0000005c567fe5e0 mode 1
Event: 172.718 Thread 0x0000017d4bd45970 DEOPT PACKING pc=0x0000017d70856d64 sp=0x0000005c567ff1b0
Event: 172.718 Thread 0x0000017d4bd45970 DEOPT UNPACKING pc=0x0000017d770f7143 sp=0x0000005c567fe6f8 mode 1
Event: 172.719 Thread 0x0000017d4bd45970 DEOPT PACKING pc=0x0000017d7085a9bc sp=0x0000005c567ff2c0
Event: 172.719 Thread 0x0000017d4bd45970 DEOPT UNPACKING pc=0x0000017d770f7143 sp=0x0000005c567fe780 mode 1
Event: 172.719 Thread 0x0000017d55499fe0 DEOPT PACKING pc=0x0000017d6fd0aecc sp=0x0000005c54dff110
Event: 172.719 Thread 0x0000017d55499fe0 DEOPT UNPACKING pc=0x0000017d770f7143 sp=0x0000005c54dfe570 mode 1

Classes loaded (20 events):
Event: 118.209 Loading class optiuam/bc/model/ElementoGrafico
Event: 118.209 Loading class optiuam/bc/model/ElementoGrafico done
Event: 118.209 Loading class optiuam/bc/model/ElementoGrafico
Event: 118.209 Loading class optiuam/bc/model/ElementoGrafico done
Event: 118.210 Loading class optiuam/bc/model/ElementoGrafico
Event: 118.210 Loading class optiuam/bc/model/ElementoGrafico done
Event: 118.210 Loading class optiuam/bc/model/ElementoGrafico
Event: 118.210 Loading class optiuam/bc/model/ElementoGrafico done
Event: 118.210 Loading class optiuam/bc/controller/VentanaMultiplexorController
Event: 118.210 Loading class optiuam/bc/controller/VentanaMultiplexorController done
Event: 118.210 Loading class optiuam/bc/model/ElementoGrafico
Event: 118.210 Loading class optiuam/bc/model/ElementoGrafico done
Event: 127.594 Loading class java/io/DataOutputStream
Event: 127.594 Loading class java/io/DataOutputStream done
Event: 172.714 Loading class jdk/internal/misc/Signal$1
Event: 172.714 Loading class jdk/internal/misc/Signal$1 done
Event: 172.718 Loading class com/sun/javafx/tk/quantum/QuantumRenderer
Event: 172.718 Loading class com/sun/javafx/tk/quantum/QuantumRenderer done
Event: 172.718 Loading class com/sun/javafx/tk/quantum/QuantumToolkit
Event: 172.718 Loading class com/sun/javafx/tk/quantum/QuantumToolkit done

Classes unloaded (0 events):
No events

Classes redefined (0 events):
No events

Internal exceptions (20 events):
Event: 5.702 Thread 0x0000017d4bd45970 Exception <a 'java/lang/NoSuchMethodError'{0x00000000962ae930}: 'java.lang.Object java.lang.invoke.DirectMethodHandle$Holder.invokeStaticInit(java.lang.Object, int)'> (0x00000000962ae930) 
thrown [s\src\hotspot\share\interpreter\linkResolver.cpp, line 759]
Event: 6.975 Thread 0x0000017d4c915940 Exception <a 'java/lang/NoSuchMethodError'{0x0000000095e80968}: 'long java.lang.invoke.DirectMethodHandle$Holder.invokeStatic(java.lang.Object, java.lang.Object, java.lang.Object)'> (0x0000000095e80968) 
thrown [s\src\hotspot\share\interpreter\linkResolver.cpp, line 759]
Event: 6.976 Thread 0x0000017d4c915940 Exception <a 'java/lang/NoSuchMethodError'{0x0000000095e84110}: 'long java.lang.invoke.DirectMethodHandle$Holder.invokeStaticInit(java.lang.Object, java.lang.Object, java.lang.Object)'> (0x0000000095e84110) 
thrown [s\src\hotspot\share\interpreter\linkResolver.cpp, line 759]
Event: 6.980 Thread 0x0000017d4c915940 Exception <a 'java/lang/NoSuchMethodError'{0x0000000095e9bc90}: 'java.lang.Object java.lang.invoke.DirectMethodHandle$Holder.newInvokeSpecial(java.lang.Object, java.lang.Object, long)'> (0x0000000095e9bc90) 
thrown [s\src\hotspot\share\interpreter\linkResolver.cpp, line 759]
Event: 6.981 Thread 0x0000017d4c915940 Exception <a 'java/lang/NoSuchMethodError'{0x0000000095e9f800}: 'java.lang.Object java.lang.invoke.Invokers$Holder.linkToTargetMethod(java.lang.Object, long, java.lang.Object)'> (0x0000000095e9f800) 
thrown [s\src\hotspot\share\interpreter\linkResolver.cpp, line 759]
Event: 7.283 Thread 0x0000017d4c915940 Exception <a 'java/lang/ClassNotFoundException'{0x00000000953add60}: com/sun/javafx/scene/control/skin/resources/controls> (0x00000000953add60) 
thrown [s\src\hotspot\share\prims\jni.cpp, line 535]
Event: 7.285 Thread 0x0000017d4c915940 Exception <a 'java/lang/ClassNotFoundException'{0x00000000953bc710}: com/sun/javafx/scene/control/skin/resources/controls_es> (0x00000000953bc710) 
thrown [s\src\hotspot\share\prims\jni.cpp, line 535]
Event: 7.287 Thread 0x0000017d4c915940 Exception <a 'java/lang/ClassNotFoundException'{0x00000000953ca8f0}: com/sun/javafx/scene/control/skin/resources/controls_es_MX> (0x00000000953ca8f0) 
thrown [s\src\hotspot\share\prims\jni.cpp, line 535]
Event: 7.357 Thread 0x0000017d4c915940 Exception <a 'java/lang/NoSuchMethodError'{0x0000000095158078}: 'int java.lang.invoke.DirectMethodHandle$Holder.invokeSpecial(java.lang.Object, java.lang.Object, int)'> (0x0000000095158078) 
thrown [s\src\hotspot\share\interpreter\linkResolver.cpp, line 759]
Event: 7.601 Thread 0x0000017d4c915940 Exception <a 'java/lang/NoSuchMethodError'{0x0000000094b61888}: 'void java.lang.invoke.DirectMethodHandle$Holder.invokeVirtual(java.lang.Object, java.lang.Object)'> (0x0000000094b61888) 
thrown [s\src\hotspot\share\interpreter\linkResolver.cpp, line 759]
Event: 9.099 Thread 0x0000017d4c915940 Exception <a 'java/lang/NoSuchMethodError'{0x0000000094adf580}: 'java.lang.Object java.lang.invoke.DirectMethodHandle$Holder.newInvokeSpecial(java.lang.Object, java.lang.Object, int, int, int, int, int, java.lang.Object)'> (0x0000000094adf580) 
thrown [s\src\hotspot\share\interpreter\linkResolver.cpp, line 759]
Event: 9.103 Thread 0x0000017d4c915940 Exception <a 'java/lang/NoSuchMethodError'{0x0000000094af2aa8}: 'java.lang.Object java.lang.invoke.DirectMethodHandle$Holder.newInvokeSpecial(java.lang.Object, java.lang.Object, java.lang.Object, int, int, int, int, int)'> (0x0000000094af2aa8) 
thrown [s\src\hotspot\share\interpreter\linkResolver.cpp, line 759]
Event: 9.105 Thread 0x0000017d4c915940 Exception <a 'java/lang/NoSuchMethodError'{0x00000000949ed2f8}: 'java.lang.Object java.lang.invoke.Invokers$Holder.linkToTargetMethod(java.lang.Object, java.lang.Object, int, int, int, int, int, java.lang.Object)'> (0x00000000949ed2f8) 
thrown [s\src\hotspot\share\interpreter\linkResolver.cpp, line 759]
Event: 29.431 Thread 0x0000017d4c915940 Implicit null exception at 0x0000017d77982f69 to 0x0000017d7798b7a8
Event: 34.134 Thread 0x0000017d4c915940 Implicit null exception at 0x0000017d779b8690 to 0x0000017d779bfbc8
Event: 41.441 Thread 0x0000017d4bd45970 Implicit null exception at 0x0000017d77908d2c to 0x0000017d77908dac
Event: 127.601 Thread 0x0000017d4c915940 Exception <a 'java/lang/NoSuchMethodError'{0x00000000979f01f8}: 'java.lang.Object java.lang.invoke.DirectMethodHandle$Holder.invokeSpecial(java.lang.Object, java.lang.Object, long, java.lang.Object, int, int, java.lang.Object, int, java.lang.Object)'> (0x00000000979f01f8) 
thrown [s\src\hotspot\share\interpreter\linkResolver.cpp, line 759]
Event: 127.601 Thread 0x0000017d4c915940 Exception <a 'java/lang/NoSuchMethodError'{0x00000000979f4458}: 'java.lang.Object java.lang.invoke.DelegatingMethodHandle$Holder.reinvoke_L(java.lang.Object, long, java.lang.Object, int, int, java.lang.Object, int, java.lang.Object)'> (0x00000000979f4458) 
thrown [s\src\hotspot\share\interpreter\linkResolver.cpp, line 759]
Event: 127.609 Thread 0x0000017d4c915940 Exception <a 'java/lang/NoSuchMethodError'{0x000000009784d968}: 'java.lang.Object java.lang.invoke.DelegatingMethodHandle$Holder.reinvoke_L(java.lang.Object, java.lang.Object, int, int, java.lang.Object, java.lang.Object)'> (0x000000009784d968) 
thrown [s\src\hotspot\share\interpreter\linkResolver.cpp, line 759]
Event: 127.619 Thread 0x0000017d4c915940 Exception <a 'java/lang/NoSuchMethodError'{0x00000000978a53d8}: 'java.lang.Object java.lang.invoke.DelegatingMethodHandle$Holder.reinvoke_L(java.lang.Object, java.lang.Object, int, int, double, int)'> (0x00000000978a53d8) 
thrown [s\src\hotspot\share\interpreter\linkResolver.cpp, line 759]

VM Operations (20 events):
Event: 170.228 Executing VM operation: get/set locals done
Event: 170.229 Executing VM operation: get/set locals
Event: 170.229 Executing VM operation: get/set locals done
Event: 170.229 Executing VM operation: get/set locals
Event: 170.229 Executing VM operation: get/set locals done
Event: 172.626 Executing VM operation: ChangeBreakpoints
Event: 172.627 Executing VM operation: ChangeBreakpoints done
Event: 172.628 Executing VM operation: ChangeBreakpoints
Event: 172.628 Executing VM operation: ChangeBreakpoints done
Event: 172.628 Executing VM operation: ChangeBreakpoints
Event: 172.628 Executing VM operation: ChangeBreakpoints done
Event: 172.628 Executing VM operation: ChangeBreakpoints
Event: 172.628 Executing VM operation: ChangeBreakpoints done
Event: 172.628 Executing VM operation: ChangeBreakpoints
Event: 172.631 Executing VM operation: ChangeBreakpoints done
Event: 172.631 Executing VM operation: ChangeBreakpoints
Event: 172.631 Executing VM operation: ChangeBreakpoints done
Event: 172.631 Executing VM operation: ChangeBreakpoints
Event: 172.631 Executing VM operation: ChangeBreakpoints done
Event: 172.720 Executing VM operation: Exit

Memory protections (0 events):
No events

Nmethod flushes (20 events):
Event: 86.923 Thread 0x0000017d05b38070 flushing  nmethod 0x0000017d7061ce90
Event: 86.923 Thread 0x0000017d05b38070 flushing  nmethod 0x0000017d70643a90
Event: 86.923 Thread 0x0000017d05b38070 flushing  nmethod 0x0000017d70650d90
Event: 86.923 Thread 0x0000017d05b38070 flushing  nmethod 0x0000017d706eef90
Event: 86.923 Thread 0x0000017d05b38070 flushing  nmethod 0x0000017d706ef910
Event: 86.923 Thread 0x0000017d05b38070 flushing  nmethod 0x0000017d706f1610
Event: 86.923 Thread 0x0000017d05b38070 flushing  nmethod 0x0000017d706f3b90
Event: 86.923 Thread 0x0000017d05b38070 flushing  nmethod 0x0000017d706f9190
Event: 86.923 Thread 0x0000017d05b38070 flushing  nmethod 0x0000017d70702b90
Event: 86.923 Thread 0x0000017d05b38070 flushing  nmethod 0x0000017d70703c10
Event: 86.923 Thread 0x0000017d05b38070 flushing  nmethod 0x0000017d7072fb10
Event: 86.923 Thread 0x0000017d05b38070 flushing  nmethod 0x0000017d70742b10
Event: 86.924 Thread 0x0000017d05b38070 flushing  nmethod 0x0000017d70770210
Event: 86.924 Thread 0x0000017d05b38070 flushing  nmethod 0x0000017d707e7990
Event: 86.924 Thread 0x0000017d05b38070 flushing  nmethod 0x0000017d707e9890
Event: 86.924 Thread 0x0000017d05b38070 flushing  nmethod 0x0000017d707ee590
Event: 86.924 Thread 0x0000017d05b38070 flushing  nmethod 0x0000017d707ef390
Event: 86.924 Thread 0x0000017d05b38070 flushing  nmethod 0x0000017d707f0790
Event: 86.924 Thread 0x0000017d05b38070 flushing  nmethod 0x0000017d707f0d90
Event: 86.925 Thread 0x0000017d05b38070 flushing  nmethod 0x0000017d70938090

Events (20 events):
Event: 46.874 Thread 0x0000017d4b2008e0 Thread exited: 0x0000017d4b2008e0
Event: 51.047 Thread 0x0000017d05b36de0 Thread added: 0x0000017d4b1fde60
Event: 52.015 Thread 0x0000017d4b1fde60 Thread exited: 0x0000017d4b1fde60
Event: 52.074 Thread 0x0000017d05b373b0 Thread added: 0x0000017d4b1fde60
Event: 52.429 Thread 0x0000017d4b1fde60 Thread exited: 0x0000017d4b1fde60
Event: 56.019 Thread 0x0000017d05b373b0 Thread added: 0x0000017d4b1fde60
Event: 56.662 Thread 0x0000017d4b1fde60 Thread exited: 0x0000017d4b1fde60
Event: 71.505 Thread 0x0000017d05b373b0 Thread added: 0x0000017d4b1fde60
Event: 72.212 Thread 0x0000017d4b1fde60 Thread exited: 0x0000017d4b1fde60
Event: 75.159 Thread 0x0000017d05b373b0 Thread added: 0x0000017d4b1fe3b0
Event: 75.549 Thread 0x0000017d4b1fe3b0 Thread exited: 0x0000017d4b1fe3b0
Event: 135.801 Thread 0x0000017d05b373b0 Thread added: 0x0000017d4b2008e0
Event: 136.254 Thread 0x0000017d4b2008e0 Thread exited: 0x0000017d4b2008e0
Event: 172.624 Thread 0x0000017d4b66e790 Thread exited: 0x0000017d4b66e790
Event: 172.636 Thread 0x0000017d4b370ae0 Thread exited: 0x0000017d4b370ae0
Event: 172.716 Thread 0x0000017d05b31720 Thread added: 0x0000017d55498ba0
Event: 172.717 Thread 0x0000017d55498ba0 Thread added: 0x0000017d55499fe0
Event: 172.717 Thread 0x0000017d55498ba0 Thread added: 0x0000017d53009a70
Event: 172.718 Thread 0x0000017d53009a70 Thread exited: 0x0000017d53009a70
Event: 172.719 Thread 0x0000017d55499fe0 Thread exited: 0x0000017d55499fe0


Dynamic libraries:
0x00007ff6a5c80000 - 0x00007ff6a5c8e000 	C:\Users\diego\.jdks\corretto-17.0.13\bin\java.exe
0x00007ff96c5c0000 - 0x00007ff96c823000 	C:\WINDOWS\SYSTEM32\ntdll.dll
0x00007ff96b700000 - 0x00007ff96b7c8000 	C:\WINDOWS\System32\KERNEL32.DLL
0x00007ff969e40000 - 0x00007ff96a1f2000 	C:\WINDOWS\System32\KERNELBASE.dll
0x00007ff969a40000 - 0x00007ff969b8b000 	C:\WINDOWS\System32\ucrtbase.dll
0x00007ff963f60000 - 0x00007ff963f77000 	C:\Users\diego\.jdks\corretto-17.0.13\bin\jli.dll
0x00007ff95c520000 - 0x00007ff95c53b000 	C:\Users\diego\.jdks\corretto-17.0.13\bin\VCRUNTIME140.dll
0x00007ff96b3a0000 - 0x00007ff96b568000 	C:\WINDOWS\System32\USER32.dll
0x00007ff96a3f0000 - 0x00007ff96a417000 	C:\WINDOWS\System32\win32u.dll
0x00007ff956410000 - 0x00007ff9566a0000 	C:\WINDOWS\WinSxS\amd64_microsoft.windows.common-controls_6595b64144ccf1df_6.0.26100.2454_none_3e0b68a2e331ad60\COMCTL32.dll
0x00007ff96b190000 - 0x00007ff96b1ba000 	C:\WINDOWS\System32\GDI32.dll
0x00007ff96b650000 - 0x00007ff96b6f9000 	C:\WINDOWS\System32\msvcrt.dll
0x00007ff96a2c0000 - 0x00007ff96a3eb000 	C:\WINDOWS\System32\gdi32full.dll
0x00007ff969990000 - 0x00007ff969a33000 	C:\WINDOWS\System32\msvcp_win.dll
0x00007ff96a430000 - 0x00007ff96a45f000 	C:\WINDOWS\System32\IMM32.DLL
0x00007ff964000000 - 0x00007ff96400c000 	C:\Users\diego\.jdks\corretto-17.0.13\bin\vcruntime140_1.dll
0x00007ff95b270000 - 0x00007ff95b2fd000 	C:\Users\diego\.jdks\corretto-17.0.13\bin\msvcp140.dll
0x00007ff90e3f0000 - 0x00007ff90f05c000 	C:\Users\diego\.jdks\corretto-17.0.13\bin\server\jvm.dll
0x00007ff96c2d0000 - 0x00007ff96c384000 	C:\WINDOWS\System32\ADVAPI32.dll
0x00007ff96c450000 - 0x00007ff96c4f6000 	C:\WINDOWS\System32\sechost.dll
0x00007ff96a470000 - 0x00007ff96a586000 	C:\WINDOWS\System32\RPCRT4.dll
0x00007ff96b1c0000 - 0x00007ff96b234000 	C:\WINDOWS\System32\WS2_32.dll
0x00007ff969820000 - 0x00007ff96986e000 	C:\WINDOWS\SYSTEM32\POWRPROF.dll
0x00007ff9663c0000 - 0x00007ff9663f6000 	C:\WINDOWS\SYSTEM32\WINMM.dll
0x00007ff9603f0000 - 0x00007ff9603fb000 	C:\WINDOWS\SYSTEM32\VERSION.dll
0x00007ff969800000 - 0x00007ff969814000 	C:\WINDOWS\SYSTEM32\UMPDC.dll
0x00007ff9687d0000 - 0x00007ff9687ea000 	C:\WINDOWS\SYSTEM32\kernel.appcore.dll
0x00007ff963410000 - 0x00007ff96341a000 	C:\Users\diego\.jdks\corretto-17.0.13\bin\jimage.dll
0x00007ff966ee0000 - 0x00007ff967121000 	C:\WINDOWS\SYSTEM32\DBGHELP.DLL
0x00007ff96bed0000 - 0x00007ff96c24e000 	C:\WINDOWS\System32\combase.dll
0x00007ff96b570000 - 0x00007ff96b646000 	C:\WINDOWS\System32\OLEAUT32.dll
0x00007ff94b010000 - 0x00007ff94b049000 	C:\WINDOWS\SYSTEM32\dbgcore.DLL
0x00007ff969b90000 - 0x00007ff969c29000 	C:\WINDOWS\System32\bcryptPrimitives.dll
0x00007ff95b110000 - 0x00007ff95b14b000 	C:\Users\diego\.jdks\corretto-17.0.13\bin\jdwp.dll
0x00007ff9612a0000 - 0x00007ff9612ae000 	C:\Users\diego\.jdks\corretto-17.0.13\bin\instrument.dll
0x00007ff95bc40000 - 0x00007ff95bc65000 	C:\Users\diego\.jdks\corretto-17.0.13\bin\java.dll
0x00007ff95b250000 - 0x00007ff95b268000 	C:\Users\diego\.jdks\corretto-17.0.13\bin\zip.dll
0x00007ff95b150000 - 0x00007ff95b227000 	C:\Users\diego\.jdks\corretto-17.0.13\bin\jsvml.dll
0x00007ff96a9a0000 - 0x00007ff96b0a0000 	C:\WINDOWS\System32\SHELL32.dll
0x00007ff9676e0000 - 0x00007ff967f11000 	C:\WINDOWS\SYSTEM32\windows.storage.dll
0x00007ff96b0b0000 - 0x00007ff96b18a000 	C:\WINDOWS\System32\SHCORE.dll
0x00007ff96a740000 - 0x00007ff96a79d000 	C:\WINDOWS\System32\shlwapi.dll
0x00007ff9698a0000 - 0x00007ff9698ce000 	C:\WINDOWS\SYSTEM32\profapi.dll
0x00007ff95ac10000 - 0x00007ff95ac29000 	C:\Users\diego\.jdks\corretto-17.0.13\bin\net.dll
0x00007ff962eb0000 - 0x00007ff962fd6000 	C:\WINDOWS\SYSTEM32\WINHTTP.dll
0x00007ff968cd0000 - 0x00007ff968d38000 	C:\WINDOWS\system32\mswsock.dll
0x00007ff95abf0000 - 0x00007ff95ac06000 	C:\Users\diego\.jdks\corretto-17.0.13\bin\nio.dll
0x00007ff95d060000 - 0x00007ff95d06c000 	C:\Users\diego\.jdks\corretto-17.0.13\bin\dt_socket.dll
0x00007ff968260000 - 0x00007ff968292000 	C:\WINDOWS\SYSTEM32\IPHLPAPI.DLL
0x0000017d05ce0000 - 0x0000017d05ce3000 	D:\Proyecto Terminal\openjfx-22.0.1_windows-x64_bin-sdk\javafx-sdk-22.0.1\bin\api-ms-win-core-console-l1-1-0.dll
0x0000017d05cf0000 - 0x0000017d05cf3000 	D:\Proyecto Terminal\openjfx-22.0.1_windows-x64_bin-sdk\javafx-sdk-22.0.1\bin\api-ms-win-core-console-l1-2-0.dll
0x0000017d05d00000 - 0x0000017d05d03000 	D:\Proyecto Terminal\openjfx-22.0.1_windows-x64_bin-sdk\javafx-sdk-22.0.1\bin\api-ms-win-core-datetime-l1-1-0.dll
0x0000017d05d10000 - 0x0000017d05d13000 	D:\Proyecto Terminal\openjfx-22.0.1_windows-x64_bin-sdk\javafx-sdk-22.0.1\bin\api-ms-win-core-debug-l1-1-0.dll
0x0000017d05d20000 - 0x0000017d05d23000 	D:\Proyecto Terminal\openjfx-22.0.1_windows-x64_bin-sdk\javafx-sdk-22.0.1\bin\api-ms-win-core-errorhandling-l1-1-0.dll
0x0000017d05d30000 - 0x0000017d05d34000 	D:\Proyecto Terminal\openjfx-22.0.1_windows-x64_bin-sdk\javafx-sdk-22.0.1\bin\api-ms-win-core-file-l1-1-0.dll
0x0000017d05d40000 - 0x0000017d05d43000 	D:\Proyecto Terminal\openjfx-22.0.1_windows-x64_bin-sdk\javafx-sdk-22.0.1\bin\api-ms-win-core-file-l1-2-0.dll
0x0000017d05eb0000 - 0x0000017d05eb3000 	D:\Proyecto Terminal\openjfx-22.0.1_windows-x64_bin-sdk\javafx-sdk-22.0.1\bin\api-ms-win-core-file-l2-1-0.dll
0x0000017d05ec0000 - 0x0000017d05ec3000 	D:\Proyecto Terminal\openjfx-22.0.1_windows-x64_bin-sdk\javafx-sdk-22.0.1\bin\api-ms-win-core-handle-l1-1-0.dll
0x0000017d05d50000 - 0x0000017d05d53000 	D:\Proyecto Terminal\openjfx-22.0.1_windows-x64_bin-sdk\javafx-sdk-22.0.1\bin\api-ms-win-core-heap-l1-1-0.dll
0x0000017d05d60000 - 0x0000017d05d63000 	D:\Proyecto Terminal\openjfx-22.0.1_windows-x64_bin-sdk\javafx-sdk-22.0.1\bin\api-ms-win-core-interlocked-l1-1-0.dll
0x0000017d05d70000 - 0x0000017d05d73000 	D:\Proyecto Terminal\openjfx-22.0.1_windows-x64_bin-sdk\javafx-sdk-22.0.1\bin\api-ms-win-core-libraryloader-l1-1-0.dll
0x0000017d05d80000 - 0x0000017d05d83000 	D:\Proyecto Terminal\openjfx-22.0.1_windows-x64_bin-sdk\javafx-sdk-22.0.1\bin\api-ms-win-core-localization-l1-2-0.dll
0x0000017d05d90000 - 0x0000017d05d93000 	D:\Proyecto Terminal\openjfx-22.0.1_windows-x64_bin-sdk\javafx-sdk-22.0.1\bin\api-ms-win-core-memory-l1-1-0.dll
0x0000017d05da0000 - 0x0000017d05da3000 	D:\Proyecto Terminal\openjfx-22.0.1_windows-x64_bin-sdk\javafx-sdk-22.0.1\bin\api-ms-win-core-namedpipe-l1-1-0.dll
0x0000017d05db0000 - 0x0000017d05db3000 	D:\Proyecto Terminal\openjfx-22.0.1_windows-x64_bin-sdk\javafx-sdk-22.0.1\bin\api-ms-win-core-processenvironment-l1-1-0.dll
0x0000017d05dc0000 - 0x0000017d05dc3000 	D:\Proyecto Terminal\openjfx-22.0.1_windows-x64_bin-sdk\javafx-sdk-22.0.1\bin\api-ms-win-core-processthreads-l1-1-0.dll
0x0000017d05dd0000 - 0x0000017d05dd3000 	D:\Proyecto Terminal\openjfx-22.0.1_windows-x64_bin-sdk\javafx-sdk-22.0.1\bin\api-ms-win-core-processthreads-l1-1-1.dll
0x0000017d05de0000 - 0x0000017d05de3000 	D:\Proyecto Terminal\openjfx-22.0.1_windows-x64_bin-sdk\javafx-sdk-22.0.1\bin\api-ms-win-core-profile-l1-1-0.dll
0x0000017d05df0000 - 0x0000017d05df3000 	D:\Proyecto Terminal\openjfx-22.0.1_windows-x64_bin-sdk\javafx-sdk-22.0.1\bin\api-ms-win-core-rtlsupport-l1-1-0.dll
0x0000017d05e00000 - 0x0000017d05e03000 	D:\Proyecto Terminal\openjfx-22.0.1_windows-x64_bin-sdk\javafx-sdk-22.0.1\bin\api-ms-win-core-string-l1-1-0.dll
0x0000017d05e10000 - 0x0000017d05e13000 	D:\Proyecto Terminal\openjfx-22.0.1_windows-x64_bin-sdk\javafx-sdk-22.0.1\bin\api-ms-win-core-synch-l1-1-0.dll
0x0000017d05e20000 - 0x0000017d05e23000 	D:\Proyecto Terminal\openjfx-22.0.1_windows-x64_bin-sdk\javafx-sdk-22.0.1\bin\api-ms-win-core-synch-l1-2-0.dll
0x0000017d05e30000 - 0x0000017d05e33000 	D:\Proyecto Terminal\openjfx-22.0.1_windows-x64_bin-sdk\javafx-sdk-22.0.1\bin\api-ms-win-core-sysinfo-l1-1-0.dll
0x0000017d05e40000 - 0x0000017d05e43000 	D:\Proyecto Terminal\openjfx-22.0.1_windows-x64_bin-sdk\javafx-sdk-22.0.1\bin\api-ms-win-core-timezone-l1-1-0.dll
0x0000017d05e50000 - 0x0000017d05e53000 	D:\Proyecto Terminal\openjfx-22.0.1_windows-x64_bin-sdk\javafx-sdk-22.0.1\bin\api-ms-win-core-util-l1-1-0.dll
0x0000017d05e60000 - 0x0000017d05e63000 	D:\Proyecto Terminal\openjfx-22.0.1_windows-x64_bin-sdk\javafx-sdk-22.0.1\bin\api-ms-win-crt-conio-l1-1-0.dll
0x0000017d05e70000 - 0x0000017d05e74000 	D:\Proyecto Terminal\openjfx-22.0.1_windows-x64_bin-sdk\javafx-sdk-22.0.1\bin\api-ms-win-crt-convert-l1-1-0.dll
0x0000017d05e80000 - 0x0000017d05e83000 	D:\Proyecto Terminal\openjfx-22.0.1_windows-x64_bin-sdk\javafx-sdk-22.0.1\bin\api-ms-win-crt-environment-l1-1-0.dll
0x0000017d05e90000 - 0x0000017d05e93000 	D:\Proyecto Terminal\openjfx-22.0.1_windows-x64_bin-sdk\javafx-sdk-22.0.1\bin\api-ms-win-crt-filesystem-l1-1-0.dll
0x0000017d05ea0000 - 0x0000017d05ea3000 	D:\Proyecto Terminal\openjfx-22.0.1_windows-x64_bin-sdk\javafx-sdk-22.0.1\bin\api-ms-win-crt-heap-l1-1-0.dll
0x0000017d05ed0000 - 0x0000017d05ed3000 	D:\Proyecto Terminal\openjfx-22.0.1_windows-x64_bin-sdk\javafx-sdk-22.0.1\bin\api-ms-win-crt-locale-l1-1-0.dll
0x0000017d05ee0000 - 0x0000017d05ee5000 	D:\Proyecto Terminal\openjfx-22.0.1_windows-x64_bin-sdk\javafx-sdk-22.0.1\bin\api-ms-win-crt-math-l1-1-0.dll
0x0000017d05ef0000 - 0x0000017d05ef5000 	D:\Proyecto Terminal\openjfx-22.0.1_windows-x64_bin-sdk\javafx-sdk-22.0.1\bin\api-ms-win-crt-multibyte-l1-1-0.dll
0x0000017d05f00000 - 0x0000017d05f10000 	D:\Proyecto Terminal\openjfx-22.0.1_windows-x64_bin-sdk\javafx-sdk-22.0.1\bin\api-ms-win-crt-private-l1-1-0.dll
0x0000017d05f10000 - 0x0000017d05f13000 	D:\Proyecto Terminal\openjfx-22.0.1_windows-x64_bin-sdk\javafx-sdk-22.0.1\bin\api-ms-win-crt-process-l1-1-0.dll
0x0000017d05f20000 - 0x0000017d05f24000 	D:\Proyecto Terminal\openjfx-22.0.1_windows-x64_bin-sdk\javafx-sdk-22.0.1\bin\api-ms-win-crt-runtime-l1-1-0.dll
0x0000017d05f30000 - 0x0000017d05f34000 	D:\Proyecto Terminal\openjfx-22.0.1_windows-x64_bin-sdk\javafx-sdk-22.0.1\bin\api-ms-win-crt-stdio-l1-1-0.dll
0x0000017d05f40000 - 0x0000017d05f44000 	D:\Proyecto Terminal\openjfx-22.0.1_windows-x64_bin-sdk\javafx-sdk-22.0.1\bin\api-ms-win-crt-string-l1-1-0.dll
0x0000017d05f50000 - 0x0000017d05f53000 	D:\Proyecto Terminal\openjfx-22.0.1_windows-x64_bin-sdk\javafx-sdk-22.0.1\bin\api-ms-win-crt-time-l1-1-0.dll
0x0000017d05f60000 - 0x0000017d05f63000 	D:\Proyecto Terminal\openjfx-22.0.1_windows-x64_bin-sdk\javafx-sdk-22.0.1\bin\api-ms-win-crt-utility-l1-1-0.dll
0x00007ff9598e0000 - 0x00007ff9599dc000 	D:\Proyecto Terminal\openjfx-22.0.1_windows-x64_bin-sdk\javafx-sdk-22.0.1\bin\ucrtbase.dll
0x00007ff95abd0000 - 0x00007ff95abeb000 	D:\Proyecto Terminal\openjfx-22.0.1_windows-x64_bin-sdk\javafx-sdk-22.0.1\bin\vcruntime140.dll
0x00007ff95b100000 - 0x00007ff95b10c000 	D:\Proyecto Terminal\openjfx-22.0.1_windows-x64_bin-sdk\javafx-sdk-22.0.1\bin\vcruntime140_1.dll
0x00007ff959e50000 - 0x00007ff959ede000 	D:\Proyecto Terminal\openjfx-22.0.1_windows-x64_bin-sdk\javafx-sdk-22.0.1\bin\msvcp140.dll
0x00007ff95ae70000 - 0x00007ff95ae79000 	D:\Proyecto Terminal\openjfx-22.0.1_windows-x64_bin-sdk\javafx-sdk-22.0.1\bin\msvcp140_1.dll
0x00007ff95ab80000 - 0x00007ff95abc1000 	D:\Proyecto Terminal\openjfx-22.0.1_windows-x64_bin-sdk\javafx-sdk-22.0.1\bin\msvcp140_2.dll
0x00007ff959e20000 - 0x00007ff959e50000 	D:\Proyecto Terminal\openjfx-22.0.1_windows-x64_bin-sdk\javafx-sdk-22.0.1\bin\prism_d3d.dll
0x00007ff926bb0000 - 0x00007ff926d56000 	C:\WINDOWS\system32\d3d9.dll
0x00007ff966790000 - 0x00007ff9667be000 	C:\WINDOWS\SYSTEM32\dwmapi.dll
0x00007ff966740000 - 0x00007ff966787000 	C:\WINDOWS\SYSTEM32\dxcore.dll
0x00007ff966440000 - 0x00007ff9664ed000 	C:\WINDOWS\system32\uxtheme.dll
0x00007ff960400000 - 0x00007ff9605dd000 	C:\WINDOWS\System32\DriverStore\FileRepository\u0355756.inf_amd64_5146fc3a012e7afa\B354291\aticfx64.dll
0x00007ff926b80000 - 0x00007ff926bb0000 	C:\WINDOWS\System32\DriverStore\FileRepository\u0355756.inf_amd64_5146fc3a012e7afa\B354291\atiu9p64.dll
0x00007ff925a20000 - 0x00007ff9266eb000 	C:\WINDOWS\System32\DriverStore\FileRepository\u0355756.inf_amd64_5146fc3a012e7afa\B354291\atiumd64.dll
0x00007ff96a5a0000 - 0x00007ff96a739000 	C:\WINDOWS\System32\ole32.dll
0x0000000073870000 - 0x00000000745f3000 	C:\WINDOWS\System32\DriverStore\FileRepository\u0355756.inf_amd64_5146fc3a012e7afa\B354291\atiumd6a.dll
0x00007ff966570000 - 0x00007ff9665cc000 	C:\WINDOWS\SYSTEM32\directxdatabasehelper.dll
0x00007ff959860000 - 0x00007ff9598a5000 	D:\Proyecto Terminal\openjfx-22.0.1_windows-x64_bin-sdk\javafx-sdk-22.0.1\bin\glass.dll
0x00007ff96a8b0000 - 0x00007ff96a99d000 	C:\WINDOWS\System32\COMDLG32.dll
0x00007ff904840000 - 0x00007ff90489e000 	C:\Program Files\Huawei\PCManager\plugins\PerfWndMonModule.dll
0x00007ff96b240000 - 0x00007ff96b39c000 	C:\WINDOWS\System32\MSCTF.dll
0x00007ff96c390000 - 0x00007ff96c438000 	C:\WINDOWS\System32\clbcatq.dll
0x00007ff95c0f0000 - 0x00007ff95c245000 	C:\Windows\System32\Windows.UI.dll
0x00007ff93fc90000 - 0x00007ff93fddc000 	C:\Windows\System32\Windows.UI.Immersive.dll
0x00007ff959e00000 - 0x00007ff959e15000 	D:\Proyecto Terminal\openjfx-22.0.1_windows-x64_bin-sdk\javafx-sdk-22.0.1\bin\javafx_font.dll
0x00007ff965b40000 - 0x00007ff965da5000 	C:\WINDOWS\SYSTEM32\dwrite.dll
0x00007ff965de0000 - 0x00007ff96600e000 	C:\WINDOWS\SYSTEM32\WindowsCodecs.dll
0x00007ff95a060000 - 0x00007ff95a0ba000 	C:\WINDOWS\system32\dataexchange.dll
0x00007ff95db90000 - 0x00007ff95ddc7000 	C:\WINDOWS\system32\twinapi.appcore.dll
0x00007ff959c90000 - 0x00007ff959cbc000 	C:\Program Files\Common Files\Microsoft Shared\Ink\rtscom.dll
0x00007ff958990000 - 0x00007ff958ad6000 	C:\WINDOWS\SYSTEM32\textinputframework.dll
0x00007ff962970000 - 0x00007ff962a95000 	C:\WINDOWS\SYSTEM32\CoreMessaging.dll
0x00007ff9607e0000 - 0x00007ff960ac3000 	C:\WINDOWS\SYSTEM32\CoreUIComponents.dll
0x00007ff964460000 - 0x00007ff9645c8000 	C:\WINDOWS\SYSTEM32\wintypes.dll
0x00007ff968f90000 - 0x00007ff968f9c000 	C:\WINDOWS\SYSTEM32\CRYPTBASE.DLL
0x00007ff959c10000 - 0x00007ff959c3d000 	D:\Proyecto Terminal\openjfx-22.0.1_windows-x64_bin-sdk\javafx-sdk-22.0.1\bin\javafx_iio.dll
0x00007ff965500000 - 0x00007ff965b3a000 	C:\WINDOWS\SYSTEM32\d2d1.dll
0x00007ff966150000 - 0x00007ff9663ad000 	C:\WINDOWS\SYSTEM32\d3d11.dll

dbghelp: loaded successfully - version: 4.0.5 - missing functions: none
symbol engine: initialized successfully - sym options: 0x614 - pdb path: .;C:\Users\diego\.jdks\corretto-17.0.13\bin;C:\WINDOWS\SYSTEM32;C:\WINDOWS\WinSxS\amd64_microsoft.windows.common-controls_6595b64144ccf1df_6.0.26100.2454_none_3e0b68a2e331ad60;C:\Users\diego\.jdks\corretto-17.0.13\bin\server;D:\Proyecto Terminal\openjfx-22.0.1_windows-x64_bin-sdk\javafx-sdk-22.0.1\bin;C:\WINDOWS\System32\DriverStore\FileRepository\u0355756.inf_amd64_5146fc3a012e7afa\B354291;C:\Program Files\Huawei\PCManager\plugins;C:\Program Files\Common Files\Microsoft Shared\Ink

VM Arguments:
jvm_args: -agentlib:jdwp=transport=dt_socket,address=127.0.0.1:3403,suspend=y,server=n --module-path=D:\Proyecto Terminal\openjfx-22.0.1_windows-x64_bin-sdk\javafx-sdk-22.0.1\lib --add-modules=javafx.controls,javafx.fxml -javaagent:C:\Users\diego\AppData\Local\JetBrains\IntelliJIdea2024.1\captureAgent\debugger-agent.jar -Dfile.encoding=UTF-8 
java_command: optiuam.bc.controller.OptiUAM24
java_class_path (initial): D:\Proyecto Terminal\C鏚igo\OptiUAM24\OptiUAM\out\production\OptiUAM;D:\Proyecto Terminal\C鏚igo\OptiUAM24\OptiUAM\Librerias\jcommon-1.0.23.jar;D:\Proyecto Terminal\C鏚igo\OptiUAM24\OptiUAM\Librerias\jfreechart-1.0.19.jar;D:\Proyecto Terminal\openjfx-22.0.1_windows-x64_bin-sdk\javafx-sdk-22.0.1\lib\javafx-swt.jar;D:\Proyecto Terminal\openjfx-22.0.1_windows-x64_bin-sdk\javafx-sdk-22.0.1\lib\javafx.base.jar;D:\Proyecto Terminal\openjfx-22.0.1_windows-x64_bin-sdk\javafx-sdk-22.0.1\lib\javafx.controls.jar;D:\Proyecto Terminal\openjfx-22.0.1_windows-x64_bin-sdk\javafx-sdk-22.0.1\lib\javafx.fxml.jar;D:\Proyecto Terminal\openjfx-22.0.1_windows-x64_bin-sdk\javafx-sdk-22.0.1\lib\javafx.graphics.jar;D:\Proyecto Terminal\openjfx-22.0.1_windows-x64_bin-sdk\javafx-sdk-22.0.1\lib\javafx.media.jar;D:\Proyecto Terminal\openjfx-22.0.1_windows-x64_bin-sdk\javafx-sdk-22.0.1\lib\javafx.swing.jar;D:\Proyecto Terminal\openjfx-22.0.1_windows-x64_bin-sdk\javafx-sdk-22.0.1\lib\javafx.web.jar;D:\Proyecto Terminal\openjfx-22.0.1_windows-x64_bin-sdk.zip;D:\Proyecto Terminal\commons-math3-3.6.1\commons-math3-3.6.1-tests.jar;D:\Proyecto Terminal\commons-math3-3.6.1\commons-math3-3.6.1-tools.jar;D:\Proyecto Terminal\commons-math3-3.6.1\commons-math3-3.6.1.jar;C:\Program Files\JetBrains\IntelliJ IDEA 2024.1.3\lib\idea_rt.jar
Launcher Type: SUN_STANDARD

[Global flags]
     intx CICompilerCount                          = 4                                         {product} {ergonomic}
     uint ConcGCThreads                            = 2                                         {product} {ergonomic}
     uint G1ConcRefinementThreads                  = 8                                         {product} {ergonomic}
   size_t G1HeapRegionSize                         = 1048576                                   {product} {ergonomic}
    uintx GCDrainStackTargetSize                   = 64                                        {product} {ergonomic}
   size_t InitialHeapSize                          = 117440512                                 {product} {ergonomic}
   size_t MarkStackSize                            = 4194304                                   {product} {ergonomic}
   size_t MaxHeapSize                              = 1862270976                                {product} {ergonomic}
   size_t MaxNewSize                               = 1116733440                                {product} {ergonomic}
   size_t MinHeapDeltaBytes                        = 1048576                                   {product} {ergonomic}
   size_t MinHeapSize                              = 8388608                                   {product} {ergonomic}
    uintx NonNMethodCodeHeapSize                   = 5839372                                {pd product} {ergonomic}
    uintx NonProfiledCodeHeapSize                  = 122909434                              {pd product} {ergonomic}
    uintx ProfiledCodeHeapSize                     = 122909434                              {pd product} {ergonomic}
    uintx ReservedCodeCacheSize                    = 251658240                              {pd product} {ergonomic}
     bool SegmentedCodeCache                       = true                                      {product} {ergonomic}
   size_t SoftMaxHeapSize                          = 1862270976                             {manageable} {ergonomic}
     bool UseCompressedClassPointers               = true                           {product lp64_product} {ergonomic}
     bool UseCompressedOops                        = true                           {product lp64_product} {ergonomic}
     bool UseG1GC                                  = true                                      {product} {ergonomic}
     bool UseLargePagesIndividualAllocation        = false                                  {pd product} {ergonomic}

Logging:
Log output configuration:
 #0: stdout all=off uptime,level,tags
 #1: stderr all=off uptime,level,tags

Environment Variables:
PATH=C:\Program Files\Common Files\Oracle\Java\javapath;C:\Users\diego\Desktop\oracle\bin;C:\WINDOWS\system32;C:\WINDOWS;C:\WINDOWS\System32\Wbem;C:\WINDOWS\System32\WindowsPowerShell\v1.0\;C:\WINDOWS\System32\OpenSSH\;C:\Program Files\Git\cmd;C:\Strawberry\c\bin;C:\Strawberry\perl\site\bin;C:\Strawberry\perl\bin;C:\Users\diego\AppData\Local\Programs\Python\Launcher\;C:\Users\diego\AppData\Local\Microsoft\WindowsApps;C:\Program Files\JetBrains\IntelliJ IDEA 2024.1.3\bin;;C:\Users\diego\AppData\Local\GitHubDesktop\bin;C:\Program Files\JetBrains\PyCharm 2024.1.4\bin;;C:\Users\diego\AppData\Local\Programs\Microsoft VS Code\bin;C:\Users\diego\AppData\Local\Programs\MiKTeX\miktex\bin\x64\;C:\Program Files\JetBrains\PyCharm Community Edition 2024.3\bin;;
USERNAME=diego
OS=Windows_NT
PROCESSOR_IDENTIFIER=AMD64 Family 23 Model 24 Stepping 1, AuthenticAMD
TMP=C:\Users\diego\AppData\Local\Temp
TEMP=C:\Users\diego\AppData\Local\Temp



Periodic native trim disabled


---------------  S Y S T E M  ---------------

OS:
 Windows 11 , 64 bit Build 26100 (10.0.26100.2454)
OS uptime: 3 days 16:14 hours

CPU: total 8 (initial active 8) (8 cores per cpu, 2 threads per core) family 23 model 24 stepping 1 microcode 0x8108109, cx8, cmov, fxsr, ht, mmx, 3dnowpref, sse, sse2, sse3, ssse3, sse4a, sse4.1, sse4.2, popcnt, lzcnt, tsc, tscinvbit, avx, avx2, aes, clmul, bmi1, bmi2, adx, sha, fma, vzeroupper, clflush, clflushopt
Processor Information for all 8 processors :
  Max Mhz: 2100, Current Mhz: 2100, Mhz Limit: 2100

Memory: 4k page, system-wide physical 7103M (1064M free)
TotalPageFile size 15807M (AvailPageFile size 2115M)
current process WorkingSet (physical memory assigned to process): 284M, peak: 485M
current process commit charge ("private bytes"): 386M, peak: 604M

vm_info: OpenJDK 64-Bit Server VM (17.0.13+11-LTS) for windows-amd64 JRE (17.0.13+11-LTS), built on Oct 10 2024 19:51:30 by "Administrator" with MS VC++ 16.10 / 16.11 (VS2019)

END.
