#
# A fatal error has been detected by the Java Runtime Environment:
#
#  EXCEPTION_ACCESS_VIOLATION (0xc0000005) at pc=0x00007ff9d04282d7, pid=5648, tid=28464
#
# JRE version: OpenJDK Runtime Environment Corretto-17.0.13.11.1 (17.0.13+11) (build 17.0.13+11-LTS)
# Java VM: OpenJDK 64-Bit Server VM Corretto-17.0.13.11.1 (17.0.13+11-LTS, mixed mode, sharing, tiered, compressed oops, compressed class ptrs, g1 gc, windows-amd64)
# Problematic frame:
# C  [glass.dll+0x282d7]
#
# No core dump will be written. Minidumps are not enabled by default on client versions of Windows
#
# If you would like to submit a bug report, please visit:
#   https://github.com/corretto/corretto-17/issues/
#

---------------  S U M M A R Y ------------

Command Line: -agentlib:jdwp=transport=dt_socket,address=127.0.0.1:54250,suspend=y,server=n --module-path=D:\Proyecto Terminal\openjfx-22.0.1_windows-x64_bin-sdk\javafx-sdk-22.0.1\lib --add-modules=javafx.controls,javafx.fxml -javaagent:C:\Users\diego\AppData\Local\JetBrains\IntelliJIdea2024.1\captureAgent\debugger-agent.jar -Dfile.encoding=UTF-8 optiuam.bc.controller.OptiUAM24

Host: AMD Ryzen 5 3500U with Radeon Vega Mobile Gfx  , 8 cores, 6G,  Windows 11 , 64 bit Build 22621 (10.0.22621.4391)
Time: Tue Nov 26 19:36:12 2024 Hora estándar central (México) elapsed time: 287.979815 seconds (0d 0h 4m 47s)

---------------  T H R E A D  ---------------

Current thread (0x00000229a7ec1280):  VMThread "VM Thread" [stack: 0x000000bedf700000,0x000000bedf800000] [id=28464]

Stack: [0x000000bedf700000,0x000000bedf800000],  sp=0x000000bedf7fed70,  free space=1019k
Native frames: (J=compiled Java code, j=interpreted, Vv=VM code, C=native code)
C  [glass.dll+0x282d7]


siginfo: EXCEPTION_ACCESS_VIOLATION (0xc0000005), reading address 0x0000000000000000


Registers:
RAX=0x0000000000000000, RBX=0x00000229ee19a980, RCX=0x00000229a7ec1280, RDX=0x000000bedf7fed70
RSP=0x000000bedf7fed70, RBP=0x00000229edbb6308, RSI=0x000000bedf7fee78, RDI=0x00000229edbb62e0
R8 =0x0000000000010002, R9 =0x00000229edbb62e0, R10=0x85f13e9656da4870, R11=0x000000bedf7fed00
R12=0x00007ff9d0425be0, R13=0x00007ff97fd18420, R14=0x000084dbf795b4fb, R15=0x00000229edbb62e0
RIP=0x00007ff9d04282d7, EFLAGS=0x0000000000010202


Register to memory mapping:

RIP=0x00007ff9d04282d7 glass.dll
RAX=0x0 is NULL
RBX=0x00000229ee19a980 is a global jni handle
RCX=0x00000229a7ec1280 points into unknown readable memory: 0x00007ff97fb42cc8 | c8 2c b4 7f f9 7f 00 00
RDX=0x000000bedf7fed70 points into unknown readable memory: 0x0000000000000000 | 00 00 00 00 00 00 00 00
RSP=0x000000bedf7fed70 points into unknown readable memory: 0x0000000000000000 | 00 00 00 00 00 00 00 00
RBP=0x00000229edbb6308 points into unknown readable memory: 0x000084dbf795b4fb | fb b4 95 f7 db 84 00 00
RSI=0x000000bedf7fee78 points into unknown readable memory: 0x000000bedf7fee60 | 60 ee 7f df be 00 00 00
RDI=0x00000229edbb62e0 points into unknown readable memory: 0xc00087243917a64c | 4c a6 17 39 24 87 00 c0
R8 =0x0000000000010002 is an unknown value
R9 =0x00000229edbb62e0 points into unknown readable memory: 0xc00087243917a64c | 4c a6 17 39 24 87 00 c0
R10=0x85f13e9656da4870 is an unknown value
R11=0x000000bedf7fed00 points into unknown readable memory: 0x00000229edbb62e0 | e0 62 bb ed 29 02 00 00
R12=0x00007ff9d0425be0 glass.dll
R13=0x00007ff97fd18420 jvm.dll
R14=0x000084dbf795b4fb is an unknown value
R15=0x00000229edbb62e0 points into unknown readable memory: 0xc00087243917a64c | 4c a6 17 39 24 87 00 c0


Top of Stack: (sp=0x000000bedf7fed70)
0x000000bedf7fed70:   0000000000000000 000000bedf7fee78
0x000000bedf7fed80:   00007ff97fd18420 00007ff9d0425be0
0x000000bedf7fed90:   00000229edbb62e8 00007ff9df983a93
0x000000bedf7feda0:   00000229edbb62e0 0000022900000000
0x000000bedf7fedb0:   00000229edbb6308 000000bedf7fee78
0x000000bedf7fedc0:   fffffffffffffffe 0000000000000000
0x000000bedf7fedd0:   0000000000000001 00007ff9d0400000
0x000000bedf7fede0:   000000bedf7fee68 00007ff9df95042e
0x000000bedf7fedf0:   0000000000000000 000000bedf7fee78
0x000000bedf7fee00:   000000bedf7ff160 0000000000000001
0x000000bedf7fee10:   0000000000000001 00007ff9df94dddd
0x000000bedf7fee20:   0000000000000000 00007ff9d04253d9
0x000000bedf7fee30:   0000000000000000 000000bedf7fee68
0x000000bedf7fee40:   fffffffffffffffe 0000000000000001
0x000000bedf7fee50:   0000000000000001 00007ff9d0425a6d
0x000000bedf7fee60:   00007ff9d043d078 00007ff900000002
0x000000bedf7fee70:   0000000000000002 000000bedf7fee60
0x000000bedf7fee80:   0000000000000000 00007ff9e2658af3
0x000000bedf7fee90:   0000000000000000 00007ff9d0425b92
0x000000bedf7feea0:   0000000000000001 000000bedf7ff100
0x000000bedf7feeb0:   0000000000000001 0000000000000001
0x000000bedf7feec0:   0000022988210568 00007ff9df062223
0x000000bedf7feed0:   0000022900000001 0000000000000016
0x000000bedf7feee0:   00007ff9d0400000 000000007ffe0384
0x000000bedf7feef0:   0000000000000000 00007ff9e2658b8f
0x000000bedf7fef00:   00007ff9d0400000 0000000000000000
0x000000bedf7fef10:   0000000000000001 000000007ffe0385
0x000000bedf7fef20:   0000000000000000 00007ff9e26817d9
0x000000bedf7fef30:   00008f8102ef8b00 0000000000000014
0x000000bedf7fef40:   00007ff9d0425be0 0000000000000000
0x000000bedf7fef50:   0000000000000000 000000bedec97000
0x000000bedf7fef60:   00000229ee645310 00007ff9e2681596 

Instructions: (pc=0x00007ff9d04282d7)
0x00007ff9d04281d7:   8b 4d 58 e8 49 cf ff ff 48 8b 4d 60 e8 40 cf ff
0x00007ff9d04281e7:   ff 48 8b 95 80 00 00 00 48 8b 8d 18 01 00 00 e8
0x00007ff9d04281f7:   26 c5 ff ff 33 d2 33 c9 e8 8c e1 ff ff 90 48 89
0x00007ff9d0428207:   54 24 10 55 48 83 ec 20 48 8b ea 48 b8 00 00 00
0x00007ff9d0428217:   00 00 00 00 00 48 83 c4 20 5d c3 cc 40 55 48 8b
0x00007ff9d0428227:   ea 48 8b 01 33 c9 81 38 05 00 00 c0 0f 94 c1 8b
0x00007ff9d0428237:   c1 5d c3 cc 40 55 48 83 ec 20 48 8b ea 8a 4d 40
0x00007ff9d0428247:   48 83 c4 20 5d e9 33 d3 ff ff cc 40 55 48 83 ec
0x00007ff9d0428257:   20 48 8b ea 8a 4d 20 e8 21 d3 ff ff 90 48 83 c4
0x00007ff9d0428267:   20 5d c3 cc 40 55 48 83 ec 20 48 8b ea 48 83 c4
0x00007ff9d0428277:   20 5d e9 82 d1 ff ff cc 40 55 48 83 ec 30 48 8b
0x00007ff9d0428287:   ea 48 8b 01 8b 10 48 89 4c 24 28 89 54 24 20 4c
0x00007ff9d0428297:   8d 0d 23 d6 ff ff 4c 8b 45 70 8b 55 68 48 8b 4d
0x00007ff9d04282a7:   60 e8 c3 d0 ff ff 90 48 83 c4 30 5d c3 cc cc cc
0x00007ff9d04282b7:   cc cc cc cc cc cc cc cc cc 40 53 48 83 ec 20 48
0x00007ff9d04282c7:   8b 1d 6b 47 01 00 48 85 db 74 16 e8 39 90 ff ff
0x00007ff9d04282d7:   4c 8b 00 48 8b d3 48 8b c8 41 ff 90 b0 00 00 00
0x00007ff9d04282e7:   90 48 83 c4 20 5b c3 cc cc 40 53 48 83 ec 20 48
0x00007ff9d04282f7:   8b 1d ab 48 01 00 48 85 db 74 57 b8 ff ff ff ff
0x00007ff9d0428307:   f0 0f c1 43 10 83 f8 01 75 3d 48 85 db 74 38 48
0x00007ff9d0428317:   8b 0b 48 85 c9 74 0d ff 15 8c 0f 00 00 48 c7 03
0x00007ff9d0428327:   00 00 00 00 48 8b 4b 08 48 85 c9 74 0d e8 ef cd
0x00007ff9d0428337:   ff ff 48 c7 43 08 00 00 00 00 ba 18 00 00 00 48
0x00007ff9d0428347:   8b cb e8 da cd ff ff 48 c7 05 4f 48 01 00 00 00
0x00007ff9d0428357:   00 00 48 83 c4 20 5b c3 cc 40 53 48 83 ec 20 48
0x00007ff9d0428367:   8b 1d 1b 48 01 00 48 85 db 74 57 b8 ff ff ff ff
0x00007ff9d0428377:   f0 0f c1 43 10 83 f8 01 75 3d 48 85 db 74 38 48
0x00007ff9d0428387:   8b 0b 48 85 c9 74 0d ff 15 1c 0f 00 00 48 c7 03
0x00007ff9d0428397:   00 00 00 00 48 8b 4b 08 48 85 c9 74 0d e8 7f cd
0x00007ff9d04283a7:   ff ff 48 c7 43 08 00 00 00 00 ba 18 00 00 00 48
0x00007ff9d04283b7:   8b cb e8 6a cd ff ff 48 c7 05 bf 47 01 00 00 00
0x00007ff9d04283c7:   00 00 48 83 c4 20 5b c3 cc 40 53 48 83 ec 20 48 


Stack slot to memory mapping:
stack at sp + 0 slots: 0x0 is NULL
stack at sp + 1 slots: 0x000000bedf7fee78 points into unknown readable memory: 0x000000bedf7fee60 | 60 ee 7f df be 00 00 00
stack at sp + 2 slots: 0x00007ff97fd18420 jvm.dll
stack at sp + 3 slots: 0x00007ff9d0425be0 glass.dll
stack at sp + 4 slots: 0x00000229edbb62e8 points into unknown readable memory: 0x000084dbf795b4fb | fb b4 95 f7 db 84 00 00
stack at sp + 5 slots: 0x00007ff9df983a93 ucrtbase.dll
stack at sp + 6 slots: 0x00000229edbb62e0 points into unknown readable memory: 0xc00087243917a64c | 4c a6 17 39 24 87 00 c0
stack at sp + 7 slots: 0x0000022900000000 is an unknown value

VM_Operation (0x000000bedeeff0b0): Exit, mode: safepoint, requested by thread 0x00000229f0427590


---------------  P R O C E S S  ---------------

Threads class SMR info:
_java_thread_list=0x00000229f7d94f60, length=20, elements={
0x000002298849fcf0, 0x00000229a7ec6830, 0x00000229a7ec75c0, 0x00000229a7edc8a0,
0x00000229a7ee0700, 0x00000229a7ee0fd0, 0x00000229a7ee47a0, 0x00000229a7eeee40,
0x00000229a7ef3e20, 0x00000229ed1e0810, 0x00000229edd68b40, 0x00000229ed9d8fd0,
0x00000229edd1ad20, 0x00000229eebd6070, 0x00000229ee7139e0, 0x00000229ede127a0,
0x00000229edc121f0, 0x00000229f0427fb0, 0x00000229f0425220, 0x00000229f0427590
}

Java Threads: ( => current thread )
  0x000002298849fcf0 JavaThread "main" [_thread_blocked, id=16176, stack(0x000000bedf100000,0x000000bedf200000)]
  0x00000229a7ec6830 JavaThread "Reference Handler" daemon [_thread_blocked, id=24032, stack(0x000000bedf800000,0x000000bedf900000)]
  0x00000229a7ec75c0 JavaThread "Finalizer" daemon [_thread_blocked, id=18760, stack(0x000000bedf900000,0x000000bedfa00000)]
  0x00000229a7edc8a0 JavaThread "Attach Listener" daemon [_thread_blocked, id=15388, stack(0x000000bedfb00000,0x000000bedfc00000)]
  0x00000229a7ee0700 JavaThread "Service Thread" daemon [_thread_blocked, id=3820, stack(0x000000bedfc00000,0x000000bedfd00000)]
  0x00000229a7ee0fd0 JavaThread "Monitor Deflation Thread" daemon [_thread_blocked, id=8072, stack(0x000000bedfd00000,0x000000bedfe00000)]
  0x00000229a7ee47a0 JavaThread "C2 CompilerThread0" daemon [_thread_blocked, id=25524, stack(0x000000bedfe00000,0x000000bedff00000)]
  0x00000229a7eeee40 JavaThread "C1 CompilerThread0" daemon [_thread_blocked, id=18584, stack(0x000000bedff00000,0x000000bee0000000)]
  0x00000229a7ef3e20 JavaThread "Sweeper thread" daemon [_thread_blocked, id=15592, stack(0x000000bee0000000,0x000000bee0100000)]
  0x00000229ed1e0810 JavaThread "Common-Cleaner" daemon [_thread_blocked, id=8564, stack(0x000000bee0100000,0x000000bee0200000)]
  0x00000229edd68b40 JavaThread "JDWP Event Helper Thread" daemon [_thread_blocked, id=15104, stack(0x000000bee0500000,0x000000bee0600000)]
  0x00000229ed9d8fd0 JavaThread "Notification Thread" daemon [_thread_blocked, id=9352, stack(0x000000bee0700000,0x000000bee0800000)]
  0x00000229edd1ad20 JavaThread "QuantumRenderer-0" daemon [_thread_blocked, id=11056, stack(0x000000bee0900000,0x000000bee0a00000)]
  0x00000229eebd6070 JavaThread "InvokeLaterDispatcher" daemon [_thread_blocked, id=11772, stack(0x000000bee0c00000,0x000000bee0d00000)]
  0x00000229ee7139e0 JavaThread "JavaFX Application Thread" [_thread_blocked, id=7900, stack(0x000000bee0d00000,0x000000bee0e00000)]
  0x00000229ede127a0 JavaThread "JavaFX-Launcher" [_thread_blocked, id=4616, stack(0x000000bee1500000,0x000000bee1600000)]
  0x00000229edc121f0 JavaThread "Thread-2" daemon [_thread_in_native, id=24256, stack(0x000000bee1400000,0x000000bee1500000)]
  0x00000229f0427fb0 JavaThread "Prism Font Disposer" daemon [_thread_blocked, id=20520, stack(0x000000bee1d00000,0x000000bee1e00000)]
  0x00000229f0425220 JavaThread "Cleaner-0" daemon [_thread_blocked, id=24924, stack(0x000000bee0200000,0x000000bee0300000)]
  0x00000229f0427590 JavaThread "SIGINT handler" daemon [_thread_blocked, id=10808, stack(0x000000bedee00000,0x000000bedef00000)]

Other Threads:
=>0x00000229a7ec1280 VMThread "VM Thread" [stack: 0x000000bedf700000,0x000000bedf800000] [id=28464]
  0x00000229884f32f0 GCTaskThread "GC Thread#0" [stack: 0x000000bedf200000,0x000000bedf300000] [id=16668]
  0x00000229ee4abf30 GCTaskThread "GC Thread#1" [stack: 0x000000bee1600000,0x000000bee1700000] [id=10700]
  0x00000229ee4ac1f0 GCTaskThread "GC Thread#2" [stack: 0x000000bee1700000,0x000000bee1800000] [id=25928]
  0x00000229ee4abc70 GCTaskThread "GC Thread#3" [stack: 0x000000bee1800000,0x000000bee1900000] [id=23404]
  0x00000229ee4ac770 GCTaskThread "GC Thread#4" [stack: 0x000000bee1900000,0x000000bee1a00000] [id=19648]
  0x00000229ee4ab6f0 GCTaskThread "GC Thread#5" [stack: 0x000000bee1a00000,0x000000bee1b00000] [id=3888]
  0x00000229ee4ac4b0 GCTaskThread "GC Thread#6" [stack: 0x000000bee1b00000,0x000000bee1c00000] [id=22848]
  0x00000229ee4ab9b0 GCTaskThread "GC Thread#7" [stack: 0x000000bee1c00000,0x000000bee1d00000] [id=504]
  0x0000022988503f70 ConcurrentGCThread "G1 Main Marker" terminated
  0x0000022988505040 ConcurrentGCThread "G1 Conc#0" [stack: 0x000000bedf400000,0x000000bedf500000] [id=16164]
  0x00000229f0d6da00 ConcurrentGCThread "G1 Conc#1" [stack: 0x000000bee0300000,0x000000bee0400000] [id=25164]
  0x00000229a7d820d0 ConcurrentGCThread "G1 Refine#0" terminated
  0x00000229f7d2ca10 ConcurrentGCThread "G1 Refine#1" terminated
  0x00000229f0197c40 ConcurrentGCThread "G1 Refine#2" terminated
  0x00000229ee640e40 ConcurrentGCThread "G1 Refine#3" terminated
  0x00000229a7d82a10 ConcurrentGCThread "G1 Service" terminated

Threads with active compile tasks:

VM state: at safepoint (shutting down)

VM Mutex/Monitor currently owned by a thread:  ([mutex/lock_event])
[0x0000022988498680] Threads_lock - owner thread: 0x00000229a7ec1280
[0x0000022988499760] Heap_lock - owner thread: 0x00000229f0427590

Heap address: 0x0000000091000000, size: 1776 MB, Compressed Oops mode: 32-bit

CDS archive(s) mapped at: [0x00000229a8000000-0x00000229a8bb0000-0x00000229a8bb0000), size 12255232, SharedBaseAddress: 0x00000229a8000000, ArchiveRelocationMode: 1.
Compressed class space mapped at: 0x00000229a9000000-0x00000229e9000000, reserved size: 1073741824
Narrow klass base: 0x00000229a8000000, Narrow klass shift: 0, Narrow klass range: 0x100000000

GC Precious Log:
 CPUs: 8 total, 8 available
 Memory: 7103M
 Large Page Support: Disabled
 NUMA Support: Disabled
 Compressed Oops: Enabled (32-bit)
 Heap Region Size: 1M
 Heap Min Capacity: 8M
 Heap Initial Capacity: 112M
 Heap Max Capacity: 1776M
 Pre-touch: Disabled
 Parallel Workers: 8
 Concurrent Workers: 2
 Concurrent Refinement Workers: 8
 Periodic GC: Disabled

Heap:
 garbage-first heap   total 114688K, used 65575K [0x0000000091000000, 0x0000000100000000)
  region size 1024K, 21 young (21504K), 4 survivors (4096K)
 Metaspace       used 23353K, committed 23744K, reserved 1114112K
  class space    used 3233K, committed 3456K, reserved 1048576K

Heap Regions: E=young(eden), S=young(survivor), O=old, HS=humongous(starts), HC=humongous(continues), CS=collection set, F=free, OA=open archive, CA=closed archive, TAMS=top-at-mark-start (previous, next)
|   0|0x0000000091000000, 0x0000000091100000, 0x0000000091100000|100%|HS|  |TAMS 0x0000000091100000, 0x0000000091000000| Complete 
|   1|0x0000000091100000, 0x0000000091200000, 0x0000000091200000|100%|HS|  |TAMS 0x0000000091200000, 0x0000000091100000| Complete 
|   2|0x0000000091200000, 0x0000000091300000, 0x0000000091300000|100%|HS|  |TAMS 0x0000000091300000, 0x0000000091200000| Complete 
|   3|0x0000000091300000, 0x0000000091400000, 0x0000000091400000|100%| O|  |TAMS 0x0000000091400000, 0x0000000091300000| Untracked 
|   4|0x0000000091400000, 0x0000000091500000, 0x0000000091500000|100%| O|  |TAMS 0x0000000091500000, 0x0000000091400000| Untracked 
|   5|0x0000000091500000, 0x0000000091600000, 0x0000000091600000|100%| O|  |TAMS 0x00000000915cf800, 0x0000000091500000| Untracked 
|   6|0x0000000091600000, 0x0000000091700000, 0x0000000091700000|100%|HS|  |TAMS 0x0000000091700000, 0x0000000091600000| Complete 
|   7|0x0000000091700000, 0x0000000091800000, 0x0000000091800000|100%|HC|  |TAMS 0x0000000091800000, 0x0000000091700000| Complete 
|   8|0x0000000091800000, 0x0000000091900000, 0x0000000091900000|100%|HC|  |TAMS 0x0000000091900000, 0x0000000091800000| Complete 
|   9|0x0000000091900000, 0x0000000091a00000, 0x0000000091a00000|100%|HC|  |TAMS 0x0000000091a00000, 0x0000000091900000| Complete 
|  10|0x0000000091a00000, 0x0000000091b00000, 0x0000000091b00000|100%|HC|  |TAMS 0x0000000091b00000, 0x0000000091a00000| Complete 
|  11|0x0000000091b00000, 0x0000000091c00000, 0x0000000091c00000|100%|HC|  |TAMS 0x0000000091c00000, 0x0000000091b00000| Complete 
|  12|0x0000000091c00000, 0x0000000091d00000, 0x0000000091d00000|100%|HC|  |TAMS 0x0000000091d00000, 0x0000000091c00000| Complete 
|  13|0x0000000091d00000, 0x0000000091e00000, 0x0000000091e00000|100%|HC|  |TAMS 0x0000000091e00000, 0x0000000091d00000| Complete 
|  14|0x0000000091e00000, 0x0000000091f00000, 0x0000000091f00000|100%|HC|  |TAMS 0x0000000091f00000, 0x0000000091e00000| Complete 
|  15|0x0000000091f00000, 0x0000000092000000, 0x0000000092000000|100%|HC|  |TAMS 0x0000000092000000, 0x0000000091f00000| Complete 
|  16|0x0000000092000000, 0x0000000092100000, 0x0000000092100000|100%|HC|  |TAMS 0x0000000092100000, 0x0000000092000000| Complete 
|  17|0x0000000092100000, 0x0000000092200000, 0x0000000092200000|100%|HC|  |TAMS 0x0000000092200000, 0x0000000092100000| Complete 
|  18|0x0000000092200000, 0x0000000092300000, 0x0000000092300000|100%|HC|  |TAMS 0x0000000092300000, 0x0000000092200000| Complete 
|  19|0x0000000092300000, 0x0000000092400000, 0x0000000092400000|100%|HS|  |TAMS 0x0000000092300000, 0x0000000092300000| Complete 
|  20|0x0000000092400000, 0x0000000092500000, 0x0000000092500000|100%|HS|  |TAMS 0x0000000092500000, 0x0000000092400000| Complete 
|  21|0x0000000092500000, 0x0000000092600000, 0x0000000092600000|100%|HC|  |TAMS 0x0000000092600000, 0x0000000092500000| Complete 
|  22|0x0000000092600000, 0x0000000092700000, 0x0000000092700000|100%|HS|  |TAMS 0x0000000092700000, 0x0000000092600000| Complete 
|  23|0x0000000092700000, 0x0000000092800000, 0x0000000092800000|100%|HS|  |TAMS 0x0000000092700000, 0x0000000092700000| Complete 
|  24|0x0000000092800000, 0x0000000092900000, 0x0000000092900000|100%| O|  |TAMS 0x0000000092800000, 0x0000000092800000| Untracked 
|  25|0x0000000092900000, 0x0000000092a00000, 0x0000000092a00000|100%| O|  |TAMS 0x0000000092900000, 0x0000000092900000| Untracked 
|  26|0x0000000092a00000, 0x0000000092b00000, 0x0000000092b00000|100%|HS|  |TAMS 0x0000000092a00000, 0x0000000092a00000| Complete 
|  27|0x0000000092b00000, 0x0000000092c00000, 0x0000000092c00000|100%|HS|  |TAMS 0x0000000092b00000, 0x0000000092b00000| Complete 
|  28|0x0000000092c00000, 0x0000000092d00000, 0x0000000092d00000|100%|HS|  |TAMS 0x0000000092c00000, 0x0000000092c00000| Complete 
|  29|0x0000000092d00000, 0x0000000092d00000, 0x0000000092e00000|  0%| F|  |TAMS 0x0000000092d00000, 0x0000000092d00000| Untracked 
|  30|0x0000000092e00000, 0x0000000092e00000, 0x0000000092f00000|  0%| F|  |TAMS 0x0000000092e00000, 0x0000000092e00000| Untracked 
|  31|0x0000000092f00000, 0x0000000092f00000, 0x0000000093000000|  0%| F|  |TAMS 0x0000000092f00000, 0x0000000092f00000| Untracked 
|  32|0x0000000093000000, 0x0000000093100000, 0x0000000093100000|100%|HS|  |TAMS 0x0000000093000000, 0x0000000093000000| Complete 
|  33|0x0000000093100000, 0x0000000093200000, 0x0000000093200000|100%|HS|  |TAMS 0x0000000093100000, 0x0000000093100000| Complete 
|  34|0x0000000093200000, 0x0000000093300000, 0x0000000093300000|100%| O|  |TAMS 0x0000000093200000, 0x0000000093200000| Untracked 
|  35|0x0000000093300000, 0x0000000093400000, 0x0000000093400000|100%| O|  |TAMS 0x0000000093300000, 0x0000000093300000| Untracked 
|  36|0x0000000093400000, 0x0000000093500000, 0x0000000093500000|100%| O|  |TAMS 0x0000000093400000, 0x0000000093400000| Untracked 
|  37|0x0000000093500000, 0x0000000093600000, 0x0000000093600000|100%| O|  |TAMS 0x0000000093500000, 0x0000000093500000| Untracked 
|  38|0x0000000093600000, 0x0000000093700000, 0x0000000093700000|100%| O|  |TAMS 0x0000000093600000, 0x0000000093600000| Untracked 
|  39|0x0000000093700000, 0x0000000093800000, 0x0000000093800000|100%| O|  |TAMS 0x0000000093700000, 0x0000000093700000| Untracked 
|  40|0x0000000093800000, 0x0000000093800000, 0x0000000093900000|  0%| F|  |TAMS 0x0000000093800000, 0x0000000093800000| Untracked 
|  41|0x0000000093900000, 0x0000000093a00000, 0x0000000093a00000|100%| O|  |TAMS 0x0000000093900000, 0x0000000093900000| Untracked 
|  42|0x0000000093a00000, 0x0000000093b00000, 0x0000000093b00000|100%| O|  |TAMS 0x0000000093a00000, 0x0000000093a00000| Untracked 
|  43|0x0000000093b00000, 0x0000000093c00000, 0x0000000093c00000|100%| O|  |TAMS 0x0000000093b00000, 0x0000000093b00000| Untracked 
|  44|0x0000000093c00000, 0x0000000093d00000, 0x0000000093d00000|100%| O|  |TAMS 0x0000000093c00000, 0x0000000093c00000| Untracked 
|  45|0x0000000093d00000, 0x0000000093d30e00, 0x0000000093e00000| 19%| O|  |TAMS 0x0000000093d00000, 0x0000000093d00000| Untracked 
|  46|0x0000000093e00000, 0x0000000093e00000, 0x0000000093f00000|  0%| F|  |TAMS 0x0000000093e00000, 0x0000000093e00000| Untracked 
|  47|0x0000000093f00000, 0x0000000093f00000, 0x0000000094000000|  0%| F|  |TAMS 0x0000000093f00000, 0x0000000093f00000| Untracked 
|  48|0x0000000094000000, 0x0000000094000000, 0x0000000094100000|  0%| F|  |TAMS 0x0000000094000000, 0x0000000094000000| Untracked 
|  49|0x0000000094100000, 0x0000000094200000, 0x0000000094200000|100%| O|  |TAMS 0x0000000094100000, 0x0000000094100000| Untracked 
|  50|0x0000000094200000, 0x0000000094300000, 0x0000000094300000|100%| O|  |TAMS 0x0000000094200000, 0x0000000094200000| Untracked 
|  51|0x0000000094300000, 0x0000000094400000, 0x0000000094400000|100%| O|  |TAMS 0x0000000094300000, 0x0000000094300000| Untracked 
|  52|0x0000000094400000, 0x0000000094400000, 0x0000000094500000|  0%| F|  |TAMS 0x0000000094400000, 0x0000000094400000| Untracked 
|  53|0x0000000094500000, 0x0000000094500000, 0x0000000094600000|  0%| F|  |TAMS 0x0000000094500000, 0x0000000094500000| Untracked 
|  54|0x0000000094600000, 0x0000000094600000, 0x0000000094700000|  0%| F|  |TAMS 0x0000000094600000, 0x0000000094600000| Untracked 
|  55|0x0000000094700000, 0x0000000094700000, 0x0000000094800000|  0%| F|  |TAMS 0x0000000094700000, 0x0000000094700000| Untracked 
|  56|0x0000000094800000, 0x0000000094800000, 0x0000000094900000|  0%| F|  |TAMS 0x0000000094800000, 0x0000000094800000| Untracked 
|  57|0x0000000094900000, 0x0000000094900000, 0x0000000094a00000|  0%| F|  |TAMS 0x0000000094900000, 0x0000000094900000| Untracked 
|  58|0x0000000094a00000, 0x0000000094a00000, 0x0000000094b00000|  0%| F|  |TAMS 0x0000000094a00000, 0x0000000094a00000| Untracked 
|  59|0x0000000094b00000, 0x0000000094b00000, 0x0000000094c00000|  0%| F|  |TAMS 0x0000000094b00000, 0x0000000094b00000| Untracked 
|  60|0x0000000094c00000, 0x0000000094c00000, 0x0000000094d00000|  0%| F|  |TAMS 0x0000000094c00000, 0x0000000094c00000| Untracked 
|  61|0x0000000094d00000, 0x0000000094d00000, 0x0000000094e00000|  0%| F|  |TAMS 0x0000000094d00000, 0x0000000094d00000| Untracked 
|  62|0x0000000094e00000, 0x0000000094e00000, 0x0000000094f00000|  0%| F|  |TAMS 0x0000000094e00000, 0x0000000094e00000| Untracked 
|  63|0x0000000094f00000, 0x0000000094f00000, 0x0000000095000000|  0%| F|  |TAMS 0x0000000094f00000, 0x0000000094f00000| Untracked 
|  64|0x0000000095000000, 0x0000000095000000, 0x0000000095100000|  0%| F|  |TAMS 0x0000000095000000, 0x0000000095000000| Untracked 
|  65|0x0000000095100000, 0x0000000095100000, 0x0000000095200000|  0%| F|  |TAMS 0x0000000095100000, 0x0000000095100000| Untracked 
|  66|0x0000000095200000, 0x0000000095200000, 0x0000000095300000|  0%| F|  |TAMS 0x0000000095200000, 0x0000000095200000| Untracked 
|  67|0x0000000095300000, 0x00000000953d8f30, 0x0000000095400000| 84%| S|CS|TAMS 0x0000000095300000, 0x0000000095300000| Complete 
|  68|0x0000000095400000, 0x0000000095500000, 0x0000000095500000|100%| S|CS|TAMS 0x0000000095400000, 0x0000000095400000| Complete 
|  69|0x0000000095500000, 0x0000000095600000, 0x0000000095600000|100%| S|CS|TAMS 0x0000000095500000, 0x0000000095500000| Complete 
|  70|0x0000000095600000, 0x0000000095700000, 0x0000000095700000|100%| S|CS|TAMS 0x0000000095600000, 0x0000000095600000| Complete 
|  71|0x0000000095700000, 0x0000000095700000, 0x0000000095800000|  0%| F|  |TAMS 0x0000000095700000, 0x0000000095700000| Untracked 
|  72|0x0000000095800000, 0x0000000095800000, 0x0000000095900000|  0%| F|  |TAMS 0x0000000095800000, 0x0000000095800000| Untracked 
|  73|0x0000000095900000, 0x0000000095900000, 0x0000000095a00000|  0%| F|  |TAMS 0x0000000095900000, 0x0000000095900000| Untracked 
|  74|0x0000000095a00000, 0x0000000095a00000, 0x0000000095b00000|  0%| F|  |TAMS 0x0000000095a00000, 0x0000000095a00000| Untracked 
|  75|0x0000000095b00000, 0x0000000095b00000, 0x0000000095c00000|  0%| F|  |TAMS 0x0000000095b00000, 0x0000000095b00000| Untracked 
|  76|0x0000000095c00000, 0x0000000095c00000, 0x0000000095d00000|  0%| F|  |TAMS 0x0000000095c00000, 0x0000000095c00000| Untracked 
|  77|0x0000000095d00000, 0x0000000095d00000, 0x0000000095e00000|  0%| F|  |TAMS 0x0000000095d00000, 0x0000000095d00000| Untracked 
|  78|0x0000000095e00000, 0x0000000095e00000, 0x0000000095f00000|  0%| F|  |TAMS 0x0000000095e00000, 0x0000000095e00000| Untracked 
|  79|0x0000000095f00000, 0x0000000095f00000, 0x0000000096000000|  0%| F|  |TAMS 0x0000000095f00000, 0x0000000095f00000| Untracked 
|  80|0x0000000096000000, 0x0000000096000000, 0x0000000096100000|  0%| F|  |TAMS 0x0000000096000000, 0x0000000096000000| Untracked 
|  81|0x0000000096100000, 0x0000000096100000, 0x0000000096200000|  0%| F|  |TAMS 0x0000000096100000, 0x0000000096100000| Untracked 
|  82|0x0000000096200000, 0x0000000096200000, 0x0000000096300000|  0%| F|  |TAMS 0x0000000096200000, 0x0000000096200000| Untracked 
|  83|0x0000000096300000, 0x0000000096300000, 0x0000000096400000|  0%| F|  |TAMS 0x0000000096300000, 0x0000000096300000| Untracked 
|  84|0x0000000096400000, 0x0000000096400000, 0x0000000096500000|  0%| F|  |TAMS 0x0000000096400000, 0x0000000096400000| Untracked 
|  85|0x0000000096500000, 0x0000000096500000, 0x0000000096600000|  0%| F|  |TAMS 0x0000000096500000, 0x0000000096500000| Untracked 
|  86|0x0000000096600000, 0x0000000096600000, 0x0000000096700000|  0%| F|  |TAMS 0x0000000096600000, 0x0000000096600000| Untracked 
|  87|0x0000000096700000, 0x0000000096700000, 0x0000000096800000|  0%| F|  |TAMS 0x0000000096700000, 0x0000000096700000| Untracked 
|  88|0x0000000096800000, 0x0000000096800000, 0x0000000096900000|  0%| F|  |TAMS 0x0000000096800000, 0x0000000096800000| Untracked 
|  89|0x0000000096900000, 0x0000000096900000, 0x0000000096a00000|  0%| F|  |TAMS 0x0000000096900000, 0x0000000096900000| Untracked 
|  90|0x0000000096a00000, 0x0000000096a00000, 0x0000000096b00000|  0%| F|  |TAMS 0x0000000096a00000, 0x0000000096a00000| Untracked 
|  91|0x0000000096b00000, 0x0000000096b00000, 0x0000000096c00000|  0%| F|  |TAMS 0x0000000096b00000, 0x0000000096b00000| Untracked 
|  92|0x0000000096c00000, 0x0000000096c00000, 0x0000000096d00000|  0%| F|  |TAMS 0x0000000096c00000, 0x0000000096c00000| Untracked 
|  93|0x0000000096d00000, 0x0000000096d00000, 0x0000000096e00000|  0%| F|  |TAMS 0x0000000096d00000, 0x0000000096d00000| Untracked 
|  94|0x0000000096e00000, 0x0000000096e00000, 0x0000000096f00000|  0%| F|  |TAMS 0x0000000096e00000, 0x0000000096e00000| Untracked 
|  95|0x0000000096f00000, 0x0000000096fe3dc8, 0x0000000097000000| 89%| E|  |TAMS 0x0000000096f00000, 0x0000000096f00000| Complete 
|  96|0x0000000097000000, 0x0000000097100000, 0x0000000097100000|100%| E|CS|TAMS 0x0000000097000000, 0x0000000097000000| Complete 
|  97|0x0000000097100000, 0x0000000097200000, 0x0000000097200000|100%| E|CS|TAMS 0x0000000097100000, 0x0000000097100000| Complete 
|  98|0x0000000097200000, 0x0000000097300000, 0x0000000097300000|100%| E|CS|TAMS 0x0000000097200000, 0x0000000097200000| Complete 
|  99|0x0000000097300000, 0x0000000097400000, 0x0000000097400000|100%| E|CS|TAMS 0x0000000097300000, 0x0000000097300000| Complete 
| 100|0x0000000097400000, 0x0000000097500000, 0x0000000097500000|100%| E|CS|TAMS 0x0000000097400000, 0x0000000097400000| Complete 
| 101|0x0000000097500000, 0x0000000097600000, 0x0000000097600000|100%| E|CS|TAMS 0x0000000097500000, 0x0000000097500000| Complete 
| 102|0x0000000097600000, 0x0000000097700000, 0x0000000097700000|100%| E|CS|TAMS 0x0000000097600000, 0x0000000097600000| Complete 
| 103|0x0000000097700000, 0x0000000097800000, 0x0000000097800000|100%| E|CS|TAMS 0x0000000097700000, 0x0000000097700000| Complete 
| 104|0x0000000097800000, 0x0000000097900000, 0x0000000097900000|100%| E|CS|TAMS 0x0000000097800000, 0x0000000097800000| Complete 
| 105|0x0000000097900000, 0x0000000097a00000, 0x0000000097a00000|100%| E|CS|TAMS 0x0000000097900000, 0x0000000097900000| Complete 
| 106|0x0000000097a00000, 0x0000000097b00000, 0x0000000097b00000|100%| E|CS|TAMS 0x0000000097a00000, 0x0000000097a00000| Complete 
| 107|0x0000000097b00000, 0x0000000097c00000, 0x0000000097c00000|100%| E|CS|TAMS 0x0000000097b00000, 0x0000000097b00000| Complete 
| 108|0x0000000097c00000, 0x0000000097d00000, 0x0000000097d00000|100%| E|CS|TAMS 0x0000000097c00000, 0x0000000097c00000| Complete 
| 109|0x0000000097d00000, 0x0000000097e00000, 0x0000000097e00000|100%| E|CS|TAMS 0x0000000097d00000, 0x0000000097d00000| Complete 
| 110|0x0000000097e00000, 0x0000000097f00000, 0x0000000097f00000|100%| E|CS|TAMS 0x0000000097e00000, 0x0000000097e00000| Complete 
| 111|0x0000000097f00000, 0x0000000098000000, 0x0000000098000000|100%| E|CS|TAMS 0x0000000097f00000, 0x0000000097f00000| Complete 

Card table byte_map: [0x00000229a15c0000,0x00000229a1940000] _byte_map_base: 0x00000229a1138000

Marking Bits (Prev, Next): (CMBitMap*) 0x00000229884f4870, (CMBitMap*) 0x00000229884f4830
 Prev Bits: [0x00000229a3880000, 0x00000229a5440000)
 Next Bits: [0x00000229a1cc0000, 0x00000229a3880000)

Polling page: 0x0000022988550000

Metaspace:

Usage:
  Non-class:     19.65 MB used.
      Class:      3.16 MB used.
       Both:     22.81 MB used.

Virtual space:
  Non-class space:       64.00 MB reserved,      19.81 MB ( 31%) committed,  1 nodes.
      Class space:        1.00 GB reserved,       3.38 MB ( <1%) committed,  1 nodes.
             Both:        1.06 GB reserved,      23.19 MB (  2%) committed. 

Chunk freelists:
   Non-Class:  12.19 MB
       Class:  12.47 MB
        Both:  24.66 MB

MaxMetaspaceSize: unlimited
CompressedClassSpaceSize: 1.00 GB
Initial GC threshold: 21.00 MB
Current GC threshold: 35.25 MB
CDS: on
MetaspaceReclaimPolicy: balanced
 - commit_granule_bytes: 65536.
 - commit_granule_words: 8192.
 - virtual_space_node_default_size: 8388608.
 - enlarge_chunks_in_place: 1.
 - new_chunks_are_fully_committed: 0.
 - uncommit_free_chunks: 1.
 - use_allocation_guard: 0.
 - handle_deallocations: 1.


Internal statistics:

num_allocs_failed_limit: 3.
num_arena_births: 490.
num_arena_deaths: 0.
num_vsnodes_births: 2.
num_vsnodes_deaths: 0.
num_space_committed: 371.
num_space_uncommitted: 0.
num_chunks_returned_to_freelist: 3.
num_chunks_taken_from_freelist: 1396.
num_chunk_merges: 3.
num_chunk_splits: 915.
num_chunks_enlarged: 610.
num_inconsistent_stats: 0.

CodeHeap 'non-profiled nmethods': size=120000Kb used=5167Kb max_used=5167Kb free=114832Kb
 bounds [0x00000229992a0000, 0x00000229997b0000, 0x00000229a07d0000]
CodeHeap 'profiled nmethods': size=120000Kb used=14315Kb max_used=14315Kb free=105684Kb
 bounds [0x00000229917d0000, 0x00000229925d0000, 0x0000022998d00000]
CodeHeap 'non-nmethods': size=5760Kb used=1535Kb max_used=1602Kb free=4224Kb
 bounds [0x0000022998d00000, 0x0000022998f70000, 0x00000229992a0000]
 total_blobs=7332 nmethods=6497 adapters=746
 compilation: enabled
              stopped_count=0, restarted_count=0
 full_count=0

Compilation events (20 events):
Event: 111.291 Thread 0x00000229a7eeee40 nmethod 7252 0x00000229925c5790 code [0x00000229925c59e0, 0x00000229925c61c8]
Event: 111.291 Thread 0x00000229a7eeee40 7253       3       javafx.scene.control.SelectionModel::selectedIndexProperty (8 bytes)
Event: 111.292 Thread 0x00000229a7eeee40 nmethod 7253 0x00000229925c6510 code [0x00000229925c66e0, 0x00000229925c6c78]
Event: 111.297 Thread 0x00000229a7eeee40 7254       3       javafx.scene.control.skin.VirtualFlow::getCellIndex (5 bytes)
Event: 111.298 Thread 0x00000229a7eeee40 nmethod 7254 0x00000229925c6e90 code [0x00000229925c7040, 0x00000229925c73c8]
Event: 111.299 Thread 0x00000229a7eeee40 7255       3       com.sun.scenario.effect.impl.state.GaussianRenderState::getPassKernelSize (14 bytes)
Event: 111.299 Thread 0x00000229a7eeee40 nmethod 7255 0x00000229925c7510 code [0x00000229925c76c0, 0x00000229925c7888]
Event: 111.301 Thread 0x00000229a7eeee40 7256       3       com.sun.javafx.sg.prism.NGNode$EffectDirtyBoundsHelper::getDirtyRegions (16 bytes)
Event: 111.302 Thread 0x00000229a7eeee40 nmethod 7256 0x00000229925c7990 code [0x00000229925c7b40, 0x00000229925c7cd8]
Event: 111.421 Thread 0x00000229a7ee47a0 nmethod 7250 0x00000229997a4d10 code [0x00000229997a5060, 0x00000229997a96f0]
Event: 111.422 Thread 0x00000229a7ee47a0 7257       4       com.sun.glass.ui.View::getWindow (8 bytes)
Event: 111.422 Thread 0x00000229a7ee47a0 nmethod 7257 0x00000229997ab510 code [0x00000229997ab680, 0x00000229997ab738]
Event: 111.856 Thread 0x00000229a7ee47a0 7258       4       javafx.scene.Node::resizeRelocate (15 bytes)
Event: 111.857 Thread 0x00000229a7ee47a0 nmethod 7258 0x00000229997ab810 code [0x00000229997ab9a0, 0x00000229997aba88]
Event: 112.363 Thread 0x00000229a7eeee40 7259       3       java.io.DataOutputStream::writeUTF (411 bytes)
Event: 112.366 Thread 0x00000229a7eeee40 nmethod 7259 0x00000229925c7e10 code [0x00000229925c81c0, 0x00000229925ca048]
Event: 287.625 Thread 0x00000229a7eeee40 7261       3       java.util.concurrent.ConcurrentHashMap$BaseIterator::<init> (21 bytes)
Event: 287.626 Thread 0x00000229a7eeee40 nmethod 7261 0x00000229925cac90 code [0x00000229925cae40, 0x00000229925cb058]
Event: 287.626 Thread 0x00000229a7eeee40 7262       3       java.util.concurrent.ConcurrentHashMap$Traverser::<init> (36 bytes)
Event: 287.626 Thread 0x00000229a7eeee40 nmethod 7262 0x00000229925cb110 code [0x00000229925cb2a0, 0x00000229925cb498]

GC Heap History (10 events):
Event: 1.055 GC heap before
{Heap before GC invocations=0 (full 0):
 garbage-first heap   total 114688K, used 22528K [0x0000000091000000, 0x0000000100000000)
  region size 1024K, 23 young (23552K), 0 survivors (0K)
 Metaspace       used 4576K, committed 4800K, reserved 1114112K
  class space    used 515K, committed 640K, reserved 1048576K
}
Event: 1.059 GC heap after
{Heap after GC invocations=1 (full 0):
 garbage-first heap   total 114688K, used 2986K [0x0000000091000000, 0x0000000100000000)
  region size 1024K, 3 young (3072K), 3 survivors (3072K)
 Metaspace       used 4576K, committed 4800K, reserved 1114112K
  class space    used 515K, committed 640K, reserved 1048576K
}
Event: 4.305 GC heap before
{Heap before GC invocations=1 (full 0):
 garbage-first heap   total 114688K, used 39850K [0x0000000091000000, 0x0000000100000000)
  region size 1024K, 36 young (36864K), 3 survivors (3072K)
 Metaspace       used 10762K, committed 11008K, reserved 1114112K
  class space    used 1427K, committed 1536K, reserved 1048576K
}
Event: 4.313 GC heap after
{Heap after GC invocations=2 (full 0):
 garbage-first heap   total 114688K, used 8259K [0x0000000091000000, 0x0000000100000000)
  region size 1024K, 4 young (4096K), 4 survivors (4096K)
 Metaspace       used 10762K, committed 11008K, reserved 1114112K
  class space    used 1427K, committed 1536K, reserved 1048576K
}
Event: 15.023 GC heap before
{Heap before GC invocations=2 (full 0):
 garbage-first heap   total 114688K, used 87107K [0x0000000091000000, 0x0000000100000000)
  region size 1024K, 63 young (64512K), 4 survivors (4096K)
 Metaspace       used 21236K, committed 21504K, reserved 1114112K
  class space    used 3076K, committed 3264K, reserved 1048576K
}
Event: 15.038 GC heap after
{Heap after GC invocations=3 (full 0):
 garbage-first heap   total 114688K, used 33354K [0x0000000091000000, 0x0000000100000000)
  region size 1024K, 9 young (9216K), 9 survivors (9216K)
 Metaspace       used 21236K, committed 21504K, reserved 1114112K
  class space    used 3076K, committed 3264K, reserved 1048576K
}
Event: 61.969 GC heap before
{Heap before GC invocations=4 (full 0):
 garbage-first heap   total 114688K, used 90698K [0x0000000091000000, 0x0000000100000000)
  region size 1024K, 55 young (56320K), 9 survivors (9216K)
 Metaspace       used 22690K, committed 23040K, reserved 1114112K
  class space    used 3215K, committed 3392K, reserved 1048576K
}
Event: 61.987 GC heap after
{Heap after GC invocations=5 (full 0):
 garbage-first heap   total 114688K, used 42299K [0x0000000091000000, 0x0000000100000000)
  region size 1024K, 6 young (6144K), 6 survivors (6144K)
 Metaspace       used 22690K, committed 23040K, reserved 1114112K
  class space    used 3215K, committed 3392K, reserved 1048576K
}
Event: 105.384 GC heap before
{Heap before GC invocations=5 (full 0):
 garbage-first heap   total 114688K, used 91451K [0x0000000091000000, 0x0000000100000000)
  region size 1024K, 47 young (48128K), 6 survivors (6144K)
 Metaspace       used 23283K, committed 23744K, reserved 1114112K
  class space    used 3231K, committed 3456K, reserved 1048576K
}
Event: 105.391 GC heap after
{Heap after GC invocations=6 (full 0):
 garbage-first heap   total 114688K, used 47143K [0x0000000091000000, 0x0000000100000000)
  region size 1024K, 4 young (4096K), 4 survivors (4096K)
 Metaspace       used 23283K, committed 23744K, reserved 1114112K
  class space    used 3231K, committed 3456K, reserved 1048576K
}

Dll operation events (20 events):
Event: 0.654 Loaded shared library D:\Proyecto Terminal\openjfx-22.0.1_windows-x64_bin-sdk\javafx-sdk-22.0.1\bin\api-ms-win-crt-math-l1-1-0.dll
Event: 0.656 Loaded shared library D:\Proyecto Terminal\openjfx-22.0.1_windows-x64_bin-sdk\javafx-sdk-22.0.1\bin\api-ms-win-crt-multibyte-l1-1-0.dll
Event: 0.658 Loaded shared library D:\Proyecto Terminal\openjfx-22.0.1_windows-x64_bin-sdk\javafx-sdk-22.0.1\bin\api-ms-win-crt-private-l1-1-0.dll
Event: 0.660 Loaded shared library D:\Proyecto Terminal\openjfx-22.0.1_windows-x64_bin-sdk\javafx-sdk-22.0.1\bin\api-ms-win-crt-process-l1-1-0.dll
Event: 0.663 Loaded shared library D:\Proyecto Terminal\openjfx-22.0.1_windows-x64_bin-sdk\javafx-sdk-22.0.1\bin\api-ms-win-crt-runtime-l1-1-0.dll
Event: 0.665 Loaded shared library D:\Proyecto Terminal\openjfx-22.0.1_windows-x64_bin-sdk\javafx-sdk-22.0.1\bin\api-ms-win-crt-stdio-l1-1-0.dll
Event: 0.668 Loaded shared library D:\Proyecto Terminal\openjfx-22.0.1_windows-x64_bin-sdk\javafx-sdk-22.0.1\bin\api-ms-win-crt-string-l1-1-0.dll
Event: 0.670 Loaded shared library D:\Proyecto Terminal\openjfx-22.0.1_windows-x64_bin-sdk\javafx-sdk-22.0.1\bin\api-ms-win-crt-time-l1-1-0.dll
Event: 0.672 Loaded shared library D:\Proyecto Terminal\openjfx-22.0.1_windows-x64_bin-sdk\javafx-sdk-22.0.1\bin\api-ms-win-crt-utility-l1-1-0.dll
Event: 0.675 Loaded shared library D:\Proyecto Terminal\openjfx-22.0.1_windows-x64_bin-sdk\javafx-sdk-22.0.1\bin\ucrtbase.dll
Event: 0.677 Loaded shared library D:\Proyecto Terminal\openjfx-22.0.1_windows-x64_bin-sdk\javafx-sdk-22.0.1\bin\vcruntime140.dll
Event: 0.679 Loaded shared library D:\Proyecto Terminal\openjfx-22.0.1_windows-x64_bin-sdk\javafx-sdk-22.0.1\bin\vcruntime140_1.dll
Event: 0.681 Loaded shared library D:\Proyecto Terminal\openjfx-22.0.1_windows-x64_bin-sdk\javafx-sdk-22.0.1\bin\msvcp140.dll
Event: 0.683 Loaded shared library D:\Proyecto Terminal\openjfx-22.0.1_windows-x64_bin-sdk\javafx-sdk-22.0.1\bin\msvcp140_1.dll
Event: 0.685 Loaded shared library D:\Proyecto Terminal\openjfx-22.0.1_windows-x64_bin-sdk\javafx-sdk-22.0.1\bin\msvcp140_2.dll
Event: 0.759 Loaded shared library D:\Proyecto Terminal\openjfx-22.0.1_windows-x64_bin-sdk\javafx-sdk-22.0.1\bin\prism_d3d.dll
Event: 0.822 Loaded shared library D:\Proyecto Terminal\openjfx-22.0.1_windows-x64_bin-sdk\javafx-sdk-22.0.1\bin\glass.dll
Event: 1.007 Loaded shared library C:\Users\diego\.jdks\corretto-17.0.13\bin\jimage.dll
Event: 1.934 Loaded shared library D:\Proyecto Terminal\openjfx-22.0.1_windows-x64_bin-sdk\javafx-sdk-22.0.1\bin\javafx_font.dll
Event: 6.244 Loaded shared library D:\Proyecto Terminal\openjfx-22.0.1_windows-x64_bin-sdk\javafx-sdk-22.0.1\bin\javafx_iio.dll

Deoptimization events (20 events):
Event: 109.349 Thread 0x00000229ee7139e0 DEOPT PACKING pc=0x0000022991991c3c sp=0x000000bee0dfc6c0
Event: 109.349 Thread 0x00000229ee7139e0 DEOPT UNPACKING pc=0x0000022998d57143 sp=0x000000bee0dfbca8 mode 1
Event: 109.349 Thread 0x00000229ee7139e0 DEOPT PACKING pc=0x000002299199cf5c sp=0x000000bee0dfc8b0
Event: 109.349 Thread 0x00000229ee7139e0 DEOPT UNPACKING pc=0x0000022998d57143 sp=0x000000bee0dfbd78 mode 1
Event: 109.352 Thread 0x00000229ee7139e0 DEOPT PACKING pc=0x0000022991991c3c sp=0x000000bee0dfc6c0
Event: 109.352 Thread 0x00000229ee7139e0 DEOPT UNPACKING pc=0x0000022998d57143 sp=0x000000bee0dfbca8 mode 1
Event: 109.352 Thread 0x00000229ee7139e0 DEOPT PACKING pc=0x000002299199cf5c sp=0x000000bee0dfc8b0
Event: 109.352 Thread 0x00000229ee7139e0 DEOPT UNPACKING pc=0x0000022998d57143 sp=0x000000bee0dfbd78 mode 1
Event: 287.623 Thread 0x00000229f04284c0 Uncommon trap: trap_request=0xffffff45 fr.pc=0x00000229995d23c4 relative=0x00000000000000c4
Event: 287.623 Thread 0x00000229f04284c0 Uncommon trap: reason=unstable_if action=reinterpret pc=0x00000229995d23c4 method=java.util.concurrent.locks.ReentrantLock$Sync.tryRelease(I)Z @ 26 c2
Event: 287.623 Thread 0x00000229f04284c0 DEOPT PACKING pc=0x00000229995d23c4 sp=0x000000bedefff000
Event: 287.623 Thread 0x00000229f04284c0 DEOPT UNPACKING pc=0x0000022998d569a3 sp=0x000000bedeffefb0 mode 2
Event: 287.624 Thread 0x00000229edd1ad20 DEOPT PACKING pc=0x0000022992143444 sp=0x000000bee09ff2d0
Event: 287.624 Thread 0x00000229edd1ad20 DEOPT UNPACKING pc=0x0000022998d57143 sp=0x000000bee09fe7f0 mode 1
Event: 287.624 Thread 0x00000229edd1ad20 DEOPT PACKING pc=0x00000229918f3064 sp=0x000000bee09ff3c0
Event: 287.624 Thread 0x00000229edd1ad20 DEOPT UNPACKING pc=0x0000022998d57143 sp=0x000000bee09fe908 mode 1
Event: 287.624 Thread 0x00000229edd1ad20 DEOPT PACKING pc=0x00000229923c24bc sp=0x000000bee09ff4d0
Event: 287.624 Thread 0x00000229edd1ad20 DEOPT UNPACKING pc=0x0000022998d57143 sp=0x000000bee09fe990 mode 1
Event: 287.626 Thread 0x00000229f04284c0 DEOPT PACKING pc=0x000002299941914c sp=0x000000bedefff360
Event: 287.626 Thread 0x00000229f04284c0 DEOPT UNPACKING pc=0x0000022998d57143 sp=0x000000bedeffe780 mode 1

Classes loaded (20 events):
Event: 61.952 Loading class javafx/scene/input/MouseEvent
Event: 61.952 Loading class javafx/scene/input/MouseEvent done
Event: 61.953 Loading class optiuam/bc/model/ElementoGrafico
Event: 61.953 Loading class optiuam/bc/model/ElementoGrafico done
Event: 61.953 Loading class optiuam/bc/model/ElementoGrafico
Event: 61.953 Loading class optiuam/bc/model/ElementoGrafico done
Event: 61.953 Loading class optiuam/bc/model/ElementoGrafico
Event: 61.953 Loading class optiuam/bc/model/ElementoGrafico done
Event: 61.953 Loading class optiuam/bc/model/ElementoGrafico
Event: 61.953 Loading class optiuam/bc/model/ElementoGrafico done
Event: 61.954 Loading class optiuam/bc/controller/VentanaEmpalmeController
Event: 61.954 Loading class optiuam/bc/controller/VentanaEmpalmeController done
Event: 61.954 Loading class optiuam/bc/model/ElementoGrafico
Event: 61.954 Loading class optiuam/bc/model/ElementoGrafico done
Event: 287.617 Loading class jdk/internal/misc/Signal$1
Event: 287.618 Loading class jdk/internal/misc/Signal$1 done
Event: 287.621 Loading class com/sun/javafx/tk/quantum/QuantumRenderer
Event: 287.621 Loading class com/sun/javafx/tk/quantum/QuantumRenderer done
Event: 287.624 Loading class com/sun/javafx/tk/quantum/QuantumToolkit
Event: 287.624 Loading class com/sun/javafx/tk/quantum/QuantumToolkit done

Classes unloaded (0 events):
No events

Classes redefined (0 events):
No events

Internal exceptions (20 events):
Event: 6.167 Thread 0x00000229ee7139e0 Exception <a 'java/lang/NoSuchMethodError'{0x0000000095e41ec8}: 'java.lang.Object java.lang.invoke.DirectMethodHandle$Holder.newInvokeSpecial(java.lang.Object, java.lang.Object, long)'> (0x0000000095e41ec8) 
thrown [s\src\hotspot\share\interpreter\linkResolver.cpp, line 759]
Event: 6.168 Thread 0x00000229ee7139e0 Exception <a 'java/lang/NoSuchMethodError'{0x0000000095e45a38}: 'java.lang.Object java.lang.invoke.Invokers$Holder.linkToTargetMethod(java.lang.Object, long, java.lang.Object)'> (0x0000000095e45a38) 
thrown [s\src\hotspot\share\interpreter\linkResolver.cpp, line 759]
Event: 6.438 Thread 0x00000229ee7139e0 Exception <a 'java/lang/ClassNotFoundException'{0x0000000095312a78}: com/sun/javafx/scene/control/skin/resources/controls> (0x0000000095312a78) 
thrown [s\src\hotspot\share\prims\jni.cpp, line 535]
Event: 6.439 Thread 0x00000229ee7139e0 Exception <a 'java/lang/ClassNotFoundException'{0x0000000095321428}: com/sun/javafx/scene/control/skin/resources/controls_es> (0x0000000095321428) 
thrown [s\src\hotspot\share\prims\jni.cpp, line 535]
Event: 6.440 Thread 0x00000229ee7139e0 Exception <a 'java/lang/ClassNotFoundException'{0x000000009532f608}: com/sun/javafx/scene/control/skin/resources/controls_es_MX> (0x000000009532f608) 
thrown [s\src\hotspot\share\prims\jni.cpp, line 535]
Event: 6.482 Thread 0x00000229ee7139e0 Exception <a 'java/lang/NoSuchMethodError'{0x00000000952bdaf0}: 'int java.lang.invoke.DirectMethodHandle$Holder.invokeSpecial(java.lang.Object, java.lang.Object, int)'> (0x00000000952bdaf0) 
thrown [s\src\hotspot\share\interpreter\linkResolver.cpp, line 759]
Event: 6.706 Thread 0x00000229ee7139e0 Exception <a 'java/lang/NoSuchMethodError'{0x0000000094ce14f0}: 'void java.lang.invoke.DirectMethodHandle$Holder.invokeVirtual(java.lang.Object, java.lang.Object)'> (0x0000000094ce14f0) 
thrown [s\src\hotspot\share\interpreter\linkResolver.cpp, line 759]
Event: 8.457 Thread 0x00000229ee7139e0 Exception <a 'java/lang/NoSuchMethodError'{0x000000009493db60}: 'java.lang.Object java.lang.invoke.DirectMethodHandle$Holder.newInvokeSpecial(java.lang.Object, java.lang.Object, int, int, int, int, int, java.lang.Object)'> (0x000000009493db60) 
thrown [s\src\hotspot\share\interpreter\linkResolver.cpp, line 759]
Event: 8.461 Thread 0x00000229ee7139e0 Exception <a 'java/lang/NoSuchMethodError'{0x0000000094951088}: 'java.lang.Object java.lang.invoke.DirectMethodHandle$Holder.newInvokeSpecial(java.lang.Object, java.lang.Object, java.lang.Object, int, int, int, int, int)'> (0x0000000094951088) 
thrown [s\src\hotspot\share\interpreter\linkResolver.cpp, line 759]
Event: 8.463 Thread 0x00000229ee7139e0 Exception <a 'java/lang/NoSuchMethodError'{0x00000000949590e0}: 'java.lang.Object java.lang.invoke.Invokers$Holder.linkToTargetMethod(java.lang.Object, java.lang.Object, int, int, int, int, int, java.lang.Object)'> (0x00000000949590e0) 
thrown [s\src\hotspot\share\interpreter\linkResolver.cpp, line 759]
Event: 30.203 Thread 0x00000229ee7139e0 Exception <a 'java/lang/NoSuchMethodError'{0x0000000096a9fef8}: 'java.lang.Object java.lang.invoke.DirectMethodHandle$Holder.invokeSpecial(java.lang.Object, java.lang.Object, long, java.lang.Object, int, int, java.lang.Object, int, java.lang.Object)'> (0x0000000096a9fef8) 
thrown [s\src\hotspot\share\interpreter\linkResolver.cpp, line 759]
Event: 30.210 Thread 0x00000229ee7139e0 Exception <a 'java/lang/NoSuchMethodError'{0x0000000096aa4158}: 'java.lang.Object java.lang.invoke.DelegatingMethodHandle$Holder.reinvoke_L(java.lang.Object, long, java.lang.Object, int, int, java.lang.Object, int, java.lang.Object)'> (0x0000000096aa4158) 
thrown [s\src\hotspot\share\interpreter\linkResolver.cpp, line 759]
Event: 30.256 Thread 0x00000229ee7139e0 Exception <a 'java/lang/NoSuchMethodError'{0x000000009693b840}: 'java.lang.Object java.lang.invoke.DelegatingMethodHandle$Holder.reinvoke_L(java.lang.Object, java.lang.Object, long, java.lang.Object, int, java.lang.Object, java.lang.Object, java.lang.Object, java.lang.Object, java.lang.Object, java.lang.Object, java.lang.Object, java.lang.Object, int, int)'> (0x000000009693b840) 
thrown [s\src\hotspot\share\interpreter\linkResolver.cpp, line 759]
Event: 30.311 Thread 0x00000229ee7139e0 Exception <a 'java/lang/NoSuchMethodError'{0x0000000096980798}: 'java.lang.Object java.lang.invoke.DirectMethodHandle$Holder.invokeSpecial(java.lang.Object, java.lang.Object, long, java.lang.Object, int, java.lang.Object, java.lang.Object, java.lang.Object, java.lang.Object, java.lang.Object, java.lang.Object, java.lang.Object, java.lang.Object, int, int)'> (0x0000000096980798) 
thrown [s\src\hotspot\share\interpreter\linkResolver.cpp, line 759]
Event: 30.312 Thread 0x00000229ee7139e0 Exception <a 'java/lang/NoSuchMethodError'{0x0000000096985350}: 'java.lang.Object java.lang.invoke.DelegatingMethodHandle$Holder.reinvoke_L(java.lang.Object, long, java.lang.Object, int, java.lang.Object, java.lang.Object, java.lang.Object, java.lang.Object, java.lang.Object, java.lang.Object, java.lang.Object, java.lang.Object, int, int)'> (0x0000000096985350) 
thrown [s\src\hotspot\share\interpreter\linkResolver.cpp, line 759]
Event: 56.441 Thread 0x00000229ee7139e0 Implicit null exception at 0x000002299947479c to 0x0000022999475434
Event: 62.037 Thread 0x00000229edd1ad20 Implicit null exception at 0x000002299935442c to 0x00000229993544ac
Event: 68.821 Thread 0x00000229ee7139e0 Exception <a 'java/lang/NoSuchMethodError'{0x00000000975c7780}: 'java.lang.Object java.lang.invoke.DirectMethodHandle$Holder.invokeSpecial(java.lang.Object, java.lang.Object, long, java.lang.Object, int, int, int, java.lang.Object, java.lang.Object, java.lang.Object, int)'> (0x00000000975c7780) 
thrown [s\src\hotspot\share\interpreter\linkResolver.cpp, line 759]
Event: 68.822 Thread 0x00000229ee7139e0 Exception <a 'java/lang/NoSuchMethodError'{0x00000000975cbcc0}: 'java.lang.Object java.lang.invoke.DelegatingMethodHandle$Holder.reinvoke_L(java.lang.Object, long, java.lang.Object, int, int, int, java.lang.Object, java.lang.Object, java.lang.Object, int)'> (0x00000000975cbcc0) 
thrown [s\src\hotspot\share\interpreter\linkResolver.cpp, line 759]
Event: 103.309 Thread 0x00000229edd1ad20 Implicit null exception at 0x00000229995d6d60 to 0x00000229995d99ac

VM Operations (20 events):
Event: 277.621 Executing VM operation: get/set locals done
Event: 277.621 Executing VM operation: get/set locals
Event: 277.621 Executing VM operation: get/set locals done
Event: 277.622 Executing VM operation: get/set locals
Event: 277.622 Executing VM operation: get/set locals done
Event: 287.518 Executing VM operation: ChangeBreakpoints
Event: 287.518 Executing VM operation: ChangeBreakpoints done
Event: 287.518 Executing VM operation: ChangeBreakpoints
Event: 287.518 Executing VM operation: ChangeBreakpoints done
Event: 287.518 Executing VM operation: ChangeBreakpoints
Event: 287.518 Executing VM operation: ChangeBreakpoints done
Event: 287.521 Executing VM operation: ChangeBreakpoints
Event: 287.521 Executing VM operation: ChangeBreakpoints done
Event: 287.522 Executing VM operation: ChangeBreakpoints
Event: 287.522 Executing VM operation: ChangeBreakpoints done
Event: 287.524 Executing VM operation: ChangeBreakpoints
Event: 287.524 Executing VM operation: ChangeBreakpoints done
Event: 287.524 Executing VM operation: ChangeBreakpoints
Event: 287.524 Executing VM operation: ChangeBreakpoints done
Event: 287.627 Executing VM operation: Exit

Memory protections (0 events):
No events

Nmethod flushes (20 events):
Event: 23.543 Thread 0x00000229a7ef3e20 flushing  nmethod 0x0000022991f4b090
Event: 23.543 Thread 0x00000229a7ef3e20 flushing  nmethod 0x0000022991f4ec90
Event: 23.543 Thread 0x00000229a7ef3e20 flushing  nmethod 0x0000022991f61210
Event: 23.543 Thread 0x00000229a7ef3e20 flushing  nmethod 0x0000022991f72010
Event: 23.543 Thread 0x00000229a7ef3e20 flushing  nmethod 0x0000022991f78490
Event: 23.543 Thread 0x00000229a7ef3e20 flushing osr nmethod 0x0000022991fa6110
Event: 23.543 Thread 0x00000229a7ef3e20 flushing osr nmethod 0x0000022991fb6090
Event: 23.543 Thread 0x00000229a7ef3e20 flushing  nmethod 0x0000022991fd9990
Event: 23.543 Thread 0x00000229a7ef3e20 flushing  nmethod 0x0000022992007810
Event: 23.544 Thread 0x00000229a7ef3e20 flushing  nmethod 0x0000022992065e90
Event: 23.544 Thread 0x00000229a7ef3e20 flushing  nmethod 0x00000229920a0210
Event: 23.544 Thread 0x00000229a7ef3e20 flushing  nmethod 0x00000229921abc10
Event: 23.544 Thread 0x00000229a7ef3e20 flushing osr nmethod 0x00000229921b8a90
Event: 23.544 Thread 0x00000229a7ef3e20 flushing osr nmethod 0x00000229921ebe90
Event: 23.544 Thread 0x00000229a7ef3e20 flushing  nmethod 0x00000229921f4910
Event: 23.544 Thread 0x00000229a7ef3e20 flushing  nmethod 0x0000022992218e10
Event: 23.544 Thread 0x00000229a7ef3e20 flushing  nmethod 0x0000022992219410
Event: 23.544 Thread 0x00000229a7ef3e20 flushing osr nmethod 0x000002299221ac10
Event: 23.545 Thread 0x00000229a7ef3e20 flushing  nmethod 0x0000022992230f90
Event: 92.121 Thread 0x00000229a7ef3e20 flushing  nmethod 0x0000022991d4d210

Events (20 events):
Event: 65.958 Thread 0x00000229a7eeee40 Thread added: 0x00000229ed14f440
Event: 66.967 Thread 0x00000229ed14f440 Thread exited: 0x00000229ed14f440
Event: 84.325 Thread 0x00000229a7eeee40 Thread added: 0x00000229ed14fee0
Event: 84.559 Thread 0x00000229ed14fee0 Thread exited: 0x00000229ed14fee0
Event: 91.984 Thread 0x00000229a7eeee40 Thread added: 0x00000229ed150430
Event: 93.072 Thread 0x00000229ed150430 Thread exited: 0x00000229ed150430
Event: 100.610 Thread 0x00000229a7eeee40 Thread added: 0x00000229ed14b9d0
Event: 100.619 Thread 0x00000229ed14b9d0 Thread added: 0x00000229ed14f440
Event: 100.882 Thread 0x00000229ed14f440 Thread exited: 0x00000229ed14f440
Event: 100.882 Thread 0x00000229ed14b9d0 Thread exited: 0x00000229ed14b9d0
Event: 105.456 Thread 0x00000229a7eeee40 Thread added: 0x00000229ed14d460
Event: 105.924 Thread 0x00000229ed14d460 Thread exited: 0x00000229ed14d460
Event: 287.516 Thread 0x00000229edd69040 Thread exited: 0x00000229edd69040
Event: 287.537 Thread 0x00000229ed35b7b0 Thread exited: 0x00000229ed35b7b0
Event: 287.619 Thread 0x00000229a7edbb10 Thread added: 0x00000229f0427590
Event: 287.620 Thread 0x00000229f0427590 Thread added: 0x00000229f04284c0
Event: 287.620 Thread 0x00000229f0427590 Thread added: 0x00000229f0426150
Event: 287.621 Thread 0x00000229f0426150 Thread exited: 0x00000229f0426150
Event: 287.627 Thread 0x00000229f04284c0 Thread exited: 0x00000229f04284c0
Event: 287.627 Thread 0x00000229a7edbb10 Thread exited: 0x00000229a7edbb10


Dynamic libraries:
0x00007ff62fc30000 - 0x00007ff62fc3e000 	C:\Users\diego\.jdks\corretto-17.0.13\bin\java.exe
0x00007ff9e2630000 - 0x00007ff9e2847000 	C:\Windows\SYSTEM32\ntdll.dll
0x00007ff9e24c0000 - 0x00007ff9e2584000 	C:\Windows\System32\KERNEL32.DLL
0x00007ff9dfa50000 - 0x00007ff9dfe09000 	C:\Windows\System32\KERNELBASE.dll
0x00007ff9df930000 - 0x00007ff9dfa41000 	C:\Windows\System32\ucrtbase.dll
0x00007ff9da560000 - 0x00007ff9da577000 	C:\Users\diego\.jdks\corretto-17.0.13\bin\jli.dll
0x00007ff9da210000 - 0x00007ff9da22b000 	C:\Users\diego\.jdks\corretto-17.0.13\bin\VCRUNTIME140.dll
0x00007ff9e1790000 - 0x00007ff9e193e000 	C:\Windows\System32\USER32.dll
0x00007ff9dfff0000 - 0x00007ff9e0016000 	C:\Windows\System32\win32u.dll
0x00007ff9cd590000 - 0x00007ff9cd822000 	C:\Windows\WinSxS\amd64_microsoft.windows.common-controls_6595b64144ccf1df_6.0.22621.4391_none_2715d37f73803e96\COMCTL32.dll
0x00007ff9e1150000 - 0x00007ff9e1179000 	C:\Windows\System32\GDI32.dll
0x00007ff9e1b80000 - 0x00007ff9e1c27000 	C:\Windows\System32\msvcrt.dll
0x00007ff9dfed0000 - 0x00007ff9dffeb000 	C:\Windows\System32\gdi32full.dll
0x00007ff9e01c0000 - 0x00007ff9e025a000 	C:\Windows\System32\msvcp_win.dll
0x00007ff9e1af0000 - 0x00007ff9e1b21000 	C:\Windows\System32\IMM32.DLL
0x00007ff9da530000 - 0x00007ff9da53c000 	C:\Users\diego\.jdks\corretto-17.0.13\bin\vcruntime140_1.dll
0x00007ff9d8540000 - 0x00007ff9d85cd000 	C:\Users\diego\.jdks\corretto-17.0.13\bin\msvcp140.dll
0x00007ff97f150000 - 0x00007ff97fdbc000 	C:\Users\diego\.jdks\corretto-17.0.13\bin\server\jvm.dll
0x00007ff9e04b0000 - 0x00007ff9e0562000 	C:\Windows\System32\ADVAPI32.dll
0x00007ff9e0820000 - 0x00007ff9e08c7000 	C:\Windows\System32\sechost.dll
0x00007ff9e0020000 - 0x00007ff9e0048000 	C:\Windows\System32\bcrypt.dll
0x00007ff9e0960000 - 0x00007ff9e0a74000 	C:\Windows\System32\RPCRT4.dll
0x00007ff9e0f10000 - 0x00007ff9e0f81000 	C:\Windows\System32\WS2_32.dll
0x00007ff9dc2b0000 - 0x00007ff9dc2e4000 	C:\Windows\SYSTEM32\WINMM.dll
0x00007ff9d7050000 - 0x00007ff9d705a000 	C:\Windows\SYSTEM32\VERSION.dll
0x00007ff9df800000 - 0x00007ff9df84d000 	C:\Windows\SYSTEM32\POWRPROF.dll
0x00007ff9df7e0000 - 0x00007ff9df7f3000 	C:\Windows\SYSTEM32\UMPDC.dll
0x00007ff9de970000 - 0x00007ff9de988000 	C:\Windows\SYSTEM32\kernel.appcore.dll
0x00007ff9da470000 - 0x00007ff9da47a000 	C:\Users\diego\.jdks\corretto-17.0.13\bin\jimage.dll
0x00007ff9dcf40000 - 0x00007ff9dd172000 	C:\Windows\SYSTEM32\DBGHELP.DLL
0x00007ff9e1400000 - 0x00007ff9e178f000 	C:\Windows\System32\combase.dll
0x00007ff9e0740000 - 0x00007ff9e0817000 	C:\Windows\System32\OLEAUT32.dll
0x00007ff9c08d0000 - 0x00007ff9c0902000 	C:\Windows\SYSTEM32\dbgcore.DLL
0x00007ff9e0260000 - 0x00007ff9e02db000 	C:\Windows\System32\bcryptPrimitives.dll
0x00007ff9d1df0000 - 0x00007ff9d1e2b000 	C:\Users\diego\.jdks\corretto-17.0.13\bin\jdwp.dll
0x00007ff9da410000 - 0x00007ff9da41e000 	C:\Users\diego\.jdks\corretto-17.0.13\bin\instrument.dll
0x00007ff9d9630000 - 0x00007ff9d9655000 	C:\Users\diego\.jdks\corretto-17.0.13\bin\java.dll
0x00007ff9d1c10000 - 0x00007ff9d1c28000 	C:\Users\diego\.jdks\corretto-17.0.13\bin\zip.dll
0x00007ff9d0e50000 - 0x00007ff9d0f27000 	C:\Users\diego\.jdks\corretto-17.0.13\bin\jsvml.dll
0x00007ff9e1c30000 - 0x00007ff9e24a6000 	C:\Windows\System32\SHELL32.dll
0x00007ff9dd870000 - 0x00007ff9de173000 	C:\Windows\SYSTEM32\windows.storage.dll
0x00007ff9dd730000 - 0x00007ff9dd86f000 	C:\Windows\SYSTEM32\wintypes.dll
0x00007ff9e1200000 - 0x00007ff9e12f9000 	C:\Windows\System32\SHCORE.dll
0x00007ff9e10f0000 - 0x00007ff9e114e000 	C:\Windows\System32\shlwapi.dll
0x00007ff9df860000 - 0x00007ff9df88b000 	C:\Windows\SYSTEM32\profapi.dll
0x00007ff9d19f0000 - 0x00007ff9d1a09000 	C:\Users\diego\.jdks\corretto-17.0.13\bin\net.dll
0x00007ff9d8e40000 - 0x00007ff9d8f76000 	C:\Windows\SYSTEM32\WINHTTP.dll
0x00007ff9dedf0000 - 0x00007ff9dee59000 	C:\Windows\system32\mswsock.dll
0x00007ff9d19d0000 - 0x00007ff9d19e6000 	C:\Users\diego\.jdks\corretto-17.0.13\bin\nio.dll
0x00007ff9da200000 - 0x00007ff9da20c000 	C:\Users\diego\.jdks\corretto-17.0.13\bin\dt_socket.dll
0x00007ff9de420000 - 0x00007ff9de44d000 	C:\Windows\SYSTEM32\IPHLPAPI.DLL
0x0000022988590000 - 0x0000022988593000 	D:\Proyecto Terminal\openjfx-22.0.1_windows-x64_bin-sdk\javafx-sdk-22.0.1\bin\api-ms-win-core-console-l1-1-0.dll
0x00000229a7f50000 - 0x00000229a7f53000 	D:\Proyecto Terminal\openjfx-22.0.1_windows-x64_bin-sdk\javafx-sdk-22.0.1\bin\api-ms-win-core-console-l1-2-0.dll
0x00000229a7f60000 - 0x00000229a7f63000 	D:\Proyecto Terminal\openjfx-22.0.1_windows-x64_bin-sdk\javafx-sdk-22.0.1\bin\api-ms-win-core-datetime-l1-1-0.dll
0x00000229a7f70000 - 0x00000229a7f73000 	D:\Proyecto Terminal\openjfx-22.0.1_windows-x64_bin-sdk\javafx-sdk-22.0.1\bin\api-ms-win-core-debug-l1-1-0.dll
0x00000229a7f80000 - 0x00000229a7f83000 	D:\Proyecto Terminal\openjfx-22.0.1_windows-x64_bin-sdk\javafx-sdk-22.0.1\bin\api-ms-win-core-errorhandling-l1-1-0.dll
0x00000229a7f90000 - 0x00000229a7f94000 	D:\Proyecto Terminal\openjfx-22.0.1_windows-x64_bin-sdk\javafx-sdk-22.0.1\bin\api-ms-win-core-file-l1-1-0.dll
0x00000229a7fa0000 - 0x00000229a7fa3000 	D:\Proyecto Terminal\openjfx-22.0.1_windows-x64_bin-sdk\javafx-sdk-22.0.1\bin\api-ms-win-core-file-l1-2-0.dll
0x00000229a7fb0000 - 0x00000229a7fb3000 	D:\Proyecto Terminal\openjfx-22.0.1_windows-x64_bin-sdk\javafx-sdk-22.0.1\bin\api-ms-win-core-file-l2-1-0.dll
0x00000229a7fc0000 - 0x00000229a7fc3000 	D:\Proyecto Terminal\openjfx-22.0.1_windows-x64_bin-sdk\javafx-sdk-22.0.1\bin\api-ms-win-core-handle-l1-1-0.dll
0x00000229a7fd0000 - 0x00000229a7fd3000 	D:\Proyecto Terminal\openjfx-22.0.1_windows-x64_bin-sdk\javafx-sdk-22.0.1\bin\api-ms-win-core-heap-l1-1-0.dll
0x00000229a7fe0000 - 0x00000229a7fe3000 	D:\Proyecto Terminal\openjfx-22.0.1_windows-x64_bin-sdk\javafx-sdk-22.0.1\bin\api-ms-win-core-interlocked-l1-1-0.dll
0x00000229a7ff0000 - 0x00000229a7ff3000 	D:\Proyecto Terminal\openjfx-22.0.1_windows-x64_bin-sdk\javafx-sdk-22.0.1\bin\api-ms-win-core-libraryloader-l1-1-0.dll
0x00000229eed00000 - 0x00000229eed03000 	D:\Proyecto Terminal\openjfx-22.0.1_windows-x64_bin-sdk\javafx-sdk-22.0.1\bin\api-ms-win-core-localization-l1-2-0.dll
0x00000229eed10000 - 0x00000229eed13000 	D:\Proyecto Terminal\openjfx-22.0.1_windows-x64_bin-sdk\javafx-sdk-22.0.1\bin\api-ms-win-core-memory-l1-1-0.dll
0x00000229eed20000 - 0x00000229eed23000 	D:\Proyecto Terminal\openjfx-22.0.1_windows-x64_bin-sdk\javafx-sdk-22.0.1\bin\api-ms-win-core-namedpipe-l1-1-0.dll
0x00000229ef070000 - 0x00000229ef073000 	D:\Proyecto Terminal\openjfx-22.0.1_windows-x64_bin-sdk\javafx-sdk-22.0.1\bin\api-ms-win-core-processenvironment-l1-1-0.dll
0x00000229ef080000 - 0x00000229ef083000 	D:\Proyecto Terminal\openjfx-22.0.1_windows-x64_bin-sdk\javafx-sdk-22.0.1\bin\api-ms-win-core-processthreads-l1-1-0.dll
0x00000229ef090000 - 0x00000229ef093000 	D:\Proyecto Terminal\openjfx-22.0.1_windows-x64_bin-sdk\javafx-sdk-22.0.1\bin\api-ms-win-core-processthreads-l1-1-1.dll
0x00000229ef0a0000 - 0x00000229ef0a3000 	D:\Proyecto Terminal\openjfx-22.0.1_windows-x64_bin-sdk\javafx-sdk-22.0.1\bin\api-ms-win-core-profile-l1-1-0.dll
0x00000229ef0b0000 - 0x00000229ef0b3000 	D:\Proyecto Terminal\openjfx-22.0.1_windows-x64_bin-sdk\javafx-sdk-22.0.1\bin\api-ms-win-core-rtlsupport-l1-1-0.dll
0x00000229ef0c0000 - 0x00000229ef0c3000 	D:\Proyecto Terminal\openjfx-22.0.1_windows-x64_bin-sdk\javafx-sdk-22.0.1\bin\api-ms-win-core-string-l1-1-0.dll
0x00000229ef0d0000 - 0x00000229ef0d3000 	D:\Proyecto Terminal\openjfx-22.0.1_windows-x64_bin-sdk\javafx-sdk-22.0.1\bin\api-ms-win-core-synch-l1-1-0.dll
0x00000229eed30000 - 0x00000229eed33000 	D:\Proyecto Terminal\openjfx-22.0.1_windows-x64_bin-sdk\javafx-sdk-22.0.1\bin\api-ms-win-core-synch-l1-2-0.dll
0x00000229eed40000 - 0x00000229eed43000 	D:\Proyecto Terminal\openjfx-22.0.1_windows-x64_bin-sdk\javafx-sdk-22.0.1\bin\api-ms-win-core-sysinfo-l1-1-0.dll
0x00000229eed50000 - 0x00000229eed53000 	D:\Proyecto Terminal\openjfx-22.0.1_windows-x64_bin-sdk\javafx-sdk-22.0.1\bin\api-ms-win-core-timezone-l1-1-0.dll
0x00000229eed60000 - 0x00000229eed63000 	D:\Proyecto Terminal\openjfx-22.0.1_windows-x64_bin-sdk\javafx-sdk-22.0.1\bin\api-ms-win-core-util-l1-1-0.dll
0x00000229eed70000 - 0x00000229eed73000 	D:\Proyecto Terminal\openjfx-22.0.1_windows-x64_bin-sdk\javafx-sdk-22.0.1\bin\api-ms-win-crt-conio-l1-1-0.dll
0x00000229eed80000 - 0x00000229eed84000 	D:\Proyecto Terminal\openjfx-22.0.1_windows-x64_bin-sdk\javafx-sdk-22.0.1\bin\api-ms-win-crt-convert-l1-1-0.dll
0x00000229eed90000 - 0x00000229eed93000 	D:\Proyecto Terminal\openjfx-22.0.1_windows-x64_bin-sdk\javafx-sdk-22.0.1\bin\api-ms-win-crt-environment-l1-1-0.dll
0x00000229eeda0000 - 0x00000229eeda3000 	D:\Proyecto Terminal\openjfx-22.0.1_windows-x64_bin-sdk\javafx-sdk-22.0.1\bin\api-ms-win-crt-filesystem-l1-1-0.dll
0x00000229eedb0000 - 0x00000229eedb3000 	D:\Proyecto Terminal\openjfx-22.0.1_windows-x64_bin-sdk\javafx-sdk-22.0.1\bin\api-ms-win-crt-heap-l1-1-0.dll
0x00000229eedc0000 - 0x00000229eedc3000 	D:\Proyecto Terminal\openjfx-22.0.1_windows-x64_bin-sdk\javafx-sdk-22.0.1\bin\api-ms-win-crt-locale-l1-1-0.dll
0x00000229eedd0000 - 0x00000229eedd5000 	D:\Proyecto Terminal\openjfx-22.0.1_windows-x64_bin-sdk\javafx-sdk-22.0.1\bin\api-ms-win-crt-math-l1-1-0.dll
0x00000229eede0000 - 0x00000229eede5000 	D:\Proyecto Terminal\openjfx-22.0.1_windows-x64_bin-sdk\javafx-sdk-22.0.1\bin\api-ms-win-crt-multibyte-l1-1-0.dll
0x00000229eedf0000 - 0x00000229eee00000 	D:\Proyecto Terminal\openjfx-22.0.1_windows-x64_bin-sdk\javafx-sdk-22.0.1\bin\api-ms-win-crt-private-l1-1-0.dll
0x00000229eee00000 - 0x00000229eee03000 	D:\Proyecto Terminal\openjfx-22.0.1_windows-x64_bin-sdk\javafx-sdk-22.0.1\bin\api-ms-win-crt-process-l1-1-0.dll
0x00000229eee10000 - 0x00000229eee14000 	D:\Proyecto Terminal\openjfx-22.0.1_windows-x64_bin-sdk\javafx-sdk-22.0.1\bin\api-ms-win-crt-runtime-l1-1-0.dll
0x00000229eee20000 - 0x00000229eee24000 	D:\Proyecto Terminal\openjfx-22.0.1_windows-x64_bin-sdk\javafx-sdk-22.0.1\bin\api-ms-win-crt-stdio-l1-1-0.dll
0x00000229eee30000 - 0x00000229eee34000 	D:\Proyecto Terminal\openjfx-22.0.1_windows-x64_bin-sdk\javafx-sdk-22.0.1\bin\api-ms-win-crt-string-l1-1-0.dll
0x00000229eee40000 - 0x00000229eee43000 	D:\Proyecto Terminal\openjfx-22.0.1_windows-x64_bin-sdk\javafx-sdk-22.0.1\bin\api-ms-win-crt-time-l1-1-0.dll
0x00000229eee50000 - 0x00000229eee53000 	D:\Proyecto Terminal\openjfx-22.0.1_windows-x64_bin-sdk\javafx-sdk-22.0.1\bin\api-ms-win-crt-utility-l1-1-0.dll
0x00007ff9d07b0000 - 0x00007ff9d08ac000 	D:\Proyecto Terminal\openjfx-22.0.1_windows-x64_bin-sdk\javafx-sdk-22.0.1\bin\ucrtbase.dll
0x00007ff9d0e30000 - 0x00007ff9d0e4b000 	D:\Proyecto Terminal\openjfx-22.0.1_windows-x64_bin-sdk\javafx-sdk-22.0.1\bin\vcruntime140.dll
0x00007ff9d9620000 - 0x00007ff9d962c000 	D:\Proyecto Terminal\openjfx-22.0.1_windows-x64_bin-sdk\javafx-sdk-22.0.1\bin\vcruntime140_1.dll
0x00007ff9d04a0000 - 0x00007ff9d052e000 	D:\Proyecto Terminal\openjfx-22.0.1_windows-x64_bin-sdk\javafx-sdk-22.0.1\bin\msvcp140.dll
0x00007ff9d8530000 - 0x00007ff9d8539000 	D:\Proyecto Terminal\openjfx-22.0.1_windows-x64_bin-sdk\javafx-sdk-22.0.1\bin\msvcp140_1.dll
0x00007ff9d0450000 - 0x00007ff9d0491000 	D:\Proyecto Terminal\openjfx-22.0.1_windows-x64_bin-sdk\javafx-sdk-22.0.1\bin\msvcp140_2.dll
0x00007ff9d0bf0000 - 0x00007ff9d0c20000 	D:\Proyecto Terminal\openjfx-22.0.1_windows-x64_bin-sdk\javafx-sdk-22.0.1\bin\prism_d3d.dll
0x00007ff9c6120000 - 0x00007ff9c62c8000 	C:\Windows\system32\d3d9.dll
0x00007ff9dc810000 - 0x00007ff9dc83b000 	C:\Windows\SYSTEM32\dwmapi.dll
0x00007ff9dc6c0000 - 0x00007ff9dc6f7000 	C:\Windows\SYSTEM32\dxcore.dll
0x00007ff9dc5a0000 - 0x00007ff9dc651000 	C:\Windows\system32\uxtheme.dll
0x00007ff9e1940000 - 0x00007ff9e1ae5000 	C:\Windows\System32\ole32.dll
0x00007ff9d7c60000 - 0x00007ff9d7ca9000 	C:\Windows\SYSTEM32\directxdatabasehelper.dll
0x00007ff9d0400000 - 0x00007ff9d0445000 	D:\Proyecto Terminal\openjfx-22.0.1_windows-x64_bin-sdk\javafx-sdk-22.0.1\bin\glass.dll
0x00007ff9e1300000 - 0x00007ff9e13ff000 	C:\Windows\System32\COMDLG32.dll
0x00007ff96c180000 - 0x00007ff96c1de000 	C:\Program Files\Huawei\PCManager\plugins\PerfWndMonModule.dll
0x00007ff9e0f90000 - 0x00007ff9e10f0000 	C:\Windows\System32\MSCTF.dll
0x00007ff9e0350000 - 0x00007ff9e0400000 	C:\Windows\System32\clbcatq.dll
0x00007ff9d1110000 - 0x00007ff9d1289000 	C:\Windows\System32\Windows.UI.dll
0x00007ff9ab950000 - 0x00007ff9abac5000 	C:\Windows\System32\Windows.UI.Immersive.dll
0x00007ff9d0e10000 - 0x00007ff9d0e25000 	D:\Proyecto Terminal\openjfx-22.0.1_windows-x64_bin-sdk\javafx-sdk-22.0.1\bin\javafx_font.dll
0x00007ff9dbd20000 - 0x00007ff9dbf93000 	C:\Windows\SYSTEM32\dwrite.dll
0x00007ff9dc3c0000 - 0x00007ff9dc570000 	C:\Windows\SYSTEM32\WindowsCodecs.dll
0x00007ff9d0b80000 - 0x00007ff9d0bde000 	C:\Windows\system32\dataexchange.dll
0x00007ff9d5270000 - 0x00007ff9d5514000 	C:\Windows\system32\twinapi.appcore.dll
0x00007ff9cff70000 - 0x00007ff9cffa2000 	C:\Program Files\Common Files\Microsoft Shared\Ink\rtscom.dll
0x00007ff9ccd20000 - 0x00007ff9cce65000 	C:\Windows\SYSTEM32\textinputframework.dll
0x00007ff9d7d30000 - 0x00007ff9d7e63000 	C:\Windows\SYSTEM32\CoreMessaging.dll
0x00007ff9d65c0000 - 0x00007ff9d692d000 	C:\Windows\SYSTEM32\CoreUIComponents.dll
0x00007ff9df060000 - 0x00007ff9df06c000 	C:\Windows\SYSTEM32\CRYPTBASE.DLL
0x00007ff9d09e0000 - 0x00007ff9d0a0d000 	D:\Proyecto Terminal\openjfx-22.0.1_windows-x64_bin-sdk\javafx-sdk-22.0.1\bin\javafx_iio.dll
0x00007ff9db730000 - 0x00007ff9dbd1e000 	C:\Windows\SYSTEM32\d2d1.dll
0x00007ff9dc050000 - 0x00007ff9dc2a7000 	C:\Windows\SYSTEM32\d3d11.dll
0x00007ff9dc700000 - 0x00007ff9dc7f7000 	C:\Windows\SYSTEM32\dxgi.dll
0x00007ff9d5610000 - 0x00007ff9d5d23000 	C:\Windows\SYSTEM32\D3D10Warp.dll

dbghelp: loaded successfully - version: 4.0.5 - missing functions: none
symbol engine: initialized successfully - sym options: 0x614 - pdb path: .;C:\Users\diego\.jdks\corretto-17.0.13\bin;C:\Windows\SYSTEM32;C:\Windows\WinSxS\amd64_microsoft.windows.common-controls_6595b64144ccf1df_6.0.22621.4391_none_2715d37f73803e96;C:\Users\diego\.jdks\corretto-17.0.13\bin\server;D:\Proyecto Terminal\openjfx-22.0.1_windows-x64_bin-sdk\javafx-sdk-22.0.1\bin;C:\Windows\System32\DriverStore\FileRepository\u0355756.inf_amd64_5146fc3a012e7afa\B354291;C:\Program Files\Huawei\PCManager\plugins;C:\Program Files\Common Files\Microsoft Shared\Ink

VM Arguments:
jvm_args: -agentlib:jdwp=transport=dt_socket,address=127.0.0.1:54250,suspend=y,server=n --module-path=D:\Proyecto Terminal\openjfx-22.0.1_windows-x64_bin-sdk\javafx-sdk-22.0.1\lib --add-modules=javafx.controls,javafx.fxml -javaagent:C:\Users\diego\AppData\Local\JetBrains\IntelliJIdea2024.1\captureAgent\debugger-agent.jar -Dfile.encoding=UTF-8 
java_command: optiuam.bc.controller.OptiUAM24
java_class_path (initial): D:\Proyecto Terminal\Código\OptiUAM24\OptiUAM\out\production\OptiUAM;D:\Proyecto Terminal\Código\OptiUAM24\OptiUAM\Librerias\jcommon-1.0.23.jar;D:\Proyecto Terminal\Código\OptiUAM24\OptiUAM\Librerias\jfreechart-1.0.19.jar;D:\Proyecto Terminal\openjfx-22.0.1_windows-x64_bin-sdk\javafx-sdk-22.0.1\lib\javafx-swt.jar;D:\Proyecto Terminal\openjfx-22.0.1_windows-x64_bin-sdk\javafx-sdk-22.0.1\lib\javafx.base.jar;D:\Proyecto Terminal\openjfx-22.0.1_windows-x64_bin-sdk\javafx-sdk-22.0.1\lib\javafx.controls.jar;D:\Proyecto Terminal\openjfx-22.0.1_windows-x64_bin-sdk\javafx-sdk-22.0.1\lib\javafx.fxml.jar;D:\Proyecto Terminal\openjfx-22.0.1_windows-x64_bin-sdk\javafx-sdk-22.0.1\lib\javafx.graphics.jar;D:\Proyecto Terminal\openjfx-22.0.1_windows-x64_bin-sdk\javafx-sdk-22.0.1\lib\javafx.media.jar;D:\Proyecto Terminal\openjfx-22.0.1_windows-x64_bin-sdk\javafx-sdk-22.0.1\lib\javafx.swing.jar;D:\Proyecto Terminal\openjfx-22.0.1_windows-x64_bin-sdk\javafx-sdk-22.0.1\lib\javafx.web.jar;D:\Proyecto Terminal\openjfx-22.0.1_windows-x64_bin-sdk.zip;D:\Proyecto Terminal\commons-math3-3.6.1\commons-math3-3.6.1-tests.jar;D:\Proyecto Terminal\commons-math3-3.6.1\commons-math3-3.6.1-tools.jar;D:\Proyecto Terminal\commons-math3-3.6.1\commons-math3-3.6.1.jar;C:\Program Files\JetBrains\IntelliJ IDEA 2024.1.3\lib\idea_rt.jar
Launcher Type: SUN_STANDARD

[Global flags]
     intx CICompilerCount                          = 4                                         {product} {ergonomic}
     uint ConcGCThreads                            = 2                                         {product} {ergonomic}
     uint G1ConcRefinementThreads                  = 8                                         {product} {ergonomic}
   size_t G1HeapRegionSize                         = 1048576                                   {product} {ergonomic}
    uintx GCDrainStackTargetSize                   = 64                                        {product} {ergonomic}
   size_t InitialHeapSize                          = 117440512                                 {product} {ergonomic}
   size_t MarkStackSize                            = 4194304                                   {product} {ergonomic}
   size_t MaxHeapSize                              = 1862270976                                {product} {ergonomic}
   size_t MaxNewSize                               = 1116733440                                {product} {ergonomic}
   size_t MinHeapDeltaBytes                        = 1048576                                   {product} {ergonomic}
   size_t MinHeapSize                              = 8388608                                   {product} {ergonomic}
    uintx NonNMethodCodeHeapSize                   = 5839372                                {pd product} {ergonomic}
    uintx NonProfiledCodeHeapSize                  = 122909434                              {pd product} {ergonomic}
    uintx ProfiledCodeHeapSize                     = 122909434                              {pd product} {ergonomic}
    uintx ReservedCodeCacheSize                    = 251658240                              {pd product} {ergonomic}
     bool SegmentedCodeCache                       = true                                      {product} {ergonomic}
   size_t SoftMaxHeapSize                          = 1862270976                             {manageable} {ergonomic}
     bool UseCompressedClassPointers               = true                           {product lp64_product} {ergonomic}
     bool UseCompressedOops                        = true                           {product lp64_product} {ergonomic}
     bool UseG1GC                                  = true                                      {product} {ergonomic}
     bool UseLargePagesIndividualAllocation        = false                                  {pd product} {ergonomic}

Logging:
Log output configuration:
 #0: stdout all=off uptime,level,tags
 #1: stderr all=off uptime,level,tags

Environment Variables:
PATH=C:\Program Files\Common Files\Oracle\Java\javapath;C:\Users\diego\Desktop\oracle\bin;C:\Windows\system32;C:\Windows;C:\Windows\System32\Wbem;C:\Windows\System32\WindowsPowerShell\v1.0\;C:\Windows\System32\OpenSSH\;C:\Program Files\Git\cmd;C:\Strawberry\c\bin;C:\Strawberry\perl\site\bin;C:\Strawberry\perl\bin;C:\Users\diego\AppData\Local\Programs\Python\Launcher\;C:\Users\diego\AppData\Local\Microsoft\WindowsApps;C:\Program Files\JetBrains\IntelliJ IDEA 2024.1.3\bin;;C:\Users\diego\AppData\Local\GitHubDesktop\bin;C:\Program Files\JetBrains\PyCharm 2024.1.4\bin;;C:\Users\diego\AppData\Local\Programs\Microsoft VS Code\bin;C:\Users\diego\AppData\Local\Programs\MiKTeX\miktex\bin\x64\;C:\Program Files\JetBrains\PyCharm Community Edition 2024.3\bin;
USERNAME=diego
OS=Windows_NT
PROCESSOR_IDENTIFIER=AMD64 Family 23 Model 24 Stepping 1, AuthenticAMD
TMP=C:\Users\diego\AppData\Local\Temp
TEMP=C:\Users\diego\AppData\Local\Temp



Periodic native trim disabled


---------------  S Y S T E M  ---------------

OS:
 Windows 11 , 64 bit Build 22621 (10.0.22621.4391)
OS uptime: 4 days 14:53 hours

CPU: total 8 (initial active 8) (8 cores per cpu, 2 threads per core) family 23 model 24 stepping 1 microcode 0x0, cx8, cmov, fxsr, ht, mmx, 3dnowpref, sse, sse2, sse3, ssse3, sse4a, sse4.1, sse4.2, popcnt, lzcnt, tsc, tscinvbit, avx, avx2, aes, clmul, bmi1, bmi2, adx, sha, fma, vzeroupper, clflush, clflushopt
Processor Information for all 8 processors :
  Max Mhz: 2100, Current Mhz: 2100, Mhz Limit: 2100

Memory: 4k page, system-wide physical 7103M (989M free)
TotalPageFile size 15807M (AvailPageFile size 3768M)
current process WorkingSet (physical memory assigned to process): 236M, peak: 301M
current process commit charge ("private bytes"): 336M, peak: 416M

vm_info: OpenJDK 64-Bit Server VM (17.0.13+11-LTS) for windows-amd64 JRE (17.0.13+11-LTS), built on Oct 10 2024 19:51:30 by "Administrator" with MS VC++ 16.10 / 16.11 (VS2019)

END.
