#
# A fatal error has been detected by the Java Runtime Environment:
#
#  EXCEPTION_ACCESS_VIOLATION (0xc0000005) at pc=0x00007ff9cf1482d7, pid=9228, tid=28480
#
# JRE version: OpenJDK Runtime Environment Corretto-17.0.13.11.1 (17.0.13+11) (build 17.0.13+11-LTS)
# Java VM: OpenJDK 64-Bit Server VM Corretto-17.0.13.11.1 (17.0.13+11-LTS, mixed mode, sharing, tiered, compressed oops, compressed class ptrs, g1 gc, windows-amd64)
# Problematic frame:
# C  [glass.dll+0x282d7]
#
# No core dump will be written. Minidumps are not enabled by default on client versions of Windows
#
# If you would like to submit a bug report, please visit:
#   https://github.com/corretto/corretto-17/issues/
#

---------------  S U M M A R Y ------------

Command Line: -agentlib:jdwp=transport=dt_socket,address=127.0.0.1:53961,suspend=y,server=n --module-path=D:\Proyecto Terminal\openjfx-22.0.1_windows-x64_bin-sdk\javafx-sdk-22.0.1\lib --add-modules=javafx.controls,javafx.fxml -javaagent:C:\Users\diego\AppData\Local\JetBrains\IntelliJIdea2024.1\captureAgent\debugger-agent.jar -Dfile.encoding=UTF-8 optiuam.bc.controller.OptiUAM24

Host: AMD Ryzen 5 3500U with Radeon Vega Mobile Gfx  , 8 cores, 6G,  Windows 11 , 64 bit Build 22621 (10.0.22621.4391)
Time: Tue Nov 26 18:51:22 2024 Hora estándar central (México) elapsed time: 444.785236 seconds (0d 0h 7m 24s)

---------------  T H R E A D  ---------------

Current thread (0x0000021ae32b24b0):  VMThread "VM Thread" [stack: 0x000000d2c0b00000,0x000000d2c0c00000] [id=28480]

Stack: [0x000000d2c0b00000,0x000000d2c0c00000],  sp=0x000000d2c0bfed40,  free space=1019k
Native frames: (J=compiled Java code, j=interpreted, Vv=VM code, C=native code)
C  [glass.dll+0x282d7]


siginfo: EXCEPTION_ACCESS_VIOLATION (0xc0000005), reading address 0x0000000000000000


Registers:
RAX=0x0000000000000000, RBX=0x0000021af5d98380, RCX=0x0000021ae32b24b0, RDX=0x000000d2c0bfed40
RSP=0x000000d2c0bfed40, RBP=0x0000021ae9368568, RSI=0x000000d2c0bfee48, RDI=0x0000021ae9368540
R8 =0x0000000000010002, R9 =0x0000021ae9368540, R10=0x85f13e9656da4870, R11=0x000000d2c0bfecd0
R12=0x00007ff9cf145be0, R13=0x00007ff97fd18420, R14=0x0000130a7db7ee95, R15=0x0000021ae9368540
RIP=0x00007ff9cf1482d7, EFLAGS=0x0000000000010202


Register to memory mapping:

RIP=0x00007ff9cf1482d7 glass.dll
RAX=0x0 is NULL
RBX=0x0000021af5d98380 is a global jni handle
RCX=0x0000021ae32b24b0 points into unknown readable memory: 0x00007ff97fb42cc8 | c8 2c b4 7f f9 7f 00 00
RDX=0x000000d2c0bfed40 points into unknown readable memory: 0x0000000000000000 | 00 00 00 00 00 00 00 00
RSP=0x000000d2c0bfed40 points into unknown readable memory: 0x0000000000000000 | 00 00 00 00 00 00 00 00
RBP=0x0000021ae9368568 points into unknown readable memory: 0x0000130a7db7ee95 | 95 ee b7 7d 0a 13 00 00
RSI=0x000000d2c0bfee48 points into unknown readable memory: 0x000000d2c0bfee30 | 30 ee bf c0 d2 00 00 00
RDI=0x0000021ae9368540 points into unknown readable memory: 0xff39f180a2b7ee9a | 9a ee b7 a2 80 f1 39 ff
R8 =0x0000000000010002 is an unknown value
R9 =0x0000021ae9368540 points into unknown readable memory: 0xff39f180a2b7ee9a | 9a ee b7 a2 80 f1 39 ff
R10=0x85f13e9656da4870 is an unknown value
R11=0x000000d2c0bfecd0 points into unknown readable memory: 0x0000021ae9368540 | 40 85 36 e9 1a 02 00 00
R12=0x00007ff9cf145be0 glass.dll
R13=0x00007ff97fd18420 jvm.dll
R14=0x0000130a7db7ee95 is an unknown value
R15=0x0000021ae9368540 points into unknown readable memory: 0xff39f180a2b7ee9a | 9a ee b7 a2 80 f1 39 ff


Top of Stack: (sp=0x000000d2c0bfed40)
0x000000d2c0bfed40:   0000000000000000 000000d2c0bfee48
0x000000d2c0bfed50:   00007ff97fd18420 00007ff9cf145be0
0x000000d2c0bfed60:   0000021ae9368548 00007ff9df983a93
0x000000d2c0bfed70:   0000021ae9368540 0000021a00000000
0x000000d2c0bfed80:   0000021ae9368568 000000d2c0bfee48
0x000000d2c0bfed90:   fffffffffffffffe 0000000000000000
0x000000d2c0bfeda0:   0000000000000001 00007ff9cf120000
0x000000d2c0bfedb0:   000000d2c0bfee38 00007ff9df95042e
0x000000d2c0bfedc0:   0000000000000000 000000d2c0bfee48
0x000000d2c0bfedd0:   000000d2c0bff130 0000000000000001
0x000000d2c0bfede0:   0000000000000001 00007ff9df94dddd
0x000000d2c0bfedf0:   0000000000000000 00007ff9cf1453d9
0x000000d2c0bfee00:   0000000000000000 000000d2c0bfee38
0x000000d2c0bfee10:   fffffffffffffffe 0000000000000001
0x000000d2c0bfee20:   0000000000000001 00007ff9cf145a6d
0x000000d2c0bfee30:   00007ff9cf15d078 00007ff900000002
0x000000d2c0bfee40:   0000000000000002 000000d2c0bfee30
0x000000d2c0bfee50:   0000000000000000 00007ff9e2658af3
0x000000d2c0bfee60:   0000000000000000 00007ff9cf145b92
0x000000d2c0bfee70:   0000000000000001 000000d2c0bff100
0x000000d2c0bfee80:   0000000000000001 0000000000000001
0x000000d2c0bfee90:   0000021ac3712238 00007ff9df062223
0x000000d2c0bfeea0:   0000021a00000001 0000000000000016
0x000000d2c0bfeeb0:   00007ff9cf120000 000000007ffe0384
0x000000d2c0bfeec0:   0000000000000000 00007ff9e2658b8f
0x000000d2c0bfeed0:   00007ff9cf120000 0000000000000000
0x000000d2c0bfeee0:   0000000000000001 000000007ffe0385
0x000000d2c0bfeef0:   0000000000000000 00007ff9e26817d9
0x000000d2c0bfef00:   0000775092f5a600 0000000000000014
0x000000d2c0bfef10:   00007ff9cf145be0 0000000000000000
0x000000d2c0bfef20:   0000000000000000 000000d2c0040000
0x000000d2c0bfef30:   0000021ae929ddf0 00007ff9e2681596 

Instructions: (pc=0x00007ff9cf1482d7)
0x00007ff9cf1481d7:   8b 4d 58 e8 49 cf ff ff 48 8b 4d 60 e8 40 cf ff
0x00007ff9cf1481e7:   ff 48 8b 95 80 00 00 00 48 8b 8d 18 01 00 00 e8
0x00007ff9cf1481f7:   26 c5 ff ff 33 d2 33 c9 e8 8c e1 ff ff 90 48 89
0x00007ff9cf148207:   54 24 10 55 48 83 ec 20 48 8b ea 48 b8 00 00 00
0x00007ff9cf148217:   00 00 00 00 00 48 83 c4 20 5d c3 cc 40 55 48 8b
0x00007ff9cf148227:   ea 48 8b 01 33 c9 81 38 05 00 00 c0 0f 94 c1 8b
0x00007ff9cf148237:   c1 5d c3 cc 40 55 48 83 ec 20 48 8b ea 8a 4d 40
0x00007ff9cf148247:   48 83 c4 20 5d e9 33 d3 ff ff cc 40 55 48 83 ec
0x00007ff9cf148257:   20 48 8b ea 8a 4d 20 e8 21 d3 ff ff 90 48 83 c4
0x00007ff9cf148267:   20 5d c3 cc 40 55 48 83 ec 20 48 8b ea 48 83 c4
0x00007ff9cf148277:   20 5d e9 82 d1 ff ff cc 40 55 48 83 ec 30 48 8b
0x00007ff9cf148287:   ea 48 8b 01 8b 10 48 89 4c 24 28 89 54 24 20 4c
0x00007ff9cf148297:   8d 0d 23 d6 ff ff 4c 8b 45 70 8b 55 68 48 8b 4d
0x00007ff9cf1482a7:   60 e8 c3 d0 ff ff 90 48 83 c4 30 5d c3 cc cc cc
0x00007ff9cf1482b7:   cc cc cc cc cc cc cc cc cc 40 53 48 83 ec 20 48
0x00007ff9cf1482c7:   8b 1d 6b 47 01 00 48 85 db 74 16 e8 39 90 ff ff
0x00007ff9cf1482d7:   4c 8b 00 48 8b d3 48 8b c8 41 ff 90 b0 00 00 00
0x00007ff9cf1482e7:   90 48 83 c4 20 5b c3 cc cc 40 53 48 83 ec 20 48
0x00007ff9cf1482f7:   8b 1d ab 48 01 00 48 85 db 74 57 b8 ff ff ff ff
0x00007ff9cf148307:   f0 0f c1 43 10 83 f8 01 75 3d 48 85 db 74 38 48
0x00007ff9cf148317:   8b 0b 48 85 c9 74 0d ff 15 8c 0f 00 00 48 c7 03
0x00007ff9cf148327:   00 00 00 00 48 8b 4b 08 48 85 c9 74 0d e8 ef cd
0x00007ff9cf148337:   ff ff 48 c7 43 08 00 00 00 00 ba 18 00 00 00 48
0x00007ff9cf148347:   8b cb e8 da cd ff ff 48 c7 05 4f 48 01 00 00 00
0x00007ff9cf148357:   00 00 48 83 c4 20 5b c3 cc 40 53 48 83 ec 20 48
0x00007ff9cf148367:   8b 1d 1b 48 01 00 48 85 db 74 57 b8 ff ff ff ff
0x00007ff9cf148377:   f0 0f c1 43 10 83 f8 01 75 3d 48 85 db 74 38 48
0x00007ff9cf148387:   8b 0b 48 85 c9 74 0d ff 15 1c 0f 00 00 48 c7 03
0x00007ff9cf148397:   00 00 00 00 48 8b 4b 08 48 85 c9 74 0d e8 7f cd
0x00007ff9cf1483a7:   ff ff 48 c7 43 08 00 00 00 00 ba 18 00 00 00 48
0x00007ff9cf1483b7:   8b cb e8 6a cd ff ff 48 c7 05 bf 47 01 00 00 00
0x00007ff9cf1483c7:   00 00 48 83 c4 20 5b c3 cc 40 53 48 83 ec 20 48 


Stack slot to memory mapping:
stack at sp + 0 slots: 0x0 is NULL
stack at sp + 1 slots: 0x000000d2c0bfee48 points into unknown readable memory: 0x000000d2c0bfee30 | 30 ee bf c0 d2 00 00 00
stack at sp + 2 slots: 0x00007ff97fd18420 jvm.dll
stack at sp + 3 slots: 0x00007ff9cf145be0 glass.dll
stack at sp + 4 slots: 0x0000021ae9368548 points into unknown readable memory: 0x0000130a7db7ee95 | 95 ee b7 7d 0a 13 00 00
stack at sp + 5 slots: 0x00007ff9df983a93 ucrtbase.dll
stack at sp + 6 slots: 0x0000021ae9368540 points into unknown readable memory: 0xff39f180a2b7ee9a | 9a ee b7 a2 80 f1 39 ff
stack at sp + 7 slots: 0x0000021a00000000 is an unknown value

VM_Operation (0x000000d2c18fef40): Exit, mode: safepoint, requested by thread 0x0000021ae86d6c90


---------------  P R O C E S S  ---------------

Threads class SMR info:
_java_thread_list=0x0000021ae8d21500, length=21, elements={
0x0000021ac38b3ad0, 0x0000021ae32b7b50, 0x0000021ae32b89d0, 0x0000021ae32cc930,
0x0000021ae32cd400, 0x0000021ae32cfce0, 0x0000021ae32d05b0, 0x0000021ae32dc6c0,
0x0000021ae32fd090, 0x0000021ae33011a0, 0x0000021ae34f23d0, 0x0000021ae86d6780,
0x0000021ae8a1acc0, 0x0000021ae89ea060, 0x0000021ae8db3430, 0x0000021ae3796270,
0x0000021ae8b16890, 0x0000021ae8b179b0, 0x0000021af1ca4020, 0x0000021ae86d7bc0,
0x0000021ae86d6c90
}

Java Threads: ( => current thread )
  0x0000021ac38b3ad0 JavaThread "main" [_thread_blocked, id=28616, stack(0x000000d2c0500000,0x000000d2c0600000)]
  0x0000021ae32b7b50 JavaThread "Reference Handler" daemon [_thread_blocked, id=24716, stack(0x000000d2c0c00000,0x000000d2c0d00000)]
  0x0000021ae32b89d0 JavaThread "Finalizer" daemon [_thread_blocked, id=27260, stack(0x000000d2c0d00000,0x000000d2c0e00000)]
  0x0000021ae32cc930 JavaThread "Signal Dispatcher" daemon [_thread_blocked, id=19244, stack(0x000000d2c0e00000,0x000000d2c0f00000)]
  0x0000021ae32cd400 JavaThread "Attach Listener" daemon [_thread_blocked, id=11688, stack(0x000000d2c0f00000,0x000000d2c1000000)]
  0x0000021ae32cfce0 JavaThread "Service Thread" daemon [_thread_blocked, id=13100, stack(0x000000d2c1000000,0x000000d2c1100000)]
  0x0000021ae32d05b0 JavaThread "Monitor Deflation Thread" daemon [_thread_blocked, id=9444, stack(0x000000d2c1100000,0x000000d2c1200000)]
  0x0000021ae32dc6c0 JavaThread "C2 CompilerThread0" daemon [_thread_blocked, id=2380, stack(0x000000d2c1200000,0x000000d2c1300000)]
  0x0000021ae32fd090 JavaThread "C1 CompilerThread0" daemon [_thread_blocked, id=28596, stack(0x000000d2c1300000,0x000000d2c1400000)]
  0x0000021ae33011a0 JavaThread "Sweeper thread" daemon [_thread_blocked, id=24948, stack(0x000000d2c1400000,0x000000d2c1500000)]
  0x0000021ae34f23d0 JavaThread "Common-Cleaner" daemon [_thread_blocked, id=24696, stack(0x000000d2c1500000,0x000000d2c1600000)]
  0x0000021ae86d6780 JavaThread "JDWP Event Helper Thread" daemon [_thread_blocked, id=21580, stack(0x000000d2c1900000,0x000000d2c1a00000)]
  0x0000021ae8a1acc0 JavaThread "Notification Thread" daemon [_thread_blocked, id=17532, stack(0x000000d2c1b00000,0x000000d2c1c00000)]
  0x0000021ae89ea060 JavaThread "QuantumRenderer-0" daemon [_thread_blocked, id=26292, stack(0x000000d2c1700000,0x000000d2c1800000)]
  0x0000021ae8db3430 JavaThread "InvokeLaterDispatcher" daemon [_thread_blocked, id=18112, stack(0x000000d2c1f00000,0x000000d2c2000000)]
  0x0000021ae3796270 JavaThread "JavaFX Application Thread" [_thread_blocked, id=8240, stack(0x000000d2c2000000,0x000000d2c2100000)]
  0x0000021ae8b16890 JavaThread "JavaFX-Launcher" [_thread_blocked, id=16152, stack(0x000000d2c2800000,0x000000d2c2900000)]
  0x0000021ae8b179b0 JavaThread "Thread-2" daemon [_thread_in_native, id=23072, stack(0x000000d2c2700000,0x000000d2c2800000)]
  0x0000021af1ca4020 JavaThread "Prism Font Disposer" daemon [_thread_blocked, id=24132, stack(0x000000d2c3100000,0x000000d2c3200000)]
  0x0000021ae86d7bc0 JavaThread "Cleaner-0" daemon [_thread_blocked, id=11468, stack(0x000000d2c3300000,0x000000d2c3400000)]
  0x0000021ae86d6c90 JavaThread "SIGINT handler" daemon [_thread_blocked, id=25936, stack(0x000000d2c1800000,0x000000d2c1900000)]

Other Threads:
=>0x0000021ae32b24b0 VMThread "VM Thread" [stack: 0x000000d2c0b00000,0x000000d2c0c00000] [id=28480]
  0x0000021ac3906900 GCTaskThread "GC Thread#0" [stack: 0x000000d2c0600000,0x000000d2c0700000] [id=17104]
  0x0000021ae88ea1a0 GCTaskThread "GC Thread#1" [stack: 0x000000d2c1600000,0x000000d2c1700000] [id=14788]
  0x0000021ae88ea870 GCTaskThread "GC Thread#2" [stack: 0x000000d2c2900000,0x000000d2c2a00000] [id=25524]
  0x0000021ae88eab30 GCTaskThread "GC Thread#3" [stack: 0x000000d2c2a00000,0x000000d2c2b00000] [id=4796]
  0x0000021ae88eadf0 GCTaskThread "GC Thread#4" [stack: 0x000000d2c2b00000,0x000000d2c2c00000] [id=4036]
  0x0000021ae890e890 GCTaskThread "GC Thread#5" [stack: 0x000000d2c2c00000,0x000000d2c2d00000] [id=7928]
  0x0000021ae8905650 GCTaskThread "GC Thread#6" [stack: 0x000000d2c2d00000,0x000000d2c2e00000] [id=6328]
  0x0000021ae8905910 GCTaskThread "GC Thread#7" [stack: 0x000000d2c2e00000,0x000000d2c2f00000] [id=13348]
  0x0000021ac3914d40 ConcurrentGCThread "G1 Main Marker" terminated
  0x0000021ac3915760 ConcurrentGCThread "G1 Conc#0" [stack: 0x000000d2c0800000,0x000000d2c0900000] [id=10228]
  0x0000021af58ca350 ConcurrentGCThread "G1 Conc#1" [stack: 0x000000d2c2f00000,0x000000d2c3000000] [id=24280]
  0x0000021ae31724c0 ConcurrentGCThread "G1 Refine#0" terminated
  0x0000021af227d2d0 ConcurrentGCThread "G1 Refine#1" terminated
  0x0000021af90610d0 ConcurrentGCThread "G1 Refine#2" terminated
  0x0000021af9060de0 ConcurrentGCThread "G1 Refine#3" terminated
  0x0000021af9060af0 ConcurrentGCThread "G1 Refine#4" terminated
  0x0000021af9061f80 ConcurrentGCThread "G1 Refine#5" terminated
  0x0000021ae3172ef0 ConcurrentGCThread "G1 Service" terminated

Threads with active compile tasks:
C1 CompilerThread0  
[error occurred during error reporting (printing all threads), id 0xc0000005, EXCEPTION_ACCESS_VIOLATION (0xc0000005) at pc=0x00007ff97f9465b3]

VM state: at safepoint (shutting down)

VM Mutex/Monitor currently owned by a thread:  ([mutex/lock_event])
[0x0000021ac38ad3f0] Threads_lock - owner thread: 0x0000021ae32b24b0
[0x0000021ac38aea70] Heap_lock - owner thread: 0x0000021ae86d6c90

Heap address: 0x0000000091000000, size: 1776 MB, Compressed Oops mode: 32-bit

CDS archive(s) mapped at: [0x0000021a80000000-0x0000021a80bb0000-0x0000021a80bb0000), size 12255232, SharedBaseAddress: 0x0000021a80000000, ArchiveRelocationMode: 1.
Compressed class space mapped at: 0x0000021a81000000-0x0000021ac1000000, reserved size: 1073741824
Narrow klass base: 0x0000021a80000000, Narrow klass shift: 0, Narrow klass range: 0x100000000

GC Precious Log:
 CPUs: 8 total, 8 available
 Memory: 7103M
 Large Page Support: Disabled
 NUMA Support: Disabled
 Compressed Oops: Enabled (32-bit)
 Heap Region Size: 1M
 Heap Min Capacity: 8M
 Heap Initial Capacity: 112M
 Heap Max Capacity: 1776M
 Pre-touch: Disabled
 Parallel Workers: 8
 Concurrent Workers: 2
 Concurrent Refinement Workers: 8
 Periodic GC: Disabled

Heap:
 garbage-first heap   total 114688K, used 54673K [0x0000000091000000, 0x0000000100000000)
  region size 1024K, 10 young (10240K), 4 survivors (4096K)
 Metaspace       used 23135K, committed 23488K, reserved 1114112K
  class space    used 3213K, committed 3392K, reserved 1048576K

Heap Regions: E=young(eden), S=young(survivor), O=old, HS=humongous(starts), HC=humongous(continues), CS=collection set, F=free, OA=open archive, CA=closed archive, TAMS=top-at-mark-start (previous, next)
|   0|0x0000000091000000, 0x0000000091100000, 0x0000000091100000|100%|HS|  |TAMS 0x0000000091000000, 0x0000000091000000| Complete 
|   1|0x0000000091100000, 0x0000000091200000, 0x0000000091200000|100%|HS|  |TAMS 0x0000000091200000, 0x0000000091100000| Complete 
|   2|0x0000000091200000, 0x0000000091300000, 0x0000000091300000|100%|HS|  |TAMS 0x0000000091300000, 0x0000000091200000| Complete 
|   3|0x0000000091300000, 0x0000000091400000, 0x0000000091400000|100%|HS|  |TAMS 0x0000000091400000, 0x0000000091300000| Complete 
|   4|0x0000000091400000, 0x0000000091500000, 0x0000000091500000|100%| O|  |TAMS 0x0000000091500000, 0x0000000091400000| Untracked 
|   5|0x0000000091500000, 0x0000000091600000, 0x0000000091600000|100%| O|  |TAMS 0x0000000091600000, 0x0000000091500000| Untracked 
|   6|0x0000000091600000, 0x0000000091700000, 0x0000000091700000|100%|HS|  |TAMS 0x0000000091700000, 0x0000000091600000| Complete 
|   7|0x0000000091700000, 0x0000000091800000, 0x0000000091800000|100%|HC|  |TAMS 0x0000000091800000, 0x0000000091700000| Complete 
|   8|0x0000000091800000, 0x0000000091900000, 0x0000000091900000|100%|HC|  |TAMS 0x0000000091900000, 0x0000000091800000| Complete 
|   9|0x0000000091900000, 0x0000000091a00000, 0x0000000091a00000|100%|HC|  |TAMS 0x0000000091a00000, 0x0000000091900000| Complete 
|  10|0x0000000091a00000, 0x0000000091b00000, 0x0000000091b00000|100%|HC|  |TAMS 0x0000000091b00000, 0x0000000091a00000| Complete 
|  11|0x0000000091b00000, 0x0000000091c00000, 0x0000000091c00000|100%|HC|  |TAMS 0x0000000091c00000, 0x0000000091b00000| Complete 
|  12|0x0000000091c00000, 0x0000000091d00000, 0x0000000091d00000|100%|HC|  |TAMS 0x0000000091d00000, 0x0000000091c00000| Complete 
|  13|0x0000000091d00000, 0x0000000091e00000, 0x0000000091e00000|100%|HC|  |TAMS 0x0000000091e00000, 0x0000000091d00000| Complete 
|  14|0x0000000091e00000, 0x0000000091f00000, 0x0000000091f00000|100%|HC|  |TAMS 0x0000000091f00000, 0x0000000091e00000| Complete 
|  15|0x0000000091f00000, 0x0000000092000000, 0x0000000092000000|100%|HC|  |TAMS 0x0000000092000000, 0x0000000091f00000| Complete 
|  16|0x0000000092000000, 0x0000000092100000, 0x0000000092100000|100%|HC|  |TAMS 0x0000000092100000, 0x0000000092000000| Complete 
|  17|0x0000000092100000, 0x0000000092200000, 0x0000000092200000|100%|HC|  |TAMS 0x0000000092200000, 0x0000000092100000| Complete 
|  18|0x0000000092200000, 0x0000000092300000, 0x0000000092300000|100%|HC|  |TAMS 0x0000000092300000, 0x0000000092200000| Complete 
|  19|0x0000000092300000, 0x0000000092400000, 0x0000000092400000|100%|HS|  |TAMS 0x0000000092300000, 0x0000000092300000| Complete 
|  20|0x0000000092400000, 0x0000000092500000, 0x0000000092500000|100%|HS|  |TAMS 0x0000000092500000, 0x0000000092400000| Complete 
|  21|0x0000000092500000, 0x0000000092600000, 0x0000000092600000|100%|HC|  |TAMS 0x0000000092600000, 0x0000000092500000| Complete 
|  22|0x0000000092600000, 0x0000000092700000, 0x0000000092700000|100%|HS|  |TAMS 0x0000000092700000, 0x0000000092600000| Complete 
|  23|0x0000000092700000, 0x0000000092800000, 0x0000000092800000|100%| O|  |TAMS 0x0000000092700000, 0x0000000092700000| Untracked 
|  24|0x0000000092800000, 0x0000000092900000, 0x0000000092900000|100%| O|  |TAMS 0x0000000092800000, 0x0000000092800000| Untracked 
|  25|0x0000000092900000, 0x0000000092a00000, 0x0000000092a00000|100%| O|  |TAMS 0x0000000092900000, 0x0000000092900000| Untracked 
|  26|0x0000000092a00000, 0x0000000092b00000, 0x0000000092b00000|100%| O|  |TAMS 0x0000000092a00000, 0x0000000092a00000| Untracked 
|  27|0x0000000092b00000, 0x0000000092c00000, 0x0000000092c00000|100%| O|  |TAMS 0x0000000092b00000, 0x0000000092b00000| Untracked 
|  28|0x0000000092c00000, 0x0000000092d00000, 0x0000000092d00000|100%|HS|  |TAMS 0x0000000092c00000, 0x0000000092c00000| Complete 
|  29|0x0000000092d00000, 0x0000000092e00000, 0x0000000092e00000|100%| O|  |TAMS 0x0000000092d00000, 0x0000000092d00000| Untracked 
|  30|0x0000000092e00000, 0x0000000092f00000, 0x0000000092f00000|100%| O|  |TAMS 0x0000000092e00000, 0x0000000092e00000| Untracked 
|  31|0x0000000092f00000, 0x0000000092f66000, 0x0000000093000000| 39%| O|  |TAMS 0x0000000092f00000, 0x0000000092f00000| Untracked 
|  32|0x0000000093000000, 0x0000000093100000, 0x0000000093100000|100%|HS|  |TAMS 0x0000000093000000, 0x0000000093000000| Complete 
|  33|0x0000000093100000, 0x0000000093100000, 0x0000000093200000|  0%| F|  |TAMS 0x0000000093100000, 0x0000000093100000| Untracked 
|  34|0x0000000093200000, 0x0000000093300000, 0x0000000093300000|100%| O|  |TAMS 0x0000000093200000, 0x0000000093200000| Untracked 
|  35|0x0000000093300000, 0x0000000093400000, 0x0000000093400000|100%| O|  |TAMS 0x0000000093300000, 0x0000000093300000| Untracked 
|  36|0x0000000093400000, 0x0000000093500000, 0x0000000093500000|100%| O|  |TAMS 0x0000000093400000, 0x0000000093400000| Untracked 
|  37|0x0000000093500000, 0x0000000093600000, 0x0000000093600000|100%| O|  |TAMS 0x0000000093500000, 0x0000000093500000| Untracked 
|  38|0x0000000093600000, 0x0000000093700000, 0x0000000093700000|100%| O|  |TAMS 0x0000000093600000, 0x0000000093600000| Untracked 
|  39|0x0000000093700000, 0x0000000093800000, 0x0000000093800000|100%|HS|  |TAMS 0x0000000093700000, 0x0000000093700000| Complete 
|  40|0x0000000093800000, 0x0000000093800000, 0x0000000093900000|  0%| F|  |TAMS 0x0000000093800000, 0x0000000093800000| Untracked 
|  41|0x0000000093900000, 0x0000000093900000, 0x0000000093a00000|  0%| F|  |TAMS 0x0000000093900000, 0x0000000093900000| Untracked 
|  42|0x0000000093a00000, 0x0000000093a00000, 0x0000000093b00000|  0%| F|  |TAMS 0x0000000093a00000, 0x0000000093a00000| Untracked 
|  43|0x0000000093b00000, 0x0000000093c00000, 0x0000000093c00000|100%|HS|  |TAMS 0x0000000093b00000, 0x0000000093b00000| Complete 
|  44|0x0000000093c00000, 0x0000000093c00000, 0x0000000093d00000|  0%| F|  |TAMS 0x0000000093c00000, 0x0000000093c00000| Untracked 
|  45|0x0000000093d00000, 0x0000000093e00000, 0x0000000093e00000|100%|HS|  |TAMS 0x0000000093d00000, 0x0000000093d00000| Complete 
|  46|0x0000000093e00000, 0x0000000093e00000, 0x0000000093f00000|  0%| F|  |TAMS 0x0000000093e00000, 0x0000000093e00000| Untracked 
|  47|0x0000000093f00000, 0x0000000093f00000, 0x0000000094000000|  0%| F|  |TAMS 0x0000000093f00000, 0x0000000093f00000| Untracked 
|  48|0x0000000094000000, 0x0000000094100000, 0x0000000094100000|100%| O|  |TAMS 0x0000000094000000, 0x0000000094000000| Untracked 
|  49|0x0000000094100000, 0x0000000094200000, 0x0000000094200000|100%| O|  |TAMS 0x0000000094100000, 0x0000000094100000| Untracked 
|  50|0x0000000094200000, 0x0000000094300000, 0x0000000094300000|100%| O|  |TAMS 0x0000000094200000, 0x0000000094200000| Untracked 
|  51|0x0000000094300000, 0x0000000094400000, 0x0000000094400000|100%| O|  |TAMS 0x0000000094300000, 0x0000000094300000| Untracked 
|  52|0x0000000094400000, 0x0000000094400000, 0x0000000094500000|  0%| F|  |TAMS 0x0000000094400000, 0x0000000094400000| Untracked 
|  53|0x0000000094500000, 0x0000000094500000, 0x0000000094600000|  0%| F|  |TAMS 0x0000000094500000, 0x0000000094500000| Untracked 
|  54|0x0000000094600000, 0x0000000094600000, 0x0000000094700000|  0%| F|  |TAMS 0x0000000094600000, 0x0000000094600000| Untracked 
|  55|0x0000000094700000, 0x0000000094700000, 0x0000000094800000|  0%| F|  |TAMS 0x0000000094700000, 0x0000000094700000| Untracked 
|  56|0x0000000094800000, 0x0000000094800000, 0x0000000094900000|  0%| F|  |TAMS 0x0000000094800000, 0x0000000094800000| Untracked 
|  57|0x0000000094900000, 0x0000000094900000, 0x0000000094a00000|  0%| F|  |TAMS 0x0000000094900000, 0x0000000094900000| Untracked 
|  58|0x0000000094a00000, 0x0000000094a00000, 0x0000000094b00000|  0%| F|  |TAMS 0x0000000094a00000, 0x0000000094a00000| Untracked 
|  59|0x0000000094b00000, 0x0000000094b00000, 0x0000000094c00000|  0%| F|  |TAMS 0x0000000094b00000, 0x0000000094b00000| Untracked 
|  60|0x0000000094c00000, 0x0000000094c00000, 0x0000000094d00000|  0%| F|  |TAMS 0x0000000094c00000, 0x0000000094c00000| Untracked 
|  61|0x0000000094d00000, 0x0000000094d00000, 0x0000000094e00000|  0%| F|  |TAMS 0x0000000094d00000, 0x0000000094d00000| Untracked 
|  62|0x0000000094e00000, 0x0000000094e00000, 0x0000000094f00000|  0%| F|  |TAMS 0x0000000094e00000, 0x0000000094e00000| Untracked 
|  63|0x0000000094f00000, 0x0000000094f00000, 0x0000000095000000|  0%| F|  |TAMS 0x0000000094f00000, 0x0000000094f00000| Untracked 
|  64|0x0000000095000000, 0x0000000095000000, 0x0000000095100000|  0%| F|  |TAMS 0x0000000095000000, 0x0000000095000000| Untracked 
|  65|0x0000000095100000, 0x0000000095100000, 0x0000000095200000|  0%| F|  |TAMS 0x0000000095100000, 0x0000000095100000| Untracked 
|  66|0x0000000095200000, 0x00000000952fe568, 0x0000000095300000| 99%| S|CS|TAMS 0x0000000095200000, 0x0000000095200000| Complete 
|  67|0x0000000095300000, 0x0000000095400000, 0x0000000095400000|100%| S|CS|TAMS 0x0000000095300000, 0x0000000095300000| Complete 
|  68|0x0000000095400000, 0x0000000095500000, 0x0000000095500000|100%| S|CS|TAMS 0x0000000095400000, 0x0000000095400000| Complete 
|  69|0x0000000095500000, 0x0000000095600000, 0x0000000095600000|100%| S|CS|TAMS 0x0000000095500000, 0x0000000095500000| Complete 
|  70|0x0000000095600000, 0x0000000095600000, 0x0000000095700000|  0%| F|  |TAMS 0x0000000095600000, 0x0000000095600000| Untracked 
|  71|0x0000000095700000, 0x0000000095700000, 0x0000000095800000|  0%| F|  |TAMS 0x0000000095700000, 0x0000000095700000| Untracked 
|  72|0x0000000095800000, 0x0000000095800000, 0x0000000095900000|  0%| F|  |TAMS 0x0000000095800000, 0x0000000095800000| Untracked 
|  73|0x0000000095900000, 0x0000000095900000, 0x0000000095a00000|  0%| F|  |TAMS 0x0000000095900000, 0x0000000095900000| Untracked 
|  74|0x0000000095a00000, 0x0000000095a00000, 0x0000000095b00000|  0%| F|  |TAMS 0x0000000095a00000, 0x0000000095a00000| Untracked 
|  75|0x0000000095b00000, 0x0000000095b00000, 0x0000000095c00000|  0%| F|  |TAMS 0x0000000095b00000, 0x0000000095b00000| Untracked 
|  76|0x0000000095c00000, 0x0000000095c00000, 0x0000000095d00000|  0%| F|  |TAMS 0x0000000095c00000, 0x0000000095c00000| Untracked 
|  77|0x0000000095d00000, 0x0000000095d00000, 0x0000000095e00000|  0%| F|  |TAMS 0x0000000095d00000, 0x0000000095d00000| Untracked 
|  78|0x0000000095e00000, 0x0000000095e00000, 0x0000000095f00000|  0%| F|  |TAMS 0x0000000095e00000, 0x0000000095e00000| Untracked 
|  79|0x0000000095f00000, 0x0000000095f00000, 0x0000000096000000|  0%| F|  |TAMS 0x0000000095f00000, 0x0000000095f00000| Untracked 
|  80|0x0000000096000000, 0x0000000096000000, 0x0000000096100000|  0%| F|  |TAMS 0x0000000096000000, 0x0000000096000000| Untracked 
|  81|0x0000000096100000, 0x0000000096100000, 0x0000000096200000|  0%| F|  |TAMS 0x0000000096100000, 0x0000000096100000| Untracked 
|  82|0x0000000096200000, 0x0000000096200000, 0x0000000096300000|  0%| F|  |TAMS 0x0000000096200000, 0x0000000096200000| Untracked 
|  83|0x0000000096300000, 0x0000000096300000, 0x0000000096400000|  0%| F|  |TAMS 0x0000000096300000, 0x0000000096300000| Untracked 
|  84|0x0000000096400000, 0x0000000096400000, 0x0000000096500000|  0%| F|  |TAMS 0x0000000096400000, 0x0000000096400000| Untracked 
|  85|0x0000000096500000, 0x0000000096500000, 0x0000000096600000|  0%| F|  |TAMS 0x0000000096500000, 0x0000000096500000| Untracked 
|  86|0x0000000096600000, 0x0000000096600000, 0x0000000096700000|  0%| F|  |TAMS 0x0000000096600000, 0x0000000096600000| Untracked 
|  87|0x0000000096700000, 0x0000000096700000, 0x0000000096800000|  0%| F|  |TAMS 0x0000000096700000, 0x0000000096700000| Untracked 
|  88|0x0000000096800000, 0x0000000096800000, 0x0000000096900000|  0%| F|  |TAMS 0x0000000096800000, 0x0000000096800000| Untracked 
|  89|0x0000000096900000, 0x0000000096900000, 0x0000000096a00000|  0%| F|  |TAMS 0x0000000096900000, 0x0000000096900000| Untracked 
|  90|0x0000000096a00000, 0x0000000096a00000, 0x0000000096b00000|  0%| F|  |TAMS 0x0000000096a00000, 0x0000000096a00000| Untracked 
|  91|0x0000000096b00000, 0x0000000096b00000, 0x0000000096c00000|  0%| F|  |TAMS 0x0000000096b00000, 0x0000000096b00000| Untracked 
|  92|0x0000000096c00000, 0x0000000096c00000, 0x0000000096d00000|  0%| F|  |TAMS 0x0000000096c00000, 0x0000000096c00000| Untracked 
|  93|0x0000000096d00000, 0x0000000096d00000, 0x0000000096e00000|  0%| F|  |TAMS 0x0000000096d00000, 0x0000000096d00000| Untracked 
|  94|0x0000000096e00000, 0x0000000096e00000, 0x0000000096f00000|  0%| F|  |TAMS 0x0000000096e00000, 0x0000000096e00000| Untracked 
|  95|0x0000000096f00000, 0x0000000096f00000, 0x0000000097000000|  0%| F|  |TAMS 0x0000000096f00000, 0x0000000096f00000| Untracked 
|  96|0x0000000097000000, 0x0000000097000000, 0x0000000097100000|  0%| F|  |TAMS 0x0000000097000000, 0x0000000097000000| Untracked 
|  97|0x0000000097100000, 0x0000000097100000, 0x0000000097200000|  0%| F|  |TAMS 0x0000000097100000, 0x0000000097100000| Untracked 
|  98|0x0000000097200000, 0x0000000097200000, 0x0000000097300000|  0%| F|  |TAMS 0x0000000097200000, 0x0000000097200000| Untracked 
|  99|0x0000000097300000, 0x0000000097300000, 0x0000000097400000|  0%| F|  |TAMS 0x0000000097300000, 0x0000000097300000| Untracked 
| 100|0x0000000097400000, 0x0000000097400000, 0x0000000097500000|  0%| F|  |TAMS 0x0000000097400000, 0x0000000097400000| Untracked 
| 101|0x0000000097500000, 0x0000000097500000, 0x0000000097600000|  0%| F|  |TAMS 0x0000000097500000, 0x0000000097500000| Untracked 
| 102|0x0000000097600000, 0x0000000097600000, 0x0000000097700000|  0%| F|  |TAMS 0x0000000097600000, 0x0000000097600000| Untracked 
| 103|0x0000000097700000, 0x0000000097700000, 0x0000000097800000|  0%| F|  |TAMS 0x0000000097700000, 0x0000000097700000| Untracked 
| 104|0x0000000097800000, 0x0000000097800000, 0x0000000097900000|  0%| F|  |TAMS 0x0000000097800000, 0x0000000097800000| Untracked 
| 105|0x0000000097900000, 0x0000000097900000, 0x0000000097a00000|  0%| F|  |TAMS 0x0000000097900000, 0x0000000097900000| Untracked 
| 106|0x0000000097a00000, 0x0000000097a614d0, 0x0000000097b00000| 38%| E|  |TAMS 0x0000000097a00000, 0x0000000097a00000| Complete 
| 107|0x0000000097b00000, 0x0000000097c00000, 0x0000000097c00000|100%| E|CS|TAMS 0x0000000097b00000, 0x0000000097b00000| Complete 
| 108|0x0000000097c00000, 0x0000000097d00000, 0x0000000097d00000|100%| E|CS|TAMS 0x0000000097c00000, 0x0000000097c00000| Complete 
| 109|0x0000000097d00000, 0x0000000097e00000, 0x0000000097e00000|100%| E|CS|TAMS 0x0000000097d00000, 0x0000000097d00000| Complete 
| 110|0x0000000097e00000, 0x0000000097f00000, 0x0000000097f00000|100%| E|CS|TAMS 0x0000000097e00000, 0x0000000097e00000| Complete 
| 111|0x0000000097f00000, 0x0000000098000000, 0x0000000098000000|100%| E|CS|TAMS 0x0000000097f00000, 0x0000000097f00000| Complete 

Card table byte_map: [0x0000021adc9b0000,0x0000021adcd30000] _byte_map_base: 0x0000021adc528000

Marking Bits (Prev, Next): (CMBitMap*) 0x0000021ac37fa740, (CMBitMap*) 0x0000021ac37fa700
 Prev Bits: [0x0000021adec70000, 0x0000021ae0830000)
 Next Bits: [0x0000021add0b0000, 0x0000021adec70000)

Polling page: 0x0000021ac3960000

Metaspace:

Usage:
  Non-class:     19.46 MB used.
      Class:      3.14 MB used.
       Both:     22.59 MB used.

Virtual space:
  Non-class space:       64.00 MB reserved,      19.62 MB ( 31%) committed,  1 nodes.
      Class space:        1.00 GB reserved,       3.31 MB ( <1%) committed,  1 nodes.
             Both:        1.06 GB reserved,      22.94 MB (  2%) committed. 

Chunk freelists:
   Non-Class:  11.80 MB
       Class:  12.51 MB
        Both:  24.30 MB

MaxMetaspaceSize: unlimited
CompressedClassSpaceSize: 1.00 GB
Initial GC threshold: 21.00 MB
Current GC threshold: 35.25 MB
CDS: on
MetaspaceReclaimPolicy: balanced
 - commit_granule_bytes: 65536.
 - commit_granule_words: 8192.
 - virtual_space_node_default_size: 8388608.
 - enlarge_chunks_in_place: 1.
 - new_chunks_are_fully_committed: 0.
 - uncommit_free_chunks: 1.
 - use_allocation_guard: 0.
 - handle_deallocations: 1.


Internal statistics:

num_allocs_failed_limit: 3.
num_arena_births: 422.
num_arena_deaths: 0.
num_vsnodes_births: 2.
num_vsnodes_deaths: 0.
num_space_committed: 367.
num_space_uncommitted: 0.
num_chunks_returned_to_freelist: 3.
num_chunks_taken_from_freelist: 1307.
num_chunk_merges: 3.
num_chunk_splits: 861.
num_chunks_enlarged: 577.
num_inconsistent_stats: 0.

CodeHeap 'non-profiled nmethods': size=120000Kb used=5051Kb max_used=5051Kb free=114948Kb
 bounds [0x0000021ad46a0000, 0x0000021ad4b90000, 0x0000021adbbd0000]
CodeHeap 'profiled nmethods': size=120000Kb used=14389Kb max_used=14389Kb free=105610Kb
 bounds [0x0000021accbd0000, 0x0000021acd9e0000, 0x0000021ad4100000]
CodeHeap 'non-nmethods': size=5760Kb used=1524Kb max_used=1621Kb free=4235Kb
 bounds [0x0000021ad4100000, 0x0000021ad4370000, 0x0000021ad46a0000]
 total_blobs=7324 nmethods=6499 adapters=735
 compilation: enabled
              stopped_count=0, restarted_count=0
 full_count=0

Compilation events (20 events):
Event: 284.925 Thread 0x0000021ae32dc6c0 nmethod 7347 0x0000021ad4b8bf10 code [0x0000021ad4b8c100, 0x0000021ad4b8c798]
Event: 285.048 Thread 0x0000021ae32fd090 7348       3       javafx.animation.KeyFrame::<init> (192 bytes)
Event: 285.052 Thread 0x0000021ae32fd090 nmethod 7348 0x0000021acd9d4990 code [0x0000021acd9d4d20, 0x0000021acd9d6908]
Event: 285.052 Thread 0x0000021ae32fd090 7350       3       com.sun.javafx.scene.control.inputmap.InputMap::lookup (163 bytes)
Event: 285.053 Thread 0x0000021ae32dc6c0 7351       4       javafx.scene.layout.Region$InsetsProperty::get (123 bytes)
Event: 285.056 Thread 0x0000021ae32fd090 nmethod 7350 0x0000021acd9d7310 code [0x0000021acd9d7640, 0x0000021acd9d8ea8]
Event: 285.056 Thread 0x0000021ae32fd090 7349       3       java.util.concurrent.CopyOnWriteArraySet::size (8 bytes)
Event: 285.057 Thread 0x0000021ae32fd090 nmethod 7349 0x0000021acd9d9610 code [0x0000021acd9d97c0, 0x0000021acd9d9978]
Event: 285.057 Thread 0x0000021ae32fd090 7352       1       javafx.scene.control.skin.ComboBoxBaseSkin::getMode (5 bytes)
Event: 285.057 Thread 0x0000021ae32fd090 nmethod 7352 0x0000021ad4b8cb90 code [0x0000021ad4b8cd20, 0x0000021ad4b8cdf8]
Event: 285.071 Thread 0x0000021ae32dc6c0 nmethod 7351 0x0000021ad4b8ce90 code [0x0000021ad4b8d060, 0x0000021ad4b8d778]
Event: 285.071 Thread 0x0000021ae32dc6c0 7353 %     4       com.sun.prism.impl.BaseResourcePool::freeDisposalRequestedAndCheckResources @ 13 (156 bytes)
Event: 285.082 Thread 0x0000021ae32dc6c0 nmethod 7353% 0x0000021ad4b8dd10 code [0x0000021ad4b8dec0, 0x0000021ad4b8e3e8]
Event: 285.164 Thread 0x0000021ae32dc6c0 7354  s    4       java.lang.Throwable::fillInStackTrace (29 bytes)
Event: 285.168 Thread 0x0000021ae32dc6c0 nmethod 7354 0x0000021ad4b8e790 code [0x0000021ad4b8e920, 0x0000021ad4b8eca8]
Event: 285.707 Thread 0x0000021ae32fd090 7355       3       java.io.DataOutputStream::writeUTF (411 bytes)
Event: 285.710 Thread 0x0000021ae32fd090 nmethod 7355 0x0000021acd9d9a90 code [0x0000021acd9d9e40, 0x0000021acd9dbcc8]
Event: 444.430 Thread 0x0000021ae32fd090 7356       3       com.sun.prism.d3d.D3DResource$D3DRecord::dispose (41 bytes)
Event: 444.431 Thread 0x0000021ae32fd090 nmethod 7356 0x0000021acd9dc910 code [0x0000021acd9dcae0, 0x0000021acd9dcdb8]
Event: 444.432 Thread 0x0000021ae32fd090 7357       3       java.util.LinkedList::unlink (91 bytes)

GC Heap History (12 events):
Event: 1.149 GC heap before
{Heap before GC invocations=0 (full 0):
 garbage-first heap   total 114688K, used 23552K [0x0000000091000000, 0x0000000100000000)
  region size 1024K, 23 young (23552K), 0 survivors (0K)
 Metaspace       used 4579K, committed 4800K, reserved 1114112K
  class space    used 513K, committed 640K, reserved 1048576K
}
Event: 1.152 GC heap after
{Heap after GC invocations=1 (full 0):
 garbage-first heap   total 114688K, used 3360K [0x0000000091000000, 0x0000000100000000)
  region size 1024K, 3 young (3072K), 3 survivors (3072K)
 Metaspace       used 4579K, committed 4800K, reserved 1114112K
  class space    used 513K, committed 640K, reserved 1048576K
}
Event: 4.466 GC heap before
{Heap before GC invocations=1 (full 0):
 garbage-first heap   total 114688K, used 39200K [0x0000000091000000, 0x0000000100000000)
  region size 1024K, 35 young (35840K), 3 survivors (3072K)
 Metaspace       used 10564K, committed 10752K, reserved 1114112K
  class space    used 1383K, committed 1472K, reserved 1048576K
}
Event: 4.474 GC heap after
{Heap after GC invocations=2 (full 0):
 garbage-first heap   total 114688K, used 8448K [0x0000000091000000, 0x0000000100000000)
  region size 1024K, 4 young (4096K), 4 survivors (4096K)
 Metaspace       used 10564K, committed 10752K, reserved 1114112K
  class space    used 1383K, committed 1472K, reserved 1048576K
}
Event: 16.237 GC heap before
{Heap before GC invocations=2 (full 0):
 garbage-first heap   total 114688K, used 87296K [0x0000000091000000, 0x0000000100000000)
  region size 1024K, 64 young (65536K), 4 survivors (4096K)
 Metaspace       used 21250K, committed 21504K, reserved 1114112K
  class space    used 3084K, committed 3264K, reserved 1048576K
}
Event: 16.248 GC heap after
{Heap after GC invocations=3 (full 0):
 garbage-first heap   total 114688K, used 33716K [0x0000000091000000, 0x0000000100000000)
  region size 1024K, 9 young (9216K), 9 survivors (9216K)
 Metaspace       used 21250K, committed 21504K, reserved 1114112K
  class space    used 3084K, committed 3264K, reserved 1048576K
}
Event: 180.786 GC heap before
{Heap before GC invocations=4 (full 0):
 garbage-first heap   total 114688K, used 89012K [0x0000000091000000, 0x0000000100000000)
  region size 1024K, 54 young (55296K), 9 survivors (9216K)
 Metaspace       used 22491K, committed 22784K, reserved 1114112K
  class space    used 3186K, committed 3328K, reserved 1048576K
}
Event: 180.804 GC heap after
{Heap after GC invocations=5 (full 0):
 garbage-first heap   total 114688K, used 42700K [0x0000000091000000, 0x0000000100000000)
  region size 1024K, 7 young (7168K), 7 survivors (7168K)
 Metaspace       used 22491K, committed 22784K, reserved 1114112K
  class space    used 3186K, committed 3328K, reserved 1048576K
}
Event: 181.601 GC heap before
{Heap before GC invocations=5 (full 0):
 garbage-first heap   total 114688K, used 42700K [0x0000000091000000, 0x0000000100000000)
  region size 1024K, 8 young (8192K), 7 survivors (7168K)
 Metaspace       used 22541K, committed 22784K, reserved 1114112K
  class space    used 3186K, committed 3328K, reserved 1048576K
}
Event: 181.626 GC heap after
{Heap after GC invocations=6 (full 0):
 garbage-first heap   total 114688K, used 42215K [0x0000000091000000, 0x0000000100000000)
  region size 1024K, 1 young (1024K), 1 survivors (1024K)
 Metaspace       used 22541K, committed 22784K, reserved 1114112K
  class space    used 3186K, committed 3328K, reserved 1048576K
}
Event: 283.259 GC heap before
{Heap before GC invocations=6 (full 0):
 garbage-first heap   total 114688K, used 93415K [0x0000000091000000, 0x0000000100000000)
  region size 1024K, 42 young (43008K), 1 survivors (1024K)
 Metaspace       used 23094K, committed 23424K, reserved 1114112K
  class space    used 3211K, committed 3392K, reserved 1048576K
}
Event: 283.263 GC heap after
{Heap after GC invocations=7 (full 0):
 garbage-first heap   total 114688K, used 48529K [0x0000000091000000, 0x0000000100000000)
  region size 1024K, 4 young (4096K), 4 survivors (4096K)
 Metaspace       used 23094K, committed 23424K, reserved 1114112K
  class space    used 3211K, committed 3392K, reserved 1048576K
}

Dll operation events (20 events):
Event: 0.692 Loaded shared library D:\Proyecto Terminal\openjfx-22.0.1_windows-x64_bin-sdk\javafx-sdk-22.0.1\bin\api-ms-win-crt-math-l1-1-0.dll
Event: 0.694 Loaded shared library D:\Proyecto Terminal\openjfx-22.0.1_windows-x64_bin-sdk\javafx-sdk-22.0.1\bin\api-ms-win-crt-multibyte-l1-1-0.dll
Event: 0.696 Loaded shared library D:\Proyecto Terminal\openjfx-22.0.1_windows-x64_bin-sdk\javafx-sdk-22.0.1\bin\api-ms-win-crt-private-l1-1-0.dll
Event: 0.697 Loaded shared library D:\Proyecto Terminal\openjfx-22.0.1_windows-x64_bin-sdk\javafx-sdk-22.0.1\bin\api-ms-win-crt-process-l1-1-0.dll
Event: 0.699 Loaded shared library D:\Proyecto Terminal\openjfx-22.0.1_windows-x64_bin-sdk\javafx-sdk-22.0.1\bin\api-ms-win-crt-runtime-l1-1-0.dll
Event: 0.701 Loaded shared library D:\Proyecto Terminal\openjfx-22.0.1_windows-x64_bin-sdk\javafx-sdk-22.0.1\bin\api-ms-win-crt-stdio-l1-1-0.dll
Event: 0.703 Loaded shared library D:\Proyecto Terminal\openjfx-22.0.1_windows-x64_bin-sdk\javafx-sdk-22.0.1\bin\api-ms-win-crt-string-l1-1-0.dll
Event: 0.704 Loaded shared library D:\Proyecto Terminal\openjfx-22.0.1_windows-x64_bin-sdk\javafx-sdk-22.0.1\bin\api-ms-win-crt-time-l1-1-0.dll
Event: 0.706 Loaded shared library D:\Proyecto Terminal\openjfx-22.0.1_windows-x64_bin-sdk\javafx-sdk-22.0.1\bin\api-ms-win-crt-utility-l1-1-0.dll
Event: 0.708 Loaded shared library D:\Proyecto Terminal\openjfx-22.0.1_windows-x64_bin-sdk\javafx-sdk-22.0.1\bin\ucrtbase.dll
Event: 0.710 Loaded shared library D:\Proyecto Terminal\openjfx-22.0.1_windows-x64_bin-sdk\javafx-sdk-22.0.1\bin\vcruntime140.dll
Event: 0.712 Loaded shared library D:\Proyecto Terminal\openjfx-22.0.1_windows-x64_bin-sdk\javafx-sdk-22.0.1\bin\vcruntime140_1.dll
Event: 0.715 Loaded shared library D:\Proyecto Terminal\openjfx-22.0.1_windows-x64_bin-sdk\javafx-sdk-22.0.1\bin\msvcp140.dll
Event: 0.717 Loaded shared library D:\Proyecto Terminal\openjfx-22.0.1_windows-x64_bin-sdk\javafx-sdk-22.0.1\bin\msvcp140_1.dll
Event: 0.719 Loaded shared library D:\Proyecto Terminal\openjfx-22.0.1_windows-x64_bin-sdk\javafx-sdk-22.0.1\bin\msvcp140_2.dll
Event: 0.808 Loaded shared library D:\Proyecto Terminal\openjfx-22.0.1_windows-x64_bin-sdk\javafx-sdk-22.0.1\bin\prism_d3d.dll
Event: 0.876 Loaded shared library D:\Proyecto Terminal\openjfx-22.0.1_windows-x64_bin-sdk\javafx-sdk-22.0.1\bin\glass.dll
Event: 1.080 Loaded shared library C:\Users\diego\.jdks\corretto-17.0.13\bin\jimage.dll
Event: 2.102 Loaded shared library D:\Proyecto Terminal\openjfx-22.0.1_windows-x64_bin-sdk\javafx-sdk-22.0.1\bin\javafx_font.dll
Event: 7.116 Loaded shared library D:\Proyecto Terminal\openjfx-22.0.1_windows-x64_bin-sdk\javafx-sdk-22.0.1\bin\javafx_iio.dll

Deoptimization events (20 events):
Event: 283.248 Thread 0x0000021ae3796270 DEOPT PACKING pc=0x0000021accd8e9bc sp=0x000000d2c20fc8d0
Event: 283.248 Thread 0x0000021ae3796270 DEOPT UNPACKING pc=0x0000021ad4157143 sp=0x000000d2c20fbeb8 mode 1
Event: 283.248 Thread 0x0000021ae3796270 DEOPT PACKING pc=0x0000021accda72dc sp=0x000000d2c20fcac0
Event: 283.248 Thread 0x0000021ae3796270 DEOPT UNPACKING pc=0x0000021ad4157143 sp=0x000000d2c20fbf88 mode 1
Event: 283.252 Thread 0x0000021ae3796270 DEOPT PACKING pc=0x0000021accd8e9bc sp=0x000000d2c20fc8d0
Event: 283.252 Thread 0x0000021ae3796270 DEOPT UNPACKING pc=0x0000021ad4157143 sp=0x000000d2c20fbeb8 mode 1
Event: 283.252 Thread 0x0000021ae3796270 DEOPT PACKING pc=0x0000021accda72dc sp=0x000000d2c20fcac0
Event: 283.252 Thread 0x0000021ae3796270 DEOPT UNPACKING pc=0x0000021ad4157143 sp=0x000000d2c20fbf88 mode 1
Event: 444.429 Thread 0x0000021ae86d85e0 Uncommon trap: trap_request=0xffffff45 fr.pc=0x0000021ad49e8e44 relative=0x00000000000000c4
Event: 444.429 Thread 0x0000021ae86d85e0 Uncommon trap: reason=unstable_if action=reinterpret pc=0x0000021ad49e8e44 method=java.util.concurrent.locks.ReentrantLock$Sync.tryRelease(I)Z @ 26 c2
Event: 444.429 Thread 0x0000021ae86d85e0 DEOPT PACKING pc=0x0000021ad49e8e44 sp=0x000000d2c34fecd0
Event: 444.429 Thread 0x0000021ae86d85e0 DEOPT UNPACKING pc=0x0000021ad41569a3 sp=0x000000d2c34fec80 mode 2
Event: 444.429 Thread 0x0000021ae89ea060 DEOPT PACKING pc=0x0000021acd5343c4 sp=0x000000d2c17fef90
Event: 444.430 Thread 0x0000021ae89ea060 DEOPT UNPACKING pc=0x0000021ad4157143 sp=0x000000d2c17fe4b0 mode 1
Event: 444.430 Thread 0x0000021ae89ea060 DEOPT PACKING pc=0x0000021acd851a64 sp=0x000000d2c17ff080
Event: 444.430 Thread 0x0000021ae89ea060 DEOPT UNPACKING pc=0x0000021ad4157143 sp=0x000000d2c17fe5c8 mode 1
Event: 444.430 Thread 0x0000021ae89ea060 DEOPT PACKING pc=0x0000021acd85463c sp=0x000000d2c17ff190
Event: 444.430 Thread 0x0000021ae89ea060 DEOPT UNPACKING pc=0x0000021ad4157143 sp=0x000000d2c17fe650 mode 1
Event: 444.431 Thread 0x0000021ae86d85e0 DEOPT PACKING pc=0x0000021ad48315cc sp=0x000000d2c34ff030
Event: 444.431 Thread 0x0000021ae86d85e0 DEOPT UNPACKING pc=0x0000021ad4157143 sp=0x000000d2c34fe450 mode 1

Classes loaded (20 events):
Event: 168.081 Loading class optiuam/bc/model/ElementoGrafico
Event: 168.081 Loading class optiuam/bc/model/ElementoGrafico done
Event: 168.081 Loading class optiuam/bc/model/ElementoGrafico
Event: 168.081 Loading class optiuam/bc/model/ElementoGrafico done
Event: 168.081 Loading class optiuam/bc/model/ElementoGrafico
Event: 168.081 Loading class optiuam/bc/model/ElementoGrafico done
Event: 168.081 Loading class optiuam/bc/model/ElementoGrafico
Event: 168.081 Loading class optiuam/bc/model/ElementoGrafico done
Event: 168.082 Loading class optiuam/bc/controller/VentanaFibraController
Event: 168.082 Loading class optiuam/bc/controller/VentanaFibraController done
Event: 168.082 Loading class optiuam/bc/model/ElementoGrafico
Event: 168.082 Loading class optiuam/bc/model/ElementoGrafico done
Event: 185.178 Loading class java/io/DataOutputStream
Event: 185.178 Loading class java/io/DataOutputStream done
Event: 444.423 Loading class jdk/internal/misc/Signal$1
Event: 444.423 Loading class jdk/internal/misc/Signal$1 done
Event: 444.428 Loading class com/sun/javafx/tk/quantum/QuantumRenderer
Event: 444.428 Loading class com/sun/javafx/tk/quantum/QuantumRenderer done
Event: 444.429 Loading class com/sun/javafx/tk/quantum/QuantumToolkit
Event: 444.429 Loading class com/sun/javafx/tk/quantum/QuantumToolkit done

Classes unloaded (0 events):
No events

Classes redefined (0 events):
No events

Internal exceptions (20 events):
Event: 5.722 Thread 0x0000021ae89ea060 Exception <a 'java/lang/NoSuchMethodError'{0x00000000962ac9d0}: 'java.lang.Object java.lang.invoke.DirectMethodHandle$Holder.invokeStaticInit(java.lang.Object, int)'> (0x00000000962ac9d0) 
thrown [s\src\hotspot\share\interpreter\linkResolver.cpp, line 759]
Event: 7.022 Thread 0x0000021ae3796270 Exception <a 'java/lang/NoSuchMethodError'{0x0000000095e4c968}: 'long java.lang.invoke.DirectMethodHandle$Holder.invokeStatic(java.lang.Object, java.lang.Object, java.lang.Object)'> (0x0000000095e4c968) 
thrown [s\src\hotspot\share\interpreter\linkResolver.cpp, line 759]
Event: 7.023 Thread 0x0000021ae3796270 Exception <a 'java/lang/NoSuchMethodError'{0x0000000095e50110}: 'long java.lang.invoke.DirectMethodHandle$Holder.invokeStaticInit(java.lang.Object, java.lang.Object, java.lang.Object)'> (0x0000000095e50110) 
thrown [s\src\hotspot\share\interpreter\linkResolver.cpp, line 759]
Event: 7.026 Thread 0x0000021ae3796270 Exception <a 'java/lang/NoSuchMethodError'{0x0000000095e67c90}: 'java.lang.Object java.lang.invoke.DirectMethodHandle$Holder.newInvokeSpecial(java.lang.Object, java.lang.Object, long)'> (0x0000000095e67c90) 
thrown [s\src\hotspot\share\interpreter\linkResolver.cpp, line 759]
Event: 7.027 Thread 0x0000021ae3796270 Exception <a 'java/lang/NoSuchMethodError'{0x0000000095e6b800}: 'java.lang.Object java.lang.invoke.Invokers$Holder.linkToTargetMethod(java.lang.Object, long, java.lang.Object)'> (0x0000000095e6b800) 
thrown [s\src\hotspot\share\interpreter\linkResolver.cpp, line 759]
Event: 7.323 Thread 0x0000021ae3796270 Exception <a 'java/lang/ClassNotFoundException'{0x000000009533e708}: com/sun/javafx/scene/control/skin/resources/controls> (0x000000009533e708) 
thrown [s\src\hotspot\share\prims\jni.cpp, line 535]
Event: 7.324 Thread 0x0000021ae3796270 Exception <a 'java/lang/ClassNotFoundException'{0x000000009534d0b8}: com/sun/javafx/scene/control/skin/resources/controls_es> (0x000000009534d0b8) 
thrown [s\src\hotspot\share\prims\jni.cpp, line 535]
Event: 7.325 Thread 0x0000021ae3796270 Exception <a 'java/lang/ClassNotFoundException'{0x000000009535b298}: com/sun/javafx/scene/control/skin/resources/controls_es_MX> (0x000000009535b298) 
thrown [s\src\hotspot\share\prims\jni.cpp, line 535]
Event: 7.388 Thread 0x0000021ae3796270 Exception <a 'java/lang/NoSuchMethodError'{0x00000000952e8418}: 'int java.lang.invoke.DirectMethodHandle$Holder.invokeSpecial(java.lang.Object, java.lang.Object, int)'> (0x00000000952e8418) 
thrown [s\src\hotspot\share\interpreter\linkResolver.cpp, line 759]
Event: 8.008 Thread 0x0000021ae3796270 Exception <a 'java/lang/NoSuchMethodError'{0x0000000094a21d30}: 'void java.lang.invoke.DirectMethodHandle$Holder.invokeVirtual(java.lang.Object, java.lang.Object)'> (0x0000000094a21d30) 
thrown [s\src\hotspot\share\interpreter\linkResolver.cpp, line 759]
Event: 9.326 Thread 0x0000021ae3796270 Exception <a 'java/lang/NoSuchMethodError'{0x0000000094adf6a0}: 'java.lang.Object java.lang.invoke.DirectMethodHandle$Holder.newInvokeSpecial(java.lang.Object, java.lang.Object, int, int, int, int, int, java.lang.Object)'> (0x0000000094adf6a0) 
thrown [s\src\hotspot\share\interpreter\linkResolver.cpp, line 759]
Event: 9.329 Thread 0x0000021ae3796270 Exception <a 'java/lang/NoSuchMethodError'{0x0000000094af2bc8}: 'java.lang.Object java.lang.invoke.DirectMethodHandle$Holder.newInvokeSpecial(java.lang.Object, java.lang.Object, java.lang.Object, int, int, int, int, int)'> (0x0000000094af2bc8) 
thrown [s\src\hotspot\share\interpreter\linkResolver.cpp, line 759]
Event: 9.330 Thread 0x0000021ae3796270 Exception <a 'java/lang/NoSuchMethodError'{0x0000000094afac20}: 'java.lang.Object java.lang.invoke.Invokers$Holder.linkToTargetMethod(java.lang.Object, java.lang.Object, int, int, int, int, int, java.lang.Object)'> (0x0000000094afac20) 
thrown [s\src\hotspot\share\interpreter\linkResolver.cpp, line 759]
Event: 16.270 Thread 0x0000021ae3796270 Implicit null exception at 0x0000021ad490b8d4 to 0x0000021ad490b95c
Event: 17.298 Thread 0x0000021ae3796270 Implicit null exception at 0x0000021ad48a6ffe to 0x0000021ad48a7090
Event: 180.815 Thread 0x0000021ae89ea060 Implicit null exception at 0x0000021ad47729ac to 0x0000021ad4772a2c
Event: 185.189 Thread 0x0000021ae3796270 Exception <a 'java/lang/NoSuchMethodError'{0x00000000978efc58}: 'java.lang.Object java.lang.invoke.DirectMethodHandle$Holder.invokeSpecial(java.lang.Object, java.lang.Object, long, java.lang.Object, int, int, java.lang.Object, int, java.lang.Object)'> (0x00000000978efc58) 
thrown [s\src\hotspot\share\interpreter\linkResolver.cpp, line 759]
Event: 185.190 Thread 0x0000021ae3796270 Exception <a 'java/lang/NoSuchMethodError'{0x00000000978f3eb8}: 'java.lang.Object java.lang.invoke.DelegatingMethodHandle$Holder.reinvoke_L(java.lang.Object, long, java.lang.Object, int, int, java.lang.Object, int, java.lang.Object)'> (0x00000000978f3eb8) 
thrown [s\src\hotspot\share\interpreter\linkResolver.cpp, line 759]
Event: 185.206 Thread 0x0000021ae3796270 Exception <a 'java/lang/NoSuchMethodError'{0x000000009760ff08}: 'java.lang.Object java.lang.invoke.DirectMethodHandle$Holder.invokeSpecial(java.lang.Object, java.lang.Object, long, java.lang.Object, int, int, int, java.lang.Object, java.lang.Object, java.lang.Object, int)'> (0x000000009760ff08) 
thrown [s\src\hotspot\share\interpreter\linkResolver.cpp, line 759]
Event: 185.207 Thread 0x0000021ae3796270 Exception <a 'java/lang/NoSuchMethodError'{0x0000000097614448}: 'java.lang.Object java.lang.invoke.DelegatingMethodHandle$Holder.reinvoke_L(java.lang.Object, long, java.lang.Object, int, int, int, java.lang.Object, java.lang.Object, java.lang.Object, int)'> (0x0000000097614448) 
thrown [s\src\hotspot\share\interpreter\linkResolver.cpp, line 759]

VM Operations (20 events):
Event: 397.282 Executing VM operation: ChangeBreakpoints done
Event: 397.292 Executing VM operation: ChangeBreakpoints
Event: 397.295 Executing VM operation: ChangeBreakpoints done
Event: 444.217 Executing VM operation: ChangeBreakpoints
Event: 444.217 Executing VM operation: ChangeBreakpoints done
Event: 444.220 Executing VM operation: ChangeBreakpoints
Event: 444.220 Executing VM operation: ChangeBreakpoints done
Event: 444.220 Executing VM operation: ChangeBreakpoints
Event: 444.220 Executing VM operation: ChangeBreakpoints done
Event: 444.220 Executing VM operation: ChangeBreakpoints
Event: 444.220 Executing VM operation: ChangeBreakpoints done
Event: 444.220 Executing VM operation: ChangeBreakpoints
Event: 444.220 Executing VM operation: ChangeBreakpoints done
Event: 444.220 Executing VM operation: ChangeBreakpoints
Event: 444.220 Executing VM operation: ChangeBreakpoints done
Event: 444.220 Executing VM operation: ChangeBreakpoints
Event: 444.220 Executing VM operation: ChangeBreakpoints done
Event: 444.220 Executing VM operation: ChangeBreakpoints
Event: 444.220 Executing VM operation: ChangeBreakpoints done
Event: 444.433 Executing VM operation: Exit

Memory protections (0 events):
No events

Nmethod flushes (20 events):
Event: 23.299 Thread 0x0000021ae33011a0 flushing  nmethod 0x0000021acd34d190
Event: 23.299 Thread 0x0000021ae33011a0 flushing  nmethod 0x0000021acd353d90
Event: 23.300 Thread 0x0000021ae33011a0 flushing osr nmethod 0x0000021acd369390
Event: 23.300 Thread 0x0000021ae33011a0 flushing  nmethod 0x0000021acd376610
Event: 23.300 Thread 0x0000021ae33011a0 flushing  nmethod 0x0000021acd37ff10
Event: 23.300 Thread 0x0000021ae33011a0 flushing  nmethod 0x0000021acd38ac90
Event: 23.300 Thread 0x0000021ae33011a0 flushing  nmethod 0x0000021acd3c2190
Event: 23.300 Thread 0x0000021ae33011a0 flushing  nmethod 0x0000021acd3c5490
Event: 23.300 Thread 0x0000021ae33011a0 flushing  nmethod 0x0000021acd400490
Event: 23.300 Thread 0x0000021ae33011a0 flushing  nmethod 0x0000021acd40e110
Event: 23.300 Thread 0x0000021ae33011a0 flushing  nmethod 0x0000021acd46b510
Event: 23.300 Thread 0x0000021ae33011a0 flushing  nmethod 0x0000021acd48d710
Event: 23.300 Thread 0x0000021ae33011a0 flushing  nmethod 0x0000021acd497210
Event: 23.300 Thread 0x0000021ae33011a0 flushing  nmethod 0x0000021acd4df710
Event: 23.300 Thread 0x0000021ae33011a0 flushing  nmethod 0x0000021acd515b90
Event: 23.301 Thread 0x0000021ae33011a0 flushing  nmethod 0x0000021acd5eb010
Event: 23.301 Thread 0x0000021ae33011a0 flushing  nmethod 0x0000021acd615d10
Event: 23.301 Thread 0x0000021ae33011a0 flushing  nmethod 0x0000021acd616310
Event: 23.301 Thread 0x0000021ae33011a0 flushing osr nmethod 0x0000021acd617b10
Event: 174.394 Thread 0x0000021ae33011a0 flushing  nmethod 0x0000021accedcd90

Events (20 events):
Event: 168.903 Thread 0x0000021ac370bb30 Thread exited: 0x0000021ac370bb30
Event: 169.765 Thread 0x0000021ae32fd090 Thread added: 0x0000021ac370bb30
Event: 170.012 Thread 0x0000021ac370bb30 Thread exited: 0x0000021ac370bb30
Event: 170.277 Thread 0x0000021ae32fd090 Thread added: 0x0000021ac370bb30
Event: 171.223 Thread 0x0000021ac370bb30 Thread exited: 0x0000021ac370bb30
Event: 171.243 Thread 0x0000021ae32fd090 Thread added: 0x0000021ac370bb30
Event: 171.642 Thread 0x0000021ac370bb30 Thread exited: 0x0000021ac370bb30
Event: 266.866 Thread 0x0000021ae32fd090 Thread added: 0x0000021affe879d0
Event: 267.563 Thread 0x0000021affe879d0 Thread exited: 0x0000021affe879d0
Event: 273.404 Thread 0x0000021ae32fd090 Thread added: 0x0000021b00fab830
Event: 274.164 Thread 0x0000021b00fab830 Thread exited: 0x0000021b00fab830
Event: 277.849 Thread 0x0000021ae32dc6c0 Thread added: 0x0000021afffaf830
Event: 278.052 Thread 0x0000021afffaf830 Thread exited: 0x0000021afffaf830
Event: 444.217 Thread 0x0000021ae86d85e0 Thread exited: 0x0000021ae86d85e0
Event: 444.242 Thread 0x0000021ae86d6c90 Thread exited: 0x0000021ae86d6c90
Event: 444.424 Thread 0x0000021ae32cc930 Thread added: 0x0000021ae86d6c90
Event: 444.426 Thread 0x0000021ae86d6c90 Thread added: 0x0000021ae86d9000
Event: 444.426 Thread 0x0000021ae86d6c90 Thread added: 0x0000021ae86d85e0
Event: 444.428 Thread 0x0000021ae86d9000 Thread exited: 0x0000021ae86d9000
Event: 444.431 Thread 0x0000021ae86d85e0 Thread exited: 0x0000021ae86d85e0


Dynamic libraries:
0x00007ff62fc30000 - 0x00007ff62fc3e000 	C:\Users\diego\.jdks\corretto-17.0.13\bin\java.exe
0x00007ff9e2630000 - 0x00007ff9e2847000 	C:\Windows\SYSTEM32\ntdll.dll
0x00007ff9e24c0000 - 0x00007ff9e2584000 	C:\Windows\System32\KERNEL32.DLL
0x00007ff9dfa50000 - 0x00007ff9dfe09000 	C:\Windows\System32\KERNELBASE.dll
0x00007ff9df930000 - 0x00007ff9dfa41000 	C:\Windows\System32\ucrtbase.dll
0x00007ff9d1e10000 - 0x00007ff9d1e27000 	C:\Users\diego\.jdks\corretto-17.0.13\bin\jli.dll
0x00007ff9da210000 - 0x00007ff9da22b000 	C:\Users\diego\.jdks\corretto-17.0.13\bin\VCRUNTIME140.dll
0x00007ff9e1790000 - 0x00007ff9e193e000 	C:\Windows\System32\USER32.dll
0x00007ff9dfff0000 - 0x00007ff9e0016000 	C:\Windows\System32\win32u.dll
0x00007ff9cd590000 - 0x00007ff9cd822000 	C:\Windows\WinSxS\amd64_microsoft.windows.common-controls_6595b64144ccf1df_6.0.22621.4391_none_2715d37f73803e96\COMCTL32.dll
0x00007ff9e1150000 - 0x00007ff9e1179000 	C:\Windows\System32\GDI32.dll
0x00007ff9e1b80000 - 0x00007ff9e1c27000 	C:\Windows\System32\msvcrt.dll
0x00007ff9dfed0000 - 0x00007ff9dffeb000 	C:\Windows\System32\gdi32full.dll
0x00007ff9e01c0000 - 0x00007ff9e025a000 	C:\Windows\System32\msvcp_win.dll
0x00007ff9e1af0000 - 0x00007ff9e1b21000 	C:\Windows\System32\IMM32.DLL
0x00007ff9da570000 - 0x00007ff9da57c000 	C:\Users\diego\.jdks\corretto-17.0.13\bin\vcruntime140_1.dll
0x00007ff9d0ca0000 - 0x00007ff9d0d2d000 	C:\Users\diego\.jdks\corretto-17.0.13\bin\msvcp140.dll
0x00007ff97f150000 - 0x00007ff97fdbc000 	C:\Users\diego\.jdks\corretto-17.0.13\bin\server\jvm.dll
0x00007ff9e04b0000 - 0x00007ff9e0562000 	C:\Windows\System32\ADVAPI32.dll
0x00007ff9e0820000 - 0x00007ff9e08c7000 	C:\Windows\System32\sechost.dll
0x00007ff9e0020000 - 0x00007ff9e0048000 	C:\Windows\System32\bcrypt.dll
0x00007ff9e0960000 - 0x00007ff9e0a74000 	C:\Windows\System32\RPCRT4.dll
0x00007ff9e0f10000 - 0x00007ff9e0f81000 	C:\Windows\System32\WS2_32.dll
0x00007ff9df800000 - 0x00007ff9df84d000 	C:\Windows\SYSTEM32\POWRPROF.dll
0x00007ff9dc2b0000 - 0x00007ff9dc2e4000 	C:\Windows\SYSTEM32\WINMM.dll
0x00007ff9d7050000 - 0x00007ff9d705a000 	C:\Windows\SYSTEM32\VERSION.dll
0x00007ff9df7e0000 - 0x00007ff9df7f3000 	C:\Windows\SYSTEM32\UMPDC.dll
0x00007ff9de970000 - 0x00007ff9de988000 	C:\Windows\SYSTEM32\kernel.appcore.dll
0x00007ff9da530000 - 0x00007ff9da53a000 	C:\Users\diego\.jdks\corretto-17.0.13\bin\jimage.dll
0x00007ff9dcf40000 - 0x00007ff9dd172000 	C:\Windows\SYSTEM32\DBGHELP.DLL
0x00007ff9e1400000 - 0x00007ff9e178f000 	C:\Windows\System32\combase.dll
0x00007ff9e0740000 - 0x00007ff9e0817000 	C:\Windows\System32\OLEAUT32.dll
0x00007ff9c08d0000 - 0x00007ff9c0902000 	C:\Windows\SYSTEM32\dbgcore.DLL
0x00007ff9e0260000 - 0x00007ff9e02db000 	C:\Windows\System32\bcryptPrimitives.dll
0x00007ff9d19d0000 - 0x00007ff9d1a0b000 	C:\Users\diego\.jdks\corretto-17.0.13\bin\jdwp.dll
0x00007ff9da470000 - 0x00007ff9da47e000 	C:\Users\diego\.jdks\corretto-17.0.13\bin\instrument.dll
0x00007ff9d1de0000 - 0x00007ff9d1e05000 	C:\Users\diego\.jdks\corretto-17.0.13\bin\java.dll
0x00007ff9d1c10000 - 0x00007ff9d1c28000 	C:\Users\diego\.jdks\corretto-17.0.13\bin\zip.dll
0x00007ff9cfd30000 - 0x00007ff9cfe07000 	C:\Users\diego\.jdks\corretto-17.0.13\bin\jsvml.dll
0x00007ff9e1c30000 - 0x00007ff9e24a6000 	C:\Windows\System32\SHELL32.dll
0x00007ff9dd870000 - 0x00007ff9de173000 	C:\Windows\SYSTEM32\windows.storage.dll
0x00007ff9dd730000 - 0x00007ff9dd86f000 	C:\Windows\SYSTEM32\wintypes.dll
0x00007ff9e1200000 - 0x00007ff9e12f9000 	C:\Windows\System32\SHCORE.dll
0x00007ff9e10f0000 - 0x00007ff9e114e000 	C:\Windows\System32\shlwapi.dll
0x00007ff9df860000 - 0x00007ff9df88b000 	C:\Windows\SYSTEM32\profapi.dll
0x00007ff9d1b90000 - 0x00007ff9d1ba9000 	C:\Users\diego\.jdks\corretto-17.0.13\bin\net.dll
0x00007ff9d8e40000 - 0x00007ff9d8f76000 	C:\Windows\SYSTEM32\WINHTTP.dll
0x00007ff9dedf0000 - 0x00007ff9dee59000 	C:\Windows\system32\mswsock.dll
0x00007ff9d1980000 - 0x00007ff9d1996000 	C:\Users\diego\.jdks\corretto-17.0.13\bin\nio.dll
0x00007ff9da200000 - 0x00007ff9da20c000 	C:\Users\diego\.jdks\corretto-17.0.13\bin\dt_socket.dll
0x00007ff9de420000 - 0x00007ff9de44d000 	C:\Windows\SYSTEM32\IPHLPAPI.DLL
0x0000021ae3bc0000 - 0x0000021ae3bc3000 	D:\Proyecto Terminal\openjfx-22.0.1_windows-x64_bin-sdk\javafx-sdk-22.0.1\bin\api-ms-win-core-console-l1-1-0.dll
0x0000021ae3bd0000 - 0x0000021ae3bd3000 	D:\Proyecto Terminal\openjfx-22.0.1_windows-x64_bin-sdk\javafx-sdk-22.0.1\bin\api-ms-win-core-console-l1-2-0.dll
0x0000021ae3be0000 - 0x0000021ae3be3000 	D:\Proyecto Terminal\openjfx-22.0.1_windows-x64_bin-sdk\javafx-sdk-22.0.1\bin\api-ms-win-core-datetime-l1-1-0.dll
0x0000021ae3870000 - 0x0000021ae3873000 	D:\Proyecto Terminal\openjfx-22.0.1_windows-x64_bin-sdk\javafx-sdk-22.0.1\bin\api-ms-win-core-debug-l1-1-0.dll
0x0000021ae3880000 - 0x0000021ae3883000 	D:\Proyecto Terminal\openjfx-22.0.1_windows-x64_bin-sdk\javafx-sdk-22.0.1\bin\api-ms-win-core-errorhandling-l1-1-0.dll
0x0000021ae3890000 - 0x0000021ae3894000 	D:\Proyecto Terminal\openjfx-22.0.1_windows-x64_bin-sdk\javafx-sdk-22.0.1\bin\api-ms-win-core-file-l1-1-0.dll
0x0000021ae38a0000 - 0x0000021ae38a3000 	D:\Proyecto Terminal\openjfx-22.0.1_windows-x64_bin-sdk\javafx-sdk-22.0.1\bin\api-ms-win-core-file-l1-2-0.dll
0x0000021ae38b0000 - 0x0000021ae38b3000 	D:\Proyecto Terminal\openjfx-22.0.1_windows-x64_bin-sdk\javafx-sdk-22.0.1\bin\api-ms-win-core-file-l2-1-0.dll
0x0000021ae38c0000 - 0x0000021ae38c3000 	D:\Proyecto Terminal\openjfx-22.0.1_windows-x64_bin-sdk\javafx-sdk-22.0.1\bin\api-ms-win-core-handle-l1-1-0.dll
0x0000021ae38d0000 - 0x0000021ae38d3000 	D:\Proyecto Terminal\openjfx-22.0.1_windows-x64_bin-sdk\javafx-sdk-22.0.1\bin\api-ms-win-core-heap-l1-1-0.dll
0x0000021ae38e0000 - 0x0000021ae38e3000 	D:\Proyecto Terminal\openjfx-22.0.1_windows-x64_bin-sdk\javafx-sdk-22.0.1\bin\api-ms-win-core-interlocked-l1-1-0.dll
0x0000021ae38f0000 - 0x0000021ae38f3000 	D:\Proyecto Terminal\openjfx-22.0.1_windows-x64_bin-sdk\javafx-sdk-22.0.1\bin\api-ms-win-core-libraryloader-l1-1-0.dll
0x0000021ae3900000 - 0x0000021ae3903000 	D:\Proyecto Terminal\openjfx-22.0.1_windows-x64_bin-sdk\javafx-sdk-22.0.1\bin\api-ms-win-core-localization-l1-2-0.dll
0x0000021ae3910000 - 0x0000021ae3913000 	D:\Proyecto Terminal\openjfx-22.0.1_windows-x64_bin-sdk\javafx-sdk-22.0.1\bin\api-ms-win-core-memory-l1-1-0.dll
0x0000021ae3920000 - 0x0000021ae3923000 	D:\Proyecto Terminal\openjfx-22.0.1_windows-x64_bin-sdk\javafx-sdk-22.0.1\bin\api-ms-win-core-namedpipe-l1-1-0.dll
0x0000021ae3930000 - 0x0000021ae3933000 	D:\Proyecto Terminal\openjfx-22.0.1_windows-x64_bin-sdk\javafx-sdk-22.0.1\bin\api-ms-win-core-processenvironment-l1-1-0.dll
0x0000021ae3940000 - 0x0000021ae3943000 	D:\Proyecto Terminal\openjfx-22.0.1_windows-x64_bin-sdk\javafx-sdk-22.0.1\bin\api-ms-win-core-processthreads-l1-1-0.dll
0x0000021ae3950000 - 0x0000021ae3953000 	D:\Proyecto Terminal\openjfx-22.0.1_windows-x64_bin-sdk\javafx-sdk-22.0.1\bin\api-ms-win-core-processthreads-l1-1-1.dll
0x0000021ae3960000 - 0x0000021ae3963000 	D:\Proyecto Terminal\openjfx-22.0.1_windows-x64_bin-sdk\javafx-sdk-22.0.1\bin\api-ms-win-core-profile-l1-1-0.dll
0x0000021ae3970000 - 0x0000021ae3973000 	D:\Proyecto Terminal\openjfx-22.0.1_windows-x64_bin-sdk\javafx-sdk-22.0.1\bin\api-ms-win-core-rtlsupport-l1-1-0.dll
0x0000021ae3980000 - 0x0000021ae3983000 	D:\Proyecto Terminal\openjfx-22.0.1_windows-x64_bin-sdk\javafx-sdk-22.0.1\bin\api-ms-win-core-string-l1-1-0.dll
0x0000021ae3990000 - 0x0000021ae3993000 	D:\Proyecto Terminal\openjfx-22.0.1_windows-x64_bin-sdk\javafx-sdk-22.0.1\bin\api-ms-win-core-synch-l1-1-0.dll
0x0000021ae39a0000 - 0x0000021ae39a3000 	D:\Proyecto Terminal\openjfx-22.0.1_windows-x64_bin-sdk\javafx-sdk-22.0.1\bin\api-ms-win-core-synch-l1-2-0.dll
0x0000021ae39b0000 - 0x0000021ae39b3000 	D:\Proyecto Terminal\openjfx-22.0.1_windows-x64_bin-sdk\javafx-sdk-22.0.1\bin\api-ms-win-core-sysinfo-l1-1-0.dll
0x0000021ae39c0000 - 0x0000021ae39c3000 	D:\Proyecto Terminal\openjfx-22.0.1_windows-x64_bin-sdk\javafx-sdk-22.0.1\bin\api-ms-win-core-timezone-l1-1-0.dll
0x0000021ae39d0000 - 0x0000021ae39d3000 	D:\Proyecto Terminal\openjfx-22.0.1_windows-x64_bin-sdk\javafx-sdk-22.0.1\bin\api-ms-win-core-util-l1-1-0.dll
0x0000021ae39e0000 - 0x0000021ae39e3000 	D:\Proyecto Terminal\openjfx-22.0.1_windows-x64_bin-sdk\javafx-sdk-22.0.1\bin\api-ms-win-crt-conio-l1-1-0.dll
0x0000021ae39f0000 - 0x0000021ae39f4000 	D:\Proyecto Terminal\openjfx-22.0.1_windows-x64_bin-sdk\javafx-sdk-22.0.1\bin\api-ms-win-crt-convert-l1-1-0.dll
0x0000021ae3a00000 - 0x0000021ae3a03000 	D:\Proyecto Terminal\openjfx-22.0.1_windows-x64_bin-sdk\javafx-sdk-22.0.1\bin\api-ms-win-crt-environment-l1-1-0.dll
0x0000021ae3a10000 - 0x0000021ae3a13000 	D:\Proyecto Terminal\openjfx-22.0.1_windows-x64_bin-sdk\javafx-sdk-22.0.1\bin\api-ms-win-crt-filesystem-l1-1-0.dll
0x0000021ae3a20000 - 0x0000021ae3a23000 	D:\Proyecto Terminal\openjfx-22.0.1_windows-x64_bin-sdk\javafx-sdk-22.0.1\bin\api-ms-win-crt-heap-l1-1-0.dll
0x0000021ae3a30000 - 0x0000021ae3a33000 	D:\Proyecto Terminal\openjfx-22.0.1_windows-x64_bin-sdk\javafx-sdk-22.0.1\bin\api-ms-win-crt-locale-l1-1-0.dll
0x0000021ae3a40000 - 0x0000021ae3a45000 	D:\Proyecto Terminal\openjfx-22.0.1_windows-x64_bin-sdk\javafx-sdk-22.0.1\bin\api-ms-win-crt-math-l1-1-0.dll
0x0000021ae3a50000 - 0x0000021ae3a55000 	D:\Proyecto Terminal\openjfx-22.0.1_windows-x64_bin-sdk\javafx-sdk-22.0.1\bin\api-ms-win-crt-multibyte-l1-1-0.dll
0x0000021ae3a60000 - 0x0000021ae3a70000 	D:\Proyecto Terminal\openjfx-22.0.1_windows-x64_bin-sdk\javafx-sdk-22.0.1\bin\api-ms-win-crt-private-l1-1-0.dll
0x0000021ae3a70000 - 0x0000021ae3a73000 	D:\Proyecto Terminal\openjfx-22.0.1_windows-x64_bin-sdk\javafx-sdk-22.0.1\bin\api-ms-win-crt-process-l1-1-0.dll
0x0000021ae3a80000 - 0x0000021ae3a84000 	D:\Proyecto Terminal\openjfx-22.0.1_windows-x64_bin-sdk\javafx-sdk-22.0.1\bin\api-ms-win-crt-runtime-l1-1-0.dll
0x0000021ae3a90000 - 0x0000021ae3a94000 	D:\Proyecto Terminal\openjfx-22.0.1_windows-x64_bin-sdk\javafx-sdk-22.0.1\bin\api-ms-win-crt-stdio-l1-1-0.dll
0x0000021ae3aa0000 - 0x0000021ae3aa4000 	D:\Proyecto Terminal\openjfx-22.0.1_windows-x64_bin-sdk\javafx-sdk-22.0.1\bin\api-ms-win-crt-string-l1-1-0.dll
0x0000021ae3ab0000 - 0x0000021ae3ab3000 	D:\Proyecto Terminal\openjfx-22.0.1_windows-x64_bin-sdk\javafx-sdk-22.0.1\bin\api-ms-win-crt-time-l1-1-0.dll
0x0000021ae3ac0000 - 0x0000021ae3ac3000 	D:\Proyecto Terminal\openjfx-22.0.1_windows-x64_bin-sdk\javafx-sdk-22.0.1\bin\api-ms-win-crt-utility-l1-1-0.dll
0x00007ff9cf960000 - 0x00007ff9cfa5c000 	D:\Proyecto Terminal\openjfx-22.0.1_windows-x64_bin-sdk\javafx-sdk-22.0.1\bin\ucrtbase.dll
0x00007ff9d0c80000 - 0x00007ff9d0c9b000 	D:\Proyecto Terminal\openjfx-22.0.1_windows-x64_bin-sdk\javafx-sdk-22.0.1\bin\vcruntime140.dll
0x00007ff9da0c0000 - 0x00007ff9da0cc000 	D:\Proyecto Terminal\openjfx-22.0.1_windows-x64_bin-sdk\javafx-sdk-22.0.1\bin\vcruntime140_1.dll
0x00007ff9cfca0000 - 0x00007ff9cfd2e000 	D:\Proyecto Terminal\openjfx-22.0.1_windows-x64_bin-sdk\javafx-sdk-22.0.1\bin\msvcp140.dll
0x00007ff9d9f30000 - 0x00007ff9d9f39000 	D:\Proyecto Terminal\openjfx-22.0.1_windows-x64_bin-sdk\javafx-sdk-22.0.1\bin\msvcp140_1.dll
0x00007ff9cf170000 - 0x00007ff9cf1b1000 	D:\Proyecto Terminal\openjfx-22.0.1_windows-x64_bin-sdk\javafx-sdk-22.0.1\bin\msvcp140_2.dll
0x00007ff9d0bf0000 - 0x00007ff9d0c20000 	D:\Proyecto Terminal\openjfx-22.0.1_windows-x64_bin-sdk\javafx-sdk-22.0.1\bin\prism_d3d.dll
0x00007ff9c6120000 - 0x00007ff9c62c8000 	C:\Windows\system32\d3d9.dll
0x00007ff9dc810000 - 0x00007ff9dc83b000 	C:\Windows\SYSTEM32\dwmapi.dll
0x00007ff9dc6c0000 - 0x00007ff9dc6f7000 	C:\Windows\SYSTEM32\dxcore.dll
0x00007ff9dc5a0000 - 0x00007ff9dc651000 	C:\Windows\system32\uxtheme.dll
0x00007ff9d5090000 - 0x00007ff9d526d000 	C:\Windows\System32\DriverStore\FileRepository\u0355756.inf_amd64_5146fc3a012e7afa\B354291\aticfx64.dll
0x00007ff9cdec0000 - 0x00007ff9cdef0000 	C:\Windows\System32\DriverStore\FileRepository\u0355756.inf_amd64_5146fc3a012e7afa\B354291\atiu9p64.dll
0x00007ff9a6340000 - 0x00007ff9a700b000 	C:\Windows\System32\DriverStore\FileRepository\u0355756.inf_amd64_5146fc3a012e7afa\B354291\atiumd64.dll
0x00007ff9e1940000 - 0x00007ff9e1ae5000 	C:\Windows\System32\ole32.dll
0x0000000066180000 - 0x0000000066f03000 	C:\Windows\System32\DriverStore\FileRepository\u0355756.inf_amd64_5146fc3a012e7afa\B354291\atiumd6a.dll
0x00007ff9d7c60000 - 0x00007ff9d7ca9000 	C:\Windows\SYSTEM32\directxdatabasehelper.dll
0x00007ff9cf120000 - 0x00007ff9cf165000 	D:\Proyecto Terminal\openjfx-22.0.1_windows-x64_bin-sdk\javafx-sdk-22.0.1\bin\glass.dll
0x00007ff9e1300000 - 0x00007ff9e13ff000 	C:\Windows\System32\COMDLG32.dll
0x00007ff96c180000 - 0x00007ff96c1de000 	C:\Program Files\Huawei\PCManager\plugins\PerfWndMonModule.dll
0x00007ff9e0f90000 - 0x00007ff9e10f0000 	C:\Windows\System32\MSCTF.dll
0x00007ff9e0350000 - 0x00007ff9e0400000 	C:\Windows\System32\clbcatq.dll
0x00007ff9d1110000 - 0x00007ff9d1289000 	C:\Windows\System32\Windows.UI.dll
0x00007ff9ab950000 - 0x00007ff9abac5000 	C:\Windows\System32\Windows.UI.Immersive.dll
0x00007ff9d0c60000 - 0x00007ff9d0c75000 	D:\Proyecto Terminal\openjfx-22.0.1_windows-x64_bin-sdk\javafx-sdk-22.0.1\bin\javafx_font.dll
0x00007ff9dbd20000 - 0x00007ff9dbf93000 	C:\Windows\SYSTEM32\dwrite.dll
0x00007ff9dc3c0000 - 0x00007ff9dc570000 	C:\Windows\SYSTEM32\WindowsCodecs.dll
0x00007ff9d0b80000 - 0x00007ff9d0bde000 	C:\Windows\system32\dataexchange.dll
0x00007ff9d5270000 - 0x00007ff9d5514000 	C:\Windows\system32\twinapi.appcore.dll
0x00007ff9cf920000 - 0x00007ff9cf952000 	C:\Program Files\Common Files\Microsoft Shared\Ink\rtscom.dll
0x00007ff9ccd20000 - 0x00007ff9cce65000 	C:\Windows\SYSTEM32\textinputframework.dll
0x00007ff9d7d30000 - 0x00007ff9d7e63000 	C:\Windows\SYSTEM32\CoreMessaging.dll
0x00007ff9d65c0000 - 0x00007ff9d692d000 	C:\Windows\SYSTEM32\CoreUIComponents.dll
0x00007ff9df060000 - 0x00007ff9df06c000 	C:\Windows\SYSTEM32\CRYPTBASE.DLL
0x00007ff9cfe20000 - 0x00007ff9cfe4d000 	D:\Proyecto Terminal\openjfx-22.0.1_windows-x64_bin-sdk\javafx-sdk-22.0.1\bin\javafx_iio.dll
0x00007ff9db730000 - 0x00007ff9dbd1e000 	C:\Windows\SYSTEM32\d2d1.dll

dbghelp: loaded successfully - version: 4.0.5 - missing functions: none
symbol engine: initialized successfully - sym options: 0x614 - pdb path: .;C:\Users\diego\.jdks\corretto-17.0.13\bin;C:\Windows\SYSTEM32;C:\Windows\WinSxS\amd64_microsoft.windows.common-controls_6595b64144ccf1df_6.0.22621.4391_none_2715d37f73803e96;C:\Users\diego\.jdks\corretto-17.0.13\bin\server;D:\Proyecto Terminal\openjfx-22.0.1_windows-x64_bin-sdk\javafx-sdk-22.0.1\bin;C:\Windows\System32\DriverStore\FileRepository\u0355756.inf_amd64_5146fc3a012e7afa\B354291;C:\Program Files\Huawei\PCManager\plugins;C:\Program Files\Common Files\Microsoft Shared\Ink

VM Arguments:
jvm_args: -agentlib:jdwp=transport=dt_socket,address=127.0.0.1:53961,suspend=y,server=n --module-path=D:\Proyecto Terminal\openjfx-22.0.1_windows-x64_bin-sdk\javafx-sdk-22.0.1\lib --add-modules=javafx.controls,javafx.fxml -javaagent:C:\Users\diego\AppData\Local\JetBrains\IntelliJIdea2024.1\captureAgent\debugger-agent.jar -Dfile.encoding=UTF-8 
java_command: optiuam.bc.controller.OptiUAM24
java_class_path (initial): D:\Proyecto Terminal\Código\OptiUAM24\OptiUAM\out\production\OptiUAM;D:\Proyecto Terminal\Código\OptiUAM24\OptiUAM\Librerias\jcommon-1.0.23.jar;D:\Proyecto Terminal\Código\OptiUAM24\OptiUAM\Librerias\jfreechart-1.0.19.jar;D:\Proyecto Terminal\openjfx-22.0.1_windows-x64_bin-sdk\javafx-sdk-22.0.1\lib\javafx-swt.jar;D:\Proyecto Terminal\openjfx-22.0.1_windows-x64_bin-sdk\javafx-sdk-22.0.1\lib\javafx.base.jar;D:\Proyecto Terminal\openjfx-22.0.1_windows-x64_bin-sdk\javafx-sdk-22.0.1\lib\javafx.controls.jar;D:\Proyecto Terminal\openjfx-22.0.1_windows-x64_bin-sdk\javafx-sdk-22.0.1\lib\javafx.fxml.jar;D:\Proyecto Terminal\openjfx-22.0.1_windows-x64_bin-sdk\javafx-sdk-22.0.1\lib\javafx.graphics.jar;D:\Proyecto Terminal\openjfx-22.0.1_windows-x64_bin-sdk\javafx-sdk-22.0.1\lib\javafx.media.jar;D:\Proyecto Terminal\openjfx-22.0.1_windows-x64_bin-sdk\javafx-sdk-22.0.1\lib\javafx.swing.jar;D:\Proyecto Terminal\openjfx-22.0.1_windows-x64_bin-sdk\javafx-sdk-22.0.1\lib\javafx.web.jar;D:\Proyecto Terminal\openjfx-22.0.1_windows-x64_bin-sdk.zip;D:\Proyecto Terminal\commons-math3-3.6.1\commons-math3-3.6.1-tests.jar;D:\Proyecto Terminal\commons-math3-3.6.1\commons-math3-3.6.1-tools.jar;D:\Proyecto Terminal\commons-math3-3.6.1\commons-math3-3.6.1.jar;C:\Program Files\JetBrains\IntelliJ IDEA 2024.1.3\lib\idea_rt.jar
Launcher Type: SUN_STANDARD

[Global flags]
     intx CICompilerCount                          = 4                                         {product} {ergonomic}
     uint ConcGCThreads                            = 2                                         {product} {ergonomic}
     uint G1ConcRefinementThreads                  = 8                                         {product} {ergonomic}
   size_t G1HeapRegionSize                         = 1048576                                   {product} {ergonomic}
    uintx GCDrainStackTargetSize                   = 64                                        {product} {ergonomic}
   size_t InitialHeapSize                          = 117440512                                 {product} {ergonomic}
   size_t MarkStackSize                            = 4194304                                   {product} {ergonomic}
   size_t MaxHeapSize                              = 1862270976                                {product} {ergonomic}
   size_t MaxNewSize                               = 1116733440                                {product} {ergonomic}
   size_t MinHeapDeltaBytes                        = 1048576                                   {product} {ergonomic}
   size_t MinHeapSize                              = 8388608                                   {product} {ergonomic}
    uintx NonNMethodCodeHeapSize                   = 5839372                                {pd product} {ergonomic}
    uintx NonProfiledCodeHeapSize                  = 122909434                              {pd product} {ergonomic}
    uintx ProfiledCodeHeapSize                     = 122909434                              {pd product} {ergonomic}
    uintx ReservedCodeCacheSize                    = 251658240                              {pd product} {ergonomic}
     bool SegmentedCodeCache                       = true                                      {product} {ergonomic}
   size_t SoftMaxHeapSize                          = 1862270976                             {manageable} {ergonomic}
     bool UseCompressedClassPointers               = true                           {product lp64_product} {ergonomic}
     bool UseCompressedOops                        = true                           {product lp64_product} {ergonomic}
     bool UseG1GC                                  = true                                      {product} {ergonomic}
     bool UseLargePagesIndividualAllocation        = false                                  {pd product} {ergonomic}

Logging:
Log output configuration:
 #0: stdout all=off uptime,level,tags
 #1: stderr all=off uptime,level,tags

Environment Variables:
PATH=C:\Program Files\Common Files\Oracle\Java\javapath;C:\Users\diego\Desktop\oracle\bin;C:\Windows\system32;C:\Windows;C:\Windows\System32\Wbem;C:\Windows\System32\WindowsPowerShell\v1.0\;C:\Windows\System32\OpenSSH\;C:\Program Files\Git\cmd;C:\Strawberry\c\bin;C:\Strawberry\perl\site\bin;C:\Strawberry\perl\bin;C:\Users\diego\AppData\Local\Programs\Python\Launcher\;C:\Users\diego\AppData\Local\Microsoft\WindowsApps;C:\Program Files\JetBrains\IntelliJ IDEA 2024.1.3\bin;;C:\Users\diego\AppData\Local\GitHubDesktop\bin;C:\Program Files\JetBrains\PyCharm 2024.1.4\bin;;C:\Users\diego\AppData\Local\Programs\Microsoft VS Code\bin;C:\Users\diego\AppData\Local\Programs\MiKTeX\miktex\bin\x64\;C:\Program Files\JetBrains\PyCharm Community Edition 2024.3\bin;
USERNAME=diego
OS=Windows_NT
PROCESSOR_IDENTIFIER=AMD64 Family 23 Model 24 Stepping 1, AuthenticAMD
TMP=C:\Users\diego\AppData\Local\Temp
TEMP=C:\Users\diego\AppData\Local\Temp



Periodic native trim disabled


---------------  S Y S T E M  ---------------

OS:
 Windows 11 , 64 bit Build 22621 (10.0.22621.4391)
OS uptime: 4 days 14:08 hours

CPU: total 8 (initial active 8) (8 cores per cpu, 2 threads per core) family 23 model 24 stepping 1 microcode 0x0, cx8, cmov, fxsr, ht, mmx, 3dnowpref, sse, sse2, sse3, ssse3, sse4a, sse4.1, sse4.2, popcnt, lzcnt, tsc, tscinvbit, avx, avx2, aes, clmul, bmi1, bmi2, adx, sha, fma, vzeroupper, clflush, clflushopt
Processor Information for all 8 processors :
  Max Mhz: 2100, Current Mhz: 2100, Mhz Limit: 2100

Memory: 4k page, system-wide physical 7103M (549M free)
TotalPageFile size 15807M (AvailPageFile size 4211M)
current process WorkingSet (physical memory assigned to process): 288M, peak: 445M
current process commit charge ("private bytes"): 395M, peak: 562M

vm_info: OpenJDK 64-Bit Server VM (17.0.13+11-LTS) for windows-amd64 JRE (17.0.13+11-LTS), built on Oct 10 2024 19:51:30 by "Administrator" with MS VC++ 16.10 / 16.11 (VS2019)

END.
