#
# A fatal error has been detected by the Java Runtime Environment:
#
#  EXCEPTION_ACCESS_VIOLATION (0xc0000005) at pc=0x00007ffe1ec882d7, pid=2912, tid=4300
#
# JRE version: OpenJDK Runtime Environment Corretto-17.0.13.11.1 (17.0.13+11) (build 17.0.13+11-LTS)
# Java VM: OpenJDK 64-Bit Server VM Corretto-17.0.13.11.1 (17.0.13+11-LTS, mixed mode, sharing, tiered, compressed oops, compressed class ptrs, g1 gc, windows-amd64)
# Problematic frame:
# C  [glass.dll+0x282d7]
#
# No core dump will be written. Minidumps are not enabled by default on client versions of Windows
#
# If you would like to submit a bug report, please visit:
#   https://github.com/corretto/corretto-17/issues/
#

---------------  S U M M A R Y ------------

Command Line: -agentlib:jdwp=transport=dt_socket,address=127.0.0.1:50712,suspend=y,server=n --module-path=D:\Proyecto Terminal\openjfx-22.0.1_windows-x64_bin-sdk\javafx-sdk-22.0.1\lib --add-modules=javafx.controls,javafx.fxml -javaagent:C:\Users\diego\AppData\Local\JetBrains\IntelliJIdea2024.1\captureAgent\debugger-agent.jar -Dfile.encoding=UTF-8 optiuam.bc.controller.OptiUAM24

Host: AMD Ryzen 5 3500U with Radeon Vega Mobile Gfx  , 8 cores, 6G,  Windows 11 , 64 bit Build 22621 (10.0.22621.4391)
Time: Tue Nov 19 21:41:17 2024 Hora estándar central (México) elapsed time: 514.080701 seconds (0d 0h 8m 34s)

---------------  T H R E A D  ---------------

Current thread (0x00000185c38e0ee0):  VMThread "VM Thread" [stack: 0x00000054b6f00000,0x00000054b7000000] [id=4300]

Stack: [0x00000054b6f00000,0x00000054b7000000],  sp=0x00000054b6fff050,  free space=1020k
Native frames: (J=compiled Java code, j=interpreted, Vv=VM code, C=native code)
C  [glass.dll+0x282d7]


siginfo: EXCEPTION_ACCESS_VIOLATION (0xc0000005), reading address 0x0000000000000000


Registers:
RAX=0x0000000000000000, RBX=0x00000185c38f5980, RCX=0x00000185c38e0ee0, RDX=0x00000054b6fff050
RSP=0x00000054b6fff050, RBP=0x0000018609af6608, RSI=0x00000054b6fff158, RDI=0x0000018609af65e0
R8 =0x0000000000010002, R9 =0x0000018609af65e0, R10=0x85f13e9656da4870, R11=0x00000054b6ffefe0
R12=0x00007ffe1ec85be0, R13=0x00007ffe10da8420, R14=0x0000ac91bee53aa6, R15=0x0000018609af65e0
RIP=0x00007ffe1ec882d7, EFLAGS=0x0000000000010206


Register to memory mapping:

RIP=0x00007ffe1ec882d7 glass.dll
RAX=0x0 is NULL
RBX=0x00000185c38f5980 is a global jni handle
RCX=0x00000185c38e0ee0 points into unknown readable memory: 0x00007ffe10bd2cc8 | c8 2c bd 10 fe 7f 00 00
RDX=0x00000054b6fff050 points into unknown readable memory: 0x0000000000000000 | 00 00 00 00 00 00 00 00
RSP=0x00000054b6fff050 points into unknown readable memory: 0x0000000000000000 | 00 00 00 00 00 00 00 00
RBP=0x0000018609af6608 points into unknown readable memory: 0x0000ac91bee53aa6 | a6 3a e5 be 91 ac 00 00
RSI=0x00000054b6fff158 points into unknown readable memory: 0x00000054b6fff140 | 40 f1 ff b6 54 00 00 00
RDI=0x0000018609af65e0 points into unknown readable memory: 0xb2151291befac521 | 21 c5 fa be 91 12 15 b2
R8 =0x0000000000010002 is an unknown value
R9 =0x0000018609af65e0 points into unknown readable memory: 0xb2151291befac521 | 21 c5 fa be 91 12 15 b2
R10=0x85f13e9656da4870 is an unknown value
R11=0x00000054b6ffefe0 points into unknown readable memory: 0x0000018609af65e0 | e0 65 af 09 86 01 00 00
R12=0x00007ffe1ec85be0 glass.dll
R13=0x00007ffe10da8420 jvm.dll
R14=0x0000ac91bee53aa6 is an unknown value
R15=0x0000018609af65e0 points into unknown readable memory: 0xb2151291befac521 | 21 c5 fa be 91 12 15 b2


Top of Stack: (sp=0x00000054b6fff050)
0x00000054b6fff050:   0000000000000000 00000054b6fff158
0x00000054b6fff060:   00007ffe10da8420 00007ffe1ec85be0
0x00000054b6fff070:   0000018609af65e8 00007ffe63623a93
0x00000054b6fff080:   0000018609af65e0 0000018600000000
0x00000054b6fff090:   0000018609af6608 00000054b6fff158
0x00000054b6fff0a0:   fffffffffffffffe 0000000000000000
0x00000054b6fff0b0:   0000000000000001 00007ffe1ec60000
0x00000054b6fff0c0:   00000054b6fff148 00007ffe635f042e
0x00000054b6fff0d0:   0000000000000000 00000054b6fff158
0x00000054b6fff0e0:   00000054b6fff440 0000000000000001
0x00000054b6fff0f0:   0000000000000001 00007ffe635edddd
0x00000054b6fff100:   0000000000000000 00007ffe1ec853d9
0x00000054b6fff110:   0000000000000000 00000054b6fff148
0x00000054b6fff120:   fffffffffffffffe 0000000000000001
0x00000054b6fff130:   0000000000000001 00007ffe1ec85a6d
0x00000054b6fff140:   00007ffe1ec9d078 00007ffe00000002
0x00000054b6fff150:   0000000000000002 00000054b6fff140
0x00000054b6fff160:   0000000000000000 00007ffe659f8af3
0x00000054b6fff170:   0000000000000000 00007ffe1ec85b92
0x00000054b6fff180:   0000000000000001 00000054b6fff400
0x00000054b6fff190:   0000000000000001 0000000000000001
0x00000054b6fff1a0:   00000185a3bb01a8 00007ffe62402223
0x00000054b6fff1b0:   0000018500000001 0000000000000016
0x00000054b6fff1c0:   00007ffe1ec60000 000000007ffe0384
0x00000054b6fff1d0:   0000000000000000 00007ffe659f8b8f
0x00000054b6fff1e0:   00007ffe1ec60000 0000000000000000
0x00000054b6fff1f0:   0000000000000001 000000007ffe0385
0x00000054b6fff200:   0000000000000000 00007ffe65a217d9
0x00000054b6fff210:   0000f6f507bb0500 0000000000000014
0x00000054b6fff220:   00007ffe1ec85be0 0000000000000000
0x00000054b6fff230:   0000000000000000 00000054b6420000
0x00000054b6fff240:   00000186097fc6c0 00007ffe65a21596 

Instructions: (pc=0x00007ffe1ec882d7)
0x00007ffe1ec881d7:   8b 4d 58 e8 49 cf ff ff 48 8b 4d 60 e8 40 cf ff
0x00007ffe1ec881e7:   ff 48 8b 95 80 00 00 00 48 8b 8d 18 01 00 00 e8
0x00007ffe1ec881f7:   26 c5 ff ff 33 d2 33 c9 e8 8c e1 ff ff 90 48 89
0x00007ffe1ec88207:   54 24 10 55 48 83 ec 20 48 8b ea 48 b8 00 00 00
0x00007ffe1ec88217:   00 00 00 00 00 48 83 c4 20 5d c3 cc 40 55 48 8b
0x00007ffe1ec88227:   ea 48 8b 01 33 c9 81 38 05 00 00 c0 0f 94 c1 8b
0x00007ffe1ec88237:   c1 5d c3 cc 40 55 48 83 ec 20 48 8b ea 8a 4d 40
0x00007ffe1ec88247:   48 83 c4 20 5d e9 33 d3 ff ff cc 40 55 48 83 ec
0x00007ffe1ec88257:   20 48 8b ea 8a 4d 20 e8 21 d3 ff ff 90 48 83 c4
0x00007ffe1ec88267:   20 5d c3 cc 40 55 48 83 ec 20 48 8b ea 48 83 c4
0x00007ffe1ec88277:   20 5d e9 82 d1 ff ff cc 40 55 48 83 ec 30 48 8b
0x00007ffe1ec88287:   ea 48 8b 01 8b 10 48 89 4c 24 28 89 54 24 20 4c
0x00007ffe1ec88297:   8d 0d 23 d6 ff ff 4c 8b 45 70 8b 55 68 48 8b 4d
0x00007ffe1ec882a7:   60 e8 c3 d0 ff ff 90 48 83 c4 30 5d c3 cc cc cc
0x00007ffe1ec882b7:   cc cc cc cc cc cc cc cc cc 40 53 48 83 ec 20 48
0x00007ffe1ec882c7:   8b 1d 6b 47 01 00 48 85 db 74 16 e8 39 90 ff ff
0x00007ffe1ec882d7:   4c 8b 00 48 8b d3 48 8b c8 41 ff 90 b0 00 00 00
0x00007ffe1ec882e7:   90 48 83 c4 20 5b c3 cc cc 40 53 48 83 ec 20 48
0x00007ffe1ec882f7:   8b 1d ab 48 01 00 48 85 db 74 57 b8 ff ff ff ff
0x00007ffe1ec88307:   f0 0f c1 43 10 83 f8 01 75 3d 48 85 db 74 38 48
0x00007ffe1ec88317:   8b 0b 48 85 c9 74 0d ff 15 8c 0f 00 00 48 c7 03
0x00007ffe1ec88327:   00 00 00 00 48 8b 4b 08 48 85 c9 74 0d e8 ef cd
0x00007ffe1ec88337:   ff ff 48 c7 43 08 00 00 00 00 ba 18 00 00 00 48
0x00007ffe1ec88347:   8b cb e8 da cd ff ff 48 c7 05 4f 48 01 00 00 00
0x00007ffe1ec88357:   00 00 48 83 c4 20 5b c3 cc 40 53 48 83 ec 20 48
0x00007ffe1ec88367:   8b 1d 1b 48 01 00 48 85 db 74 57 b8 ff ff ff ff
0x00007ffe1ec88377:   f0 0f c1 43 10 83 f8 01 75 3d 48 85 db 74 38 48
0x00007ffe1ec88387:   8b 0b 48 85 c9 74 0d ff 15 1c 0f 00 00 48 c7 03
0x00007ffe1ec88397:   00 00 00 00 48 8b 4b 08 48 85 c9 74 0d e8 7f cd
0x00007ffe1ec883a7:   ff ff 48 c7 43 08 00 00 00 00 ba 18 00 00 00 48
0x00007ffe1ec883b7:   8b cb e8 6a cd ff ff 48 c7 05 bf 47 01 00 00 00
0x00007ffe1ec883c7:   00 00 48 83 c4 20 5b c3 cc 40 53 48 83 ec 20 48 


Stack slot to memory mapping:
stack at sp + 0 slots: 0x0 is NULL
stack at sp + 1 slots: 0x00000054b6fff158 points into unknown readable memory: 0x00000054b6fff140 | 40 f1 ff b6 54 00 00 00
stack at sp + 2 slots: 0x00007ffe10da8420 jvm.dll
stack at sp + 3 slots: 0x00007ffe1ec85be0 glass.dll
stack at sp + 4 slots: 0x0000018609af65e8 points into unknown readable memory: 0x0000ac91bee53aa6 | a6 3a e5 be 91 ac 00 00
stack at sp + 5 slots: 0x00007ffe63623a93 ucrtbase.dll
stack at sp + 6 slots: 0x0000018609af65e0 points into unknown readable memory: 0xb2151291befac521 | 21 c5 fa be 91 12 15 b2
stack at sp + 7 slots: 0x0000018600000000 is an unknown value

VM_Operation (0x00000054b68ff0a0): Exit, mode: safepoint, requested by thread 0x00000186094bba70


---------------  P R O C E S S  ---------------

Threads class SMR info:
_java_thread_list=0x000001861405bd30, length=21, elements={
0x00000185a5e6b510, 0x00000185c38e6480, 0x00000185c38e7100, 0x00000185c38f9910,
0x00000185c38fa1e0, 0x00000185c38faab0, 0x00000185c38fb380, 0x00000185c39014c0,
0x00000185c38fe8c0, 0x00000185c39345d0, 0x00000185c3b1d930, 0x00000186094be2f0,
0x0000018609ae7a50, 0x00000186093e47e0, 0x0000018609ea6c30, 0x000001860a12ad70,
0x00000186103b4930, 0x0000018609e61010, 0x00000186094bceb0, 0x00000186094bb560,
0x00000186094bba70
}

Java Threads: ( => current thread )
  0x00000185a5e6b510 JavaThread "main" [_thread_blocked, id=4936, stack(0x00000054b6900000,0x00000054b6a00000)]
  0x00000185c38e6480 JavaThread "Reference Handler" daemon [_thread_blocked, id=15040, stack(0x00000054b7000000,0x00000054b7100000)]
  0x00000185c38e7100 JavaThread "Finalizer" daemon [_thread_blocked, id=10776, stack(0x00000054b7100000,0x00000054b7200000)]
  0x00000185c38f9910 JavaThread "Signal Dispatcher" daemon [_thread_blocked, id=14504, stack(0x00000054b7200000,0x00000054b7300000)]
  0x00000185c38fa1e0 JavaThread "Attach Listener" daemon [_thread_blocked, id=1476, stack(0x00000054b7300000,0x00000054b7400000)]
  0x00000185c38faab0 JavaThread "Service Thread" daemon [_thread_blocked, id=16464, stack(0x00000054b7400000,0x00000054b7500000)]
  0x00000185c38fb380 JavaThread "Monitor Deflation Thread" daemon [_thread_blocked, id=3560, stack(0x00000054b7500000,0x00000054b7600000)]
  0x00000185c39014c0 JavaThread "C2 CompilerThread0" daemon [_thread_blocked, id=6648, stack(0x00000054b7600000,0x00000054b7700000)]
  0x00000185c38fe8c0 JavaThread "C1 CompilerThread0" daemon [_thread_blocked, id=3004, stack(0x00000054b7700000,0x00000054b7800000)]
  0x00000185c39345d0 JavaThread "Sweeper thread" daemon [_thread_blocked, id=1284, stack(0x00000054b7800000,0x00000054b7900000)]
  0x00000185c3b1d930 JavaThread "Common-Cleaner" daemon [_thread_blocked, id=1268, stack(0x00000054b7900000,0x00000054b7a00000)]
  0x00000186094be2f0 JavaThread "JDWP Event Helper Thread" daemon [_thread_blocked, id=492, stack(0x00000054b7d00000,0x00000054b7e00000)]
  0x0000018609ae7a50 JavaThread "Notification Thread" daemon [_thread_blocked, id=16072, stack(0x00000054b7b00000,0x00000054b7c00000)]
  0x00000186093e47e0 JavaThread "QuantumRenderer-0" daemon [_thread_blocked, id=6688, stack(0x00000054b8000000,0x00000054b8100000)]
  0x0000018609ea6c30 JavaThread "InvokeLaterDispatcher" daemon [_thread_blocked, id=3912, stack(0x00000054b8300000,0x00000054b8400000)]
  0x000001860a12ad70 JavaThread "JavaFX Application Thread" [_thread_in_native, id=156, stack(0x00000054b8400000,0x00000054b8500000)]
  0x00000186103b4930 JavaThread "JavaFX-Launcher" [_thread_blocked, id=6192, stack(0x00000054b8c00000,0x00000054b8d00000)]
  0x0000018609e61010 JavaThread "Thread-2" daemon [_thread_in_native, id=15608, stack(0x00000054b8b00000,0x00000054b8c00000)]
  0x00000186094bceb0 JavaThread "Prism Font Disposer" daemon [_thread_blocked, id=9812, stack(0x00000054b9600000,0x00000054b9700000)]
  0x00000186094bb560 JavaThread "Cleaner-0" daemon [_thread_blocked, id=16736, stack(0x00000054b9700000,0x00000054b9800000)]
  0x00000186094bba70 JavaThread "SIGINT handler" daemon [_thread_blocked, id=4484, stack(0x00000054b6800000,0x00000054b6900000)]

Other Threads:
=>0x00000185c38e0ee0 VMThread "VM Thread" [stack: 0x00000054b6f00000,0x00000054b7000000] [id=4300]
  0x00000185a5ec1a50 GCTaskThread "GC Thread#0" [stack: 0x00000054b6a00000,0x00000054b6b00000] [id=15340]
  0x0000018609e614f0 GCTaskThread "GC Thread#1" [stack: 0x00000054b8d00000,0x00000054b8e00000] [id=276]
  0x00000186094d5670 GCTaskThread "GC Thread#2" [stack: 0x00000054b8e00000,0x00000054b8f00000] [id=15392]
  0x00000186094d5930 GCTaskThread "GC Thread#3" [stack: 0x00000054b8f00000,0x00000054b9000000] [id=12268]
  0x00000186094d6000 GCTaskThread "GC Thread#4" [stack: 0x00000054b9000000,0x00000054b9100000] [id=2232]
  0x0000018609b5e000 GCTaskThread "GC Thread#5" [stack: 0x00000054b9100000,0x00000054b9200000] [id=15784]
  0x0000018609b5e2c0 GCTaskThread "GC Thread#6" [stack: 0x00000054b9200000,0x00000054b9300000] [id=10844]
  0x0000018609b5dd40 GCTaskThread "GC Thread#7" [stack: 0x00000054b9300000,0x00000054b9400000] [id=9732]
  0x00000185a5ed07a0 ConcurrentGCThread "G1 Main Marker" terminated
  0x00000185a5ed11c0 ConcurrentGCThread "G1 Conc#0" [stack: 0x00000054b6c00000,0x00000054b6d00000] [id=5464]
  0x000001861083db40 ConcurrentGCThread "G1 Conc#1" [stack: 0x00000054b7a00000,0x00000054b7b00000] [id=2328]
  0x00000185c37a24c0 ConcurrentGCThread "G1 Refine#0" terminated
  0x000001860987ae40 ConcurrentGCThread "G1 Refine#1" terminated
  0x00000185c37a2df0 ConcurrentGCThread "G1 Service" terminated

Threads with active compile tasks:

VM state: at safepoint (shutting down)

VM Mutex/Monitor currently owned by a thread:  ([mutex/lock_event])
[0x00000185a5e671f0] Threads_lock - owner thread: 0x00000185c38e0ee0
[0x00000185a5e679d0] Heap_lock - owner thread: 0x00000186094bba70

Heap address: 0x0000000091000000, size: 1776 MB, Compressed Oops mode: 32-bit

CDS archive(s) mapped at: [0x00000185c4000000-0x00000185c4bb0000-0x00000185c4bb0000), size 12255232, SharedBaseAddress: 0x00000185c4000000, ArchiveRelocationMode: 1.
Compressed class space mapped at: 0x00000185c5000000-0x0000018605000000, reserved size: 1073741824
Narrow klass base: 0x00000185c4000000, Narrow klass shift: 0, Narrow klass range: 0x100000000

GC Precious Log:
 CPUs: 8 total, 8 available
 Memory: 7103M
 Large Page Support: Disabled
 NUMA Support: Disabled
 Compressed Oops: Enabled (32-bit)
 Heap Region Size: 1M
 Heap Min Capacity: 8M
 Heap Initial Capacity: 112M
 Heap Max Capacity: 1776M
 Pre-touch: Disabled
 Parallel Workers: 8
 Concurrent Workers: 2
 Concurrent Refinement Workers: 8
 Periodic GC: Disabled

Heap:
 garbage-first heap   total 114688K, used 50175K [0x0000000091000000, 0x0000000100000000)
  region size 1024K, 7 young (7168K), 4 survivors (4096K)
 Metaspace       used 23112K, committed 23488K, reserved 1114112K
  class space    used 3226K, committed 3456K, reserved 1048576K

Heap Regions: E=young(eden), S=young(survivor), O=old, HS=humongous(starts), HC=humongous(continues), CS=collection set, F=free, OA=open archive, CA=closed archive, TAMS=top-at-mark-start (previous, next)
|   0|0x0000000091000000, 0x0000000091100000, 0x0000000091100000|100%| O|  |TAMS 0x0000000091100000, 0x0000000091000000| Untracked 
|   1|0x0000000091100000, 0x0000000091200000, 0x0000000091200000|100%|HS|  |TAMS 0x0000000091200000, 0x0000000091100000| Complete 
|   2|0x0000000091200000, 0x0000000091300000, 0x0000000091300000|100%|HS|  |TAMS 0x0000000091300000, 0x0000000091200000| Complete 
|   3|0x0000000091300000, 0x0000000091400000, 0x0000000091400000|100%|HS|  |TAMS 0x0000000091400000, 0x0000000091300000| Complete 
|   4|0x0000000091400000, 0x0000000091500000, 0x0000000091500000|100%| O|  |TAMS 0x0000000091500000, 0x0000000091400000| Untracked 
|   5|0x0000000091500000, 0x0000000091600000, 0x0000000091600000|100%| O|  |TAMS 0x0000000091600000, 0x0000000091500000| Untracked 
|   6|0x0000000091600000, 0x0000000091700000, 0x0000000091700000|100%| O|  |TAMS 0x0000000091656a00, 0x0000000091600000| Untracked 
|   7|0x0000000091700000, 0x0000000091800000, 0x0000000091800000|100%|HS|  |TAMS 0x0000000091800000, 0x0000000091700000| Complete 
|   8|0x0000000091800000, 0x0000000091900000, 0x0000000091900000|100%|HC|  |TAMS 0x0000000091900000, 0x0000000091800000| Complete 
|   9|0x0000000091900000, 0x0000000091a00000, 0x0000000091a00000|100%|HC|  |TAMS 0x0000000091a00000, 0x0000000091900000| Complete 
|  10|0x0000000091a00000, 0x0000000091b00000, 0x0000000091b00000|100%|HC|  |TAMS 0x0000000091b00000, 0x0000000091a00000| Complete 
|  11|0x0000000091b00000, 0x0000000091c00000, 0x0000000091c00000|100%|HC|  |TAMS 0x0000000091c00000, 0x0000000091b00000| Complete 
|  12|0x0000000091c00000, 0x0000000091d00000, 0x0000000091d00000|100%|HC|  |TAMS 0x0000000091d00000, 0x0000000091c00000| Complete 
|  13|0x0000000091d00000, 0x0000000091e00000, 0x0000000091e00000|100%|HC|  |TAMS 0x0000000091e00000, 0x0000000091d00000| Complete 
|  14|0x0000000091e00000, 0x0000000091f00000, 0x0000000091f00000|100%|HC|  |TAMS 0x0000000091f00000, 0x0000000091e00000| Complete 
|  15|0x0000000091f00000, 0x0000000092000000, 0x0000000092000000|100%|HC|  |TAMS 0x0000000092000000, 0x0000000091f00000| Complete 
|  16|0x0000000092000000, 0x0000000092100000, 0x0000000092100000|100%|HC|  |TAMS 0x0000000092100000, 0x0000000092000000| Complete 
|  17|0x0000000092100000, 0x0000000092200000, 0x0000000092200000|100%|HC|  |TAMS 0x0000000092200000, 0x0000000092100000| Complete 
|  18|0x0000000092200000, 0x0000000092300000, 0x0000000092300000|100%|HC|  |TAMS 0x0000000092300000, 0x0000000092200000| Complete 
|  19|0x0000000092300000, 0x0000000092400000, 0x0000000092400000|100%|HC|  |TAMS 0x0000000092400000, 0x0000000092300000| Complete 
|  20|0x0000000092400000, 0x0000000092500000, 0x0000000092500000|100%|HS|  |TAMS 0x0000000092400000, 0x0000000092400000| Complete 
|  21|0x0000000092500000, 0x0000000092600000, 0x0000000092600000|100%|HS|  |TAMS 0x0000000092600000, 0x0000000092500000| Complete 
|  22|0x0000000092600000, 0x0000000092700000, 0x0000000092700000|100%|HC|  |TAMS 0x0000000092700000, 0x0000000092600000| Complete 
|  23|0x0000000092700000, 0x0000000092800000, 0x0000000092800000|100%|HS|  |TAMS 0x0000000092800000, 0x0000000092700000| Complete 
|  24|0x0000000092800000, 0x0000000092800000, 0x0000000092900000|  0%| F|  |TAMS 0x0000000092800000, 0x0000000092800000| Untracked 
|  25|0x0000000092900000, 0x0000000092a00000, 0x0000000092a00000|100%| O|  |TAMS 0x0000000092900000, 0x0000000092900000| Untracked 
|  26|0x0000000092a00000, 0x0000000092b00000, 0x0000000092b00000|100%| O|  |TAMS 0x0000000092a00000, 0x0000000092a00000| Untracked 
|  27|0x0000000092b00000, 0x0000000092b00000, 0x0000000092c00000|  0%| F|  |TAMS 0x0000000092b00000, 0x0000000092b00000| Untracked 
|  28|0x0000000092c00000, 0x0000000092d00000, 0x0000000092d00000|100%|HS|  |TAMS 0x0000000092c00000, 0x0000000092c00000| Complete 
|  29|0x0000000092d00000, 0x0000000092e00000, 0x0000000092e00000|100%|HS|  |TAMS 0x0000000092d00000, 0x0000000092d00000| Complete 
|  30|0x0000000092e00000, 0x0000000092e00000, 0x0000000092f00000|  0%| F|  |TAMS 0x0000000092e00000, 0x0000000092e00000| Untracked 
|  31|0x0000000092f00000, 0x0000000093000000, 0x0000000093000000|100%|HS|  |TAMS 0x0000000092f00000, 0x0000000092f00000| Complete 
|  32|0x0000000093000000, 0x0000000093000000, 0x0000000093100000|  0%| F|  |TAMS 0x0000000093000000, 0x0000000093000000| Untracked 
|  33|0x0000000093100000, 0x0000000093200000, 0x0000000093200000|100%|HS|  |TAMS 0x0000000093100000, 0x0000000093100000| Complete 
|  34|0x0000000093200000, 0x0000000093300000, 0x0000000093300000|100%| O|  |TAMS 0x0000000093200000, 0x0000000093200000| Untracked 
|  35|0x0000000093300000, 0x0000000093400000, 0x0000000093400000|100%| O|  |TAMS 0x0000000093300000, 0x0000000093300000| Untracked 
|  36|0x0000000093400000, 0x0000000093500000, 0x0000000093500000|100%| O|  |TAMS 0x0000000093400000, 0x0000000093400000| Untracked 
|  37|0x0000000093500000, 0x0000000093600000, 0x0000000093600000|100%| O|  |TAMS 0x0000000093500000, 0x0000000093500000| Untracked 
|  38|0x0000000093600000, 0x0000000093700000, 0x0000000093700000|100%| O|  |TAMS 0x0000000093600000, 0x0000000093600000| Untracked 
|  39|0x0000000093700000, 0x0000000093800000, 0x0000000093800000|100%| O|  |TAMS 0x0000000093700000, 0x0000000093700000| Untracked 
|  40|0x0000000093800000, 0x0000000093900000, 0x0000000093900000|100%| O|  |TAMS 0x0000000093800000, 0x0000000093800000| Untracked 
|  41|0x0000000093900000, 0x0000000093a00000, 0x0000000093a00000|100%| O|  |TAMS 0x0000000093900000, 0x0000000093900000| Untracked 
|  42|0x0000000093a00000, 0x0000000093b00000, 0x0000000093b00000|100%| O|  |TAMS 0x0000000093a00000, 0x0000000093a00000| Untracked 
|  43|0x0000000093b00000, 0x0000000093b91000, 0x0000000093c00000| 56%| O|  |TAMS 0x0000000093b00000, 0x0000000093b00000| Untracked 
|  44|0x0000000093c00000, 0x0000000093c00000, 0x0000000093d00000|  0%| F|  |TAMS 0x0000000093c00000, 0x0000000093c00000| Untracked 
|  45|0x0000000093d00000, 0x0000000093d00000, 0x0000000093e00000|  0%| F|  |TAMS 0x0000000093d00000, 0x0000000093d00000| Untracked 
|  46|0x0000000093e00000, 0x0000000093e00000, 0x0000000093f00000|  0%| F|  |TAMS 0x0000000093e00000, 0x0000000093e00000| Untracked 
|  47|0x0000000093f00000, 0x0000000093f00000, 0x0000000094000000|  0%| F|  |TAMS 0x0000000093f00000, 0x0000000093f00000| Untracked 
|  48|0x0000000094000000, 0x0000000094000000, 0x0000000094100000|  0%| F|  |TAMS 0x0000000094000000, 0x0000000094000000| Untracked 
|  49|0x0000000094100000, 0x0000000094200000, 0x0000000094200000|100%| O|  |TAMS 0x0000000094100000, 0x0000000094100000| Untracked 
|  50|0x0000000094200000, 0x0000000094300000, 0x0000000094300000|100%| O|  |TAMS 0x0000000094200000, 0x0000000094200000| Untracked 
|  51|0x0000000094300000, 0x0000000094400000, 0x0000000094400000|100%| O|  |TAMS 0x0000000094300000, 0x0000000094300000| Untracked 
|  52|0x0000000094400000, 0x0000000094500000, 0x0000000094500000|100%| O|  |TAMS 0x0000000094400000, 0x0000000094400000| Untracked 
|  53|0x0000000094500000, 0x0000000094500000, 0x0000000094600000|  0%| F|  |TAMS 0x0000000094500000, 0x0000000094500000| Untracked 
|  54|0x0000000094600000, 0x0000000094600000, 0x0000000094700000|  0%| F|  |TAMS 0x0000000094600000, 0x0000000094600000| Untracked 
|  55|0x0000000094700000, 0x0000000094700000, 0x0000000094800000|  0%| F|  |TAMS 0x0000000094700000, 0x0000000094700000| Untracked 
|  56|0x0000000094800000, 0x0000000094800000, 0x0000000094900000|  0%| F|  |TAMS 0x0000000094800000, 0x0000000094800000| Untracked 
|  57|0x0000000094900000, 0x0000000094900000, 0x0000000094a00000|  0%| F|  |TAMS 0x0000000094900000, 0x0000000094900000| Untracked 
|  58|0x0000000094a00000, 0x0000000094a00000, 0x0000000094b00000|  0%| F|  |TAMS 0x0000000094a00000, 0x0000000094a00000| Untracked 
|  59|0x0000000094b00000, 0x0000000094b00000, 0x0000000094c00000|  0%| F|  |TAMS 0x0000000094b00000, 0x0000000094b00000| Untracked 
|  60|0x0000000094c00000, 0x0000000094c00000, 0x0000000094d00000|  0%| F|  |TAMS 0x0000000094c00000, 0x0000000094c00000| Untracked 
|  61|0x0000000094d00000, 0x0000000094d00000, 0x0000000094e00000|  0%| F|  |TAMS 0x0000000094d00000, 0x0000000094d00000| Untracked 
|  62|0x0000000094e00000, 0x0000000094e00000, 0x0000000094f00000|  0%| F|  |TAMS 0x0000000094e00000, 0x0000000094e00000| Untracked 
|  63|0x0000000094f00000, 0x0000000094f00000, 0x0000000095000000|  0%| F|  |TAMS 0x0000000094f00000, 0x0000000094f00000| Untracked 
|  64|0x0000000095000000, 0x0000000095000000, 0x0000000095100000|  0%| F|  |TAMS 0x0000000095000000, 0x0000000095000000| Untracked 
|  65|0x0000000095100000, 0x0000000095100000, 0x0000000095200000|  0%| F|  |TAMS 0x0000000095100000, 0x0000000095100000| Untracked 
|  66|0x0000000095200000, 0x0000000095200000, 0x0000000095300000|  0%| F|  |TAMS 0x0000000095200000, 0x0000000095200000| Untracked 
|  67|0x0000000095300000, 0x0000000095300000, 0x0000000095400000|  0%| F|  |TAMS 0x0000000095300000, 0x0000000095300000| Untracked 
|  68|0x0000000095400000, 0x000000009546ee38, 0x0000000095500000| 43%| S|CS|TAMS 0x0000000095400000, 0x0000000095400000| Complete 
|  69|0x0000000095500000, 0x0000000095600000, 0x0000000095600000|100%| S|CS|TAMS 0x0000000095500000, 0x0000000095500000| Complete 
|  70|0x0000000095600000, 0x0000000095700000, 0x0000000095700000|100%| S|CS|TAMS 0x0000000095600000, 0x0000000095600000| Complete 
|  71|0x0000000095700000, 0x0000000095800000, 0x0000000095800000|100%| S|CS|TAMS 0x0000000095700000, 0x0000000095700000| Complete 
|  72|0x0000000095800000, 0x0000000095800000, 0x0000000095900000|  0%| F|  |TAMS 0x0000000095800000, 0x0000000095800000| Untracked 
|  73|0x0000000095900000, 0x0000000095900000, 0x0000000095a00000|  0%| F|  |TAMS 0x0000000095900000, 0x0000000095900000| Untracked 
|  74|0x0000000095a00000, 0x0000000095a00000, 0x0000000095b00000|  0%| F|  |TAMS 0x0000000095a00000, 0x0000000095a00000| Untracked 
|  75|0x0000000095b00000, 0x0000000095b00000, 0x0000000095c00000|  0%| F|  |TAMS 0x0000000095b00000, 0x0000000095b00000| Untracked 
|  76|0x0000000095c00000, 0x0000000095c00000, 0x0000000095d00000|  0%| F|  |TAMS 0x0000000095c00000, 0x0000000095c00000| Untracked 
|  77|0x0000000095d00000, 0x0000000095d00000, 0x0000000095e00000|  0%| F|  |TAMS 0x0000000095d00000, 0x0000000095d00000| Untracked 
|  78|0x0000000095e00000, 0x0000000095e00000, 0x0000000095f00000|  0%| F|  |TAMS 0x0000000095e00000, 0x0000000095e00000| Untracked 
|  79|0x0000000095f00000, 0x0000000095f00000, 0x0000000096000000|  0%| F|  |TAMS 0x0000000095f00000, 0x0000000095f00000| Untracked 
|  80|0x0000000096000000, 0x0000000096000000, 0x0000000096100000|  0%| F|  |TAMS 0x0000000096000000, 0x0000000096000000| Untracked 
|  81|0x0000000096100000, 0x0000000096100000, 0x0000000096200000|  0%| F|  |TAMS 0x0000000096100000, 0x0000000096100000| Untracked 
|  82|0x0000000096200000, 0x0000000096200000, 0x0000000096300000|  0%| F|  |TAMS 0x0000000096200000, 0x0000000096200000| Untracked 
|  83|0x0000000096300000, 0x0000000096300000, 0x0000000096400000|  0%| F|  |TAMS 0x0000000096300000, 0x0000000096300000| Untracked 
|  84|0x0000000096400000, 0x0000000096400000, 0x0000000096500000|  0%| F|  |TAMS 0x0000000096400000, 0x0000000096400000| Untracked 
|  85|0x0000000096500000, 0x0000000096500000, 0x0000000096600000|  0%| F|  |TAMS 0x0000000096500000, 0x0000000096500000| Untracked 
|  86|0x0000000096600000, 0x0000000096600000, 0x0000000096700000|  0%| F|  |TAMS 0x0000000096600000, 0x0000000096600000| Untracked 
|  87|0x0000000096700000, 0x0000000096700000, 0x0000000096800000|  0%| F|  |TAMS 0x0000000096700000, 0x0000000096700000| Untracked 
|  88|0x0000000096800000, 0x0000000096800000, 0x0000000096900000|  0%| F|  |TAMS 0x0000000096800000, 0x0000000096800000| Untracked 
|  89|0x0000000096900000, 0x0000000096900000, 0x0000000096a00000|  0%| F|  |TAMS 0x0000000096900000, 0x0000000096900000| Untracked 
|  90|0x0000000096a00000, 0x0000000096a00000, 0x0000000096b00000|  0%| F|  |TAMS 0x0000000096a00000, 0x0000000096a00000| Untracked 
|  91|0x0000000096b00000, 0x0000000096b00000, 0x0000000096c00000|  0%| F|  |TAMS 0x0000000096b00000, 0x0000000096b00000| Untracked 
|  92|0x0000000096c00000, 0x0000000096c00000, 0x0000000096d00000|  0%| F|  |TAMS 0x0000000096c00000, 0x0000000096c00000| Untracked 
|  93|0x0000000096d00000, 0x0000000096d00000, 0x0000000096e00000|  0%| F|  |TAMS 0x0000000096d00000, 0x0000000096d00000| Untracked 
|  94|0x0000000096e00000, 0x0000000096e00000, 0x0000000096f00000|  0%| F|  |TAMS 0x0000000096e00000, 0x0000000096e00000| Untracked 
|  95|0x0000000096f00000, 0x0000000096f00000, 0x0000000097000000|  0%| F|  |TAMS 0x0000000096f00000, 0x0000000096f00000| Untracked 
|  96|0x0000000097000000, 0x0000000097000000, 0x0000000097100000|  0%| F|  |TAMS 0x0000000097000000, 0x0000000097000000| Untracked 
|  97|0x0000000097100000, 0x0000000097100000, 0x0000000097200000|  0%| F|  |TAMS 0x0000000097100000, 0x0000000097100000| Untracked 
|  98|0x0000000097200000, 0x0000000097200000, 0x0000000097300000|  0%| F|  |TAMS 0x0000000097200000, 0x0000000097200000| Untracked 
|  99|0x0000000097300000, 0x0000000097300000, 0x0000000097400000|  0%| F|  |TAMS 0x0000000097300000, 0x0000000097300000| Untracked 
| 100|0x0000000097400000, 0x0000000097400000, 0x0000000097500000|  0%| F|  |TAMS 0x0000000097400000, 0x0000000097400000| Untracked 
| 101|0x0000000097500000, 0x0000000097500000, 0x0000000097600000|  0%| F|  |TAMS 0x0000000097500000, 0x0000000097500000| Untracked 
| 102|0x0000000097600000, 0x0000000097600000, 0x0000000097700000|  0%| F|  |TAMS 0x0000000097600000, 0x0000000097600000| Untracked 
| 103|0x0000000097700000, 0x0000000097700000, 0x0000000097800000|  0%| F|  |TAMS 0x0000000097700000, 0x0000000097700000| Untracked 
| 104|0x0000000097800000, 0x0000000097800000, 0x0000000097900000|  0%| F|  |TAMS 0x0000000097800000, 0x0000000097800000| Untracked 
| 105|0x0000000097900000, 0x0000000097900000, 0x0000000097a00000|  0%| F|  |TAMS 0x0000000097900000, 0x0000000097900000| Untracked 
| 106|0x0000000097a00000, 0x0000000097a00000, 0x0000000097b00000|  0%| F|  |TAMS 0x0000000097a00000, 0x0000000097a00000| Untracked 
| 107|0x0000000097b00000, 0x0000000097b00000, 0x0000000097c00000|  0%| F|  |TAMS 0x0000000097b00000, 0x0000000097b00000| Untracked 
| 108|0x0000000097c00000, 0x0000000097c00000, 0x0000000097d00000|  0%| F|  |TAMS 0x0000000097c00000, 0x0000000097c00000| Untracked 
| 109|0x0000000097d00000, 0x0000000097de14d0, 0x0000000097e00000| 88%| E|  |TAMS 0x0000000097d00000, 0x0000000097d00000| Complete 
| 110|0x0000000097e00000, 0x0000000097f00000, 0x0000000097f00000|100%| E|CS|TAMS 0x0000000097e00000, 0x0000000097e00000| Complete 
| 111|0x0000000097f00000, 0x0000000098000000, 0x0000000098000000|100%| E|CS|TAMS 0x0000000097f00000, 0x0000000097f00000| Complete 

Card table byte_map: [0x00000185bd060000,0x00000185bd3e0000] _byte_map_base: 0x00000185bcbd8000

Marking Bits (Prev, Next): (CMBitMap*) 0x00000185a5ec20b0, (CMBitMap*) 0x00000185a5ec2070
 Prev Bits: [0x00000185bf320000, 0x00000185c0ee0000)
 Next Bits: [0x00000185bd760000, 0x00000185bf320000)

Polling page: 0x00000185a3da0000

Metaspace:

Usage:
  Non-class:     19.42 MB used.
      Class:      3.15 MB used.
       Both:     22.57 MB used.

Virtual space:
  Non-class space:       64.00 MB reserved,      19.56 MB ( 31%) committed,  1 nodes.
      Class space:        1.00 GB reserved,       3.38 MB ( <1%) committed,  1 nodes.
             Both:        1.06 GB reserved,      22.94 MB (  2%) committed. 

Chunk freelists:
   Non-Class:  11.81 MB
       Class:  12.47 MB
        Both:  24.28 MB

MaxMetaspaceSize: unlimited
CompressedClassSpaceSize: 1.00 GB
Initial GC threshold: 21.00 MB
Current GC threshold: 35.12 MB
CDS: on
MetaspaceReclaimPolicy: balanced
 - commit_granule_bytes: 65536.
 - commit_granule_words: 8192.
 - virtual_space_node_default_size: 8388608.
 - enlarge_chunks_in_place: 1.
 - new_chunks_are_fully_committed: 0.
 - uncommit_free_chunks: 1.
 - use_allocation_guard: 0.
 - handle_deallocations: 1.


Internal statistics:

num_allocs_failed_limit: 3.
num_arena_births: 522.
num_arena_deaths: 0.
num_vsnodes_births: 2.
num_vsnodes_deaths: 0.
num_space_committed: 367.
num_space_uncommitted: 0.
num_chunks_returned_to_freelist: 3.
num_chunks_taken_from_freelist: 1417.
num_chunk_merges: 3.
num_chunk_splits: 934.
num_chunks_enlarged: 619.
num_inconsistent_stats: 0.

CodeHeap 'non-profiled nmethods': size=120000Kb used=4674Kb max_used=4674Kb free=115325Kb
 bounds [0x00000185b5470000, 0x00000185b5910000, 0x00000185bc9a0000]
CodeHeap 'profiled nmethods': size=120000Kb used=13367Kb max_used=13367Kb free=106632Kb
 bounds [0x00000185ad9a0000, 0x00000185ae6c0000, 0x00000185b4ed0000]
CodeHeap 'non-nmethods': size=5760Kb used=1538Kb max_used=1604Kb free=4221Kb
 bounds [0x00000185b4ed0000, 0x00000185b5140000, 0x00000185b5470000]
 total_blobs=7095 nmethods=6253 adapters=751
 compilation: enabled
              stopped_count=0, restarted_count=0
 full_count=0

Compilation events (20 events):
Event: 187.526 Thread 0x00000185c38fe8c0 7049       3       javafx.scene.Node::notifyFocusListeners (36 bytes)
Event: 187.526 Thread 0x00000185c38fe8c0 nmethod 7049 0x00000185ae6aad10 code [0x00000185ae6aaf20, 0x00000185ae6ab738]
Event: 187.526 Thread 0x00000185c38fe8c0 7048       3       javafx.scene.control.ListCell::updateFocus (45 bytes)
Event: 187.528 Thread 0x00000185c38fe8c0 nmethod 7048 0x00000185ae6ab990 code [0x00000185ae6abc80, 0x00000185ae6ad138]
Event: 187.628 Thread 0x00000185c39014c0 7050       4       javafx.scene.layout.Background::equals (80 bytes)
Event: 187.642 Thread 0x00000185c39014c0 nmethod 7050 0x00000185b58fdd90 code [0x00000185b58fdfc0, 0x00000185b58fe808]
Event: 187.835 Thread 0x00000185c39014c0 7051       4       com.sun.scenario.animation.AbstractPrimaryTimer::nanos (37 bytes)
Event: 187.836 Thread 0x00000185c39014c0 nmethod 7051 0x00000185b58ff190 code [0x00000185b58ff300, 0x00000185b58ff3d8]
Event: 187.934 Thread 0x00000185c39014c0 7052   !   4       com.sun.javafx.event.EventUtil::fireEvent (81 bytes)
Event: 187.953 Thread 0x00000185c39014c0 nmethod 7052 0x00000185b58ff490 code [0x00000185b58ff6a0, 0x00000185b5900188]
Event: 513.452 Thread 0x00000185c38fe8c0 7054       3       javafx.scene.control.DialogPane::getHeaderText (11 bytes)
Event: 513.452 Thread 0x00000185c38fe8c0 nmethod 7054 0x00000185ae6ad790 code [0x00000185ae6ad940, 0x00000185ae6adc28]
Event: 513.452 Thread 0x00000185c38fe8c0 7055       3       javafx.scene.layout.GridPane::getNodeColumnIndex (18 bytes)
Event: 513.454 Thread 0x00000185c38fe8c0 nmethod 7055 0x00000185ae6add10 code [0x00000185ae6adf60, 0x00000185ae6aea98]
Event: 513.454 Thread 0x00000185c38fe8c0 7056       3       javafx.scene.layout.GridPane::getColumnIndex (10 bytes)
Event: 513.455 Thread 0x00000185c38fe8c0 nmethod 7056 0x00000185ae6aee10 code [0x00000185ae6af040, 0x00000185ae6afa98]
Event: 513.455 Thread 0x00000185c38fe8c0 7053       3       jdk.internal.icu.text.BidiBase::DirPropFlagLR (8 bytes)
Event: 513.455 Thread 0x00000185c38fe8c0 nmethod 7053 0x00000185ae6afd90 code [0x00000185ae6aff20, 0x00000185ae6b0018]
Event: 513.511 Thread 0x00000185c38fe8c0 7057       3       com.sun.javafx.text.TextRun::setMetrics (16 bytes)
Event: 513.512 Thread 0x00000185c38fe8c0 nmethod 7057 0x00000185ae6b0110 code [0x00000185ae6b02a0, 0x00000185ae6b03b8]

GC Heap History (10 events):
Event: 1.203 GC heap before
{Heap before GC invocations=0 (full 0):
 garbage-first heap   total 114688K, used 23552K [0x0000000091000000, 0x0000000100000000)
  region size 1024K, 23 young (23552K), 0 survivors (0K)
 Metaspace       used 4575K, committed 4800K, reserved 1114112K
  class space    used 515K, committed 640K, reserved 1048576K
}
Event: 1.207 GC heap after
{Heap after GC invocations=1 (full 0):
 garbage-first heap   total 114688K, used 3311K [0x0000000091000000, 0x0000000100000000)
  region size 1024K, 3 young (3072K), 3 survivors (3072K)
 Metaspace       used 4575K, committed 4800K, reserved 1114112K
  class space    used 515K, committed 640K, reserved 1048576K
}
Event: 4.574 GC heap before
{Heap before GC invocations=1 (full 0):
 garbage-first heap   total 114688K, used 39151K [0x0000000091000000, 0x0000000100000000)
  region size 1024K, 35 young (35840K), 3 survivors (3072K)
 Metaspace       used 10561K, committed 10816K, reserved 1114112K
  class space    used 1383K, committed 1536K, reserved 1048576K
}
Event: 4.580 GC heap after
{Heap after GC invocations=2 (full 0):
 garbage-first heap   total 114688K, used 8865K [0x0000000091000000, 0x0000000100000000)
  region size 1024K, 4 young (4096K), 4 survivors (4096K)
 Metaspace       used 10561K, committed 10816K, reserved 1114112K
  class space    used 1383K, committed 1536K, reserved 1048576K
}
Event: 17.208 GC heap before
{Heap before GC invocations=2 (full 0):
 garbage-first heap   total 114688K, used 87713K [0x0000000091000000, 0x0000000100000000)
  region size 1024K, 63 young (64512K), 4 survivors (4096K)
 Metaspace       used 21237K, committed 21504K, reserved 1114112K
  class space    used 3082K, committed 3264K, reserved 1048576K
}
Event: 17.226 GC heap after
{Heap after GC invocations=3 (full 0):
 garbage-first heap   total 114688K, used 34552K [0x0000000091000000, 0x0000000100000000)
  region size 1024K, 9 young (9216K), 9 survivors (9216K)
 Metaspace       used 21237K, committed 21504K, reserved 1114112K
  class space    used 3082K, committed 3264K, reserved 1048576K
}
Event: 95.891 GC heap before
{Heap before GC invocations=4 (full 0):
 garbage-first heap   total 114688K, used 88824K [0x0000000091000000, 0x0000000100000000)
  region size 1024K, 53 young (54272K), 9 survivors (9216K)
 Metaspace       used 22553K, committed 22976K, reserved 1114112K
  class space    used 3209K, committed 3456K, reserved 1048576K
}
Event: 95.905 GC heap after
{Heap after GC invocations=5 (full 0):
 garbage-first heap   total 114688K, used 43657K [0x0000000091000000, 0x0000000100000000)
  region size 1024K, 6 young (6144K), 6 survivors (6144K)
 Metaspace       used 22553K, committed 22976K, reserved 1114112K
  class space    used 3209K, committed 3456K, reserved 1048576K
}
Event: 187.085 GC heap before
{Heap before GC invocations=5 (full 0):
 garbage-first heap   total 114688K, used 89737K [0x0000000091000000, 0x0000000100000000)
  region size 1024K, 46 young (47104K), 6 survivors (6144K)
 Metaspace       used 23096K, committed 23488K, reserved 1114112K
  class space    used 3224K, committed 3456K, reserved 1048576K
}
Event: 187.093 GC heap after
{Heap after GC invocations=6 (full 0):
 garbage-first heap   total 114688K, used 48127K [0x0000000091000000, 0x0000000100000000)
  region size 1024K, 4 young (4096K), 4 survivors (4096K)
 Metaspace       used 23096K, committed 23488K, reserved 1114112K
  class space    used 3224K, committed 3456K, reserved 1048576K
}

Dll operation events (20 events):
Event: 0.702 Loaded shared library D:\Proyecto Terminal\openjfx-22.0.1_windows-x64_bin-sdk\javafx-sdk-22.0.1\bin\api-ms-win-crt-math-l1-1-0.dll
Event: 0.704 Loaded shared library D:\Proyecto Terminal\openjfx-22.0.1_windows-x64_bin-sdk\javafx-sdk-22.0.1\bin\api-ms-win-crt-multibyte-l1-1-0.dll
Event: 0.706 Loaded shared library D:\Proyecto Terminal\openjfx-22.0.1_windows-x64_bin-sdk\javafx-sdk-22.0.1\bin\api-ms-win-crt-private-l1-1-0.dll
Event: 0.708 Loaded shared library D:\Proyecto Terminal\openjfx-22.0.1_windows-x64_bin-sdk\javafx-sdk-22.0.1\bin\api-ms-win-crt-process-l1-1-0.dll
Event: 0.710 Loaded shared library D:\Proyecto Terminal\openjfx-22.0.1_windows-x64_bin-sdk\javafx-sdk-22.0.1\bin\api-ms-win-crt-runtime-l1-1-0.dll
Event: 0.713 Loaded shared library D:\Proyecto Terminal\openjfx-22.0.1_windows-x64_bin-sdk\javafx-sdk-22.0.1\bin\api-ms-win-crt-stdio-l1-1-0.dll
Event: 0.715 Loaded shared library D:\Proyecto Terminal\openjfx-22.0.1_windows-x64_bin-sdk\javafx-sdk-22.0.1\bin\api-ms-win-crt-string-l1-1-0.dll
Event: 0.719 Loaded shared library D:\Proyecto Terminal\openjfx-22.0.1_windows-x64_bin-sdk\javafx-sdk-22.0.1\bin\api-ms-win-crt-time-l1-1-0.dll
Event: 0.722 Loaded shared library D:\Proyecto Terminal\openjfx-22.0.1_windows-x64_bin-sdk\javafx-sdk-22.0.1\bin\api-ms-win-crt-utility-l1-1-0.dll
Event: 0.725 Loaded shared library D:\Proyecto Terminal\openjfx-22.0.1_windows-x64_bin-sdk\javafx-sdk-22.0.1\bin\ucrtbase.dll
Event: 0.727 Loaded shared library D:\Proyecto Terminal\openjfx-22.0.1_windows-x64_bin-sdk\javafx-sdk-22.0.1\bin\vcruntime140.dll
Event: 0.730 Loaded shared library D:\Proyecto Terminal\openjfx-22.0.1_windows-x64_bin-sdk\javafx-sdk-22.0.1\bin\vcruntime140_1.dll
Event: 0.733 Loaded shared library D:\Proyecto Terminal\openjfx-22.0.1_windows-x64_bin-sdk\javafx-sdk-22.0.1\bin\msvcp140.dll
Event: 0.735 Loaded shared library D:\Proyecto Terminal\openjfx-22.0.1_windows-x64_bin-sdk\javafx-sdk-22.0.1\bin\msvcp140_1.dll
Event: 0.737 Loaded shared library D:\Proyecto Terminal\openjfx-22.0.1_windows-x64_bin-sdk\javafx-sdk-22.0.1\bin\msvcp140_2.dll
Event: 0.818 Loaded shared library D:\Proyecto Terminal\openjfx-22.0.1_windows-x64_bin-sdk\javafx-sdk-22.0.1\bin\prism_d3d.dll
Event: 0.882 Loaded shared library D:\Proyecto Terminal\openjfx-22.0.1_windows-x64_bin-sdk\javafx-sdk-22.0.1\bin\glass.dll
Event: 1.132 Loaded shared library C:\Users\diego\.jdks\corretto-17.0.13\bin\jimage.dll
Event: 2.236 Loaded shared library D:\Proyecto Terminal\openjfx-22.0.1_windows-x64_bin-sdk\javafx-sdk-22.0.1\bin\javafx_font.dll
Event: 7.627 Loaded shared library D:\Proyecto Terminal\openjfx-22.0.1_windows-x64_bin-sdk\javafx-sdk-22.0.1\bin\javafx_iio.dll

Deoptimization events (20 events):
Event: 187.078 Thread 0x00000186093e47e0 Uncommon trap: trap_request=0xffffffc6 fr.pc=0x00000185b54fbf3c relative=0x000000000000089c
Event: 187.078 Thread 0x00000186093e47e0 Uncommon trap: reason=bimorphic_or_optimized_type_check action=maybe_recompile pc=0x00000185b54fbf3c method=com.sun.javafx.sg.prism.NGNode.markCullRegions(Lcom/sun/javafx/geom/DirtyRegionContainer;ILcom/sun/javafx/geom/transform/BaseTransform;Lcom/sun/jav
Event: 187.078 Thread 0x00000186093e47e0 DEOPT PACKING pc=0x00000185b54fbf3c sp=0x00000054b80feb10
Event: 187.078 Thread 0x00000186093e47e0 DEOPT UNPACKING pc=0x00000185b4f269a3 sp=0x00000054b80feaa8 mode 2
Event: 485.335 Thread 0x000001860a12ad70 Uncommon trap: trap_request=0xffffff45 fr.pc=0x00000185b588074c relative=0x000000000000114c
Event: 485.335 Thread 0x000001860a12ad70 Uncommon trap: reason=unstable_if action=reinterpret pc=0x00000185b588074c method=jdk.internal.math.FloatingDecimal$BinaryToASCIIBuffer.dtoa(IJIZ)V @ 824 c2
Event: 485.335 Thread 0x000001860a12ad70 DEOPT PACKING pc=0x00000185b588074c sp=0x00000054b84f9d00
Event: 485.335 Thread 0x000001860a12ad70 DEOPT UNPACKING pc=0x00000185b4f269a3 sp=0x00000054b84f9c08 mode 2
Event: 513.543 Thread 0x00000186094bd8d0 Uncommon trap: trap_request=0xffffff45 fr.pc=0x00000185b54f0744 relative=0x00000000000000c4
Event: 513.544 Thread 0x00000186094bd8d0 Uncommon trap: reason=unstable_if action=reinterpret pc=0x00000185b54f0744 method=java.util.concurrent.locks.ReentrantLock$Sync.tryRelease(I)Z @ 26 c2
Event: 513.544 Thread 0x00000186094bd8d0 DEOPT PACKING pc=0x00000185b54f0744 sp=0x00000054b7cfedc0
Event: 513.544 Thread 0x00000186094bd8d0 DEOPT UNPACKING pc=0x00000185b4f269a3 sp=0x00000054b7cfed70 mode 2
Event: 513.544 Thread 0x00000186093e47e0 DEOPT PACKING pc=0x00000185ae31fe44 sp=0x00000054b80ff2b0
Event: 513.544 Thread 0x00000186093e47e0 DEOPT UNPACKING pc=0x00000185b4f27143 sp=0x00000054b80fe7d0 mode 1
Event: 513.544 Thread 0x00000186093e47e0 DEOPT PACKING pc=0x00000185adf681e4 sp=0x00000054b80ff3a0
Event: 513.544 Thread 0x00000186093e47e0 DEOPT UNPACKING pc=0x00000185b4f27143 sp=0x00000054b80fe8e8 mode 1
Event: 513.544 Thread 0x00000186093e47e0 DEOPT PACKING pc=0x00000185adf66fbc sp=0x00000054b80ff4b0
Event: 513.544 Thread 0x00000186093e47e0 DEOPT UNPACKING pc=0x00000185b4f27143 sp=0x00000054b80fe970 mode 1
Event: 513.544 Thread 0x00000186094bd8d0 DEOPT PACKING pc=0x00000185b55f454c sp=0x00000054b7cff120
Event: 513.544 Thread 0x00000186094bd8d0 DEOPT UNPACKING pc=0x00000185b4f27143 sp=0x00000054b7cfe540 mode 1

Classes loaded (20 events):
Event: 63.913 Loading class javafx/scene/input/MouseEvent
Event: 63.913 Loading class javafx/scene/input/MouseEvent done
Event: 63.913 Loading class optiuam/bc/model/ElementoGrafico
Event: 63.913 Loading class optiuam/bc/model/ElementoGrafico done
Event: 63.913 Loading class optiuam/bc/model/ElementoGrafico
Event: 63.913 Loading class optiuam/bc/model/ElementoGrafico done
Event: 63.914 Loading class optiuam/bc/model/ElementoGrafico
Event: 63.914 Loading class optiuam/bc/model/ElementoGrafico done
Event: 63.914 Loading class optiuam/bc/model/ElementoGrafico
Event: 63.914 Loading class optiuam/bc/model/ElementoGrafico done
Event: 63.914 Loading class optiuam/bc/controller/VentanaFibraController
Event: 63.914 Loading class optiuam/bc/controller/VentanaFibraController done
Event: 63.914 Loading class optiuam/bc/model/ElementoGrafico
Event: 63.914 Loading class optiuam/bc/model/ElementoGrafico done
Event: 513.540 Loading class jdk/internal/misc/Signal$1
Event: 513.540 Loading class jdk/internal/misc/Signal$1 done
Event: 513.542 Loading class com/sun/javafx/tk/quantum/QuantumRenderer
Event: 513.542 Loading class com/sun/javafx/tk/quantum/QuantumRenderer done
Event: 513.544 Loading class com/sun/javafx/tk/quantum/QuantumToolkit
Event: 513.544 Loading class com/sun/javafx/tk/quantum/QuantumToolkit done

Classes unloaded (0 events):
No events

Classes redefined (0 events):
No events

Internal exceptions (20 events):
Event: 7.518 Thread 0x000001860a12ad70 Exception <a 'java/lang/NoSuchMethodError'{0x0000000095e641c0}: 'long java.lang.invoke.DirectMethodHandle$Holder.invokeStaticInit(java.lang.Object, java.lang.Object, java.lang.Object)'> (0x0000000095e641c0) 
thrown [s\src\hotspot\share\interpreter\linkResolver.cpp, line 759]
Event: 7.522 Thread 0x000001860a12ad70 Exception <a 'java/lang/NoSuchMethodError'{0x0000000095e7bd40}: 'java.lang.Object java.lang.invoke.DirectMethodHandle$Holder.newInvokeSpecial(java.lang.Object, java.lang.Object, long)'> (0x0000000095e7bd40) 
thrown [s\src\hotspot\share\interpreter\linkResolver.cpp, line 759]
Event: 7.523 Thread 0x000001860a12ad70 Exception <a 'java/lang/NoSuchMethodError'{0x0000000095e7f8b0}: 'java.lang.Object java.lang.invoke.Invokers$Holder.linkToTargetMethod(java.lang.Object, long, java.lang.Object)'> (0x0000000095e7f8b0) 
thrown [s\src\hotspot\share\interpreter\linkResolver.cpp, line 759]
Event: 7.841 Thread 0x000001860a12ad70 Exception <a 'java/lang/ClassNotFoundException'{0x000000009534c488}: com/sun/javafx/scene/control/skin/resources/controls> (0x000000009534c488) 
thrown [s\src\hotspot\share\prims\jni.cpp, line 535]
Event: 7.843 Thread 0x000001860a12ad70 Exception <a 'java/lang/ClassNotFoundException'{0x000000009535ae38}: com/sun/javafx/scene/control/skin/resources/controls_es> (0x000000009535ae38) 
thrown [s\src\hotspot\share\prims\jni.cpp, line 535]
Event: 7.844 Thread 0x000001860a12ad70 Exception <a 'java/lang/ClassNotFoundException'{0x0000000095369018}: com/sun/javafx/scene/control/skin/resources/controls_es_MX> (0x0000000095369018) 
thrown [s\src\hotspot\share\prims\jni.cpp, line 535]
Event: 7.888 Thread 0x000001860a12ad70 Exception <a 'java/lang/NoSuchMethodError'{0x00000000952f6590}: 'int java.lang.invoke.DirectMethodHandle$Holder.invokeSpecial(java.lang.Object, java.lang.Object, int)'> (0x00000000952f6590) 
thrown [s\src\hotspot\share\interpreter\linkResolver.cpp, line 759]
Event: 8.123 Thread 0x000001860a12ad70 Exception <a 'java/lang/NoSuchMethodError'{0x0000000094b1c960}: 'void java.lang.invoke.DirectMethodHandle$Holder.invokeVirtual(java.lang.Object, java.lang.Object)'> (0x0000000094b1c960) 
thrown [s\src\hotspot\share\interpreter\linkResolver.cpp, line 759]
Event: 8.897 Thread 0x000001860a12ad70 Exception <a 'java/lang/NoSuchMethodError'{0x0000000094a66de8}: 'java.lang.Object java.lang.invoke.DirectMethodHandle$Holder.newInvokeSpecial(java.lang.Object, java.lang.Object, int, int, int, int, int, java.lang.Object)'> (0x0000000094a66de8) 
thrown [s\src\hotspot\share\interpreter\linkResolver.cpp, line 759]
Event: 8.900 Thread 0x000001860a12ad70 Exception <a 'java/lang/NoSuchMethodError'{0x0000000094a7a310}: 'java.lang.Object java.lang.invoke.DirectMethodHandle$Holder.newInvokeSpecial(java.lang.Object, java.lang.Object, java.lang.Object, int, int, int, int, int)'> (0x0000000094a7a310) 
thrown [s\src\hotspot\share\interpreter\linkResolver.cpp, line 759]
Event: 8.902 Thread 0x000001860a12ad70 Exception <a 'java/lang/NoSuchMethodError'{0x0000000094af5b80}: 'java.lang.Object java.lang.invoke.Invokers$Holder.linkToTargetMethod(java.lang.Object, java.lang.Object, int, int, int, int, int, java.lang.Object)'> (0x0000000094af5b80) 
thrown [s\src\hotspot\share\interpreter\linkResolver.cpp, line 759]
Event: 32.689 Thread 0x000001860a12ad70 Exception <a 'java/lang/NoSuchMethodError'{0x0000000096b7a968}: 'java.lang.Object java.lang.invoke.DirectMethodHandle$Holder.invokeSpecial(java.lang.Object, java.lang.Object, long, java.lang.Object, int, int, java.lang.Object, int, java.lang.Object)'> (0x0000000096b7a968) 
thrown [s\src\hotspot\share\interpreter\linkResolver.cpp, line 759]
Event: 32.690 Thread 0x000001860a12ad70 Exception <a 'java/lang/NoSuchMethodError'{0x0000000096b7ebc8}: 'java.lang.Object java.lang.invoke.DelegatingMethodHandle$Holder.reinvoke_L(java.lang.Object, long, java.lang.Object, int, int, java.lang.Object, int, java.lang.Object)'> (0x0000000096b7ebc8) 
thrown [s\src\hotspot\share\interpreter\linkResolver.cpp, line 759]
Event: 32.705 Thread 0x000001860a12ad70 Exception <a 'java/lang/NoSuchMethodError'{0x0000000096bdc340}: 'java.lang.Object java.lang.invoke.DelegatingMethodHandle$Holder.reinvoke_L(java.lang.Object, java.lang.Object, long, java.lang.Object, int, java.lang.Object, java.lang.Object, java.lang.Object, java.lang.Object, java.lang.Object, java.lang.Object, java.lang.Object, java.lang.Object, int, int)'> (0x0000000096bdc340) 
thrown [s\src\hotspot\share\interpreter\linkResolver.cpp, line 759]
Event: 32.721 Thread 0x000001860a12ad70 Exception <a 'java/lang/NoSuchMethodError'{0x0000000096a21518}: 'java.lang.Object java.lang.invoke.DirectMethodHandle$Holder.invokeSpecial(java.lang.Object, java.lang.Object, long, java.lang.Object, int, java.lang.Object, java.lang.Object, java.lang.Object, java.lang.Object, java.lang.Object, java.lang.Object, java.lang.Object, java.lang.Object, int, int)'> (0x0000000096a21518) 
thrown [s\src\hotspot\share\interpreter\linkResolver.cpp, line 759]
Event: 32.722 Thread 0x000001860a12ad70 Exception <a 'java/lang/NoSuchMethodError'{0x0000000096a260d0}: 'java.lang.Object java.lang.invoke.DelegatingMethodHandle$Holder.reinvoke_L(java.lang.Object, long, java.lang.Object, int, java.lang.Object, java.lang.Object, java.lang.Object, java.lang.Object, java.lang.Object, java.lang.Object, java.lang.Object, java.lang.Object, int, int)'> (0x0000000096a260d0) 
thrown [s\src\hotspot\share\interpreter\linkResolver.cpp, line 759]
Event: 71.908 Thread 0x000001860a12ad70 Exception <a 'java/lang/NoSuchMethodError'{0x0000000095821b28}: 'java.lang.Object java.lang.invoke.DelegatingMethodHandle$Holder.reinvoke_L(java.lang.Object, java.lang.Object, int, int, double, int)'> (0x0000000095821b28) 
thrown [s\src\hotspot\share\interpreter\linkResolver.cpp, line 759]
Event: 95.907 Thread 0x00000186093e47e0 Implicit null exception at 0x00000185b5736f2c to 0x00000185b5736fac
Event: 108.678 Thread 0x000001860a12ad70 Exception <a 'java/lang/NoSuchMethodError'{0x0000000097172be0}: 'java.lang.Object java.lang.invoke.DirectMethodHandle$Holder.invokeSpecial(java.lang.Object, java.lang.Object, long, java.lang.Object, int, int, int, java.lang.Object, java.lang.Object, java.lang.Object, int)'> (0x0000000097172be0) 
thrown [s\src\hotspot\share\interpreter\linkResolver.cpp, line 759]
Event: 108.678 Thread 0x000001860a12ad70 Exception <a 'java/lang/NoSuchMethodError'{0x0000000097177120}: 'java.lang.Object java.lang.invoke.DelegatingMethodHandle$Holder.reinvoke_L(java.lang.Object, long, java.lang.Object, int, int, int, java.lang.Object, java.lang.Object, java.lang.Object, int)'> (0x0000000097177120) 
thrown [s\src\hotspot\share\interpreter\linkResolver.cpp, line 759]

VM Operations (20 events):
Event: 500.955 Executing VM operation: get/set locals done
Event: 500.955 Executing VM operation: get/set locals
Event: 500.956 Executing VM operation: get/set locals done
Event: 500.956 Executing VM operation: get/set locals
Event: 500.956 Executing VM operation: get/set locals done
Event: 500.956 Executing VM operation: get/set locals
Event: 500.957 Executing VM operation: get/set locals done
Event: 500.957 Executing VM operation: get/set locals
Event: 500.957 Executing VM operation: get/set locals done
Event: 513.380 Executing VM operation: ChangeBreakpoints
Event: 513.380 Executing VM operation: ChangeBreakpoints done
Event: 513.384 Executing VM operation: ChangeBreakpoints
Event: 513.384 Executing VM operation: ChangeBreakpoints done
Event: 513.386 Executing VM operation: ChangeBreakpoints
Event: 513.386 Executing VM operation: ChangeBreakpoints done
Event: 513.397 Executing VM operation: ChangeBreakpoints
Event: 513.397 Executing VM operation: ChangeBreakpoints done
Event: 513.402 Executing VM operation: ChangeBreakpoints
Event: 513.402 Executing VM operation: ChangeBreakpoints done
Event: 513.545 Executing VM operation: Exit

Memory protections (0 events):
No events

Nmethod flushes (20 events):
Event: 29.397 Thread 0x00000185c39345d0 flushing  nmethod 0x00000185ae1ee290
Event: 29.397 Thread 0x00000185c39345d0 flushing  nmethod 0x00000185ae201590
Event: 29.397 Thread 0x00000185c39345d0 flushing  nmethod 0x00000185ae221710
Event: 29.397 Thread 0x00000185c39345d0 flushing  nmethod 0x00000185ae240d90
Event: 29.398 Thread 0x00000185c39345d0 flushing  nmethod 0x00000185ae296790
Event: 29.398 Thread 0x00000185c39345d0 flushing  nmethod 0x00000185ae2d0290
Event: 29.398 Thread 0x00000185c39345d0 flushing  nmethod 0x00000185ae398d10
Event: 29.398 Thread 0x00000185c39345d0 flushing  nmethod 0x00000185ae3a3090
Event: 29.398 Thread 0x00000185c39345d0 flushing osr nmethod 0x00000185ae3a5b90
Event: 29.399 Thread 0x00000185c39345d0 flushing  nmethod 0x00000185ae3e7110
Event: 29.399 Thread 0x00000185c39345d0 flushing  nmethod 0x00000185ae404910
Event: 29.399 Thread 0x00000185c39345d0 flushing  nmethod 0x00000185ae404f10
Event: 29.399 Thread 0x00000185c39345d0 flushing osr nmethod 0x00000185ae406310
Event: 29.399 Thread 0x00000185c39345d0 flushing  nmethod 0x00000185ae491f10
Event: 185.775 Thread 0x00000185c39345d0 flushing  nmethod 0x00000185b5680210
Event: 185.775 Thread 0x00000185c39345d0 flushing  nmethod 0x00000185b56b2510
Event: 185.781 Thread 0x00000185c39345d0 flushing  nmethod 0x00000185ae13f710
Event: 185.782 Thread 0x00000185c39345d0 flushing  nmethod 0x00000185ae1ff690
Event: 185.782 Thread 0x00000185c39345d0 flushing  nmethod 0x00000185ae276d10
Event: 185.783 Thread 0x00000185c39345d0 flushing  nmethod 0x00000185ae366590

Events (20 events):
Event: 57.597 Thread 0x00000186147c1390 Thread exited: 0x00000186147c1390
Event: 65.772 Thread 0x00000185c38fe8c0 Thread added: 0x0000018614994f90
Event: 66.489 Thread 0x0000018614994f90 Thread exited: 0x0000018614994f90
Event: 67.035 Thread 0x00000185c38fe8c0 Thread added: 0x0000018614994f90
Event: 67.324 Thread 0x0000018614994f90 Thread exited: 0x0000018614994f90
Event: 95.637 Thread 0x00000185c38fe8c0 Thread added: 0x0000018614994f90
Event: 96.150 Thread 0x0000018614994f90 Thread exited: 0x0000018614994f90
Event: 104.479 Thread 0x00000185c38fe8c0 Thread added: 0x00000186137c3280
Event: 105.213 Thread 0x00000186137c3280 Thread exited: 0x00000186137c3280
Event: 175.055 Thread 0x00000185c38fe8c0 Thread added: 0x0000018609aa3e00
Event: 175.308 Thread 0x0000018609aa3e00 Thread exited: 0x0000018609aa3e00
Event: 185.171 Thread 0x00000185c38fe8c0 Thread added: 0x00000186099eb640
Event: 185.899 Thread 0x00000186099eb640 Thread exited: 0x00000186099eb640
Event: 513.377 Thread 0x00000186094bba70 Thread exited: 0x00000186094bba70
Event: 513.410 Thread 0x00000185c3deb930 Thread exited: 0x00000185c3deb930
Event: 513.541 Thread 0x00000185c38f9910 Thread added: 0x00000186094bba70
Event: 513.542 Thread 0x00000186094bba70 Thread added: 0x00000186094bd8d0
Event: 513.542 Thread 0x00000186094bba70 Thread added: 0x0000018609806100
Event: 513.543 Thread 0x0000018609806100 Thread exited: 0x0000018609806100
Event: 513.544 Thread 0x00000186094bd8d0 Thread exited: 0x00000186094bd8d0


Dynamic libraries:
0x00007ff60b2b0000 - 0x00007ff60b2be000 	C:\Users\diego\.jdks\corretto-17.0.13\bin\java.exe
0x00007ffe659d0000 - 0x00007ffe65be7000 	C:\Windows\SYSTEM32\ntdll.dll
0x00007ffe64980000 - 0x00007ffe64a44000 	C:\Windows\System32\KERNEL32.DLL
0x00007ffe62e90000 - 0x00007ffe63249000 	C:\Windows\System32\KERNELBASE.dll
0x00007ffe635d0000 - 0x00007ffe636e1000 	C:\Windows\System32\ucrtbase.dll
0x00007ffe5b8f0000 - 0x00007ffe5b90b000 	C:\Users\diego\.jdks\corretto-17.0.13\bin\VCRUNTIME140.dll
0x00007ffe5d8a0000 - 0x00007ffe5d8b7000 	C:\Users\diego\.jdks\corretto-17.0.13\bin\jli.dll
0x00007ffe63940000 - 0x00007ffe63aee000 	C:\Windows\System32\USER32.dll
0x00007ffe632c0000 - 0x00007ffe632e6000 	C:\Windows\System32\win32u.dll
0x00007ffe4a0b0000 - 0x00007ffe4a342000 	C:\Windows\WinSxS\amd64_microsoft.windows.common-controls_6595b64144ccf1df_6.0.22621.4391_none_2715d37f73803e96\COMCTL32.dll
0x00007ffe64770000 - 0x00007ffe64799000 	C:\Windows\System32\GDI32.dll
0x00007ffe658e0000 - 0x00007ffe65987000 	C:\Windows\System32\msvcrt.dll
0x00007ffe62cd0000 - 0x00007ffe62deb000 	C:\Windows\System32\gdi32full.dll
0x00007ffe62df0000 - 0x00007ffe62e8a000 	C:\Windows\System32\msvcp_win.dll
0x00007ffe64af0000 - 0x00007ffe64b21000 	C:\Windows\System32\IMM32.DLL
0x00007ffe5d8d0000 - 0x00007ffe5d8dc000 	C:\Users\diego\.jdks\corretto-17.0.13\bin\vcruntime140_1.dll
0x00007ffe51fb0000 - 0x00007ffe5203d000 	C:\Users\diego\.jdks\corretto-17.0.13\bin\msvcp140.dll
0x00007ffe101e0000 - 0x00007ffe10e4c000 	C:\Users\diego\.jdks\corretto-17.0.13\bin\server\jvm.dll
0x00007ffe651c0000 - 0x00007ffe65272000 	C:\Windows\System32\ADVAPI32.dll
0x00007ffe65110000 - 0x00007ffe651b7000 	C:\Windows\System32\sechost.dll
0x00007ffe632f0000 - 0x00007ffe63318000 	C:\Windows\System32\bcrypt.dll
0x00007ffe64ff0000 - 0x00007ffe65104000 	C:\Windows\System32\RPCRT4.dll
0x00007ffe64a50000 - 0x00007ffe64ac1000 	C:\Windows\System32\WS2_32.dll
0x00007ffe62ba0000 - 0x00007ffe62bed000 	C:\Windows\SYSTEM32\POWRPROF.dll
0x00007ffe5f660000 - 0x00007ffe5f694000 	C:\Windows\SYSTEM32\WINMM.dll
0x00007ffe58af0000 - 0x00007ffe58afa000 	C:\Windows\SYSTEM32\VERSION.dll
0x00007ffe62b80000 - 0x00007ffe62b93000 	C:\Windows\SYSTEM32\UMPDC.dll
0x00007ffe61d10000 - 0x00007ffe61d28000 	C:\Windows\SYSTEM32\kernel.appcore.dll
0x00007ffe5cc20000 - 0x00007ffe5cc2a000 	C:\Users\diego\.jdks\corretto-17.0.13\bin\jimage.dll
0x00007ffe602e0000 - 0x00007ffe60512000 	C:\Windows\SYSTEM32\DBGHELP.DLL
0x00007ffe63af0000 - 0x00007ffe63e7f000 	C:\Windows\System32\combase.dll
0x00007ffe648a0000 - 0x00007ffe64977000 	C:\Windows\System32\OLEAUT32.dll
0x00007ffe37610000 - 0x00007ffe37642000 	C:\Windows\SYSTEM32\dbgcore.DLL
0x00007ffe63550000 - 0x00007ffe635cb000 	C:\Windows\System32\bcryptPrimitives.dll
0x00007ffe5b430000 - 0x00007ffe5b46b000 	C:\Users\diego\.jdks\corretto-17.0.13\bin\jdwp.dll
0x00007ffe5b8a0000 - 0x00007ffe5b8ae000 	C:\Users\diego\.jdks\corretto-17.0.13\bin\instrument.dll
0x00007ffe5b8b0000 - 0x00007ffe5b8d5000 	C:\Users\diego\.jdks\corretto-17.0.13\bin\java.dll
0x00007ffe5b7b0000 - 0x00007ffe5b7c8000 	C:\Users\diego\.jdks\corretto-17.0.13\bin\zip.dll
0x00007ffe3fdc0000 - 0x00007ffe3fe97000 	C:\Users\diego\.jdks\corretto-17.0.13\bin\jsvml.dll
0x00007ffe63ef0000 - 0x00007ffe64766000 	C:\Windows\System32\SHELL32.dll
0x00007ffe60c10000 - 0x00007ffe61513000 	C:\Windows\SYSTEM32\windows.storage.dll
0x00007ffe60ad0000 - 0x00007ffe60c0f000 	C:\Windows\SYSTEM32\wintypes.dll
0x00007ffe647a0000 - 0x00007ffe64899000 	C:\Windows\System32\SHCORE.dll
0x00007ffe65400000 - 0x00007ffe6545e000 	C:\Windows\System32\shlwapi.dll
0x00007ffe62c00000 - 0x00007ffe62c2b000 	C:\Windows\SYSTEM32\profapi.dll
0x00007ffe51f90000 - 0x00007ffe51fa9000 	C:\Users\diego\.jdks\corretto-17.0.13\bin\net.dll
0x00007ffe5c330000 - 0x00007ffe5c466000 	C:\Windows\SYSTEM32\WINHTTP.dll
0x00007ffe62190000 - 0x00007ffe621f9000 	C:\Windows\system32\mswsock.dll
0x00007ffe51f70000 - 0x00007ffe51f86000 	C:\Users\diego\.jdks\corretto-17.0.13\bin\nio.dll
0x00007ffe51f60000 - 0x00007ffe51f6c000 	C:\Users\diego\.jdks\corretto-17.0.13\bin\dt_socket.dll
0x00007ffe61780000 - 0x00007ffe617ad000 	C:\Windows\SYSTEM32\IPHLPAPI.DLL
0x00000185a3e60000 - 0x00000185a3e63000 	D:\Proyecto Terminal\openjfx-22.0.1_windows-x64_bin-sdk\javafx-sdk-22.0.1\bin\api-ms-win-core-console-l1-1-0.dll
0x00000185a5d50000 - 0x00000185a5d53000 	D:\Proyecto Terminal\openjfx-22.0.1_windows-x64_bin-sdk\javafx-sdk-22.0.1\bin\api-ms-win-core-console-l1-2-0.dll
0x00000185a5d60000 - 0x00000185a5d63000 	D:\Proyecto Terminal\openjfx-22.0.1_windows-x64_bin-sdk\javafx-sdk-22.0.1\bin\api-ms-win-core-datetime-l1-1-0.dll
0x00000185a5d70000 - 0x00000185a5d73000 	D:\Proyecto Terminal\openjfx-22.0.1_windows-x64_bin-sdk\javafx-sdk-22.0.1\bin\api-ms-win-core-debug-l1-1-0.dll
0x00000185a5d80000 - 0x00000185a5d83000 	D:\Proyecto Terminal\openjfx-22.0.1_windows-x64_bin-sdk\javafx-sdk-22.0.1\bin\api-ms-win-core-errorhandling-l1-1-0.dll
0x00000185a5d90000 - 0x00000185a5d94000 	D:\Proyecto Terminal\openjfx-22.0.1_windows-x64_bin-sdk\javafx-sdk-22.0.1\bin\api-ms-win-core-file-l1-1-0.dll
0x00000185a5da0000 - 0x00000185a5da3000 	D:\Proyecto Terminal\openjfx-22.0.1_windows-x64_bin-sdk\javafx-sdk-22.0.1\bin\api-ms-win-core-file-l1-2-0.dll
0x00000185a5db0000 - 0x00000185a5db3000 	D:\Proyecto Terminal\openjfx-22.0.1_windows-x64_bin-sdk\javafx-sdk-22.0.1\bin\api-ms-win-core-file-l2-1-0.dll
0x00000185a5dc0000 - 0x00000185a5dc3000 	D:\Proyecto Terminal\openjfx-22.0.1_windows-x64_bin-sdk\javafx-sdk-22.0.1\bin\api-ms-win-core-handle-l1-1-0.dll
0x00000185a5dd0000 - 0x00000185a5dd3000 	D:\Proyecto Terminal\openjfx-22.0.1_windows-x64_bin-sdk\javafx-sdk-22.0.1\bin\api-ms-win-core-heap-l1-1-0.dll
0x00000185a5de0000 - 0x00000185a5de3000 	D:\Proyecto Terminal\openjfx-22.0.1_windows-x64_bin-sdk\javafx-sdk-22.0.1\bin\api-ms-win-core-interlocked-l1-1-0.dll
0x00000185a5df0000 - 0x00000185a5df3000 	D:\Proyecto Terminal\openjfx-22.0.1_windows-x64_bin-sdk\javafx-sdk-22.0.1\bin\api-ms-win-core-libraryloader-l1-1-0.dll
0x00000185a5e00000 - 0x00000185a5e03000 	D:\Proyecto Terminal\openjfx-22.0.1_windows-x64_bin-sdk\javafx-sdk-22.0.1\bin\api-ms-win-core-localization-l1-2-0.dll
0x00000185a5e10000 - 0x00000185a5e13000 	D:\Proyecto Terminal\openjfx-22.0.1_windows-x64_bin-sdk\javafx-sdk-22.0.1\bin\api-ms-win-core-memory-l1-1-0.dll
0x00000185c3ea0000 - 0x00000185c3ea3000 	D:\Proyecto Terminal\openjfx-22.0.1_windows-x64_bin-sdk\javafx-sdk-22.0.1\bin\api-ms-win-core-namedpipe-l1-1-0.dll
0x00000185c3eb0000 - 0x00000185c3eb3000 	D:\Proyecto Terminal\openjfx-22.0.1_windows-x64_bin-sdk\javafx-sdk-22.0.1\bin\api-ms-win-core-processenvironment-l1-1-0.dll
0x00000185c3ec0000 - 0x00000185c3ec3000 	D:\Proyecto Terminal\openjfx-22.0.1_windows-x64_bin-sdk\javafx-sdk-22.0.1\bin\api-ms-win-core-processthreads-l1-1-0.dll
0x00000185c3ed0000 - 0x00000185c3ed3000 	D:\Proyecto Terminal\openjfx-22.0.1_windows-x64_bin-sdk\javafx-sdk-22.0.1\bin\api-ms-win-core-processthreads-l1-1-1.dll
0x00000185c3ee0000 - 0x00000185c3ee3000 	D:\Proyecto Terminal\openjfx-22.0.1_windows-x64_bin-sdk\javafx-sdk-22.0.1\bin\api-ms-win-core-profile-l1-1-0.dll
0x00000185c3ef0000 - 0x00000185c3ef3000 	D:\Proyecto Terminal\openjfx-22.0.1_windows-x64_bin-sdk\javafx-sdk-22.0.1\bin\api-ms-win-core-rtlsupport-l1-1-0.dll
0x00000185c3f00000 - 0x00000185c3f03000 	D:\Proyecto Terminal\openjfx-22.0.1_windows-x64_bin-sdk\javafx-sdk-22.0.1\bin\api-ms-win-core-string-l1-1-0.dll
0x00000185c3f10000 - 0x00000185c3f13000 	D:\Proyecto Terminal\openjfx-22.0.1_windows-x64_bin-sdk\javafx-sdk-22.0.1\bin\api-ms-win-core-synch-l1-1-0.dll
0x00000185c3f20000 - 0x00000185c3f23000 	D:\Proyecto Terminal\openjfx-22.0.1_windows-x64_bin-sdk\javafx-sdk-22.0.1\bin\api-ms-win-core-synch-l1-2-0.dll
0x00000185c3f30000 - 0x00000185c3f33000 	D:\Proyecto Terminal\openjfx-22.0.1_windows-x64_bin-sdk\javafx-sdk-22.0.1\bin\api-ms-win-core-sysinfo-l1-1-0.dll
0x00000185c3f40000 - 0x00000185c3f43000 	D:\Proyecto Terminal\openjfx-22.0.1_windows-x64_bin-sdk\javafx-sdk-22.0.1\bin\api-ms-win-core-timezone-l1-1-0.dll
0x00000185c3f50000 - 0x00000185c3f53000 	D:\Proyecto Terminal\openjfx-22.0.1_windows-x64_bin-sdk\javafx-sdk-22.0.1\bin\api-ms-win-core-util-l1-1-0.dll
0x00000185c3f60000 - 0x00000185c3f63000 	D:\Proyecto Terminal\openjfx-22.0.1_windows-x64_bin-sdk\javafx-sdk-22.0.1\bin\api-ms-win-crt-conio-l1-1-0.dll
0x00000185c3f70000 - 0x00000185c3f74000 	D:\Proyecto Terminal\openjfx-22.0.1_windows-x64_bin-sdk\javafx-sdk-22.0.1\bin\api-ms-win-crt-convert-l1-1-0.dll
0x00000185c3f80000 - 0x00000185c3f83000 	D:\Proyecto Terminal\openjfx-22.0.1_windows-x64_bin-sdk\javafx-sdk-22.0.1\bin\api-ms-win-crt-environment-l1-1-0.dll
0x00000185c3f90000 - 0x00000185c3f93000 	D:\Proyecto Terminal\openjfx-22.0.1_windows-x64_bin-sdk\javafx-sdk-22.0.1\bin\api-ms-win-crt-filesystem-l1-1-0.dll
0x00000185c3fa0000 - 0x00000185c3fa3000 	D:\Proyecto Terminal\openjfx-22.0.1_windows-x64_bin-sdk\javafx-sdk-22.0.1\bin\api-ms-win-crt-heap-l1-1-0.dll
0x00000185c3fb0000 - 0x00000185c3fb3000 	D:\Proyecto Terminal\openjfx-22.0.1_windows-x64_bin-sdk\javafx-sdk-22.0.1\bin\api-ms-win-crt-locale-l1-1-0.dll
0x00000185c3fc0000 - 0x00000185c3fc5000 	D:\Proyecto Terminal\openjfx-22.0.1_windows-x64_bin-sdk\javafx-sdk-22.0.1\bin\api-ms-win-crt-math-l1-1-0.dll
0x00000185c3fd0000 - 0x00000185c3fd5000 	D:\Proyecto Terminal\openjfx-22.0.1_windows-x64_bin-sdk\javafx-sdk-22.0.1\bin\api-ms-win-crt-multibyte-l1-1-0.dll
0x00000185c3fe0000 - 0x00000185c3ff0000 	D:\Proyecto Terminal\openjfx-22.0.1_windows-x64_bin-sdk\javafx-sdk-22.0.1\bin\api-ms-win-crt-private-l1-1-0.dll
0x00000185c3ff0000 - 0x00000185c3ff3000 	D:\Proyecto Terminal\openjfx-22.0.1_windows-x64_bin-sdk\javafx-sdk-22.0.1\bin\api-ms-win-crt-process-l1-1-0.dll
0x000001860a7d0000 - 0x000001860a7d4000 	D:\Proyecto Terminal\openjfx-22.0.1_windows-x64_bin-sdk\javafx-sdk-22.0.1\bin\api-ms-win-crt-runtime-l1-1-0.dll
0x000001860a7e0000 - 0x000001860a7e4000 	D:\Proyecto Terminal\openjfx-22.0.1_windows-x64_bin-sdk\javafx-sdk-22.0.1\bin\api-ms-win-crt-stdio-l1-1-0.dll
0x000001860a7f0000 - 0x000001860a7f4000 	D:\Proyecto Terminal\openjfx-22.0.1_windows-x64_bin-sdk\javafx-sdk-22.0.1\bin\api-ms-win-crt-string-l1-1-0.dll
0x000001860a800000 - 0x000001860a803000 	D:\Proyecto Terminal\openjfx-22.0.1_windows-x64_bin-sdk\javafx-sdk-22.0.1\bin\api-ms-win-crt-time-l1-1-0.dll
0x000001860a810000 - 0x000001860a813000 	D:\Proyecto Terminal\openjfx-22.0.1_windows-x64_bin-sdk\javafx-sdk-22.0.1\bin\api-ms-win-crt-utility-l1-1-0.dll
0x00007ffe1e930000 - 0x00007ffe1ea2c000 	D:\Proyecto Terminal\openjfx-22.0.1_windows-x64_bin-sdk\javafx-sdk-22.0.1\bin\ucrtbase.dll
0x00007ffe51f20000 - 0x00007ffe51f3b000 	D:\Proyecto Terminal\openjfx-22.0.1_windows-x64_bin-sdk\javafx-sdk-22.0.1\bin\vcruntime140.dll
0x00007ffe51f00000 - 0x00007ffe51f0c000 	D:\Proyecto Terminal\openjfx-22.0.1_windows-x64_bin-sdk\javafx-sdk-22.0.1\bin\vcruntime140_1.dll
0x00007ffe1ecf0000 - 0x00007ffe1ed7e000 	D:\Proyecto Terminal\openjfx-22.0.1_windows-x64_bin-sdk\javafx-sdk-22.0.1\bin\msvcp140.dll
0x00007ffe51a50000 - 0x00007ffe51a59000 	D:\Proyecto Terminal\openjfx-22.0.1_windows-x64_bin-sdk\javafx-sdk-22.0.1\bin\msvcp140_1.dll
0x00007ffe3fd70000 - 0x00007ffe3fdb1000 	D:\Proyecto Terminal\openjfx-22.0.1_windows-x64_bin-sdk\javafx-sdk-22.0.1\bin\msvcp140_2.dll
0x00007ffe50c90000 - 0x00007ffe50cc0000 	D:\Proyecto Terminal\openjfx-22.0.1_windows-x64_bin-sdk\javafx-sdk-22.0.1\bin\prism_d3d.dll
0x00007ffe133c0000 - 0x00007ffe13568000 	C:\Windows\system32\d3d9.dll
0x00007ffe5fbc0000 - 0x00007ffe5fbeb000 	C:\Windows\SYSTEM32\dwmapi.dll
0x00007ffe5fa60000 - 0x00007ffe5fa97000 	C:\Windows\SYSTEM32\dxcore.dll
0x00007ffe5f950000 - 0x00007ffe5fa01000 	C:\Windows\system32\uxtheme.dll
0x00007ffe57c10000 - 0x00007ffe57ded000 	C:\Windows\System32\DriverStore\FileRepository\u0355756.inf_amd64_5146fc3a012e7afa\B354291\aticfx64.dll
0x00007ffe13390000 - 0x00007ffe133c0000 	C:\Windows\System32\DriverStore\FileRepository\u0355756.inf_amd64_5146fc3a012e7afa\B354291\atiu9p64.dll
0x00007ffe126c0000 - 0x00007ffe1338b000 	C:\Windows\System32\DriverStore\FileRepository\u0355756.inf_amd64_5146fc3a012e7afa\B354291\atiumd64.dll
0x00007ffe64c80000 - 0x00007ffe64e25000 	C:\Windows\System32\ole32.dll
0x0000000074660000 - 0x00000000753e3000 	C:\Windows\System32\DriverStore\FileRepository\u0355756.inf_amd64_5146fc3a012e7afa\B354291\atiumd6a.dll
0x00007ffe59bb0000 - 0x00007ffe59bf9000 	C:\Windows\SYSTEM32\directxdatabasehelper.dll
0x00007ffe1ec60000 - 0x00007ffe1eca5000 	D:\Proyecto Terminal\openjfx-22.0.1_windows-x64_bin-sdk\javafx-sdk-22.0.1\bin\glass.dll
0x00007ffe652e0000 - 0x00007ffe653df000 	C:\Windows\System32\COMDLG32.dll
0x00007ffe0faf0000 - 0x00007ffe0fb4e000 	C:\Program Files\Huawei\PCManager\plugins\PerfWndMonModule.dll
0x00007ffe63750000 - 0x00007ffe638b0000 	C:\Windows\System32\MSCTF.dll
0x00007ffe64b30000 - 0x00007ffe64be0000 	C:\Windows\System32\clbcatq.dll
0x00007ffe51a60000 - 0x00007ffe51bd9000 	C:\Windows\System32\Windows.UI.dll
0x00007ffe49f30000 - 0x00007ffe4a0a5000 	C:\Windows\System32\Windows.UI.Immersive.dll
0x00007ffe4f750000 - 0x00007ffe4f765000 	D:\Proyecto Terminal\openjfx-22.0.1_windows-x64_bin-sdk\javafx-sdk-22.0.1\bin\javafx_font.dll
0x00007ffe5f0c0000 - 0x00007ffe5f333000 	C:\Windows\SYSTEM32\dwrite.dll
0x00007ffe5f760000 - 0x00007ffe5f910000 	C:\Windows\SYSTEM32\WindowsCodecs.dll
0x00007ffe47920000 - 0x00007ffe4797e000 	C:\Windows\system32\dataexchange.dll
0x00007ffe58420000 - 0x00007ffe586c4000 	C:\Windows\system32\twinapi.appcore.dll
0x00007ffe1e8f0000 - 0x00007ffe1e922000 	C:\Program Files\Common Files\Microsoft Shared\Ink\rtscom.dll
0x00007ffe52fa0000 - 0x00007ffe530e5000 	C:\Windows\SYSTEM32\textinputframework.dll
0x00007ffe5b0d0000 - 0x00007ffe5b203000 	C:\Windows\SYSTEM32\CoreMessaging.dll
0x00007ffe59570000 - 0x00007ffe598dd000 	C:\Windows\SYSTEM32\CoreUIComponents.dll
0x00007ffe62400000 - 0x00007ffe6240c000 	C:\Windows\SYSTEM32\CRYPTBASE.DLL
0x00007ffe1ec30000 - 0x00007ffe1ec5d000 	D:\Proyecto Terminal\openjfx-22.0.1_windows-x64_bin-sdk\javafx-sdk-22.0.1\bin\javafx_iio.dll
0x00007ffe5ead0000 - 0x00007ffe5f0be000 	C:\Windows\SYSTEM32\d2d1.dll

dbghelp: loaded successfully - version: 4.0.5 - missing functions: none
symbol engine: initialized successfully - sym options: 0x614 - pdb path: .;C:\Users\diego\.jdks\corretto-17.0.13\bin;C:\Windows\SYSTEM32;C:\Windows\WinSxS\amd64_microsoft.windows.common-controls_6595b64144ccf1df_6.0.22621.4391_none_2715d37f73803e96;C:\Users\diego\.jdks\corretto-17.0.13\bin\server;D:\Proyecto Terminal\openjfx-22.0.1_windows-x64_bin-sdk\javafx-sdk-22.0.1\bin;C:\Windows\System32\DriverStore\FileRepository\u0355756.inf_amd64_5146fc3a012e7afa\B354291;C:\Program Files\Huawei\PCManager\plugins;C:\Program Files\Common Files\Microsoft Shared\Ink

VM Arguments:
jvm_args: -agentlib:jdwp=transport=dt_socket,address=127.0.0.1:50712,suspend=y,server=n --module-path=D:\Proyecto Terminal\openjfx-22.0.1_windows-x64_bin-sdk\javafx-sdk-22.0.1\lib --add-modules=javafx.controls,javafx.fxml -javaagent:C:\Users\diego\AppData\Local\JetBrains\IntelliJIdea2024.1\captureAgent\debugger-agent.jar -Dfile.encoding=UTF-8 
java_command: optiuam.bc.controller.OptiUAM24
java_class_path (initial): D:\Proyecto Terminal\Código\OptiUAM24\OptiUAM\out\production\OptiUAM;D:\Proyecto Terminal\Código\OptiUAM24\OptiUAM\Librerias\jcommon-1.0.23.jar;D:\Proyecto Terminal\Código\OptiUAM24\OptiUAM\Librerias\jfreechart-1.0.19.jar;D:\Proyecto Terminal\openjfx-22.0.1_windows-x64_bin-sdk\javafx-sdk-22.0.1\lib\javafx-swt.jar;D:\Proyecto Terminal\openjfx-22.0.1_windows-x64_bin-sdk\javafx-sdk-22.0.1\lib\javafx.base.jar;D:\Proyecto Terminal\openjfx-22.0.1_windows-x64_bin-sdk\javafx-sdk-22.0.1\lib\javafx.controls.jar;D:\Proyecto Terminal\openjfx-22.0.1_windows-x64_bin-sdk\javafx-sdk-22.0.1\lib\javafx.fxml.jar;D:\Proyecto Terminal\openjfx-22.0.1_windows-x64_bin-sdk\javafx-sdk-22.0.1\lib\javafx.graphics.jar;D:\Proyecto Terminal\openjfx-22.0.1_windows-x64_bin-sdk\javafx-sdk-22.0.1\lib\javafx.media.jar;D:\Proyecto Terminal\openjfx-22.0.1_windows-x64_bin-sdk\javafx-sdk-22.0.1\lib\javafx.swing.jar;D:\Proyecto Terminal\openjfx-22.0.1_windows-x64_bin-sdk\javafx-sdk-22.0.1\lib\javafx.web.jar;D:\Proyecto Terminal\openjfx-22.0.1_windows-x64_bin-sdk.zip;D:\Proyecto Terminal\commons-math3-3.6.1\commons-math3-3.6.1-tests.jar;D:\Proyecto Terminal\commons-math3-3.6.1\commons-math3-3.6.1-tools.jar;D:\Proyecto Terminal\commons-math3-3.6.1\commons-math3-3.6.1.jar;C:\Program Files\JetBrains\IntelliJ IDEA 2024.1.3\lib\idea_rt.jar
Launcher Type: SUN_STANDARD

[Global flags]
     intx CICompilerCount                          = 4                                         {product} {ergonomic}
     uint ConcGCThreads                            = 2                                         {product} {ergonomic}
     uint G1ConcRefinementThreads                  = 8                                         {product} {ergonomic}
   size_t G1HeapRegionSize                         = 1048576                                   {product} {ergonomic}
    uintx GCDrainStackTargetSize                   = 64                                        {product} {ergonomic}
   size_t InitialHeapSize                          = 117440512                                 {product} {ergonomic}
   size_t MarkStackSize                            = 4194304                                   {product} {ergonomic}
   size_t MaxHeapSize                              = 1862270976                                {product} {ergonomic}
   size_t MaxNewSize                               = 1116733440                                {product} {ergonomic}
   size_t MinHeapDeltaBytes                        = 1048576                                   {product} {ergonomic}
   size_t MinHeapSize                              = 8388608                                   {product} {ergonomic}
    uintx NonNMethodCodeHeapSize                   = 5839372                                {pd product} {ergonomic}
    uintx NonProfiledCodeHeapSize                  = 122909434                              {pd product} {ergonomic}
    uintx ProfiledCodeHeapSize                     = 122909434                              {pd product} {ergonomic}
    uintx ReservedCodeCacheSize                    = 251658240                              {pd product} {ergonomic}
     bool SegmentedCodeCache                       = true                                      {product} {ergonomic}
   size_t SoftMaxHeapSize                          = 1862270976                             {manageable} {ergonomic}
     bool UseCompressedClassPointers               = true                           {product lp64_product} {ergonomic}
     bool UseCompressedOops                        = true                           {product lp64_product} {ergonomic}
     bool UseG1GC                                  = true                                      {product} {ergonomic}
     bool UseLargePagesIndividualAllocation        = false                                  {pd product} {ergonomic}

Logging:
Log output configuration:
 #0: stdout all=off uptime,level,tags
 #1: stderr all=off uptime,level,tags

Environment Variables:
PATH=C:\Program Files\Common Files\Oracle\Java\javapath;C:\Users\diego\Desktop\oracle\bin;C:\Windows\system32;C:\Windows;C:\Windows\System32\Wbem;C:\Windows\System32\WindowsPowerShell\v1.0\;C:\Windows\System32\OpenSSH\;C:\Program Files\Git\cmd;C:\Strawberry\c\bin;C:\Strawberry\perl\site\bin;C:\Strawberry\perl\bin;C:\Users\diego\AppData\Local\Programs\Python\Launcher\;C:\Users\diego\AppData\Local\Microsoft\WindowsApps;C:\Program Files\JetBrains\IntelliJ IDEA 2024.1.3\bin;;C:\Users\diego\AppData\Local\GitHubDesktop\bin;C:\Program Files\JetBrains\PyCharm 2024.1.4\bin;;C:\Users\diego\AppData\Local\Programs\Microsoft VS Code\bin;C:\Users\diego\AppData\Local\Programs\MiKTeX\miktex\bin\x64\
USERNAME=diego
OS=Windows_NT
PROCESSOR_IDENTIFIER=AMD64 Family 23 Model 24 Stepping 1, AuthenticAMD
TMP=C:\Users\diego\AppData\Local\Temp
TEMP=C:\Users\diego\AppData\Local\Temp



Periodic native trim disabled


---------------  S Y S T E M  ---------------

OS:
 Windows 11 , 64 bit Build 22621 (10.0.22621.4391)
OS uptime: 0 days 1:57 hours

CPU: total 8 (initial active 8) (8 cores per cpu, 2 threads per core) family 23 model 24 stepping 1 microcode 0x0, cx8, cmov, fxsr, ht, mmx, 3dnowpref, sse, sse2, sse3, ssse3, sse4a, sse4.1, sse4.2, popcnt, lzcnt, tsc, tscinvbit, avx, avx2, aes, clmul, bmi1, bmi2, adx, sha, fma, vzeroupper, clflush, clflushopt
Processor Information for processor 0
  Max Mhz: 2100, Current Mhz: 2100, Mhz Limit: 2100
Processor Information for processor 1
  Max Mhz: 2100, Current Mhz: 2100, Mhz Limit: 2100
Processor Information for processor 2
  Max Mhz: 2100, Current Mhz: 2100, Mhz Limit: 2100
Processor Information for processor 3
  Max Mhz: 2100, Current Mhz: 2100, Mhz Limit: 2100
Processor Information for processor 4
  Max Mhz: 2100, Current Mhz: 2100, Mhz Limit: 2100
Processor Information for processor 5
  Max Mhz: 2100, Current Mhz: 2100, Mhz Limit: 2100
Processor Information for processor 6
  Max Mhz: 2100, Current Mhz: 1400, Mhz Limit: 2100
Processor Information for processor 7
  Max Mhz: 2100, Current Mhz: 1400, Mhz Limit: 2100

Memory: 4k page, system-wide physical 7103M (584M free)
TotalPageFile size 15807M (AvailPageFile size 2848M)
current process WorkingSet (physical memory assigned to process): 259M, peak: 299M
current process commit charge ("private bytes"): 371M, peak: 408M

vm_info: OpenJDK 64-Bit Server VM (17.0.13+11-LTS) for windows-amd64 JRE (17.0.13+11-LTS), built on Oct 10 2024 19:51:30 by "Administrator" with MS VC++ 16.10 / 16.11 (VS2019)

END.
