#
# A fatal error has been detected by the Java Runtime Environment:
#
#  EXCEPTION_ACCESS_VIOLATION (0xc0000005) at pc=0x00007ffe4a9d82d7, pid=15032, tid=1824
#
# JRE version: OpenJDK Runtime Environment Corretto-17.0.13.11.1 (17.0.13+11) (build 17.0.13+11-LTS)
# Java VM: OpenJDK 64-Bit Server VM Corretto-17.0.13.11.1 (17.0.13+11-LTS, mixed mode, sharing, tiered, compressed oops, compressed class ptrs, g1 gc, windows-amd64)
# Problematic frame:
# C  [glass.dll+0x282d7]
#
# No core dump will be written. Minidumps are not enabled by default on client versions of Windows
#
# If you would like to submit a bug report, please visit:
#   https://github.com/corretto/corretto-17/issues/
#

---------------  S U M M A R Y ------------

Command Line: -agentlib:jdwp=transport=dt_socket,address=127.0.0.1:51789,suspend=y,server=n --module-path=D:\Proyecto Terminal\openjfx-22.0.1_windows-x64_bin-sdk\javafx-sdk-22.0.1\lib --add-modules=javafx.controls,javafx.fxml -javaagent:C:\Users\diego\AppData\Local\JetBrains\IntelliJIdea2024.1\captureAgent\debugger-agent.jar -Dfile.encoding=UTF-8 optiuam.bc.controller.OptiUAM24

Host: AMD Ryzen 5 3500U with Radeon Vega Mobile Gfx  , 8 cores, 6G,  Windows 11 , 64 bit Build 22621 (10.0.22621.4391)
Time: Wed Nov 20 17:16:59 2024 Hora estándar central (México) elapsed time: 200.560763 seconds (0d 0h 3m 20s)

---------------  T H R E A D  ---------------

Current thread (0x000001c646645690):  VMThread "VM Thread" [stack: 0x0000009917500000,0x0000009917600000] [id=1824]

Stack: [0x0000009917500000,0x0000009917600000],  sp=0x00000099175ff250,  free space=1020k
Native frames: (J=compiled Java code, j=interpreted, Vv=VM code, C=native code)
C  [glass.dll+0x282d7]


siginfo: EXCEPTION_ACCESS_VIOLATION (0xc0000005), reading address 0x0000000000000000


Registers:
RAX=0x0000000000000000, RBX=0x000001c68c22eb48, RCX=0x000001c646645690, RDX=0x00000099175ff250
RSP=0x00000099175ff250, RBP=0x000001c68cad1dc8, RSI=0x00000099175ff358, RDI=0x000001c68cad1da0
R8 =0x0000000000010002, R9 =0x000001c68cad1da0, R10=0x85f13e9656da4870, R11=0x00000099175ff1e0
R12=0x00007ffe4a9d5be0, R13=0x00007ffe0cda8420, R14=0x00000ce5f47f3463, R15=0x000001c68cad1da0
RIP=0x00007ffe4a9d82d7, EFLAGS=0x0000000000010206


Register to memory mapping:

RIP=0x00007ffe4a9d82d7 glass.dll
RAX=0x0 is NULL
RBX=0x000001c68c22eb48 is a global jni handle
RCX=0x000001c646645690 points into unknown readable memory: 0x00007ffe0cbd2cc8 | c8 2c bd 0c fe 7f 00 00
RDX=0x00000099175ff250 points into unknown readable memory: 0x0000000000000000 | 00 00 00 00 00 00 00 00
RSP=0x00000099175ff250 points into unknown readable memory: 0x0000000000000000 | 00 00 00 00 00 00 00 00
RBP=0x000001c68cad1dc8 points into unknown readable memory: 0x00000ce5f47f3463 | 63 34 7f f4 e5 0c 00 00
RSI=0x00000099175ff358 points into unknown readable memory: 0x00000099175ff340 | 40 f3 5f 17 99 00 00 00
RDI=0x000001c68cad1da0 points into unknown readable memory: 0x54eabb25f47ccb91 | 91 cb 7c f4 25 bb ea 54
R8 =0x0000000000010002 is an unknown value
R9 =0x000001c68cad1da0 points into unknown readable memory: 0x54eabb25f47ccb91 | 91 cb 7c f4 25 bb ea 54
R10=0x85f13e9656da4870 is an unknown value
R11=0x00000099175ff1e0 points into unknown readable memory: 0x000001c68cad1da0 | a0 1d ad 8c c6 01 00 00
R12=0x00007ffe4a9d5be0 glass.dll
R13=0x00007ffe0cda8420 jvm.dll
R14=0x00000ce5f47f3463 is an unknown value
R15=0x000001c68cad1da0 points into unknown readable memory: 0x54eabb25f47ccb91 | 91 cb 7c f4 25 bb ea 54


Top of Stack: (sp=0x00000099175ff250)
0x00000099175ff250:   0000000000000000 00000099175ff358
0x00000099175ff260:   00007ffe0cda8420 00007ffe4a9d5be0
0x00000099175ff270:   000001c68cad1da8 00007ffe63623a93
0x00000099175ff280:   000001c68cad1da0 000001c600000000
0x00000099175ff290:   000001c68cad1dc8 00000099175ff358
0x00000099175ff2a0:   fffffffffffffffe 0000000000000000
0x00000099175ff2b0:   0000000000000001 00007ffe4a9b0000
0x00000099175ff2c0:   00000099175ff348 00007ffe635f042e
0x00000099175ff2d0:   0000000000000000 00000099175ff358
0x00000099175ff2e0:   00000099175ff640 0000000000000001
0x00000099175ff2f0:   0000000000000001 00007ffe635edddd
0x00000099175ff300:   0000000000000000 00007ffe4a9d53d9
0x00000099175ff310:   0000000000000000 00000099175ff348
0x00000099175ff320:   fffffffffffffffe 0000000000000001
0x00000099175ff330:   0000000000000001 00007ffe4a9d5a6d
0x00000099175ff340:   00007ffe4a9ed078 00007ffe00000002
0x00000099175ff350:   0000000000000002 00000099175ff340
0x00000099175ff360:   0000000000000000 00007ffe659f8af3
0x00000099175ff370:   0000000000000000 00007ffe4a9d5b92
0x00000099175ff380:   0000000000000001 00000099175ff600
0x00000099175ff390:   0000000000000001 0000000000000001
0x00000099175ff3a0:   000001c626a601a8 00007ffe62402223
0x00000099175ff3b0:   000001c600000001 0000000000000016
0x00000099175ff3c0:   00007ffe4a9b0000 000000007ffe0384
0x00000099175ff3d0:   0000000000000000 00007ffe659f8b8f
0x00000099175ff3e0:   00007ffe4a9b0000 0000000000000000
0x00000099175ff3f0:   0000000000000001 000000007ffe0385
0x00000099175ff400:   0000000000000000 00007ffe65a217d9
0x00000099175ff410:   0000206d82f2b300 0000000000000014
0x00000099175ff420:   00007ffe4a9d5be0 0000000000000000
0x00000099175ff430:   0000000000000000 0000009916afc000
0x00000099175ff440:   000001c68c8e4a00 00007ffe65a21596 

Instructions: (pc=0x00007ffe4a9d82d7)
0x00007ffe4a9d81d7:   8b 4d 58 e8 49 cf ff ff 48 8b 4d 60 e8 40 cf ff
0x00007ffe4a9d81e7:   ff 48 8b 95 80 00 00 00 48 8b 8d 18 01 00 00 e8
0x00007ffe4a9d81f7:   26 c5 ff ff 33 d2 33 c9 e8 8c e1 ff ff 90 48 89
0x00007ffe4a9d8207:   54 24 10 55 48 83 ec 20 48 8b ea 48 b8 00 00 00
0x00007ffe4a9d8217:   00 00 00 00 00 48 83 c4 20 5d c3 cc 40 55 48 8b
0x00007ffe4a9d8227:   ea 48 8b 01 33 c9 81 38 05 00 00 c0 0f 94 c1 8b
0x00007ffe4a9d8237:   c1 5d c3 cc 40 55 48 83 ec 20 48 8b ea 8a 4d 40
0x00007ffe4a9d8247:   48 83 c4 20 5d e9 33 d3 ff ff cc 40 55 48 83 ec
0x00007ffe4a9d8257:   20 48 8b ea 8a 4d 20 e8 21 d3 ff ff 90 48 83 c4
0x00007ffe4a9d8267:   20 5d c3 cc 40 55 48 83 ec 20 48 8b ea 48 83 c4
0x00007ffe4a9d8277:   20 5d e9 82 d1 ff ff cc 40 55 48 83 ec 30 48 8b
0x00007ffe4a9d8287:   ea 48 8b 01 8b 10 48 89 4c 24 28 89 54 24 20 4c
0x00007ffe4a9d8297:   8d 0d 23 d6 ff ff 4c 8b 45 70 8b 55 68 48 8b 4d
0x00007ffe4a9d82a7:   60 e8 c3 d0 ff ff 90 48 83 c4 30 5d c3 cc cc cc
0x00007ffe4a9d82b7:   cc cc cc cc cc cc cc cc cc 40 53 48 83 ec 20 48
0x00007ffe4a9d82c7:   8b 1d 6b 47 01 00 48 85 db 74 16 e8 39 90 ff ff
0x00007ffe4a9d82d7:   4c 8b 00 48 8b d3 48 8b c8 41 ff 90 b0 00 00 00
0x00007ffe4a9d82e7:   90 48 83 c4 20 5b c3 cc cc 40 53 48 83 ec 20 48
0x00007ffe4a9d82f7:   8b 1d ab 48 01 00 48 85 db 74 57 b8 ff ff ff ff
0x00007ffe4a9d8307:   f0 0f c1 43 10 83 f8 01 75 3d 48 85 db 74 38 48
0x00007ffe4a9d8317:   8b 0b 48 85 c9 74 0d ff 15 8c 0f 00 00 48 c7 03
0x00007ffe4a9d8327:   00 00 00 00 48 8b 4b 08 48 85 c9 74 0d e8 ef cd
0x00007ffe4a9d8337:   ff ff 48 c7 43 08 00 00 00 00 ba 18 00 00 00 48
0x00007ffe4a9d8347:   8b cb e8 da cd ff ff 48 c7 05 4f 48 01 00 00 00
0x00007ffe4a9d8357:   00 00 48 83 c4 20 5b c3 cc 40 53 48 83 ec 20 48
0x00007ffe4a9d8367:   8b 1d 1b 48 01 00 48 85 db 74 57 b8 ff ff ff ff
0x00007ffe4a9d8377:   f0 0f c1 43 10 83 f8 01 75 3d 48 85 db 74 38 48
0x00007ffe4a9d8387:   8b 0b 48 85 c9 74 0d ff 15 1c 0f 00 00 48 c7 03
0x00007ffe4a9d8397:   00 00 00 00 48 8b 4b 08 48 85 c9 74 0d e8 7f cd
0x00007ffe4a9d83a7:   ff ff 48 c7 43 08 00 00 00 00 ba 18 00 00 00 48
0x00007ffe4a9d83b7:   8b cb e8 6a cd ff ff 48 c7 05 bf 47 01 00 00 00
0x00007ffe4a9d83c7:   00 00 48 83 c4 20 5b c3 cc 40 53 48 83 ec 20 48 


Stack slot to memory mapping:
stack at sp + 0 slots: 0x0 is NULL
stack at sp + 1 slots: 0x00000099175ff358 points into unknown readable memory: 0x00000099175ff340 | 40 f3 5f 17 99 00 00 00
stack at sp + 2 slots: 0x00007ffe0cda8420 jvm.dll
stack at sp + 3 slots: 0x00007ffe4a9d5be0 glass.dll
stack at sp + 4 slots: 0x000001c68cad1da8 points into unknown readable memory: 0x00000ce5f47f3463 | 63 34 7f f4 e5 0c 00 00
stack at sp + 5 slots: 0x00007ffe63623a93 ucrtbase.dll
stack at sp + 6 slots: 0x000001c68cad1da0 points into unknown readable memory: 0x54eabb25f47ccb91 | 91 cb 7c f4 25 bb ea 54
stack at sp + 7 slots: 0x000001c600000000 is an unknown value

VM_Operation (0x0000009916dff380): Exit, mode: safepoint, requested by thread 0x000001c693373640


---------------  P R O C E S S  ---------------

Threads class SMR info:
_java_thread_list=0x000001c68ce616a0, length=21, elements={
0x000001c628dbbd10, 0x000001c64664ad30, 0x000001c64664b7c0, 0x000001c64665dcf0,
0x000001c64665e3d0, 0x000001c646660cc0, 0x000001c6466651b0, 0x000001c646671160,
0x000001c646691690, 0x000001c646694bd0, 0x000001c646aa9750, 0x000001c68c369870,
0x000001c68c233470, 0x000001c68ca043b0, 0x000001c68d579500, 0x000001c68d238c60,
0x000001c693374570, 0x000001c693374060, 0x000001c693374f90, 0x000001c693374a80,
0x000001c693373640
}

Java Threads: ( => current thread )
  0x000001c628dbbd10 JavaThread "main" [_thread_blocked, id=12340, stack(0x0000009916f00000,0x0000009917000000)]
  0x000001c64664ad30 JavaThread "Reference Handler" daemon [_thread_blocked, id=2864, stack(0x0000009917600000,0x0000009917700000)]
  0x000001c64664b7c0 JavaThread "Finalizer" daemon [_thread_blocked, id=12812, stack(0x0000009917700000,0x0000009917800000)]
  0x000001c64665dcf0 JavaThread "Signal Dispatcher" daemon [_thread_blocked, id=3760, stack(0x0000009917800000,0x0000009917900000)]
  0x000001c64665e3d0 JavaThread "Attach Listener" daemon [_thread_blocked, id=14948, stack(0x0000009917900000,0x0000009917a00000)]
  0x000001c646660cc0 JavaThread "Service Thread" daemon [_thread_blocked, id=1724, stack(0x0000009917a00000,0x0000009917b00000)]
  0x000001c6466651b0 JavaThread "Monitor Deflation Thread" daemon [_thread_blocked, id=13640, stack(0x0000009917b00000,0x0000009917c00000)]
  0x000001c646671160 JavaThread "C2 CompilerThread0" daemon [_thread_blocked, id=3884, stack(0x0000009917c00000,0x0000009917d00000)]
  0x000001c646691690 JavaThread "C1 CompilerThread0" daemon [_thread_blocked, id=10648, stack(0x0000009917d00000,0x0000009917e00000)]
  0x000001c646694bd0 JavaThread "Sweeper thread" daemon [_thread_blocked, id=6688, stack(0x0000009917e00000,0x0000009917f00000)]
  0x000001c646aa9750 JavaThread "Common-Cleaner" daemon [_thread_blocked, id=14816, stack(0x0000009917f00000,0x0000009918000000)]
  0x000001c68c369870 JavaThread "JDWP Event Helper Thread" daemon [_thread_blocked, id=6940, stack(0x0000009918300000,0x0000009918400000)]
  0x000001c68c233470 JavaThread "Notification Thread" daemon [_thread_blocked, id=9688, stack(0x0000009918500000,0x0000009918600000)]
  0x000001c68ca043b0 JavaThread "QuantumRenderer-0" daemon [_thread_blocked, id=2968, stack(0x0000009918700000,0x0000009918800000)]
  0x000001c68d579500 JavaThread "InvokeLaterDispatcher" daemon [_thread_blocked, id=13032, stack(0x0000009918a00000,0x0000009918b00000)]
  0x000001c68d238c60 JavaThread "JavaFX Application Thread" [_thread_blocked, id=9552, stack(0x0000009918b00000,0x0000009918c00000)]
  0x000001c693374570 JavaThread "JavaFX-Launcher" [_thread_blocked, id=15832, stack(0x0000009919300000,0x0000009919400000)]
  0x000001c693374060 JavaThread "Thread-2" daemon [_thread_in_native, id=11308, stack(0x0000009919200000,0x0000009919300000)]
  0x000001c693374f90 JavaThread "Prism Font Disposer" daemon [_thread_blocked, id=5088, stack(0x0000009918100000,0x0000009918200000)]
  0x000001c693374a80 JavaThread "Cleaner-0" daemon [_thread_blocked, id=10712, stack(0x0000009919b00000,0x0000009919c00000)]
  0x000001c693373640 JavaThread "SIGINT handler" daemon [_thread_blocked, id=7388, stack(0x0000009916d00000,0x0000009916e00000)]

Other Threads:
=>0x000001c646645690 VMThread "VM Thread" [stack: 0x0000009917500000,0x0000009917600000] [id=1824]
  0x000001c628e0f090 GCTaskThread "GC Thread#0" [stack: 0x0000009917000000,0x0000009917100000] [id=12292]
  0x000001c68c5bbeb0 GCTaskThread "GC Thread#1" [stack: 0x0000009919400000,0x0000009919500000] [id=10436]
  0x000001c68cebc190 GCTaskThread "GC Thread#2" [stack: 0x0000009919500000,0x0000009919600000] [id=9716]
  0x000001c68c5c2b60 GCTaskThread "GC Thread#3" [stack: 0x0000009919600000,0x0000009919700000] [id=13912]
  0x000001c68c5c2e20 GCTaskThread "GC Thread#4" [stack: 0x0000009919700000,0x0000009919800000] [id=13164]
  0x000001c68c5c30e0 GCTaskThread "GC Thread#5" [stack: 0x0000009919800000,0x0000009919900000] [id=3828]
  0x000001c68ce57850 GCTaskThread "GC Thread#6" [stack: 0x0000009919900000,0x0000009919a00000] [id=16780]
  0x000001c68ce57b10 GCTaskThread "GC Thread#7" [stack: 0x0000009919a00000,0x0000009919b00000] [id=7176]
  0x000001c628e1edf0 ConcurrentGCThread "G1 Main Marker" terminated
  0x000001c628e20820 ConcurrentGCThread "G1 Conc#0" [stack: 0x0000009917200000,0x0000009917300000] [id=16788]
  0x000001c693b1bc90 ConcurrentGCThread "G1 Conc#1" [stack: 0x000000991a000000,0x000000991a100000] [id=8384]
  0x000001c628e6bc20 ConcurrentGCThread "G1 Refine#0" terminated
  0x000001c68d6fb8f0 ConcurrentGCThread "G1 Refine#1" terminated
  0x000001c696042e90 ConcurrentGCThread "G1 Refine#2" terminated
  0x000001c696043a50 ConcurrentGCThread "G1 Refine#3" terminated
  0x000001c628e6c260 ConcurrentGCThread "G1 Service" terminated

Threads with active compile tasks:

VM state: at safepoint (shutting down)

VM Mutex/Monitor currently owned by a thread:  ([mutex/lock_event])
[0x000001c628db7010] Threads_lock - owner thread: 0x000001c646645690
[0x000001c628db6050] Heap_lock - owner thread: 0x000001c693373640

Heap address: 0x0000000091000000, size: 1776 MB, Compressed Oops mode: 32-bit

CDS archive(s) mapped at: [0x000001c647000000-0x000001c647bb0000-0x000001c647bb0000), size 12255232, SharedBaseAddress: 0x000001c647000000, ArchiveRelocationMode: 1.
Compressed class space mapped at: 0x000001c648000000-0x000001c688000000, reserved size: 1073741824
Narrow klass base: 0x000001c647000000, Narrow klass shift: 0, Narrow klass range: 0x100000000

GC Precious Log:
 CPUs: 8 total, 8 available
 Memory: 7103M
 Large Page Support: Disabled
 NUMA Support: Disabled
 Compressed Oops: Enabled (32-bit)
 Heap Region Size: 1M
 Heap Min Capacity: 8M
 Heap Initial Capacity: 112M
 Heap Max Capacity: 1776M
 Pre-touch: Disabled
 Parallel Workers: 8
 Concurrent Workers: 2
 Concurrent Refinement Workers: 8
 Periodic GC: Disabled

Heap:
 garbage-first heap   total 114688K, used 81246K [0x0000000091000000, 0x0000000100000000)
  region size 1024K, 33 young (33792K), 3 survivors (3072K)
 Metaspace       used 23162K, committed 23552K, reserved 1114112K
  class space    used 3206K, committed 3392K, reserved 1048576K

Heap Regions: E=young(eden), S=young(survivor), O=old, HS=humongous(starts), HC=humongous(continues), CS=collection set, F=free, OA=open archive, CA=closed archive, TAMS=top-at-mark-start (previous, next)
|   0|0x0000000091000000, 0x0000000091100000, 0x0000000091100000|100%|HS|  |TAMS 0x0000000091100000, 0x0000000091000000| Complete 
|   1|0x0000000091100000, 0x0000000091200000, 0x0000000091200000|100%|HS|  |TAMS 0x0000000091200000, 0x0000000091100000| Complete 
|   2|0x0000000091200000, 0x0000000091300000, 0x0000000091300000|100%|HS|  |TAMS 0x0000000091300000, 0x0000000091200000| Complete 
|   3|0x0000000091300000, 0x0000000091400000, 0x0000000091400000|100%|HS|  |TAMS 0x0000000091300000, 0x0000000091300000| Complete 
|   4|0x0000000091400000, 0x0000000091500000, 0x0000000091500000|100%| O|  |TAMS 0x0000000091500000, 0x0000000091400000| Untracked 
|   5|0x0000000091500000, 0x0000000091600000, 0x0000000091600000|100%| O|  |TAMS 0x0000000091600000, 0x0000000091500000| Untracked 
|   6|0x0000000091600000, 0x0000000091700000, 0x0000000091700000|100%| O|  |TAMS 0x000000009162ee00, 0x0000000091600000| Untracked 
|   7|0x0000000091700000, 0x0000000091800000, 0x0000000091800000|100%|HS|  |TAMS 0x0000000091800000, 0x0000000091700000| Complete 
|   8|0x0000000091800000, 0x0000000091900000, 0x0000000091900000|100%|HC|  |TAMS 0x0000000091900000, 0x0000000091800000| Complete 
|   9|0x0000000091900000, 0x0000000091a00000, 0x0000000091a00000|100%|HC|  |TAMS 0x0000000091a00000, 0x0000000091900000| Complete 
|  10|0x0000000091a00000, 0x0000000091b00000, 0x0000000091b00000|100%|HC|  |TAMS 0x0000000091b00000, 0x0000000091a00000| Complete 
|  11|0x0000000091b00000, 0x0000000091c00000, 0x0000000091c00000|100%|HC|  |TAMS 0x0000000091c00000, 0x0000000091b00000| Complete 
|  12|0x0000000091c00000, 0x0000000091d00000, 0x0000000091d00000|100%|HC|  |TAMS 0x0000000091d00000, 0x0000000091c00000| Complete 
|  13|0x0000000091d00000, 0x0000000091e00000, 0x0000000091e00000|100%|HC|  |TAMS 0x0000000091e00000, 0x0000000091d00000| Complete 
|  14|0x0000000091e00000, 0x0000000091f00000, 0x0000000091f00000|100%|HC|  |TAMS 0x0000000091f00000, 0x0000000091e00000| Complete 
|  15|0x0000000091f00000, 0x0000000092000000, 0x0000000092000000|100%|HC|  |TAMS 0x0000000092000000, 0x0000000091f00000| Complete 
|  16|0x0000000092000000, 0x0000000092100000, 0x0000000092100000|100%|HC|  |TAMS 0x0000000092100000, 0x0000000092000000| Complete 
|  17|0x0000000092100000, 0x0000000092200000, 0x0000000092200000|100%|HC|  |TAMS 0x0000000092200000, 0x0000000092100000| Complete 
|  18|0x0000000092200000, 0x0000000092300000, 0x0000000092300000|100%|HC|  |TAMS 0x0000000092300000, 0x0000000092200000| Complete 
|  19|0x0000000092300000, 0x0000000092400000, 0x0000000092400000|100%|HC|  |TAMS 0x0000000092400000, 0x0000000092300000| Complete 
|  20|0x0000000092400000, 0x0000000092500000, 0x0000000092500000|100%| O|  |TAMS 0x0000000092400000, 0x0000000092400000| Untracked 
|  21|0x0000000092500000, 0x0000000092600000, 0x0000000092600000|100%|HS|  |TAMS 0x0000000092600000, 0x0000000092500000| Complete 
|  22|0x0000000092600000, 0x0000000092700000, 0x0000000092700000|100%|HC|  |TAMS 0x0000000092700000, 0x0000000092600000| Complete 
|  23|0x0000000092700000, 0x0000000092800000, 0x0000000092800000|100%|HS|  |TAMS 0x0000000092800000, 0x0000000092700000| Complete 
|  24|0x0000000092800000, 0x0000000092900000, 0x0000000092900000|100%| O|  |TAMS 0x0000000092800000, 0x0000000092800000| Untracked 
|  25|0x0000000092900000, 0x0000000092a00000, 0x0000000092a00000|100%| O|  |TAMS 0x0000000092900000, 0x0000000092900000| Untracked 
|  26|0x0000000092a00000, 0x0000000092b00000, 0x0000000092b00000|100%|HS|  |TAMS 0x0000000092a00000, 0x0000000092a00000| Complete 
|  27|0x0000000092b00000, 0x0000000092c00000, 0x0000000092c00000|100%| O|  |TAMS 0x0000000092b00000, 0x0000000092b00000| Untracked 
|  28|0x0000000092c00000, 0x0000000092d00000, 0x0000000092d00000|100%| O|  |TAMS 0x0000000092c00000, 0x0000000092c00000| Untracked 
|  29|0x0000000092d00000, 0x0000000092e00000, 0x0000000092e00000|100%| O|  |TAMS 0x0000000092d00000, 0x0000000092d00000| Untracked 
|  30|0x0000000092e00000, 0x0000000092f00000, 0x0000000092f00000|100%|HS|  |TAMS 0x0000000092e00000, 0x0000000092e00000| Complete 
|  31|0x0000000092f00000, 0x0000000092f90c00, 0x0000000093000000| 56%| O|  |TAMS 0x0000000092f00000, 0x0000000092f00000| Untracked 
|  32|0x0000000093000000, 0x0000000093100000, 0x0000000093100000|100%|HS|  |TAMS 0x0000000093000000, 0x0000000093000000| Complete 
|  33|0x0000000093100000, 0x0000000093200000, 0x0000000093200000|100%|HS|  |TAMS 0x0000000093100000, 0x0000000093100000| Complete 
|  34|0x0000000093200000, 0x0000000093300000, 0x0000000093300000|100%| O|  |TAMS 0x0000000093200000, 0x0000000093200000| Untracked 
|  35|0x0000000093300000, 0x0000000093400000, 0x0000000093400000|100%| O|  |TAMS 0x0000000093300000, 0x0000000093300000| Untracked 
|  36|0x0000000093400000, 0x0000000093500000, 0x0000000093500000|100%| O|  |TAMS 0x0000000093400000, 0x0000000093400000| Untracked 
|  37|0x0000000093500000, 0x0000000093600000, 0x0000000093600000|100%| O|  |TAMS 0x0000000093500000, 0x0000000093500000| Untracked 
|  38|0x0000000093600000, 0x0000000093700000, 0x0000000093700000|100%| O|  |TAMS 0x0000000093600000, 0x0000000093600000| Untracked 
|  39|0x0000000093700000, 0x0000000093800000, 0x0000000093800000|100%| O|  |TAMS 0x0000000093700000, 0x0000000093700000| Untracked 
|  40|0x0000000093800000, 0x0000000093900000, 0x0000000093900000|100%| O|  |TAMS 0x0000000093800000, 0x0000000093800000| Untracked 
|  41|0x0000000093900000, 0x0000000093a00000, 0x0000000093a00000|100%|HS|  |TAMS 0x0000000093900000, 0x0000000093900000| Complete 
|  42|0x0000000093a00000, 0x0000000093b00000, 0x0000000093b00000|100%|HS|  |TAMS 0x0000000093a00000, 0x0000000093a00000| Complete 
|  43|0x0000000093b00000, 0x0000000093c00000, 0x0000000093c00000|100%|HS|  |TAMS 0x0000000093b00000, 0x0000000093b00000| Complete 
|  44|0x0000000093c00000, 0x0000000093d00000, 0x0000000093d00000|100%|HS|  |TAMS 0x0000000093c00000, 0x0000000093c00000| Complete 
|  45|0x0000000093d00000, 0x0000000093e00000, 0x0000000093e00000|100%|HS|  |TAMS 0x0000000093d00000, 0x0000000093d00000| Complete 
|  46|0x0000000093e00000, 0x0000000093f00000, 0x0000000093f00000|100%|HS|  |TAMS 0x0000000093e00000, 0x0000000093e00000| Complete 
|  47|0x0000000093f00000, 0x0000000093f00000, 0x0000000094000000|  0%| F|  |TAMS 0x0000000093f00000, 0x0000000093f00000| Untracked 
|  48|0x0000000094000000, 0x0000000094000000, 0x0000000094100000|  0%| F|  |TAMS 0x0000000094000000, 0x0000000094000000| Untracked 
|  49|0x0000000094100000, 0x0000000094100000, 0x0000000094200000|  0%| F|  |TAMS 0x0000000094100000, 0x0000000094100000| Untracked 
|  50|0x0000000094200000, 0x0000000094300000, 0x0000000094300000|100%| O|  |TAMS 0x0000000094200000, 0x0000000094200000| Untracked 
|  51|0x0000000094300000, 0x0000000094400000, 0x0000000094400000|100%| O|  |TAMS 0x0000000094300000, 0x0000000094300000| Untracked 
|  52|0x0000000094400000, 0x0000000094400000, 0x0000000094500000|  0%| F|  |TAMS 0x0000000094400000, 0x0000000094400000| Untracked 
|  53|0x0000000094500000, 0x0000000094500000, 0x0000000094600000|  0%| F|  |TAMS 0x0000000094500000, 0x0000000094500000| Untracked 
|  54|0x0000000094600000, 0x0000000094600000, 0x0000000094700000|  0%| F|  |TAMS 0x0000000094600000, 0x0000000094600000| Untracked 
|  55|0x0000000094700000, 0x0000000094700000, 0x0000000094800000|  0%| F|  |TAMS 0x0000000094700000, 0x0000000094700000| Untracked 
|  56|0x0000000094800000, 0x0000000094800000, 0x0000000094900000|  0%| F|  |TAMS 0x0000000094800000, 0x0000000094800000| Untracked 
|  57|0x0000000094900000, 0x0000000094900000, 0x0000000094a00000|  0%| F|  |TAMS 0x0000000094900000, 0x0000000094900000| Untracked 
|  58|0x0000000094a00000, 0x0000000094a00000, 0x0000000094b00000|  0%| F|  |TAMS 0x0000000094a00000, 0x0000000094a00000| Untracked 
|  59|0x0000000094b00000, 0x0000000094b00000, 0x0000000094c00000|  0%| F|  |TAMS 0x0000000094b00000, 0x0000000094b00000| Untracked 
|  60|0x0000000094c00000, 0x0000000094c00000, 0x0000000094d00000|  0%| F|  |TAMS 0x0000000094c00000, 0x0000000094c00000| Untracked 
|  61|0x0000000094d00000, 0x0000000094d00000, 0x0000000094e00000|  0%| F|  |TAMS 0x0000000094d00000, 0x0000000094d00000| Untracked 
|  62|0x0000000094e00000, 0x0000000094e00000, 0x0000000094f00000|  0%| F|  |TAMS 0x0000000094e00000, 0x0000000094e00000| Untracked 
|  63|0x0000000094f00000, 0x0000000094f00000, 0x0000000095000000|  0%| F|  |TAMS 0x0000000094f00000, 0x0000000094f00000| Untracked 
|  64|0x0000000095000000, 0x0000000095000000, 0x0000000095100000|  0%| F|  |TAMS 0x0000000095000000, 0x0000000095000000| Untracked 
|  65|0x0000000095100000, 0x0000000095100000, 0x0000000095200000|  0%| F|  |TAMS 0x0000000095100000, 0x0000000095100000| Untracked 
|  66|0x0000000095200000, 0x0000000095200000, 0x0000000095300000|  0%| F|  |TAMS 0x0000000095200000, 0x0000000095200000| Untracked 
|  67|0x0000000095300000, 0x00000000953c6c20, 0x0000000095400000| 77%| S|CS|TAMS 0x0000000095300000, 0x0000000095300000| Complete 
|  68|0x0000000095400000, 0x0000000095500000, 0x0000000095500000|100%| S|CS|TAMS 0x0000000095400000, 0x0000000095400000| Complete 
|  69|0x0000000095500000, 0x0000000095600000, 0x0000000095600000|100%| S|CS|TAMS 0x0000000095500000, 0x0000000095500000| Complete 
|  70|0x0000000095600000, 0x0000000095600000, 0x0000000095700000|  0%| F|  |TAMS 0x0000000095600000, 0x0000000095600000| Untracked 
|  71|0x0000000095700000, 0x0000000095700000, 0x0000000095800000|  0%| F|  |TAMS 0x0000000095700000, 0x0000000095700000| Untracked 
|  72|0x0000000095800000, 0x0000000095800000, 0x0000000095900000|  0%| F|  |TAMS 0x0000000095800000, 0x0000000095800000| Untracked 
|  73|0x0000000095900000, 0x0000000095900000, 0x0000000095a00000|  0%| F|  |TAMS 0x0000000095900000, 0x0000000095900000| Untracked 
|  74|0x0000000095a00000, 0x0000000095a00000, 0x0000000095b00000|  0%| F|  |TAMS 0x0000000095a00000, 0x0000000095a00000| Untracked 
|  75|0x0000000095b00000, 0x0000000095b00000, 0x0000000095c00000|  0%| F|  |TAMS 0x0000000095b00000, 0x0000000095b00000| Untracked 
|  76|0x0000000095c00000, 0x0000000095c00000, 0x0000000095d00000|  0%| F|  |TAMS 0x0000000095c00000, 0x0000000095c00000| Untracked 
|  77|0x0000000095d00000, 0x0000000095d00000, 0x0000000095e00000|  0%| F|  |TAMS 0x0000000095d00000, 0x0000000095d00000| Untracked 
|  78|0x0000000095e00000, 0x0000000095e00000, 0x0000000095f00000|  0%| F|  |TAMS 0x0000000095e00000, 0x0000000095e00000| Untracked 
|  79|0x0000000095f00000, 0x0000000095f00000, 0x0000000096000000|  0%| F|  |TAMS 0x0000000095f00000, 0x0000000095f00000| Untracked 
|  80|0x0000000096000000, 0x0000000096000000, 0x0000000096100000|  0%| F|  |TAMS 0x0000000096000000, 0x0000000096000000| Untracked 
|  81|0x0000000096100000, 0x0000000096100000, 0x0000000096200000|  0%| F|  |TAMS 0x0000000096100000, 0x0000000096100000| Untracked 
|  82|0x0000000096200000, 0x00000000962666c0, 0x0000000096300000| 40%| E|  |TAMS 0x0000000096200000, 0x0000000096200000| Complete 
|  83|0x0000000096300000, 0x0000000096400000, 0x0000000096400000|100%| E|CS|TAMS 0x0000000096300000, 0x0000000096300000| Complete 
|  84|0x0000000096400000, 0x0000000096500000, 0x0000000096500000|100%| E|CS|TAMS 0x0000000096400000, 0x0000000096400000| Complete 
|  85|0x0000000096500000, 0x0000000096600000, 0x0000000096600000|100%| E|CS|TAMS 0x0000000096500000, 0x0000000096500000| Complete 
|  86|0x0000000096600000, 0x0000000096700000, 0x0000000096700000|100%| E|CS|TAMS 0x0000000096600000, 0x0000000096600000| Complete 
|  87|0x0000000096700000, 0x0000000096800000, 0x0000000096800000|100%| E|CS|TAMS 0x0000000096700000, 0x0000000096700000| Complete 
|  88|0x0000000096800000, 0x0000000096900000, 0x0000000096900000|100%| E|CS|TAMS 0x0000000096800000, 0x0000000096800000| Complete 
|  89|0x0000000096900000, 0x0000000096a00000, 0x0000000096a00000|100%| E|CS|TAMS 0x0000000096900000, 0x0000000096900000| Complete 
|  90|0x0000000096a00000, 0x0000000096b00000, 0x0000000096b00000|100%| E|CS|TAMS 0x0000000096a00000, 0x0000000096a00000| Complete 
|  91|0x0000000096b00000, 0x0000000096c00000, 0x0000000096c00000|100%| E|CS|TAMS 0x0000000096b00000, 0x0000000096b00000| Complete 
|  92|0x0000000096c00000, 0x0000000096d00000, 0x0000000096d00000|100%| E|CS|TAMS 0x0000000096c00000, 0x0000000096c00000| Complete 
|  93|0x0000000096d00000, 0x0000000096e00000, 0x0000000096e00000|100%| E|CS|TAMS 0x0000000096d00000, 0x0000000096d00000| Complete 
|  94|0x0000000096e00000, 0x0000000096f00000, 0x0000000096f00000|100%| E|CS|TAMS 0x0000000096e00000, 0x0000000096e00000| Complete 
|  95|0x0000000096f00000, 0x0000000097000000, 0x0000000097000000|100%| E|CS|TAMS 0x0000000096f00000, 0x0000000096f00000| Complete 
|  96|0x0000000097000000, 0x0000000097100000, 0x0000000097100000|100%| E|CS|TAMS 0x0000000097000000, 0x0000000097000000| Complete 
|  97|0x0000000097100000, 0x0000000097200000, 0x0000000097200000|100%| E|CS|TAMS 0x0000000097100000, 0x0000000097100000| Complete 
|  98|0x0000000097200000, 0x0000000097300000, 0x0000000097300000|100%| E|CS|TAMS 0x0000000097200000, 0x0000000097200000| Complete 
|  99|0x0000000097300000, 0x0000000097400000, 0x0000000097400000|100%| E|CS|TAMS 0x0000000097300000, 0x0000000097300000| Complete 
| 100|0x0000000097400000, 0x0000000097500000, 0x0000000097500000|100%| E|CS|TAMS 0x0000000097400000, 0x0000000097400000| Complete 
| 101|0x0000000097500000, 0x0000000097600000, 0x0000000097600000|100%| E|CS|TAMS 0x0000000097500000, 0x0000000097500000| Complete 
| 102|0x0000000097600000, 0x0000000097700000, 0x0000000097700000|100%| E|  |TAMS 0x0000000097600000, 0x0000000097600000| Complete 
| 103|0x0000000097700000, 0x0000000097800000, 0x0000000097800000|100%| E|CS|TAMS 0x0000000097700000, 0x0000000097700000| Complete 
| 104|0x0000000097800000, 0x0000000097900000, 0x0000000097900000|100%| E|CS|TAMS 0x0000000097800000, 0x0000000097800000| Complete 
| 105|0x0000000097900000, 0x0000000097a00000, 0x0000000097a00000|100%| E|CS|TAMS 0x0000000097900000, 0x0000000097900000| Complete 
| 106|0x0000000097a00000, 0x0000000097b00000, 0x0000000097b00000|100%| E|CS|TAMS 0x0000000097a00000, 0x0000000097a00000| Complete 
| 107|0x0000000097b00000, 0x0000000097c00000, 0x0000000097c00000|100%| E|CS|TAMS 0x0000000097b00000, 0x0000000097b00000| Complete 
| 108|0x0000000097c00000, 0x0000000097d00000, 0x0000000097d00000|100%| E|CS|TAMS 0x0000000097c00000, 0x0000000097c00000| Complete 
| 109|0x0000000097d00000, 0x0000000097e00000, 0x0000000097e00000|100%| E|CS|TAMS 0x0000000097d00000, 0x0000000097d00000| Complete 
| 110|0x0000000097e00000, 0x0000000097f00000, 0x0000000097f00000|100%| E|CS|TAMS 0x0000000097e00000, 0x0000000097e00000| Complete 
| 111|0x0000000097f00000, 0x0000000098000000, 0x0000000098000000|100%| E|CS|TAMS 0x0000000097f00000, 0x0000000097f00000| Complete 

Card table byte_map: [0x000001c63ffa0000,0x000001c640320000] _byte_map_base: 0x000001c63fb18000

Marking Bits (Prev, Next): (CMBitMap*) 0x000001c628e0f6f0, (CMBitMap*) 0x000001c628e0f6b0
 Prev Bits: [0x000001c642260000, 0x000001c643e20000)
 Next Bits: [0x000001c6406a0000, 0x000001c642260000)

Polling page: 0x000001c626d30000

Metaspace:

Usage:
  Non-class:     19.49 MB used.
      Class:      3.13 MB used.
       Both:     22.62 MB used.

Virtual space:
  Non-class space:       64.00 MB reserved,      19.69 MB ( 31%) committed,  1 nodes.
      Class space:        1.00 GB reserved,       3.31 MB ( <1%) committed,  1 nodes.
             Both:        1.06 GB reserved,      23.00 MB (  2%) committed. 

Chunk freelists:
   Non-Class:  11.73 MB
       Class:  12.50 MB
        Both:  24.24 MB

MaxMetaspaceSize: unlimited
CompressedClassSpaceSize: 1.00 GB
Initial GC threshold: 21.00 MB
Current GC threshold: 35.12 MB
CDS: on
MetaspaceReclaimPolicy: balanced
 - commit_granule_bytes: 65536.
 - commit_granule_words: 8192.
 - virtual_space_node_default_size: 8388608.
 - enlarge_chunks_in_place: 1.
 - new_chunks_are_fully_committed: 0.
 - uncommit_free_chunks: 1.
 - use_allocation_guard: 0.
 - handle_deallocations: 1.


Internal statistics:

num_allocs_failed_limit: 3.
num_arena_births: 458.
num_arena_deaths: 0.
num_vsnodes_births: 2.
num_vsnodes_deaths: 0.
num_space_committed: 368.
num_space_uncommitted: 0.
num_chunks_returned_to_freelist: 3.
num_chunks_taken_from_freelist: 1340.
num_chunk_merges: 3.
num_chunk_splits: 879.
num_chunks_enlarged: 601.
num_inconsistent_stats: 0.

CodeHeap 'non-profiled nmethods': size=120000Kb used=5412Kb max_used=5412Kb free=114587Kb
 bounds [0x000001c6383c0000, 0x000001c638910000, 0x000001c63f8f0000]
CodeHeap 'profiled nmethods': size=120000Kb used=14055Kb max_used=14055Kb free=105944Kb
 bounds [0x000001c6308f0000, 0x000001c6316b0000, 0x000001c637e20000]
CodeHeap 'non-nmethods': size=5760Kb used=1534Kb max_used=1607Kb free=4226Kb
 bounds [0x000001c637e20000, 0x000001c638090000, 0x000001c6383c0000]
 total_blobs=7321 nmethods=6491 adapters=741
 compilation: enabled
              stopped_count=0, restarted_count=0
 full_count=0

Compilation events (20 events):
Event: 126.829 Thread 0x000001c646671160 7374       4       com.sun.prism.impl.BaseResourcePool::freeDisposalRequestedAndCheckResources (156 bytes)
Event: 126.835 Thread 0x000001c646671160 nmethod 7374 0x000001c638905e90 code [0x000001c638906040, 0x000001c638906408]
Event: 126.835 Thread 0x000001c646671160 7373       4       com.sun.javafx.font.CompositeGlyphMapper::getGlyphCode (42 bytes)
Event: 126.841 Thread 0x000001c646671160 nmethod 7373 0x000001c638906710 code [0x000001c638906900, 0x000001c638906f70]
Event: 126.913 Thread 0x000001c646691690 7375       3       com.sun.javafx.tk.quantum.GlassWindowEventHandler::handleWindowEvent (22 bytes)
Event: 126.913 Thread 0x000001c646671160 7380   !   4       com.sun.javafx.event.EventUtil::fireEvent (81 bytes)
Event: 126.914 Thread 0x000001c646691690 nmethod 7375 0x000001c6316a8990 code [0x000001c6316a8ba0, 0x000001c6316a91f8]
Event: 126.914 Thread 0x000001c646691690 7376       3       com.sun.javafx.tk.quantum.GlassWindowEventHandler$$Lambda$178/0x000001c64815ed18::<init> (10 bytes)
Event: 126.914 Thread 0x000001c646691690 nmethod 7376 0x000001c6316a9490 code [0x000001c6316a9620, 0x000001c6316a97d8]
Event: 126.914 Thread 0x000001c646691690 7377       3       com.sun.javafx.tk.quantum.GlassWindowEventHandler$$Lambda$178/0x000001c64815ed18::get (8 bytes)
Event: 126.914 Thread 0x000001c646691690 nmethod 7377 0x000001c6316a9890 code [0x000001c6316a9ac0, 0x000001c6316aa108]
Event: 126.915 Thread 0x000001c646691690 7378       3       com.sun.javafx.tk.quantum.GlassWindowEventHandler::lambda$handleWindowEvent$4 (17 bytes)
Event: 126.915 Thread 0x000001c646691690 nmethod 7378 0x000001c6316aa410 code [0x000001c6316aa640, 0x000001c6316aabe8]
Event: 126.915 Thread 0x000001c646691690 7379       3       com.sun.javafx.tk.quantum.GlassStage::getAccessControlContext (22 bytes)
Event: 126.916 Thread 0x000001c646691690 nmethod 7379 0x000001c6316aaf10 code [0x000001c6316ab0c0, 0x000001c6316ab2e8]
Event: 126.928 Thread 0x000001c646671160 nmethod 7380 0x000001c638907510 code [0x000001c638907720, 0x000001c638908208]
Event: 127.362 Thread 0x000001c646671160 7381       4       com.sun.prism.paint.Color::isOpaque (15 bytes)
Event: 127.362 Thread 0x000001c646671160 nmethod 7381 0x000001c638908b90 code [0x000001c638908d20, 0x000001c638908db8]
Event: 127.725 Thread 0x000001c646691690 7382       3       javafx.scene.control.ToggleButton::isSelected (19 bytes)
Event: 127.725 Thread 0x000001c646691690 nmethod 7382 0x000001c6316ab410 code [0x000001c6316ab5c0, 0x000001c6316ab948]

GC Heap History (12 events):
Event: 0.867 GC heap before
{Heap before GC invocations=0 (full 0):
 garbage-first heap   total 114688K, used 22528K [0x0000000091000000, 0x0000000100000000)
  region size 1024K, 23 young (23552K), 0 survivors (0K)
 Metaspace       used 4578K, committed 4800K, reserved 1114112K
  class space    used 515K, committed 640K, reserved 1048576K
}
Event: 0.870 GC heap after
{Heap after GC invocations=1 (full 0):
 garbage-first heap   total 114688K, used 2956K [0x0000000091000000, 0x0000000100000000)
  region size 1024K, 3 young (3072K), 3 survivors (3072K)
 Metaspace       used 4578K, committed 4800K, reserved 1114112K
  class space    used 515K, committed 640K, reserved 1048576K
}
Event: 3.946 GC heap before
{Heap before GC invocations=1 (full 0):
 garbage-first heap   total 114688K, used 39820K [0x0000000091000000, 0x0000000100000000)
  region size 1024K, 36 young (36864K), 3 survivors (3072K)
 Metaspace       used 10756K, committed 11008K, reserved 1114112K
  class space    used 1425K, committed 1536K, reserved 1048576K
}
Event: 3.951 GC heap after
{Heap after GC invocations=2 (full 0):
 garbage-first heap   total 114688K, used 8819K [0x0000000091000000, 0x0000000100000000)
  region size 1024K, 4 young (4096K), 4 survivors (4096K)
 Metaspace       used 10756K, committed 11008K, reserved 1114112K
  class space    used 1425K, committed 1536K, reserved 1048576K
}
Event: 17.113 GC heap before
{Heap before GC invocations=2 (full 0):
 garbage-first heap   total 114688K, used 85619K [0x0000000091000000, 0x0000000100000000)
  region size 1024K, 62 young (63488K), 4 survivors (4096K)
 Metaspace       used 21238K, committed 21504K, reserved 1114112K
  class space    used 3083K, committed 3264K, reserved 1048576K
}
Event: 17.123 GC heap after
{Heap after GC invocations=3 (full 0):
 garbage-first heap   total 114688K, used 33759K [0x0000000091000000, 0x0000000100000000)
  region size 1024K, 9 young (9216K), 9 survivors (9216K)
 Metaspace       used 21238K, committed 21504K, reserved 1114112K
  class space    used 3083K, committed 3264K, reserved 1048576K
}
Event: 45.516 GC heap before
{Heap before GC invocations=4 (full 0):
 garbage-first heap   total 114688K, used 90079K [0x0000000091000000, 0x0000000100000000)
  region size 1024K, 55 young (56320K), 9 survivors (9216K)
 Metaspace       used 22527K, committed 22912K, reserved 1114112K
  class space    used 3186K, committed 3392K, reserved 1048576K
}
Event: 45.527 GC heap after
{Heap after GC invocations=5 (full 0):
 garbage-first heap   total 114688K, used 42850K [0x0000000091000000, 0x0000000100000000)
  region size 1024K, 7 young (7168K), 7 survivors (7168K)
 Metaspace       used 22527K, committed 22912K, reserved 1114112K
  class space    used 3186K, committed 3392K, reserved 1048576K
}
Event: 52.608 GC heap before
{Heap before GC invocations=5 (full 0):
 garbage-first heap   total 114688K, used 43874K [0x0000000091000000, 0x0000000100000000)
  region size 1024K, 8 young (8192K), 7 survivors (7168K)
 Metaspace       used 22570K, committed 22912K, reserved 1114112K
  class space    used 3188K, committed 3392K, reserved 1048576K
}
Event: 52.619 GC heap after
{Heap after GC invocations=6 (full 0):
 garbage-first heap   total 114688K, used 42521K [0x0000000091000000, 0x0000000100000000)
  region size 1024K, 1 young (1024K), 1 survivors (1024K)
 Metaspace       used 22570K, committed 22912K, reserved 1114112K
  class space    used 3188K, committed 3392K, reserved 1048576K
}
Event: 112.161 GC heap before
{Heap before GC invocations=6 (full 0):
 garbage-first heap   total 114688K, used 90649K [0x0000000091000000, 0x0000000100000000)
  region size 1024K, 42 young (43008K), 1 survivors (1024K)
 Metaspace       used 22966K, committed 23296K, reserved 1114112K
  class space    used 3203K, committed 3392K, reserved 1048576K
}
Event: 112.164 GC heap after
{Heap after GC invocations=7 (full 0):
 garbage-first heap   total 114688K, used 46430K [0x0000000091000000, 0x0000000100000000)
  region size 1024K, 3 young (3072K), 3 survivors (3072K)
 Metaspace       used 22966K, committed 23296K, reserved 1114112K
  class space    used 3203K, committed 3392K, reserved 1048576K
}

Dll operation events (20 events):
Event: 0.520 Loaded shared library D:\Proyecto Terminal\openjfx-22.0.1_windows-x64_bin-sdk\javafx-sdk-22.0.1\bin\api-ms-win-crt-math-l1-1-0.dll
Event: 0.521 Loaded shared library D:\Proyecto Terminal\openjfx-22.0.1_windows-x64_bin-sdk\javafx-sdk-22.0.1\bin\api-ms-win-crt-multibyte-l1-1-0.dll
Event: 0.523 Loaded shared library D:\Proyecto Terminal\openjfx-22.0.1_windows-x64_bin-sdk\javafx-sdk-22.0.1\bin\api-ms-win-crt-private-l1-1-0.dll
Event: 0.524 Loaded shared library D:\Proyecto Terminal\openjfx-22.0.1_windows-x64_bin-sdk\javafx-sdk-22.0.1\bin\api-ms-win-crt-process-l1-1-0.dll
Event: 0.526 Loaded shared library D:\Proyecto Terminal\openjfx-22.0.1_windows-x64_bin-sdk\javafx-sdk-22.0.1\bin\api-ms-win-crt-runtime-l1-1-0.dll
Event: 0.527 Loaded shared library D:\Proyecto Terminal\openjfx-22.0.1_windows-x64_bin-sdk\javafx-sdk-22.0.1\bin\api-ms-win-crt-stdio-l1-1-0.dll
Event: 0.529 Loaded shared library D:\Proyecto Terminal\openjfx-22.0.1_windows-x64_bin-sdk\javafx-sdk-22.0.1\bin\api-ms-win-crt-string-l1-1-0.dll
Event: 0.531 Loaded shared library D:\Proyecto Terminal\openjfx-22.0.1_windows-x64_bin-sdk\javafx-sdk-22.0.1\bin\api-ms-win-crt-time-l1-1-0.dll
Event: 0.532 Loaded shared library D:\Proyecto Terminal\openjfx-22.0.1_windows-x64_bin-sdk\javafx-sdk-22.0.1\bin\api-ms-win-crt-utility-l1-1-0.dll
Event: 0.534 Loaded shared library D:\Proyecto Terminal\openjfx-22.0.1_windows-x64_bin-sdk\javafx-sdk-22.0.1\bin\ucrtbase.dll
Event: 0.536 Loaded shared library D:\Proyecto Terminal\openjfx-22.0.1_windows-x64_bin-sdk\javafx-sdk-22.0.1\bin\vcruntime140.dll
Event: 0.538 Loaded shared library D:\Proyecto Terminal\openjfx-22.0.1_windows-x64_bin-sdk\javafx-sdk-22.0.1\bin\vcruntime140_1.dll
Event: 0.541 Loaded shared library D:\Proyecto Terminal\openjfx-22.0.1_windows-x64_bin-sdk\javafx-sdk-22.0.1\bin\msvcp140.dll
Event: 0.542 Loaded shared library D:\Proyecto Terminal\openjfx-22.0.1_windows-x64_bin-sdk\javafx-sdk-22.0.1\bin\msvcp140_1.dll
Event: 0.544 Loaded shared library D:\Proyecto Terminal\openjfx-22.0.1_windows-x64_bin-sdk\javafx-sdk-22.0.1\bin\msvcp140_2.dll
Event: 0.595 Loaded shared library D:\Proyecto Terminal\openjfx-22.0.1_windows-x64_bin-sdk\javafx-sdk-22.0.1\bin\prism_d3d.dll
Event: 0.646 Loaded shared library D:\Proyecto Terminal\openjfx-22.0.1_windows-x64_bin-sdk\javafx-sdk-22.0.1\bin\glass.dll
Event: 0.818 Loaded shared library C:\Users\diego\.jdks\corretto-17.0.13\bin\jimage.dll
Event: 1.580 Loaded shared library D:\Proyecto Terminal\openjfx-22.0.1_windows-x64_bin-sdk\javafx-sdk-22.0.1\bin\javafx_font.dll
Event: 6.993 Loaded shared library D:\Proyecto Terminal\openjfx-22.0.1_windows-x64_bin-sdk\javafx-sdk-22.0.1\bin\javafx_iio.dll

Deoptimization events (20 events):
Event: 125.412 Thread 0x000001c68d238c60 DEOPT PACKING pc=0x000001c630ab56bc sp=0x0000009918bfc9b0
Event: 125.412 Thread 0x000001c68d238c60 DEOPT UNPACKING pc=0x000001c637e77143 sp=0x0000009918bfbf98 mode 1
Event: 125.412 Thread 0x000001c68d238c60 DEOPT PACKING pc=0x000001c630acfcdc sp=0x0000009918bfcba0
Event: 125.412 Thread 0x000001c68d238c60 DEOPT UNPACKING pc=0x000001c637e77143 sp=0x0000009918bfc068 mode 1
Event: 125.445 Thread 0x000001c68d238c60 DEOPT PACKING pc=0x000001c630fba5b7 sp=0x0000009918bfd4c0
Event: 125.446 Thread 0x000001c68d238c60 DEOPT UNPACKING pc=0x000001c637e77143 sp=0x0000009918bfc948 mode 0
Event: 126.820 Thread 0x000001c68ca043b0 DEOPT PACKING pc=0x000001c63145849e sp=0x00000099187fec90
Event: 126.820 Thread 0x000001c68ca043b0 DEOPT UNPACKING pc=0x000001c637e77143 sp=0x00000099187fe158 mode 0
Event: 200.031 Thread 0x000001c693376df0 Uncommon trap: trap_request=0xffffff45 fr.pc=0x000001c6387509e8 relative=0x0000000000000148
Event: 200.031 Thread 0x000001c693376df0 Uncommon trap: reason=unstable_if action=reinterpret pc=0x000001c6387509e8 method=java.util.concurrent.locks.ReentrantLock$Sync.tryRelease(I)Z @ 26 c2
Event: 200.031 Thread 0x000001c693376df0 DEOPT PACKING pc=0x000001c6387509e8 sp=0x00000099182ff280
Event: 200.031 Thread 0x000001c693376df0 DEOPT UNPACKING pc=0x000001c637e769a3 sp=0x00000099182ff170 mode 2
Event: 200.032 Thread 0x000001c68ca043b0 DEOPT PACKING pc=0x000001c631203ac4 sp=0x00000099187fee00
Event: 200.032 Thread 0x000001c68ca043b0 DEOPT UNPACKING pc=0x000001c637e77143 sp=0x00000099187fe320 mode 1
Event: 200.032 Thread 0x000001c68ca043b0 DEOPT PACKING pc=0x000001c631525b64 sp=0x00000099187feef0
Event: 200.032 Thread 0x000001c68ca043b0 DEOPT UNPACKING pc=0x000001c637e77143 sp=0x00000099187fe438 mode 1
Event: 200.032 Thread 0x000001c68ca043b0 DEOPT PACKING pc=0x000001c63152873c sp=0x00000099187ff000
Event: 200.032 Thread 0x000001c68ca043b0 DEOPT UNPACKING pc=0x000001c637e77143 sp=0x00000099187fe4c0 mode 1
Event: 200.032 Thread 0x000001c693376df0 DEOPT PACKING pc=0x000001c63852accc sp=0x00000099182ff580
Event: 200.032 Thread 0x000001c693376df0 DEOPT UNPACKING pc=0x000001c637e77143 sp=0x00000099182fe9a0 mode 1

Classes loaded (20 events):
Event: 40.837 Loading class optiuam/bc/model/ElementoGrafico
Event: 40.837 Loading class optiuam/bc/model/ElementoGrafico done
Event: 40.837 Loading class optiuam/bc/model/ElementoGrafico
Event: 40.837 Loading class optiuam/bc/model/ElementoGrafico done
Event: 40.837 Loading class optiuam/bc/model/ElementoGrafico
Event: 40.837 Loading class optiuam/bc/model/ElementoGrafico done
Event: 40.837 Loading class optiuam/bc/controller/VentanaFibraController
Event: 40.837 Loading class optiuam/bc/controller/VentanaFibraController done
Event: 40.837 Loading class optiuam/bc/model/ElementoGrafico
Event: 40.837 Loading class optiuam/bc/model/ElementoGrafico done
Event: 44.985 Loading class com/intellij/rt/debugger/BatchEvaluatorServer
Event: 44.985 Loading class com/intellij/rt/debugger/BatchEvaluatorServer done
Event: 45.496 Loading class java/io/DataOutputStream
Event: 45.497 Loading class java/io/DataOutputStream done
Event: 200.029 Loading class jdk/internal/misc/Signal$1
Event: 200.029 Loading class jdk/internal/misc/Signal$1 done
Event: 200.031 Loading class com/sun/javafx/tk/quantum/QuantumRenderer
Event: 200.031 Loading class com/sun/javafx/tk/quantum/QuantumRenderer done
Event: 200.032 Loading class com/sun/javafx/tk/quantum/QuantumToolkit
Event: 200.032 Loading class com/sun/javafx/tk/quantum/QuantumToolkit done

Classes unloaded (0 events):
No events

Classes redefined (0 events):
No events

Internal exceptions (20 events):
Event: 6.899 Thread 0x000001c68d238c60 Exception <a 'java/lang/NoSuchMethodError'{0x0000000095fdf8e0}: 'long java.lang.invoke.DirectMethodHandle$Holder.invokeStatic(java.lang.Object, java.lang.Object, java.lang.Object)'> (0x0000000095fdf8e0) 
thrown [s\src\hotspot\share\interpreter\linkResolver.cpp, line 759]
Event: 6.899 Thread 0x000001c68d238c60 Exception <a 'java/lang/NoSuchMethodError'{0x0000000095fe3088}: 'long java.lang.invoke.DirectMethodHandle$Holder.invokeStaticInit(java.lang.Object, java.lang.Object, java.lang.Object)'> (0x0000000095fe3088) 
thrown [s\src\hotspot\share\interpreter\linkResolver.cpp, line 759]
Event: 6.903 Thread 0x000001c68d238c60 Exception <a 'java/lang/NoSuchMethodError'{0x0000000095ffac08}: 'java.lang.Object java.lang.invoke.DirectMethodHandle$Holder.newInvokeSpecial(java.lang.Object, java.lang.Object, long)'> (0x0000000095ffac08) 
thrown [s\src\hotspot\share\interpreter\linkResolver.cpp, line 759]
Event: 6.903 Thread 0x000001c68d238c60 Exception <a 'java/lang/NoSuchMethodError'{0x0000000095ffe778}: 'java.lang.Object java.lang.invoke.Invokers$Holder.linkToTargetMethod(java.lang.Object, long, java.lang.Object)'> (0x0000000095ffe778) 
thrown [s\src\hotspot\share\interpreter\linkResolver.cpp, line 759]
Event: 7.141 Thread 0x000001c68d238c60 Exception <a 'java/lang/ClassNotFoundException'{0x00000000954ce140}: com/sun/javafx/scene/control/skin/resources/controls> (0x00000000954ce140) 
thrown [s\src\hotspot\share\prims\jni.cpp, line 535]
Event: 7.142 Thread 0x000001c68d238c60 Exception <a 'java/lang/ClassNotFoundException'{0x00000000954dcaf0}: com/sun/javafx/scene/control/skin/resources/controls_es> (0x00000000954dcaf0) 
thrown [s\src\hotspot\share\prims\jni.cpp, line 535]
Event: 7.143 Thread 0x000001c68d238c60 Exception <a 'java/lang/ClassNotFoundException'{0x00000000954eacd0}: com/sun/javafx/scene/control/skin/resources/controls_es_MX> (0x00000000954eacd0) 
thrown [s\src\hotspot\share\prims\jni.cpp, line 535]
Event: 7.184 Thread 0x000001c68d238c60 Exception <a 'java/lang/NoSuchMethodError'{0x0000000095278358}: 'int java.lang.invoke.DirectMethodHandle$Holder.invokeSpecial(java.lang.Object, java.lang.Object, int)'> (0x0000000095278358) 
thrown [s\src\hotspot\share\interpreter\linkResolver.cpp, line 759]
Event: 7.352 Thread 0x000001c68d238c60 Exception <a 'java/lang/NoSuchMethodError'{0x0000000094c80ec0}: 'void java.lang.invoke.DirectMethodHandle$Holder.invokeVirtual(java.lang.Object, java.lang.Object)'> (0x0000000094c80ec0) 
thrown [s\src\hotspot\share\interpreter\linkResolver.cpp, line 759]
Event: 8.834 Thread 0x000001c68d238c60 Exception <a 'java/lang/NoSuchMethodError'{0x0000000094af74d8}: 'java.lang.Object java.lang.invoke.DirectMethodHandle$Holder.newInvokeSpecial(java.lang.Object, java.lang.Object, int, int, int, int, int, java.lang.Object)'> (0x0000000094af74d8) 
thrown [s\src\hotspot\share\interpreter\linkResolver.cpp, line 759]
Event: 8.836 Thread 0x000001c68d238c60 Exception <a 'java/lang/NoSuchMethodError'{0x000000009490ac78}: 'java.lang.Object java.lang.invoke.DirectMethodHandle$Holder.newInvokeSpecial(java.lang.Object, java.lang.Object, java.lang.Object, int, int, int, int, int)'> (0x000000009490ac78) 
thrown [s\src\hotspot\share\interpreter\linkResolver.cpp, line 759]
Event: 8.836 Thread 0x000001c68d238c60 Exception <a 'java/lang/NoSuchMethodError'{0x0000000094912cd0}: 'java.lang.Object java.lang.invoke.Invokers$Holder.linkToTargetMethod(java.lang.Object, java.lang.Object, int, int, int, int, int, java.lang.Object)'> (0x0000000094912cd0) 
thrown [s\src\hotspot\share\interpreter\linkResolver.cpp, line 759]
Event: 10.530 Thread 0x000001c68d238c60 Implicit null exception at 0x000001c6385a569c to 0x000001c6385a62c8
Event: 17.141 Thread 0x000001c68d238c60 Implicit null exception at 0x000001c6385a7655 to 0x000001c6385a775c
Event: 45.505 Thread 0x000001c68d238c60 Exception <a 'java/lang/NoSuchMethodError'{0x00000000952a6178}: 'java.lang.Object java.lang.invoke.DirectMethodHandle$Holder.invokeSpecial(java.lang.Object, java.lang.Object, long, java.lang.Object, int, int, java.lang.Object, int, java.lang.Object)'> (0x00000000952a6178) 
thrown [s\src\hotspot\share\interpreter\linkResolver.cpp, line 759]
Event: 45.506 Thread 0x000001c68d238c60 Exception <a 'java/lang/NoSuchMethodError'{0x00000000952aa3d8}: 'java.lang.Object java.lang.invoke.DelegatingMethodHandle$Holder.reinvoke_L(java.lang.Object, long, java.lang.Object, int, int, java.lang.Object, int, java.lang.Object)'> (0x00000000952aa3d8) 
thrown [s\src\hotspot\share\interpreter\linkResolver.cpp, line 759]
Event: 45.530 Thread 0x000001c68d238c60 Exception <a 'java/lang/NoSuchMethodError'{0x0000000097f026a8}: 'java.lang.Object java.lang.invoke.DelegatingMethodHandle$Holder.reinvoke_L(java.lang.Object, java.lang.Object, int, int, double, int)'> (0x0000000097f026a8) 
thrown [s\src\hotspot\share\interpreter\linkResolver.cpp, line 759]
Event: 45.532 Thread 0x000001c68d238c60 Implicit null exception at 0x000001c63862950e to 0x000001c6386310ec
Event: 62.198 Thread 0x000001c68d238c60 Exception <a 'java/lang/NoSuchMethodError'{0x0000000096406020}: 'java.lang.Object java.lang.invoke.DirectMethodHandle$Holder.invokeSpecial(java.lang.Object, java.lang.Object, long, java.lang.Object, int, int, int, java.lang.Object, java.lang.Object, java.lang.Object, int)'> (0x0000000096406020) 
thrown [s\src\hotspot\share\interpreter\linkResolver.cpp, line 759]
Event: 62.198 Thread 0x000001c68d238c60 Exception <a 'java/lang/NoSuchMethodError'{0x000000009640a560}: 'java.lang.Object java.lang.invoke.DelegatingMethodHandle$Holder.reinvoke_L(java.lang.Object, long, java.lang.Object, int, int, int, java.lang.Object, java.lang.Object, java.lang.Object, int)'> (0x000000009640a560) 
thrown [s\src\hotspot\share\interpreter\linkResolver.cpp, line 759]

VM Operations (20 events):
Event: 160.986 Executing VM operation: get/set locals done
Event: 160.986 Executing VM operation: get/set locals
Event: 160.986 Executing VM operation: get/set locals done
Event: 199.972 Executing VM operation: ChangeBreakpoints
Event: 199.972 Executing VM operation: ChangeBreakpoints done
Event: 199.973 Executing VM operation: ChangeBreakpoints
Event: 199.973 Executing VM operation: ChangeBreakpoints done
Event: 199.973 Executing VM operation: ChangeBreakpoints
Event: 199.973 Executing VM operation: ChangeBreakpoints done
Event: 199.973 Executing VM operation: ChangeBreakpoints
Event: 199.973 Executing VM operation: ChangeBreakpoints done
Event: 199.973 Executing VM operation: ChangeBreakpoints
Event: 199.973 Executing VM operation: ChangeBreakpoints done
Event: 199.973 Executing VM operation: ChangeBreakpoints
Event: 199.973 Executing VM operation: ChangeBreakpoints done
Event: 199.973 Executing VM operation: ChangeBreakpoints
Event: 199.973 Executing VM operation: ChangeBreakpoints done
Event: 199.973 Executing VM operation: ChangeBreakpoints
Event: 199.973 Executing VM operation: ChangeBreakpoints done
Event: 200.032 Executing VM operation: Exit

Memory protections (0 events):
No events

Nmethod flushes (20 events):
Event: 26.346 Thread 0x000001c646694bd0 flushing  nmethod 0x000001c631179190
Event: 26.346 Thread 0x000001c646694bd0 flushing  nmethod 0x000001c63117f010
Event: 26.346 Thread 0x000001c646694bd0 flushing  nmethod 0x000001c631184e10
Event: 26.347 Thread 0x000001c646694bd0 flushing  nmethod 0x000001c6311d8290
Event: 26.347 Thread 0x000001c646694bd0 flushing  nmethod 0x000001c631200390
Event: 26.347 Thread 0x000001c646694bd0 flushing  nmethod 0x000001c63122bf90
Event: 26.347 Thread 0x000001c646694bd0 flushing  nmethod 0x000001c631234710
Event: 26.347 Thread 0x000001c646694bd0 flushing  nmethod 0x000001c6312a1a90
Event: 26.347 Thread 0x000001c646694bd0 flushing osr nmethod 0x000001c6312ae910
Event: 26.347 Thread 0x000001c646694bd0 flushing  nmethod 0x000001c6312ca190
Event: 26.347 Thread 0x000001c646694bd0 flushing  nmethod 0x000001c6312edd10
Event: 26.347 Thread 0x000001c646694bd0 flushing  nmethod 0x000001c6312ef590
Event: 26.347 Thread 0x000001c646694bd0 flushing  nmethod 0x000001c6312f7310
Event: 26.347 Thread 0x000001c646694bd0 flushing  nmethod 0x000001c631311990
Event: 26.347 Thread 0x000001c646694bd0 flushing  nmethod 0x000001c631311f90
Event: 26.347 Thread 0x000001c646694bd0 flushing osr nmethod 0x000001c631313790
Event: 26.347 Thread 0x000001c646694bd0 flushing  nmethod 0x000001c63133e790
Event: 26.347 Thread 0x000001c646694bd0 flushing  nmethod 0x000001c63134ff90
Event: 26.348 Thread 0x000001c646694bd0 flushing  nmethod 0x000001c6313da410
Event: 52.826 Thread 0x000001c646694bd0 flushing  nmethod 0x000001c630f3a990

Events (20 events):
Event: 34.112 Thread 0x000001c696178750 Thread exited: 0x000001c696178750
Event: 42.250 Thread 0x000001c646691690 Thread added: 0x000001c646bddd80
Event: 42.802 Thread 0x000001c646bddd80 Thread exited: 0x000001c646bddd80
Event: 42.845 Thread 0x000001c646691690 Thread added: 0x000001c646d4f430
Event: 43.248 Thread 0x000001c646d4f430 Thread exited: 0x000001c646d4f430
Event: 59.779 Thread 0x000001c646691690 Thread added: 0x000001c6a120e170
Event: 60.352 Thread 0x000001c6a120e170 Thread exited: 0x000001c6a120e170
Event: 102.113 Thread 0x000001c646691690 Thread added: 0x000001c68c663cd0
Event: 104.306 Thread 0x000001c68c663cd0 Thread exited: 0x000001c68c663cd0
Event: 112.619 Thread 0x000001c646691690 Thread added: 0x000001c693692ce0
Event: 112.881 Thread 0x000001c693692ce0 Thread exited: 0x000001c693692ce0
Event: 112.885 Thread 0x000001c646671160 Thread added: 0x000001c693692ce0
Event: 113.399 Thread 0x000001c693692ce0 Thread exited: 0x000001c693692ce0
Event: 199.972 Thread 0x000001c68c447690 Thread exited: 0x000001c68c447690
Event: 199.978 Thread 0x000001c646b6f150 Thread exited: 0x000001c646b6f150
Event: 200.029 Thread 0x000001c64665dcf0 Thread added: 0x000001c693373640
Event: 200.030 Thread 0x000001c693373640 Thread added: 0x000001c6933768e0
Event: 200.030 Thread 0x000001c693373640 Thread added: 0x000001c693376df0
Event: 200.031 Thread 0x000001c6933768e0 Thread exited: 0x000001c6933768e0
Event: 200.032 Thread 0x000001c693376df0 Thread exited: 0x000001c693376df0


Dynamic libraries:
0x00007ff77a840000 - 0x00007ff77a84e000 	C:\Users\diego\.jdks\corretto-17.0.13\bin\java.exe
0x00007ffe659d0000 - 0x00007ffe65be7000 	C:\Windows\SYSTEM32\ntdll.dll
0x00007ffe64980000 - 0x00007ffe64a44000 	C:\Windows\System32\KERNEL32.DLL
0x00007ffe62e90000 - 0x00007ffe63249000 	C:\Windows\System32\KERNELBASE.dll
0x00007ffe635d0000 - 0x00007ffe636e1000 	C:\Windows\System32\ucrtbase.dll
0x00007ffe5d2c0000 - 0x00007ffe5d2db000 	C:\Users\diego\.jdks\corretto-17.0.13\bin\VCRUNTIME140.dll
0x00007ffe5d2a0000 - 0x00007ffe5d2b7000 	C:\Users\diego\.jdks\corretto-17.0.13\bin\jli.dll
0x00007ffe63940000 - 0x00007ffe63aee000 	C:\Windows\System32\USER32.dll
0x00007ffe632c0000 - 0x00007ffe632e6000 	C:\Windows\System32\win32u.dll
0x00007ffe4a0b0000 - 0x00007ffe4a342000 	C:\Windows\WinSxS\amd64_microsoft.windows.common-controls_6595b64144ccf1df_6.0.22621.4391_none_2715d37f73803e96\COMCTL32.dll
0x00007ffe658e0000 - 0x00007ffe65987000 	C:\Windows\System32\msvcrt.dll
0x00007ffe64770000 - 0x00007ffe64799000 	C:\Windows\System32\GDI32.dll
0x00007ffe62cd0000 - 0x00007ffe62deb000 	C:\Windows\System32\gdi32full.dll
0x00007ffe62df0000 - 0x00007ffe62e8a000 	C:\Windows\System32\msvcp_win.dll
0x00007ffe64af0000 - 0x00007ffe64b21000 	C:\Windows\System32\IMM32.DLL
0x00007ffe5d8d0000 - 0x00007ffe5d8dc000 	C:\Users\diego\.jdks\corretto-17.0.13\bin\vcruntime140_1.dll
0x00007ffe4dc00000 - 0x00007ffe4dc8d000 	C:\Users\diego\.jdks\corretto-17.0.13\bin\msvcp140.dll
0x00007ffe0c1e0000 - 0x00007ffe0ce4c000 	C:\Users\diego\.jdks\corretto-17.0.13\bin\server\jvm.dll
0x00007ffe651c0000 - 0x00007ffe65272000 	C:\Windows\System32\ADVAPI32.dll
0x00007ffe65110000 - 0x00007ffe651b7000 	C:\Windows\System32\sechost.dll
0x00007ffe632f0000 - 0x00007ffe63318000 	C:\Windows\System32\bcrypt.dll
0x00007ffe64ff0000 - 0x00007ffe65104000 	C:\Windows\System32\RPCRT4.dll
0x00007ffe64a50000 - 0x00007ffe64ac1000 	C:\Windows\System32\WS2_32.dll
0x00007ffe62ba0000 - 0x00007ffe62bed000 	C:\Windows\SYSTEM32\POWRPROF.dll
0x00007ffe5f660000 - 0x00007ffe5f694000 	C:\Windows\SYSTEM32\WINMM.dll
0x00007ffe58af0000 - 0x00007ffe58afa000 	C:\Windows\SYSTEM32\VERSION.dll
0x00007ffe62b80000 - 0x00007ffe62b93000 	C:\Windows\SYSTEM32\UMPDC.dll
0x00007ffe61d10000 - 0x00007ffe61d28000 	C:\Windows\SYSTEM32\kernel.appcore.dll
0x00007ffe5d750000 - 0x00007ffe5d75a000 	C:\Users\diego\.jdks\corretto-17.0.13\bin\jimage.dll
0x00007ffe602e0000 - 0x00007ffe60512000 	C:\Windows\SYSTEM32\DBGHELP.DLL
0x00007ffe63af0000 - 0x00007ffe63e7f000 	C:\Windows\System32\combase.dll
0x00007ffe648a0000 - 0x00007ffe64977000 	C:\Windows\System32\OLEAUT32.dll
0x00007ffe37610000 - 0x00007ffe37642000 	C:\Windows\SYSTEM32\dbgcore.DLL
0x00007ffe63550000 - 0x00007ffe635cb000 	C:\Windows\System32\bcryptPrimitives.dll
0x00007ffe5b8b0000 - 0x00007ffe5b8eb000 	C:\Users\diego\.jdks\corretto-17.0.13\bin\jdwp.dll
0x00007ffe5d700000 - 0x00007ffe5d70e000 	C:\Users\diego\.jdks\corretto-17.0.13\bin\instrument.dll
0x00007ffe5d270000 - 0x00007ffe5d295000 	C:\Users\diego\.jdks\corretto-17.0.13\bin\java.dll
0x00007ffe5b930000 - 0x00007ffe5b948000 	C:\Users\diego\.jdks\corretto-17.0.13\bin\zip.dll
0x00007ffe4aaf0000 - 0x00007ffe4abc7000 	C:\Users\diego\.jdks\corretto-17.0.13\bin\jsvml.dll
0x00007ffe63ef0000 - 0x00007ffe64766000 	C:\Windows\System32\SHELL32.dll
0x00007ffe60c10000 - 0x00007ffe61513000 	C:\Windows\SYSTEM32\windows.storage.dll
0x00007ffe60ad0000 - 0x00007ffe60c0f000 	C:\Windows\SYSTEM32\wintypes.dll
0x00007ffe647a0000 - 0x00007ffe64899000 	C:\Windows\System32\SHCORE.dll
0x00007ffe65400000 - 0x00007ffe6545e000 	C:\Windows\System32\shlwapi.dll
0x00007ffe62c00000 - 0x00007ffe62c2b000 	C:\Windows\SYSTEM32\profapi.dll
0x00007ffe5b7b0000 - 0x00007ffe5b7c9000 	C:\Users\diego\.jdks\corretto-17.0.13\bin\net.dll
0x00007ffe5c330000 - 0x00007ffe5c466000 	C:\Windows\SYSTEM32\WINHTTP.dll
0x00007ffe62190000 - 0x00007ffe621f9000 	C:\Windows\system32\mswsock.dll
0x00007ffe5b450000 - 0x00007ffe5b466000 	C:\Users\diego\.jdks\corretto-17.0.13\bin\nio.dll
0x00007ffe5d640000 - 0x00007ffe5d64c000 	C:\Users\diego\.jdks\corretto-17.0.13\bin\dt_socket.dll
0x00007ffe61780000 - 0x00007ffe617ad000 	C:\Windows\SYSTEM32\IPHLPAPI.DLL
0x000001c626d70000 - 0x000001c626d73000 	D:\Proyecto Terminal\openjfx-22.0.1_windows-x64_bin-sdk\javafx-sdk-22.0.1\bin\api-ms-win-core-console-l1-1-0.dll
0x000001c626d80000 - 0x000001c626d83000 	D:\Proyecto Terminal\openjfx-22.0.1_windows-x64_bin-sdk\javafx-sdk-22.0.1\bin\api-ms-win-core-console-l1-2-0.dll
0x000001c626d90000 - 0x000001c626d93000 	D:\Proyecto Terminal\openjfx-22.0.1_windows-x64_bin-sdk\javafx-sdk-22.0.1\bin\api-ms-win-core-datetime-l1-1-0.dll
0x000001c626da0000 - 0x000001c626da3000 	D:\Proyecto Terminal\openjfx-22.0.1_windows-x64_bin-sdk\javafx-sdk-22.0.1\bin\api-ms-win-core-debug-l1-1-0.dll
0x000001c626db0000 - 0x000001c626db3000 	D:\Proyecto Terminal\openjfx-22.0.1_windows-x64_bin-sdk\javafx-sdk-22.0.1\bin\api-ms-win-core-errorhandling-l1-1-0.dll
0x000001c628d20000 - 0x000001c628d24000 	D:\Proyecto Terminal\openjfx-22.0.1_windows-x64_bin-sdk\javafx-sdk-22.0.1\bin\api-ms-win-core-file-l1-1-0.dll
0x000001c628d30000 - 0x000001c628d33000 	D:\Proyecto Terminal\openjfx-22.0.1_windows-x64_bin-sdk\javafx-sdk-22.0.1\bin\api-ms-win-core-file-l1-2-0.dll
0x000001c628d40000 - 0x000001c628d43000 	D:\Proyecto Terminal\openjfx-22.0.1_windows-x64_bin-sdk\javafx-sdk-22.0.1\bin\api-ms-win-core-file-l2-1-0.dll
0x000001c628d50000 - 0x000001c628d53000 	D:\Proyecto Terminal\openjfx-22.0.1_windows-x64_bin-sdk\javafx-sdk-22.0.1\bin\api-ms-win-core-handle-l1-1-0.dll
0x000001c628d60000 - 0x000001c628d63000 	D:\Proyecto Terminal\openjfx-22.0.1_windows-x64_bin-sdk\javafx-sdk-22.0.1\bin\api-ms-win-core-heap-l1-1-0.dll
0x000001c646f40000 - 0x000001c646f43000 	D:\Proyecto Terminal\openjfx-22.0.1_windows-x64_bin-sdk\javafx-sdk-22.0.1\bin\api-ms-win-core-interlocked-l1-1-0.dll
0x000001c646df0000 - 0x000001c646df3000 	D:\Proyecto Terminal\openjfx-22.0.1_windows-x64_bin-sdk\javafx-sdk-22.0.1\bin\api-ms-win-core-libraryloader-l1-1-0.dll
0x000001c646e00000 - 0x000001c646e03000 	D:\Proyecto Terminal\openjfx-22.0.1_windows-x64_bin-sdk\javafx-sdk-22.0.1\bin\api-ms-win-core-localization-l1-2-0.dll
0x000001c646e10000 - 0x000001c646e13000 	D:\Proyecto Terminal\openjfx-22.0.1_windows-x64_bin-sdk\javafx-sdk-22.0.1\bin\api-ms-win-core-memory-l1-1-0.dll
0x000001c646e20000 - 0x000001c646e23000 	D:\Proyecto Terminal\openjfx-22.0.1_windows-x64_bin-sdk\javafx-sdk-22.0.1\bin\api-ms-win-core-namedpipe-l1-1-0.dll
0x000001c646e30000 - 0x000001c646e33000 	D:\Proyecto Terminal\openjfx-22.0.1_windows-x64_bin-sdk\javafx-sdk-22.0.1\bin\api-ms-win-core-processenvironment-l1-1-0.dll
0x000001c646e40000 - 0x000001c646e43000 	D:\Proyecto Terminal\openjfx-22.0.1_windows-x64_bin-sdk\javafx-sdk-22.0.1\bin\api-ms-win-core-processthreads-l1-1-0.dll
0x000001c646e50000 - 0x000001c646e53000 	D:\Proyecto Terminal\openjfx-22.0.1_windows-x64_bin-sdk\javafx-sdk-22.0.1\bin\api-ms-win-core-processthreads-l1-1-1.dll
0x000001c646e60000 - 0x000001c646e63000 	D:\Proyecto Terminal\openjfx-22.0.1_windows-x64_bin-sdk\javafx-sdk-22.0.1\bin\api-ms-win-core-profile-l1-1-0.dll
0x000001c646e70000 - 0x000001c646e73000 	D:\Proyecto Terminal\openjfx-22.0.1_windows-x64_bin-sdk\javafx-sdk-22.0.1\bin\api-ms-win-core-rtlsupport-l1-1-0.dll
0x000001c646e80000 - 0x000001c646e83000 	D:\Proyecto Terminal\openjfx-22.0.1_windows-x64_bin-sdk\javafx-sdk-22.0.1\bin\api-ms-win-core-string-l1-1-0.dll
0x000001c646e90000 - 0x000001c646e93000 	D:\Proyecto Terminal\openjfx-22.0.1_windows-x64_bin-sdk\javafx-sdk-22.0.1\bin\api-ms-win-core-synch-l1-1-0.dll
0x000001c646ea0000 - 0x000001c646ea3000 	D:\Proyecto Terminal\openjfx-22.0.1_windows-x64_bin-sdk\javafx-sdk-22.0.1\bin\api-ms-win-core-synch-l1-2-0.dll
0x000001c646eb0000 - 0x000001c646eb3000 	D:\Proyecto Terminal\openjfx-22.0.1_windows-x64_bin-sdk\javafx-sdk-22.0.1\bin\api-ms-win-core-sysinfo-l1-1-0.dll
0x000001c646ec0000 - 0x000001c646ec3000 	D:\Proyecto Terminal\openjfx-22.0.1_windows-x64_bin-sdk\javafx-sdk-22.0.1\bin\api-ms-win-core-timezone-l1-1-0.dll
0x000001c646ed0000 - 0x000001c646ed3000 	D:\Proyecto Terminal\openjfx-22.0.1_windows-x64_bin-sdk\javafx-sdk-22.0.1\bin\api-ms-win-core-util-l1-1-0.dll
0x000001c646ee0000 - 0x000001c646ee3000 	D:\Proyecto Terminal\openjfx-22.0.1_windows-x64_bin-sdk\javafx-sdk-22.0.1\bin\api-ms-win-crt-conio-l1-1-0.dll
0x000001c646ef0000 - 0x000001c646ef4000 	D:\Proyecto Terminal\openjfx-22.0.1_windows-x64_bin-sdk\javafx-sdk-22.0.1\bin\api-ms-win-crt-convert-l1-1-0.dll
0x000001c646f00000 - 0x000001c646f03000 	D:\Proyecto Terminal\openjfx-22.0.1_windows-x64_bin-sdk\javafx-sdk-22.0.1\bin\api-ms-win-crt-environment-l1-1-0.dll
0x000001c646f10000 - 0x000001c646f13000 	D:\Proyecto Terminal\openjfx-22.0.1_windows-x64_bin-sdk\javafx-sdk-22.0.1\bin\api-ms-win-crt-filesystem-l1-1-0.dll
0x000001c646f20000 - 0x000001c646f23000 	D:\Proyecto Terminal\openjfx-22.0.1_windows-x64_bin-sdk\javafx-sdk-22.0.1\bin\api-ms-win-crt-heap-l1-1-0.dll
0x000001c646f30000 - 0x000001c646f33000 	D:\Proyecto Terminal\openjfx-22.0.1_windows-x64_bin-sdk\javafx-sdk-22.0.1\bin\api-ms-win-crt-locale-l1-1-0.dll
0x000001c646f50000 - 0x000001c646f55000 	D:\Proyecto Terminal\openjfx-22.0.1_windows-x64_bin-sdk\javafx-sdk-22.0.1\bin\api-ms-win-crt-math-l1-1-0.dll
0x000001c646f60000 - 0x000001c646f65000 	D:\Proyecto Terminal\openjfx-22.0.1_windows-x64_bin-sdk\javafx-sdk-22.0.1\bin\api-ms-win-crt-multibyte-l1-1-0.dll
0x000001c646f70000 - 0x000001c646f80000 	D:\Proyecto Terminal\openjfx-22.0.1_windows-x64_bin-sdk\javafx-sdk-22.0.1\bin\api-ms-win-crt-private-l1-1-0.dll
0x000001c646f80000 - 0x000001c646f83000 	D:\Proyecto Terminal\openjfx-22.0.1_windows-x64_bin-sdk\javafx-sdk-22.0.1\bin\api-ms-win-crt-process-l1-1-0.dll
0x000001c646f90000 - 0x000001c646f94000 	D:\Proyecto Terminal\openjfx-22.0.1_windows-x64_bin-sdk\javafx-sdk-22.0.1\bin\api-ms-win-crt-runtime-l1-1-0.dll
0x000001c646fa0000 - 0x000001c646fa4000 	D:\Proyecto Terminal\openjfx-22.0.1_windows-x64_bin-sdk\javafx-sdk-22.0.1\bin\api-ms-win-crt-stdio-l1-1-0.dll
0x000001c646fb0000 - 0x000001c646fb4000 	D:\Proyecto Terminal\openjfx-22.0.1_windows-x64_bin-sdk\javafx-sdk-22.0.1\bin\api-ms-win-crt-string-l1-1-0.dll
0x000001c646fc0000 - 0x000001c646fc3000 	D:\Proyecto Terminal\openjfx-22.0.1_windows-x64_bin-sdk\javafx-sdk-22.0.1\bin\api-ms-win-crt-time-l1-1-0.dll
0x000001c646fd0000 - 0x000001c646fd3000 	D:\Proyecto Terminal\openjfx-22.0.1_windows-x64_bin-sdk\javafx-sdk-22.0.1\bin\api-ms-win-crt-utility-l1-1-0.dll
0x00007ffe20670000 - 0x00007ffe2076c000 	D:\Proyecto Terminal\openjfx-22.0.1_windows-x64_bin-sdk\javafx-sdk-22.0.1\bin\ucrtbase.dll
0x00007ffe51d40000 - 0x00007ffe51d5b000 	D:\Proyecto Terminal\openjfx-22.0.1_windows-x64_bin-sdk\javafx-sdk-22.0.1\bin\vcruntime140.dll
0x00007ffe51ed0000 - 0x00007ffe51edc000 	D:\Proyecto Terminal\openjfx-22.0.1_windows-x64_bin-sdk\javafx-sdk-22.0.1\bin\vcruntime140_1.dll
0x00007ffe49a30000 - 0x00007ffe49abe000 	D:\Proyecto Terminal\openjfx-22.0.1_windows-x64_bin-sdk\javafx-sdk-22.0.1\bin\msvcp140.dll
0x00007ffe51d30000 - 0x00007ffe51d39000 	D:\Proyecto Terminal\openjfx-22.0.1_windows-x64_bin-sdk\javafx-sdk-22.0.1\bin\msvcp140_1.dll
0x00007ffe50f60000 - 0x00007ffe50fa1000 	D:\Proyecto Terminal\openjfx-22.0.1_windows-x64_bin-sdk\javafx-sdk-22.0.1\bin\msvcp140_2.dll
0x00007ffe4c6a0000 - 0x00007ffe4c6d0000 	D:\Proyecto Terminal\openjfx-22.0.1_windows-x64_bin-sdk\javafx-sdk-22.0.1\bin\prism_d3d.dll
0x00007ffe19d60000 - 0x00007ffe19f08000 	C:\Windows\system32\d3d9.dll
0x00007ffe5fbc0000 - 0x00007ffe5fbeb000 	C:\Windows\SYSTEM32\dwmapi.dll
0x00007ffe5fa60000 - 0x00007ffe5fa97000 	C:\Windows\SYSTEM32\dxcore.dll
0x00007ffe5f950000 - 0x00007ffe5fa01000 	C:\Windows\system32\uxtheme.dll
0x00007ffe57c10000 - 0x00007ffe57ded000 	C:\Windows\System32\DriverStore\FileRepository\u0355756.inf_amd64_5146fc3a012e7afa\B354291\aticfx64.dll
0x00007ffe19cf0000 - 0x00007ffe19d20000 	C:\Windows\System32\DriverStore\FileRepository\u0355756.inf_amd64_5146fc3a012e7afa\B354291\atiu9p64.dll
0x00007ffe19020000 - 0x00007ffe19ceb000 	C:\Windows\System32\DriverStore\FileRepository\u0355756.inf_amd64_5146fc3a012e7afa\B354291\atiumd64.dll
0x00007ffe64c80000 - 0x00007ffe64e25000 	C:\Windows\System32\ole32.dll
0x0000000074660000 - 0x00000000753e3000 	C:\Windows\System32\DriverStore\FileRepository\u0355756.inf_amd64_5146fc3a012e7afa\B354291\atiumd6a.dll
0x00007ffe59bb0000 - 0x00007ffe59bf9000 	C:\Windows\SYSTEM32\directxdatabasehelper.dll
0x00007ffe4a9b0000 - 0x00007ffe4a9f5000 	D:\Proyecto Terminal\openjfx-22.0.1_windows-x64_bin-sdk\javafx-sdk-22.0.1\bin\glass.dll
0x00007ffe652e0000 - 0x00007ffe653df000 	C:\Windows\System32\COMDLG32.dll
0x00007ffdfdf50000 - 0x00007ffdfdfae000 	C:\Program Files\Huawei\PCManager\plugins\PerfWndMonModule.dll
0x00007ffe63750000 - 0x00007ffe638b0000 	C:\Windows\System32\MSCTF.dll
0x00007ffe64b30000 - 0x00007ffe64be0000 	C:\Windows\System32\clbcatq.dll
0x00007ffe51a60000 - 0x00007ffe51bd9000 	C:\Windows\System32\Windows.UI.dll
0x00007ffe28950000 - 0x00007ffe28ac5000 	C:\Windows\System32\Windows.UI.Immersive.dll
0x00007ffe4eb50000 - 0x00007ffe4eb65000 	D:\Proyecto Terminal\openjfx-22.0.1_windows-x64_bin-sdk\javafx-sdk-22.0.1\bin\javafx_font.dll
0x00007ffe5f0c0000 - 0x00007ffe5f333000 	C:\Windows\SYSTEM32\dwrite.dll
0x00007ffe5f760000 - 0x00007ffe5f910000 	C:\Windows\SYSTEM32\WindowsCodecs.dll
0x00007ffe4e5f0000 - 0x00007ffe4e64e000 	C:\Windows\system32\dataexchange.dll
0x00007ffe58420000 - 0x00007ffe586c4000 	C:\Windows\system32\twinapi.appcore.dll
0x00007ffe49990000 - 0x00007ffe499c2000 	C:\Program Files\Common Files\Microsoft Shared\Ink\rtscom.dll
0x00007ffe52fa0000 - 0x00007ffe530e5000 	C:\Windows\SYSTEM32\textinputframework.dll
0x00007ffe5b0d0000 - 0x00007ffe5b203000 	C:\Windows\SYSTEM32\CoreMessaging.dll
0x00007ffe59570000 - 0x00007ffe598dd000 	C:\Windows\SYSTEM32\CoreUIComponents.dll
0x00007ffe62400000 - 0x00007ffe6240c000 	C:\Windows\SYSTEM32\CRYPTBASE.DLL
0x00007ffe48980000 - 0x00007ffe489ad000 	D:\Proyecto Terminal\openjfx-22.0.1_windows-x64_bin-sdk\javafx-sdk-22.0.1\bin\javafx_iio.dll
0x00007ffe5ead0000 - 0x00007ffe5f0be000 	C:\Windows\SYSTEM32\d2d1.dll

dbghelp: loaded successfully - version: 4.0.5 - missing functions: none
symbol engine: initialized successfully - sym options: 0x614 - pdb path: .;C:\Users\diego\.jdks\corretto-17.0.13\bin;C:\Windows\SYSTEM32;C:\Windows\WinSxS\amd64_microsoft.windows.common-controls_6595b64144ccf1df_6.0.22621.4391_none_2715d37f73803e96;C:\Users\diego\.jdks\corretto-17.0.13\bin\server;D:\Proyecto Terminal\openjfx-22.0.1_windows-x64_bin-sdk\javafx-sdk-22.0.1\bin;C:\Windows\System32\DriverStore\FileRepository\u0355756.inf_amd64_5146fc3a012e7afa\B354291;C:\Program Files\Huawei\PCManager\plugins;C:\Program Files\Common Files\Microsoft Shared\Ink

VM Arguments:
jvm_args: -agentlib:jdwp=transport=dt_socket,address=127.0.0.1:51789,suspend=y,server=n --module-path=D:\Proyecto Terminal\openjfx-22.0.1_windows-x64_bin-sdk\javafx-sdk-22.0.1\lib --add-modules=javafx.controls,javafx.fxml -javaagent:C:\Users\diego\AppData\Local\JetBrains\IntelliJIdea2024.1\captureAgent\debugger-agent.jar -Dfile.encoding=UTF-8 
java_command: optiuam.bc.controller.OptiUAM24
java_class_path (initial): D:\Proyecto Terminal\Código\OptiUAM24\OptiUAM\out\production\OptiUAM;D:\Proyecto Terminal\Código\OptiUAM24\OptiUAM\Librerias\jcommon-1.0.23.jar;D:\Proyecto Terminal\Código\OptiUAM24\OptiUAM\Librerias\jfreechart-1.0.19.jar;D:\Proyecto Terminal\openjfx-22.0.1_windows-x64_bin-sdk\javafx-sdk-22.0.1\lib\javafx-swt.jar;D:\Proyecto Terminal\openjfx-22.0.1_windows-x64_bin-sdk\javafx-sdk-22.0.1\lib\javafx.base.jar;D:\Proyecto Terminal\openjfx-22.0.1_windows-x64_bin-sdk\javafx-sdk-22.0.1\lib\javafx.controls.jar;D:\Proyecto Terminal\openjfx-22.0.1_windows-x64_bin-sdk\javafx-sdk-22.0.1\lib\javafx.fxml.jar;D:\Proyecto Terminal\openjfx-22.0.1_windows-x64_bin-sdk\javafx-sdk-22.0.1\lib\javafx.graphics.jar;D:\Proyecto Terminal\openjfx-22.0.1_windows-x64_bin-sdk\javafx-sdk-22.0.1\lib\javafx.media.jar;D:\Proyecto Terminal\openjfx-22.0.1_windows-x64_bin-sdk\javafx-sdk-22.0.1\lib\javafx.swing.jar;D:\Proyecto Terminal\openjfx-22.0.1_windows-x64_bin-sdk\javafx-sdk-22.0.1\lib\javafx.web.jar;D:\Proyecto Terminal\openjfx-22.0.1_windows-x64_bin-sdk.zip;D:\Proyecto Terminal\commons-math3-3.6.1\commons-math3-3.6.1-tests.jar;D:\Proyecto Terminal\commons-math3-3.6.1\commons-math3-3.6.1-tools.jar;D:\Proyecto Terminal\commons-math3-3.6.1\commons-math3-3.6.1.jar;C:\Program Files\JetBrains\IntelliJ IDEA 2024.1.3\lib\idea_rt.jar
Launcher Type: SUN_STANDARD

[Global flags]
     intx CICompilerCount                          = 4                                         {product} {ergonomic}
     uint ConcGCThreads                            = 2                                         {product} {ergonomic}
     uint G1ConcRefinementThreads                  = 8                                         {product} {ergonomic}
   size_t G1HeapRegionSize                         = 1048576                                   {product} {ergonomic}
    uintx GCDrainStackTargetSize                   = 64                                        {product} {ergonomic}
   size_t InitialHeapSize                          = 117440512                                 {product} {ergonomic}
   size_t MarkStackSize                            = 4194304                                   {product} {ergonomic}
   size_t MaxHeapSize                              = 1862270976                                {product} {ergonomic}
   size_t MaxNewSize                               = 1116733440                                {product} {ergonomic}
   size_t MinHeapDeltaBytes                        = 1048576                                   {product} {ergonomic}
   size_t MinHeapSize                              = 8388608                                   {product} {ergonomic}
    uintx NonNMethodCodeHeapSize                   = 5839372                                {pd product} {ergonomic}
    uintx NonProfiledCodeHeapSize                  = 122909434                              {pd product} {ergonomic}
    uintx ProfiledCodeHeapSize                     = 122909434                              {pd product} {ergonomic}
    uintx ReservedCodeCacheSize                    = 251658240                              {pd product} {ergonomic}
     bool SegmentedCodeCache                       = true                                      {product} {ergonomic}
   size_t SoftMaxHeapSize                          = 1862270976                             {manageable} {ergonomic}
     bool UseCompressedClassPointers               = true                           {product lp64_product} {ergonomic}
     bool UseCompressedOops                        = true                           {product lp64_product} {ergonomic}
     bool UseG1GC                                  = true                                      {product} {ergonomic}
     bool UseLargePagesIndividualAllocation        = false                                  {pd product} {ergonomic}

Logging:
Log output configuration:
 #0: stdout all=off uptime,level,tags
 #1: stderr all=off uptime,level,tags

Environment Variables:
PATH=C:\Program Files\Common Files\Oracle\Java\javapath;C:\Users\diego\Desktop\oracle\bin;C:\Windows\system32;C:\Windows;C:\Windows\System32\Wbem;C:\Windows\System32\WindowsPowerShell\v1.0\;C:\Windows\System32\OpenSSH\;C:\Program Files\Git\cmd;C:\Strawberry\c\bin;C:\Strawberry\perl\site\bin;C:\Strawberry\perl\bin;C:\Users\diego\AppData\Local\Programs\Python\Launcher\;C:\Users\diego\AppData\Local\Microsoft\WindowsApps;C:\Program Files\JetBrains\IntelliJ IDEA 2024.1.3\bin;;C:\Users\diego\AppData\Local\GitHubDesktop\bin;C:\Program Files\JetBrains\PyCharm 2024.1.4\bin;;C:\Users\diego\AppData\Local\Programs\Microsoft VS Code\bin;C:\Users\diego\AppData\Local\Programs\MiKTeX\miktex\bin\x64\
USERNAME=diego
OS=Windows_NT
PROCESSOR_IDENTIFIER=AMD64 Family 23 Model 24 Stepping 1, AuthenticAMD
TMP=C:\Users\diego\AppData\Local\Temp
TEMP=C:\Users\diego\AppData\Local\Temp



Periodic native trim disabled


---------------  S Y S T E M  ---------------

OS:
 Windows 11 , 64 bit Build 22621 (10.0.22621.4391)
OS uptime: 1 days 3:33 hours

CPU: total 8 (initial active 8) (8 cores per cpu, 2 threads per core) family 23 model 24 stepping 1 microcode 0x0, cx8, cmov, fxsr, ht, mmx, 3dnowpref, sse, sse2, sse3, ssse3, sse4a, sse4.1, sse4.2, popcnt, lzcnt, tsc, tscinvbit, avx, avx2, aes, clmul, bmi1, bmi2, adx, sha, fma, vzeroupper, clflush, clflushopt
Processor Information for all 8 processors :
  Max Mhz: 2100, Current Mhz: 2100, Mhz Limit: 2100

Memory: 4k page, system-wide physical 7103M (736M free)
TotalPageFile size 15807M (AvailPageFile size 5339M)
current process WorkingSet (physical memory assigned to process): 283M, peak: 347M
current process commit charge ("private bytes"): 402M, peak: 462M

vm_info: OpenJDK 64-Bit Server VM (17.0.13+11-LTS) for windows-amd64 JRE (17.0.13+11-LTS), built on Oct 10 2024 19:51:30 by "Administrator" with MS VC++ 16.10 / 16.11 (VS2019)

END.
