#
# A fatal error has been detected by the Java Runtime Environment:
#
#  EXCEPTION_ACCESS_VIOLATION (0xc0000005) at pc=0x00007ffe7c6c82d7, pid=3828, tid=14148
#
# JRE version: OpenJDK Runtime Environment Corretto-17.0.13.11.1 (17.0.13+11) (build 17.0.13+11-LTS)
# Java VM: OpenJDK 64-Bit Server VM Corretto-17.0.13.11.1 (17.0.13+11-LTS, mixed mode, sharing, tiered, compressed oops, compressed class ptrs, g1 gc, windows-amd64)
# Problematic frame:
# C  [glass.dll+0x282d7]
#
# No core dump will be written. Minidumps are not enabled by default on client versions of Windows
#
# If you would like to submit a bug report, please visit:
#   https://github.com/corretto/corretto-17/issues/
#

---------------  S U M M A R Y ------------

Command Line: -agentlib:jdwp=transport=dt_socket,address=127.0.0.1:2572,suspend=y,server=n --module-path=D:\Proyecto Terminal\openjfx-22.0.1_windows-x64_bin-sdk\javafx-sdk-22.0.1\lib --add-modules=javafx.controls,javafx.fxml -javaagent:C:\Users\diego\AppData\Local\JetBrains\IntelliJIdea2024.1\captureAgent\debugger-agent.jar -Dfile.encoding=UTF-8 optiuam.bc.controller.OptiUAM24

Host: AMD Ryzen 5 3500U with Radeon Vega Mobile Gfx  , 8 cores, 6G,  Windows 11 , 64 bit Build 26100 (10.0.26100.2454)
Time: Wed Dec 11 14:30:49 2024 Hora est嫕dar central (M憖ico) elapsed time: 693.630232 seconds (0d 0h 11m 33s)

---------------  T H R E A D  ---------------

Current thread (0x00000221d25fb6f0):  VMThread "VM Thread" [stack: 0x0000005902a00000,0x0000005902b00000] [id=14148]

Stack: [0x0000005902a00000,0x0000005902b00000],  sp=0x0000005902afeb70,  free space=1018k
Native frames: (J=compiled Java code, j=interpreted, Vv=VM code, C=native code)
C  [glass.dll+0x282d7]


siginfo: EXCEPTION_ACCESS_VIOLATION (0xc0000005), reading address 0x0000000000000000


Registers:
RAX=0x0000000000000000, RBX=0x0000022218f9f988, RCX=0x00000221d25fb6f0, RDX=0x0000005902afeb70
RSP=0x0000005902afeb70, RBP=0x000021eb2167b181, RSI=0x0000022218540108, RDI=0x00000222185400e0
R8 =0x0000000000010002, R9 =0x000021eb2167b181, R10=0x00000221b2800000, R11=0x0000005902afea20
R12=0x0000000000000001, R13=0x000000007ffe0385, R14=0x0000005902afec78, R15=0x00000222185400e0
RIP=0x00007ffe7c6c82d7, EFLAGS=0x0000000000010202


Register to memory mapping:

RIP=0x00007ffe7c6c82d7 glass.dll
RAX=0x0 is NULL
RBX=0x0000022218f9f988 is a global jni handle
RCX=0x00000221d25fb6f0 points into unknown readable memory: 0x00007ffe79462cc8 | c8 2c 46 79 fe 7f 00 00
RDX=0x0000005902afeb70 points into unknown readable memory: 0x0000000000000000 | 00 00 00 00 00 00 00 00
RSP=0x0000005902afeb70 points into unknown readable memory: 0x0000000000000000 | 00 00 00 00 00 00 00 00
RBP=0x000021eb2167b181 is an unknown value
RSI=0x0000022218540108 points into unknown readable memory: 0x000021eb2167b181 | 81 b1 67 21 eb 21 00 00
RDI=0x00000222185400e0 points into unknown readable memory: 0x0000de17d9bf1c71 | 71 1c bf d9 17 de 00 00
R8 =0x0000000000010002 is an unknown value
R9 =0x000021eb2167b181 is an unknown value
R10=0x00000221b2800000 points into unknown readable memory: 0x0000000000000000 | 00 00 00 00 00 00 00 00
R11=0x0000005902afea20 points into unknown readable memory: 0x0000000000000000 | 00 00 00 00 00 00 00 00
R12=0x0000000000000001 is an unknown value
R13=0x000000007ffe0385 points into unknown readable memory: 00 00 00
R14=0x0000005902afec78 points into unknown readable memory: 0x0000005902afec60 | 60 ec af 02 59 00 00 00
R15=0x00000222185400e0 points into unknown readable memory: 0x0000de17d9bf1c71 | 71 1c bf d9 17 de 00 00


Top of Stack: (sp=0x0000005902afeb70)
0x0000005902afeb70:   0000000000000000 0000022200000000
0x0000005902afeb80:   0000022218519390 0000000000000001
0x0000005902afeb90:   00000222185400e8 00007ffee002cf05
0x0000005902afeba0:   00000222185400e0 0000022200000000
0x0000005902afebb0:   0000022218540100 000021eb2167b181
0x0000005902afebc0:   fffffffffffffffe 0000000000000001
0x0000005902afebd0:   00007ffe7c6a0000 00007ffe7c6a0000
0x0000005902afebe0:   0000005902afec68 00007ffee002ce27
0x0000005902afebf0:   0000005902afec00 0000005902afec78
0x0000005902afec00:   0000005902aff1a0 00007ffee01488c0
0x0000005902afec10:   0000000000000001 00007ffee002cddd
0x0000005902afec20:   0000000000000000 0000000000000001
0x0000005902afec30:   0000000000000001 0000005902afec68
0x0000005902afec40:   fffffffffffffffe 000000007ffe0384
0x0000005902afec50:   0000000000000001 00007ffe7c6c5a6d
0x0000005902afec60:   00007ffe7c6dd078 00007ffe00000002
0x0000005902afec70:   0000000000000002 0000005902afec60
0x0000005902afec80:   0000000000000000 0000000000000000
0x0000005902afec90:   0000000000000000 00007ffe7c6c5b92
0x0000005902afeca0:   0000000000000001 0000005902aff100
0x0000005902afecb0:   0000000000000001 0000000000000001
0x0000005902afecc0:   0000000000000001 00007ffedee3277e
0x0000005902afecd0:   0000000000000001 000000000000008d
0x0000005902afece0:   0000000000000000 0000000000000001
0x0000005902afecf0:   00007ffe7c6c5be0 00007ffee247d860
0x0000005902afed00:   00007ffe7c6a0000 00007ffe00000000
0x0000005902afed10:   0000000000000001 000000007ffe0384
0x0000005902afed20:   000000000000005e 0000000000000000
0x0000005902afed30:   0000000000000000 0000000000000000
0x0000005902afed40:   00007ffe7c6a0000 fffffc4e00000000
0x0000005902afed50:   000000000000008b 0000000000000000
0x0000005902afed60:   0000000000000000 00000221b2b86550 

Instructions: (pc=0x00007ffe7c6c82d7)
0x00007ffe7c6c81d7:   8b 4d 58 e8 49 cf ff ff 48 8b 4d 60 e8 40 cf ff
0x00007ffe7c6c81e7:   ff 48 8b 95 80 00 00 00 48 8b 8d 18 01 00 00 e8
0x00007ffe7c6c81f7:   26 c5 ff ff 33 d2 33 c9 e8 8c e1 ff ff 90 48 89
0x00007ffe7c6c8207:   54 24 10 55 48 83 ec 20 48 8b ea 48 b8 00 00 00
0x00007ffe7c6c8217:   00 00 00 00 00 48 83 c4 20 5d c3 cc 40 55 48 8b
0x00007ffe7c6c8227:   ea 48 8b 01 33 c9 81 38 05 00 00 c0 0f 94 c1 8b
0x00007ffe7c6c8237:   c1 5d c3 cc 40 55 48 83 ec 20 48 8b ea 8a 4d 40
0x00007ffe7c6c8247:   48 83 c4 20 5d e9 33 d3 ff ff cc 40 55 48 83 ec
0x00007ffe7c6c8257:   20 48 8b ea 8a 4d 20 e8 21 d3 ff ff 90 48 83 c4
0x00007ffe7c6c8267:   20 5d c3 cc 40 55 48 83 ec 20 48 8b ea 48 83 c4
0x00007ffe7c6c8277:   20 5d e9 82 d1 ff ff cc 40 55 48 83 ec 30 48 8b
0x00007ffe7c6c8287:   ea 48 8b 01 8b 10 48 89 4c 24 28 89 54 24 20 4c
0x00007ffe7c6c8297:   8d 0d 23 d6 ff ff 4c 8b 45 70 8b 55 68 48 8b 4d
0x00007ffe7c6c82a7:   60 e8 c3 d0 ff ff 90 48 83 c4 30 5d c3 cc cc cc
0x00007ffe7c6c82b7:   cc cc cc cc cc cc cc cc cc 40 53 48 83 ec 20 48
0x00007ffe7c6c82c7:   8b 1d 6b 47 01 00 48 85 db 74 16 e8 39 90 ff ff
0x00007ffe7c6c82d7:   4c 8b 00 48 8b d3 48 8b c8 41 ff 90 b0 00 00 00
0x00007ffe7c6c82e7:   90 48 83 c4 20 5b c3 cc cc 40 53 48 83 ec 20 48
0x00007ffe7c6c82f7:   8b 1d ab 48 01 00 48 85 db 74 57 b8 ff ff ff ff
0x00007ffe7c6c8307:   f0 0f c1 43 10 83 f8 01 75 3d 48 85 db 74 38 48
0x00007ffe7c6c8317:   8b 0b 48 85 c9 74 0d ff 15 8c 0f 00 00 48 c7 03
0x00007ffe7c6c8327:   00 00 00 00 48 8b 4b 08 48 85 c9 74 0d e8 ef cd
0x00007ffe7c6c8337:   ff ff 48 c7 43 08 00 00 00 00 ba 18 00 00 00 48
0x00007ffe7c6c8347:   8b cb e8 da cd ff ff 48 c7 05 4f 48 01 00 00 00
0x00007ffe7c6c8357:   00 00 48 83 c4 20 5b c3 cc 40 53 48 83 ec 20 48
0x00007ffe7c6c8367:   8b 1d 1b 48 01 00 48 85 db 74 57 b8 ff ff ff ff
0x00007ffe7c6c8377:   f0 0f c1 43 10 83 f8 01 75 3d 48 85 db 74 38 48
0x00007ffe7c6c8387:   8b 0b 48 85 c9 74 0d ff 15 1c 0f 00 00 48 c7 03
0x00007ffe7c6c8397:   00 00 00 00 48 8b 4b 08 48 85 c9 74 0d e8 7f cd
0x00007ffe7c6c83a7:   ff ff 48 c7 43 08 00 00 00 00 ba 18 00 00 00 48
0x00007ffe7c6c83b7:   8b cb e8 6a cd ff ff 48 c7 05 bf 47 01 00 00 00
0x00007ffe7c6c83c7:   00 00 48 83 c4 20 5b c3 cc 40 53 48 83 ec 20 48 


Stack slot to memory mapping:
stack at sp + 0 slots: 0x0 is NULL
stack at sp + 1 slots: 0x0000022200000000 is an unknown value
stack at sp + 2 slots: 0x0000022218519390 points into unknown readable memory: 0x0000022218519240 | 40 92 51 18 22 02 00 00
stack at sp + 3 slots: 0x0000000000000001 is an unknown value
stack at sp + 4 slots: 0x00000222185400e8 points into unknown readable memory: 0x000021eb2167b181 | 81 b1 67 21 eb 21 00 00
stack at sp + 5 slots: 0x00007ffee002cf05 ucrtbase.dll
stack at sp + 6 slots: 0x00000222185400e0 points into unknown readable memory: 0x0000de17d9bf1c71 | 71 1c bf d9 17 de 00 00
stack at sp + 7 slots: 0x0000022200000000 is an unknown value

VM_Operation (0x00000059037ff420): Exit, mode: safepoint, requested by thread 0x000002221a70c770


---------------  P R O C E S S  ---------------

Threads class SMR info:
_java_thread_list=0x00000222259a9c70, length=21, elements={
0x00000221b4b77f10, 0x00000221d2600c30, 0x00000221d2603800, 0x00000221d2611ed0,
0x00000221d26148b0, 0x00000221d2615180, 0x00000221d2615a50, 0x00000221d261ab60,
0x00000221d2625490, 0x00000221d2625da0, 0x00000221d2824b10, 0x00000221d2a21d50,
0x000002221916d520, 0x0000022218809540, 0x0000022218809a50, 0x0000022218809f60,
0x000002221880b8b0, 0x000002221880ae90, 0x0000022218808100, 0x0000022218808b20,
0x000002221a70c770
}

Java Threads: ( => current thread )
  0x00000221b4b77f10 JavaThread "main" [_thread_blocked, id=14672, stack(0x0000005902400000,0x0000005902500000)]
  0x00000221d2600c30 JavaThread "Reference Handler" daemon [_thread_blocked, id=2204, stack(0x0000005902b00000,0x0000005902c00000)]
  0x00000221d2603800 JavaThread "Finalizer" daemon [_thread_blocked, id=144, stack(0x0000005902c00000,0x0000005902d00000)]
  0x00000221d2611ed0 JavaThread "Signal Dispatcher" daemon [_thread_blocked, id=15944, stack(0x0000005902d00000,0x0000005902e00000)]
  0x00000221d26148b0 JavaThread "Attach Listener" daemon [_thread_blocked, id=7720, stack(0x0000005902e00000,0x0000005902f00000)]
  0x00000221d2615180 JavaThread "Service Thread" daemon [_thread_blocked, id=4972, stack(0x0000005902f00000,0x0000005903000000)]
  0x00000221d2615a50 JavaThread "Monitor Deflation Thread" daemon [_thread_blocked, id=3640, stack(0x0000005903000000,0x0000005903100000)]
  0x00000221d261ab60 JavaThread "C2 CompilerThread0" daemon [_thread_blocked, id=6848, stack(0x0000005903100000,0x0000005903200000)]
  0x00000221d2625490 JavaThread "C1 CompilerThread0" daemon [_thread_blocked, id=2548, stack(0x0000005903200000,0x0000005903300000)]
  0x00000221d2625da0 JavaThread "Sweeper thread" daemon [_thread_blocked, id=7152, stack(0x0000005903300000,0x0000005903400000)]
  0x00000221d2824b10 JavaThread "Common-Cleaner" daemon [_thread_blocked, id=3768, stack(0x0000005903400000,0x0000005903500000)]
  0x00000221d2a21d50 JavaThread "JDWP Event Helper Thread" daemon [_thread_blocked, id=2764, stack(0x0000005903800000,0x0000005903900000)]
  0x000002221916d520 JavaThread "Notification Thread" daemon [_thread_blocked, id=10392, stack(0x0000005903600000,0x0000005903700000)]
  0x0000022218809540 JavaThread "QuantumRenderer-0" daemon [_thread_blocked, id=2912, stack(0x0000005903500000,0x0000005903600000)]
  0x0000022218809a50 JavaThread "InvokeLaterDispatcher" daemon [_thread_blocked, id=15916, stack(0x0000005903d00000,0x0000005903e00000)]
  0x0000022218809f60 JavaThread "JavaFX Application Thread" [_thread_in_vm, id=13048, stack(0x0000005903e00000,0x0000005903f00000)]
  0x000002221880b8b0 JavaThread "JavaFX-Launcher" [_thread_blocked, id=7912, stack(0x0000005904600000,0x0000005904700000)]
  0x000002221880ae90 JavaThread "Thread-2" daemon [_thread_in_native, id=3788, stack(0x0000005904500000,0x0000005904600000)]
  0x0000022218808100 JavaThread "Prism Font Disposer" daemon [_thread_blocked, id=9648, stack(0x0000005905000000,0x0000005905100000)]
  0x0000022218808b20 JavaThread "Cleaner-0" daemon [_thread_blocked, id=13372, stack(0x0000005905200000,0x0000005905300000)]
  0x000002221a70c770 JavaThread "SIGINT handler" daemon [_thread_blocked, id=14560, stack(0x0000005903700000,0x0000005903800000)]

Other Threads:
=>0x00000221d25fb6f0 VMThread "VM Thread" [stack: 0x0000005902a00000,0x0000005902b00000] [id=14148]
  0x00000221b4bcc2f0 GCTaskThread "GC Thread#0" [stack: 0x0000005902500000,0x0000005902600000] [id=12532]
  0x0000022218f162c0 GCTaskThread "GC Thread#1" [stack: 0x0000005904700000,0x0000005904800000] [id=11656]
  0x0000022218f16580 GCTaskThread "GC Thread#2" [stack: 0x0000005904800000,0x0000005904900000] [id=568]
  0x0000022218f16840 GCTaskThread "GC Thread#3" [stack: 0x0000005904900000,0x0000005904a00000] [id=4352]
  0x0000022218f07de0 GCTaskThread "GC Thread#4" [stack: 0x0000005904a00000,0x0000005904b00000] [id=8920]
  0x0000022218f0a0b0 GCTaskThread "GC Thread#5" [stack: 0x0000005904b00000,0x0000005904c00000] [id=11796]
  0x0000022218f35170 GCTaskThread "GC Thread#6" [stack: 0x0000005904c00000,0x0000005904d00000] [id=6436]
  0x0000022218f35430 GCTaskThread "GC Thread#7" [stack: 0x0000005904d00000,0x0000005904e00000] [id=9716]
  0x00000221b4bddd30 ConcurrentGCThread "G1 Main Marker" terminated
  0x00000221b4bdfda0 ConcurrentGCThread "G1 Conc#0" [stack: 0x0000005902700000,0x0000005902800000] [id=12764]
  0x0000022222de62a0 ConcurrentGCThread "G1 Conc#1" [stack: 0x0000005904e00000,0x0000005904f00000] [id=10032]
  0x00000221b4c262d0 ConcurrentGCThread "G1 Refine#0" terminated
  0x00000221b4c26ba0 ConcurrentGCThread "G1 Service" terminated

Threads with active compile tasks:
C2 CompilerThread0  
[error occurred during error reporting (printing all threads), id 0xc0000005, EXCEPTION_ACCESS_VIOLATION (0xc0000005) at pc=0x00007ffe792665b3]

VM state: at safepoint (shutting down)

VM Mutex/Monitor currently owned by a thread:  ([mutex/lock_event])
[0x00000221b29c9d00] Threads_lock - owner thread: 0x00000221d25fb6f0
[0x00000221b4b63f00] Heap_lock - owner thread: 0x000002221a70c770

Heap address: 0x0000000091000000, size: 1776 MB, Compressed Oops mode: 32-bit

CDS archive(s) mapped at: [0x00000221d3000000-0x00000221d3bb0000-0x00000221d3bb0000), size 12255232, SharedBaseAddress: 0x00000221d3000000, ArchiveRelocationMode: 1.
Compressed class space mapped at: 0x00000221d4000000-0x0000022214000000, reserved size: 1073741824
Narrow klass base: 0x00000221d3000000, Narrow klass shift: 0, Narrow klass range: 0x100000000

GC Precious Log:
 CPUs: 8 total, 8 available
 Memory: 7103M
 Large Page Support: Disabled
 NUMA Support: Disabled
 Compressed Oops: Enabled (32-bit)
 Heap Region Size: 1M
 Heap Min Capacity: 8M
 Heap Initial Capacity: 112M
 Heap Max Capacity: 1776M
 Pre-touch: Disabled
 Parallel Workers: 8
 Concurrent Workers: 2
 Concurrent Refinement Workers: 8
 Periodic GC: Disabled

Heap:
 garbage-first heap   total 109568K, used 72331K [0x0000000091000000, 0x0000000100000000)
  region size 1024K, 26 young (26624K), 1 survivors (1024K)
 Metaspace       used 23026K, committed 23360K, reserved 1114112K
  class space    used 3212K, committed 3392K, reserved 1048576K

Heap Regions: E=young(eden), S=young(survivor), O=old, HS=humongous(starts), HC=humongous(continues), CS=collection set, F=free, OA=open archive, CA=closed archive, TAMS=top-at-mark-start (previous, next)
|   0|0x0000000091000000, 0x0000000091100000, 0x0000000091100000|100%| O|  |TAMS 0x0000000091100000, 0x0000000091000000| Untracked 
|   1|0x0000000091100000, 0x0000000091200000, 0x0000000091200000|100%|HS|  |TAMS 0x0000000091100000, 0x0000000091100000| Complete 
|   2|0x0000000091200000, 0x0000000091300000, 0x0000000091300000|100%| O|  |TAMS 0x0000000091200000, 0x0000000091200000| Untracked 
|   3|0x0000000091300000, 0x0000000091400000, 0x0000000091400000|100%|HS|  |TAMS 0x0000000091400000, 0x0000000091300000| Complete 
|   4|0x0000000091400000, 0x0000000091500000, 0x0000000091500000|100%| O|  |TAMS 0x0000000091430600, 0x0000000091400000| Untracked 
|   5|0x0000000091500000, 0x0000000091600000, 0x0000000091600000|100%|HS|  |TAMS 0x0000000091600000, 0x0000000091500000| Complete 
|   6|0x0000000091600000, 0x0000000091700000, 0x0000000091700000|100%|HC|  |TAMS 0x0000000091700000, 0x0000000091600000| Complete 
|   7|0x0000000091700000, 0x0000000091800000, 0x0000000091800000|100%|HC|  |TAMS 0x0000000091800000, 0x0000000091700000| Complete 
|   8|0x0000000091800000, 0x0000000091900000, 0x0000000091900000|100%|HC|  |TAMS 0x0000000091900000, 0x0000000091800000| Complete 
|   9|0x0000000091900000, 0x0000000091a00000, 0x0000000091a00000|100%|HC|  |TAMS 0x0000000091a00000, 0x0000000091900000| Complete 
|  10|0x0000000091a00000, 0x0000000091b00000, 0x0000000091b00000|100%|HC|  |TAMS 0x0000000091b00000, 0x0000000091a00000| Complete 
|  11|0x0000000091b00000, 0x0000000091c00000, 0x0000000091c00000|100%|HC|  |TAMS 0x0000000091c00000, 0x0000000091b00000| Complete 
|  12|0x0000000091c00000, 0x0000000091d00000, 0x0000000091d00000|100%|HC|  |TAMS 0x0000000091d00000, 0x0000000091c00000| Complete 
|  13|0x0000000091d00000, 0x0000000091e00000, 0x0000000091e00000|100%|HC|  |TAMS 0x0000000091e00000, 0x0000000091d00000| Complete 
|  14|0x0000000091e00000, 0x0000000091f00000, 0x0000000091f00000|100%|HC|  |TAMS 0x0000000091f00000, 0x0000000091e00000| Complete 
|  15|0x0000000091f00000, 0x0000000092000000, 0x0000000092000000|100%|HC|  |TAMS 0x0000000092000000, 0x0000000091f00000| Complete 
|  16|0x0000000092000000, 0x0000000092100000, 0x0000000092100000|100%|HC|  |TAMS 0x0000000092100000, 0x0000000092000000| Complete 
|  17|0x0000000092100000, 0x0000000092200000, 0x0000000092200000|100%|HC|  |TAMS 0x0000000092200000, 0x0000000092100000| Complete 
|  18|0x0000000092200000, 0x0000000092300000, 0x0000000092300000|100%| O|  |TAMS 0x0000000092200000, 0x0000000092200000| Untracked 
|  19|0x0000000092300000, 0x0000000092400000, 0x0000000092400000|100%|HS|  |TAMS 0x0000000092400000, 0x0000000092300000| Complete 
|  20|0x0000000092400000, 0x0000000092500000, 0x0000000092500000|100%|HC|  |TAMS 0x0000000092500000, 0x0000000092400000| Complete 
|  21|0x0000000092500000, 0x0000000092600000, 0x0000000092600000|100%|HS|  |TAMS 0x0000000092600000, 0x0000000092500000| Complete 
|  22|0x0000000092600000, 0x0000000092700000, 0x0000000092700000|100%| O|  |TAMS 0x0000000092600000, 0x0000000092600000| Untracked 
|  23|0x0000000092700000, 0x0000000092800000, 0x0000000092800000|100%| O|  |TAMS 0x0000000092700000, 0x0000000092700000| Untracked 
|  24|0x0000000092800000, 0x0000000092900000, 0x0000000092900000|100%| O|  |TAMS 0x0000000092800000, 0x0000000092800000| Untracked 
|  25|0x0000000092900000, 0x0000000092a00000, 0x0000000092a00000|100%|HS|  |TAMS 0x0000000092900000, 0x0000000092900000| Complete 
|  26|0x0000000092a00000, 0x0000000092b00000, 0x0000000092b00000|100%|HS|  |TAMS 0x0000000092a00000, 0x0000000092a00000| Complete 
|  27|0x0000000092b00000, 0x0000000092c00000, 0x0000000092c00000|100%| O|  |TAMS 0x0000000092b00000, 0x0000000092b00000| Untracked 
|  28|0x0000000092c00000, 0x0000000092d00000, 0x0000000092d00000|100%| O|  |TAMS 0x0000000092c00000, 0x0000000092c00000| Untracked 
|  29|0x0000000092d00000, 0x0000000092e00000, 0x0000000092e00000|100%| O|  |TAMS 0x0000000092d00000, 0x0000000092d00000| Untracked 
|  30|0x0000000092e00000, 0x0000000092f00000, 0x0000000092f00000|100%|HS|  |TAMS 0x0000000092e00000, 0x0000000092e00000| Complete 
|  31|0x0000000092f00000, 0x0000000092fa2e00, 0x0000000093000000| 63%| O|  |TAMS 0x0000000092f00000, 0x0000000092f00000| Untracked 
|  32|0x0000000093000000, 0x0000000093100000, 0x0000000093100000|100%| O|  |TAMS 0x0000000093000000, 0x0000000093000000| Untracked 
|  33|0x0000000093100000, 0x0000000093200000, 0x0000000093200000|100%| O|  |TAMS 0x0000000093100000, 0x0000000093100000| Untracked 
|  34|0x0000000093200000, 0x0000000093300000, 0x0000000093300000|100%| O|  |TAMS 0x0000000093200000, 0x0000000093200000| Untracked 
|  35|0x0000000093300000, 0x0000000093400000, 0x0000000093400000|100%| O|  |TAMS 0x0000000093300000, 0x0000000093300000| Untracked 
|  36|0x0000000093400000, 0x0000000093500000, 0x0000000093500000|100%| O|  |TAMS 0x0000000093400000, 0x0000000093400000| Untracked 
|  37|0x0000000093500000, 0x0000000093600000, 0x0000000093600000|100%| O|  |TAMS 0x0000000093500000, 0x0000000093500000| Untracked 
|  38|0x0000000093600000, 0x0000000093700000, 0x0000000093700000|100%| O|  |TAMS 0x0000000093600000, 0x0000000093600000| Untracked 
|  39|0x0000000093700000, 0x0000000093800000, 0x0000000093800000|100%| O|  |TAMS 0x0000000093700000, 0x0000000093700000| Untracked 
|  40|0x0000000093800000, 0x0000000093900000, 0x0000000093900000|100%|HS|  |TAMS 0x0000000093800000, 0x0000000093800000| Complete 
|  41|0x0000000093900000, 0x0000000093a00000, 0x0000000093a00000|100%|HS|  |TAMS 0x0000000093900000, 0x0000000093900000| Complete 
|  42|0x0000000093a00000, 0x0000000093b00000, 0x0000000093b00000|100%|HS|  |TAMS 0x0000000093a00000, 0x0000000093a00000| Complete 
|  43|0x0000000093b00000, 0x0000000093c00000, 0x0000000093c00000|100%|HS|  |TAMS 0x0000000093b00000, 0x0000000093b00000| Complete 
|  44|0x0000000093c00000, 0x0000000093d00000, 0x0000000093d00000|100%|HS|  |TAMS 0x0000000093c00000, 0x0000000093c00000| Complete 
|  45|0x0000000093d00000, 0x0000000093d00000, 0x0000000093e00000|  0%| F|  |TAMS 0x0000000093d00000, 0x0000000093d00000| Untracked 
|  46|0x0000000093e00000, 0x0000000093e00000, 0x0000000093f00000|  0%| F|  |TAMS 0x0000000093e00000, 0x0000000093e00000| Untracked 
|  47|0x0000000093f00000, 0x0000000093f00000, 0x0000000094000000|  0%| F|  |TAMS 0x0000000093f00000, 0x0000000093f00000| Untracked 
|  48|0x0000000094000000, 0x0000000094000000, 0x0000000094100000|  0%| F|  |TAMS 0x0000000094000000, 0x0000000094000000| Untracked 
|  49|0x0000000094100000, 0x0000000094200000, 0x0000000094200000|100%| O|  |TAMS 0x0000000094100000, 0x0000000094100000| Untracked 
|  50|0x0000000094200000, 0x0000000094200000, 0x0000000094300000|  0%| F|  |TAMS 0x0000000094200000, 0x0000000094200000| Untracked 
|  51|0x0000000094300000, 0x0000000094300000, 0x0000000094400000|  0%| F|  |TAMS 0x0000000094300000, 0x0000000094300000| Untracked 
|  52|0x0000000094400000, 0x0000000094400000, 0x0000000094500000|  0%| F|  |TAMS 0x0000000094400000, 0x0000000094400000| Untracked 
|  53|0x0000000094500000, 0x0000000094500000, 0x0000000094600000|  0%| F|  |TAMS 0x0000000094500000, 0x0000000094500000| Untracked 
|  54|0x0000000094600000, 0x0000000094600000, 0x0000000094700000|  0%| F|  |TAMS 0x0000000094600000, 0x0000000094600000| Untracked 
|  55|0x0000000094700000, 0x0000000094700000, 0x0000000094800000|  0%| F|  |TAMS 0x0000000094700000, 0x0000000094700000| Untracked 
|  56|0x0000000094800000, 0x0000000094800000, 0x0000000094900000|  0%| F|  |TAMS 0x0000000094800000, 0x0000000094800000| Untracked 
|  57|0x0000000094900000, 0x0000000094900000, 0x0000000094a00000|  0%| F|  |TAMS 0x0000000094900000, 0x0000000094900000| Untracked 
|  58|0x0000000094a00000, 0x0000000094a00000, 0x0000000094b00000|  0%| F|  |TAMS 0x0000000094a00000, 0x0000000094a00000| Untracked 
|  59|0x0000000094b00000, 0x0000000094b00000, 0x0000000094c00000|  0%| F|  |TAMS 0x0000000094b00000, 0x0000000094b00000| Untracked 
|  60|0x0000000094c00000, 0x0000000094c00000, 0x0000000094d00000|  0%| F|  |TAMS 0x0000000094c00000, 0x0000000094c00000| Untracked 
|  61|0x0000000094d00000, 0x0000000094d00000, 0x0000000094e00000|  0%| F|  |TAMS 0x0000000094d00000, 0x0000000094d00000| Untracked 
|  62|0x0000000094e00000, 0x0000000094e00000, 0x0000000094f00000|  0%| F|  |TAMS 0x0000000094e00000, 0x0000000094e00000| Untracked 
|  63|0x0000000094f00000, 0x0000000094f00000, 0x0000000095000000|  0%| F|  |TAMS 0x0000000094f00000, 0x0000000094f00000| Untracked 
|  64|0x0000000095000000, 0x0000000095000000, 0x0000000095100000|  0%| F|  |TAMS 0x0000000095000000, 0x0000000095000000| Untracked 
|  65|0x0000000095100000, 0x0000000095100000, 0x0000000095200000|  0%| F|  |TAMS 0x0000000095100000, 0x0000000095100000| Untracked 
|  66|0x0000000095200000, 0x0000000095200000, 0x0000000095300000|  0%| F|  |TAMS 0x0000000095200000, 0x0000000095200000| Untracked 
|  67|0x0000000095300000, 0x0000000095300000, 0x0000000095400000|  0%| F|  |TAMS 0x0000000095300000, 0x0000000095300000| Untracked 
|  68|0x0000000095400000, 0x0000000095400000, 0x0000000095500000|  0%| F|  |TAMS 0x0000000095400000, 0x0000000095400000| Untracked 
|  69|0x0000000095500000, 0x0000000095500000, 0x0000000095600000|  0%| F|  |TAMS 0x0000000095500000, 0x0000000095500000| Untracked 
|  70|0x0000000095600000, 0x0000000095600000, 0x0000000095700000|  0%| F|  |TAMS 0x0000000095600000, 0x0000000095600000| Untracked 
|  71|0x0000000095700000, 0x0000000095700000, 0x0000000095800000|  0%| F|  |TAMS 0x0000000095700000, 0x0000000095700000| Untracked 
|  72|0x0000000095800000, 0x0000000095800000, 0x0000000095900000|  0%| F|  |TAMS 0x0000000095800000, 0x0000000095800000| Untracked 
|  73|0x0000000095900000, 0x0000000095900000, 0x0000000095a00000|  0%| F|  |TAMS 0x0000000095900000, 0x0000000095900000| Untracked 
|  74|0x0000000095a00000, 0x0000000095a00000, 0x0000000095b00000|  0%| F|  |TAMS 0x0000000095a00000, 0x0000000095a00000| Untracked 
|  75|0x0000000095b00000, 0x0000000095b00000, 0x0000000095c00000|  0%| F|  |TAMS 0x0000000095b00000, 0x0000000095b00000| Untracked 
|  76|0x0000000095c00000, 0x0000000095c00000, 0x0000000095d00000|  0%| F|  |TAMS 0x0000000095c00000, 0x0000000095c00000| Untracked 
|  77|0x0000000095d00000, 0x0000000095d00000, 0x0000000095e00000|  0%| F|  |TAMS 0x0000000095d00000, 0x0000000095d00000| Untracked 
|  78|0x0000000095e00000, 0x0000000095e00000, 0x0000000095f00000|  0%| F|  |TAMS 0x0000000095e00000, 0x0000000095e00000| Untracked 
|  79|0x0000000095f00000, 0x0000000095f00000, 0x0000000096000000|  0%| F|  |TAMS 0x0000000095f00000, 0x0000000095f00000| Untracked 
|  80|0x0000000096000000, 0x0000000096000000, 0x0000000096100000|  0%| F|  |TAMS 0x0000000096000000, 0x0000000096000000| Untracked 
|  81|0x0000000096100000, 0x0000000096177d48, 0x0000000096200000| 46%| E|  |TAMS 0x0000000096100000, 0x0000000096100000| Complete 
|  82|0x0000000096200000, 0x0000000096300000, 0x0000000096300000|100%| E|CS|TAMS 0x0000000096200000, 0x0000000096200000| Complete 
|  83|0x0000000096300000, 0x0000000096400000, 0x0000000096400000|100%| E|CS|TAMS 0x0000000096300000, 0x0000000096300000| Complete 
|  84|0x0000000096400000, 0x0000000096500000, 0x0000000096500000|100%| E|CS|TAMS 0x0000000096400000, 0x0000000096400000| Complete 
|  85|0x0000000096500000, 0x0000000096600000, 0x0000000096600000|100%| E|CS|TAMS 0x0000000096500000, 0x0000000096500000| Complete 
|  86|0x0000000096600000, 0x0000000096700000, 0x0000000096700000|100%| E|CS|TAMS 0x0000000096600000, 0x0000000096600000| Complete 
|  87|0x0000000096700000, 0x0000000096800000, 0x0000000096800000|100%| E|CS|TAMS 0x0000000096700000, 0x0000000096700000| Complete 
|  88|0x0000000096800000, 0x0000000096900000, 0x0000000096900000|100%| E|CS|TAMS 0x0000000096800000, 0x0000000096800000| Complete 
|  89|0x0000000096900000, 0x0000000096a00000, 0x0000000096a00000|100%| E|CS|TAMS 0x0000000096900000, 0x0000000096900000| Complete 
|  90|0x0000000096a00000, 0x0000000096b00000, 0x0000000096b00000|100%| E|CS|TAMS 0x0000000096a00000, 0x0000000096a00000| Complete 
|  91|0x0000000096b00000, 0x0000000096c00000, 0x0000000096c00000|100%| E|CS|TAMS 0x0000000096b00000, 0x0000000096b00000| Complete 
|  92|0x0000000096c00000, 0x0000000096d00000, 0x0000000096d00000|100%| E|CS|TAMS 0x0000000096c00000, 0x0000000096c00000| Complete 
|  93|0x0000000096d00000, 0x0000000096e00000, 0x0000000096e00000|100%| E|CS|TAMS 0x0000000096d00000, 0x0000000096d00000| Complete 
|  94|0x0000000096e00000, 0x0000000096f00000, 0x0000000096f00000|100%| E|CS|TAMS 0x0000000096e00000, 0x0000000096e00000| Complete 
|  95|0x0000000096f00000, 0x0000000097000000, 0x0000000097000000|100%| E|CS|TAMS 0x0000000096f00000, 0x0000000096f00000| Complete 
|  96|0x0000000097000000, 0x0000000097100000, 0x0000000097100000|100%| E|CS|TAMS 0x0000000097000000, 0x0000000097000000| Complete 
|  97|0x0000000097100000, 0x0000000097200000, 0x0000000097200000|100%| E|CS|TAMS 0x0000000097100000, 0x0000000097100000| Complete 
|  98|0x0000000097200000, 0x0000000097300000, 0x0000000097300000|100%| E|CS|TAMS 0x0000000097200000, 0x0000000097200000| Complete 
|  99|0x0000000097300000, 0x0000000097400000, 0x0000000097400000|100%| E|CS|TAMS 0x0000000097300000, 0x0000000097300000| Complete 
| 100|0x0000000097400000, 0x0000000097500000, 0x0000000097500000|100%| E|CS|TAMS 0x0000000097400000, 0x0000000097400000| Complete 
| 101|0x0000000097500000, 0x0000000097600000, 0x0000000097600000|100%| E|CS|TAMS 0x0000000097500000, 0x0000000097500000| Complete 
| 102|0x0000000097600000, 0x0000000097700000, 0x0000000097700000|100%| E|CS|TAMS 0x0000000097600000, 0x0000000097600000| Complete 
| 103|0x0000000097700000, 0x0000000097800000, 0x0000000097800000|100%| E|CS|TAMS 0x0000000097700000, 0x0000000097700000| Complete 
| 104|0x0000000097800000, 0x0000000097900000, 0x0000000097900000|100%| E|CS|TAMS 0x0000000097800000, 0x0000000097800000| Complete 
| 105|0x0000000097900000, 0x0000000097a00000, 0x0000000097a00000|100%| S|CS|TAMS 0x0000000097900000, 0x0000000097900000| Complete 
| 111|0x0000000097f00000, 0x0000000098000000, 0x0000000098000000|100%| E|CS|TAMS 0x0000000097f00000, 0x0000000097f00000| Complete 

Card table byte_map: [0x00000221cbd60000,0x00000221cc0e0000] _byte_map_base: 0x00000221cb8d8000

Marking Bits (Prev, Next): (CMBitMap*) 0x00000221b4bcc950, (CMBitMap*) 0x00000221b4bcc910
 Prev Bits: [0x00000221ce020000, 0x00000221cfbe0000)
 Next Bits: [0x00000221cc460000, 0x00000221ce020000)

Polling page: 0x00000221b2ae0000

Metaspace:

Usage:
  Non-class:     19.35 MB used.
      Class:      3.14 MB used.
       Both:     22.49 MB used.

Virtual space:
  Non-class space:       64.00 MB reserved,      19.50 MB ( 30%) committed,  1 nodes.
      Class space:        1.00 GB reserved,       3.31 MB ( <1%) committed,  1 nodes.
             Both:        1.06 GB reserved,      22.81 MB (  2%) committed. 

Chunk freelists:
   Non-Class:  12.52 MB
       Class:  12.51 MB
        Both:  25.02 MB

MaxMetaspaceSize: unlimited
CompressedClassSpaceSize: 1.00 GB
Initial GC threshold: 21.00 MB
Current GC threshold: 35.25 MB
CDS: on
MetaspaceReclaimPolicy: balanced
 - commit_granule_bytes: 65536.
 - commit_granule_words: 8192.
 - virtual_space_node_default_size: 8388608.
 - enlarge_chunks_in_place: 1.
 - new_chunks_are_fully_committed: 0.
 - uncommit_free_chunks: 1.
 - use_allocation_guard: 0.
 - handle_deallocations: 1.


Internal statistics:

num_allocs_failed_limit: 3.
num_arena_births: 406.
num_arena_deaths: 0.
num_vsnodes_births: 2.
num_vsnodes_deaths: 0.
num_space_committed: 365.
num_space_uncommitted: 0.
num_chunks_returned_to_freelist: 3.
num_chunks_taken_from_freelist: 1267.
num_chunk_merges: 3.
num_chunk_splits: 838.
num_chunks_enlarged: 582.
num_inconsistent_stats: 0.

CodeHeap 'non-profiled nmethods': size=120000Kb used=4668Kb max_used=4668Kb free=115331Kb
 bounds [0x00000221c4180000, 0x00000221c4610000, 0x00000221cb6b0000]
CodeHeap 'profiled nmethods': size=120000Kb used=13389Kb max_used=13389Kb free=106610Kb
 bounds [0x00000221bc6b0000, 0x00000221bd3d0000, 0x00000221c3be0000]
CodeHeap 'non-nmethods': size=5760Kb used=1521Kb max_used=1618Kb free=4238Kb
 bounds [0x00000221c3be0000, 0x00000221c3e50000, 0x00000221c4180000]
 total_blobs=7036 nmethods=6214 adapters=733
 compilation: enabled
              stopped_count=0, restarted_count=0
 full_count=0

Compilation events (20 events):
Event: 692.986 Thread 0x00000221d2625490 7022       3       com.sun.javafx.text.TextRun::setMetrics (16 bytes)
Event: 692.986 Thread 0x00000221d2625490 nmethod 7022 0x00000221bd3ba590 code [0x00000221bd3ba720, 0x00000221bd3ba838]
Event: 692.986 Thread 0x00000221d2625490 7021       3       javafx.scene.control.DialogPane::getHeaderText (11 bytes)
Event: 692.987 Thread 0x00000221d2625490 nmethod 7021 0x00000221bd3ba910 code [0x00000221bd3baac0, 0x00000221bd3bada8]
Event: 692.987 Thread 0x00000221d2625490 7020       3       javafx.scene.control.Control$5::invalidated (45 bytes)
Event: 692.987 Thread 0x00000221d2625490 nmethod 7020 0x00000221bd3bae90 code [0x00000221bd3bb0c0, 0x00000221bd3bba88]
Event: 692.987 Thread 0x00000221d2625490 7023       3       javafx.scene.layout.GridPane::getNodeColumnIndex (18 bytes)
Event: 692.988 Thread 0x00000221d2625490 nmethod 7023 0x00000221bd3bbd10 code [0x00000221bd3bbf60, 0x00000221bd3bca98]
Event: 692.988 Thread 0x00000221d2625490 7024       3       javafx.scene.layout.GridPane::getColumnIndex (10 bytes)
Event: 692.989 Thread 0x00000221d2625490 nmethod 7024 0x00000221bd3bce10 code [0x00000221bd3bd040, 0x00000221bd3bda98]
Event: 692.989 Thread 0x00000221d2625490 7025       3       com.sun.glass.ui.View::notifyView (197 bytes)
Event: 692.990 Thread 0x00000221d2625490 nmethod 7025 0x00000221bd3bdd90 code [0x00000221bd3be020, 0x00000221bd3bebe8]
Event: 693.022 Thread 0x00000221d2625490 7026       3       javafx.scene.layout.Region::computeChildMinAreaHeight (237 bytes)
Event: 693.029 Thread 0x00000221d2625490 nmethod 7026 0x00000221bd3bef10 code [0x00000221bd3bf6c0, 0x00000221bd3c3a78]
Event: 693.030 Thread 0x00000221d261ab60 nmethod 7013 0x00000221c460c510 code [0x00000221c460c740, 0x00000221c460d690]
Event: 693.030 Thread 0x00000221d261ab60 7014       4       com.sun.javafx.scene.shape.ShapeHelper::markDirtyImpl (17 bytes)
Event: 693.032 Thread 0x00000221d261ab60 nmethod 7014 0x00000221c460e590 code [0x00000221c460e720, 0x00000221c460e8a8]
Event: 693.032 Thread 0x00000221d261ab60 7015       4       javafx.scene.shape.Shape::doMarkDirty (40 bytes)
Event: 693.032 Thread 0x00000221d261ab60 nmethod 7015 0x00000221c460ea90 code [0x00000221c460ec00, 0x00000221c460ec98]
Event: 693.077 Thread 0x00000221d261ab60 7027       4       com.sun.prism.impl.BaseResourcePool$WeakLinkedList::getResource (11 bytes)

GC Heap History (10 events):
Event: 2.053 GC heap before
{Heap before GC invocations=0 (full 0):
 garbage-first heap   total 114688K, used 23552K [0x0000000091000000, 0x0000000100000000)
  region size 1024K, 23 young (23552K), 0 survivors (0K)
 Metaspace       used 4581K, committed 4800K, reserved 1114112K
  class space    used 515K, committed 640K, reserved 1048576K
}
Event: 2.057 GC heap after
{Heap after GC invocations=1 (full 0):
 garbage-first heap   total 114688K, used 3461K [0x0000000091000000, 0x0000000100000000)
  region size 1024K, 3 young (3072K), 3 survivors (3072K)
 Metaspace       used 4581K, committed 4800K, reserved 1114112K
  class space    used 515K, committed 640K, reserved 1048576K
}
Event: 5.248 GC heap before
{Heap before GC invocations=1 (full 0):
 garbage-first heap   total 114688K, used 39301K [0x0000000091000000, 0x0000000100000000)
  region size 1024K, 36 young (36864K), 3 survivors (3072K)
 Metaspace       used 10845K, committed 11136K, reserved 1114112K
  class space    used 1442K, committed 1600K, reserved 1048576K
}
Event: 5.254 GC heap after
{Heap after GC invocations=2 (full 0):
 garbage-first heap   total 114688K, used 8385K [0x0000000091000000, 0x0000000100000000)
  region size 1024K, 5 young (5120K), 5 survivors (5120K)
 Metaspace       used 10845K, committed 11136K, reserved 1114112K
  class space    used 1442K, committed 1600K, reserved 1048576K
}
Event: 19.129 GC heap before
{Heap before GC invocations=2 (full 0):
 garbage-first heap   total 114688K, used 85185K [0x0000000091000000, 0x0000000100000000)
  region size 1024K, 63 young (64512K), 5 survivors (5120K)
 Metaspace       used 21228K, committed 21504K, reserved 1114112K
  class space    used 3069K, committed 3200K, reserved 1048576K
}
Event: 19.141 GC heap after
{Heap after GC invocations=3 (full 0):
 garbage-first heap   total 114688K, used 31502K [0x0000000091000000, 0x0000000100000000)
  region size 1024K, 9 young (9216K), 9 survivors (9216K)
 Metaspace       used 21228K, committed 21504K, reserved 1114112K
  class space    used 3069K, committed 3200K, reserved 1048576K
}
Event: 142.115 GC heap before
{Heap before GC invocations=4 (full 0):
 garbage-first heap   total 109568K, used 88846K [0x0000000091000000, 0x0000000100000000)
  region size 1024K, 56 young (57344K), 9 survivors (9216K)
 Metaspace       used 22673K, committed 23040K, reserved 1114112K
  class space    used 3208K, committed 3392K, reserved 1048576K
}
Event: 142.126 GC heap after
{Heap after GC invocations=5 (full 0):
 garbage-first heap   total 109568K, used 40376K [0x0000000091000000, 0x0000000100000000)
  region size 1024K, 6 young (6144K), 6 survivors (6144K)
 Metaspace       used 22673K, committed 23040K, reserved 1114112K
  class space    used 3208K, committed 3392K, reserved 1048576K
}
Event: 142.139 GC heap before
{Heap before GC invocations=5 (full 0):
 garbage-first heap   total 109568K, used 41400K [0x0000000091000000, 0x0000000100000000)
  region size 1024K, 7 young (7168K), 6 survivors (6144K)
 Metaspace       used 22701K, committed 23040K, reserved 1114112K
  class space    used 3208K, committed 3392K, reserved 1048576K
}
Event: 142.143 GC heap after
{Heap after GC invocations=6 (full 0):
 garbage-first heap   total 109568K, used 41611K [0x0000000091000000, 0x0000000100000000)
  region size 1024K, 1 young (1024K), 1 survivors (1024K)
 Metaspace       used 22701K, committed 23040K, reserved 1114112K
  class space    used 3208K, committed 3392K, reserved 1048576K
}

Dll operation events (20 events):
Event: 1.558 Loaded shared library D:\Proyecto Terminal\openjfx-22.0.1_windows-x64_bin-sdk\javafx-sdk-22.0.1\bin\api-ms-win-crt-math-l1-1-0.dll
Event: 1.562 Loaded shared library D:\Proyecto Terminal\openjfx-22.0.1_windows-x64_bin-sdk\javafx-sdk-22.0.1\bin\api-ms-win-crt-multibyte-l1-1-0.dll
Event: 1.565 Loaded shared library D:\Proyecto Terminal\openjfx-22.0.1_windows-x64_bin-sdk\javafx-sdk-22.0.1\bin\api-ms-win-crt-private-l1-1-0.dll
Event: 1.568 Loaded shared library D:\Proyecto Terminal\openjfx-22.0.1_windows-x64_bin-sdk\javafx-sdk-22.0.1\bin\api-ms-win-crt-process-l1-1-0.dll
Event: 1.570 Loaded shared library D:\Proyecto Terminal\openjfx-22.0.1_windows-x64_bin-sdk\javafx-sdk-22.0.1\bin\api-ms-win-crt-runtime-l1-1-0.dll
Event: 1.573 Loaded shared library D:\Proyecto Terminal\openjfx-22.0.1_windows-x64_bin-sdk\javafx-sdk-22.0.1\bin\api-ms-win-crt-stdio-l1-1-0.dll
Event: 1.575 Loaded shared library D:\Proyecto Terminal\openjfx-22.0.1_windows-x64_bin-sdk\javafx-sdk-22.0.1\bin\api-ms-win-crt-string-l1-1-0.dll
Event: 1.578 Loaded shared library D:\Proyecto Terminal\openjfx-22.0.1_windows-x64_bin-sdk\javafx-sdk-22.0.1\bin\api-ms-win-crt-time-l1-1-0.dll
Event: 1.581 Loaded shared library D:\Proyecto Terminal\openjfx-22.0.1_windows-x64_bin-sdk\javafx-sdk-22.0.1\bin\api-ms-win-crt-utility-l1-1-0.dll
Event: 1.587 Loaded shared library D:\Proyecto Terminal\openjfx-22.0.1_windows-x64_bin-sdk\javafx-sdk-22.0.1\bin\ucrtbase.dll
Event: 1.590 Loaded shared library D:\Proyecto Terminal\openjfx-22.0.1_windows-x64_bin-sdk\javafx-sdk-22.0.1\bin\vcruntime140.dll
Event: 1.593 Loaded shared library D:\Proyecto Terminal\openjfx-22.0.1_windows-x64_bin-sdk\javafx-sdk-22.0.1\bin\vcruntime140_1.dll
Event: 1.598 Loaded shared library D:\Proyecto Terminal\openjfx-22.0.1_windows-x64_bin-sdk\javafx-sdk-22.0.1\bin\msvcp140.dll
Event: 1.611 Loaded shared library D:\Proyecto Terminal\openjfx-22.0.1_windows-x64_bin-sdk\javafx-sdk-22.0.1\bin\msvcp140_1.dll
Event: 1.617 Loaded shared library D:\Proyecto Terminal\openjfx-22.0.1_windows-x64_bin-sdk\javafx-sdk-22.0.1\bin\msvcp140_2.dll
Event: 1.709 Loaded shared library D:\Proyecto Terminal\openjfx-22.0.1_windows-x64_bin-sdk\javafx-sdk-22.0.1\bin\prism_d3d.dll
Event: 1.796 Loaded shared library D:\Proyecto Terminal\openjfx-22.0.1_windows-x64_bin-sdk\javafx-sdk-22.0.1\bin\glass.dll
Event: 1.999 Loaded shared library C:\Users\diego\.jdks\corretto-17.0.13\bin\jimage.dll
Event: 2.891 Loaded shared library D:\Proyecto Terminal\openjfx-22.0.1_windows-x64_bin-sdk\javafx-sdk-22.0.1\bin\javafx_font.dll
Event: 11.340 Loaded shared library D:\Proyecto Terminal\openjfx-22.0.1_windows-x64_bin-sdk\javafx-sdk-22.0.1\bin\javafx_iio.dll

Deoptimization events (20 events):
Event: 154.587 Thread 0x0000022218809540 DEOPT PACKING pc=0x00000221c45e1f1c sp=0x00000059035fcca0
Event: 154.587 Thread 0x0000022218809540 DEOPT UNPACKING pc=0x00000221c3c369a3 sp=0x00000059035fcc80 mode 2
Event: 157.425 Thread 0x0000022218809f60 DEOPT PACKING pc=0x00000221c45ae20c sp=0x0000005903efd6f0
Event: 157.425 Thread 0x0000022218809f60 DEOPT UNPACKING pc=0x00000221c3c37143 sp=0x0000005903efcb88 mode 1
Event: 157.450 Thread 0x0000022218809f60 DEOPT PACKING pc=0x00000221bc871f3c sp=0x0000005903efc8f0
Event: 157.450 Thread 0x0000022218809f60 DEOPT UNPACKING pc=0x00000221c3c37143 sp=0x0000005903efbed8 mode 1
Event: 157.450 Thread 0x0000022218809f60 DEOPT PACKING pc=0x00000221bc88badc sp=0x0000005903efcae0
Event: 157.450 Thread 0x0000022218809f60 DEOPT UNPACKING pc=0x00000221c3c37143 sp=0x0000005903efbfa8 mode 1
Event: 693.076 Thread 0x000002221a70cc80 Uncommon trap: trap_request=0xffffff45 fr.pc=0x00000221c4589b68 relative=0x0000000000000148
Event: 693.076 Thread 0x000002221a70cc80 Uncommon trap: reason=unstable_if action=reinterpret pc=0x00000221c4589b68 method=java.util.concurrent.locks.ReentrantLock$Sync.tryRelease(I)Z @ 26 c2
Event: 693.076 Thread 0x000002221a70cc80 DEOPT PACKING pc=0x00000221c4589b68 sp=0x0000005903bfeea0
Event: 693.076 Thread 0x000002221a70cc80 DEOPT UNPACKING pc=0x00000221c3c369a3 sp=0x0000005903bfed90 mode 2
Event: 693.076 Thread 0x0000022218809540 DEOPT PACKING pc=0x00000221bd0213c4 sp=0x00000059035fef90
Event: 693.076 Thread 0x0000022218809540 DEOPT UNPACKING pc=0x00000221c3c37143 sp=0x00000059035fe4b0 mode 1
Event: 693.076 Thread 0x0000022218809540 DEOPT PACKING pc=0x00000221bd3441e4 sp=0x00000059035ff080
Event: 693.076 Thread 0x0000022218809540 DEOPT UNPACKING pc=0x00000221c3c37143 sp=0x00000059035fe5c8 mode 1
Event: 693.076 Thread 0x0000022218809540 DEOPT PACKING pc=0x00000221bd342fbc sp=0x00000059035ff190
Event: 693.076 Thread 0x0000022218809540 DEOPT UNPACKING pc=0x00000221c3c37143 sp=0x00000059035fe650 mode 1
Event: 693.077 Thread 0x000002221a70cc80 DEOPT PACKING pc=0x00000221c432d84c sp=0x0000005903bff1a0
Event: 693.077 Thread 0x000002221a70cc80 DEOPT UNPACKING pc=0x00000221c3c37143 sp=0x0000005903bfe5c0 mode 1

Classes loaded (20 events):
Event: 38.702 Loading class optiuam/bc/model/ElementoGrafico
Event: 38.702 Loading class optiuam/bc/model/ElementoGrafico done
Event: 38.703 Loading class optiuam/bc/model/ElementoGrafico
Event: 38.703 Loading class optiuam/bc/model/ElementoGrafico done
Event: 38.703 Loading class optiuam/bc/model/ElementoGrafico
Event: 38.703 Loading class optiuam/bc/model/ElementoGrafico done
Event: 38.703 Loading class optiuam/bc/controller/VentanaFibraController
Event: 38.703 Loading class optiuam/bc/controller/VentanaFibraController done
Event: 38.703 Loading class optiuam/bc/model/ElementoGrafico
Event: 38.703 Loading class optiuam/bc/model/ElementoGrafico done
Event: 43.555 Loading class com/intellij/rt/debugger/BatchEvaluatorServer
Event: 43.555 Loading class com/intellij/rt/debugger/BatchEvaluatorServer done
Event: 46.340 Loading class java/io/DataOutputStream
Event: 46.341 Loading class java/io/DataOutputStream done
Event: 693.072 Loading class jdk/internal/misc/Signal$1
Event: 693.073 Loading class jdk/internal/misc/Signal$1 done
Event: 693.076 Loading class com/sun/javafx/tk/quantum/QuantumRenderer
Event: 693.076 Loading class com/sun/javafx/tk/quantum/QuantumRenderer done
Event: 693.076 Loading class com/sun/javafx/tk/quantum/QuantumToolkit
Event: 693.076 Loading class com/sun/javafx/tk/quantum/QuantumToolkit done

Classes unloaded (0 events):
No events

Classes redefined (0 events):
No events

Internal exceptions (20 events):
Event: 11.249 Thread 0x0000022218809f60 Exception <a 'java/lang/NoSuchMethodError'{0x0000000095f83e78}: 'long java.lang.invoke.DirectMethodHandle$Holder.invokeStaticInit(java.lang.Object, java.lang.Object, java.lang.Object)'> (0x0000000095f83e78) 
thrown [s\src\hotspot\share\interpreter\linkResolver.cpp, line 759]
Event: 11.253 Thread 0x0000022218809f60 Exception <a 'java/lang/NoSuchMethodError'{0x0000000095f9b9f8}: 'java.lang.Object java.lang.invoke.DirectMethodHandle$Holder.newInvokeSpecial(java.lang.Object, java.lang.Object, long)'> (0x0000000095f9b9f8) 
thrown [s\src\hotspot\share\interpreter\linkResolver.cpp, line 759]
Event: 11.253 Thread 0x0000022218809f60 Exception <a 'java/lang/NoSuchMethodError'{0x0000000095f9f568}: 'java.lang.Object java.lang.invoke.Invokers$Holder.linkToTargetMethod(java.lang.Object, long, java.lang.Object)'> (0x0000000095f9f568) 
thrown [s\src\hotspot\share\interpreter\linkResolver.cpp, line 759]
Event: 11.275 Thread 0x0000022218809f60 Exception <a 'java/lang/NoSuchMethodError'{0x0000000095fb7cb8}: 'java.lang.Object java.lang.invoke.DirectMethodHandle$Holder.newInvokeSpecial(java.lang.Object, java.lang.Object, int, int, int, int, int, java.lang.Object)'> (0x0000000095fb7cb8) 
thrown [s\src\hotspot\share\interpreter\linkResolver.cpp, line 759]
Event: 11.279 Thread 0x0000022218809f60 Exception <a 'java/lang/NoSuchMethodError'{0x0000000095fcac90}: 'java.lang.Object java.lang.invoke.DirectMethodHandle$Holder.newInvokeSpecial(java.lang.Object, java.lang.Object, java.lang.Object, int, int, int, int, int)'> (0x0000000095fcac90) 
thrown [s\src\hotspot\share\interpreter\linkResolver.cpp, line 759]
Event: 11.281 Thread 0x0000022218809f60 Exception <a 'java/lang/NoSuchMethodError'{0x0000000095fd24f0}: 'java.lang.Object java.lang.invoke.Invokers$Holder.linkToTargetMethod(java.lang.Object, java.lang.Object, int, int, int, int, int, java.lang.Object)'> (0x0000000095fd24f0) 
thrown [s\src\hotspot\share\interpreter\linkResolver.cpp, line 759]
Event: 11.309 Thread 0x0000022218809f60 Exception <a 'java/lang/NoSuchMethodError'{0x0000000095fd7070}: 'void java.lang.invoke.DirectMethodHandle$Holder.invokeVirtual(java.lang.Object, java.lang.Object)'> (0x0000000095fd7070) 
thrown [s\src\hotspot\share\interpreter\linkResolver.cpp, line 759]
Event: 11.576 Thread 0x0000022218809f60 Exception <a 'java/lang/ClassNotFoundException'{0x00000000953dc7e8}: com/sun/javafx/scene/control/skin/resources/controls> (0x00000000953dc7e8) 
thrown [s\src\hotspot\share\prims\jni.cpp, line 535]
Event: 11.578 Thread 0x0000022218809f60 Exception <a 'java/lang/ClassNotFoundException'{0x00000000953eb198}: com/sun/javafx/scene/control/skin/resources/controls_es> (0x00000000953eb198) 
thrown [s\src\hotspot\share\prims\jni.cpp, line 535]
Event: 11.580 Thread 0x0000022218809f60 Exception <a 'java/lang/ClassNotFoundException'{0x00000000953f9378}: com/sun/javafx/scene/control/skin/resources/controls_es_MX> (0x00000000953f9378) 
thrown [s\src\hotspot\share\prims\jni.cpp, line 535]
Event: 11.644 Thread 0x0000022218809f60 Exception <a 'java/lang/NoSuchMethodError'{0x0000000095185c20}: 'int java.lang.invoke.DirectMethodHandle$Holder.invokeSpecial(java.lang.Object, java.lang.Object, int)'> (0x0000000095185c20) 
thrown [s\src\hotspot\share\interpreter\linkResolver.cpp, line 759]
Event: 19.165 Thread 0x0000022218809f60 Implicit null exception at 0x00000221c43b84d5 to 0x00000221c43b85dc
Event: 19.832 Thread 0x0000022218809f60 Implicit null exception at 0x00000221c4381c7e to 0x00000221c4381d10
Event: 26.573 Thread 0x0000022218809f60 Implicit null exception at 0x00000221c44b01d9 to 0x00000221c44b9d18
Event: 46.346 Thread 0x0000022218809f60 Exception <a 'java/lang/NoSuchMethodError'{0x000000009557cc30}: 'java.lang.Object java.lang.invoke.DirectMethodHandle$Holder.invokeSpecial(java.lang.Object, java.lang.Object, long, java.lang.Object, int, int, java.lang.Object, int, java.lang.Object)'> (0x000000009557cc30) 
thrown [s\src\hotspot\share\interpreter\linkResolver.cpp, line 759]
Event: 46.347 Thread 0x0000022218809f60 Exception <a 'java/lang/NoSuchMethodError'{0x0000000095580e90}: 'java.lang.Object java.lang.invoke.DelegatingMethodHandle$Holder.reinvoke_L(java.lang.Object, long, java.lang.Object, int, int, java.lang.Object, int, java.lang.Object)'> (0x0000000095580e90) 
thrown [s\src\hotspot\share\interpreter\linkResolver.cpp, line 759]
Event: 46.355 Thread 0x0000022218809f60 Exception <a 'java/lang/NoSuchMethodError'{0x0000000095451660}: 'java.lang.Object java.lang.invoke.DelegatingMethodHandle$Holder.reinvoke_L(java.lang.Object, java.lang.Object, int, int, double, int)'> (0x0000000095451660) 
thrown [s\src\hotspot\share\interpreter\linkResolver.cpp, line 759]
Event: 85.215 Thread 0x0000022218809f60 Implicit null exception at 0x00000221c41f6e77 to 0x00000221c41f747c
Event: 142.223 Thread 0x0000022218809540 Implicit null exception at 0x00000221c435f85e to 0x00000221c435f8d8
Event: 142.228 Thread 0x0000022218809540 Implicit null exception at 0x00000221c44003ac to 0x00000221c440042c

VM Operations (20 events):
Event: 582.667 Executing VM operation: get/set locals done
Event: 582.667 Executing VM operation: get/set locals
Event: 582.667 Executing VM operation: get/set locals done
Event: 589.259 Executing VM operation: get/set locals
Event: 589.259 Executing VM operation: get/set locals done
Event: 589.260 Executing VM operation: get/set locals
Event: 589.260 Executing VM operation: get/set locals done
Event: 589.268 Executing VM operation: get/set locals
Event: 589.268 Executing VM operation: get/set locals done
Event: 692.945 Executing VM operation: ChangeBreakpoints
Event: 692.945 Executing VM operation: ChangeBreakpoints done
Event: 692.945 Executing VM operation: ChangeBreakpoints
Event: 692.945 Executing VM operation: ChangeBreakpoints done
Event: 692.946 Executing VM operation: ChangeBreakpoints
Event: 692.946 Executing VM operation: ChangeBreakpoints done
Event: 692.946 Executing VM operation: ChangeBreakpoints
Event: 692.946 Executing VM operation: ChangeBreakpoints done
Event: 692.946 Executing VM operation: ChangeBreakpoints
Event: 692.946 Executing VM operation: ChangeBreakpoints done
Event: 693.078 Executing VM operation: Exit

Memory protections (0 events):
No events

Nmethod flushes (20 events):
Event: 26.745 Thread 0x00000221d2625da0 flushing osr nmethod 0x00000221bce8da90
Event: 26.745 Thread 0x00000221d2625da0 flushing  nmethod 0x00000221bcea5710
Event: 26.745 Thread 0x00000221d2625da0 flushing  nmethod 0x00000221bceafa90
Event: 26.745 Thread 0x00000221d2625da0 flushing  nmethod 0x00000221bceb6290
Event: 26.745 Thread 0x00000221d2625da0 flushing  nmethod 0x00000221bcecb410
Event: 26.745 Thread 0x00000221d2625da0 flushing  nmethod 0x00000221bcef2190
Event: 26.745 Thread 0x00000221d2625da0 flushing  nmethod 0x00000221bcf4c110
Event: 26.745 Thread 0x00000221d2625da0 flushing  nmethod 0x00000221bcf54d90
Event: 26.745 Thread 0x00000221d2625da0 flushing  nmethod 0x00000221bcf6a290
Event: 26.745 Thread 0x00000221d2625da0 flushing  nmethod 0x00000221bcf7a410
Event: 26.745 Thread 0x00000221d2625da0 flushing  nmethod 0x00000221bcfb5790
Event: 26.746 Thread 0x00000221d2625da0 flushing  nmethod 0x00000221bd08c610
Event: 26.746 Thread 0x00000221d2625da0 flushing  nmethod 0x00000221bd0d2090
Event: 26.746 Thread 0x00000221d2625da0 flushing  nmethod 0x00000221bd0d3990
Event: 26.746 Thread 0x00000221d2625da0 flushing  nmethod 0x00000221bd102e90
Event: 26.746 Thread 0x00000221d2625da0 flushing  nmethod 0x00000221bd103490
Event: 26.746 Thread 0x00000221d2625da0 flushing osr nmethod 0x00000221bd104c90
Event: 26.746 Thread 0x00000221d2625da0 flushing  nmethod 0x00000221bd10a610
Event: 143.661 Thread 0x00000221d2625da0 flushing  nmethod 0x00000221bcaf1310
Event: 143.661 Thread 0x00000221d2625da0 flushing  nmethod 0x00000221bcb9fc90

Events (20 events):
Event: 42.008 Thread 0x0000022222406810 Thread exited: 0x0000022222406810
Event: 138.737 Thread 0x00000221d261ab60 Thread added: 0x000002222670dab0
Event: 138.929 Thread 0x000002222670dab0 Thread exited: 0x000002222670dab0
Event: 140.475 Thread 0x00000221d2625490 Thread added: 0x00000221d2ba3fe0
Event: 140.701 Thread 0x00000221d2ba3fe0 Thread exited: 0x00000221d2ba3fe0
Event: 142.176 Thread 0x00000221d2625490 Thread added: 0x00000221d2ba3fe0
Event: 143.872 Thread 0x00000221d2ba3fe0 Thread exited: 0x00000221d2ba3fe0
Event: 147.213 Thread 0x00000221d261ab60 Thread added: 0x0000022236a7eab0
Event: 147.866 Thread 0x0000022236a7eab0 Thread exited: 0x0000022236a7eab0
Event: 157.731 Thread 0x00000221d2625490 Thread added: 0x0000022222406810
Event: 157.731 Thread 0x00000221d2625490 Thread added: 0x00000222232f4a70
Event: 157.849 Thread 0x0000022222406810 Thread exited: 0x0000022222406810
Event: 157.849 Thread 0x00000222232f4a70 Thread exited: 0x00000222232f4a70
Event: 692.945 Thread 0x00000222185a3040 Thread exited: 0x00000222185a3040
Event: 692.953 Thread 0x0000022218562700 Thread exited: 0x0000022218562700
Event: 693.074 Thread 0x00000221d2611ed0 Thread added: 0x000002221a70c770
Event: 693.075 Thread 0x000002221a70c770 Thread added: 0x000002221a70d6a0
Event: 693.075 Thread 0x000002221a70c770 Thread added: 0x000002221a70cc80
Event: 693.076 Thread 0x000002221a70d6a0 Thread exited: 0x000002221a70d6a0
Event: 693.077 Thread 0x000002221a70cc80 Thread exited: 0x000002221a70cc80


Dynamic libraries:
0x00007ff6b0db0000 - 0x00007ff6b0dbe000 	C:\Users\diego\.jdks\corretto-17.0.13\bin\java.exe
0x00007ffee2460000 - 0x00007ffee26c3000 	C:\WINDOWS\SYSTEM32\ntdll.dll
0x00007ffee1ac0000 - 0x00007ffee1b88000 	C:\WINDOWS\System32\KERNEL32.DLL
0x00007ffedfae0000 - 0x00007ffedfe92000 	C:\WINDOWS\System32\KERNELBASE.dll
0x00007ffee0010000 - 0x00007ffee015b000 	C:\WINDOWS\System32\ucrtbase.dll
0x00007ffed0b70000 - 0x00007ffed0b87000 	C:\Users\diego\.jdks\corretto-17.0.13\bin\jli.dll
0x00007ffed9b10000 - 0x00007ffed9b2b000 	C:\Users\diego\.jdks\corretto-17.0.13\bin\VCRUNTIME140.dll
0x00007ffee1f20000 - 0x00007ffee20e8000 	C:\WINDOWS\System32\USER32.dll
0x00007ffee0160000 - 0x00007ffee0187000 	C:\WINDOWS\System32\win32u.dll
0x00007ffecc700000 - 0x00007ffecc990000 	C:\WINDOWS\WinSxS\amd64_microsoft.windows.common-controls_6595b64144ccf1df_6.0.26100.2454_none_3e0b68a2e331ad60\COMCTL32.dll
0x00007ffee1b90000 - 0x00007ffee1bba000 	C:\WINDOWS\System32\GDI32.dll
0x00007ffee18b0000 - 0x00007ffee1959000 	C:\WINDOWS\System32\msvcrt.dll
0x00007ffee0190000 - 0x00007ffee02bb000 	C:\WINDOWS\System32\gdi32full.dll
0x00007ffedfea0000 - 0x00007ffedff43000 	C:\WINDOWS\System32\msvcp_win.dll
0x00007ffee1e80000 - 0x00007ffee1eaf000 	C:\WINDOWS\System32\IMM32.DLL
0x00007ffeda230000 - 0x00007ffeda23c000 	C:\Users\diego\.jdks\corretto-17.0.13\bin\vcruntime140_1.dll
0x00007ffea0160000 - 0x00007ffea01ed000 	C:\Users\diego\.jdks\corretto-17.0.13\bin\msvcp140.dll
0x00007ffe78a70000 - 0x00007ffe796dc000 	C:\Users\diego\.jdks\corretto-17.0.13\bin\server\jvm.dll
0x00007ffee17f0000 - 0x00007ffee18a4000 	C:\WINDOWS\System32\ADVAPI32.dll
0x00007ffee2370000 - 0x00007ffee2416000 	C:\WINDOWS\System32\sechost.dll
0x00007ffee1560000 - 0x00007ffee1676000 	C:\WINDOWS\System32\RPCRT4.dll
0x00007ffee1e00000 - 0x00007ffee1e74000 	C:\WINDOWS\System32\WS2_32.dll
0x00007ffedf6c0000 - 0x00007ffedf70e000 	C:\WINDOWS\SYSTEM32\POWRPROF.dll
0x00007ffed60c0000 - 0x00007ffed60cb000 	C:\WINDOWS\SYSTEM32\VERSION.dll
0x00007ffedc260000 - 0x00007ffedc296000 	C:\WINDOWS\SYSTEM32\WINMM.dll
0x00007ffedf6a0000 - 0x00007ffedf6b4000 	C:\WINDOWS\SYSTEM32\UMPDC.dll
0x00007ffede670000 - 0x00007ffede68a000 	C:\WINDOWS\SYSTEM32\kernel.appcore.dll
0x00007ffed9b00000 - 0x00007ffed9b0a000 	C:\Users\diego\.jdks\corretto-17.0.13\bin\jimage.dll
0x00007ffedcc20000 - 0x00007ffedce61000 	C:\WINDOWS\SYSTEM32\DBGHELP.DLL
0x00007ffee11a0000 - 0x00007ffee151e000 	C:\WINDOWS\System32\combase.dll
0x00007ffee10c0000 - 0x00007ffee1196000 	C:\WINDOWS\System32\OLEAUT32.dll
0x00007ffec1270000 - 0x00007ffec12a9000 	C:\WINDOWS\SYSTEM32\dbgcore.DLL
0x00007ffedfa40000 - 0x00007ffedfad9000 	C:\WINDOWS\System32\bcryptPrimitives.dll
0x00007ffea0040000 - 0x00007ffea007b000 	C:\Users\diego\.jdks\corretto-17.0.13\bin\jdwp.dll
0x00007ffed0e80000 - 0x00007ffed0e8e000 	C:\Users\diego\.jdks\corretto-17.0.13\bin\instrument.dll
0x00007ffed0b40000 - 0x00007ffed0b65000 	C:\Users\diego\.jdks\corretto-17.0.13\bin\java.dll
0x00007ffecfb30000 - 0x00007ffecfb48000 	C:\Users\diego\.jdks\corretto-17.0.13\bin\zip.dll
0x00007ffea0080000 - 0x00007ffea0157000 	C:\Users\diego\.jdks\corretto-17.0.13\bin\jsvml.dll
0x00007ffee0370000 - 0x00007ffee0a70000 	C:\WINDOWS\System32\SHELL32.dll
0x00007ffedd580000 - 0x00007ffedddb1000 	C:\WINDOWS\SYSTEM32\windows.storage.dll
0x00007ffee1680000 - 0x00007ffee175a000 	C:\WINDOWS\System32\SHCORE.dll
0x00007ffee22e0000 - 0x00007ffee233d000 	C:\WINDOWS\System32\shlwapi.dll
0x00007ffedf740000 - 0x00007ffedf76e000 	C:\WINDOWS\SYSTEM32\profapi.dll
0x00007ffed0b20000 - 0x00007ffed0b39000 	C:\Users\diego\.jdks\corretto-17.0.13\bin\net.dll
0x00007ffed8870000 - 0x00007ffed8996000 	C:\WINDOWS\SYSTEM32\WINHTTP.dll
0x00007ffedeb70000 - 0x00007ffedebd8000 	C:\WINDOWS\system32\mswsock.dll
0x00007ffed0b00000 - 0x00007ffed0b16000 	C:\Users\diego\.jdks\corretto-17.0.13\bin\nio.dll
0x00007ffeb71b0000 - 0x00007ffeb71bc000 	C:\Users\diego\.jdks\corretto-17.0.13\bin\dt_socket.dll
0x00007ffede100000 - 0x00007ffede132000 	C:\WINDOWS\SYSTEM32\IPHLPAPI.DLL
0x00000221b2b30000 - 0x00000221b2b33000 	D:\Proyecto Terminal\openjfx-22.0.1_windows-x64_bin-sdk\javafx-sdk-22.0.1\bin\api-ms-win-core-console-l1-1-0.dll
0x00000221b2b40000 - 0x00000221b2b43000 	D:\Proyecto Terminal\openjfx-22.0.1_windows-x64_bin-sdk\javafx-sdk-22.0.1\bin\api-ms-win-core-console-l1-2-0.dll
0x00000221b2b50000 - 0x00000221b2b53000 	D:\Proyecto Terminal\openjfx-22.0.1_windows-x64_bin-sdk\javafx-sdk-22.0.1\bin\api-ms-win-core-datetime-l1-1-0.dll
0x00000221b2b60000 - 0x00000221b2b63000 	D:\Proyecto Terminal\openjfx-22.0.1_windows-x64_bin-sdk\javafx-sdk-22.0.1\bin\api-ms-win-core-debug-l1-1-0.dll
0x00000221b2b70000 - 0x00000221b2b73000 	D:\Proyecto Terminal\openjfx-22.0.1_windows-x64_bin-sdk\javafx-sdk-22.0.1\bin\api-ms-win-core-errorhandling-l1-1-0.dll
0x00000221b4af0000 - 0x00000221b4af4000 	D:\Proyecto Terminal\openjfx-22.0.1_windows-x64_bin-sdk\javafx-sdk-22.0.1\bin\api-ms-win-core-file-l1-1-0.dll
0x00000221b4b00000 - 0x00000221b4b03000 	D:\Proyecto Terminal\openjfx-22.0.1_windows-x64_bin-sdk\javafx-sdk-22.0.1\bin\api-ms-win-core-file-l1-2-0.dll
0x00000221b4b10000 - 0x00000221b4b13000 	D:\Proyecto Terminal\openjfx-22.0.1_windows-x64_bin-sdk\javafx-sdk-22.0.1\bin\api-ms-win-core-file-l2-1-0.dll
0x00000221b4b20000 - 0x00000221b4b23000 	D:\Proyecto Terminal\openjfx-22.0.1_windows-x64_bin-sdk\javafx-sdk-22.0.1\bin\api-ms-win-core-handle-l1-1-0.dll
0x00000221d2bb0000 - 0x00000221d2bb3000 	D:\Proyecto Terminal\openjfx-22.0.1_windows-x64_bin-sdk\javafx-sdk-22.0.1\bin\api-ms-win-core-heap-l1-1-0.dll
0x00000221d2bc0000 - 0x00000221d2bc3000 	D:\Proyecto Terminal\openjfx-22.0.1_windows-x64_bin-sdk\javafx-sdk-22.0.1\bin\api-ms-win-core-interlocked-l1-1-0.dll
0x00000221d2bd0000 - 0x00000221d2bd3000 	D:\Proyecto Terminal\openjfx-22.0.1_windows-x64_bin-sdk\javafx-sdk-22.0.1\bin\api-ms-win-core-libraryloader-l1-1-0.dll
0x00000221d2be0000 - 0x00000221d2be3000 	D:\Proyecto Terminal\openjfx-22.0.1_windows-x64_bin-sdk\javafx-sdk-22.0.1\bin\api-ms-win-core-localization-l1-2-0.dll
0x00000221d2bf0000 - 0x00000221d2bf3000 	D:\Proyecto Terminal\openjfx-22.0.1_windows-x64_bin-sdk\javafx-sdk-22.0.1\bin\api-ms-win-core-memory-l1-1-0.dll
0x00000221d2c00000 - 0x00000221d2c03000 	D:\Proyecto Terminal\openjfx-22.0.1_windows-x64_bin-sdk\javafx-sdk-22.0.1\bin\api-ms-win-core-namedpipe-l1-1-0.dll
0x00000221d2c10000 - 0x00000221d2c13000 	D:\Proyecto Terminal\openjfx-22.0.1_windows-x64_bin-sdk\javafx-sdk-22.0.1\bin\api-ms-win-core-processenvironment-l1-1-0.dll
0x00000221d2c20000 - 0x00000221d2c23000 	D:\Proyecto Terminal\openjfx-22.0.1_windows-x64_bin-sdk\javafx-sdk-22.0.1\bin\api-ms-win-core-processthreads-l1-1-0.dll
0x00000221d2c30000 - 0x00000221d2c33000 	D:\Proyecto Terminal\openjfx-22.0.1_windows-x64_bin-sdk\javafx-sdk-22.0.1\bin\api-ms-win-core-processthreads-l1-1-1.dll
0x00000221d2c40000 - 0x00000221d2c43000 	D:\Proyecto Terminal\openjfx-22.0.1_windows-x64_bin-sdk\javafx-sdk-22.0.1\bin\api-ms-win-core-profile-l1-1-0.dll
0x00000221d2c50000 - 0x00000221d2c53000 	D:\Proyecto Terminal\openjfx-22.0.1_windows-x64_bin-sdk\javafx-sdk-22.0.1\bin\api-ms-win-core-rtlsupport-l1-1-0.dll
0x00000221d2c60000 - 0x00000221d2c63000 	D:\Proyecto Terminal\openjfx-22.0.1_windows-x64_bin-sdk\javafx-sdk-22.0.1\bin\api-ms-win-core-string-l1-1-0.dll
0x00000221d2c70000 - 0x00000221d2c73000 	D:\Proyecto Terminal\openjfx-22.0.1_windows-x64_bin-sdk\javafx-sdk-22.0.1\bin\api-ms-win-core-synch-l1-1-0.dll
0x00000221d2c80000 - 0x00000221d2c83000 	D:\Proyecto Terminal\openjfx-22.0.1_windows-x64_bin-sdk\javafx-sdk-22.0.1\bin\api-ms-win-core-synch-l1-2-0.dll
0x00000221d2c90000 - 0x00000221d2c93000 	D:\Proyecto Terminal\openjfx-22.0.1_windows-x64_bin-sdk\javafx-sdk-22.0.1\bin\api-ms-win-core-sysinfo-l1-1-0.dll
0x00000221d2ca0000 - 0x00000221d2ca3000 	D:\Proyecto Terminal\openjfx-22.0.1_windows-x64_bin-sdk\javafx-sdk-22.0.1\bin\api-ms-win-core-timezone-l1-1-0.dll
0x00000221d2cb0000 - 0x00000221d2cb3000 	D:\Proyecto Terminal\openjfx-22.0.1_windows-x64_bin-sdk\javafx-sdk-22.0.1\bin\api-ms-win-core-util-l1-1-0.dll
0x00000221d2cc0000 - 0x00000221d2cc3000 	D:\Proyecto Terminal\openjfx-22.0.1_windows-x64_bin-sdk\javafx-sdk-22.0.1\bin\api-ms-win-crt-conio-l1-1-0.dll
0x00000221d2cd0000 - 0x00000221d2cd4000 	D:\Proyecto Terminal\openjfx-22.0.1_windows-x64_bin-sdk\javafx-sdk-22.0.1\bin\api-ms-win-crt-convert-l1-1-0.dll
0x00000221d2ce0000 - 0x00000221d2ce3000 	D:\Proyecto Terminal\openjfx-22.0.1_windows-x64_bin-sdk\javafx-sdk-22.0.1\bin\api-ms-win-crt-environment-l1-1-0.dll
0x00000221d2cf0000 - 0x00000221d2cf3000 	D:\Proyecto Terminal\openjfx-22.0.1_windows-x64_bin-sdk\javafx-sdk-22.0.1\bin\api-ms-win-crt-filesystem-l1-1-0.dll
0x00000221d2d00000 - 0x00000221d2d03000 	D:\Proyecto Terminal\openjfx-22.0.1_windows-x64_bin-sdk\javafx-sdk-22.0.1\bin\api-ms-win-crt-heap-l1-1-0.dll
0x00000221d2d10000 - 0x00000221d2d13000 	D:\Proyecto Terminal\openjfx-22.0.1_windows-x64_bin-sdk\javafx-sdk-22.0.1\bin\api-ms-win-crt-locale-l1-1-0.dll
0x00000221d2d20000 - 0x00000221d2d25000 	D:\Proyecto Terminal\openjfx-22.0.1_windows-x64_bin-sdk\javafx-sdk-22.0.1\bin\api-ms-win-crt-math-l1-1-0.dll
0x00000221d2d30000 - 0x00000221d2d35000 	D:\Proyecto Terminal\openjfx-22.0.1_windows-x64_bin-sdk\javafx-sdk-22.0.1\bin\api-ms-win-crt-multibyte-l1-1-0.dll
0x00000221d2d40000 - 0x00000221d2d50000 	D:\Proyecto Terminal\openjfx-22.0.1_windows-x64_bin-sdk\javafx-sdk-22.0.1\bin\api-ms-win-crt-private-l1-1-0.dll
0x00000221d2d50000 - 0x00000221d2d53000 	D:\Proyecto Terminal\openjfx-22.0.1_windows-x64_bin-sdk\javafx-sdk-22.0.1\bin\api-ms-win-crt-process-l1-1-0.dll
0x00000221d2d60000 - 0x00000221d2d64000 	D:\Proyecto Terminal\openjfx-22.0.1_windows-x64_bin-sdk\javafx-sdk-22.0.1\bin\api-ms-win-crt-runtime-l1-1-0.dll
0x00000221d2d70000 - 0x00000221d2d74000 	D:\Proyecto Terminal\openjfx-22.0.1_windows-x64_bin-sdk\javafx-sdk-22.0.1\bin\api-ms-win-crt-stdio-l1-1-0.dll
0x00000221d2d80000 - 0x00000221d2d84000 	D:\Proyecto Terminal\openjfx-22.0.1_windows-x64_bin-sdk\javafx-sdk-22.0.1\bin\api-ms-win-crt-string-l1-1-0.dll
0x00000221d2d90000 - 0x00000221d2d93000 	D:\Proyecto Terminal\openjfx-22.0.1_windows-x64_bin-sdk\javafx-sdk-22.0.1\bin\api-ms-win-crt-time-l1-1-0.dll
0x00000221d2da0000 - 0x00000221d2da3000 	D:\Proyecto Terminal\openjfx-22.0.1_windows-x64_bin-sdk\javafx-sdk-22.0.1\bin\api-ms-win-crt-utility-l1-1-0.dll
0x00007ffe9ff40000 - 0x00007ffea003c000 	D:\Proyecto Terminal\openjfx-22.0.1_windows-x64_bin-sdk\javafx-sdk-22.0.1\bin\ucrtbase.dll
0x00007ffe9ff20000 - 0x00007ffe9ff3b000 	D:\Proyecto Terminal\openjfx-22.0.1_windows-x64_bin-sdk\javafx-sdk-22.0.1\bin\vcruntime140.dll
0x00007ffeb5be0000 - 0x00007ffeb5bec000 	D:\Proyecto Terminal\openjfx-22.0.1_windows-x64_bin-sdk\javafx-sdk-22.0.1\bin\vcruntime140_1.dll
0x00007ffe9fe90000 - 0x00007ffe9ff1e000 	D:\Proyecto Terminal\openjfx-22.0.1_windows-x64_bin-sdk\javafx-sdk-22.0.1\bin\msvcp140.dll
0x00007ffeb4920000 - 0x00007ffeb4929000 	D:\Proyecto Terminal\openjfx-22.0.1_windows-x64_bin-sdk\javafx-sdk-22.0.1\bin\msvcp140_1.dll
0x00007ffe946d0000 - 0x00007ffe94711000 	D:\Proyecto Terminal\openjfx-22.0.1_windows-x64_bin-sdk\javafx-sdk-22.0.1\bin\msvcp140_2.dll
0x00007ffe7c6f0000 - 0x00007ffe7c720000 	D:\Proyecto Terminal\openjfx-22.0.1_windows-x64_bin-sdk\javafx-sdk-22.0.1\bin\prism_d3d.dll
0x00007ffeb6870000 - 0x00007ffeb6a16000 	C:\WINDOWS\system32\d3d9.dll
0x00007ffedc630000 - 0x00007ffedc65e000 	C:\WINDOWS\SYSTEM32\dwmapi.dll
0x00007ffedc490000 - 0x00007ffedc4d7000 	C:\WINDOWS\SYSTEM32\dxcore.dll
0x00007ffedc2c0000 - 0x00007ffedc36d000 	C:\WINDOWS\system32\uxtheme.dll
0x00007ffed60d0000 - 0x00007ffed62ad000 	C:\WINDOWS\System32\DriverStore\FileRepository\u0355756.inf_amd64_5146fc3a012e7afa\B354291\aticfx64.dll
0x00007ffed07f0000 - 0x00007ffed0820000 	C:\WINDOWS\System32\DriverStore\FileRepository\u0355756.inf_amd64_5146fc3a012e7afa\B354291\atiu9p64.dll
0x00007ffea96c0000 - 0x00007ffeaa38b000 	C:\WINDOWS\System32\DriverStore\FileRepository\u0355756.inf_amd64_5146fc3a012e7afa\B354291\atiumd64.dll
0x00007ffee0a80000 - 0x00007ffee0c19000 	C:\WINDOWS\System32\ole32.dll
0x0000000065cd0000 - 0x0000000066a53000 	C:\WINDOWS\System32\DriverStore\FileRepository\u0355756.inf_amd64_5146fc3a012e7afa\B354291\atiumd6a.dll
0x00007ffedc410000 - 0x00007ffedc46c000 	C:\WINDOWS\SYSTEM32\directxdatabasehelper.dll
0x00007ffe7c6a0000 - 0x00007ffe7c6e5000 	D:\Proyecto Terminal\openjfx-22.0.1_windows-x64_bin-sdk\javafx-sdk-22.0.1\bin\glass.dll
0x00007ffee20f0000 - 0x00007ffee21dd000 	C:\WINDOWS\System32\COMDLG32.dll
0x00007ffe8f650000 - 0x00007ffe8f6ae000 	C:\Program Files\Huawei\PCManager\plugins\PerfWndMonModule.dll
0x00007ffee1960000 - 0x00007ffee1abc000 	C:\WINDOWS\System32\MSCTF.dll
0x00007ffee02c0000 - 0x00007ffee0368000 	C:\WINDOWS\System32\clbcatq.dll
0x00007ffed18a0000 - 0x00007ffed19f5000 	C:\Windows\System32\Windows.UI.dll
0x00007ffeb9150000 - 0x00007ffeb929c000 	C:\Windows\System32\Windows.UI.Immersive.dll
0x00007ffe9fe70000 - 0x00007ffe9fe85000 	D:\Proyecto Terminal\openjfx-22.0.1_windows-x64_bin-sdk\javafx-sdk-22.0.1\bin\javafx_font.dll
0x00007ffedbc50000 - 0x00007ffedbeb5000 	C:\WINDOWS\SYSTEM32\dwrite.dll
0x00007ffedb3a0000 - 0x00007ffedb5ce000 	C:\WINDOWS\SYSTEM32\WindowsCodecs.dll
0x00007ffed06f0000 - 0x00007ffed074a000 	C:\WINDOWS\system32\dataexchange.dll
0x00007ffed36f0000 - 0x00007ffed3927000 	C:\WINDOWS\system32\twinapi.appcore.dll
0x00007ffe7c670000 - 0x00007ffe7c69c000 	C:\Program Files\Common Files\Microsoft Shared\Ink\rtscom.dll
0x00007ffec5ad0000 - 0x00007ffec5c16000 	C:\WINDOWS\SYSTEM32\textinputframework.dll
0x00007ffed8740000 - 0x00007ffed8865000 	C:\WINDOWS\SYSTEM32\CoreMessaging.dll
0x00007ffed6500000 - 0x00007ffed67e3000 	C:\WINDOWS\SYSTEM32\CoreUIComponents.dll
0x00007ffeda320000 - 0x00007ffeda488000 	C:\WINDOWS\SYSTEM32\wintypes.dll
0x00007ffedee30000 - 0x00007ffedee3c000 	C:\WINDOWS\SYSTEM32\CRYPTBASE.DLL
0x00007ffe782c0000 - 0x00007ffe782ed000 	D:\Proyecto Terminal\openjfx-22.0.1_windows-x64_bin-sdk\javafx-sdk-22.0.1\bin\javafx_iio.dll
0x00007ffedb610000 - 0x00007ffedbc4a000 	C:\WINDOWS\SYSTEM32\d2d1.dll
0x00007ffedbff0000 - 0x00007ffedc24d000 	C:\WINDOWS\SYSTEM32\d3d11.dll

dbghelp: loaded successfully - version: 4.0.5 - missing functions: none
symbol engine: initialized successfully - sym options: 0x614 - pdb path: .;C:\Users\diego\.jdks\corretto-17.0.13\bin;C:\WINDOWS\SYSTEM32;C:\WINDOWS\WinSxS\amd64_microsoft.windows.common-controls_6595b64144ccf1df_6.0.26100.2454_none_3e0b68a2e331ad60;C:\Users\diego\.jdks\corretto-17.0.13\bin\server;D:\Proyecto Terminal\openjfx-22.0.1_windows-x64_bin-sdk\javafx-sdk-22.0.1\bin;C:\WINDOWS\System32\DriverStore\FileRepository\u0355756.inf_amd64_5146fc3a012e7afa\B354291;C:\Program Files\Huawei\PCManager\plugins;C:\Program Files\Common Files\Microsoft Shared\Ink

VM Arguments:
jvm_args: -agentlib:jdwp=transport=dt_socket,address=127.0.0.1:2572,suspend=y,server=n --module-path=D:\Proyecto Terminal\openjfx-22.0.1_windows-x64_bin-sdk\javafx-sdk-22.0.1\lib --add-modules=javafx.controls,javafx.fxml -javaagent:C:\Users\diego\AppData\Local\JetBrains\IntelliJIdea2024.1\captureAgent\debugger-agent.jar -Dfile.encoding=UTF-8 
java_command: optiuam.bc.controller.OptiUAM24
java_class_path (initial): D:\Proyecto Terminal\C鏚igo\OptiUAM24\OptiUAM\out\production\OptiUAM;D:\Proyecto Terminal\C鏚igo\OptiUAM24\OptiUAM\Librerias\jcommon-1.0.23.jar;D:\Proyecto Terminal\C鏚igo\OptiUAM24\OptiUAM\Librerias\jfreechart-1.0.19.jar;D:\Proyecto Terminal\openjfx-22.0.1_windows-x64_bin-sdk\javafx-sdk-22.0.1\lib\javafx-swt.jar;D:\Proyecto Terminal\openjfx-22.0.1_windows-x64_bin-sdk\javafx-sdk-22.0.1\lib\javafx.base.jar;D:\Proyecto Terminal\openjfx-22.0.1_windows-x64_bin-sdk\javafx-sdk-22.0.1\lib\javafx.controls.jar;D:\Proyecto Terminal\openjfx-22.0.1_windows-x64_bin-sdk\javafx-sdk-22.0.1\lib\javafx.fxml.jar;D:\Proyecto Terminal\openjfx-22.0.1_windows-x64_bin-sdk\javafx-sdk-22.0.1\lib\javafx.graphics.jar;D:\Proyecto Terminal\openjfx-22.0.1_windows-x64_bin-sdk\javafx-sdk-22.0.1\lib\javafx.media.jar;D:\Proyecto Terminal\openjfx-22.0.1_windows-x64_bin-sdk\javafx-sdk-22.0.1\lib\javafx.swing.jar;D:\Proyecto Terminal\openjfx-22.0.1_windows-x64_bin-sdk\javafx-sdk-22.0.1\lib\javafx.web.jar;D:\Proyecto Terminal\openjfx-22.0.1_windows-x64_bin-sdk.zip;D:\Proyecto Terminal\commons-math3-3.6.1\commons-math3-3.6.1-tests.jar;D:\Proyecto Terminal\commons-math3-3.6.1\commons-math3-3.6.1-tools.jar;D:\Proyecto Terminal\commons-math3-3.6.1\commons-math3-3.6.1.jar;C:\Program Files\JetBrains\IntelliJ IDEA 2024.1.3\lib\idea_rt.jar
Launcher Type: SUN_STANDARD

[Global flags]
     intx CICompilerCount                          = 4                                         {product} {ergonomic}
     uint ConcGCThreads                            = 2                                         {product} {ergonomic}
     uint G1ConcRefinementThreads                  = 8                                         {product} {ergonomic}
   size_t G1HeapRegionSize                         = 1048576                                   {product} {ergonomic}
    uintx GCDrainStackTargetSize                   = 64                                        {product} {ergonomic}
   size_t InitialHeapSize                          = 117440512                                 {product} {ergonomic}
   size_t MarkStackSize                            = 4194304                                   {product} {ergonomic}
   size_t MaxHeapSize                              = 1862270976                                {product} {ergonomic}
   size_t MaxNewSize                               = 1116733440                                {product} {ergonomic}
   size_t MinHeapDeltaBytes                        = 1048576                                   {product} {ergonomic}
   size_t MinHeapSize                              = 8388608                                   {product} {ergonomic}
    uintx NonNMethodCodeHeapSize                   = 5839372                                {pd product} {ergonomic}
    uintx NonProfiledCodeHeapSize                  = 122909434                              {pd product} {ergonomic}
    uintx ProfiledCodeHeapSize                     = 122909434                              {pd product} {ergonomic}
    uintx ReservedCodeCacheSize                    = 251658240                              {pd product} {ergonomic}
     bool SegmentedCodeCache                       = true                                      {product} {ergonomic}
   size_t SoftMaxHeapSize                          = 1862270976                             {manageable} {ergonomic}
     bool UseCompressedClassPointers               = true                           {product lp64_product} {ergonomic}
     bool UseCompressedOops                        = true                           {product lp64_product} {ergonomic}
     bool UseG1GC                                  = true                                      {product} {ergonomic}
     bool UseLargePagesIndividualAllocation        = false                                  {pd product} {ergonomic}

Logging:
Log output configuration:
 #0: stdout all=off uptime,level,tags
 #1: stderr all=off uptime,level,tags

Environment Variables:
PATH=C:\Program Files\Common Files\Oracle\Java\javapath;C:\Users\diego\Desktop\oracle\bin;C:\WINDOWS\system32;C:\WINDOWS;C:\WINDOWS\System32\Wbem;C:\WINDOWS\System32\WindowsPowerShell\v1.0\;C:\WINDOWS\System32\OpenSSH\;C:\Program Files\Git\cmd;C:\Strawberry\c\bin;C:\Strawberry\perl\site\bin;C:\Strawberry\perl\bin;C:\Users\diego\AppData\Local\Programs\Python\Launcher\;C:\Users\diego\AppData\Local\Microsoft\WindowsApps;C:\Program Files\JetBrains\IntelliJ IDEA 2024.1.3\bin;;C:\Users\diego\AppData\Local\GitHubDesktop\bin;C:\Program Files\JetBrains\PyCharm 2024.1.4\bin;;C:\Users\diego\AppData\Local\Programs\Microsoft VS Code\bin;C:\Users\diego\AppData\Local\Programs\MiKTeX\miktex\bin\x64\;C:\Program Files\JetBrains\PyCharm Community Edition 2024.3\bin;;
USERNAME=diego
OS=Windows_NT
PROCESSOR_IDENTIFIER=AMD64 Family 23 Model 24 Stepping 1, AuthenticAMD
TMP=C:\Users\diego\AppData\Local\Temp
TEMP=C:\Users\diego\AppData\Local\Temp



Periodic native trim disabled


---------------  S Y S T E M  ---------------

OS:
 Windows 11 , 64 bit Build 26100 (10.0.26100.2454)
OS uptime: 7 days 5:11 hours

CPU: total 8 (initial active 8) (8 cores per cpu, 2 threads per core) family 23 model 24 stepping 1 microcode 0x8108109, cx8, cmov, fxsr, ht, mmx, 3dnowpref, sse, sse2, sse3, ssse3, sse4a, sse4.1, sse4.2, popcnt, lzcnt, tsc, tscinvbit, avx, avx2, aes, clmul, bmi1, bmi2, adx, sha, fma, vzeroupper, clflush, clflushopt
Processor Information for all 8 processors :
  Max Mhz: 2100, Current Mhz: 2100, Mhz Limit: 2100

Memory: 4k page, system-wide physical 7103M (1486M free)
TotalPageFile size 15807M (AvailPageFile size 8228M)
current process WorkingSet (physical memory assigned to process): 252M, peak: 464M
current process commit charge ("private bytes"): 363M, peak: 574M

vm_info: OpenJDK 64-Bit Server VM (17.0.13+11-LTS) for windows-amd64 JRE (17.0.13+11-LTS), built on Oct 10 2024 19:51:30 by "Administrator" with MS VC++ 16.10 / 16.11 (VS2019)

END.
