#
# A fatal error has been detected by the Java Runtime Environment:
#
#  EXCEPTION_ACCESS_VIOLATION (0xc0000005) at pc=0x00007ffe359382d7, pid=10664, tid=2300
#
# JRE version: OpenJDK Runtime Environment Corretto-17.0.12.7.1 (17.0.12+7) (build 17.0.12+7-LTS)
# Java VM: OpenJDK 64-Bit Server VM Corretto-17.0.12.7.1 (17.0.12+7-LTS, mixed mode, sharing, tiered, compressed oops, compressed class ptrs, g1 gc, windows-amd64)
# Problematic frame:
# C  [glass.dll+0x282d7]
#
# No core dump will be written. Minidumps are not enabled by default on client versions of Windows
#
# If you would like to submit a bug report, please visit:
#   https://github.com/corretto/corretto-17/issues/
#

---------------  S U M M A R Y ------------

Command Line: -agentlib:jdwp=transport=dt_socket,address=127.0.0.1:50713,suspend=y,server=n --module-path=D:\Proyecto Terminal\openjfx-22.0.1_windows-x64_bin-sdk\javafx-sdk-22.0.1\lib --add-modules=javafx.controls,javafx.fxml -javaagent:C:\Users\diego\AppData\Local\JetBrains\IntelliJIdea2024.1\captureAgent\debugger-agent.jar -Dfile.encoding=UTF-8 optiuam.bc.controller.OptiUAM24

Host: AMD Ryzen 5 3500U with Radeon Vega Mobile Gfx  , 8 cores, 6G,  Windows 11 , 64 bit Build 22621 (10.0.22621.3958)
Time: Tue Sep 17 12:10:42 2024 Hora est嫕dar central (M憖ico) elapsed time: 817.060636 seconds (0d 0h 13m 37s)

---------------  T H R E A D  ---------------

Current thread (0x000001a27ac5a6a0):  VMThread "VM Thread" [stack: 0x0000000d13100000,0x0000000d13200000] [id=2300]

Stack: [0x0000000d13100000,0x0000000d13200000],  sp=0x0000000d131fec50,  free space=1019k
Native frames: (J=compiled Java code, j=interpreted, Vv=VM code, C=native code)
C  [glass.dll+0x282d7]


siginfo: EXCEPTION_ACCESS_VIOLATION (0xc0000005), reading address 0x0000000000000000


Registers:
RAX=0x0000000000000000, RBX=0x000001a27fbfd800, RCX=0x000001a27ac5a6a0, RDX=0x0000000d131fec50
RSP=0x0000000d131fec50, RBP=0x000001a2505db298, RSI=0x0000000d131fed58, RDI=0x000001a2505db270
R8 =0x0000000000010002, R9 =0x000001a2505db270, R10=0x85f13e9656da4870, R11=0x0000000d131febe0
R12=0x00007ffe35935be0, R13=0x00007ffe1a335fe0, R14=0x0000aa3e574ec260, R15=0x000001a2505db270
RIP=0x00007ffe359382d7, EFLAGS=0x0000000000010206


Register to memory mapping:

RIP=0x00007ffe359382d7 glass.dll
RAX=0x0 is NULL
RBX=0x000001a27fbfd800 is a global jni handle
RCX=0x000001a27ac5a6a0 points into unknown readable memory: 0x00007ffe1a160bb8 | b8 0b 16 1a fe 7f 00 00
RDX=0x0000000d131fec50 points into unknown readable memory: 0x0000000000000000 | 00 00 00 00 00 00 00 00
RSP=0x0000000d131fec50 points into unknown readable memory: 0x0000000000000000 | 00 00 00 00 00 00 00 00
RBP=0x000001a2505db298 points into unknown readable memory: 0x0000aa3e574ec260 | 60 c2 4e 57 3e aa 00 00
RSI=0x0000000d131fed58 points into unknown readable memory: 0x0000000d131fed40 | 40 ed 1f 13 0d 00 00 00
RDI=0x000001a2505db270 points into unknown readable memory: 0x3593fcc6574ebd9e | 9e bd 4e 57 c6 fc 93 35
R8 =0x0000000000010002 is an unknown value
R9 =0x000001a2505db270 points into unknown readable memory: 0x3593fcc6574ebd9e | 9e bd 4e 57 c6 fc 93 35
R10=0x85f13e9656da4870 is an unknown value
R11=0x0000000d131febe0 points into unknown readable memory: 0x000001a2505db270 | 70 b2 5d 50 a2 01 00 00
R12=0x00007ffe35935be0 glass.dll
R13=0x00007ffe1a335fe0 jvm.dll
R14=0x0000aa3e574ec260 is an unknown value
R15=0x000001a2505db270 points into unknown readable memory: 0x3593fcc6574ebd9e | 9e bd 4e 57 c6 fc 93 35


Top of Stack: (sp=0x0000000d131fec50)
0x0000000d131fec50:   0000000000000000 0000000d131fed58
0x0000000d131fec60:   00007ffe1a335fe0 00007ffe35935be0
0x0000000d131fec70:   000001a2505db278 00007ffe6f5d3a93
0x0000000d131fec80:   000001a2505db270 000001a200000000
0x0000000d131fec90:   000001a2505db298 0000000d131fed58
0x0000000d131feca0:   fffffffffffffffe 0000000000000000
0x0000000d131fecb0:   0000000000000001 00007ffe35910000
0x0000000d131fecc0:   0000000d131fed48 00007ffe6f5a042e
0x0000000d131fecd0:   0000000000000000 0000000d131fed58
0x0000000d131fece0:   0000000d131ff040 0000000000000001
0x0000000d131fecf0:   0000000000000001 00007ffe6f59dddd
0x0000000d131fed00:   0000000000000000 00007ffe359353d9
0x0000000d131fed10:   0000000000000000 0000000d131fed48
0x0000000d131fed20:   fffffffffffffffe 0000000000000001
0x0000000d131fed30:   0000000000000001 00007ffe35935a6d
0x0000000d131fed40:   00007ffe3594d078 00007ffe00000002
0x0000000d131fed50:   0000000000000002 0000000d131fed40
0x0000000d131fed60:   0000000000000000 00007ffe72138ae3
0x0000000d131fed70:   0000000000000000 00007ffe35935b92
0x0000000d131fed80:   0000000000000001 0000000d131ff000
0x0000000d131fed90:   0000000000000001 0000000000000001
0x0000000d131feda0:   000001a26a050038 00007ffe6eb62223
0x0000000d131fedb0:   000001a200000001 0000000000000016
0x0000000d131fedc0:   00007ffe35910000 000000007ffe0384
0x0000000d131fedd0:   0000000000000000 00007ffe72138b7f
0x0000000d131fede0:   00007ffe35910000 0000000000000000
0x0000000d131fedf0:   0000000000000001 000000007ffe0385
0x0000000d131fee00:   0000000000000000 00007ffe721617c9
0x0000000d131fee10:   000098d5bc828100 0000000000000014
0x0000000d131fee20:   00007ffe35935be0 0000000000000000
0x0000000d131fee30:   0000000000000000 0000000d126b1000
0x0000000d131fee40:   000001a2507066e0 00007ffe72161586 

Instructions: (pc=0x00007ffe359382d7)
0x00007ffe359381d7:   8b 4d 58 e8 49 cf ff ff 48 8b 4d 60 e8 40 cf ff
0x00007ffe359381e7:   ff 48 8b 95 80 00 00 00 48 8b 8d 18 01 00 00 e8
0x00007ffe359381f7:   26 c5 ff ff 33 d2 33 c9 e8 8c e1 ff ff 90 48 89
0x00007ffe35938207:   54 24 10 55 48 83 ec 20 48 8b ea 48 b8 00 00 00
0x00007ffe35938217:   00 00 00 00 00 48 83 c4 20 5d c3 cc 40 55 48 8b
0x00007ffe35938227:   ea 48 8b 01 33 c9 81 38 05 00 00 c0 0f 94 c1 8b
0x00007ffe35938237:   c1 5d c3 cc 40 55 48 83 ec 20 48 8b ea 8a 4d 40
0x00007ffe35938247:   48 83 c4 20 5d e9 33 d3 ff ff cc 40 55 48 83 ec
0x00007ffe35938257:   20 48 8b ea 8a 4d 20 e8 21 d3 ff ff 90 48 83 c4
0x00007ffe35938267:   20 5d c3 cc 40 55 48 83 ec 20 48 8b ea 48 83 c4
0x00007ffe35938277:   20 5d e9 82 d1 ff ff cc 40 55 48 83 ec 30 48 8b
0x00007ffe35938287:   ea 48 8b 01 8b 10 48 89 4c 24 28 89 54 24 20 4c
0x00007ffe35938297:   8d 0d 23 d6 ff ff 4c 8b 45 70 8b 55 68 48 8b 4d
0x00007ffe359382a7:   60 e8 c3 d0 ff ff 90 48 83 c4 30 5d c3 cc cc cc
0x00007ffe359382b7:   cc cc cc cc cc cc cc cc cc 40 53 48 83 ec 20 48
0x00007ffe359382c7:   8b 1d 6b 47 01 00 48 85 db 74 16 e8 39 90 ff ff
0x00007ffe359382d7:   4c 8b 00 48 8b d3 48 8b c8 41 ff 90 b0 00 00 00
0x00007ffe359382e7:   90 48 83 c4 20 5b c3 cc cc 40 53 48 83 ec 20 48
0x00007ffe359382f7:   8b 1d ab 48 01 00 48 85 db 74 57 b8 ff ff ff ff
0x00007ffe35938307:   f0 0f c1 43 10 83 f8 01 75 3d 48 85 db 74 38 48
0x00007ffe35938317:   8b 0b 48 85 c9 74 0d ff 15 8c 0f 00 00 48 c7 03
0x00007ffe35938327:   00 00 00 00 48 8b 4b 08 48 85 c9 74 0d e8 ef cd
0x00007ffe35938337:   ff ff 48 c7 43 08 00 00 00 00 ba 18 00 00 00 48
0x00007ffe35938347:   8b cb e8 da cd ff ff 48 c7 05 4f 48 01 00 00 00
0x00007ffe35938357:   00 00 48 83 c4 20 5b c3 cc 40 53 48 83 ec 20 48
0x00007ffe35938367:   8b 1d 1b 48 01 00 48 85 db 74 57 b8 ff ff ff ff
0x00007ffe35938377:   f0 0f c1 43 10 83 f8 01 75 3d 48 85 db 74 38 48
0x00007ffe35938387:   8b 0b 48 85 c9 74 0d ff 15 1c 0f 00 00 48 c7 03
0x00007ffe35938397:   00 00 00 00 48 8b 4b 08 48 85 c9 74 0d e8 7f cd
0x00007ffe359383a7:   ff ff 48 c7 43 08 00 00 00 00 ba 18 00 00 00 48
0x00007ffe359383b7:   8b cb e8 6a cd ff ff 48 c7 05 bf 47 01 00 00 00
0x00007ffe359383c7:   00 00 48 83 c4 20 5b c3 cc 40 53 48 83 ec 20 48 


Stack slot to memory mapping:
stack at sp + 0 slots: 0x0 is NULL
stack at sp + 1 slots: 0x0000000d131fed58 points into unknown readable memory: 0x0000000d131fed40 | 40 ed 1f 13 0d 00 00 00
stack at sp + 2 slots: 0x00007ffe1a335fe0 jvm.dll
stack at sp + 3 slots: 0x00007ffe35935be0 glass.dll
stack at sp + 4 slots: 0x000001a2505db278 points into unknown readable memory: 0x0000aa3e574ec260 | 60 c2 4e 57 3e aa 00 00
stack at sp + 5 slots: 0x00007ffe6f5d3a93 ucrtbase.dll
stack at sp + 6 slots: 0x000001a2505db270 points into unknown readable memory: 0x3593fcc6574ebd9e | 9e bd 4e 57 c6 fc 93 35
stack at sp + 7 slots: 0x000001a200000000 points into unknown readable memory: 0x000000000000007b | 7b 00 00 00 00 00 00 00

VM_Operation (0x0000000d129ff130): Exit, mode: safepoint, requested by thread 0x000001a25722eae0


---------------  P R O C E S S  ---------------

Threads class SMR info:
_java_thread_list=0x000001a25bdaba00, length=20, elements={
0x000001a26c1f81e0, 0x000001a27ac5f2b0, 0x000001a27ac60130, 0x000001a27ac77c50,
0x000001a27ac78520, 0x000001a27ac78df0, 0x000001a27ac79cb0, 0x000001a27ac86090,
0x000001a27ac84100, 0x000001a27f056e60, 0x000001a27faf6300, 0x000001a25028baf0,
0x000001a2500ed3a0, 0x000001a2501c8010, 0x000001a25022f7e0, 0x000001a2500e0aa0,
0x000001a2505a46a0, 0x000001a25722ff20, 0x000001a25722d6a0, 0x000001a25722eae0
}

Java Threads: ( => current thread )
  0x000001a26c1f81e0 JavaThread "main" [_thread_blocked, id=5152, stack(0x0000000d12b00000,0x0000000d12c00000)]
  0x000001a27ac5f2b0 JavaThread "Reference Handler" daemon [_thread_blocked, id=4948, stack(0x0000000d13200000,0x0000000d13300000)]
  0x000001a27ac60130 JavaThread "Finalizer" daemon [_thread_blocked, id=8552, stack(0x0000000d13300000,0x0000000d13400000)]
  0x000001a27ac77c50 JavaThread "Attach Listener" daemon [_thread_blocked, id=1676, stack(0x0000000d13500000,0x0000000d13600000)]
  0x000001a27ac78520 JavaThread "Service Thread" daemon [_thread_blocked, id=7720, stack(0x0000000d13600000,0x0000000d13700000)]
  0x000001a27ac78df0 JavaThread "Monitor Deflation Thread" daemon [_thread_blocked, id=2504, stack(0x0000000d13700000,0x0000000d13800000)]
  0x000001a27ac79cb0 JavaThread "C2 CompilerThread0" daemon [_thread_blocked, id=14364, stack(0x0000000d13800000,0x0000000d13900000)]
  0x000001a27ac86090 JavaThread "C1 CompilerThread0" daemon [_thread_blocked, id=2248, stack(0x0000000d13900000,0x0000000d13a00000)]
  0x000001a27ac84100 JavaThread "Sweeper thread" daemon [_thread_blocked, id=3308, stack(0x0000000d13a00000,0x0000000d13b00000)]
  0x000001a27f056e60 JavaThread "Common-Cleaner" daemon [_thread_blocked, id=14688, stack(0x0000000d13b00000,0x0000000d13c00000)]
  0x000001a27faf6300 JavaThread "JDWP Event Helper Thread" daemon [_thread_blocked, id=4960, stack(0x0000000d13f00000,0x0000000d14000000)]
  0x000001a25028baf0 JavaThread "Notification Thread" daemon [_thread_blocked, id=13188, stack(0x0000000d14100000,0x0000000d14200000)]
  0x000001a2500ed3a0 JavaThread "QuantumRenderer-0" daemon [_thread_blocked, id=10036, stack(0x0000000d14300000,0x0000000d14400000)]
  0x000001a2501c8010 JavaThread "InvokeLaterDispatcher" daemon [_thread_blocked, id=7540, stack(0x0000000d14600000,0x0000000d14700000)]
  0x000001a25022f7e0 JavaThread "JavaFX Application Thread" [_thread_blocked, id=1096, stack(0x0000000d14700000,0x0000000d14800000)]
  0x000001a2500e0aa0 JavaThread "JavaFX-Launcher" [_thread_blocked, id=8836, stack(0x0000000d13d00000,0x0000000d13e00000)]
  0x000001a2505a46a0 JavaThread "Thread-2" daemon [_thread_in_native, id=7200, stack(0x0000000d13c00000,0x0000000d13d00000)]
  0x000001a25722ff20 JavaThread "Prism Font Disposer" daemon [_thread_blocked, id=12168, stack(0x0000000d15800000,0x0000000d15900000)]
  0x000001a25722d6a0 JavaThread "Cleaner-0" daemon [_thread_blocked, id=3392, stack(0x0000000d15900000,0x0000000d15a00000)]
  0x000001a25722eae0 JavaThread "SIGINT handler" daemon [_thread_blocked, id=2284, stack(0x0000000d12900000,0x0000000d12a00000)]

Other Threads:
=>0x000001a27ac5a6a0 VMThread "VM Thread" [stack: 0x0000000d13100000,0x0000000d13200000] [id=2300]
  0x000001a26c24c8f0 GCTaskThread "GC Thread#0" [stack: 0x0000000d12c00000,0x0000000d12d00000] [id=1840]
  0x000001a2502ce270 GCTaskThread "GC Thread#1" [stack: 0x0000000d14e00000,0x0000000d14f00000] [id=13736]
  0x000001a2502ce530 GCTaskThread "GC Thread#2" [stack: 0x0000000d14f00000,0x0000000d15000000] [id=4400]
  0x000001a2502ce7f0 GCTaskThread "GC Thread#3" [stack: 0x0000000d15000000,0x0000000d15100000] [id=2152]
  0x000001a2502ceab0 GCTaskThread "GC Thread#4" [stack: 0x0000000d15100000,0x0000000d15200000] [id=9556]
  0x000001a2502ced70 GCTaskThread "GC Thread#5" [stack: 0x0000000d15200000,0x0000000d15300000] [id=5232]
  0x000001a2502c6ab0 GCTaskThread "GC Thread#6" [stack: 0x0000000d15300000,0x0000000d15400000] [id=15304]
  0x000001a2502c6d70 GCTaskThread "GC Thread#7" [stack: 0x0000000d15400000,0x0000000d15500000] [id=11488]
  0x000001a26c25c650 ConcurrentGCThread "G1 Main Marker" terminated
  0x000001a26c25d070 ConcurrentGCThread "G1 Conc#0" [stack: 0x0000000d12e00000,0x0000000d12f00000] [id=4704]
  0x000001a25fc319b0 ConcurrentGCThread "G1 Conc#1" [stack: 0x0000000d15500000,0x0000000d15600000] [id=7196]
  0x000001a26c2aec20 ConcurrentGCThread "G1 Refine#0" terminated
  0x000001a27ab19430 ConcurrentGCThread "G1 Service" terminated

Threads with active compile tasks:

VM state: at safepoint (shutting down)

VM Mutex/Monitor currently owned by a thread:  ([mutex/lock_event])
[0x000001a26c1f1f80] Threads_lock - owner thread: 0x000001a27ac5a6a0
[0x000001a26c1f2be0] Heap_lock - owner thread: 0x000001a25722eae0

Heap address: 0x0000000091000000, size: 1776 MB, Compressed Oops mode: 32-bit

CDS archive(s) mapped at: [0x000001a20f000000-0x000001a20fbb0000-0x000001a20fbb0000), size 12255232, SharedBaseAddress: 0x000001a20f000000, ArchiveRelocationMode: 1.
Compressed class space mapped at: 0x000001a210000000-0x000001a250000000, reserved size: 1073741824
Narrow klass base: 0x000001a20f000000, Narrow klass shift: 0, Narrow klass range: 0x100000000

GC Precious Log:
 CPUs: 8 total, 8 available
 Memory: 7103M
 Large Page Support: Disabled
 NUMA Support: Disabled
 Compressed Oops: Enabled (32-bit)
 Heap Region Size: 1M
 Heap Min Capacity: 8M
 Heap Initial Capacity: 112M
 Heap Max Capacity: 1776M
 Pre-touch: Disabled
 Parallel Workers: 8
 Concurrent Workers: 2
 Concurrent Refinement Workers: 8
 Periodic GC: Disabled

Heap:
 garbage-first heap   total 114688K, used 63418K [0x0000000091000000, 0x0000000100000000)
  region size 1024K, 26 young (26624K), 5 survivors (5120K)
 Metaspace       used 23861K, committed 24256K, reserved 1114112K
  class space    used 3435K, committed 3648K, reserved 1048576K

Heap Regions: E=young(eden), S=young(survivor), O=old, HS=humongous(starts), HC=humongous(continues), CS=collection set, F=free, OA=open archive, CA=closed archive, TAMS=top-at-mark-start (previous, next)
|   0|0x0000000091000000, 0x0000000091100000, 0x0000000091100000|100%|HS|  |TAMS 0x0000000091100000, 0x0000000091000000| Complete 
|   1|0x0000000091100000, 0x0000000091200000, 0x0000000091200000|100%|HS|  |TAMS 0x0000000091200000, 0x0000000091100000| Complete 
|   2|0x0000000091200000, 0x0000000091300000, 0x0000000091300000|100%|HS|  |TAMS 0x0000000091300000, 0x0000000091200000| Complete 
|   3|0x0000000091300000, 0x0000000091400000, 0x0000000091400000|100%| O|  |TAMS 0x0000000091400000, 0x0000000091300000| Untracked 
|   4|0x0000000091400000, 0x0000000091500000, 0x0000000091500000|100%| O|  |TAMS 0x0000000091500000, 0x0000000091400000| Untracked 
|   5|0x0000000091500000, 0x0000000091600000, 0x0000000091600000|100%| O|  |TAMS 0x00000000915d3c00, 0x0000000091500000| Untracked 
|   6|0x0000000091600000, 0x0000000091700000, 0x0000000091700000|100%|HS|  |TAMS 0x0000000091700000, 0x0000000091600000| Complete 
|   7|0x0000000091700000, 0x0000000091800000, 0x0000000091800000|100%|HC|  |TAMS 0x0000000091800000, 0x0000000091700000| Complete 
|   8|0x0000000091800000, 0x0000000091900000, 0x0000000091900000|100%|HC|  |TAMS 0x0000000091900000, 0x0000000091800000| Complete 
|   9|0x0000000091900000, 0x0000000091a00000, 0x0000000091a00000|100%|HC|  |TAMS 0x0000000091a00000, 0x0000000091900000| Complete 
|  10|0x0000000091a00000, 0x0000000091b00000, 0x0000000091b00000|100%|HC|  |TAMS 0x0000000091b00000, 0x0000000091a00000| Complete 
|  11|0x0000000091b00000, 0x0000000091c00000, 0x0000000091c00000|100%|HC|  |TAMS 0x0000000091c00000, 0x0000000091b00000| Complete 
|  12|0x0000000091c00000, 0x0000000091d00000, 0x0000000091d00000|100%|HC|  |TAMS 0x0000000091d00000, 0x0000000091c00000| Complete 
|  13|0x0000000091d00000, 0x0000000091e00000, 0x0000000091e00000|100%|HC|  |TAMS 0x0000000091e00000, 0x0000000091d00000| Complete 
|  14|0x0000000091e00000, 0x0000000091f00000, 0x0000000091f00000|100%|HC|  |TAMS 0x0000000091f00000, 0x0000000091e00000| Complete 
|  15|0x0000000091f00000, 0x0000000092000000, 0x0000000092000000|100%|HC|  |TAMS 0x0000000092000000, 0x0000000091f00000| Complete 
|  16|0x0000000092000000, 0x0000000092100000, 0x0000000092100000|100%|HC|  |TAMS 0x0000000092100000, 0x0000000092000000| Complete 
|  17|0x0000000092100000, 0x0000000092200000, 0x0000000092200000|100%|HC|  |TAMS 0x0000000092200000, 0x0000000092100000| Complete 
|  18|0x0000000092200000, 0x0000000092300000, 0x0000000092300000|100%|HC|  |TAMS 0x0000000092300000, 0x0000000092200000| Complete 
|  19|0x0000000092300000, 0x0000000092400000, 0x0000000092400000|100%|HS|  |TAMS 0x0000000092300000, 0x0000000092300000| Complete 
|  20|0x0000000092400000, 0x0000000092500000, 0x0000000092500000|100%|HS|  |TAMS 0x0000000092500000, 0x0000000092400000| Complete 
|  21|0x0000000092500000, 0x0000000092600000, 0x0000000092600000|100%|HC|  |TAMS 0x0000000092600000, 0x0000000092500000| Complete 
|  22|0x0000000092600000, 0x0000000092700000, 0x0000000092700000|100%|HS|  |TAMS 0x0000000092700000, 0x0000000092600000| Complete 
|  23|0x0000000092700000, 0x0000000092800000, 0x0000000092800000|100%|HS|  |TAMS 0x0000000092700000, 0x0000000092700000| Complete 
|  24|0x0000000092800000, 0x0000000092900000, 0x0000000092900000|100%| O|  |TAMS 0x0000000092800000, 0x0000000092800000| Untracked 
|  25|0x0000000092900000, 0x0000000092a00000, 0x0000000092a00000|100%| O|  |TAMS 0x0000000092900000, 0x0000000092900000| Untracked 
|  26|0x0000000092a00000, 0x0000000092b00000, 0x0000000092b00000|100%|HS|  |TAMS 0x0000000092a00000, 0x0000000092a00000| Complete 
|  27|0x0000000092b00000, 0x0000000092b00000, 0x0000000092c00000|  0%| F|  |TAMS 0x0000000092b00000, 0x0000000092b00000| Untracked 
|  28|0x0000000092c00000, 0x0000000092c00000, 0x0000000092d00000|  0%| F|  |TAMS 0x0000000092c00000, 0x0000000092c00000| Untracked 
|  29|0x0000000092d00000, 0x0000000092d00000, 0x0000000092e00000|  0%| F|  |TAMS 0x0000000092d00000, 0x0000000092d00000| Untracked 
|  30|0x0000000092e00000, 0x0000000092e00000, 0x0000000092f00000|  0%| F|  |TAMS 0x0000000092e00000, 0x0000000092e00000| Untracked 
|  31|0x0000000092f00000, 0x0000000092f00000, 0x0000000093000000|  0%| F|  |TAMS 0x0000000092f00000, 0x0000000092f00000| Untracked 
|  32|0x0000000093000000, 0x0000000093000000, 0x0000000093100000|  0%| F|  |TAMS 0x0000000093000000, 0x0000000093000000| Untracked 
|  33|0x0000000093100000, 0x0000000093100000, 0x0000000093200000|  0%| F|  |TAMS 0x0000000093100000, 0x0000000093100000| Untracked 
|  34|0x0000000093200000, 0x0000000093300000, 0x0000000093300000|100%|HS|  |TAMS 0x0000000093200000, 0x0000000093200000| Complete 
|  35|0x0000000093300000, 0x0000000093300000, 0x0000000093400000|  0%| F|  |TAMS 0x0000000093300000, 0x0000000093300000| Untracked 
|  36|0x0000000093400000, 0x0000000093400000, 0x0000000093500000|  0%| F|  |TAMS 0x0000000093400000, 0x0000000093400000| Untracked 
|  37|0x0000000093500000, 0x0000000093500000, 0x0000000093600000|  0%| F|  |TAMS 0x0000000093500000, 0x0000000093500000| Untracked 
|  38|0x0000000093600000, 0x0000000093600000, 0x0000000093700000|  0%| F|  |TAMS 0x0000000093600000, 0x0000000093600000| Untracked 
|  39|0x0000000093700000, 0x0000000093700000, 0x0000000093800000|  0%| F|  |TAMS 0x0000000093700000, 0x0000000093700000| Untracked 
|  40|0x0000000093800000, 0x0000000093900000, 0x0000000093900000|100%|HS|  |TAMS 0x0000000093800000, 0x0000000093800000| Complete 
|  41|0x0000000093900000, 0x0000000093a00000, 0x0000000093a00000|100%| O|  |TAMS 0x0000000093900000, 0x0000000093900000| Untracked 
|  42|0x0000000093a00000, 0x0000000093b00000, 0x0000000093b00000|100%| O|  |TAMS 0x0000000093a00000, 0x0000000093a00000| Untracked 
|  43|0x0000000093b00000, 0x0000000093c00000, 0x0000000093c00000|100%| O|  |TAMS 0x0000000093b00000, 0x0000000093b00000| Untracked 
|  44|0x0000000093c00000, 0x0000000093c00000, 0x0000000093d00000|  0%| F|  |TAMS 0x0000000093c00000, 0x0000000093c00000| Untracked 
|  45|0x0000000093d00000, 0x0000000093d00000, 0x0000000093e00000|  0%| F|  |TAMS 0x0000000093d00000, 0x0000000093d00000| Untracked 
|  46|0x0000000093e00000, 0x0000000093e00000, 0x0000000093f00000|  0%| F|  |TAMS 0x0000000093e00000, 0x0000000093e00000| Untracked 
|  47|0x0000000093f00000, 0x0000000093f00000, 0x0000000094000000|  0%| F|  |TAMS 0x0000000093f00000, 0x0000000093f00000| Untracked 
|  48|0x0000000094000000, 0x0000000094000000, 0x0000000094100000|  0%| F|  |TAMS 0x0000000094000000, 0x0000000094000000| Untracked 
|  49|0x0000000094100000, 0x0000000094100000, 0x0000000094200000|  0%| F|  |TAMS 0x0000000094100000, 0x0000000094100000| Untracked 
|  50|0x0000000094200000, 0x0000000094200000, 0x0000000094300000|  0%| F|  |TAMS 0x0000000094200000, 0x0000000094200000| Untracked 
|  51|0x0000000094300000, 0x0000000094300000, 0x0000000094400000|  0%| F|  |TAMS 0x0000000094300000, 0x0000000094300000| Untracked 
|  52|0x0000000094400000, 0x0000000094400000, 0x0000000094500000|  0%| F|  |TAMS 0x0000000094400000, 0x0000000094400000| Untracked 
|  53|0x0000000094500000, 0x0000000094600000, 0x0000000094600000|100%| O|  |TAMS 0x0000000094500000, 0x0000000094500000| Untracked 
|  54|0x0000000094600000, 0x0000000094700000, 0x0000000094700000|100%| O|  |TAMS 0x0000000094600000, 0x0000000094600000| Untracked 
|  55|0x0000000094700000, 0x0000000094800000, 0x0000000094800000|100%| O|  |TAMS 0x0000000094700000, 0x0000000094700000| Untracked 
|  56|0x0000000094800000, 0x0000000094900000, 0x0000000094900000|100%| O|  |TAMS 0x0000000094800000, 0x0000000094800000| Untracked 
|  57|0x0000000094900000, 0x00000000949ee800, 0x0000000094a00000| 93%| O|  |TAMS 0x0000000094900000, 0x0000000094900000| Untracked 
|  58|0x0000000094a00000, 0x0000000094a00000, 0x0000000094b00000|  0%| F|  |TAMS 0x0000000094a00000, 0x0000000094a00000| Untracked 
|  59|0x0000000094b00000, 0x0000000094b00000, 0x0000000094c00000|  0%| F|  |TAMS 0x0000000094b00000, 0x0000000094b00000| Untracked 
|  60|0x0000000094c00000, 0x0000000094c00000, 0x0000000094d00000|  0%| F|  |TAMS 0x0000000094c00000, 0x0000000094c00000| Untracked 
|  61|0x0000000094d00000, 0x0000000094e00000, 0x0000000094e00000|100%| S|CS|TAMS 0x0000000094d00000, 0x0000000094d00000| Complete 
|  62|0x0000000094e00000, 0x0000000094f00000, 0x0000000094f00000|100%| S|CS|TAMS 0x0000000094e00000, 0x0000000094e00000| Complete 
|  63|0x0000000094f00000, 0x0000000095000000, 0x0000000095000000|100%| S|CS|TAMS 0x0000000094f00000, 0x0000000094f00000| Complete 
|  64|0x0000000095000000, 0x0000000095100000, 0x0000000095100000|100%| S|CS|TAMS 0x0000000095000000, 0x0000000095000000| Complete 
|  65|0x0000000095100000, 0x0000000095200000, 0x0000000095200000|100%| S|CS|TAMS 0x0000000095100000, 0x0000000095100000| Complete 
|  66|0x0000000095200000, 0x0000000095200000, 0x0000000095300000|  0%| F|  |TAMS 0x0000000095200000, 0x0000000095200000| Untracked 
|  67|0x0000000095300000, 0x0000000095300000, 0x0000000095400000|  0%| F|  |TAMS 0x0000000095300000, 0x0000000095300000| Untracked 
|  68|0x0000000095400000, 0x0000000095400000, 0x0000000095500000|  0%| F|  |TAMS 0x0000000095400000, 0x0000000095400000| Untracked 
|  69|0x0000000095500000, 0x0000000095500000, 0x0000000095600000|  0%| F|  |TAMS 0x0000000095500000, 0x0000000095500000| Untracked 
|  70|0x0000000095600000, 0x0000000095600000, 0x0000000095700000|  0%| F|  |TAMS 0x0000000095600000, 0x0000000095600000| Untracked 
|  71|0x0000000095700000, 0x0000000095700000, 0x0000000095800000|  0%| F|  |TAMS 0x0000000095700000, 0x0000000095700000| Untracked 
|  72|0x0000000095800000, 0x0000000095800000, 0x0000000095900000|  0%| F|  |TAMS 0x0000000095800000, 0x0000000095800000| Untracked 
|  73|0x0000000095900000, 0x0000000095900000, 0x0000000095a00000|  0%| F|  |TAMS 0x0000000095900000, 0x0000000095900000| Untracked 
|  74|0x0000000095a00000, 0x0000000095a00000, 0x0000000095b00000|  0%| F|  |TAMS 0x0000000095a00000, 0x0000000095a00000| Untracked 
|  75|0x0000000095b00000, 0x0000000095b00000, 0x0000000095c00000|  0%| F|  |TAMS 0x0000000095b00000, 0x0000000095b00000| Untracked 
|  76|0x0000000095c00000, 0x0000000095c00000, 0x0000000095d00000|  0%| F|  |TAMS 0x0000000095c00000, 0x0000000095c00000| Untracked 
|  77|0x0000000095d00000, 0x0000000095d00000, 0x0000000095e00000|  0%| F|  |TAMS 0x0000000095d00000, 0x0000000095d00000| Untracked 
|  78|0x0000000095e00000, 0x0000000095e00000, 0x0000000095f00000|  0%| F|  |TAMS 0x0000000095e00000, 0x0000000095e00000| Untracked 
|  79|0x0000000095f00000, 0x0000000095f00000, 0x0000000096000000|  0%| F|  |TAMS 0x0000000095f00000, 0x0000000095f00000| Untracked 
|  80|0x0000000096000000, 0x0000000096000000, 0x0000000096100000|  0%| F|  |TAMS 0x0000000096000000, 0x0000000096000000| Untracked 
|  81|0x0000000096100000, 0x0000000096100000, 0x0000000096200000|  0%| F|  |TAMS 0x0000000096100000, 0x0000000096100000| Untracked 
|  82|0x0000000096200000, 0x0000000096200000, 0x0000000096300000|  0%| F|  |TAMS 0x0000000096200000, 0x0000000096200000| Untracked 
|  83|0x0000000096300000, 0x0000000096300000, 0x0000000096400000|  0%| F|  |TAMS 0x0000000096300000, 0x0000000096300000| Untracked 
|  84|0x0000000096400000, 0x0000000096400000, 0x0000000096500000|  0%| F|  |TAMS 0x0000000096400000, 0x0000000096400000| Untracked 
|  85|0x0000000096500000, 0x0000000096500000, 0x0000000096600000|  0%| F|  |TAMS 0x0000000096500000, 0x0000000096500000| Untracked 
|  86|0x0000000096600000, 0x0000000096600000, 0x0000000096700000|  0%| F|  |TAMS 0x0000000096600000, 0x0000000096600000| Untracked 
|  87|0x0000000096700000, 0x0000000096700000, 0x0000000096800000|  0%| F|  |TAMS 0x0000000096700000, 0x0000000096700000| Untracked 
|  88|0x0000000096800000, 0x0000000096800000, 0x0000000096900000|  0%| F|  |TAMS 0x0000000096800000, 0x0000000096800000| Untracked 
|  89|0x0000000096900000, 0x0000000096900000, 0x0000000096a00000|  0%| F|  |TAMS 0x0000000096900000, 0x0000000096900000| Untracked 
|  90|0x0000000096a00000, 0x0000000096a00000, 0x0000000096b00000|  0%| F|  |TAMS 0x0000000096a00000, 0x0000000096a00000| Untracked 
|  91|0x0000000096b00000, 0x0000000096b71d38, 0x0000000096c00000| 44%| E|  |TAMS 0x0000000096b00000, 0x0000000096b00000| Complete 
|  92|0x0000000096c00000, 0x0000000096d00000, 0x0000000096d00000|100%| E|CS|TAMS 0x0000000096c00000, 0x0000000096c00000| Complete 
|  93|0x0000000096d00000, 0x0000000096e00000, 0x0000000096e00000|100%| E|CS|TAMS 0x0000000096d00000, 0x0000000096d00000| Complete 
|  94|0x0000000096e00000, 0x0000000096f00000, 0x0000000096f00000|100%| E|CS|TAMS 0x0000000096e00000, 0x0000000096e00000| Complete 
|  95|0x0000000096f00000, 0x0000000097000000, 0x0000000097000000|100%| E|CS|TAMS 0x0000000096f00000, 0x0000000096f00000| Complete 
|  96|0x0000000097000000, 0x0000000097100000, 0x0000000097100000|100%| E|CS|TAMS 0x0000000097000000, 0x0000000097000000| Complete 
|  97|0x0000000097100000, 0x0000000097200000, 0x0000000097200000|100%| E|CS|TAMS 0x0000000097100000, 0x0000000097100000| Complete 
|  98|0x0000000097200000, 0x0000000097300000, 0x0000000097300000|100%| E|CS|TAMS 0x0000000097200000, 0x0000000097200000| Complete 
|  99|0x0000000097300000, 0x0000000097400000, 0x0000000097400000|100%| E|CS|TAMS 0x0000000097300000, 0x0000000097300000| Complete 
| 100|0x0000000097400000, 0x0000000097500000, 0x0000000097500000|100%| E|CS|TAMS 0x0000000097400000, 0x0000000097400000| Complete 
| 101|0x0000000097500000, 0x0000000097600000, 0x0000000097600000|100%| E|CS|TAMS 0x0000000097500000, 0x0000000097500000| Complete 
| 102|0x0000000097600000, 0x0000000097700000, 0x0000000097700000|100%| E|CS|TAMS 0x0000000097600000, 0x0000000097600000| Complete 
| 103|0x0000000097700000, 0x0000000097800000, 0x0000000097800000|100%| E|CS|TAMS 0x0000000097700000, 0x0000000097700000| Complete 
| 104|0x0000000097800000, 0x0000000097900000, 0x0000000097900000|100%| E|CS|TAMS 0x0000000097800000, 0x0000000097800000| Complete 
| 105|0x0000000097900000, 0x0000000097a00000, 0x0000000097a00000|100%| E|CS|TAMS 0x0000000097900000, 0x0000000097900000| Complete 
| 106|0x0000000097a00000, 0x0000000097b00000, 0x0000000097b00000|100%| E|CS|TAMS 0x0000000097a00000, 0x0000000097a00000| Complete 
| 107|0x0000000097b00000, 0x0000000097c00000, 0x0000000097c00000|100%| E|CS|TAMS 0x0000000097b00000, 0x0000000097b00000| Complete 
| 108|0x0000000097c00000, 0x0000000097d00000, 0x0000000097d00000|100%| E|CS|TAMS 0x0000000097c00000, 0x0000000097c00000| Complete 
| 109|0x0000000097d00000, 0x0000000097e00000, 0x0000000097e00000|100%| E|CS|TAMS 0x0000000097d00000, 0x0000000097d00000| Complete 
| 110|0x0000000097e00000, 0x0000000097f00000, 0x0000000097f00000|100%| E|CS|TAMS 0x0000000097e00000, 0x0000000097e00000| Complete 
| 111|0x0000000097f00000, 0x0000000098000000, 0x0000000098000000|100%| E|CS|TAMS 0x0000000097f00000, 0x0000000097f00000| Complete 

Card table byte_map: [0x000001a2743e0000,0x000001a274760000] _byte_map_base: 0x000001a273f58000

Marking Bits (Prev, Next): (CMBitMap*) 0x000001a26c24cf50, (CMBitMap*) 0x000001a26c24cf10
 Prev Bits: [0x000001a2766a0000, 0x000001a278260000)
 Next Bits: [0x000001a274ae0000, 0x000001a2766a0000)

Polling page: 0x000001a26b9b0000

Metaspace:

Usage:
  Non-class:     19.95 MB used.
      Class:      3.36 MB used.
       Both:     23.30 MB used.

Virtual space:
  Non-class space:       64.00 MB reserved,      20.12 MB ( 31%) committed,  1 nodes.
      Class space:        1.00 GB reserved,       3.56 MB ( <1%) committed,  1 nodes.
             Both:        1.06 GB reserved,      23.69 MB (  2%) committed. 

Chunk freelists:
   Non-Class:  11.59 MB
       Class:  12.26 MB
        Both:  23.85 MB

MaxMetaspaceSize: unlimited
CompressedClassSpaceSize: 1.00 GB
Initial GC threshold: 21.00 MB
Current GC threshold: 35.25 MB
CDS: on
MetaspaceReclaimPolicy: balanced
 - commit_granule_bytes: 65536.
 - commit_granule_words: 8192.
 - virtual_space_node_default_size: 8388608.
 - enlarge_chunks_in_place: 1.
 - new_chunks_are_fully_committed: 0.
 - uncommit_free_chunks: 1.
 - use_allocation_guard: 0.
 - handle_deallocations: 1.


Internal statistics:

num_allocs_failed_limit: 3.
num_arena_births: 520.
num_arena_deaths: 0.
num_vsnodes_births: 2.
num_vsnodes_deaths: 0.
num_space_committed: 379.
num_space_uncommitted: 0.
num_chunks_returned_to_freelist: 3.
num_chunks_taken_from_freelist: 1431.
num_chunk_merges: 3.
num_chunk_splits: 945.
num_chunks_enlarged: 647.
num_inconsistent_stats: 0.

CodeHeap 'non-profiled nmethods': size=120000Kb used=4542Kb max_used=4542Kb free=115457Kb
 bounds [0x000001a207ad0000, 0x000001a207f40000, 0x000001a20f000000]
CodeHeap 'profiled nmethods': size=120000Kb used=13907Kb max_used=13907Kb free=106092Kb
 bounds [0x000001a200000000, 0x000001a200da0000, 0x000001a207530000]
CodeHeap 'non-nmethods': size=5760Kb used=1540Kb max_used=1624Kb free=4220Kb
 bounds [0x000001a207530000, 0x000001a2077a0000, 0x000001a207ad0000]
 total_blobs=7039 nmethods=6190 adapters=758
 compilation: enabled
              stopped_count=0, restarted_count=0
 full_count=0

Compilation events (20 events):
Event: 84.623 Thread 0x000001a27ac86090 nmethod 6999 0x000001a200d90490 code [0x000001a200d90620, 0x000001a200d90738]
Event: 84.625 Thread 0x000001a27ac86090 7001       3       java.lang.invoke.LambdaFormBuffer::insertName (106 bytes)
Event: 84.625 Thread 0x000001a27ac86090 nmethod 7001 0x000001a200d90810 code [0x000001a200d909c0, 0x000001a200d90bf8]
Event: 84.626 Thread 0x000001a27ac86090 7004       3       jdk.internal.org.objectweb.asm.Type::getArgumentTypes (154 bytes)
Event: 84.629 Thread 0x000001a27ac86090 nmethod 7004 0x000001a200d90d10 code [0x000001a200d91200, 0x000001a200d93b68]
Event: 84.629 Thread 0x000001a27ac86090 7005       3       java.lang.invoke.BoundMethodHandle$Species_L::make (11 bytes)
Event: 84.629 Thread 0x000001a27ac86090 nmethod 7005 0x000001a200d94c10 code [0x000001a200d94dc0, 0x000001a200d95028]
Event: 85.223 Thread 0x000001a27ac79cb0 nmethod 6985 0x000001a207f28710 code [0x000001a207f29640, 0x000001a207f338c0]
Event: 85.224 Thread 0x000001a27ac79cb0 7000       4       java.lang.invoke.LambdaForm$Name::replaceNames (175 bytes)
Event: 85.282 Thread 0x000001a27ac79cb0 nmethod 7000 0x000001a207f38e10 code [0x000001a207f39080, 0x000001a207f3b310]
Event: 85.282 Thread 0x000001a27ac79cb0 7006       4       jdk.internal.org.objectweb.asm.SymbolTable$Entry::<init> (17 bytes)
Event: 85.284 Thread 0x000001a27ac79cb0 nmethod 7006 0x000001a207f3c690 code [0x000001a207f3c800, 0x000001a207f3ca18]
Event: 85.284 Thread 0x000001a27ac79cb0 6984       4       jdk.internal.org.objectweb.asm.Frame::push (109 bytes)
Event: 85.290 Thread 0x000001a27ac79cb0 nmethod 6984 0x000001a207f3ca90 code [0x000001a207f3cc20, 0x000001a207f3d258]
Event: 88.241 Thread 0x000001a27ac79cb0 7007       4       com.sun.javafx.tk.quantum.QuantumToolkit$$Lambda$90/0x000001a210038000::run (8 bytes)
Event: 88.243 Thread 0x000001a27ac79cb0 nmethod 7007 0x000001a207f3d410 code [0x000001a207f3d5a0, 0x000001a207f3d698]
Event: 816.508 Thread 0x000001a27ac86090 7020       3       java.util.concurrent.ConcurrentHashMap$BaseIterator::<init> (21 bytes)
Event: 816.509 Thread 0x000001a27ac86090 nmethod 7020 0x000001a200d95190 code [0x000001a200d95340, 0x000001a200d95558]
Event: 816.509 Thread 0x000001a27ac86090 7021       3       java.util.concurrent.ConcurrentHashMap$Traverser::<init> (36 bytes)
Event: 816.510 Thread 0x000001a27ac86090 nmethod 7021 0x000001a200d95610 code [0x000001a200d957a0, 0x000001a200d95998]

GC Heap History (8 events):
Event: 1.546 GC heap before
{Heap before GC invocations=0 (full 0):
 garbage-first heap   total 114688K, used 22528K [0x0000000091000000, 0x0000000100000000)
  region size 1024K, 23 young (23552K), 0 survivors (0K)
 Metaspace       used 4578K, committed 4800K, reserved 1114112K
  class space    used 515K, committed 640K, reserved 1048576K
}
Event: 1.554 GC heap after
{Heap after GC invocations=1 (full 0):
 garbage-first heap   total 114688K, used 3072K [0x0000000091000000, 0x0000000100000000)
  region size 1024K, 3 young (3072K), 3 survivors (3072K)
 Metaspace       used 4578K, committed 4800K, reserved 1114112K
  class space    used 515K, committed 640K, reserved 1048576K
}
Event: 5.020 GC heap before
{Heap before GC invocations=1 (full 0):
 garbage-first heap   total 114688K, used 38912K [0x0000000091000000, 0x0000000100000000)
  region size 1024K, 35 young (35840K), 3 survivors (3072K)
 Metaspace       used 10903K, committed 11136K, reserved 1114112K
  class space    used 1461K, committed 1600K, reserved 1048576K
}
Event: 5.026 GC heap after
{Heap after GC invocations=2 (full 0):
 garbage-first heap   total 114688K, used 7981K [0x0000000091000000, 0x0000000100000000)
  region size 1024K, 3 young (3072K), 3 survivors (3072K)
 Metaspace       used 10903K, committed 11136K, reserved 1114112K
  class space    used 1461K, committed 1600K, reserved 1048576K
}
Event: 17.211 GC heap before
{Heap before GC invocations=2 (full 0):
 garbage-first heap   total 114688K, used 82733K [0x0000000091000000, 0x0000000100000000)
  region size 1024K, 59 young (60416K), 3 survivors (3072K)
 Metaspace       used 21203K, committed 21504K, reserved 1114112K
  class space    used 3068K, committed 3200K, reserved 1048576K
}
Event: 17.223 GC heap after
{Heap after GC invocations=3 (full 0):
 garbage-first heap   total 114688K, used 32994K [0x0000000091000000, 0x0000000100000000)
  region size 1024K, 9 young (9216K), 9 survivors (9216K)
 Metaspace       used 21203K, committed 21504K, reserved 1114112K
  class space    used 3068K, committed 3200K, reserved 1048576K
}
Event: 66.319 GC heap before
{Heap before GC invocations=4 (full 0):
 garbage-first heap   total 114688K, used 96482K [0x0000000091000000, 0x0000000100000000)
  region size 1024K, 55 young (56320K), 9 survivors (9216K)
 Metaspace       used 23333K, committed 23680K, reserved 1114112K
  class space    used 3383K, committed 3584K, reserved 1048576K
}
Event: 66.329 GC heap after
{Heap after GC invocations=5 (full 0):
 garbage-first heap   total 114688K, used 39866K [0x0000000091000000, 0x0000000100000000)
  region size 1024K, 5 young (5120K), 5 survivors (5120K)
 Metaspace       used 23333K, committed 23680K, reserved 1114112K
  class space    used 3383K, committed 3584K, reserved 1048576K
}

Dll operation events (20 events):
Event: 0.829 Loaded shared library D:\Proyecto Terminal\openjfx-22.0.1_windows-x64_bin-sdk\javafx-sdk-22.0.1\bin\api-ms-win-crt-math-l1-1-0.dll
Event: 0.831 Loaded shared library D:\Proyecto Terminal\openjfx-22.0.1_windows-x64_bin-sdk\javafx-sdk-22.0.1\bin\api-ms-win-crt-multibyte-l1-1-0.dll
Event: 0.833 Loaded shared library D:\Proyecto Terminal\openjfx-22.0.1_windows-x64_bin-sdk\javafx-sdk-22.0.1\bin\api-ms-win-crt-private-l1-1-0.dll
Event: 0.836 Loaded shared library D:\Proyecto Terminal\openjfx-22.0.1_windows-x64_bin-sdk\javafx-sdk-22.0.1\bin\api-ms-win-crt-process-l1-1-0.dll
Event: 0.839 Loaded shared library D:\Proyecto Terminal\openjfx-22.0.1_windows-x64_bin-sdk\javafx-sdk-22.0.1\bin\api-ms-win-crt-runtime-l1-1-0.dll
Event: 0.841 Loaded shared library D:\Proyecto Terminal\openjfx-22.0.1_windows-x64_bin-sdk\javafx-sdk-22.0.1\bin\api-ms-win-crt-stdio-l1-1-0.dll
Event: 0.844 Loaded shared library D:\Proyecto Terminal\openjfx-22.0.1_windows-x64_bin-sdk\javafx-sdk-22.0.1\bin\api-ms-win-crt-string-l1-1-0.dll
Event: 0.846 Loaded shared library D:\Proyecto Terminal\openjfx-22.0.1_windows-x64_bin-sdk\javafx-sdk-22.0.1\bin\api-ms-win-crt-time-l1-1-0.dll
Event: 0.848 Loaded shared library D:\Proyecto Terminal\openjfx-22.0.1_windows-x64_bin-sdk\javafx-sdk-22.0.1\bin\api-ms-win-crt-utility-l1-1-0.dll
Event: 0.856 Loaded shared library D:\Proyecto Terminal\openjfx-22.0.1_windows-x64_bin-sdk\javafx-sdk-22.0.1\bin\ucrtbase.dll
Event: 0.860 Loaded shared library D:\Proyecto Terminal\openjfx-22.0.1_windows-x64_bin-sdk\javafx-sdk-22.0.1\bin\vcruntime140.dll
Event: 0.863 Loaded shared library D:\Proyecto Terminal\openjfx-22.0.1_windows-x64_bin-sdk\javafx-sdk-22.0.1\bin\vcruntime140_1.dll
Event: 0.874 Loaded shared library D:\Proyecto Terminal\openjfx-22.0.1_windows-x64_bin-sdk\javafx-sdk-22.0.1\bin\msvcp140.dll
Event: 0.879 Loaded shared library D:\Proyecto Terminal\openjfx-22.0.1_windows-x64_bin-sdk\javafx-sdk-22.0.1\bin\msvcp140_1.dll
Event: 0.885 Loaded shared library D:\Proyecto Terminal\openjfx-22.0.1_windows-x64_bin-sdk\javafx-sdk-22.0.1\bin\msvcp140_2.dll
Event: 1.003 Loaded shared library D:\Proyecto Terminal\openjfx-22.0.1_windows-x64_bin-sdk\javafx-sdk-22.0.1\bin\prism_d3d.dll
Event: 1.094 Loaded shared library D:\Proyecto Terminal\openjfx-22.0.1_windows-x64_bin-sdk\javafx-sdk-22.0.1\bin\glass.dll
Event: 1.400 Loaded shared library C:\Users\diego\.jdks\corretto-17.0.12\bin\jimage.dll
Event: 2.664 Loaded shared library D:\Proyecto Terminal\openjfx-22.0.1_windows-x64_bin-sdk\javafx-sdk-22.0.1\bin\javafx_font.dll
Event: 8.635 Loaded shared library D:\Proyecto Terminal\openjfx-22.0.1_windows-x64_bin-sdk\javafx-sdk-22.0.1\bin\javafx_iio.dll

Deoptimization events (20 events):
Event: 80.119 Thread 0x000001a25022f7e0 DEOPT PACKING pc=0x000001a2001dd7dc sp=0x0000000d147fc8f0
Event: 80.119 Thread 0x000001a25022f7e0 DEOPT UNPACKING pc=0x000001a207587143 sp=0x0000000d147fbed8 mode 1
Event: 80.119 Thread 0x000001a25022f7e0 DEOPT PACKING pc=0x000001a2001b72dc sp=0x0000000d147fcae0
Event: 80.119 Thread 0x000001a25022f7e0 DEOPT UNPACKING pc=0x000001a207587143 sp=0x0000000d147fbfa8 mode 1
Event: 81.290 Thread 0x000001a2500ed3a0 Uncommon trap: trap_request=0xffffffde fr.pc=0x000001a207bde3b4 relative=0x0000000000000834
Event: 81.290 Thread 0x000001a2500ed3a0 Uncommon trap: reason=class_check action=maybe_recompile pc=0x000001a207bde3b4 method=com.sun.javafx.sg.prism.NGNode.markCullRegions(Lcom/sun/javafx/geom/DirtyRegionContainer;ILcom/sun/javafx/geom/transform/BaseTransform;Lcom/sun/javafx/geom/transform/Gen
Event: 81.290 Thread 0x000001a2500ed3a0 DEOPT PACKING pc=0x000001a207bde3b4 sp=0x0000000d143fec70
Event: 81.290 Thread 0x000001a2500ed3a0 DEOPT UNPACKING pc=0x000001a2075869a3 sp=0x0000000d143fec08 mode 2
Event: 816.515 Thread 0x000001a25722e5d0 Uncommon trap: trap_request=0xffffff45 fr.pc=0x000001a207dee544 relative=0x00000000000000c4
Event: 816.515 Thread 0x000001a25722e5d0 Uncommon trap: reason=unstable_if action=reinterpret pc=0x000001a207dee544 method=java.util.concurrent.locks.ReentrantLock$Sync.tryRelease(I)Z @ 26 c2
Event: 816.515 Thread 0x000001a25722e5d0 DEOPT PACKING pc=0x000001a207dee544 sp=0x0000000d13efee30
Event: 816.515 Thread 0x000001a25722e5d0 DEOPT UNPACKING pc=0x000001a2075869a3 sp=0x0000000d13efede0 mode 2
Event: 816.516 Thread 0x000001a2500ed3a0 DEOPT PACKING pc=0x000001a20099d524 sp=0x0000000d143ff370
Event: 816.516 Thread 0x000001a2500ed3a0 DEOPT UNPACKING pc=0x000001a207587143 sp=0x0000000d143fe890 mode 1
Event: 816.516 Thread 0x000001a2500ed3a0 DEOPT PACKING pc=0x000001a200c10aec sp=0x0000000d143ff460
Event: 816.516 Thread 0x000001a2500ed3a0 DEOPT UNPACKING pc=0x000001a207587143 sp=0x0000000d143fe9a8 mode 1
Event: 816.516 Thread 0x000001a2500ed3a0 DEOPT PACKING pc=0x000001a200d35204 sp=0x0000000d143ff570
Event: 816.516 Thread 0x000001a2500ed3a0 DEOPT UNPACKING pc=0x000001a207587143 sp=0x0000000d143fea30 mode 1
Event: 816.518 Thread 0x000001a25722e5d0 DEOPT PACKING pc=0x000001a207c5c64c sp=0x0000000d13eff190
Event: 816.518 Thread 0x000001a25722e5d0 DEOPT UNPACKING pc=0x000001a207587143 sp=0x0000000d13efe5b0 mode 1

Classes loaded (20 events):
Event: 77.249 Loading class javafx/scene/input/MouseEvent
Event: 77.249 Loading class javafx/scene/input/MouseEvent done
Event: 77.250 Loading class optiuam/bc/model/ElementoGrafico
Event: 77.250 Loading class optiuam/bc/model/ElementoGrafico done
Event: 77.250 Loading class optiuam/bc/model/ElementoGrafico
Event: 77.250 Loading class optiuam/bc/model/ElementoGrafico done
Event: 77.250 Loading class optiuam/bc/model/ElementoGrafico
Event: 77.250 Loading class optiuam/bc/model/ElementoGrafico done
Event: 77.250 Loading class optiuam/bc/model/ElementoGrafico
Event: 77.250 Loading class optiuam/bc/model/ElementoGrafico done
Event: 77.251 Loading class optiuam/bc/controller/VentanaFibraController
Event: 77.251 Loading class optiuam/bc/controller/VentanaFibraController done
Event: 77.251 Loading class optiuam/bc/model/ElementoGrafico
Event: 77.251 Loading class optiuam/bc/model/ElementoGrafico done
Event: 816.497 Loading class jdk/internal/misc/Signal$1
Event: 816.500 Loading class jdk/internal/misc/Signal$1 done
Event: 816.509 Loading class com/sun/javafx/tk/quantum/QuantumRenderer
Event: 816.509 Loading class com/sun/javafx/tk/quantum/QuantumRenderer done
Event: 816.515 Loading class com/sun/javafx/tk/quantum/QuantumToolkit
Event: 816.515 Loading class com/sun/javafx/tk/quantum/QuantumToolkit done

Classes unloaded (0 events):
No events

Classes redefined (0 events):
No events

Internal exceptions (20 events):
Event: 8.544 Thread 0x000001a25022f7e0 Exception <a 'java/lang/NoSuchMethodError'{0x0000000095f44ef8}: 'java.lang.Object java.lang.invoke.DirectMethodHandle$Holder.newInvokeSpecial(java.lang.Object, java.lang.Object, long)'> (0x0000000095f44ef8) 
thrown [s\src\hotspot\share\interpreter\linkResolver.cpp, line 759]
Event: 8.545 Thread 0x000001a25022f7e0 Exception <a 'java/lang/NoSuchMethodError'{0x0000000095f48a68}: 'java.lang.Object java.lang.invoke.Invokers$Holder.linkToTargetMethod(java.lang.Object, long, java.lang.Object)'> (0x0000000095f48a68) 
thrown [s\src\hotspot\share\interpreter\linkResolver.cpp, line 759]
Event: 8.829 Thread 0x000001a25022f7e0 Exception <a 'java/lang/ClassNotFoundException'{0x0000000095519328}: com/sun/javafx/scene/control/skin/resources/controls> (0x0000000095519328) 
thrown [s\src\hotspot\share\prims\jni.cpp, line 535]
Event: 8.830 Thread 0x000001a25022f7e0 Exception <a 'java/lang/ClassNotFoundException'{0x0000000095527cd8}: com/sun/javafx/scene/control/skin/resources/controls_es> (0x0000000095527cd8) 
thrown [s\src\hotspot\share\prims\jni.cpp, line 535]
Event: 8.831 Thread 0x000001a25022f7e0 Exception <a 'java/lang/ClassNotFoundException'{0x0000000095535eb8}: com/sun/javafx/scene/control/skin/resources/controls_es_MX> (0x0000000095535eb8) 
thrown [s\src\hotspot\share\prims\jni.cpp, line 535]
Event: 8.878 Thread 0x000001a25022f7e0 Exception <a 'java/lang/NoSuchMethodError'{0x00000000954c2000}: 'int java.lang.invoke.DirectMethodHandle$Holder.invokeSpecial(java.lang.Object, java.lang.Object, int)'> (0x00000000954c2000) 
thrown [s\src\hotspot\share\interpreter\linkResolver.cpp, line 759]
Event: 10.184 Thread 0x000001a25022f7e0 Exception <a 'java/lang/NoSuchMethodError'{0x0000000094c949d8}: 'void java.lang.invoke.DirectMethodHandle$Holder.invokeVirtual(java.lang.Object, java.lang.Object)'> (0x0000000094c949d8) 
thrown [s\src\hotspot\share\interpreter\linkResolver.cpp, line 759]
Event: 16.608 Thread 0x000001a25022f7e0 Exception <a 'java/lang/NoSuchMethodError'{0x00000000947a20c8}: 'java.lang.Object java.lang.invoke.DirectMethodHandle$Holder.newInvokeSpecial(java.lang.Object, java.lang.Object, int, int, int, int, int, java.lang.Object)'> (0x00000000947a20c8) 
thrown [s\src\hotspot\share\interpreter\linkResolver.cpp, line 759]
Event: 16.610 Thread 0x000001a25022f7e0 Exception <a 'java/lang/NoSuchMethodError'{0x00000000947b55f0}: 'java.lang.Object java.lang.invoke.DirectMethodHandle$Holder.newInvokeSpecial(java.lang.Object, java.lang.Object, java.lang.Object, int, int, int, int, int)'> (0x00000000947b55f0) 
thrown [s\src\hotspot\share\interpreter\linkResolver.cpp, line 759]
Event: 16.611 Thread 0x000001a25022f7e0 Exception <a 'java/lang/NoSuchMethodError'{0x00000000947bd648}: 'java.lang.Object java.lang.invoke.Invokers$Holder.linkToTargetMethod(java.lang.Object, java.lang.Object, int, int, int, int, int, java.lang.Object)'> (0x00000000947bd648) 
thrown [s\src\hotspot\share\interpreter\linkResolver.cpp, line 759]
Event: 17.242 Thread 0x000001a25022f7e0 Implicit null exception at 0x000001a207c99554 to 0x000001a207c995dc
Event: 66.373 Thread 0x000001a2500ed3a0 Implicit null exception at 0x000001a207c53b5e to 0x000001a207c53bd8
Event: 84.612 Thread 0x000001a25022f7e0 Exception <a 'java/lang/NoSuchMethodError'{0x0000000096e9e2a0}: 'java.lang.Object java.lang.invoke.DirectMethodHandle$Holder.invokeSpecial(java.lang.Object, java.lang.Object, long, java.lang.Object, int, int, java.lang.Object, int, java.lang.Object)'> (0x0000000096e9e2a0) 
thrown [s\src\hotspot\share\interpreter\linkResolver.cpp, line 759]
Event: 84.613 Thread 0x000001a25022f7e0 Exception <a 'java/lang/NoSuchMethodError'{0x0000000096ea2500}: 'java.lang.Object java.lang.invoke.DelegatingMethodHandle$Holder.reinvoke_L(java.lang.Object, long, java.lang.Object, int, int, java.lang.Object, int, java.lang.Object)'> (0x0000000096ea2500) 
thrown [s\src\hotspot\share\interpreter\linkResolver.cpp, line 759]
Event: 84.626 Thread 0x000001a25022f7e0 Exception <a 'java/lang/NoSuchMethodError'{0x0000000096d23a08}: 'java.lang.Object java.lang.invoke.DelegatingMethodHandle$Holder.reinvoke_L(java.lang.Object, java.lang.Object, int, int, double, int)'> (0x0000000096d23a08) 
thrown [s\src\hotspot\share\interpreter\linkResolver.cpp, line 759]
Event: 102.504 Thread 0x000001a25022f7e0 Exception <a 'java/lang/NoSuchMethodError'{0x0000000096dbcbb0}: 'java.lang.Object java.lang.invoke.DirectMethodHandle$Holder.invokeSpecial(java.lang.Object, java.lang.Object, long, java.lang.Object, java.lang.Object, java.lang.Object, java.lang.Object, java.lang.Object, java.lang.Object)'> (0x0000000096dbcbb0) 
thrown [s\src\hotspot\share\interpreter\linkResolver.cpp, line 759]
Event: 102.506 Thread 0x000001a25022f7e0 Exception <a 'java/lang/NoSuchMethodError'{0x0000000096dc1980}: 'java.lang.Object java.lang.invoke.DelegatingMethodHandle$Holder.reinvoke_L(java.lang.Object, long, java.lang.Object, java.lang.Object, java.lang.Object, java.lang.Object, java.lang.Object, java.lang.Object)'> (0x0000000096dc1980) 
thrown [s\src\hotspot\share\interpreter\linkResolver.cpp, line 759]
Event: 102.591 Thread 0x000001a25022f7e0 Exception <a 'java/lang/NoSuchMethodError'{0x0000000096c209a8}: 'java.lang.Object java.lang.invoke.DirectMethodHandle$Holder.invokeSpecial(java.lang.Object, java.lang.Object, long, java.lang.Object, java.lang.Object, java.lang.Object, java.lang.Object, java.lang.Object, java.lang.Object, java.lang.Object, java.lang.Object, java.lang.Object)'> (0x0000000096c209a8) 
thrown [s\src\hotspot\share\interpreter\linkResolver.cpp, line 759]
Event: 102.594 Thread 0x000001a25022f7e0 Exception <a 'java/lang/NoSuchMethodError'{0x0000000096c256e8}: 'java.lang.Object java.lang.invoke.DelegatingMethodHandle$Holder.reinvoke_L(java.lang.Object, long, java.lang.Object, java.lang.Object, java.lang.Object, java.lang.Object, java.lang.Object, java.lang.Object, java.lang.Object, java.lang.Object, java.lang.Object)'> (0x0000000096c256e8) 
thrown [s\src\hotspot\share\interpreter\linkResolver.cpp, line 759]
Event: 102.641 Thread 0x000001a25022f7e0 Exception <a 'java/lang/NoSuchMethodError'{0x0000000096c61830}: 'java.lang.Object java.lang.invoke.DirectMethodHandle$Holder.invokeSpecial(java.lang.Object, java.lang.Object, double, double)'> (0x0000000096c61830) 
thrown [s\src\hotspot\share\interpreter\linkResolver.cpp, line 759]

VM Operations (20 events):
Event: 457.706 Executing VM operation: ChangeBreakpoints done
Event: 457.710 Executing VM operation: ChangeBreakpoints
Event: 457.715 Executing VM operation: ChangeBreakpoints done
Event: 458.038 Executing VM operation: ChangeBreakpoints
Event: 458.038 Executing VM operation: ChangeBreakpoints done
Event: 801.324 Executing VM operation: ChangeBreakpoints
Event: 801.327 Executing VM operation: ChangeBreakpoints done
Event: 802.182 Executing VM operation: ChangeBreakpoints
Event: 802.182 Executing VM operation: ChangeBreakpoints done
Event: 816.357 Executing VM operation: ChangeBreakpoints
Event: 816.357 Executing VM operation: ChangeBreakpoints done
Event: 816.358 Executing VM operation: ChangeBreakpoints
Event: 816.359 Executing VM operation: ChangeBreakpoints done
Event: 816.359 Executing VM operation: ChangeBreakpoints
Event: 816.359 Executing VM operation: ChangeBreakpoints done
Event: 816.359 Executing VM operation: ChangeBreakpoints
Event: 816.361 Executing VM operation: ChangeBreakpoints done
Event: 816.361 Executing VM operation: ChangeBreakpoints
Event: 816.361 Executing VM operation: ChangeBreakpoints done
Event: 816.520 Executing VM operation: Exit

Events (20 events):
Event: 55.898 Thread 0x000001a256e3c4f0 Thread exited: 0x000001a256e3c4f0
Event: 59.440 Thread 0x000001a25db16730 Thread added: 0x000001a25db16730
Event: 59.748 Thread 0x000001a25db16730 Thread exited: 0x000001a25db16730
Event: 61.626 Thread 0x000001a25db16730 Thread added: 0x000001a25db16730
Event: 61.758 Thread 0x000001a25db16730 Thread exited: 0x000001a25db16730
Event: 61.855 Thread 0x000001a27ac84100 flushing nmethod 0x000001a200425210
Event: 66.312 Thread 0x000001a25db16730 Thread added: 0x000001a25db16730
Event: 66.520 Thread 0x000001a25db16730 Thread exited: 0x000001a25db16730
Event: 71.654 Thread 0x000001a250f84a90 Thread added: 0x000001a250f84a90
Event: 72.513 Thread 0x000001a250f84a90 Thread exited: 0x000001a250f84a90
Event: 79.255 Thread 0x000001a250eef900 Thread added: 0x000001a250eef900
Event: 80.411 Thread 0x000001a250eef900 Thread exited: 0x000001a250eef900
Event: 816.358 Thread 0x000001a27faf6800 Thread exited: 0x000001a27faf6800
Event: 816.379 Thread 0x000001a27f205fe0 Thread exited: 0x000001a27f205fe0
Event: 816.502 Thread 0x000001a25722eae0 Thread added: 0x000001a25722eae0
Event: 816.506 Thread 0x000001a25722e0c0 Thread added: 0x000001a25722e0c0
Event: 816.506 Thread 0x000001a25722e5d0 Thread added: 0x000001a25722e5d0
Event: 816.509 Thread 0x000001a25722e0c0 Thread exited: 0x000001a25722e0c0
Event: 816.519 Thread 0x000001a25722e5d0 Thread exited: 0x000001a25722e5d0
Event: 816.520 Thread 0x000001a27ac74260 Thread exited: 0x000001a27ac74260


Dynamic libraries:
0x00007ff618230000 - 0x00007ff61823e000 	C:\Users\diego\.jdks\corretto-17.0.12\bin\java.exe
0x00007ffe72110000 - 0x00007ffe72327000 	C:\Windows\SYSTEM32\ntdll.dll
0x00007ffe70470000 - 0x00007ffe70534000 	C:\Windows\System32\KERNEL32.DLL
0x00007ffe6f6a0000 - 0x00007ffe6fa4d000 	C:\Windows\System32\KERNELBASE.dll
0x00007ffe6f580000 - 0x00007ffe6f691000 	C:\Windows\System32\ucrtbase.dll
0x00007ffe68cc0000 - 0x00007ffe68cd7000 	C:\Users\diego\.jdks\corretto-17.0.12\bin\jli.dll
0x00007ffe68d80000 - 0x00007ffe68d9b000 	C:\Users\diego\.jdks\corretto-17.0.12\bin\VCRUNTIME140.dll
0x00007ffe70c60000 - 0x00007ffe70e0e000 	C:\Windows\System32\USER32.dll
0x00007ffe6f550000 - 0x00007ffe6f576000 	C:\Windows\System32\win32u.dll
0x00007ffe57490000 - 0x00007ffe57723000 	C:\Windows\WinSxS\amd64_microsoft.windows.common-controls_6595b64144ccf1df_6.0.22621.3672_none_2713b9d173822955\COMCTL32.dll
0x00007ffe70e10000 - 0x00007ffe70e39000 	C:\Windows\System32\GDI32.dll
0x00007ffe703c0000 - 0x00007ffe70467000 	C:\Windows\System32\msvcrt.dll
0x00007ffe6fa50000 - 0x00007ffe6fb69000 	C:\Windows\System32\gdi32full.dll
0x00007ffe6f4b0000 - 0x00007ffe6f54a000 	C:\Windows\System32\msvcp_win.dll
0x00007ffe70010000 - 0x00007ffe70041000 	C:\Windows\System32\IMM32.DLL
0x00007ffe68d70000 - 0x00007ffe68d7c000 	C:\Users\diego\.jdks\corretto-17.0.12\bin\vcruntime140_1.dll
0x00007ffe68c30000 - 0x00007ffe68cbd000 	C:\Users\diego\.jdks\corretto-17.0.12\bin\msvcp140.dll
0x00007ffe19770000 - 0x00007ffe1a3da000 	C:\Users\diego\.jdks\corretto-17.0.12\bin\server\jvm.dll
0x00007ffe70e50000 - 0x00007ffe70f02000 	C:\Windows\System32\ADVAPI32.dll
0x00007ffe71830000 - 0x00007ffe718d9000 	C:\Windows\System32\sechost.dll
0x00007ffe6fca0000 - 0x00007ffe6fcc8000 	C:\Windows\System32\bcrypt.dll
0x00007ffe70290000 - 0x00007ffe703a4000 	C:\Windows\System32\RPCRT4.dll
0x00007ffe706a0000 - 0x00007ffe70711000 	C:\Windows\System32\WS2_32.dll
0x00007ffe6be00000 - 0x00007ffe6be34000 	C:\Windows\SYSTEM32\WINMM.dll
0x00007ffe6f300000 - 0x00007ffe6f34d000 	C:\Windows\SYSTEM32\POWRPROF.dll
0x00007ffe64450000 - 0x00007ffe6445a000 	C:\Windows\SYSTEM32\VERSION.dll
0x00007ffe6f2e0000 - 0x00007ffe6f2f3000 	C:\Windows\SYSTEM32\UMPDC.dll
0x00007ffe6e480000 - 0x00007ffe6e498000 	C:\Windows\SYSTEM32\kernel.appcore.dll
0x00007ffe68c20000 - 0x00007ffe68c2a000 	C:\Users\diego\.jdks\corretto-17.0.12\bin\jimage.dll
0x00007ffe6ca80000 - 0x00007ffe6ccb2000 	C:\Windows\SYSTEM32\DBGHELP.DLL
0x00007ffe70720000 - 0x00007ffe70aae000 	C:\Windows\System32\combase.dll
0x00007ffe71960000 - 0x00007ffe71a37000 	C:\Windows\System32\OLEAUT32.dll
0x00007ffe4d290000 - 0x00007ffe4d2c2000 	C:\Windows\SYSTEM32\dbgcore.DLL
0x00007ffe6f430000 - 0x00007ffe6f4ab000 	C:\Windows\System32\bcryptPrimitives.dll
0x00007ffe67f70000 - 0x00007ffe67fab000 	C:\Users\diego\.jdks\corretto-17.0.12\bin\jdwp.dll
0x00007ffe67f20000 - 0x00007ffe67f2e000 	C:\Users\diego\.jdks\corretto-17.0.12\bin\instrument.dll
0x00007ffe67fb0000 - 0x00007ffe67fd5000 	C:\Users\diego\.jdks\corretto-17.0.12\bin\java.dll
0x00007ffe67c80000 - 0x00007ffe67c98000 	C:\Users\diego\.jdks\corretto-17.0.12\bin\zip.dll
0x00007ffe5be20000 - 0x00007ffe5bef7000 	C:\Users\diego\.jdks\corretto-17.0.12\bin\jsvml.dll
0x00007ffe70f10000 - 0x00007ffe71777000 	C:\Windows\System32\SHELL32.dll
0x00007ffe6d3b0000 - 0x00007ffe6dcaf000 	C:\Windows\SYSTEM32\windows.storage.dll
0x00007ffe6d270000 - 0x00007ffe6d3af000 	C:\Windows\SYSTEM32\wintypes.dll
0x00007ffe6feb0000 - 0x00007ffe6ffa9000 	C:\Windows\System32\SHCORE.dll
0x00007ffe6fe50000 - 0x00007ffe6feae000 	C:\Windows\System32\shlwapi.dll
0x00007ffe6f360000 - 0x00007ffe6f387000 	C:\Windows\SYSTEM32\profapi.dll
0x00007ffe68bf0000 - 0x00007ffe68c09000 	C:\Users\diego\.jdks\corretto-17.0.12\bin\net.dll
0x00007ffe69550000 - 0x00007ffe69686000 	C:\Windows\SYSTEM32\WINHTTP.dll
0x00007ffe6e8f0000 - 0x00007ffe6e959000 	C:\Windows\system32\mswsock.dll
0x00007ffe67f00000 - 0x00007ffe67f16000 	C:\Users\diego\.jdks\corretto-17.0.12\bin\nio.dll
0x00007ffe5ddc0000 - 0x00007ffe5ddcc000 	C:\Users\diego\.jdks\corretto-17.0.12\bin\dt_socket.dll
0x00007ffe6df10000 - 0x00007ffe6df3d000 	C:\Windows\SYSTEM32\IPHLPAPI.DLL
0x000001a26c1a0000 - 0x000001a26c1a3000 	D:\Proyecto Terminal\openjfx-22.0.1_windows-x64_bin-sdk\javafx-sdk-22.0.1\bin\api-ms-win-core-console-l1-1-0.dll
0x000001a27afb0000 - 0x000001a27afb3000 	D:\Proyecto Terminal\openjfx-22.0.1_windows-x64_bin-sdk\javafx-sdk-22.0.1\bin\api-ms-win-core-console-l1-2-0.dll
0x000001a27ae20000 - 0x000001a27ae23000 	D:\Proyecto Terminal\openjfx-22.0.1_windows-x64_bin-sdk\javafx-sdk-22.0.1\bin\api-ms-win-core-datetime-l1-1-0.dll
0x000001a27ae30000 - 0x000001a27ae33000 	D:\Proyecto Terminal\openjfx-22.0.1_windows-x64_bin-sdk\javafx-sdk-22.0.1\bin\api-ms-win-core-debug-l1-1-0.dll
0x000001a27ae40000 - 0x000001a27ae43000 	D:\Proyecto Terminal\openjfx-22.0.1_windows-x64_bin-sdk\javafx-sdk-22.0.1\bin\api-ms-win-core-errorhandling-l1-1-0.dll
0x000001a27ae50000 - 0x000001a27ae54000 	D:\Proyecto Terminal\openjfx-22.0.1_windows-x64_bin-sdk\javafx-sdk-22.0.1\bin\api-ms-win-core-file-l1-1-0.dll
0x000001a27ae60000 - 0x000001a27ae63000 	D:\Proyecto Terminal\openjfx-22.0.1_windows-x64_bin-sdk\javafx-sdk-22.0.1\bin\api-ms-win-core-file-l1-2-0.dll
0x000001a27ae70000 - 0x000001a27ae73000 	D:\Proyecto Terminal\openjfx-22.0.1_windows-x64_bin-sdk\javafx-sdk-22.0.1\bin\api-ms-win-core-file-l2-1-0.dll
0x000001a27ae80000 - 0x000001a27ae83000 	D:\Proyecto Terminal\openjfx-22.0.1_windows-x64_bin-sdk\javafx-sdk-22.0.1\bin\api-ms-win-core-handle-l1-1-0.dll
0x000001a27ae90000 - 0x000001a27ae93000 	D:\Proyecto Terminal\openjfx-22.0.1_windows-x64_bin-sdk\javafx-sdk-22.0.1\bin\api-ms-win-core-heap-l1-1-0.dll
0x000001a27aea0000 - 0x000001a27aea3000 	D:\Proyecto Terminal\openjfx-22.0.1_windows-x64_bin-sdk\javafx-sdk-22.0.1\bin\api-ms-win-core-interlocked-l1-1-0.dll
0x000001a27aeb0000 - 0x000001a27aeb3000 	D:\Proyecto Terminal\openjfx-22.0.1_windows-x64_bin-sdk\javafx-sdk-22.0.1\bin\api-ms-win-core-libraryloader-l1-1-0.dll
0x000001a27aec0000 - 0x000001a27aec3000 	D:\Proyecto Terminal\openjfx-22.0.1_windows-x64_bin-sdk\javafx-sdk-22.0.1\bin\api-ms-win-core-localization-l1-2-0.dll
0x000001a27aed0000 - 0x000001a27aed3000 	D:\Proyecto Terminal\openjfx-22.0.1_windows-x64_bin-sdk\javafx-sdk-22.0.1\bin\api-ms-win-core-memory-l1-1-0.dll
0x000001a27aee0000 - 0x000001a27aee3000 	D:\Proyecto Terminal\openjfx-22.0.1_windows-x64_bin-sdk\javafx-sdk-22.0.1\bin\api-ms-win-core-namedpipe-l1-1-0.dll
0x000001a27aef0000 - 0x000001a27aef3000 	D:\Proyecto Terminal\openjfx-22.0.1_windows-x64_bin-sdk\javafx-sdk-22.0.1\bin\api-ms-win-core-processenvironment-l1-1-0.dll
0x000001a27af00000 - 0x000001a27af03000 	D:\Proyecto Terminal\openjfx-22.0.1_windows-x64_bin-sdk\javafx-sdk-22.0.1\bin\api-ms-win-core-processthreads-l1-1-0.dll
0x000001a27af10000 - 0x000001a27af13000 	D:\Proyecto Terminal\openjfx-22.0.1_windows-x64_bin-sdk\javafx-sdk-22.0.1\bin\api-ms-win-core-processthreads-l1-1-1.dll
0x000001a27af20000 - 0x000001a27af23000 	D:\Proyecto Terminal\openjfx-22.0.1_windows-x64_bin-sdk\javafx-sdk-22.0.1\bin\api-ms-win-core-profile-l1-1-0.dll
0x000001a27af30000 - 0x000001a27af33000 	D:\Proyecto Terminal\openjfx-22.0.1_windows-x64_bin-sdk\javafx-sdk-22.0.1\bin\api-ms-win-core-rtlsupport-l1-1-0.dll
0x000001a27af40000 - 0x000001a27af43000 	D:\Proyecto Terminal\openjfx-22.0.1_windows-x64_bin-sdk\javafx-sdk-22.0.1\bin\api-ms-win-core-string-l1-1-0.dll
0x000001a27af50000 - 0x000001a27af53000 	D:\Proyecto Terminal\openjfx-22.0.1_windows-x64_bin-sdk\javafx-sdk-22.0.1\bin\api-ms-win-core-synch-l1-1-0.dll
0x000001a27af60000 - 0x000001a27af63000 	D:\Proyecto Terminal\openjfx-22.0.1_windows-x64_bin-sdk\javafx-sdk-22.0.1\bin\api-ms-win-core-synch-l1-2-0.dll
0x000001a27af70000 - 0x000001a27af73000 	D:\Proyecto Terminal\openjfx-22.0.1_windows-x64_bin-sdk\javafx-sdk-22.0.1\bin\api-ms-win-core-sysinfo-l1-1-0.dll
0x000001a27af80000 - 0x000001a27af83000 	D:\Proyecto Terminal\openjfx-22.0.1_windows-x64_bin-sdk\javafx-sdk-22.0.1\bin\api-ms-win-core-timezone-l1-1-0.dll
0x000001a27af90000 - 0x000001a27af93000 	D:\Proyecto Terminal\openjfx-22.0.1_windows-x64_bin-sdk\javafx-sdk-22.0.1\bin\api-ms-win-core-util-l1-1-0.dll
0x000001a27afa0000 - 0x000001a27afa3000 	D:\Proyecto Terminal\openjfx-22.0.1_windows-x64_bin-sdk\javafx-sdk-22.0.1\bin\api-ms-win-crt-conio-l1-1-0.dll
0x000001a27afc0000 - 0x000001a27afc4000 	D:\Proyecto Terminal\openjfx-22.0.1_windows-x64_bin-sdk\javafx-sdk-22.0.1\bin\api-ms-win-crt-convert-l1-1-0.dll
0x000001a27afd0000 - 0x000001a27afd3000 	D:\Proyecto Terminal\openjfx-22.0.1_windows-x64_bin-sdk\javafx-sdk-22.0.1\bin\api-ms-win-crt-environment-l1-1-0.dll
0x000001a27afe0000 - 0x000001a27afe3000 	D:\Proyecto Terminal\openjfx-22.0.1_windows-x64_bin-sdk\javafx-sdk-22.0.1\bin\api-ms-win-crt-filesystem-l1-1-0.dll
0x000001a27aff0000 - 0x000001a27aff3000 	D:\Proyecto Terminal\openjfx-22.0.1_windows-x64_bin-sdk\javafx-sdk-22.0.1\bin\api-ms-win-crt-heap-l1-1-0.dll
0x000001a27ff40000 - 0x000001a27ff43000 	D:\Proyecto Terminal\openjfx-22.0.1_windows-x64_bin-sdk\javafx-sdk-22.0.1\bin\api-ms-win-crt-locale-l1-1-0.dll
0x000001a27ff50000 - 0x000001a27ff55000 	D:\Proyecto Terminal\openjfx-22.0.1_windows-x64_bin-sdk\javafx-sdk-22.0.1\bin\api-ms-win-crt-math-l1-1-0.dll
0x000001a27ff60000 - 0x000001a27ff65000 	D:\Proyecto Terminal\openjfx-22.0.1_windows-x64_bin-sdk\javafx-sdk-22.0.1\bin\api-ms-win-crt-multibyte-l1-1-0.dll
0x000001a27ff70000 - 0x000001a27ff80000 	D:\Proyecto Terminal\openjfx-22.0.1_windows-x64_bin-sdk\javafx-sdk-22.0.1\bin\api-ms-win-crt-private-l1-1-0.dll
0x000001a27ff80000 - 0x000001a27ff83000 	D:\Proyecto Terminal\openjfx-22.0.1_windows-x64_bin-sdk\javafx-sdk-22.0.1\bin\api-ms-win-crt-process-l1-1-0.dll
0x000001a27ff90000 - 0x000001a27ff94000 	D:\Proyecto Terminal\openjfx-22.0.1_windows-x64_bin-sdk\javafx-sdk-22.0.1\bin\api-ms-win-crt-runtime-l1-1-0.dll
0x000001a27ffa0000 - 0x000001a27ffa4000 	D:\Proyecto Terminal\openjfx-22.0.1_windows-x64_bin-sdk\javafx-sdk-22.0.1\bin\api-ms-win-crt-stdio-l1-1-0.dll
0x000001a27ffb0000 - 0x000001a27ffb4000 	D:\Proyecto Terminal\openjfx-22.0.1_windows-x64_bin-sdk\javafx-sdk-22.0.1\bin\api-ms-win-crt-string-l1-1-0.dll
0x000001a27ffc0000 - 0x000001a27ffc3000 	D:\Proyecto Terminal\openjfx-22.0.1_windows-x64_bin-sdk\javafx-sdk-22.0.1\bin\api-ms-win-crt-time-l1-1-0.dll
0x000001a27ffd0000 - 0x000001a27ffd3000 	D:\Proyecto Terminal\openjfx-22.0.1_windows-x64_bin-sdk\javafx-sdk-22.0.1\bin\api-ms-win-crt-utility-l1-1-0.dll
0x00007ffe35d80000 - 0x00007ffe35e7c000 	D:\Proyecto Terminal\openjfx-22.0.1_windows-x64_bin-sdk\javafx-sdk-22.0.1\bin\ucrtbase.dll
0x00007ffe5be00000 - 0x00007ffe5be1b000 	D:\Proyecto Terminal\openjfx-22.0.1_windows-x64_bin-sdk\javafx-sdk-22.0.1\bin\vcruntime140.dll
0x00007ffe5bf10000 - 0x00007ffe5bf1c000 	D:\Proyecto Terminal\openjfx-22.0.1_windows-x64_bin-sdk\javafx-sdk-22.0.1\bin\vcruntime140_1.dll
0x00007ffe14260000 - 0x00007ffe142ee000 	D:\Proyecto Terminal\openjfx-22.0.1_windows-x64_bin-sdk\javafx-sdk-22.0.1\bin\msvcp140.dll
0x00007ffe5bdf0000 - 0x00007ffe5bdf9000 	D:\Proyecto Terminal\openjfx-22.0.1_windows-x64_bin-sdk\javafx-sdk-22.0.1\bin\msvcp140_1.dll
0x00007ffe36290000 - 0x00007ffe362d1000 	D:\Proyecto Terminal\openjfx-22.0.1_windows-x64_bin-sdk\javafx-sdk-22.0.1\bin\msvcp140_2.dll
0x00007ffe45ce0000 - 0x00007ffe45d10000 	D:\Proyecto Terminal\openjfx-22.0.1_windows-x64_bin-sdk\javafx-sdk-22.0.1\bin\prism_d3d.dll
0x00007ffe1eca0000 - 0x00007ffe1ee48000 	C:\Windows\system32\d3d9.dll
0x00007ffe6c360000 - 0x00007ffe6c38b000 	C:\Windows\SYSTEM32\dwmapi.dll
0x00007ffe6c210000 - 0x00007ffe6c247000 	C:\Windows\SYSTEM32\dxcore.dll
0x00007ffe6c0f0000 - 0x00007ffe6c1a1000 	C:\Windows\system32\uxtheme.dll
0x00007ffe64460000 - 0x00007ffe6463d000 	C:\Windows\System32\DriverStore\FileRepository\u0355756.inf_amd64_5146fc3a012e7afa\B354291\aticfx64.dll
0x00007ffe1ec70000 - 0x00007ffe1eca0000 	C:\Windows\System32\DriverStore\FileRepository\u0355756.inf_amd64_5146fc3a012e7afa\B354291\atiu9p64.dll
0x00007ffe1dfa0000 - 0x00007ffe1ec6b000 	C:\Windows\System32\DriverStore\FileRepository\u0355756.inf_amd64_5146fc3a012e7afa\B354291\atiumd64.dll
0x00007ffe700c0000 - 0x00007ffe70265000 	C:\Windows\System32\ole32.dll
0x00000000754d0000 - 0x0000000076253000 	C:\Windows\System32\DriverStore\FileRepository\u0355756.inf_amd64_5146fc3a012e7afa\B354291\atiumd6a.dll
0x00007ffe66a40000 - 0x00007ffe66a89000 	C:\Windows\SYSTEM32\directxdatabasehelper.dll
0x00007ffe35910000 - 0x00007ffe35955000 	D:\Proyecto Terminal\openjfx-22.0.1_windows-x64_bin-sdk\javafx-sdk-22.0.1\bin\glass.dll
0x00007ffe70b60000 - 0x00007ffe70c5f000 	C:\Windows\System32\COMDLG32.dll
0x00007ffe1b9c0000 - 0x00007ffe1ba1e000 	C:\Program Files\Huawei\PCManager\plugins\PerfWndMonModule.dll
0x00007ffe70540000 - 0x00007ffe7069e000 	C:\Windows\System32\MSCTF.dll
0x00007ffe70ab0000 - 0x00007ffe70b60000 	C:\Windows\System32\clbcatq.dll
0x00007ffe5d130000 - 0x00007ffe5d2a5000 	C:\Windows\System32\Windows.UI.dll
0x00007ffe57a70000 - 0x00007ffe57be5000 	C:\Windows\System32\Windows.UI.Immersive.dll
0x00007ffe3d430000 - 0x00007ffe3d445000 	D:\Proyecto Terminal\openjfx-22.0.1_windows-x64_bin-sdk\javafx-sdk-22.0.1\bin\javafx_font.dll
0x00007ffe6b860000 - 0x00007ffe6bad3000 	C:\Windows\SYSTEM32\dwrite.dll
0x00007ffe6bf00000 - 0x00007ffe6c0b1000 	C:\Windows\SYSTEM32\WindowsCodecs.dll
0x00007ffe53830000 - 0x00007ffe5388e000 	C:\Windows\system32\dataexchange.dll
0x00007ffe64d40000 - 0x00007ffe64fca000 	C:\Windows\system32\twinapi.appcore.dll
0x00007ffe29310000 - 0x00007ffe29342000 	C:\Program Files\Common Files\Microsoft Shared\Ink\rtscom.dll
0x00007ffe5cfe0000 - 0x00007ffe5d123000 	C:\Windows\SYSTEM32\textinputframework.dll
0x00007ffe676e0000 - 0x00007ffe67813000 	C:\Windows\SYSTEM32\CoreMessaging.dll
0x00007ffe66270000 - 0x00007ffe665dd000 	C:\Windows\SYSTEM32\CoreUIComponents.dll
0x00007ffe6eb60000 - 0x00007ffe6eb6c000 	C:\Windows\SYSTEM32\CRYPTBASE.DLL
0x00007ffe192c0000 - 0x00007ffe192ed000 	D:\Proyecto Terminal\openjfx-22.0.1_windows-x64_bin-sdk\javafx-sdk-22.0.1\bin\javafx_iio.dll
0x00007ffe6b270000 - 0x00007ffe6b85e000 	C:\Windows\SYSTEM32\d2d1.dll

dbghelp: loaded successfully - version: 4.0.5 - missing functions: none
symbol engine: initialized successfully - sym options: 0x614 - pdb path: .;C:\Users\diego\.jdks\corretto-17.0.12\bin;C:\Windows\SYSTEM32;C:\Windows\WinSxS\amd64_microsoft.windows.common-controls_6595b64144ccf1df_6.0.22621.3672_none_2713b9d173822955;C:\Users\diego\.jdks\corretto-17.0.12\bin\server;D:\Proyecto Terminal\openjfx-22.0.1_windows-x64_bin-sdk\javafx-sdk-22.0.1\bin;C:\Windows\System32\DriverStore\FileRepository\u0355756.inf_amd64_5146fc3a012e7afa\B354291;C:\Program Files\Huawei\PCManager\plugins;C:\Program Files\Common Files\Microsoft Shared\Ink

VM Arguments:
jvm_args: -agentlib:jdwp=transport=dt_socket,address=127.0.0.1:50713,suspend=y,server=n --module-path=D:\Proyecto Terminal\openjfx-22.0.1_windows-x64_bin-sdk\javafx-sdk-22.0.1\lib --add-modules=javafx.controls,javafx.fxml -javaagent:C:\Users\diego\AppData\Local\JetBrains\IntelliJIdea2024.1\captureAgent\debugger-agent.jar -Dfile.encoding=UTF-8 
java_command: optiuam.bc.controller.OptiUAM24
java_class_path (initial): D:\Proyecto Terminal\C鏚igo\OptiUAM24\OptiUAM\out\production\OptiUAM;D:\Proyecto Terminal\C鏚igo\OptiUAM24\OptiUAM\Librerias\jcommon-1.0.23.jar;D:\Proyecto Terminal\C鏚igo\OptiUAM24\OptiUAM\Librerias\jfreechart-1.0.19.jar;D:\Proyecto Terminal\openjfx-22.0.1_windows-x64_bin-sdk\javafx-sdk-22.0.1\lib\javafx-swt.jar;D:\Proyecto Terminal\openjfx-22.0.1_windows-x64_bin-sdk\javafx-sdk-22.0.1\lib\javafx.base.jar;D:\Proyecto Terminal\openjfx-22.0.1_windows-x64_bin-sdk\javafx-sdk-22.0.1\lib\javafx.controls.jar;D:\Proyecto Terminal\openjfx-22.0.1_windows-x64_bin-sdk\javafx-sdk-22.0.1\lib\javafx.fxml.jar;D:\Proyecto Terminal\openjfx-22.0.1_windows-x64_bin-sdk\javafx-sdk-22.0.1\lib\javafx.graphics.jar;D:\Proyecto Terminal\openjfx-22.0.1_windows-x64_bin-sdk\javafx-sdk-22.0.1\lib\javafx.media.jar;D:\Proyecto Terminal\openjfx-22.0.1_windows-x64_bin-sdk\javafx-sdk-22.0.1\lib\javafx.swing.jar;D:\Proyecto Terminal\openjfx-22.0.1_windows-x64_bin-sdk\javafx-sdk-22.0.1\lib\javafx.web.jar;D:\Proyecto Terminal\openjfx-22.0.1_windows-x64_bin-sdk.zip;C:\Program Files\JetBrains\IntelliJ IDEA 2024.1.3\lib\idea_rt.jar
Launcher Type: SUN_STANDARD

[Global flags]
     intx CICompilerCount                          = 4                                         {product} {ergonomic}
     uint ConcGCThreads                            = 2                                         {product} {ergonomic}
     uint G1ConcRefinementThreads                  = 8                                         {product} {ergonomic}
   size_t G1HeapRegionSize                         = 1048576                                   {product} {ergonomic}
    uintx GCDrainStackTargetSize                   = 64                                        {product} {ergonomic}
   size_t InitialHeapSize                          = 117440512                                 {product} {ergonomic}
   size_t MarkStackSize                            = 4194304                                   {product} {ergonomic}
   size_t MaxHeapSize                              = 1862270976                                {product} {ergonomic}
   size_t MaxNewSize                               = 1116733440                                {product} {ergonomic}
   size_t MinHeapDeltaBytes                        = 1048576                                   {product} {ergonomic}
   size_t MinHeapSize                              = 8388608                                   {product} {ergonomic}
    uintx NonNMethodCodeHeapSize                   = 5839372                                {pd product} {ergonomic}
    uintx NonProfiledCodeHeapSize                  = 122909434                              {pd product} {ergonomic}
    uintx ProfiledCodeHeapSize                     = 122909434                              {pd product} {ergonomic}
    uintx ReservedCodeCacheSize                    = 251658240                              {pd product} {ergonomic}
     bool SegmentedCodeCache                       = true                                      {product} {ergonomic}
   size_t SoftMaxHeapSize                          = 1862270976                             {manageable} {ergonomic}
     bool UseCompressedClassPointers               = true                           {product lp64_product} {ergonomic}
     bool UseCompressedOops                        = true                           {product lp64_product} {ergonomic}
     bool UseG1GC                                  = true                                      {product} {ergonomic}
     bool UseLargePagesIndividualAllocation        = false                                  {pd product} {ergonomic}

Logging:
Log output configuration:
 #0: stdout all=off uptime,level,tags
 #1: stderr all=off uptime,level,tags

Environment Variables:
PATH=C:\Program Files\Common Files\Oracle\Java\javapath;C:\Users\diego\Desktop\oracle\bin;C:\Windows\system32;C:\Windows;C:\Windows\System32\Wbem;C:\Windows\System32\WindowsPowerShell\v1.0\;C:\Windows\System32\OpenSSH\;C:\Program Files\Git\cmd;C:\Strawberry\c\bin;C:\Strawberry\perl\site\bin;C:\Strawberry\perl\bin;C:\Users\diego\AppData\Local\Microsoft\WindowsApps;C:\Program Files\JetBrains\IntelliJ IDEA 2024.1.3\bin;;C:\Users\diego\AppData\Local\GitHubDesktop\bin;C:\Program Files\JetBrains\PyCharm 2024.1.4\bin;;C:\Users\diego\AppData\Local\Programs\Microsoft VS Code\bin;C:\Users\diego\AppData\Local\Programs\MiKTeX\miktex\bin\x64\
USERNAME=diego
OS=Windows_NT
PROCESSOR_IDENTIFIER=AMD64 Family 23 Model 24 Stepping 1, AuthenticAMD
TMP=C:\Users\diego\AppData\Local\Temp
TEMP=C:\Users\diego\AppData\Local\Temp



Periodic native trim disabled


---------------  S Y S T E M  ---------------

OS:
 Windows 11 , 64 bit Build 22621 (10.0.22621.3958)
OS uptime: 0 days 1:50 hours

CPU: total 8 (initial active 8) (8 cores per cpu, 2 threads per core) family 23 model 24 stepping 1 microcode 0x0, cx8, cmov, fxsr, ht, mmx, 3dnowpref, sse, sse2, sse3, ssse3, sse4a, sse4.1, sse4.2, popcnt, lzcnt, tsc, tscinvbit, avx, avx2, aes, clmul, bmi1, bmi2, adx, sha, fma, vzeroupper, clflush, clflushopt
Processor Information for all 8 processors :
  Max Mhz: 2100, Current Mhz: 2100, Mhz Limit: 2100

Memory: 4k page, system-wide physical 7103M (936M free)
TotalPageFile size 17378M (AvailPageFile size 2944M)
current process WorkingSet (physical memory assigned to process): 73M, peak: 348M
current process commit charge ("private bytes"): 378M, peak: 460M

vm_info: OpenJDK 64-Bit Server VM (17.0.12+7-LTS) for windows-amd64 JRE (17.0.12+7-LTS), built on Jul 10 2024 20:46:33 by "Administrator" with MS VC++ 16.10 / 16.11 (VS2019)

END.
