#
# A fatal error has been detected by the Java Runtime Environment:
#
#  EXCEPTION_ACCESS_VIOLATION (0xc0000005) at pc=0x00007fff49bd82d7, pid=9036, tid=17488
#
# JRE version: OpenJDK Runtime Environment Corretto-17.0.12.7.1 (17.0.12+7) (build 17.0.12+7-LTS)
# Java VM: OpenJDK 64-Bit Server VM Corretto-17.0.12.7.1 (17.0.12+7-LTS, mixed mode, sharing, tiered, compressed oops, compressed class ptrs, g1 gc, windows-amd64)
# Problematic frame:
# C  [glass.dll+0x282d7]
#
# No core dump will be written. Minidumps are not enabled by default on client versions of Windows
#
# If you would like to submit a bug report, please visit:
#   https://github.com/corretto/corretto-17/issues/
#

---------------  S U M M A R Y ------------

Command Line: -agentlib:jdwp=transport=dt_socket,address=127.0.0.1:49258,suspend=y,server=n --module-path=C:\Users\marilu\Documents\PT\javafx-sdk-22.0.1\lib --add-modules=javafx.controls,javafx.fxml -javaagent:C:\Users\marilu\AppData\Local\JetBrains\IntelliJIdea2024.1\captureAgent\debugger-agent.jar -Dfile.encoding=UTF-8 optiuam.bc.controller.OptiUAM24

Host: Intel(R) Core(TM) i5-8350U CPU @ 1.70GHz, 8 cores, 15G,  Windows 11 , 64 bit Build 22621 (10.0.22621.4391)
Time: Thu Dec 26 18:28:43 2024 Hora est嫕dar central (M憖ico) elapsed time: 502.457934 seconds (0d 0h 8m 22s)

---------------  T H R E A D  ---------------

Current thread (0x0000027373078150):  VMThread "VM Thread" [stack: 0x000000dbfb400000,0x000000dbfb500000] [id=17488]

Stack: [0x000000dbfb400000,0x000000dbfb500000],  sp=0x000000dbfb4fef30,  free space=1019k
Native frames: (J=compiled Java code, j=interpreted, Vv=VM code, C=native code)
C  [glass.dll+0x282d7]


siginfo: EXCEPTION_ACCESS_VIOLATION (0xc0000005), reading address 0x0000000000000000


Registers:
RAX=0x0000000000000000, RBX=0x0000027348d867c8, RCX=0x0000027373078150, RDX=0x000000dbfb4fef30
RSP=0x000000dbfb4fef30, RBP=0x0000027378052e68, RSI=0x000000dbfb4ff038, RDI=0x0000027378052e40
R8 =0x0000000000010002, R9 =0x0000027378052e40, R10=0x85f13e9656da4870, R11=0x000000dbfb4feec0
R12=0x00007fff49bd5be0, R13=0x00007fff0cff5fe0, R14=0x00002bf6a1e61be9, R15=0x0000027378052e40
RIP=0x00007fff49bd82d7, EFLAGS=0x0000000000010206


Register to memory mapping:

RIP=0x00007fff49bd82d7 glass.dll
RAX=0x0 is NULL
RBX=0x0000027348d867c8 is a global jni handle
RCX=0x0000027373078150 points into unknown readable memory: 0x00007fff0ce20bb8 | b8 0b e2 0c ff 7f 00 00
RDX=0x000000dbfb4fef30 points into unknown readable memory: 0x0000000000000000 | 00 00 00 00 00 00 00 00
RSP=0x000000dbfb4fef30 points into unknown readable memory: 0x0000000000000000 | 00 00 00 00 00 00 00 00
RBP=0x0000027378052e68 points into unknown readable memory: 0x00002bf6a1e61be9 | e9 1b e6 a1 f6 2b 00 00
RSI=0x000000dbfb4ff038 points into unknown readable memory: 0x000000dbfb4ff020 | 20 f0 4f fb db 00 00 00
RDI=0x0000027378052e40 points into unknown readable memory: 0x7aaddbf6a119e57a | 7a e5 19 a1 f6 db ad 7a
R8 =0x0000000000010002 is an unknown value
R9 =0x0000027378052e40 points into unknown readable memory: 0x7aaddbf6a119e57a | 7a e5 19 a1 f6 db ad 7a
R10=0x85f13e9656da4870 is an unknown value
R11=0x000000dbfb4feec0 points into unknown readable memory: 0x0000027378052e40 | 40 2e 05 78 73 02 00 00
R12=0x00007fff49bd5be0 glass.dll
R13=0x00007fff0cff5fe0 jvm.dll
R14=0x00002bf6a1e61be9 is an unknown value
R15=0x0000027378052e40 points into unknown readable memory: 0x7aaddbf6a119e57a | 7a e5 19 a1 f6 db ad 7a


Top of Stack: (sp=0x000000dbfb4fef30)
0x000000dbfb4fef30:   0000000000000000 000000dbfb4ff038
0x000000dbfb4fef40:   00007fff0cff5fe0 00007fff49bd5be0
0x000000dbfb4fef50:   0000027378052e48 00007fff63243a93
0x000000dbfb4fef60:   0000027378052e40 0000027300000000
0x000000dbfb4fef70:   0000027378052e68 000000dbfb4ff038
0x000000dbfb4fef80:   fffffffffffffffe 0000000000000000
0x000000dbfb4fef90:   0000000000000001 00007fff49bb0000
0x000000dbfb4fefa0:   000000dbfb4ff028 00007fff6321042e
0x000000dbfb4fefb0:   0000000000000000 000000dbfb4ff038
0x000000dbfb4fefc0:   000000dbfb4ff320 0000000000000001
0x000000dbfb4fefd0:   0000000000000001 00007fff6320dddd
0x000000dbfb4fefe0:   0000000000000000 00007fff49bd53d9
0x000000dbfb4feff0:   0000000000000000 000000dbfb4ff028
0x000000dbfb4ff000:   fffffffffffffffe 0000000000000001
0x000000dbfb4ff010:   0000000000000000 00007fff49bd5a6d
0x000000dbfb4ff020:   00007fff49bed078 00007fff00000002
0x000000dbfb4ff030:   0000000000000002 000000dbfb4ff020
0x000000dbfb4ff040:   0000000000000000 00007fff65d78af3
0x000000dbfb4ff050:   0000000000000000 00007fff49bd5b92
0x000000dbfb4ff060:   0000000000000001 0000000000000001
0x000000dbfb4ff070:   000000dbfb4ff320 0000000000000001
0x000000dbfb4ff080:   0000000000000001 00007fff627c2223
0x000000dbfb4ff090:   00007fff00000001 0000000000000000
0x000000dbfb4ff0a0:   00007fff49bb0000 000000007ffe0384
0x000000dbfb4ff0b0:   0000000000000000 00007fff65d78b8f
0x000000dbfb4ff0c0:   00007fff49bb0000 0000000000000000
0x000000dbfb4ff0d0:   0000000000000001 000000007ffe0385
0x000000dbfb4ff0e0:   00007fff65e87940 00007fff4fa3c820
0x000000dbfb4ff0f0:   00002a9e6ea3e200 00007fff4e750000
0x000000dbfb4ff100:   00007fff49bd5be0 0000000000000000
0x000000dbfb4ff110:   0000000000000000 000000dbfa967000
0x000000dbfb4ff120:   00000273738234c0 00007fff65da1596 

Instructions: (pc=0x00007fff49bd82d7)
0x00007fff49bd81d7:   8b 4d 58 e8 49 cf ff ff 48 8b 4d 60 e8 40 cf ff
0x00007fff49bd81e7:   ff 48 8b 95 80 00 00 00 48 8b 8d 18 01 00 00 e8
0x00007fff49bd81f7:   26 c5 ff ff 33 d2 33 c9 e8 8c e1 ff ff 90 48 89
0x00007fff49bd8207:   54 24 10 55 48 83 ec 20 48 8b ea 48 b8 00 00 00
0x00007fff49bd8217:   00 00 00 00 00 48 83 c4 20 5d c3 cc 40 55 48 8b
0x00007fff49bd8227:   ea 48 8b 01 33 c9 81 38 05 00 00 c0 0f 94 c1 8b
0x00007fff49bd8237:   c1 5d c3 cc 40 55 48 83 ec 20 48 8b ea 8a 4d 40
0x00007fff49bd8247:   48 83 c4 20 5d e9 33 d3 ff ff cc 40 55 48 83 ec
0x00007fff49bd8257:   20 48 8b ea 8a 4d 20 e8 21 d3 ff ff 90 48 83 c4
0x00007fff49bd8267:   20 5d c3 cc 40 55 48 83 ec 20 48 8b ea 48 83 c4
0x00007fff49bd8277:   20 5d e9 82 d1 ff ff cc 40 55 48 83 ec 30 48 8b
0x00007fff49bd8287:   ea 48 8b 01 8b 10 48 89 4c 24 28 89 54 24 20 4c
0x00007fff49bd8297:   8d 0d 23 d6 ff ff 4c 8b 45 70 8b 55 68 48 8b 4d
0x00007fff49bd82a7:   60 e8 c3 d0 ff ff 90 48 83 c4 30 5d c3 cc cc cc
0x00007fff49bd82b7:   cc cc cc cc cc cc cc cc cc 40 53 48 83 ec 20 48
0x00007fff49bd82c7:   8b 1d 6b 47 01 00 48 85 db 74 16 e8 39 90 ff ff
0x00007fff49bd82d7:   4c 8b 00 48 8b d3 48 8b c8 41 ff 90 b0 00 00 00
0x00007fff49bd82e7:   90 48 83 c4 20 5b c3 cc cc 40 53 48 83 ec 20 48
0x00007fff49bd82f7:   8b 1d ab 48 01 00 48 85 db 74 57 b8 ff ff ff ff
0x00007fff49bd8307:   f0 0f c1 43 10 83 f8 01 75 3d 48 85 db 74 38 48
0x00007fff49bd8317:   8b 0b 48 85 c9 74 0d ff 15 8c 0f 00 00 48 c7 03
0x00007fff49bd8327:   00 00 00 00 48 8b 4b 08 48 85 c9 74 0d e8 ef cd
0x00007fff49bd8337:   ff ff 48 c7 43 08 00 00 00 00 ba 18 00 00 00 48
0x00007fff49bd8347:   8b cb e8 da cd ff ff 48 c7 05 4f 48 01 00 00 00
0x00007fff49bd8357:   00 00 48 83 c4 20 5b c3 cc 40 53 48 83 ec 20 48
0x00007fff49bd8367:   8b 1d 1b 48 01 00 48 85 db 74 57 b8 ff ff ff ff
0x00007fff49bd8377:   f0 0f c1 43 10 83 f8 01 75 3d 48 85 db 74 38 48
0x00007fff49bd8387:   8b 0b 48 85 c9 74 0d ff 15 1c 0f 00 00 48 c7 03
0x00007fff49bd8397:   00 00 00 00 48 8b 4b 08 48 85 c9 74 0d e8 7f cd
0x00007fff49bd83a7:   ff ff 48 c7 43 08 00 00 00 00 ba 18 00 00 00 48
0x00007fff49bd83b7:   8b cb e8 6a cd ff ff 48 c7 05 bf 47 01 00 00 00
0x00007fff49bd83c7:   00 00 48 83 c4 20 5b c3 cc 40 53 48 83 ec 20 48 


Stack slot to memory mapping:
stack at sp + 0 slots: 0x0 is NULL
stack at sp + 1 slots: 0x000000dbfb4ff038 points into unknown readable memory: 0x000000dbfb4ff020 | 20 f0 4f fb db 00 00 00
stack at sp + 2 slots: 0x00007fff0cff5fe0 jvm.dll
stack at sp + 3 slots: 0x00007fff49bd5be0 glass.dll
stack at sp + 4 slots: 0x0000027378052e48 points into unknown readable memory: 0x00002bf6a1e61be9 | e9 1b e6 a1 f6 2b 00 00
stack at sp + 5 slots: 0x00007fff63243a93 ucrtbase.dll
stack at sp + 6 slots: 0x0000027378052e40 points into unknown readable memory: 0x7aaddbf6a119e57a | 7a e5 19 a1 f6 db ad 7a
stack at sp + 7 slots: 0x0000027300000000 is pointing into metadata

VM_Operation (0x000000dbfc1ff230): Exit, mode: safepoint, requested by thread 0x00000273784d9910


---------------  P R O C E S S  ---------------

Threads class SMR info:
_java_thread_list=0x0000027342a72f00, length=21, elements={
0x000002734e0e9960, 0x000002737307cc70, 0x000002737307fa10, 0x00000273731d11b0,
0x00000273731d3f90, 0x00000273731d4860, 0x00000273731d7140, 0x00000273731dfd60,
0x00000273731e9470, 0x00000273731ef560, 0x00000273732c0520, 0x0000027373762d00,
0x00000273736abf30, 0x0000027373c20260, 0x0000027373a0de60, 0x0000027373a2a9f0,
0x0000027373b7f2d0, 0x0000027373316080, 0x00000273784d9e20, 0x00000273784d7ab0,
0x00000273784d9910
}

Java Threads: ( => current thread )
  0x000002734e0e9960 JavaThread "main" [_thread_blocked, id=17384, stack(0x000000dbfae00000,0x000000dbfaf00000)]
  0x000002737307cc70 JavaThread "Reference Handler" daemon [_thread_blocked, id=5616, stack(0x000000dbfb500000,0x000000dbfb600000)]
  0x000002737307fa10 JavaThread "Finalizer" daemon [_thread_blocked, id=7096, stack(0x000000dbfb600000,0x000000dbfb700000)]
  0x00000273731d11b0 JavaThread "Signal Dispatcher" daemon [_thread_blocked, id=8976, stack(0x000000dbfb700000,0x000000dbfb800000)]
  0x00000273731d3f90 JavaThread "Attach Listener" daemon [_thread_blocked, id=18600, stack(0x000000dbfb800000,0x000000dbfb900000)]
  0x00000273731d4860 JavaThread "Service Thread" daemon [_thread_blocked, id=17884, stack(0x000000dbfb900000,0x000000dbfba00000)]
  0x00000273731d7140 JavaThread "Monitor Deflation Thread" daemon [_thread_blocked, id=4228, stack(0x000000dbfba00000,0x000000dbfbb00000)]
  0x00000273731dfd60 JavaThread "C2 CompilerThread0" daemon [_thread_blocked, id=17888, stack(0x000000dbfbb00000,0x000000dbfbc00000)]
  0x00000273731e9470 JavaThread "C1 CompilerThread0" daemon [_thread_blocked, id=7392, stack(0x000000dbfbc00000,0x000000dbfbd00000)]
  0x00000273731ef560 JavaThread "Sweeper thread" daemon [_thread_blocked, id=16044, stack(0x000000dbfbd00000,0x000000dbfbe00000)]
  0x00000273732c0520 JavaThread "Common-Cleaner" daemon [_thread_blocked, id=13564, stack(0x000000dbfbe00000,0x000000dbfbf00000)]
  0x0000027373762d00 JavaThread "JDWP Event Helper Thread" daemon [_thread_blocked, id=13704, stack(0x000000dbfc200000,0x000000dbfc300000)]
  0x00000273736abf30 JavaThread "Notification Thread" daemon [_thread_blocked, id=1328, stack(0x000000dbfc000000,0x000000dbfc100000)]
  0x0000027373c20260 JavaThread "QuantumRenderer-0" daemon [_thread_blocked, id=18804, stack(0x000000dbfc500000,0x000000dbfc600000)]
  0x0000027373a0de60 JavaThread "InvokeLaterDispatcher" daemon [_thread_blocked, id=7512, stack(0x000000dbfc600000,0x000000dbfc700000)]
  0x0000027373a2a9f0 JavaThread "JavaFX Application Thread" [_thread_in_native, id=2656, stack(0x000000dbfc700000,0x000000dbfc800000)]
  0x0000027373b7f2d0 JavaThread "JavaFX-Launcher" [_thread_blocked, id=18680, stack(0x000000dbfcc00000,0x000000dbfcd00000)]
  0x0000027373316080 JavaThread "Thread-2" daemon [_thread_in_native, id=7832, stack(0x000000dbfcb00000,0x000000dbfcc00000)]
  0x00000273784d9e20 JavaThread "Prism Font Disposer" daemon [_thread_blocked, id=19180, stack(0x000000dbfdc00000,0x000000dbfdd00000)]
  0x00000273784d7ab0 JavaThread "Cleaner-0" daemon [_thread_blocked, id=3920, stack(0x000000dbfdd00000,0x000000dbfde00000)]
  0x00000273784d9910 JavaThread "SIGINT handler" daemon [_thread_blocked, id=15784, stack(0x000000dbfc100000,0x000000dbfc200000)]

Other Threads:
=>0x0000027373078150 VMThread "VM Thread" [stack: 0x000000dbfb400000,0x000000dbfb500000] [id=17488]
  0x000002734e1563f0 GCTaskThread "GC Thread#0" [stack: 0x000000dbfaf00000,0x000000dbfb000000] [id=17624]
  0x00000273781b8eb0 GCTaskThread "GC Thread#1" [stack: 0x000000dbfcd00000,0x000000dbfce00000] [id=19592]
  0x00000273781b9170 GCTaskThread "GC Thread#2" [stack: 0x000000dbfce00000,0x000000dbfcf00000] [id=17904]
  0x00000273781b9430 GCTaskThread "GC Thread#3" [stack: 0x000000dbfcf00000,0x000000dbfd000000] [id=12328]
  0x00000273781b96f0 GCTaskThread "GC Thread#4" [stack: 0x000000dbfd000000,0x000000dbfd100000] [id=11832]
  0x00000273781bb9c0 GCTaskThread "GC Thread#5" [stack: 0x000000dbfd100000,0x000000dbfd200000] [id=20284]
  0x00000273781bc480 GCTaskThread "GC Thread#6" [stack: 0x000000dbfd200000,0x000000dbfd300000] [id=4440]
  0x0000027373c0fc30 GCTaskThread "GC Thread#7" [stack: 0x000000dbfd300000,0x000000dbfd400000] [id=17572]
  0x000002734e167f70 ConcurrentGCThread "G1 Main Marker" terminated
  0x000002734e169040 ConcurrentGCThread "G1 Conc#0" [stack: 0x000000dbfb100000,0x000000dbfb200000] [id=3556]
  0x0000027346fa46c0 ConcurrentGCThread "G1 Conc#1" [stack: 0x000000dbfda00000,0x000000dbfdb00000] [id=3604]
  0x0000027372f32160 ConcurrentGCThread "G1 Refine#0" terminated
  0x000002737850cda0 ConcurrentGCThread "G1 Refine#1" terminated
  0x00000273785ab100 ConcurrentGCThread "G1 Refine#2" terminated
  0x00000273785c1080 ConcurrentGCThread "G1 Refine#3" terminated
  0x0000027378305f30 ConcurrentGCThread "G1 Refine#4" terminated
  0x0000027372f329a0 ConcurrentGCThread "G1 Service" terminated

Threads with active compile tasks:
C2 CompilerThread0  
[error occurred during error reporting (printing all threads), id 0xc0000005, EXCEPTION_ACCESS_VIOLATION (0xc0000005) at pc=0x00007fff0cc24d43]

VM state: at safepoint (shutting down)

VM Mutex/Monitor currently owned by a thread:  ([mutex/lock_event])
[0x000002734e0e4b90] Threads_lock - owner thread: 0x0000027373078150
[0x000002734e0e43b0] Heap_lock - owner thread: 0x00000273784d9910

Heap address: 0x0000000701e00000, size: 4066 MB, Compressed Oops mode: Zero based, Oop shift amount: 3

CDS archive(s) mapped at: [0x0000027300000000-0x0000027300bb0000-0x0000027300bb0000), size 12255232, SharedBaseAddress: 0x0000027300000000, ArchiveRelocationMode: 1.
Compressed class space mapped at: 0x0000027301000000-0x0000027341000000, reserved size: 1073741824
Narrow klass base: 0x0000027300000000, Narrow klass shift: 0, Narrow klass range: 0x100000000

GC Precious Log:
 CPUs: 8 total, 8 available
 Memory: 16256M
 Large Page Support: Disabled
 NUMA Support: Disabled
 Compressed Oops: Enabled (Zero based)
 Heap Region Size: 2M
 Heap Min Capacity: 8M
 Heap Initial Capacity: 256M
 Heap Max Capacity: 4066M
 Pre-touch: Disabled
 Parallel Workers: 8
 Concurrent Workers: 2
 Concurrent Refinement Workers: 8
 Periodic GC: Disabled

Heap:
 garbage-first heap   total 131072K, used 87579K [0x0000000701e00000, 0x0000000800000000)
  region size 2048K, 33 young (67584K), 9 survivors (18432K)
 Metaspace       used 23154K, committed 23552K, reserved 1114112K
  class space    used 3222K, committed 3456K, reserved 1048576K

Heap Regions: E=young(eden), S=young(survivor), O=old, HS=humongous(starts), HC=humongous(continues), CS=collection set, F=free, OA=open archive, CA=closed archive, TAMS=top-at-mark-start (previous, next)
|   0|0x0000000701e00000, 0x0000000702000000, 0x0000000702000000|100%| O|  |TAMS 0x0000000702000000, 0x0000000701e00000| Untracked 
|   1|0x0000000702000000, 0x0000000702200000, 0x0000000702200000|100%| O|  |TAMS 0x0000000702200000, 0x0000000702000000| Untracked 
|   2|0x0000000702200000, 0x0000000702400000, 0x0000000702400000|100%|HS|  |TAMS 0x0000000702400000, 0x0000000702200000| Complete 
|   3|0x0000000702400000, 0x0000000702600000, 0x0000000702600000|100%|HC|  |TAMS 0x0000000702600000, 0x0000000702400000| Complete 
|   4|0x0000000702600000, 0x0000000702800000, 0x0000000702800000|100%|HC|  |TAMS 0x0000000702800000, 0x0000000702600000| Complete 
|   5|0x0000000702800000, 0x0000000702a00000, 0x0000000702a00000|100%|HC|  |TAMS 0x0000000702a00000, 0x0000000702800000| Complete 
|   6|0x0000000702a00000, 0x0000000702c00000, 0x0000000702c00000|100%|HC|  |TAMS 0x0000000702c00000, 0x0000000702a00000| Complete 
|   7|0x0000000702c00000, 0x0000000702e00000, 0x0000000702e00000|100%|HC|  |TAMS 0x0000000702e00000, 0x0000000702c00000| Complete 
|   8|0x0000000702e00000, 0x0000000703000000, 0x0000000703000000|100%|HC|  |TAMS 0x0000000703000000, 0x0000000702e00000| Complete 
|   9|0x0000000703000000, 0x0000000703200000, 0x0000000703200000|100%|HS|  |TAMS 0x0000000703000000, 0x0000000703000000| Complete 
|  10|0x0000000703200000, 0x0000000703200000, 0x0000000703400000|  0%| F|  |TAMS 0x0000000703200000, 0x0000000703200000| Untracked 
|  11|0x0000000703400000, 0x0000000703600000, 0x0000000703600000|100%| O|  |TAMS 0x0000000703600000, 0x0000000703400000| Untracked 
|  12|0x0000000703600000, 0x0000000703800000, 0x0000000703800000|100%| O|  |TAMS 0x0000000703800000, 0x0000000703600000| Untracked 
|  13|0x0000000703800000, 0x0000000703956e00, 0x0000000703a00000| 66%| O|  |TAMS 0x0000000703956e00, 0x0000000703800000| Untracked 
|  14|0x0000000703a00000, 0x0000000703a30070, 0x0000000703c00000|  9%| S|CS|TAMS 0x0000000703a00000, 0x0000000703a00000| Complete 
|  15|0x0000000703c00000, 0x0000000703e00000, 0x0000000703e00000|100%| S|CS|TAMS 0x0000000703c00000, 0x0000000703c00000| Complete 
|  16|0x0000000703e00000, 0x0000000704000000, 0x0000000704000000|100%| S|CS|TAMS 0x0000000703e00000, 0x0000000703e00000| Complete 
|  17|0x0000000704000000, 0x0000000704200000, 0x0000000704200000|100%| S|CS|TAMS 0x0000000704000000, 0x0000000704000000| Complete 
|  18|0x0000000704200000, 0x0000000704400000, 0x0000000704400000|100%| S|CS|TAMS 0x0000000704200000, 0x0000000704200000| Complete 
|  19|0x0000000704400000, 0x0000000704600000, 0x0000000704600000|100%| S|CS|TAMS 0x0000000704400000, 0x0000000704400000| Complete 
|  20|0x0000000704600000, 0x0000000704800000, 0x0000000704800000|100%| S|CS|TAMS 0x0000000704600000, 0x0000000704600000| Complete 
|  21|0x0000000704800000, 0x0000000704a00000, 0x0000000704a00000|100%| S|CS|TAMS 0x0000000704800000, 0x0000000704800000| Complete 
|  22|0x0000000704a00000, 0x0000000704c00000, 0x0000000704c00000|100%| S|CS|TAMS 0x0000000704a00000, 0x0000000704a00000| Complete 
|  23|0x0000000704c00000, 0x0000000704c00000, 0x0000000704e00000|  0%| F|  |TAMS 0x0000000704c00000, 0x0000000704c00000| Untracked 
|  24|0x0000000704e00000, 0x0000000704e00000, 0x0000000705000000|  0%| F|  |TAMS 0x0000000704e00000, 0x0000000704e00000| Untracked 
|  25|0x0000000705000000, 0x0000000705000000, 0x0000000705200000|  0%| F|  |TAMS 0x0000000705000000, 0x0000000705000000| Untracked 
|  26|0x0000000705200000, 0x0000000705200000, 0x0000000705400000|  0%| F|  |TAMS 0x0000000705200000, 0x0000000705200000| Untracked 
|  27|0x0000000705400000, 0x0000000705400000, 0x0000000705600000|  0%| F|  |TAMS 0x0000000705400000, 0x0000000705400000| Untracked 
|  28|0x0000000705600000, 0x0000000705600000, 0x0000000705800000|  0%| F|  |TAMS 0x0000000705600000, 0x0000000705600000| Untracked 
|  29|0x0000000705800000, 0x0000000705800000, 0x0000000705a00000|  0%| F|  |TAMS 0x0000000705800000, 0x0000000705800000| Untracked 
|  30|0x0000000705a00000, 0x0000000705a00000, 0x0000000705c00000|  0%| F|  |TAMS 0x0000000705a00000, 0x0000000705a00000| Untracked 
|  31|0x0000000705c00000, 0x0000000705c00000, 0x0000000705e00000|  0%| F|  |TAMS 0x0000000705c00000, 0x0000000705c00000| Untracked 
|  32|0x0000000705e00000, 0x0000000705e00000, 0x0000000706000000|  0%| F|  |TAMS 0x0000000705e00000, 0x0000000705e00000| Untracked 
|  33|0x0000000706000000, 0x0000000706000000, 0x0000000706200000|  0%| F|  |TAMS 0x0000000706000000, 0x0000000706000000| Untracked 
|  34|0x0000000706200000, 0x0000000706200000, 0x0000000706400000|  0%| F|  |TAMS 0x0000000706200000, 0x0000000706200000| Untracked 
|  35|0x0000000706400000, 0x0000000706400000, 0x0000000706600000|  0%| F|  |TAMS 0x0000000706400000, 0x0000000706400000| Untracked 
|  36|0x0000000706600000, 0x0000000706600000, 0x0000000706800000|  0%| F|  |TAMS 0x0000000706600000, 0x0000000706600000| Untracked 
|  37|0x0000000706800000, 0x0000000706800000, 0x0000000706a00000|  0%| F|  |TAMS 0x0000000706800000, 0x0000000706800000| Untracked 
|  38|0x0000000706a00000, 0x0000000706a00000, 0x0000000706c00000|  0%| F|  |TAMS 0x0000000706a00000, 0x0000000706a00000| Untracked 
|  39|0x0000000706c00000, 0x0000000706c00000, 0x0000000706e00000|  0%| F|  |TAMS 0x0000000706c00000, 0x0000000706c00000| Untracked 
|  40|0x0000000706e00000, 0x0000000706e864f8, 0x0000000707000000| 26%| E|  |TAMS 0x0000000706e00000, 0x0000000706e00000| Complete 
|  41|0x0000000707000000, 0x0000000707200000, 0x0000000707200000|100%| E|CS|TAMS 0x0000000707000000, 0x0000000707000000| Complete 
|  42|0x0000000707200000, 0x0000000707400000, 0x0000000707400000|100%| E|CS|TAMS 0x0000000707200000, 0x0000000707200000| Complete 
|  43|0x0000000707400000, 0x0000000707600000, 0x0000000707600000|100%| E|CS|TAMS 0x0000000707400000, 0x0000000707400000| Complete 
|  44|0x0000000707600000, 0x0000000707800000, 0x0000000707800000|100%| E|  |TAMS 0x0000000707600000, 0x0000000707600000| Complete 
|  45|0x0000000707800000, 0x0000000707a00000, 0x0000000707a00000|100%| E|CS|TAMS 0x0000000707800000, 0x0000000707800000| Complete 
|  46|0x0000000707a00000, 0x0000000707c00000, 0x0000000707c00000|100%| E|CS|TAMS 0x0000000707a00000, 0x0000000707a00000| Complete 
|  47|0x0000000707c00000, 0x0000000707e00000, 0x0000000707e00000|100%| E|CS|TAMS 0x0000000707c00000, 0x0000000707c00000| Complete 
|  48|0x0000000707e00000, 0x0000000708000000, 0x0000000708000000|100%| E|CS|TAMS 0x0000000707e00000, 0x0000000707e00000| Complete 
|  49|0x0000000708000000, 0x0000000708200000, 0x0000000708200000|100%| E|CS|TAMS 0x0000000708000000, 0x0000000708000000| Complete 
|  50|0x0000000708200000, 0x0000000708400000, 0x0000000708400000|100%| E|CS|TAMS 0x0000000708200000, 0x0000000708200000| Complete 
|  51|0x0000000708400000, 0x0000000708600000, 0x0000000708600000|100%| E|CS|TAMS 0x0000000708400000, 0x0000000708400000| Complete 
|  52|0x0000000708600000, 0x0000000708800000, 0x0000000708800000|100%| E|CS|TAMS 0x0000000708600000, 0x0000000708600000| Complete 
|  53|0x0000000708800000, 0x0000000708a00000, 0x0000000708a00000|100%| E|CS|TAMS 0x0000000708800000, 0x0000000708800000| Complete 
|  54|0x0000000708a00000, 0x0000000708c00000, 0x0000000708c00000|100%| E|CS|TAMS 0x0000000708a00000, 0x0000000708a00000| Complete 
|  55|0x0000000708c00000, 0x0000000708e00000, 0x0000000708e00000|100%| E|CS|TAMS 0x0000000708c00000, 0x0000000708c00000| Complete 
|  56|0x0000000708e00000, 0x0000000709000000, 0x0000000709000000|100%| E|CS|TAMS 0x0000000708e00000, 0x0000000708e00000| Complete 
|  57|0x0000000709000000, 0x0000000709200000, 0x0000000709200000|100%| E|CS|TAMS 0x0000000709000000, 0x0000000709000000| Complete 
| 109|0x000000070f800000, 0x000000070fa00000, 0x000000070fa00000|100%| E|CS|TAMS 0x000000070f800000, 0x000000070f800000| Complete 
| 110|0x000000070fa00000, 0x000000070fc00000, 0x000000070fc00000|100%| E|CS|TAMS 0x000000070fa00000, 0x000000070fa00000| Complete 
| 111|0x000000070fc00000, 0x000000070fe00000, 0x000000070fe00000|100%| E|CS|TAMS 0x000000070fc00000, 0x000000070fc00000| Complete 
| 112|0x000000070fe00000, 0x0000000710000000, 0x0000000710000000|100%| E|CS|TAMS 0x000000070fe00000, 0x000000070fe00000| Complete 
| 113|0x0000000710000000, 0x0000000710200000, 0x0000000710200000|100%| E|CS|TAMS 0x0000000710000000, 0x0000000710000000| Complete 
| 127|0x0000000711c00000, 0x0000000711e00000, 0x0000000711e00000|100%| E|CS|TAMS 0x0000000711c00000, 0x0000000711c00000| Complete 

Card table byte_map: [0x0000027367650000,0x0000027367e50000] _byte_map_base: 0x0000027363e41000

Marking Bits (Prev, Next): (CMBitMap*) 0x000002734e157870, (CMBitMap*) 0x000002734e157830
 Prev Bits: [0x000002736c5e0000, 0x0000027370568000)
 Next Bits: [0x0000027368650000, 0x000002736c5d8000)

Polling page: 0x000002734e1a0000

Metaspace:

Usage:
  Non-class:     19.47 MB used.
      Class:      3.15 MB used.
       Both:     22.61 MB used.

Virtual space:
  Non-class space:       64.00 MB reserved,      19.62 MB ( 31%) committed,  1 nodes.
      Class space:        1.00 GB reserved,       3.38 MB ( <1%) committed,  1 nodes.
             Both:        1.06 GB reserved,      23.00 MB (  2%) committed. 

Chunk freelists:
   Non-Class:  11.64 MB
       Class:  12.48 MB
        Both:  24.12 MB

MaxMetaspaceSize: unlimited
CompressedClassSpaceSize: 1.00 GB
Initial GC threshold: 21.00 MB
Current GC threshold: 35.12 MB
CDS: on
MetaspaceReclaimPolicy: balanced
 - commit_granule_bytes: 65536.
 - commit_granule_words: 8192.
 - virtual_space_node_default_size: 8388608.
 - enlarge_chunks_in_place: 1.
 - new_chunks_are_fully_committed: 0.
 - uncommit_free_chunks: 1.
 - use_allocation_guard: 0.
 - handle_deallocations: 1.


Internal statistics:

num_allocs_failed_limit: 3.
num_arena_births: 456.
num_arena_deaths: 0.
num_vsnodes_births: 2.
num_vsnodes_deaths: 0.
num_space_committed: 368.
num_space_uncommitted: 0.
num_chunks_returned_to_freelist: 3.
num_chunks_taken_from_freelist: 1351.
num_chunk_merges: 3.
num_chunk_splits: 882.
num_chunks_enlarged: 589.
num_inconsistent_stats: 0.

CodeHeap 'non-profiled nmethods': size=120000Kb used=5388Kb max_used=5388Kb free=114612Kb
 bounds [0x000002735eec0000, 0x000002735f410000, 0x00000273663f0000]
CodeHeap 'profiled nmethods': size=120000Kb used=14217Kb max_used=14217Kb free=105783Kb
 bounds [0x00000273573f0000, 0x00000273581e0000, 0x000002735e920000]
CodeHeap 'non-nmethods': size=5760Kb used=1528Kb max_used=1654Kb free=4231Kb
 bounds [0x000002735e920000, 0x000002735eb90000, 0x000002735eec0000]
 total_blobs=7235 nmethods=6403 adapters=741
 compilation: enabled
              stopped_count=0, restarted_count=0
 full_count=0

Compilation events (20 events):
Event: 501.766 Thread 0x00000273731e9470 nmethod 7232 0x00000273581cb990 code [0x00000273581cbb20, 0x00000273581cbc98]
Event: 501.766 Thread 0x00000273731e9470 7233       3       jdk.internal.icu.text.BidiBase::GetParaLevelAt (73 bytes)
Event: 501.766 Thread 0x00000273731e9470 nmethod 7233 0x00000273581cbd90 code [0x00000273581cbf40, 0x00000273581cc2b8]
Event: 501.770 Thread 0x00000273731e9470 7234       3       com.sun.javafx.tk.quantum.GlassWindowEventHandler$$Lambda$178/0x000002730115ed18::get (8 bytes)
Event: 501.771 Thread 0x00000273731e9470 nmethod 7234 0x00000273581cc410 code [0x00000273581cc640, 0x00000273581ccc88]
Event: 501.771 Thread 0x00000273731e9470 7235       3       com.sun.javafx.tk.quantum.GlassWindowEventHandler::lambda$handleWindowEvent$4 (17 bytes)
Event: 501.771 Thread 0x00000273731e9470 nmethod 7235 0x00000273581ccf90 code [0x00000273581cd1c0, 0x00000273581cd768]
Event: 501.771 Thread 0x00000273731e9470 7236       3       com.sun.javafx.tk.quantum.GlassStage::getAccessControlContext (22 bytes)
Event: 501.771 Thread 0x00000273731e9470 nmethod 7236 0x00000273581cda90 code [0x00000273581cdc40, 0x00000273581cde68]
Event: 501.771 Thread 0x00000273731e9470 7237       3       com.sun.javafx.tk.quantum.GlassWindowEventHandler::run (5 bytes)
Event: 501.771 Thread 0x00000273731e9470 nmethod 7237 0x00000273581cdf90 code [0x00000273581ce120, 0x00000273581ce268]
Event: 501.771 Thread 0x00000273731e9470 7238       3       com.sun.javafx.tk.quantum.GlassWindowEventHandler::run (671 bytes)
Event: 501.774 Thread 0x00000273731e9470 nmethod 7238 0x00000273581ce310 code [0x00000273581ce860, 0x00000273581d1cc8]
Event: 501.775 Thread 0x00000273731e9470 7239       1       java.util.TreeMap::size (5 bytes)
Event: 501.775 Thread 0x00000273731e9470 nmethod 7239 0x000002735f401f10 code [0x000002735f4020a0, 0x000002735f402178]
Event: 501.779 Thread 0x00000273731dfd60 7240       4       com.sun.javafx.css.StyleCacheEntry$Key::equals (151 bytes)
Event: 501.791 Thread 0x00000273731dfd60 nmethod 7240 0x000002735f402210 code [0x000002735f402400, 0x000002735f4029b8]
Event: 501.791 Thread 0x00000273731dfd60 7241       4       java.lang.Enum::equals (11 bytes)
Event: 501.791 Thread 0x00000273731dfd60 nmethod 7241 0x000002735f402d10 code [0x000002735f402e80, 0x000002735f402f18]
Event: 502.061 Thread 0x00000273731dfd60 7242       4       com.sun.prism.impl.BaseResourcePool$WeakLinkedList::getResource (11 bytes)

GC Heap History (10 events):
Event: 0.909 GC heap before
{Heap before GC invocations=0 (full 0):
 garbage-first heap   total 262144K, used 22528K [0x0000000701e00000, 0x0000000800000000)
  region size 2048K, 11 young (22528K), 0 survivors (0K)
 Metaspace       used 4483K, committed 4672K, reserved 1114112K
  class space    used 511K, committed 640K, reserved 1048576K
}
Event: 0.913 GC heap after
{Heap after GC invocations=1 (full 0):
 garbage-first heap   total 262144K, used 2521K [0x0000000701e00000, 0x0000000800000000)
  region size 2048K, 2 young (4096K), 2 survivors (4096K)
 Metaspace       used 4483K, committed 4672K, reserved 1114112K
  class space    used 511K, committed 640K, reserved 1048576K
}
Event: 3.986 GC heap before
{Heap before GC invocations=1 (full 0):
 garbage-first heap   total 262144K, used 37337K [0x0000000701e00000, 0x0000000800000000)
  region size 2048K, 20 young (40960K), 2 survivors (4096K)
 Metaspace       used 10520K, committed 10752K, reserved 1114112K
  class space    used 1381K, committed 1536K, reserved 1048576K
}
Event: 3.991 GC heap after
{Heap after GC invocations=2 (full 0):
 garbage-first heap   total 262144K, used 9123K [0x0000000701e00000, 0x0000000800000000)
  region size 2048K, 3 young (6144K), 3 survivors (6144K)
 Metaspace       used 10520K, committed 10752K, reserved 1114112K
  class space    used 1381K, committed 1536K, reserved 1048576K
}
Event: 7.100 GC heap before
{Heap before GC invocations=2 (full 0):
 garbage-first heap   total 262144K, used 64419K [0x0000000701e00000, 0x0000000800000000)
  region size 2048K, 22 young (45056K), 3 survivors (6144K)
 Metaspace       used 17752K, committed 18048K, reserved 1114112K
  class space    used 2628K, committed 2752K, reserved 1048576K
}
Event: 7.108 GC heap after
{Heap after GC invocations=3 (full 0):
 garbage-first heap   total 262144K, used 32091K [0x0000000701e00000, 0x0000000800000000)
  region size 2048K, 3 young (6144K), 3 survivors (6144K)
 Metaspace       used 17752K, committed 18048K, reserved 1114112K
  class space    used 2628K, committed 2752K, reserved 1048576K
}
Event: 15.363 GC heap before
{Heap before GC invocations=3 (full 0):
 garbage-first heap   total 262144K, used 58715K [0x0000000701e00000, 0x0000000800000000)
  region size 2048K, 17 young (34816K), 3 survivors (6144K)
 Metaspace       used 21219K, committed 21504K, reserved 1114112K
  class space    used 3086K, committed 3264K, reserved 1048576K
}
Event: 15.368 GC heap after
{Heap after GC invocations=4 (full 0):
 garbage-first heap   total 262144K, used 34665K [0x0000000701e00000, 0x0000000800000000)
  region size 2048K, 5 young (10240K), 5 survivors (10240K)
 Metaspace       used 21219K, committed 21504K, reserved 1114112K
  class space    used 3086K, committed 3264K, reserved 1048576K
}
Event: 66.194 GC heap before
{Heap before GC invocations=5 (full 0):
 garbage-first heap   total 131072K, used 108393K [0x0000000701e00000, 0x0000000800000000)
  region size 2048K, 41 young (83968K), 5 survivors (10240K)
 Metaspace       used 22579K, committed 22912K, reserved 1114112K
  class space    used 3186K, committed 3392K, reserved 1048576K
}
Event: 66.203 GC heap after
{Heap after GC invocations=6 (full 0):
 garbage-first heap   total 131072K, used 42523K [0x0000000701e00000, 0x0000000800000000)
  region size 2048K, 9 young (18432K), 9 survivors (18432K)
 Metaspace       used 22579K, committed 22912K, reserved 1114112K
  class space    used 3186K, committed 3392K, reserved 1048576K
}

Dll operation events (20 events):
Event: 0.603 Loaded shared library C:\Users\marilu\Documents\PT\javafx-sdk-22.0.1\bin\api-ms-win-crt-math-l1-1-0.dll
Event: 0.605 Loaded shared library C:\Users\marilu\Documents\PT\javafx-sdk-22.0.1\bin\api-ms-win-crt-multibyte-l1-1-0.dll
Event: 0.607 Loaded shared library C:\Users\marilu\Documents\PT\javafx-sdk-22.0.1\bin\api-ms-win-crt-private-l1-1-0.dll
Event: 0.609 Loaded shared library C:\Users\marilu\Documents\PT\javafx-sdk-22.0.1\bin\api-ms-win-crt-process-l1-1-0.dll
Event: 0.612 Loaded shared library C:\Users\marilu\Documents\PT\javafx-sdk-22.0.1\bin\api-ms-win-crt-runtime-l1-1-0.dll
Event: 0.615 Loaded shared library C:\Users\marilu\Documents\PT\javafx-sdk-22.0.1\bin\api-ms-win-crt-stdio-l1-1-0.dll
Event: 0.617 Loaded shared library C:\Users\marilu\Documents\PT\javafx-sdk-22.0.1\bin\api-ms-win-crt-string-l1-1-0.dll
Event: 0.619 Loaded shared library C:\Users\marilu\Documents\PT\javafx-sdk-22.0.1\bin\api-ms-win-crt-time-l1-1-0.dll
Event: 0.625 Loaded shared library C:\Users\marilu\Documents\PT\javafx-sdk-22.0.1\bin\api-ms-win-crt-utility-l1-1-0.dll
Event: 0.627 Loaded shared library C:\Users\marilu\Documents\PT\javafx-sdk-22.0.1\bin\ucrtbase.dll
Event: 0.630 Loaded shared library C:\Users\marilu\Documents\PT\javafx-sdk-22.0.1\bin\vcruntime140.dll
Event: 0.633 Loaded shared library C:\Users\marilu\Documents\PT\javafx-sdk-22.0.1\bin\vcruntime140_1.dll
Event: 0.637 Loaded shared library C:\Users\marilu\Documents\PT\javafx-sdk-22.0.1\bin\msvcp140.dll
Event: 0.640 Loaded shared library C:\Users\marilu\Documents\PT\javafx-sdk-22.0.1\bin\msvcp140_1.dll
Event: 0.641 Loaded shared library C:\Users\marilu\Documents\PT\javafx-sdk-22.0.1\bin\msvcp140_2.dll
Event: 0.698 Loaded shared library C:\Users\marilu\Documents\PT\javafx-sdk-22.0.1\bin\prism_d3d.dll
Event: 0.740 Loaded shared library C:\Users\marilu\Documents\PT\javafx-sdk-22.0.1\bin\glass.dll
Event: 0.891 Loaded shared library C:\Users\marilu\.jdks\corretto-17.0.12\bin\jimage.dll
Event: 1.636 Loaded shared library C:\Users\marilu\Documents\PT\javafx-sdk-22.0.1\bin\javafx_font.dll
Event: 7.058 Loaded shared library C:\Users\marilu\Documents\PT\javafx-sdk-22.0.1\bin\javafx_iio.dll

Deoptimization events (20 events):
Event: 501.708 Thread 0x0000027373a2a9f0 Uncommon trap: trap_request=0xffffffde fr.pc=0x000002735f2e15b4 relative=0x0000000000000094
Event: 501.708 Thread 0x0000027373a2a9f0 Uncommon trap: reason=class_check action=maybe_recompile pc=0x000002735f2e15b4 method=java.util.regex.Pattern$BranchConn.match(Ljava/util/regex/Matcher;ILjava/lang/CharSequence;)Z @ 7 c2
Event: 501.708 Thread 0x0000027373a2a9f0 DEOPT PACKING pc=0x000002735f2e15b4 sp=0x000000dbfc7f9de0
Event: 501.708 Thread 0x0000027373a2a9f0 DEOPT UNPACKING pc=0x000002735e9769a3 sp=0x000000dbfc7f9d68 mode 2
Event: 501.708 Thread 0x0000027373a2a9f0 Uncommon trap: trap_request=0xffffffde fr.pc=0x000002735f2e15b4 relative=0x0000000000000094
Event: 501.708 Thread 0x0000027373a2a9f0 Uncommon trap: reason=class_check action=maybe_recompile pc=0x000002735f2e15b4 method=java.util.regex.Pattern$BranchConn.match(Ljava/util/regex/Matcher;ILjava/lang/CharSequence;)Z @ 7 c2
Event: 501.709 Thread 0x0000027373a2a9f0 DEOPT PACKING pc=0x000002735f2e15b4 sp=0x000000dbfc7f9de0
Event: 501.709 Thread 0x0000027373a2a9f0 DEOPT UNPACKING pc=0x000002735e9769a3 sp=0x000000dbfc7f9d68 mode 2
Event: 502.060 Thread 0x00000273784da840 Uncommon trap: trap_request=0xffffff45 fr.pc=0x000002735f1f5bd8 relative=0x00000000000000d8
Event: 502.060 Thread 0x00000273784da840 Uncommon trap: reason=unstable_if action=reinterpret pc=0x000002735f1f5bd8 method=java.util.concurrent.locks.ReentrantLock$Sync.tryRelease(I)Z @ 26 c2
Event: 502.060 Thread 0x00000273784da840 DEOPT PACKING pc=0x000002735f1f5bd8 sp=0x000000dbfc3fecf0
Event: 502.060 Thread 0x00000273784da840 DEOPT UNPACKING pc=0x000002735e9769a3 sp=0x000000dbfc3feca0 mode 2
Event: 502.061 Thread 0x0000027373c20260 DEOPT PACKING pc=0x0000027357d9baac sp=0x000000dbfc5fef00
Event: 502.061 Thread 0x0000027373c20260 DEOPT UNPACKING pc=0x000002735e977143 sp=0x000000dbfc5fe420 mode 1
Event: 502.061 Thread 0x0000027373c20260 DEOPT PACKING pc=0x00000273580516fc sp=0x000000dbfc5feff0
Event: 502.061 Thread 0x0000027373c20260 DEOPT UNPACKING pc=0x000002735e977143 sp=0x000000dbfc5fe538 mode 1
Event: 502.061 Thread 0x0000027373c20260 DEOPT PACKING pc=0x000002735750b09c sp=0x000000dbfc5ff100
Event: 502.061 Thread 0x0000027373c20260 DEOPT UNPACKING pc=0x000002735e977143 sp=0x000000dbfc5fe5c0 mode 1
Event: 502.061 Thread 0x00000273784da840 DEOPT PACKING pc=0x000002735f03ae4c sp=0x000000dbfc3ff050
Event: 502.061 Thread 0x00000273784da840 DEOPT UNPACKING pc=0x000002735e977143 sp=0x000000dbfc3fe470 mode 1

Classes loaded (20 events):
Event: 57.883 Loading class optiuam/bc/model/ElementoGrafico
Event: 57.883 Loading class optiuam/bc/model/ElementoGrafico done
Event: 57.883 Loading class optiuam/bc/model/ElementoGrafico
Event: 57.883 Loading class optiuam/bc/model/ElementoGrafico done
Event: 57.884 Loading class optiuam/bc/controller/VentanaFibraController
Event: 57.884 Loading class optiuam/bc/controller/VentanaFibraController done
Event: 57.884 Loading class optiuam/bc/model/ElementoGrafico
Event: 57.884 Loading class optiuam/bc/model/ElementoGrafico done
Event: 59.964 Loading class java/util/Formatter$FixedString
Event: 59.964 Loading class java/util/Formatter$FixedString done
Event: 88.226 Loading class com/intellij/rt/debugger/BatchEvaluatorServer
Event: 88.226 Loading class com/intellij/rt/debugger/BatchEvaluatorServer done
Event: 97.986 Loading class java/io/DataOutputStream
Event: 97.986 Loading class java/io/DataOutputStream done
Event: 502.057 Loading class jdk/internal/misc/Signal$1
Event: 502.057 Loading class jdk/internal/misc/Signal$1 done
Event: 502.059 Loading class com/sun/javafx/tk/quantum/QuantumRenderer
Event: 502.059 Loading class com/sun/javafx/tk/quantum/QuantumRenderer done
Event: 502.060 Loading class com/sun/javafx/tk/quantum/QuantumToolkit
Event: 502.060 Loading class com/sun/javafx/tk/quantum/QuantumToolkit done

Classes unloaded (0 events):
No events

Classes redefined (0 events):
No events

Internal exceptions (20 events):
Event: 62.436 Thread 0x0000027373a2a9f0 Exception <a 'java/io/FileNotFoundException'{0x000000070556d5a8}> (0x000000070556d5a8) 
thrown [s\src\hotspot\share\prims\jni.cpp, line 516]
Event: 62.450 Thread 0x0000027373a2a9f0 Exception <a 'java/io/FileNotFoundException'{0x0000000705296050}> (0x0000000705296050) 
thrown [s\src\hotspot\share\prims\jni.cpp, line 516]
Event: 66.173 Thread 0x0000027373a2a9f0 Exception <a 'java/io/FileNotFoundException'{0x0000000704f6d360}> (0x0000000704f6d360) 
thrown [s\src\hotspot\share\prims\jni.cpp, line 516]
Event: 66.193 Thread 0x0000027373a2a9f0 Exception <a 'java/io/FileNotFoundException'{0x0000000704d65d30}> (0x0000000704d65d30) 
thrown [s\src\hotspot\share\prims\jni.cpp, line 516]
Event: 66.268 Thread 0x0000027373c20260 Implicit null exception at 0x000002735ef289ac to 0x000002735ef28a38
Event: 71.931 Thread 0x0000027373a2a9f0 Exception <a 'java/io/FileNotFoundException'{0x000000070f832648}> (0x000000070f832648) 
thrown [s\src\hotspot\share\prims\jni.cpp, line 516]
Event: 71.952 Thread 0x0000027373a2a9f0 Exception <a 'java/io/FileNotFoundException'{0x000000070f96a640}> (0x000000070f96a640) 
thrown [s\src\hotspot\share\prims\jni.cpp, line 516]
Event: 74.901 Thread 0x0000027373a2a9f0 Implicit null exception at 0x000002735f32682a to 0x000002735f327cf8
Event: 77.065 Thread 0x0000027373a2a9f0 Exception <a 'java/io/FileNotFoundException'{0x0000000708b9f7b8}> (0x0000000708b9f7b8) 
thrown [s\src\hotspot\share\prims\jni.cpp, line 516]
Event: 77.076 Thread 0x0000027373a2a9f0 Exception <a 'java/io/FileNotFoundException'{0x00000007089019e0}> (0x00000007089019e0) 
thrown [s\src\hotspot\share\prims\jni.cpp, line 516]
Event: 79.123 Thread 0x0000027373c20260 Implicit null exception at 0x000002735f32b423 to 0x000002735f32e8e4
Event: 81.393 Thread 0x0000027373a2a9f0 Exception <a 'java/io/FileNotFoundException'{0x00000007085a9310}> (0x00000007085a9310) 
thrown [s\src\hotspot\share\prims\jni.cpp, line 516]
Event: 85.108 Thread 0x0000027373a2a9f0 Exception <a 'java/io/FileNotFoundException'{0x0000000707a5d240}> (0x0000000707a5d240) 
thrown [s\src\hotspot\share\prims\jni.cpp, line 516]
Event: 85.124 Thread 0x0000027373a2a9f0 Exception <a 'java/io/FileNotFoundException'{0x0000000707bcd1f8}> (0x0000000707bcd1f8) 
thrown [s\src\hotspot\share\prims\jni.cpp, line 516]
Event: 97.990 Thread 0x0000027373a2a9f0 Exception <a 'java/lang/NoSuchMethodError'{0x00000007072d50a0}: 'java.lang.Object java.lang.invoke.DirectMethodHandle$Holder.invokeSpecial(java.lang.Object, java.lang.Object, long, java.lang.Object, int, int, java.lang.Object, int, java.lang.Object)'> (0x00000007072d50a0) 
thrown [s\src\hotspot\share\interpreter\linkResolver.cpp, line 759]
Event: 97.991 Thread 0x0000027373a2a9f0 Exception <a 'java/lang/NoSuchMethodError'{0x00000007072d9300}: 'java.lang.Object java.lang.invoke.DelegatingMethodHandle$Holder.reinvoke_L(java.lang.Object, long, java.lang.Object, int, int, java.lang.Object, int, java.lang.Object)'> (0x00000007072d9300) 
thrown [s\src\hotspot\share\interpreter\linkResolver.cpp, line 759]
Event: 98.000 Thread 0x0000027373a2a9f0 Exception <a 'java/lang/NoSuchMethodError'{0x0000000707017ab0}: 'java.lang.Object java.lang.invoke.DirectMethodHandle$Holder.invokeSpecial(java.lang.Object, java.lang.Object, long, java.lang.Object, int, int, int, java.lang.Object, java.lang.Object, java.lang.Object, int)'> (0x0000000707017ab0) 
thrown [s\src\hotspot\share\interpreter\linkResolver.cpp, line 759]
Event: 98.001 Thread 0x0000027373a2a9f0 Exception <a 'java/lang/NoSuchMethodError'{0x000000070701bff0}: 'java.lang.Object java.lang.invoke.DelegatingMethodHandle$Holder.reinvoke_L(java.lang.Object, long, java.lang.Object, int, int, int, java.lang.Object, java.lang.Object, java.lang.Object, int)'> (0x000000070701bff0) 
thrown [s\src\hotspot\share\interpreter\linkResolver.cpp, line 759]
Event: 224.091 Thread 0x0000027373a2a9f0 Exception <a 'java/lang/NoSuchMethodError'{0x0000000707091210}: 'java.lang.Object java.lang.invoke.DelegatingMethodHandle$Holder.reinvoke_L(java.lang.Object, java.lang.Object, int, int, double, int)'> (0x0000000707091210) 
thrown [s\src\hotspot\share\interpreter\linkResolver.cpp, line 759]
Event: 230.690 Thread 0x0000027373a2a9f0 Implicit null exception at 0x000002735ef89b8c to 0x000002735ef89bc0

VM Operations (20 events):
Event: 388.472 Executing VM operation: get/set locals done
Event: 501.705 Executing VM operation: ChangeBreakpoints
Event: 501.705 Executing VM operation: ChangeBreakpoints done
Event: 501.707 Executing VM operation: ChangeBreakpoints
Event: 501.707 Executing VM operation: ChangeBreakpoints done
Event: 501.707 Executing VM operation: ChangeBreakpoints
Event: 501.707 Executing VM operation: ChangeBreakpoints done
Event: 501.707 Executing VM operation: ChangeBreakpoints
Event: 501.707 Executing VM operation: ChangeBreakpoints done
Event: 501.707 Executing VM operation: ChangeBreakpoints
Event: 501.707 Executing VM operation: ChangeBreakpoints done
Event: 501.707 Executing VM operation: ChangeBreakpoints
Event: 501.707 Executing VM operation: ChangeBreakpoints done
Event: 501.707 Executing VM operation: ChangeBreakpoints
Event: 501.707 Executing VM operation: ChangeBreakpoints done
Event: 501.708 Executing VM operation: ChangeBreakpoints
Event: 501.708 Executing VM operation: ChangeBreakpoints done
Event: 501.708 Executing VM operation: ChangeBreakpoints
Event: 501.708 Executing VM operation: ChangeBreakpoints done
Event: 502.063 Executing VM operation: Exit

Events (20 events):
Event: 62.476 Thread 0x000002737815b390 Thread added: 0x000002737815b390
Event: 64.222 Thread 0x000002737815b390 Thread exited: 0x000002737815b390
Event: 64.222 Thread 0x00000273444ba660 Thread exited: 0x00000273444ba660
Event: 67.268 Thread 0x0000027343528880 Thread added: 0x0000027343528880
Event: 67.808 Thread 0x0000027343528880 Thread exited: 0x0000027343528880
Event: 71.181 Thread 0x00000273444ae830 Thread added: 0x00000273444ae830
Event: 71.181 Thread 0x0000027343528880 Thread added: 0x0000027343528880
Event: 71.582 Thread 0x0000027343528880 Thread exited: 0x0000027343528880
Event: 71.582 Thread 0x00000273444ae830 Thread exited: 0x00000273444ae830
Event: 71.941 Thread 0x0000027344bb39f0 Thread added: 0x0000027344bb39f0
Event: 73.208 Thread 0x0000027344bb39f0 Thread exited: 0x0000027344bb39f0
Event: 85.150 Thread 0x0000027342adde10 Thread added: 0x0000027342adde10
Event: 86.142 Thread 0x0000027342adde10 Thread exited: 0x0000027342adde10
Event: 501.705 Thread 0x000002737376b1f0 Thread exited: 0x000002737376b1f0
Event: 501.712 Thread 0x0000027373565fd0 Thread exited: 0x0000027373565fd0
Event: 502.057 Thread 0x00000273784d9910 Thread added: 0x00000273784d9910
Event: 502.058 Thread 0x00000273784da840 Thread added: 0x00000273784da840
Event: 502.058 Thread 0x0000027344680370 Thread added: 0x0000027344680370
Event: 502.059 Thread 0x0000027344680370 Thread exited: 0x0000027344680370
Event: 502.061 Thread 0x00000273784da840 Thread exited: 0x00000273784da840


Dynamic libraries:
0x00007ff72e1b0000 - 0x00007ff72e1be000 	C:\Users\marilu\.jdks\corretto-17.0.12\bin\java.exe
0x00007fff65d50000 - 0x00007fff65f67000 	C:\WINDOWS\SYSTEM32\ntdll.dll
0x00007fff64e90000 - 0x00007fff64f54000 	C:\WINDOWS\System32\KERNEL32.DLL
0x00007fff635a0000 - 0x00007fff6395a000 	C:\WINDOWS\System32\KERNELBASE.dll
0x00007fff631f0000 - 0x00007fff63301000 	C:\WINDOWS\System32\ucrtbase.dll
0x00007fff5e280000 - 0x00007fff5e297000 	C:\Users\marilu\.jdks\corretto-17.0.12\bin\jli.dll
0x00007fff5e460000 - 0x00007fff5e47b000 	C:\Users\marilu\.jdks\corretto-17.0.12\bin\VCRUNTIME140.dll
0x00007fff65b60000 - 0x00007fff65d0e000 	C:\WINDOWS\System32\USER32.dll
0x00007fff4c1f0000 - 0x00007fff4c482000 	C:\WINDOWS\WinSxS\amd64_microsoft.windows.common-controls_6595b64144ccf1df_6.0.22621.4541_none_2710d1c57384c085\COMCTL32.dll
0x00007fff63960000 - 0x00007fff63986000 	C:\WINDOWS\System32\win32u.dll
0x00007fff65400000 - 0x00007fff654a7000 	C:\WINDOWS\System32\msvcrt.dll
0x00007fff63a60000 - 0x00007fff63a89000 	C:\WINDOWS\System32\GDI32.dll
0x00007fff63310000 - 0x00007fff6342b000 	C:\WINDOWS\System32\gdi32full.dll
0x00007fff630d0000 - 0x00007fff6316a000 	C:\WINDOWS\System32\msvcp_win.dll
0x00007fff65300000 - 0x00007fff65331000 	C:\WINDOWS\System32\IMM32.DLL
0x00007fff5fcb0000 - 0x00007fff5fcbc000 	C:\Users\marilu\.jdks\corretto-17.0.12\bin\vcruntime140_1.dll
0x00007fff4de50000 - 0x00007fff4dedd000 	C:\Users\marilu\.jdks\corretto-17.0.12\bin\msvcp140.dll
0x00007fff0c430000 - 0x00007fff0d09a000 	C:\Users\marilu\.jdks\corretto-17.0.12\bin\server\jvm.dll
0x00007fff65340000 - 0x00007fff653f2000 	C:\WINDOWS\System32\ADVAPI32.dll
0x00007fff63cd0000 - 0x00007fff63d77000 	C:\WINDOWS\System32\sechost.dll
0x00007fff63020000 - 0x00007fff63048000 	C:\WINDOWS\System32\bcrypt.dll
0x00007fff64c90000 - 0x00007fff64da4000 	C:\WINDOWS\System32\RPCRT4.dll
0x00007fff64e10000 - 0x00007fff64e81000 	C:\WINDOWS\System32\WS2_32.dll
0x00007fff62ef0000 - 0x00007fff62f3d000 	C:\WINDOWS\SYSTEM32\POWRPROF.dll
0x00007fff5e2b0000 - 0x00007fff5e2e4000 	C:\WINDOWS\SYSTEM32\WINMM.dll
0x00007fff5e190000 - 0x00007fff5e19a000 	C:\WINDOWS\SYSTEM32\VERSION.dll
0x00007fff62ed0000 - 0x00007fff62ee3000 	C:\WINDOWS\SYSTEM32\UMPDC.dll
0x00007fff61fc0000 - 0x00007fff61fd8000 	C:\WINDOWS\SYSTEM32\kernel.appcore.dll
0x00007fff5e450000 - 0x00007fff5e45a000 	C:\Users\marilu\.jdks\corretto-17.0.12\bin\jimage.dll
0x00007fff60850000 - 0x00007fff60a82000 	C:\WINDOWS\SYSTEM32\DBGHELP.DLL
0x00007fff65510000 - 0x00007fff6589f000 	C:\WINDOWS\System32\combase.dll
0x00007fff651b0000 - 0x00007fff65287000 	C:\WINDOWS\System32\OLEAUT32.dll
0x00007fff45890000 - 0x00007fff458c2000 	C:\WINDOWS\SYSTEM32\dbgcore.DLL
0x00007fff63050000 - 0x00007fff630cb000 	C:\WINDOWS\System32\bcryptPrimitives.dll
0x00007fff59fc0000 - 0x00007fff59ffb000 	C:\Users\marilu\.jdks\corretto-17.0.12\bin\jdwp.dll
0x00007fff5a670000 - 0x00007fff5a67e000 	C:\Users\marilu\.jdks\corretto-17.0.12\bin\instrument.dll
0x00007fff5a460000 - 0x00007fff5a485000 	C:\Users\marilu\.jdks\corretto-17.0.12\bin\java.dll
0x00007fff5a0b0000 - 0x00007fff5a0c8000 	C:\Users\marilu\.jdks\corretto-17.0.12\bin\zip.dll
0x00007fff4ba90000 - 0x00007fff4bb67000 	C:\Users\marilu\.jdks\corretto-17.0.12\bin\jsvml.dll
0x00007fff64310000 - 0x00007fff64b88000 	C:\WINDOWS\System32\SHELL32.dll
0x00007fff60f10000 - 0x00007fff61818000 	C:\WINDOWS\SYSTEM32\windows.storage.dll
0x00007fff60dd0000 - 0x00007fff60f0f000 	C:\WINDOWS\SYSTEM32\wintypes.dll
0x00007fff64b90000 - 0x00007fff64c8a000 	C:\WINDOWS\System32\SHCORE.dll
0x00007fff64db0000 - 0x00007fff64e0e000 	C:\WINDOWS\System32\shlwapi.dll
0x00007fff62f50000 - 0x00007fff62f7b000 	C:\WINDOWS\SYSTEM32\profapi.dll
0x00007fff5a4d0000 - 0x00007fff5a4e9000 	C:\Users\marilu\.jdks\corretto-17.0.12\bin\net.dll
0x00007fff5dcb0000 - 0x00007fff5dde6000 	C:\WINDOWS\SYSTEM32\WINHTTP.dll
0x00007fff62490000 - 0x00007fff624f9000 	C:\WINDOWS\system32\mswsock.dll
0x00007fff5a3f0000 - 0x00007fff5a406000 	C:\Users\marilu\.jdks\corretto-17.0.12\bin\nio.dll
0x00007fff5a0a0000 - 0x00007fff5a0ac000 	C:\Users\marilu\.jdks\corretto-17.0.12\bin\dt_socket.dll
0x00007fff61a80000 - 0x00007fff61aad000 	C:\WINDOWS\SYSTEM32\IPHLPAPI.DLL
0x0000027373dd0000 - 0x0000027373dd3000 	C:\Users\marilu\Documents\PT\javafx-sdk-22.0.1\bin\api-ms-win-core-console-l1-1-0.dll
0x0000027373de0000 - 0x0000027373de3000 	C:\Users\marilu\Documents\PT\javafx-sdk-22.0.1\bin\api-ms-win-core-console-l1-2-0.dll
0x0000027373df0000 - 0x0000027373df3000 	C:\Users\marilu\Documents\PT\javafx-sdk-22.0.1\bin\api-ms-win-core-datetime-l1-1-0.dll
0x0000027373e00000 - 0x0000027373e03000 	C:\Users\marilu\Documents\PT\javafx-sdk-22.0.1\bin\api-ms-win-core-debug-l1-1-0.dll
0x0000027373e10000 - 0x0000027373e13000 	C:\Users\marilu\Documents\PT\javafx-sdk-22.0.1\bin\api-ms-win-core-errorhandling-l1-1-0.dll
0x0000027373e20000 - 0x0000027373e24000 	C:\Users\marilu\Documents\PT\javafx-sdk-22.0.1\bin\api-ms-win-core-file-l1-1-0.dll
0x0000027373e30000 - 0x0000027373e33000 	C:\Users\marilu\Documents\PT\javafx-sdk-22.0.1\bin\api-ms-win-core-file-l1-2-0.dll
0x0000027373e40000 - 0x0000027373e43000 	C:\Users\marilu\Documents\PT\javafx-sdk-22.0.1\bin\api-ms-win-core-file-l2-1-0.dll
0x0000027373e50000 - 0x0000027373e53000 	C:\Users\marilu\Documents\PT\javafx-sdk-22.0.1\bin\api-ms-win-core-handle-l1-1-0.dll
0x0000027373e60000 - 0x0000027373e63000 	C:\Users\marilu\Documents\PT\javafx-sdk-22.0.1\bin\api-ms-win-core-heap-l1-1-0.dll
0x0000027373e70000 - 0x0000027373e73000 	C:\Users\marilu\Documents\PT\javafx-sdk-22.0.1\bin\api-ms-win-core-interlocked-l1-1-0.dll
0x0000027373e80000 - 0x0000027373e83000 	C:\Users\marilu\Documents\PT\javafx-sdk-22.0.1\bin\api-ms-win-core-libraryloader-l1-1-0.dll
0x0000027373e90000 - 0x0000027373e93000 	C:\Users\marilu\Documents\PT\javafx-sdk-22.0.1\bin\api-ms-win-core-localization-l1-2-0.dll
0x0000027373ea0000 - 0x0000027373ea3000 	C:\Users\marilu\Documents\PT\javafx-sdk-22.0.1\bin\api-ms-win-core-memory-l1-1-0.dll
0x0000027373eb0000 - 0x0000027373eb3000 	C:\Users\marilu\Documents\PT\javafx-sdk-22.0.1\bin\api-ms-win-core-namedpipe-l1-1-0.dll
0x0000027373ec0000 - 0x0000027373ec3000 	C:\Users\marilu\Documents\PT\javafx-sdk-22.0.1\bin\api-ms-win-core-processenvironment-l1-1-0.dll
0x0000027373ed0000 - 0x0000027373ed3000 	C:\Users\marilu\Documents\PT\javafx-sdk-22.0.1\bin\api-ms-win-core-processthreads-l1-1-0.dll
0x0000027373ee0000 - 0x0000027373ee3000 	C:\Users\marilu\Documents\PT\javafx-sdk-22.0.1\bin\api-ms-win-core-processthreads-l1-1-1.dll
0x0000027373ef0000 - 0x0000027373ef3000 	C:\Users\marilu\Documents\PT\javafx-sdk-22.0.1\bin\api-ms-win-core-profile-l1-1-0.dll
0x0000027373f00000 - 0x0000027373f03000 	C:\Users\marilu\Documents\PT\javafx-sdk-22.0.1\bin\api-ms-win-core-rtlsupport-l1-1-0.dll
0x0000027373f10000 - 0x0000027373f13000 	C:\Users\marilu\Documents\PT\javafx-sdk-22.0.1\bin\api-ms-win-core-string-l1-1-0.dll
0x0000027373f20000 - 0x0000027373f23000 	C:\Users\marilu\Documents\PT\javafx-sdk-22.0.1\bin\api-ms-win-core-synch-l1-1-0.dll
0x0000027373f30000 - 0x0000027373f33000 	C:\Users\marilu\Documents\PT\javafx-sdk-22.0.1\bin\api-ms-win-core-synch-l1-2-0.dll
0x0000027373f40000 - 0x0000027373f43000 	C:\Users\marilu\Documents\PT\javafx-sdk-22.0.1\bin\api-ms-win-core-sysinfo-l1-1-0.dll
0x0000027373f50000 - 0x0000027373f53000 	C:\Users\marilu\Documents\PT\javafx-sdk-22.0.1\bin\api-ms-win-core-timezone-l1-1-0.dll
0x0000027373f60000 - 0x0000027373f63000 	C:\Users\marilu\Documents\PT\javafx-sdk-22.0.1\bin\api-ms-win-core-util-l1-1-0.dll
0x0000027373f70000 - 0x0000027373f73000 	C:\Users\marilu\Documents\PT\javafx-sdk-22.0.1\bin\api-ms-win-crt-conio-l1-1-0.dll
0x0000027373f80000 - 0x0000027373f84000 	C:\Users\marilu\Documents\PT\javafx-sdk-22.0.1\bin\api-ms-win-crt-convert-l1-1-0.dll
0x0000027373f90000 - 0x0000027373f93000 	C:\Users\marilu\Documents\PT\javafx-sdk-22.0.1\bin\api-ms-win-crt-environment-l1-1-0.dll
0x0000027373fa0000 - 0x0000027373fa3000 	C:\Users\marilu\Documents\PT\javafx-sdk-22.0.1\bin\api-ms-win-crt-filesystem-l1-1-0.dll
0x0000027373fb0000 - 0x0000027373fb3000 	C:\Users\marilu\Documents\PT\javafx-sdk-22.0.1\bin\api-ms-win-crt-heap-l1-1-0.dll
0x0000027373fc0000 - 0x0000027373fc3000 	C:\Users\marilu\Documents\PT\javafx-sdk-22.0.1\bin\api-ms-win-crt-locale-l1-1-0.dll
0x0000027373fd0000 - 0x0000027373fd5000 	C:\Users\marilu\Documents\PT\javafx-sdk-22.0.1\bin\api-ms-win-crt-math-l1-1-0.dll
0x0000027373fe0000 - 0x0000027373fe5000 	C:\Users\marilu\Documents\PT\javafx-sdk-22.0.1\bin\api-ms-win-crt-multibyte-l1-1-0.dll
0x0000027373ff0000 - 0x0000027374000000 	C:\Users\marilu\Documents\PT\javafx-sdk-22.0.1\bin\api-ms-win-crt-private-l1-1-0.dll
0x0000027378fd0000 - 0x0000027378fd3000 	C:\Users\marilu\Documents\PT\javafx-sdk-22.0.1\bin\api-ms-win-crt-process-l1-1-0.dll
0x0000027378fe0000 - 0x0000027378fe4000 	C:\Users\marilu\Documents\PT\javafx-sdk-22.0.1\bin\api-ms-win-crt-runtime-l1-1-0.dll
0x0000027378ff0000 - 0x0000027378ff4000 	C:\Users\marilu\Documents\PT\javafx-sdk-22.0.1\bin\api-ms-win-crt-stdio-l1-1-0.dll
0x0000027379000000 - 0x0000027379004000 	C:\Users\marilu\Documents\PT\javafx-sdk-22.0.1\bin\api-ms-win-crt-string-l1-1-0.dll
0x0000027379010000 - 0x0000027379013000 	C:\Users\marilu\Documents\PT\javafx-sdk-22.0.1\bin\api-ms-win-crt-time-l1-1-0.dll
0x0000027379020000 - 0x0000027379023000 	C:\Users\marilu\Documents\PT\javafx-sdk-22.0.1\bin\api-ms-win-crt-utility-l1-1-0.dll
0x00007fff4b990000 - 0x00007fff4ba8c000 	C:\Users\marilu\Documents\PT\javafx-sdk-22.0.1\bin\ucrtbase.dll
0x00007fff59f90000 - 0x00007fff59fab000 	C:\Users\marilu\Documents\PT\javafx-sdk-22.0.1\bin\vcruntime140.dll
0x00007fff59770000 - 0x00007fff5977c000 	C:\Users\marilu\Documents\PT\javafx-sdk-22.0.1\bin\vcruntime140_1.dll
0x00007fff4dbc0000 - 0x00007fff4dc4e000 	C:\Users\marilu\Documents\PT\javafx-sdk-22.0.1\bin\msvcp140.dll
0x00007fff59760000 - 0x00007fff59769000 	C:\Users\marilu\Documents\PT\javafx-sdk-22.0.1\bin\msvcp140_1.dll
0x00007fff4d510000 - 0x00007fff4d551000 	C:\Users\marilu\Documents\PT\javafx-sdk-22.0.1\bin\msvcp140_2.dll
0x00007fff4de20000 - 0x00007fff4de50000 	C:\Users\marilu\Documents\PT\javafx-sdk-22.0.1\bin\prism_d3d.dll
0x00007fff224a0000 - 0x00007fff22648000 	C:\WINDOWS\system32\d3d9.dll
0x00007fff603c0000 - 0x00007fff603eb000 	C:\WINDOWS\SYSTEM32\dwmapi.dll
0x00007fff60170000 - 0x00007fff601a7000 	C:\WINDOWS\SYSTEM32\dxcore.dll
0x00007fff60060000 - 0x00007fff60111000 	C:\WINDOWS\system32\uxtheme.dll
0x00007fff110e0000 - 0x00007fff1128d000 	C:\WINDOWS\System32\DriverStore\FileRepository\iigd_dch.inf_amd64_9437e46374342218\igdumdim64.dll
0x00007fff63b20000 - 0x00007fff63cc5000 	C:\WINDOWS\System32\ole32.dll
0x00007ffed5460000 - 0x00007ffed8503000 	C:\WINDOWS\System32\DriverStore\FileRepository\iigd_dch.inf_amd64_9437e46374342218\igd9dxva64.dll
0x00007fff63e90000 - 0x00007fff64304000 	C:\WINDOWS\System32\SETUPAPI.dll
0x00007fff62c20000 - 0x00007fff62c6e000 	C:\WINDOWS\SYSTEM32\cfgmgr32.dll
0x00007fff51ef0000 - 0x00007fff522f9000 	C:\WINDOWS\System32\DriverStore\FileRepository\iigd_dch.inf_amd64_9437e46374342218\igdgmm64.dll
0x00007fff56570000 - 0x00007fff565b9000 	C:\WINDOWS\SYSTEM32\directxdatabasehelper.dll
0x00007fff49bb0000 - 0x00007fff49bf5000 	C:\Users\marilu\Documents\PT\javafx-sdk-22.0.1\bin\glass.dll
0x00007fff65a40000 - 0x00007fff65b40000 	C:\WINDOWS\System32\COMDLG32.dll
0x00007fff658d0000 - 0x00007fff65a31000 	C:\WINDOWS\System32\MSCTF.dll
0x00007fff37890000 - 0x00007fff378b7000 	C:\WINDOWS\System32\DriverStore\FileRepository\iigd_dch.inf_amd64_9437e46374342218\igdinfo64.dll
0x00007fff4e750000 - 0x00007fff51ee6000 	C:\WINDOWS\System32\DriverStore\FileRepository\iigd_dch.inf_amd64_9437e46374342218\igc64.dll
0x00007fff63d80000 - 0x00007fff63e30000 	C:\WINDOWS\System32\clbcatq.dll
0x00007fff47cb0000 - 0x00007fff47e2d000 	C:\Windows\System32\Windows.UI.dll
0x00007fff43c60000 - 0x00007fff43dd5000 	C:\Windows\System32\Windows.UI.Immersive.dll
0x00007fff59740000 - 0x00007fff59755000 	C:\Users\marilu\Documents\PT\javafx-sdk-22.0.1\bin\javafx_font.dll
0x00007fff58200000 - 0x00007fff58473000 	C:\WINDOWS\SYSTEM32\dwrite.dll
0x00007fff5fe70000 - 0x00007fff60020000 	C:\WINDOWS\SYSTEM32\WindowsCodecs.dll
0x00007fff45e20000 - 0x00007fff45e7e000 	C:\WINDOWS\system32\dataexchange.dll
0x00007fff56260000 - 0x00007fff56504000 	C:\WINDOWS\system32\twinapi.appcore.dll
0x00007fff4dd30000 - 0x00007fff4dd62000 	C:\Program Files\Common Files\Microsoft Shared\Ink\rtscom.dll
0x00007fff45a00000 - 0x00007fff45b45000 	C:\WINDOWS\SYSTEM32\textinputframework.dll
0x00007fff59600000 - 0x00007fff59733000 	C:\WINDOWS\SYSTEM32\CoreMessaging.dll
0x00007fff55ef0000 - 0x00007fff5625d000 	C:\WINDOWS\SYSTEM32\CoreUIComponents.dll
0x00007fff627c0000 - 0x00007fff627cc000 	C:\WINDOWS\SYSTEM32\CRYPTBASE.DLL

dbghelp: loaded successfully - version: 4.0.5 - missing functions: none
symbol engine: initialized successfully - sym options: 0x614 - pdb path: .;C:\Users\marilu\.jdks\corretto-17.0.12\bin;C:\WINDOWS\SYSTEM32;C:\WINDOWS\WinSxS\amd64_microsoft.windows.common-controls_6595b64144ccf1df_6.0.22621.4541_none_2710d1c57384c085;C:\Users\marilu\.jdks\corretto-17.0.12\bin\server;C:\Users\marilu\Documents\PT\javafx-sdk-22.0.1\bin;C:\WINDOWS\System32\DriverStore\FileRepository\iigd_dch.inf_amd64_9437e46374342218;C:\Program Files\Common Files\Microsoft Shared\Ink

VM Arguments:
jvm_args: -agentlib:jdwp=transport=dt_socket,address=127.0.0.1:49258,suspend=y,server=n --module-path=C:\Users\marilu\Documents\PT\javafx-sdk-22.0.1\lib --add-modules=javafx.controls,javafx.fxml -javaagent:C:\Users\marilu\AppData\Local\JetBrains\IntelliJIdea2024.1\captureAgent\debugger-agent.jar -Dfile.encoding=UTF-8 
java_command: optiuam.bc.controller.OptiUAM24
java_class_path (initial): C:\Users\marilu\Documents\PT\OptiUAM24\OptiUAM\out\production\OptiUAM;C:\Users\marilu\Documents\PT\OptiUAM24\OptiUAM\Librerias\jcommon-1.0.23.jar;C:\Users\marilu\Documents\PT\OptiUAM24\OptiUAM\Librerias\jfreechart-1.0.19.jar;C:\Users\marilu\Documents\PT\javafx-sdk-22.0.1\lib\javafx-swt.jar;C:\Users\marilu\Documents\PT\javafx-sdk-22.0.1\lib\javafx.base.jar;C:\Users\marilu\Documents\PT\javafx-sdk-22.0.1\lib\javafx.controls.jar;C:\Users\marilu\Documents\PT\javafx-sdk-22.0.1\lib\javafx.fxml.jar;C:\Users\marilu\Documents\PT\javafx-sdk-22.0.1\lib\javafx.graphics.jar;C:\Users\marilu\Documents\PT\javafx-sdk-22.0.1\lib\javafx.media.jar;C:\Users\marilu\Documents\PT\javafx-sdk-22.0.1\lib\javafx.swing.jar;C:\Users\marilu\Documents\PT\javafx-sdk-22.0.1\lib\javafx.web.jar;C:\Users\marilu\Documents\PT\commons-math3-3.6.1\commons-math3-3.6.1-tests.jar;C:\Users\marilu\Documents\PT\commons-math3-3.6.1\commons-math3-3.6.1-tools.jar;C:\Users\marilu\Documents\PT\commons-math3-3.6.1\commons-math3-3.6.1.jar;C:\Program Files\JetBrains\IntelliJ IDEA 2024.1.3\lib\idea_rt.jar
Launcher Type: SUN_STANDARD

[Global flags]
     intx CICompilerCount                          = 4                                         {product} {ergonomic}
     uint ConcGCThreads                            = 2                                         {product} {ergonomic}
     uint G1ConcRefinementThreads                  = 8                                         {product} {ergonomic}
   size_t G1HeapRegionSize                         = 2097152                                   {product} {ergonomic}
    uintx GCDrainStackTargetSize                   = 64                                        {product} {ergonomic}
   size_t InitialHeapSize                          = 268435456                                 {product} {ergonomic}
   size_t MarkStackSize                            = 4194304                                   {product} {ergonomic}
   size_t MaxHeapSize                              = 4263510016                                {product} {ergonomic}
   size_t MaxNewSize                               = 2556428288                                {product} {ergonomic}
   size_t MinHeapDeltaBytes                        = 2097152                                   {product} {ergonomic}
   size_t MinHeapSize                              = 8388608                                   {product} {ergonomic}
    uintx NonNMethodCodeHeapSize                   = 5839372                                {pd product} {ergonomic}
    uintx NonProfiledCodeHeapSize                  = 122909434                              {pd product} {ergonomic}
    uintx ProfiledCodeHeapSize                     = 122909434                              {pd product} {ergonomic}
    uintx ReservedCodeCacheSize                    = 251658240                              {pd product} {ergonomic}
     bool SegmentedCodeCache                       = true                                      {product} {ergonomic}
   size_t SoftMaxHeapSize                          = 4263510016                             {manageable} {ergonomic}
     bool UseCompressedClassPointers               = true                           {product lp64_product} {ergonomic}
     bool UseCompressedOops                        = true                           {product lp64_product} {ergonomic}
     bool UseG1GC                                  = true                                      {product} {ergonomic}
     bool UseLargePagesIndividualAllocation        = false                                  {pd product} {ergonomic}

Logging:
Log output configuration:
 #0: stdout all=off uptime,level,tags
 #1: stderr all=off uptime,level,tags

Environment Variables:
PATH=C:\Users\marilu\Documents\oracle\bin;C:\WINDOWS\system32;C:\WINDOWS;C:\WINDOWS\System32\Wbem;C:\WINDOWS\System32\WindowsPowerShell\v1.0\;C:\WINDOWS\System32\OpenSSH\;C:\Program Files\Git\cmd;C:\Users\marilu\AppData\Local\Programs\Python\Python312;C:\Program Files\MySQL\MySQL Shell 8.0\bin\;C:\Program Files\MySQL\MySQL Shell 8.4\bin\;C:\Users\marilu\AppData\Local\Programs\Python\Launcher\;C:\Users\marilu\AppData\Local\Microsoft\WindowsApps;C:\Users\marilu\AppData\Local\GitHubDesktop\bin;C:\Users\marilu\AppData\Local\Programs\Microsoft VS Code\bin
USERNAME=marilu
OS=Windows_NT
PROCESSOR_IDENTIFIER=Intel64 Family 6 Model 142 Stepping 10, GenuineIntel
TMP=C:\Users\marilu\AppData\Local\Temp
TEMP=C:\Users\marilu\AppData\Local\Temp



Periodic native trim disabled


---------------  S Y S T E M  ---------------

OS:
 Windows 11 , 64 bit Build 22621 (10.0.22621.4391)
OS uptime: 14 days 0:08 hours
Hyper-V role detected

CPU: total 8 (initial active 8) (4 cores per cpu, 2 threads per core) family 6 model 142 stepping 10 microcode 0xf4, cx8, cmov, fxsr, ht, mmx, 3dnowpref, sse, sse2, sse3, ssse3, sse4.1, sse4.2, popcnt, lzcnt, tsc, tscinvbit, avx, avx2, aes, erms, clmul, bmi1, bmi2, rtm, adx, fma, vzeroupper, clflush, clflushopt, hv
Processor Information for all 8 processors :
  Max Mhz: 1896, Current Mhz: 1696, Mhz Limit: 1687

Memory: 4k page, system-wide physical 16256M (6621M free)
TotalPageFile size 21120M (AvailPageFile size 2927M)
current process WorkingSet (physical memory assigned to process): 380M, peak: 451M
current process commit charge ("private bytes"): 420M, peak: 639M

vm_info: OpenJDK 64-Bit Server VM (17.0.12+7-LTS) for windows-amd64 JRE (17.0.12+7-LTS), built on Jul 10 2024 20:46:33 by "Administrator" with MS VC++ 16.10 / 16.11 (VS2019)

END.
